[4.253s] Invoking command in '/home/jetson/ros2_ws/build/robot_bringup': PYTHONPATH=/home/jetson/ros2_ws/build/robot_bringup/prefix_override:/home/jetson/ros2_ws/install/robot_bringup/lib/python3.8/site-packages:${PYTHONPATH} /usr/bin/python3 setup.py develop --editable --build-directory /home/jetson/ros2_ws/build/robot_bringup/build --no-deps install_data
[5.219s] running develop
[5.797s] running egg_info
[5.798s] writing robot_bringup.egg-info/PKG-INFO
[5.799s] writing dependency_links to robot_bringup.egg-info/dependency_links.txt
[5.801s] writing entry points to robot_bringup.egg-info/entry_points.txt
[5.801s] writing requirements to robot_bringup.egg-info/requires.txt
[5.802s] writing top-level names to robot_bringup.egg-info/top_level.txt
[5.944s] reading manifest file 'robot_bringup.egg-info/SOURCES.txt'
[5.948s] writing manifest file 'robot_bringup.egg-info/SOURCES.txt'
[6.103s] running build_ext
[6.107s] Creating /home/jetson/ros2_ws/install/robot_bringup/lib/python3.8/site-packages/robot-bringup.egg-link (link to .)
[6.110s] 
[6.111s] Installed /home/jetson/ros2_ws/build/robot_bringup
[6.112s] running install_data
[6.112s] copying resource/robot_bringup -> /home/jetson/ros2_ws/install/robot_bringup/share/ament_index/resource_index/packages
[6.112s] copying package.xml -> /home/jetson/ros2_ws/install/robot_bringup/share/robot_bringup
[6.113s] copying launch/teleop.launch.py -> /home/jetson/ros2_ws/install/robot_bringup/share/robot_bringup/launch
[6.113s] copying launch/marvin.launch.py -> /home/jetson/ros2_ws/install/robot_bringup/share/robot_bringup/launch
[6.113s] copying launch/rtabmap.launch.py -> /home/jetson/ros2_ws/install/robot_bringup/share/robot_bringup/launch
[6.114s] copying launch/nano_indoor.launch.py -> /home/jetson/ros2_ws/install/robot_bringup/share/robot_bringup/launch
[6.114s] copying launch/nano.launch.py -> /home/jetson/ros2_ws/install/robot_bringup/share/robot_bringup/launch
[6.115s] copying launch/realsense.launch.py -> /home/jetson/ros2_ws/install/robot_bringup/share/robot_bringup/launch
[6.115s] copying launch/slam_toolbox.launch.py -> /home/jetson/ros2_ws/install/robot_bringup/share/robot_bringup/launch
[6.116s] error: can't copy 'launch/robot.launch.py': doesn't exist or not a regular file
[6.248s] Invoked command in '/home/jetson/ros2_ws/build/robot_bringup' returned '1': PYTHONPATH=/home/jetson/ros2_ws/build/robot_bringup/prefix_override:/home/jetson/ros2_ws/install/robot_bringup/lib/python3.8/site-packages:${PYTHONPATH} /usr/bin/python3 setup.py develop --editable --build-directory /home/jetson/ros2_ws/build/robot_bringup/build --no-deps install_data
