[2.301s] Invoking command in '/home/jetson/ros2_ws/src/robot': PYTHONPATH=/home/jetson/ros2_ws/build/robot/prefix_override:/home/jetson/ros2_ws/install/robot/lib/python3.8/site-packages:${PYTHONPATH} /usr/bin/python3 setup.py egg_info --egg-base ../../build/robot build --build-base /home/jetson/ros2_ws/build/robot/build install --record /home/jetson/ros2_ws/build/robot/install.log --install-scripts $base/lib/robot --single-version-externally-managed
[3.105s] running egg_info
[3.107s] writing ../../build/robot/robot.egg-info/PKG-INFO
[3.108s] writing dependency_links to ../../build/robot/robot.egg-info/dependency_links.txt
[3.109s] writing entry points to ../../build/robot/robot.egg-info/entry_points.txt
[3.109s] writing requirements to ../../build/robot/robot.egg-info/requires.txt
[3.109s] writing top-level names to ../../build/robot/robot.egg-info/top_level.txt
[3.242s] reading manifest file '../../build/robot/robot.egg-info/SOURCES.txt'
[3.246s] writing manifest file '../../build/robot/robot.egg-info/SOURCES.txt'
[3.248s] running build
[3.249s] running build_py
[3.251s] copying robot/motor_controller.py -> /home/jetson/ros2_ws/build/robot/build/lib/robot
[3.252s] running install
[3.253s] running install_lib
[3.257s] copying /home/jetson/ros2_ws/build/robot/build/lib/robot/motor_controller.py -> /home/jetson/ros2_ws/install/robot/lib/python3.8/site-packages/robot
[3.259s] byte-compiling /home/jetson/ros2_ws/install/robot/lib/python3.8/site-packages/robot/motor_controller.py to motor_controller.cpython-38.pyc
[3.265s] running install_data
[3.267s] running install_egg_info
[3.272s] removing '/home/jetson/ros2_ws/install/robot/lib/python3.8/site-packages/robot-0.0.0-py3.8.egg-info' (and everything under it)
[3.273s] Copying ../../build/robot/robot.egg-info to /home/jetson/ros2_ws/install/robot/lib/python3.8/site-packages/robot-0.0.0-py3.8.egg-info
[3.276s] running install_scripts
[3.338s] Installing encoder_publisher script to /home/jetson/ros2_ws/install/robot/lib/robot
[3.339s] Installing encoder_publisher_left script to /home/jetson/ros2_ws/install/robot/lib/robot
[3.340s] Installing encoder_publisher_right script to /home/jetson/ros2_ws/install/robot/lib/robot
[3.341s] Installing imu_controller script to /home/jetson/ros2_ws/install/robot/lib/robot
[3.341s] Installing motor_controller script to /home/jetson/ros2_ws/install/robot/lib/robot
[3.342s] Installing motor_driver script to /home/jetson/ros2_ws/install/robot/lib/robot
[3.342s] Installing odom_publisher script to /home/jetson/ros2_ws/install/robot/lib/robot
[3.343s] Installing pid_controller script to /home/jetson/ros2_ws/install/robot/lib/robot
[3.343s] Installing velocity_publisher script to /home/jetson/ros2_ws/install/robot/lib/robot
[3.345s] writing list of installed files to '/home/jetson/ros2_ws/build/robot/install.log'
[3.442s] Invoked command in '/home/jetson/ros2_ws/src/robot' returned '0': PYTHONPATH=/home/jetson/ros2_ws/build/robot/prefix_override:/home/jetson/ros2_ws/install/robot/lib/python3.8/site-packages:${PYTHONPATH} /usr/bin/python3 setup.py egg_info --egg-base ../../build/robot build --build-base /home/jetson/ros2_ws/build/robot/build install --record /home/jetson/ros2_ws/build/robot/install.log --install-scripts $base/lib/robot --single-version-externally-managed
