[2.219s] Invoking command in '/home/jetson/ros2_ws/src/robot': PYTHONPATH=/home/jetson/ros2_ws/build/robot/prefix_override:/home/jetson/ros2_ws/install/robot/lib/python3.8/site-packages:${PYTHONPATH} /usr/bin/python3 setup.py egg_info --egg-base ../../build/robot build --build-base /home/jetson/ros2_ws/build/robot/build install --record /home/jetson/ros2_ws/build/robot/install.log --install-scripts $base/lib/robot --single-version-externally-managed
[3.394s] running egg_info
[3.413s] writing ../../build/robot/robot.egg-info/PKG-INFO
[3.417s] writing dependency_links to ../../build/robot/robot.egg-info/dependency_links.txt
[3.420s] writing entry points to ../../build/robot/robot.egg-info/entry_points.txt
[3.432s] writing requirements to ../../build/robot/robot.egg-info/requires.txt
[3.435s] writing top-level names to ../../build/robot/robot.egg-info/top_level.txt
[3.710s] reading manifest file '../../build/robot/robot.egg-info/SOURCES.txt'
[3.725s] writing manifest file '../../build/robot/robot.egg-info/SOURCES.txt'
[3.727s] running build
[3.727s] running build_py
[3.729s] running install
[3.732s] running install_lib
[3.746s] running install_data
[3.748s] running install_egg_info
[3.754s] removing '/home/jetson/ros2_ws/install/robot/lib/python3.8/site-packages/robot-0.0.0-py3.8.egg-info' (and everything under it)
[3.772s] Copying ../../build/robot/robot.egg-info to /home/jetson/ros2_ws/install/robot/lib/python3.8/site-packages/robot-0.0.0-py3.8.egg-info
[3.775s] running install_scripts
[3.903s] Installing encoder_publisher script to /home/jetson/ros2_ws/install/robot/lib/robot
[3.903s] Installing encoder_publisher_left script to /home/jetson/ros2_ws/install/robot/lib/robot
[3.904s] Installing encoder_publisher_right script to /home/jetson/ros2_ws/install/robot/lib/robot
[3.904s] Installing imu_controller script to /home/jetson/ros2_ws/install/robot/lib/robot
[3.905s] Installing motor_controller script to /home/jetson/ros2_ws/install/robot/lib/robot
[3.905s] Installing motor_driver script to /home/jetson/ros2_ws/install/robot/lib/robot
[3.905s] Installing odom_publisher script to /home/jetson/ros2_ws/install/robot/lib/robot
[3.906s] Installing pid_controller script to /home/jetson/ros2_ws/install/robot/lib/robot
[3.906s] Installing velocity_publisher script to /home/jetson/ros2_ws/install/robot/lib/robot
[3.907s] writing list of installed files to '/home/jetson/ros2_ws/build/robot/install.log'
[4.121s] Invoked command in '/home/jetson/ros2_ws/src/robot' returned '0': PYTHONPATH=/home/jetson/ros2_ws/build/robot/prefix_override:/home/jetson/ros2_ws/install/robot/lib/python3.8/site-packages:${PYTHONPATH} /usr/bin/python3 setup.py egg_info --egg-base ../../build/robot build --build-base /home/jetson/ros2_ws/build/robot/build install --record /home/jetson/ros2_ws/build/robot/install.log --install-scripts $base/lib/robot --single-version-externally-managed
