[4.027s] Invoking command in '/home/scott/alpha_ws/src/robot_description': PYTHONPATH=/home/scott/alpha_ws/build/robot_description/prefix_override:/home/scott/alpha_ws/install/robot_description/lib/python3.10/site-packages:${PYTHONPATH} /usr/bin/python3 setup.py egg_info --egg-base ../../build/robot_description build --build-base /home/scott/alpha_ws/build/robot_description/build install --record /home/scott/alpha_ws/build/robot_description/install.log --single-version-externally-managed
[5.377s] running egg_info
[5.380s] writing ../../build/robot_description/robot_description.egg-info/PKG-INFO
[5.382s] writing dependency_links to ../../build/robot_description/robot_description.egg-info/dependency_links.txt
[5.383s] writing entry points to ../../build/robot_description/robot_description.egg-info/entry_points.txt
[5.383s] writing requirements to ../../build/robot_description/robot_description.egg-info/requires.txt
[5.384s] writing top-level names to ../../build/robot_description/robot_description.egg-info/top_level.txt
[5.396s] reading manifest file '../../build/robot_description/robot_description.egg-info/SOURCES.txt'
[5.398s] adding license file 'LICENSE'
[5.401s] writing manifest file '../../build/robot_description/robot_description.egg-info/SOURCES.txt'
[5.401s] running build
[5.402s] running build_py
[5.403s] running install
[5.405s] running install_lib
[5.410s] running install_data
[5.413s] copying urdf/robot_description.urdf -> /home/scott/alpha_ws/install/robot_description/share/robot_description
[5.414s] running install_egg_info
[5.423s] removing '/home/scott/alpha_ws/install/robot_description/lib/python3.10/site-packages/robot_description-0.0.0-py3.10.egg-info' (and everything under it)
[5.429s] Copying ../../build/robot_description/robot_description.egg-info to /home/scott/alpha_ws/install/robot_description/lib/python3.10/site-packages/robot_description-0.0.0-py3.10.egg-info
[5.433s] running install_scripts
[5.526s] writing list of installed files to '/home/scott/alpha_ws/build/robot_description/install.log'
[5.659s] Invoked command in '/home/scott/alpha_ws/src/robot_description' returned '0': PYTHONPATH=/home/scott/alpha_ws/build/robot_description/prefix_override:/home/scott/alpha_ws/install/robot_description/lib/python3.10/site-packages:${PYTHONPATH} /usr/bin/python3 setup.py egg_info --egg-base ../../build/robot_description build --build-base /home/scott/alpha_ws/build/robot_description/build install --record /home/scott/alpha_ws/build/robot_description/install.log --single-version-externally-managed
