[2.231s] Invoking command in '/home/jetson/beta_ws/src/robot_bringup': PYTHONPATH=/home/jetson/beta_ws/build/robot_bringup/prefix_override:/home/jetson/beta_ws/install/robot_bringup/lib/python3.8/site-packages:${PYTHONPATH} /usr/bin/python3 setup.py egg_info --egg-base ../../build/robot_bringup build --build-base /home/jetson/beta_ws/build/robot_bringup/build install --record /home/jetson/beta_ws/build/robot_bringup/install.log --install-scripts $base/lib/robot_bringup --single-version-externally-managed
[2.986s] running egg_info
[2.989s] writing ../../build/robot_bringup/robot_bringup.egg-info/PKG-INFO
[2.989s] writing dependency_links to ../../build/robot_bringup/robot_bringup.egg-info/dependency_links.txt
[2.990s] writing entry points to ../../build/robot_bringup/robot_bringup.egg-info/entry_points.txt
[2.990s] writing requirements to ../../build/robot_bringup/robot_bringup.egg-info/requires.txt
[2.991s] writing top-level names to ../../build/robot_bringup/robot_bringup.egg-info/top_level.txt
[3.117s] reading manifest file '../../build/robot_bringup/robot_bringup.egg-info/SOURCES.txt'
[3.120s] writing manifest file '../../build/robot_bringup/robot_bringup.egg-info/SOURCES.txt'
[3.121s] running build
[3.121s] running build_py
[3.122s] running install
[3.124s] running install_lib
[3.129s] running install_data
[3.131s] copying launch/d435i_stereo_localization.launch.py -> /home/jetson/beta_ws/install/robot_bringup/share/robot_bringup/launch
[3.131s] running install_egg_info
[3.137s] removing '/home/jetson/beta_ws/install/robot_bringup/lib/python3.8/site-packages/robot_bringup-0.0.0-py3.8.egg-info' (and everything under it)
[3.138s] Copying ../../build/robot_bringup/robot_bringup.egg-info to /home/jetson/beta_ws/install/robot_bringup/lib/python3.8/site-packages/robot_bringup-0.0.0-py3.8.egg-info
[3.141s] running install_scripts
[3.195s] writing list of installed files to '/home/jetson/beta_ws/build/robot_bringup/install.log'
[3.284s] Invoked command in '/home/jetson/beta_ws/src/robot_bringup' returned '0': PYTHONPATH=/home/jetson/beta_ws/build/robot_bringup/prefix_override:/home/jetson/beta_ws/install/robot_bringup/lib/python3.8/site-packages:${PYTHONPATH} /usr/bin/python3 setup.py egg_info --egg-base ../../build/robot_bringup build --build-base /home/jetson/beta_ws/build/robot_bringup/build install --record /home/jetson/beta_ws/build/robot_bringup/install.log --install-scripts $base/lib/robot_bringup --single-version-externally-managed
