[5.067s] Invoking command in '/home/scott/alpha_ws/src/robot': PYTHONPATH=/home/scott/alpha_ws/build/robot/prefix_override:/home/scott/alpha_ws/install/robot/lib/python3.10/site-packages:${PYTHONPATH} /usr/bin/python3 setup.py egg_info --egg-base ../../build/robot build --build-base /home/scott/alpha_ws/build/robot/build install --record /home/scott/alpha_ws/build/robot/install.log --single-version-externally-managed
[6.800s] running egg_info
[6.802s] writing ../../build/robot/robot.egg-info/PKG-INFO
[6.805s] writing dependency_links to ../../build/robot/robot.egg-info/dependency_links.txt
[6.807s] writing entry points to ../../build/robot/robot.egg-info/entry_points.txt
[6.807s] writing requirements to ../../build/robot/robot.egg-info/requires.txt
[6.808s] writing top-level names to ../../build/robot/robot.egg-info/top_level.txt
[6.828s] reading manifest file '../../build/robot/robot.egg-info/SOURCES.txt'
[6.832s] adding license file 'LICENSE'
[6.833s] writing manifest file '../../build/robot/robot.egg-info/SOURCES.txt'
[6.834s] running build
[6.834s] running build_py
[6.835s] copying robot/encoder_publisher_right.py -> /home/scott/alpha_ws/build/robot/build/lib/robot
[6.835s] running install
[6.836s] running install_lib
[6.837s] copying /home/scott/alpha_ws/build/robot/build/lib/robot/encoder_publisher_right.py -> /home/scott/alpha_ws/install/robot/lib/python3.10/site-packages/robot
[6.844s] byte-compiling /home/scott/alpha_ws/install/robot/lib/python3.10/site-packages/robot/encoder_publisher_right.py to encoder_publisher_right.cpython-310.pyc
[6.846s] running install_data
[6.851s] running install_egg_info
[6.860s] removing '/home/scott/alpha_ws/install/robot/lib/python3.10/site-packages/robot-0.0.0-py3.10.egg-info' (and everything under it)
[6.867s] Copying ../../build/robot/robot.egg-info to /home/scott/alpha_ws/install/robot/lib/python3.10/site-packages/robot-0.0.0-py3.10.egg-info
[6.871s] running install_scripts
[6.971s] Installing encoder_publisher_right script to /home/scott/alpha_ws/install/robot/lib/robot
[6.978s] Installing motor_controller script to /home/scott/alpha_ws/install/robot/lib/robot
[6.979s] Installing motor_driver script to /home/scott/alpha_ws/install/robot/lib/robot
[6.979s] Installing pid_controller_right script to /home/scott/alpha_ws/install/robot/lib/robot
[6.980s] Installing rpm_publisher_right script to /home/scott/alpha_ws/install/robot/lib/robot
[6.982s] writing list of installed files to '/home/scott/alpha_ws/build/robot/install.log'
[7.170s] Invoked command in '/home/scott/alpha_ws/src/robot' returned '0': PYTHONPATH=/home/scott/alpha_ws/build/robot/prefix_override:/home/scott/alpha_ws/install/robot/lib/python3.10/site-packages:${PYTHONPATH} /usr/bin/python3 setup.py egg_info --egg-base ../../build/robot build --build-base /home/scott/alpha_ws/build/robot/build install --record /home/scott/alpha_ws/build/robot/install.log --single-version-externally-managed
