[1.104s] DEBUG:colcon:Command line arguments: ['/usr/bin/colcon', 'build']
[1.104s] DEBUG:colcon:Parsed command line arguments: Namespace(allow_overriding=[], ament_cmake_args=None, base_paths=['.'], build_base='build', catkin_cmake_args=None, catkin_skip_building_tests=False, cmake_args=None, cmake_clean_cache=False, cmake_clean_first=False, cmake_force_configure=False, cmake_target=None, cmake_target_skip_unavailable=False, continue_on_error=False, event_handlers=None, executor='parallel', ignore_user_meta=False, install_base='install', log_base=None, log_level=None, main=<bound method BuildVerb.main of <colcon_core.verb.build.BuildVerb object at 0x7fa6e8cb20>>, merge_install=False, metas=['./colcon.meta'], packages_above=None, packages_above_and_dependencies=None, packages_above_depth=None, packages_end=None, packages_ignore=None, packages_ignore_regex=None, packages_select=None, packages_select_build_failed=False, packages_select_by_dep=None, packages_select_regex=None, packages_select_test_failures=False, packages_skip=None, packages_skip_build_finished=False, packages_skip_by_dep=None, packages_skip_regex=None, packages_skip_test_passed=False, packages_skip_up_to=None, packages_start=None, packages_up_to=None, packages_up_to_regex=None, parallel_workers=4, paths=None, symlink_install=False, test_result_base=None, verb_extension=<colcon_core.verb.build.BuildVerb object at 0x7fa6e8cb20>, verb_name='build', verb_parser=<colcon_defaults.argument_parser.defaults.DefaultArgumentsDecorator object at 0x7fa6e970d0>)
[1.193s] Level 1:colcon.colcon_core.package_discovery:discover_packages(colcon_meta) check parameters
[1.193s] Level 1:colcon.colcon_core.package_discovery:discover_packages(recursive) check parameters
[1.193s] Level 1:colcon.colcon_core.package_discovery:discover_packages(ignore) check parameters
[1.194s] Level 1:colcon.colcon_core.package_discovery:discover_packages(path) check parameters
[1.194s] Level 1:colcon.colcon_core.package_discovery:discover_packages(colcon_meta) discover
[1.194s] Level 1:colcon.colcon_core.package_discovery:discover_packages(recursive) discover
[1.194s] INFO:colcon.colcon_core.package_discovery:Crawling recursively for packages in '/home/jetson/ros2_ws'
[1.195s] Level 1:colcon.colcon_core.package_identification:_identify(.) by extensions ['ignore', 'ignore_ament_install']
[1.195s] Level 1:colcon.colcon_core.package_identification:_identify(.) by extension 'ignore'
[1.195s] Level 1:colcon.colcon_core.package_identification:_identify(.) by extension 'ignore_ament_install'
[1.196s] Level 1:colcon.colcon_core.package_identification:_identify(.) by extensions ['colcon_pkg']
[1.196s] Level 1:colcon.colcon_core.package_identification:_identify(.) by extension 'colcon_pkg'
[1.196s] Level 1:colcon.colcon_core.package_identification:_identify(.) by extensions ['colcon_meta']
[1.196s] Level 1:colcon.colcon_core.package_identification:_identify(.) by extension 'colcon_meta'
[1.196s] Level 1:colcon.colcon_core.package_identification:_identify(.) by extensions ['ros']
[1.196s] Level 1:colcon.colcon_core.package_identification:_identify(.) by extension 'ros'
[1.267s] Level 1:colcon.colcon_core.package_identification:_identify(.) by extensions ['cmake', 'python']
[1.267s] Level 1:colcon.colcon_core.package_identification:_identify(.) by extension 'cmake'
[1.268s] Level 1:colcon.colcon_core.package_identification:_identify(.) by extension 'python'
[1.268s] Level 1:colcon.colcon_core.package_identification:_identify(.) by extensions ['python_setup_py']
[1.268s] Level 1:colcon.colcon_core.package_identification:_identify(.) by extension 'python_setup_py'
[1.268s] Level 1:colcon.colcon_core.package_identification:_identify(build) by extensions ['ignore', 'ignore_ament_install']
[1.269s] Level 1:colcon.colcon_core.package_identification:_identify(build) by extension 'ignore'
[1.269s] Level 1:colcon.colcon_core.package_identification:_identify(build) ignored
[1.269s] Level 1:colcon.colcon_core.package_identification:_identify(install) by extensions ['ignore', 'ignore_ament_install']
[1.270s] Level 1:colcon.colcon_core.package_identification:_identify(install) by extension 'ignore'
[1.270s] Level 1:colcon.colcon_core.package_identification:_identify(install) ignored
[1.271s] Level 1:colcon.colcon_core.package_identification:_identify(log) by extensions ['ignore', 'ignore_ament_install']
[1.271s] Level 1:colcon.colcon_core.package_identification:_identify(log) by extension 'ignore'
[1.271s] Level 1:colcon.colcon_core.package_identification:_identify(log) ignored
[1.271s] Level 1:colcon.colcon_core.package_identification:_identify(src) by extensions ['ignore', 'ignore_ament_install']
[1.272s] Level 1:colcon.colcon_core.package_identification:_identify(src) by extension 'ignore'
[1.272s] Level 1:colcon.colcon_core.package_identification:_identify(src) by extension 'ignore_ament_install'
[1.272s] Level 1:colcon.colcon_core.package_identification:_identify(src) by extensions ['colcon_pkg']
[1.272s] Level 1:colcon.colcon_core.package_identification:_identify(src) by extension 'colcon_pkg'
[1.272s] Level 1:colcon.colcon_core.package_identification:_identify(src) by extensions ['colcon_meta']
[1.272s] Level 1:colcon.colcon_core.package_identification:_identify(src) by extension 'colcon_meta'
[1.273s] Level 1:colcon.colcon_core.package_identification:_identify(src) by extensions ['ros']
[1.273s] Level 1:colcon.colcon_core.package_identification:_identify(src) by extension 'ros'
[1.273s] Level 1:colcon.colcon_core.package_identification:_identify(src) by extensions ['cmake', 'python']
[1.273s] Level 1:colcon.colcon_core.package_identification:_identify(src) by extension 'cmake'
[1.273s] Level 1:colcon.colcon_core.package_identification:_identify(src) by extension 'python'
[1.273s] Level 1:colcon.colcon_core.package_identification:_identify(src) by extensions ['python_setup_py']
[1.273s] Level 1:colcon.colcon_core.package_identification:_identify(src) by extension 'python_setup_py'
[1.274s] Level 1:colcon.colcon_core.package_identification:_identify(src/robot) by extensions ['ignore', 'ignore_ament_install']
[1.274s] Level 1:colcon.colcon_core.package_identification:_identify(src/robot) by extension 'ignore'
[1.274s] Level 1:colcon.colcon_core.package_identification:_identify(src/robot) by extension 'ignore_ament_install'
[1.274s] Level 1:colcon.colcon_core.package_identification:_identify(src/robot) by extensions ['colcon_pkg']
[1.275s] Level 1:colcon.colcon_core.package_identification:_identify(src/robot) by extension 'colcon_pkg'
[1.275s] Level 1:colcon.colcon_core.package_identification:_identify(src/robot) by extensions ['colcon_meta']
[1.275s] Level 1:colcon.colcon_core.package_identification:_identify(src/robot) by extension 'colcon_meta'
[1.275s] Level 1:colcon.colcon_core.package_identification:_identify(src/robot) by extensions ['ros']
[1.275s] Level 1:colcon.colcon_core.package_identification:_identify(src/robot) by extension 'ros'
[1.283s] DEBUG:colcon.colcon_core.package_identification:Package 'src/robot' with type 'ros.ament_python' and name 'robot'
[1.283s] Level 1:colcon.colcon_core.package_identification:_identify(src/robot_bringup) by extensions ['ignore', 'ignore_ament_install']
[1.284s] Level 1:colcon.colcon_core.package_identification:_identify(src/robot_bringup) by extension 'ignore'
[1.284s] Level 1:colcon.colcon_core.package_identification:_identify(src/robot_bringup) by extension 'ignore_ament_install'
[1.284s] Level 1:colcon.colcon_core.package_identification:_identify(src/robot_bringup) by extensions ['colcon_pkg']
[1.284s] Level 1:colcon.colcon_core.package_identification:_identify(src/robot_bringup) by extension 'colcon_pkg'
[1.285s] Level 1:colcon.colcon_core.package_identification:_identify(src/robot_bringup) by extensions ['colcon_meta']
[1.285s] Level 1:colcon.colcon_core.package_identification:_identify(src/robot_bringup) by extension 'colcon_meta'
[1.285s] Level 1:colcon.colcon_core.package_identification:_identify(src/robot_bringup) by extensions ['ros']
[1.285s] Level 1:colcon.colcon_core.package_identification:_identify(src/robot_bringup) by extension 'ros'
[1.287s] DEBUG:colcon.colcon_core.package_identification:Package 'src/robot_bringup' with type 'ros.ament_python' and name 'robot_bringup'
[1.287s] Level 1:colcon.colcon_core.package_identification:_identify(src/robot_description) by extensions ['ignore', 'ignore_ament_install']
[1.287s] Level 1:colcon.colcon_core.package_identification:_identify(src/robot_description) by extension 'ignore'
[1.288s] Level 1:colcon.colcon_core.package_identification:_identify(src/robot_description) by extension 'ignore_ament_install'
[1.288s] Level 1:colcon.colcon_core.package_identification:_identify(src/robot_description) by extensions ['colcon_pkg']
[1.288s] Level 1:colcon.colcon_core.package_identification:_identify(src/robot_description) by extension 'colcon_pkg'
[1.288s] Level 1:colcon.colcon_core.package_identification:_identify(src/robot_description) by extensions ['colcon_meta']
[1.288s] Level 1:colcon.colcon_core.package_identification:_identify(src/robot_description) by extension 'colcon_meta'
[1.288s] Level 1:colcon.colcon_core.package_identification:_identify(src/robot_description) by extensions ['ros']
[1.288s] Level 1:colcon.colcon_core.package_identification:_identify(src/robot_description) by extension 'ros'
[1.290s] DEBUG:colcon.colcon_core.package_identification:Package 'src/robot_description' with type 'ros.ament_python' and name 'robot_description'
[1.290s] Level 1:colcon.colcon_core.package_identification:_identify(src/robot_interfaces) by extensions ['ignore', 'ignore_ament_install']
[1.291s] Level 1:colcon.colcon_core.package_identification:_identify(src/robot_interfaces) by extension 'ignore'
[1.291s] Level 1:colcon.colcon_core.package_identification:_identify(src/robot_interfaces) by extension 'ignore_ament_install'
[1.291s] Level 1:colcon.colcon_core.package_identification:_identify(src/robot_interfaces) by extensions ['colcon_pkg']
[1.291s] Level 1:colcon.colcon_core.package_identification:_identify(src/robot_interfaces) by extension 'colcon_pkg'
[1.292s] Level 1:colcon.colcon_core.package_identification:_identify(src/robot_interfaces) by extensions ['colcon_meta']
[1.292s] Level 1:colcon.colcon_core.package_identification:_identify(src/robot_interfaces) by extension 'colcon_meta'
[1.292s] Level 1:colcon.colcon_core.package_identification:_identify(src/robot_interfaces) by extensions ['ros']
[1.292s] Level 1:colcon.colcon_core.package_identification:_identify(src/robot_interfaces) by extension 'ros'
[1.294s] DEBUG:colcon.colcon_core.package_identification:Package 'src/robot_interfaces' with type 'ros.ament_cmake' and name 'robot_interfaces'
[1.294s] Level 1:colcon.colcon_core.package_discovery:discover_packages(recursive) using defaults
[1.294s] Level 1:colcon.colcon_core.package_discovery:discover_packages(ignore) discover
[1.294s] Level 1:colcon.colcon_core.package_discovery:discover_packages(ignore) using defaults
[1.294s] Level 1:colcon.colcon_core.package_discovery:discover_packages(path) discover
[1.294s] Level 1:colcon.colcon_core.package_discovery:discover_packages(path) using defaults
[1.364s] Level 1:colcon.colcon_core.package_discovery:discover_packages(prefix_path) check parameters
[1.364s] Level 1:colcon.colcon_core.package_discovery:discover_packages(prefix_path) discover
[1.374s] DEBUG:colcon.colcon_installed_package_information.package_discovery:Found 4 installed packages in /home/jetson/ros2_ws/install
[1.383s] DEBUG:colcon.colcon_installed_package_information.package_discovery:Found 333 installed packages in /opt/ros/foxy
[1.391s] Level 1:colcon.colcon_core.package_discovery:discover_packages(prefix_path) using defaults
[1.658s] Level 5:colcon.colcon_core.verb:set package 'robot' build argument 'cmake_args' from command line to 'None'
[1.658s] Level 5:colcon.colcon_core.verb:set package 'robot' build argument 'cmake_target' from command line to 'None'
[1.658s] Level 5:colcon.colcon_core.verb:set package 'robot' build argument 'cmake_target_skip_unavailable' from command line to 'False'
[1.658s] Level 5:colcon.colcon_core.verb:set package 'robot' build argument 'cmake_clean_cache' from command line to 'False'
[1.659s] Level 5:colcon.colcon_core.verb:set package 'robot' build argument 'cmake_clean_first' from command line to 'False'
[1.659s] Level 5:colcon.colcon_core.verb:set package 'robot' build argument 'cmake_force_configure' from command line to 'False'
[1.659s] Level 5:colcon.colcon_core.verb:set package 'robot' build argument 'ament_cmake_args' from command line to 'None'
[1.659s] Level 5:colcon.colcon_core.verb:set package 'robot' build argument 'catkin_cmake_args' from command line to 'None'
[1.659s] Level 5:colcon.colcon_core.verb:set package 'robot' build argument 'catkin_skip_building_tests' from command line to 'False'
[1.659s] DEBUG:colcon.colcon_core.verb:Building package 'robot' with the following arguments: {'ament_cmake_args': None, 'build_base': '/home/jetson/ros2_ws/build/robot', 'catkin_cmake_args': None, 'catkin_skip_building_tests': False, 'cmake_args': None, 'cmake_clean_cache': False, 'cmake_clean_first': False, 'cmake_force_configure': False, 'cmake_target': None, 'cmake_target_skip_unavailable': False, 'install_base': '/home/jetson/ros2_ws/install/robot', 'merge_install': False, 'path': '/home/jetson/ros2_ws/src/robot', 'symlink_install': False, 'test_result_base': None}
[1.663s] Level 5:colcon.colcon_core.verb:set package 'robot_bringup' build argument 'cmake_args' from command line to 'None'
[1.663s] Level 5:colcon.colcon_core.verb:set package 'robot_bringup' build argument 'cmake_target' from command line to 'None'
[1.663s] Level 5:colcon.colcon_core.verb:set package 'robot_bringup' build argument 'cmake_target_skip_unavailable' from command line to 'False'
[1.663s] Level 5:colcon.colcon_core.verb:set package 'robot_bringup' build argument 'cmake_clean_cache' from command line to 'False'
[1.664s] Level 5:colcon.colcon_core.verb:set package 'robot_bringup' build argument 'cmake_clean_first' from command line to 'False'
[1.664s] Level 5:colcon.colcon_core.verb:set package 'robot_bringup' build argument 'cmake_force_configure' from command line to 'False'
[1.664s] Level 5:colcon.colcon_core.verb:set package 'robot_bringup' build argument 'ament_cmake_args' from command line to 'None'
[1.664s] Level 5:colcon.colcon_core.verb:set package 'robot_bringup' build argument 'catkin_cmake_args' from command line to 'None'
[1.664s] Level 5:colcon.colcon_core.verb:set package 'robot_bringup' build argument 'catkin_skip_building_tests' from command line to 'False'
[1.664s] DEBUG:colcon.colcon_core.verb:Building package 'robot_bringup' with the following arguments: {'ament_cmake_args': None, 'build_base': '/home/jetson/ros2_ws/build/robot_bringup', 'catkin_cmake_args': None, 'catkin_skip_building_tests': False, 'cmake_args': None, 'cmake_clean_cache': False, 'cmake_clean_first': False, 'cmake_force_configure': False, 'cmake_target': None, 'cmake_target_skip_unavailable': False, 'install_base': '/home/jetson/ros2_ws/install/robot_bringup', 'merge_install': False, 'path': '/home/jetson/ros2_ws/src/robot_bringup', 'symlink_install': False, 'test_result_base': None}
[1.668s] Level 5:colcon.colcon_core.verb:set package 'robot_description' build argument 'cmake_args' from command line to 'None'
[1.668s] Level 5:colcon.colcon_core.verb:set package 'robot_description' build argument 'cmake_target' from command line to 'None'
[1.668s] Level 5:colcon.colcon_core.verb:set package 'robot_description' build argument 'cmake_target_skip_unavailable' from command line to 'False'
[1.669s] Level 5:colcon.colcon_core.verb:set package 'robot_description' build argument 'cmake_clean_cache' from command line to 'False'
[1.669s] Level 5:colcon.colcon_core.verb:set package 'robot_description' build argument 'cmake_clean_first' from command line to 'False'
[1.669s] Level 5:colcon.colcon_core.verb:set package 'robot_description' build argument 'cmake_force_configure' from command line to 'False'
[1.669s] Level 5:colcon.colcon_core.verb:set package 'robot_description' build argument 'ament_cmake_args' from command line to 'None'
[1.669s] Level 5:colcon.colcon_core.verb:set package 'robot_description' build argument 'catkin_cmake_args' from command line to 'None'
[1.669s] Level 5:colcon.colcon_core.verb:set package 'robot_description' build argument 'catkin_skip_building_tests' from command line to 'False'
[1.669s] DEBUG:colcon.colcon_core.verb:Building package 'robot_description' with the following arguments: {'ament_cmake_args': None, 'build_base': '/home/jetson/ros2_ws/build/robot_description', 'catkin_cmake_args': None, 'catkin_skip_building_tests': False, 'cmake_args': None, 'cmake_clean_cache': False, 'cmake_clean_first': False, 'cmake_force_configure': False, 'cmake_target': None, 'cmake_target_skip_unavailable': False, 'install_base': '/home/jetson/ros2_ws/install/robot_description', 'merge_install': False, 'path': '/home/jetson/ros2_ws/src/robot_description', 'symlink_install': False, 'test_result_base': None}
[1.673s] Level 5:colcon.colcon_core.verb:set package 'robot_interfaces' build argument 'cmake_args' from command line to 'None'
[1.673s] Level 5:colcon.colcon_core.verb:set package 'robot_interfaces' build argument 'cmake_target' from command line to 'None'
[1.673s] Level 5:colcon.colcon_core.verb:set package 'robot_interfaces' build argument 'cmake_target_skip_unavailable' from command line to 'False'
[1.674s] Level 5:colcon.colcon_core.verb:set package 'robot_interfaces' build argument 'cmake_clean_cache' from command line to 'False'
[1.674s] Level 5:colcon.colcon_core.verb:set package 'robot_interfaces' build argument 'cmake_clean_first' from command line to 'False'
[1.674s] Level 5:colcon.colcon_core.verb:set package 'robot_interfaces' build argument 'cmake_force_configure' from command line to 'False'
[1.674s] Level 5:colcon.colcon_core.verb:set package 'robot_interfaces' build argument 'ament_cmake_args' from command line to 'None'
[1.674s] Level 5:colcon.colcon_core.verb:set package 'robot_interfaces' build argument 'catkin_cmake_args' from command line to 'None'
[1.674s] Level 5:colcon.colcon_core.verb:set package 'robot_interfaces' build argument 'catkin_skip_building_tests' from command line to 'False'
[1.674s] DEBUG:colcon.colcon_core.verb:Building package 'robot_interfaces' with the following arguments: {'ament_cmake_args': None, 'build_base': '/home/jetson/ros2_ws/build/robot_interfaces', 'catkin_cmake_args': None, 'catkin_skip_building_tests': False, 'cmake_args': None, 'cmake_clean_cache': False, 'cmake_clean_first': False, 'cmake_force_configure': False, 'cmake_target': None, 'cmake_target_skip_unavailable': False, 'install_base': '/home/jetson/ros2_ws/install/robot_interfaces', 'merge_install': False, 'path': '/home/jetson/ros2_ws/src/robot_interfaces', 'symlink_install': False, 'test_result_base': None}
[1.677s] INFO:colcon.colcon_core.executor:Executing jobs using 'parallel' executor
[1.690s] DEBUG:colcon.colcon_parallel_executor.executor.parallel:run_until_complete
[1.691s] INFO:colcon.colcon_ros.task.ament_python.build:Building ROS package in '/home/jetson/ros2_ws/src/robot' with build type 'ament_python'
[1.693s] Level 1:colcon.colcon_core.shell:create_environment_hook('robot', 'ament_prefix_path')
[1.708s] INFO:colcon.colcon_core.plugin_system:Skipping extension 'colcon_core.shell.bat': Not used on non-Windows systems
[1.708s] INFO:colcon.colcon_core.shell:Creating environment hook '/home/jetson/ros2_ws/install/robot/share/robot/hook/ament_prefix_path.ps1'
[1.710s] INFO:colcon.colcon_core.shell:Creating environment descriptor '/home/jetson/ros2_ws/install/robot/share/robot/hook/ament_prefix_path.dsv'
[1.712s] INFO:colcon.colcon_core.shell:Creating environment hook '/home/jetson/ros2_ws/install/robot/share/robot/hook/ament_prefix_path.sh'
[1.719s] INFO:colcon.colcon_core.shell:Skip shell extension 'powershell' for command environment: Not usable outside of PowerShell
[1.719s] DEBUG:colcon.colcon_core.shell:Skip shell extension 'dsv' for command environment
[1.741s] INFO:colcon.colcon_ros.task.ament_python.build:Building ROS package in '/home/jetson/ros2_ws/src/robot_bringup' with build type 'ament_python'
[1.742s] Level 1:colcon.colcon_core.shell:create_environment_hook('robot_bringup', 'ament_prefix_path')
[1.748s] INFO:colcon.colcon_core.shell:Creating environment hook '/home/jetson/ros2_ws/install/robot_bringup/share/robot_bringup/hook/ament_prefix_path.ps1'
[1.750s] INFO:colcon.colcon_core.shell:Creating environment descriptor '/home/jetson/ros2_ws/install/robot_bringup/share/robot_bringup/hook/ament_prefix_path.dsv'
[1.751s] INFO:colcon.colcon_core.shell:Creating environment hook '/home/jetson/ros2_ws/install/robot_bringup/share/robot_bringup/hook/ament_prefix_path.sh'
[1.758s] INFO:colcon.colcon_core.shell:Skip shell extension 'powershell' for command environment: Not usable outside of PowerShell
[1.758s] DEBUG:colcon.colcon_core.shell:Skip shell extension 'dsv' for command environment
[1.780s] INFO:colcon.colcon_ros.task.ament_python.build:Building ROS package in '/home/jetson/ros2_ws/src/robot_description' with build type 'ament_python'
[1.782s] Level 1:colcon.colcon_core.shell:create_environment_hook('robot_description', 'ament_prefix_path')
[1.789s] INFO:colcon.colcon_core.shell:Creating environment hook '/home/jetson/ros2_ws/install/robot_description/share/robot_description/hook/ament_prefix_path.ps1'
[1.791s] INFO:colcon.colcon_core.shell:Creating environment descriptor '/home/jetson/ros2_ws/install/robot_description/share/robot_description/hook/ament_prefix_path.dsv'
[1.792s] INFO:colcon.colcon_core.shell:Creating environment hook '/home/jetson/ros2_ws/install/robot_description/share/robot_description/hook/ament_prefix_path.sh'
[1.798s] INFO:colcon.colcon_core.shell:Skip shell extension 'powershell' for command environment: Not usable outside of PowerShell
[1.799s] DEBUG:colcon.colcon_core.shell:Skip shell extension 'dsv' for command environment
[1.820s] INFO:colcon.colcon_ros.task.ament_cmake.build:Building ROS package in '/home/jetson/ros2_ws/src/robot_interfaces' with build type 'ament_cmake'
[1.821s] INFO:colcon.colcon_cmake.task.cmake.build:Building CMake package in '/home/jetson/ros2_ws/src/robot_interfaces'
[1.828s] INFO:colcon.colcon_core.shell:Skip shell extension 'powershell' for command environment: Not usable outside of PowerShell
[1.828s] DEBUG:colcon.colcon_core.shell:Skip shell extension 'dsv' for command environment
[2.702s] INFO:colcon.colcon_core.task.python.build:Building Python package in '/home/jetson/ros2_ws/src/robot'
[2.710s] INFO:colcon.colcon_core.shell:Skip shell extension 'powershell' for command environment: Not usable outside of PowerShell
[2.710s] DEBUG:colcon.colcon_core.shell:Skip shell extension 'dsv' for command environment
[3.612s] INFO:colcon.colcon_core.task.python.build:Building Python package in '/home/jetson/ros2_ws/src/robot_bringup'
[3.620s] INFO:colcon.colcon_core.shell:Skip shell extension 'powershell' for command environment: Not usable outside of PowerShell
[3.620s] DEBUG:colcon.colcon_core.shell:Skip shell extension 'dsv' for command environment
[4.467s] INFO:colcon.colcon_core.task.python.build:Building Python package in '/home/jetson/ros2_ws/src/robot_description'
[4.475s] INFO:colcon.colcon_core.shell:Skip shell extension 'powershell' for command environment: Not usable outside of PowerShell
[4.475s] DEBUG:colcon.colcon_core.shell:Skip shell extension 'dsv' for command environment
[4.515s] DEBUG:colcon.colcon_core.event_handler.log_command:Invoking command in '/home/jetson/ros2_ws/build/robot_interfaces': CMAKE_PREFIX_PATH=${CMAKE_PREFIX_PATH}:/home/jetson/ros2_ws/install/robot_description:/home/jetson/ros2_ws/install/robot_bringup:/home/jetson/ros2_ws/install/robot:/opt/ros/foxy /usr/bin/cmake --build /home/jetson/ros2_ws/build/robot_interfaces -- -j4 -l4
[5.930s] DEBUG:colcon.colcon_core.event_handler.log_command:Invoked command in '/home/jetson/ros2_ws/build/robot_interfaces' returned '0': CMAKE_PREFIX_PATH=${CMAKE_PREFIX_PATH}:/home/jetson/ros2_ws/install/robot_description:/home/jetson/ros2_ws/install/robot_bringup:/home/jetson/ros2_ws/install/robot:/opt/ros/foxy /usr/bin/cmake --build /home/jetson/ros2_ws/build/robot_interfaces -- -j4 -l4
[6.324s] DEBUG:colcon.colcon_core.event_handler.log_command:Invoking command in '/home/jetson/ros2_ws/src/robot_description': PYTHONPATH=/home/jetson/ros2_ws/build/robot_description/prefix_override:/home/jetson/ros2_ws/install/robot_description/lib/python3.8/site-packages:${PYTHONPATH} /usr/bin/python3 setup.py egg_info --egg-base ../../build/robot_description build --build-base /home/jetson/ros2_ws/build/robot_description/build install --record /home/jetson/ros2_ws/build/robot_description/install.log --install-scripts $base/lib/robot_description --single-version-externally-managed
[6.409s] DEBUG:colcon.colcon_core.event_handler.log_command:Invoking command in '/home/jetson/ros2_ws/build/robot_interfaces': CMAKE_PREFIX_PATH=${CMAKE_PREFIX_PATH}:/home/jetson/ros2_ws/install/robot_description:/home/jetson/ros2_ws/install/robot_bringup:/home/jetson/ros2_ws/install/robot:/opt/ros/foxy /usr/bin/cmake --install /home/jetson/ros2_ws/build/robot_interfaces
[6.434s] DEBUG:colcon.colcon_core.event_handler.log_command:Invoking command in '/home/jetson/ros2_ws/src/robot': PYTHONPATH=/home/jetson/ros2_ws/build/robot/prefix_override:/home/jetson/ros2_ws/install/robot/lib/python3.8/site-packages:${PYTHONPATH} /usr/bin/python3 setup.py egg_info --egg-base ../../build/robot build --build-base /home/jetson/ros2_ws/build/robot/build install --record /home/jetson/ros2_ws/build/robot/install.log --install-scripts $base/lib/robot --single-version-externally-managed
[6.669s] DEBUG:colcon.colcon_core.event_handler.log_command:Invoking command in '/home/jetson/ros2_ws/src/robot_bringup': PYTHONPATH=/home/jetson/ros2_ws/build/robot_bringup/prefix_override:/home/jetson/ros2_ws/install/robot_bringup/lib/python3.8/site-packages:${PYTHONPATH} /usr/bin/python3 setup.py egg_info --egg-base ../../build/robot_bringup build --build-base /home/jetson/ros2_ws/build/robot_bringup/build install --record /home/jetson/ros2_ws/build/robot_bringup/install.log --install-scripts $base/lib/robot_bringup --single-version-externally-managed
[6.785s] Level 1:colcon.colcon_core.environment:create_environment_scripts_only(robot_interfaces)
[6.798s] DEBUG:colcon.colcon_core.event_handler.log_command:Invoked command in '/home/jetson/ros2_ws/build/robot_interfaces' returned '0': CMAKE_PREFIX_PATH=${CMAKE_PREFIX_PATH}:/home/jetson/ros2_ws/install/robot_description:/home/jetson/ros2_ws/install/robot_bringup:/home/jetson/ros2_ws/install/robot:/opt/ros/foxy /usr/bin/cmake --install /home/jetson/ros2_ws/build/robot_interfaces
[6.813s] Level 1:colcon.colcon_core.environment:checking '/home/jetson/ros2_ws/install/robot_interfaces' for CMake module files
[6.817s] Level 1:colcon.colcon_core.environment:checking '/home/jetson/ros2_ws/install/robot_interfaces' for CMake config files
[6.820s] Level 1:colcon.colcon_core.shell:create_environment_hook('robot_interfaces', 'cmake_prefix_path')
[6.825s] INFO:colcon.colcon_core.shell:Creating environment hook '/home/jetson/ros2_ws/install/robot_interfaces/share/robot_interfaces/hook/cmake_prefix_path.ps1'
[6.827s] INFO:colcon.colcon_core.shell:Creating environment descriptor '/home/jetson/ros2_ws/install/robot_interfaces/share/robot_interfaces/hook/cmake_prefix_path.dsv'
[6.828s] INFO:colcon.colcon_core.shell:Creating environment hook '/home/jetson/ros2_ws/install/robot_interfaces/share/robot_interfaces/hook/cmake_prefix_path.sh'
[6.831s] Level 1:colcon.colcon_core.environment:checking '/home/jetson/ros2_ws/install/robot_interfaces/lib'
[6.831s] Level 1:colcon.colcon_core.shell:create_environment_hook('robot_interfaces', 'ld_library_path_lib')
[6.838s] INFO:colcon.colcon_core.shell:Creating environment hook '/home/jetson/ros2_ws/install/robot_interfaces/share/robot_interfaces/hook/ld_library_path_lib.ps1'
[6.839s] INFO:colcon.colcon_core.shell:Creating environment descriptor '/home/jetson/ros2_ws/install/robot_interfaces/share/robot_interfaces/hook/ld_library_path_lib.dsv'
[6.840s] INFO:colcon.colcon_core.shell:Creating environment hook '/home/jetson/ros2_ws/install/robot_interfaces/share/robot_interfaces/hook/ld_library_path_lib.sh'
[6.845s] Level 1:colcon.colcon_core.environment:checking '/home/jetson/ros2_ws/install/robot_interfaces/bin'
[6.845s] Level 1:colcon.colcon_core.environment:checking '/home/jetson/ros2_ws/install/robot_interfaces/lib/pkgconfig/robot_interfaces.pc'
[6.847s] Level 1:colcon.colcon_core.environment:checking '/home/jetson/ros2_ws/install/robot_interfaces/lib/python3.8/site-packages'
[6.847s] Level 1:colcon.colcon_core.shell:create_environment_hook('robot_interfaces', 'pythonpath')
[6.854s] INFO:colcon.colcon_core.shell:Creating environment hook '/home/jetson/ros2_ws/install/robot_interfaces/share/robot_interfaces/hook/pythonpath.ps1'
[6.856s] INFO:colcon.colcon_core.shell:Creating environment descriptor '/home/jetson/ros2_ws/install/robot_interfaces/share/robot_interfaces/hook/pythonpath.dsv'
[6.859s] INFO:colcon.colcon_core.shell:Creating environment hook '/home/jetson/ros2_ws/install/robot_interfaces/share/robot_interfaces/hook/pythonpath.sh'
[6.861s] Level 1:colcon.colcon_core.environment:checking '/home/jetson/ros2_ws/install/robot_interfaces/bin'
[6.869s] INFO:colcon.colcon_core.shell:Creating package script '/home/jetson/ros2_ws/install/robot_interfaces/share/robot_interfaces/package.ps1'
[6.874s] INFO:colcon.colcon_core.shell:Creating package descriptor '/home/jetson/ros2_ws/install/robot_interfaces/share/robot_interfaces/package.dsv'
[6.877s] INFO:colcon.colcon_core.shell:Creating package script '/home/jetson/ros2_ws/install/robot_interfaces/share/robot_interfaces/package.sh'
[6.881s] INFO:colcon.colcon_core.shell:Creating package script '/home/jetson/ros2_ws/install/robot_interfaces/share/robot_interfaces/package.bash'
[6.885s] INFO:colcon.colcon_core.shell:Creating package script '/home/jetson/ros2_ws/install/robot_interfaces/share/robot_interfaces/package.zsh'
[6.889s] Level 1:colcon.colcon_core.environment:create_file_with_runtime_dependencies(/home/jetson/ros2_ws/install/robot_interfaces/share/colcon-core/packages/robot_interfaces)
[7.168s] Level 1:colcon.colcon_core.environment:create_environment_scripts_only(robot_interfaces)
[7.180s] Level 1:colcon.colcon_core.environment:checking '/home/jetson/ros2_ws/install/robot_interfaces' for CMake module files
[7.183s] Level 1:colcon.colcon_core.environment:checking '/home/jetson/ros2_ws/install/robot_interfaces' for CMake config files
[7.186s] Level 1:colcon.colcon_core.shell:create_environment_hook('robot_interfaces', 'cmake_prefix_path')
[7.194s] INFO:colcon.colcon_core.shell:Creating environment hook '/home/jetson/ros2_ws/install/robot_interfaces/share/robot_interfaces/hook/cmake_prefix_path.ps1'
[7.205s] INFO:colcon.colcon_core.shell:Creating environment descriptor '/home/jetson/ros2_ws/install/robot_interfaces/share/robot_interfaces/hook/cmake_prefix_path.dsv'
[7.208s] INFO:colcon.colcon_core.shell:Creating environment hook '/home/jetson/ros2_ws/install/robot_interfaces/share/robot_interfaces/hook/cmake_prefix_path.sh'
[7.211s] Level 1:colcon.colcon_core.environment:checking '/home/jetson/ros2_ws/install/robot_interfaces/lib'
[7.211s] Level 1:colcon.colcon_core.shell:create_environment_hook('robot_interfaces', 'ld_library_path_lib')
[7.218s] INFO:colcon.colcon_core.shell:Creating environment hook '/home/jetson/ros2_ws/install/robot_interfaces/share/robot_interfaces/hook/ld_library_path_lib.ps1'
[7.221s] INFO:colcon.colcon_core.shell:Creating environment descriptor '/home/jetson/ros2_ws/install/robot_interfaces/share/robot_interfaces/hook/ld_library_path_lib.dsv'
[7.223s] INFO:colcon.colcon_core.shell:Creating environment hook '/home/jetson/ros2_ws/install/robot_interfaces/share/robot_interfaces/hook/ld_library_path_lib.sh'
[7.225s] Level 1:colcon.colcon_core.environment:checking '/home/jetson/ros2_ws/install/robot_interfaces/bin'
[7.226s] Level 1:colcon.colcon_core.environment:checking '/home/jetson/ros2_ws/install/robot_interfaces/lib/pkgconfig/robot_interfaces.pc'
[7.227s] Level 1:colcon.colcon_core.environment:checking '/home/jetson/ros2_ws/install/robot_interfaces/lib/python3.8/site-packages'
[7.228s] Level 1:colcon.colcon_core.shell:create_environment_hook('robot_interfaces', 'pythonpath')
[7.234s] INFO:colcon.colcon_core.shell:Creating environment hook '/home/jetson/ros2_ws/install/robot_interfaces/share/robot_interfaces/hook/pythonpath.ps1'
[7.237s] INFO:colcon.colcon_core.shell:Creating environment descriptor '/home/jetson/ros2_ws/install/robot_interfaces/share/robot_interfaces/hook/pythonpath.dsv'
[7.239s] INFO:colcon.colcon_core.shell:Creating environment hook '/home/jetson/ros2_ws/install/robot_interfaces/share/robot_interfaces/hook/pythonpath.sh'
[7.242s] Level 1:colcon.colcon_core.environment:checking '/home/jetson/ros2_ws/install/robot_interfaces/bin'
[7.249s] INFO:colcon.colcon_core.shell:Creating package script '/home/jetson/ros2_ws/install/robot_interfaces/share/robot_interfaces/package.ps1'
[7.254s] INFO:colcon.colcon_core.shell:Creating package descriptor '/home/jetson/ros2_ws/install/robot_interfaces/share/robot_interfaces/package.dsv'
[7.257s] INFO:colcon.colcon_core.shell:Creating package script '/home/jetson/ros2_ws/install/robot_interfaces/share/robot_interfaces/package.sh'
[7.259s] INFO:colcon.colcon_core.shell:Creating package script '/home/jetson/ros2_ws/install/robot_interfaces/share/robot_interfaces/package.bash'
[7.262s] INFO:colcon.colcon_core.shell:Creating package script '/home/jetson/ros2_ws/install/robot_interfaces/share/robot_interfaces/package.zsh'
[7.264s] Level 1:colcon.colcon_core.environment:create_file_with_runtime_dependencies(/home/jetson/ros2_ws/install/robot_interfaces/share/colcon-core/packages/robot_interfaces)
[7.661s] DEBUG:colcon.colcon_core.event_handler.log_command:Invoked command in '/home/jetson/ros2_ws/src/robot_description' returned '0': PYTHONPATH=/home/jetson/ros2_ws/build/robot_description/prefix_override:/home/jetson/ros2_ws/install/robot_description/lib/python3.8/site-packages:${PYTHONPATH} /usr/bin/python3 setup.py egg_info --egg-base ../../build/robot_description build --build-base /home/jetson/ros2_ws/build/robot_description/build install --record /home/jetson/ros2_ws/build/robot_description/install.log --install-scripts $base/lib/robot_description --single-version-externally-managed
[7.664s] Level 1:colcon.colcon_core.environment:checking '/home/jetson/ros2_ws/install/robot_description' for CMake module files
[7.671s] Level 1:colcon.colcon_core.environment:checking '/home/jetson/ros2_ws/install/robot_description' for CMake config files
[7.674s] Level 1:colcon.colcon_core.environment:checking '/home/jetson/ros2_ws/install/robot_description/lib'
[7.674s] Level 1:colcon.colcon_core.environment:checking '/home/jetson/ros2_ws/install/robot_description/bin'
[7.674s] Level 1:colcon.colcon_core.environment:checking '/home/jetson/ros2_ws/install/robot_description/lib/pkgconfig/robot_description.pc'
[7.675s] Level 1:colcon.colcon_core.environment:checking '/home/jetson/ros2_ws/install/robot_description/lib/python3.8/site-packages'
[7.676s] Level 1:colcon.colcon_core.shell:create_environment_hook('robot_description', 'pythonpath')
[7.682s] INFO:colcon.colcon_core.shell:Creating environment hook '/home/jetson/ros2_ws/install/robot_description/share/robot_description/hook/pythonpath.ps1'
[7.684s] INFO:colcon.colcon_core.shell:Creating environment descriptor '/home/jetson/ros2_ws/install/robot_description/share/robot_description/hook/pythonpath.dsv'
[7.686s] INFO:colcon.colcon_core.shell:Creating environment hook '/home/jetson/ros2_ws/install/robot_description/share/robot_description/hook/pythonpath.sh'
[7.689s] Level 1:colcon.colcon_core.environment:checking '/home/jetson/ros2_ws/install/robot_description/bin'
[7.689s] Level 1:colcon.colcon_core.environment:create_environment_scripts_only(robot_description)
[7.696s] INFO:colcon.colcon_core.shell:Creating package script '/home/jetson/ros2_ws/install/robot_description/share/robot_description/package.ps1'
[7.698s] INFO:colcon.colcon_core.shell:Creating package descriptor '/home/jetson/ros2_ws/install/robot_description/share/robot_description/package.dsv'
[7.700s] INFO:colcon.colcon_core.shell:Creating package script '/home/jetson/ros2_ws/install/robot_description/share/robot_description/package.sh'
[7.702s] INFO:colcon.colcon_core.shell:Creating package script '/home/jetson/ros2_ws/install/robot_description/share/robot_description/package.bash'
[7.704s] INFO:colcon.colcon_core.shell:Creating package script '/home/jetson/ros2_ws/install/robot_description/share/robot_description/package.zsh'
[7.706s] Level 1:colcon.colcon_core.environment:create_file_with_runtime_dependencies(/home/jetson/ros2_ws/install/robot_description/share/colcon-core/packages/robot_description)
[7.765s] Level 1:colcon.colcon_core.environment:checking '/home/jetson/ros2_ws/install/robot' for CMake module files
[7.767s] DEBUG:colcon.colcon_core.event_handler.log_command:Invoked command in '/home/jetson/ros2_ws/src/robot' returned '0': PYTHONPATH=/home/jetson/ros2_ws/build/robot/prefix_override:/home/jetson/ros2_ws/install/robot/lib/python3.8/site-packages:${PYTHONPATH} /usr/bin/python3 setup.py egg_info --egg-base ../../build/robot build --build-base /home/jetson/ros2_ws/build/robot/build install --record /home/jetson/ros2_ws/build/robot/install.log --install-scripts $base/lib/robot --single-version-externally-managed
[7.769s] Level 1:colcon.colcon_core.environment:checking '/home/jetson/ros2_ws/install/robot' for CMake config files
[7.771s] Level 1:colcon.colcon_core.environment:checking '/home/jetson/ros2_ws/install/robot/lib'
[7.772s] Level 1:colcon.colcon_core.environment:checking '/home/jetson/ros2_ws/install/robot/bin'
[7.772s] Level 1:colcon.colcon_core.environment:checking '/home/jetson/ros2_ws/install/robot/lib/pkgconfig/robot.pc'
[7.773s] Level 1:colcon.colcon_core.environment:checking '/home/jetson/ros2_ws/install/robot/lib/python3.8/site-packages'
[7.773s] Level 1:colcon.colcon_core.shell:create_environment_hook('robot', 'pythonpath')
[7.779s] INFO:colcon.colcon_core.shell:Creating environment hook '/home/jetson/ros2_ws/install/robot/share/robot/hook/pythonpath.ps1'
[7.782s] INFO:colcon.colcon_core.shell:Creating environment descriptor '/home/jetson/ros2_ws/install/robot/share/robot/hook/pythonpath.dsv'
[7.784s] INFO:colcon.colcon_core.shell:Creating environment hook '/home/jetson/ros2_ws/install/robot/share/robot/hook/pythonpath.sh'
[7.786s] Level 1:colcon.colcon_core.environment:checking '/home/jetson/ros2_ws/install/robot/bin'
[7.787s] Level 1:colcon.colcon_core.environment:create_environment_scripts_only(robot)
[7.793s] INFO:colcon.colcon_core.shell:Creating package script '/home/jetson/ros2_ws/install/robot/share/robot/package.ps1'
[7.797s] INFO:colcon.colcon_core.shell:Creating package descriptor '/home/jetson/ros2_ws/install/robot/share/robot/package.dsv'
[7.798s] INFO:colcon.colcon_core.shell:Creating package script '/home/jetson/ros2_ws/install/robot/share/robot/package.sh'
[7.800s] INFO:colcon.colcon_core.shell:Creating package script '/home/jetson/ros2_ws/install/robot/share/robot/package.bash'
[7.801s] INFO:colcon.colcon_core.shell:Creating package script '/home/jetson/ros2_ws/install/robot/share/robot/package.zsh'
[7.802s] Level 1:colcon.colcon_core.environment:create_file_with_runtime_dependencies(/home/jetson/ros2_ws/install/robot/share/colcon-core/packages/robot)
[7.944s] Level 1:colcon.colcon_core.environment:checking '/home/jetson/ros2_ws/install/robot_bringup' for CMake module files
[7.945s] DEBUG:colcon.colcon_core.event_handler.log_command:Invoked command in '/home/jetson/ros2_ws/src/robot_bringup' returned '0': PYTHONPATH=/home/jetson/ros2_ws/build/robot_bringup/prefix_override:/home/jetson/ros2_ws/install/robot_bringup/lib/python3.8/site-packages:${PYTHONPATH} /usr/bin/python3 setup.py egg_info --egg-base ../../build/robot_bringup build --build-base /home/jetson/ros2_ws/build/robot_bringup/build install --record /home/jetson/ros2_ws/build/robot_bringup/install.log --install-scripts $base/lib/robot_bringup --single-version-externally-managed
[7.946s] Level 1:colcon.colcon_core.environment:checking '/home/jetson/ros2_ws/install/robot_bringup' for CMake config files
[7.948s] Level 1:colcon.colcon_core.environment:checking '/home/jetson/ros2_ws/install/robot_bringup/lib'
[7.948s] Level 1:colcon.colcon_core.environment:checking '/home/jetson/ros2_ws/install/robot_bringup/bin'
[7.948s] Level 1:colcon.colcon_core.environment:checking '/home/jetson/ros2_ws/install/robot_bringup/lib/pkgconfig/robot_bringup.pc'
[7.949s] Level 1:colcon.colcon_core.environment:checking '/home/jetson/ros2_ws/install/robot_bringup/lib/python3.8/site-packages'
[7.949s] Level 1:colcon.colcon_core.shell:create_environment_hook('robot_bringup', 'pythonpath')
[7.955s] INFO:colcon.colcon_core.shell:Creating environment hook '/home/jetson/ros2_ws/install/robot_bringup/share/robot_bringup/hook/pythonpath.ps1'
[7.956s] INFO:colcon.colcon_core.shell:Creating environment descriptor '/home/jetson/ros2_ws/install/robot_bringup/share/robot_bringup/hook/pythonpath.dsv'
[7.957s] INFO:colcon.colcon_core.shell:Creating environment hook '/home/jetson/ros2_ws/install/robot_bringup/share/robot_bringup/hook/pythonpath.sh'
[7.958s] Level 1:colcon.colcon_core.environment:checking '/home/jetson/ros2_ws/install/robot_bringup/bin'
[7.959s] Level 1:colcon.colcon_core.environment:create_environment_scripts_only(robot_bringup)
[7.964s] INFO:colcon.colcon_core.shell:Creating package script '/home/jetson/ros2_ws/install/robot_bringup/share/robot_bringup/package.ps1'
[7.966s] INFO:colcon.colcon_core.shell:Creating package descriptor '/home/jetson/ros2_ws/install/robot_bringup/share/robot_bringup/package.dsv'
[7.967s] INFO:colcon.colcon_core.shell:Creating package script '/home/jetson/ros2_ws/install/robot_bringup/share/robot_bringup/package.sh'
[7.969s] INFO:colcon.colcon_core.shell:Creating package script '/home/jetson/ros2_ws/install/robot_bringup/share/robot_bringup/package.bash'
[7.970s] INFO:colcon.colcon_core.shell:Creating package script '/home/jetson/ros2_ws/install/robot_bringup/share/robot_bringup/package.zsh'
[7.971s] Level 1:colcon.colcon_core.environment:create_file_with_runtime_dependencies(/home/jetson/ros2_ws/install/robot_bringup/share/colcon-core/packages/robot_bringup)
[7.972s] DEBUG:colcon.colcon_parallel_executor.executor.parallel:closing loop
[7.973s] DEBUG:colcon.colcon_parallel_executor.executor.parallel:loop closed
[7.973s] DEBUG:colcon.colcon_parallel_executor.executor.parallel:run_until_complete finished with '0'
[7.974s] DEBUG:colcon.colcon_core.event_reactor:joining thread
[7.992s] INFO:colcon.colcon_core.plugin_system:Skipping extension 'colcon_notification.desktop_notification.terminal_notifier': Not used on non-Darwin systems
[7.993s] INFO:colcon.colcon_core.plugin_system:Skipping extension 'colcon_notification.desktop_notification.win32': Not used on non-Windows systems
[7.993s] INFO:colcon.colcon_notification.desktop_notification:Sending desktop notification using 'notify2'
[8.026s] DEBUG:colcon.colcon_notification.desktop_notification.notify2:Failed to initialize notify2: org.freedesktop.DBus.Error.Spawn.ChildExited: Process org.freedesktop.Notifications exited with status 1
[8.026s] DEBUG:colcon.colcon_core.event_reactor:joined thread
[8.032s] INFO:colcon.colcon_core.shell:Creating prefix script '/home/jetson/ros2_ws/install/local_setup.ps1'
[8.035s] INFO:colcon.colcon_core.shell:Creating prefix util module '/home/jetson/ros2_ws/install/_local_setup_util_ps1.py'
[8.039s] INFO:colcon.colcon_core.shell:Creating prefix chain script '/home/jetson/ros2_ws/install/setup.ps1'
[8.044s] INFO:colcon.colcon_core.shell:Creating prefix script '/home/jetson/ros2_ws/install/local_setup.sh'
[8.046s] INFO:colcon.colcon_core.shell:Creating prefix util module '/home/jetson/ros2_ws/install/_local_setup_util_sh.py'
[8.048s] INFO:colcon.colcon_core.shell:Creating prefix chain script '/home/jetson/ros2_ws/install/setup.sh'
[8.053s] INFO:colcon.colcon_core.shell:Creating prefix script '/home/jetson/ros2_ws/install/local_setup.bash'
[8.055s] INFO:colcon.colcon_core.shell:Creating prefix chain script '/home/jetson/ros2_ws/install/setup.bash'
[8.060s] INFO:colcon.colcon_core.shell:Creating prefix script '/home/jetson/ros2_ws/install/local_setup.zsh'
[8.061s] INFO:colcon.colcon_core.shell:Creating prefix chain script '/home/jetson/ros2_ws/install/setup.zsh'
