[2.289s] Invoking command in '/home/jetson/beta_ws/src/robot_bringup': PYTHONPATH=/home/jetson/beta_ws/build/robot_bringup/prefix_override:/home/jetson/beta_ws/install/robot_bringup/lib/python3.8/site-packages:${PYTHONPATH} /usr/bin/python3 setup.py egg_info --egg-base ../../build/robot_bringup build --build-base /home/jetson/beta_ws/build/robot_bringup/build install --record /home/jetson/beta_ws/build/robot_bringup/install.log --install-scripts $base/lib/robot_bringup --single-version-externally-managed
[3.052s] running egg_info
[3.055s] writing ../../build/robot_bringup/robot_bringup.egg-info/PKG-INFO
[3.058s] writing dependency_links to ../../build/robot_bringup/robot_bringup.egg-info/dependency_links.txt
[3.058s] writing entry points to ../../build/robot_bringup/robot_bringup.egg-info/entry_points.txt
[3.059s] writing requirements to ../../build/robot_bringup/robot_bringup.egg-info/requires.txt
[3.059s] writing top-level names to ../../build/robot_bringup/robot_bringup.egg-info/top_level.txt
[3.192s] reading manifest file '../../build/robot_bringup/robot_bringup.egg-info/SOURCES.txt'
[3.195s] writing manifest file '../../build/robot_bringup/robot_bringup.egg-info/SOURCES.txt'
[3.195s] running build
[3.196s] running build_py
[3.200s] running install
[3.200s] running install_lib
[3.203s] running install_data
[3.206s] copying launch/d435i_stereo_mapping.launch.py -> /home/jetson/beta_ws/install/robot_bringup/share/robot_bringup/launch
[3.206s] running install_egg_info
[3.212s] removing '/home/jetson/beta_ws/install/robot_bringup/lib/python3.8/site-packages/robot_bringup-0.0.0-py3.8.egg-info' (and everything under it)
[3.213s] Copying ../../build/robot_bringup/robot_bringup.egg-info to /home/jetson/beta_ws/install/robot_bringup/lib/python3.8/site-packages/robot_bringup-0.0.0-py3.8.egg-info
[3.216s] running install_scripts
[3.272s] writing list of installed files to '/home/jetson/beta_ws/build/robot_bringup/install.log'
[3.366s] Invoked command in '/home/jetson/beta_ws/src/robot_bringup' returned '0': PYTHONPATH=/home/jetson/beta_ws/build/robot_bringup/prefix_override:/home/jetson/beta_ws/install/robot_bringup/lib/python3.8/site-packages:${PYTHONPATH} /usr/bin/python3 setup.py egg_info --egg-base ../../build/robot_bringup build --build-base /home/jetson/beta_ws/build/robot_bringup/build install --record /home/jetson/beta_ws/build/robot_bringup/install.log --install-scripts $base/lib/robot_bringup --single-version-externally-managed
