[4.066s] Invoking command in '/home/jetson/ros2_ws/build/robot': PYTHONPATH=/home/jetson/ros2_ws/build/robot/prefix_override:/home/jetson/ros2_ws/install/robot/lib/python3.8/site-packages:${PYTHONPATH} /usr/bin/python3 setup.py develop --uninstall --editable --build-directory /home/jetson/ros2_ws/build/robot/build
[5.056s] running develop
[5.729s] Invoked command in '/home/jetson/ros2_ws/build/robot' returned '0': PYTHONPATH=/home/jetson/ros2_ws/build/robot/prefix_override:/home/jetson/ros2_ws/install/robot/lib/python3.8/site-packages:${PYTHONPATH} /usr/bin/python3 setup.py develop --uninstall --editable --build-directory /home/jetson/ros2_ws/build/robot/build
[5.731s] Invoking command in '/home/jetson/ros2_ws/src/robot': PYTHONPATH=/home/jetson/ros2_ws/build/robot/prefix_override:/home/jetson/ros2_ws/install/robot/lib/python3.8/site-packages:${PYTHONPATH} /usr/bin/python3 setup.py egg_info --egg-base ../../build/robot build --build-base /home/jetson/ros2_ws/build/robot/build install --record /home/jetson/ros2_ws/build/robot/install.log --single-version-externally-managed
[6.599s] running egg_info
[6.601s] writing ../../build/robot/robot.egg-info/PKG-INFO
[6.603s] writing dependency_links to ../../build/robot/robot.egg-info/dependency_links.txt
[6.606s] writing entry points to ../../build/robot/robot.egg-info/entry_points.txt
[6.607s] writing requirements to ../../build/robot/robot.egg-info/requires.txt
[6.607s] writing top-level names to ../../build/robot/robot.egg-info/top_level.txt
[6.753s] reading manifest file '../../build/robot/robot.egg-info/SOURCES.txt'
[6.757s] writing manifest file '../../build/robot/robot.egg-info/SOURCES.txt'
[6.759s] running build
[6.760s] running build_py
[6.764s] running install
[6.767s] running install_lib
[6.775s] running install_data
[6.777s] running install_egg_info
[6.784s] removing '/home/jetson/ros2_ws/install/robot/lib/python3.8/site-packages/robot-0.0.0-py3.8.egg-info' (and everything under it)
[6.786s] Copying ../../build/robot/robot.egg-info to /home/jetson/ros2_ws/install/robot/lib/python3.8/site-packages/robot-0.0.0-py3.8.egg-info
[6.789s] running install_scripts
[6.855s] Installing encoder_publisher script to /home/jetson/ros2_ws/install/robot/lib/robot
[6.857s] Installing encoder_publisher_left script to /home/jetson/ros2_ws/install/robot/lib/robot
[6.858s] Installing encoder_publisher_right script to /home/jetson/ros2_ws/install/robot/lib/robot
[6.860s] Installing imu_controller script to /home/jetson/ros2_ws/install/robot/lib/robot
[6.862s] Installing motor_controller script to /home/jetson/ros2_ws/install/robot/lib/robot
[6.863s] Installing motor_driver script to /home/jetson/ros2_ws/install/robot/lib/robot
[6.865s] Installing odom_publisher script to /home/jetson/ros2_ws/install/robot/lib/robot
[6.866s] Installing pid_controller script to /home/jetson/ros2_ws/install/robot/lib/robot
[6.867s] Installing rpm_publisher script to /home/jetson/ros2_ws/install/robot/lib/robot
[6.870s] writing list of installed files to '/home/jetson/ros2_ws/build/robot/install.log'
[7.033s] Invoked command in '/home/jetson/ros2_ws/src/robot' returned '0': PYTHONPATH=/home/jetson/ros2_ws/build/robot/prefix_override:/home/jetson/ros2_ws/install/robot/lib/python3.8/site-packages:${PYTHONPATH} /usr/bin/python3 setup.py egg_info --egg-base ../../build/robot build --build-base /home/jetson/ros2_ws/build/robot/build install --record /home/jetson/ros2_ws/build/robot/install.log --single-version-externally-managed
