[8.264s] Invoking command in '/home/scott/alpha_ws/src/robot_bringup': PYTHONPATH=/home/scott/alpha_ws/build/robot_bringup/prefix_override:/home/scott/alpha_ws/install/robot_bringup/lib/python3.10/site-packages:${PYTHONPATH} /usr/bin/python3 setup.py egg_info --egg-base ../../build/robot_bringup build --build-base /home/scott/alpha_ws/build/robot_bringup/build install --record /home/scott/alpha_ws/build/robot_bringup/install.log --single-version-externally-managed
[10.891s] running egg_info
[10.895s] writing ../../build/robot_bringup/robot_bringup.egg-info/PKG-INFO
[10.899s] writing dependency_links to ../../build/robot_bringup/robot_bringup.egg-info/dependency_links.txt
[10.905s] writing entry points to ../../build/robot_bringup/robot_bringup.egg-info/entry_points.txt
[10.908s] writing requirements to ../../build/robot_bringup/robot_bringup.egg-info/requires.txt
[10.917s] writing top-level names to ../../build/robot_bringup/robot_bringup.egg-info/top_level.txt
[10.923s] reading manifest file '../../build/robot_bringup/robot_bringup.egg-info/SOURCES.txt'
[10.930s] adding license file 'LICENSE'
[10.941s] writing manifest file '../../build/robot_bringup/robot_bringup.egg-info/SOURCES.txt'
[10.955s] running build
[10.956s] running build_py
[10.956s] running install
[10.957s] running install_lib
[10.962s] running install_data
[10.963s] copying launch/nav2.launch.py -> /home/scott/alpha_ws/install/robot_bringup/share/robot_bringup/launch
[10.964s] running install_egg_info
[10.964s] removing '/home/scott/alpha_ws/install/robot_bringup/lib/python3.10/site-packages/robot_bringup-0.0.0-py3.10.egg-info' (and everything under it)
[10.965s] Copying ../../build/robot_bringup/robot_bringup.egg-info to /home/scott/alpha_ws/install/robot_bringup/lib/python3.10/site-packages/robot_bringup-0.0.0-py3.10.egg-info
[10.966s] running install_scripts
[11.088s] writing list of installed files to '/home/scott/alpha_ws/build/robot_bringup/install.log'
[11.343s] Invoked command in '/home/scott/alpha_ws/src/robot_bringup' returned '0': PYTHONPATH=/home/scott/alpha_ws/build/robot_bringup/prefix_override:/home/scott/alpha_ws/install/robot_bringup/lib/python3.10/site-packages:${PYTHONPATH} /usr/bin/python3 setup.py egg_info --egg-base ../../build/robot_bringup build --build-base /home/scott/alpha_ws/build/robot_bringup/build install --record /home/scott/alpha_ws/build/robot_bringup/install.log --single-version-externally-managed
