/home/scott/alpha_ws/install/robot/lib/python3.10/site-packages/robot/encoder_publisher_left.py
/home/scott/alpha_ws/install/robot/lib/python3.10/site-packages/robot/zzz_NOT_USED_pid_controller_right.py
/home/scott/alpha_ws/install/robot/lib/python3.10/site-packages/robot/pid_controller_right.py
/home/scott/alpha_ws/install/robot/lib/python3.10/site-packages/robot/zzz_NOT_USED_pid_controller_left.py
/home/scott/alpha_ws/install/robot/lib/python3.10/site-packages/robot/imu_publisher.py
/home/scott/alpha_ws/install/robot/lib/python3.10/site-packages/robot/zzz_NOT_USED_rpm_publisher_right.py
/home/scott/alpha_ws/install/robot/lib/python3.10/site-packages/robot/motor_driver.py
/home/scott/alpha_ws/install/robot/lib/python3.10/site-packages/robot/__init__.py
/home/scott/alpha_ws/install/robot/lib/python3.10/site-packages/robot/motor_controller.py
/home/scott/alpha_ws/install/robot/lib/python3.10/site-packages/robot/encoder_publisher.py
/home/scott/alpha_ws/install/robot/lib/python3.10/site-packages/robot/encoder_publisher_right.py
/home/scott/alpha_ws/install/robot/lib/python3.10/site-packages/robot/zzz_NOT_USED_rpm_publisher_left.py
/home/scott/alpha_ws/install/robot/lib/python3.10/site-packages/robot/pid_controller_left.py
/home/scott/alpha_ws/install/robot/lib/python3.10/site-packages/robot/odom_publisher.py
/home/scott/alpha_ws/install/robot/lib/python3.10/site-packages/robot/__pycache__/encoder_publisher_left.cpython-310.pyc
/home/scott/alpha_ws/install/robot/lib/python3.10/site-packages/robot/__pycache__/zzz_NOT_USED_pid_controller_right.cpython-310.pyc
/home/scott/alpha_ws/install/robot/lib/python3.10/site-packages/robot/__pycache__/pid_controller_right.cpython-310.pyc
/home/scott/alpha_ws/install/robot/lib/python3.10/site-packages/robot/__pycache__/zzz_NOT_USED_pid_controller_left.cpython-310.pyc
/home/scott/alpha_ws/install/robot/lib/python3.10/site-packages/robot/__pycache__/imu_publisher.cpython-310.pyc
/home/scott/alpha_ws/install/robot/lib/python3.10/site-packages/robot/__pycache__/zzz_NOT_USED_rpm_publisher_right.cpython-310.pyc
/home/scott/alpha_ws/install/robot/lib/python3.10/site-packages/robot/__pycache__/motor_driver.cpython-310.pyc
/home/scott/alpha_ws/install/robot/lib/python3.10/site-packages/robot/__pycache__/__init__.cpython-310.pyc
/home/scott/alpha_ws/install/robot/lib/python3.10/site-packages/robot/__pycache__/motor_controller.cpython-310.pyc
/home/scott/alpha_ws/install/robot/lib/python3.10/site-packages/robot/__pycache__/encoder_publisher.cpython-310.pyc
/home/scott/alpha_ws/install/robot/lib/python3.10/site-packages/robot/__pycache__/encoder_publisher_right.cpython-310.pyc
/home/scott/alpha_ws/install/robot/lib/python3.10/site-packages/robot/__pycache__/zzz_NOT_USED_rpm_publisher_left.cpython-310.pyc
/home/scott/alpha_ws/install/robot/lib/python3.10/site-packages/robot/__pycache__/pid_controller_left.cpython-310.pyc
/home/scott/alpha_ws/install/robot/lib/python3.10/site-packages/robot/__pycache__/odom_publisher.cpython-310.pyc
/home/scott/alpha_ws/install/robot/share/ament_index/resource_index/packages/robot
/home/scott/alpha_ws/install/robot/share/robot/package.xml
/home/scott/alpha_ws/install/robot/lib/python3.10/site-packages/robot-0.0.0-py3.10.egg-info/dependency_links.txt
/home/scott/alpha_ws/install/robot/lib/python3.10/site-packages/robot-0.0.0-py3.10.egg-info/SOURCES.txt
/home/scott/alpha_ws/install/robot/lib/python3.10/site-packages/robot-0.0.0-py3.10.egg-info/entry_points.txt
/home/scott/alpha_ws/install/robot/lib/python3.10/site-packages/robot-0.0.0-py3.10.egg-info/top_level.txt
/home/scott/alpha_ws/install/robot/lib/python3.10/site-packages/robot-0.0.0-py3.10.egg-info/requires.txt
/home/scott/alpha_ws/install/robot/lib/python3.10/site-packages/robot-0.0.0-py3.10.egg-info/PKG-INFO
/home/scott/alpha_ws/install/robot/lib/python3.10/site-packages/robot-0.0.0-py3.10.egg-info/zip-safe
/home/scott/alpha_ws/install/robot/lib/robot/encoder_publisher
/home/scott/alpha_ws/install/robot/lib/robot/encoder_publisher_left
/home/scott/alpha_ws/install/robot/lib/robot/encoder_publisher_right
/home/scott/alpha_ws/install/robot/lib/robot/imu_publisher
/home/scott/alpha_ws/install/robot/lib/robot/motor_controller
/home/scott/alpha_ws/install/robot/lib/robot/motor_driver
/home/scott/alpha_ws/install/robot/lib/robot/odom_publisher
/home/scott/alpha_ws/install/robot/lib/robot/pid_controller_left
/home/scott/alpha_ws/install/robot/lib/robot/pid_controller_right
