[4.114s] Invoking command in '/home/scott/alpha_ws/src/robot': PYTHONPATH=/home/scott/alpha_ws/build/robot/prefix_override:/home/scott/alpha_ws/install/robot/lib/python3.10/site-packages:${PYTHONPATH} /usr/bin/python3 setup.py egg_info --egg-base ../../build/robot build --build-base /home/scott/alpha_ws/build/robot/build install --record /home/scott/alpha_ws/build/robot/install.log --single-version-externally-managed
[5.439s] running egg_info
[5.441s] writing ../../build/robot/robot.egg-info/PKG-INFO
[5.442s] writing dependency_links to ../../build/robot/robot.egg-info/dependency_links.txt
[5.444s] writing entry points to ../../build/robot/robot.egg-info/entry_points.txt
[5.444s] writing requirements to ../../build/robot/robot.egg-info/requires.txt
[5.445s] writing top-level names to ../../build/robot/robot.egg-info/top_level.txt
[5.456s] reading manifest file '../../build/robot/robot.egg-info/SOURCES.txt'
[5.458s] adding license file 'LICENSE'
[5.461s] writing manifest file '../../build/robot/robot.egg-info/SOURCES.txt'
[5.462s] running build
[5.462s] running build_py
[5.463s] copying robot/pid_controller_right.py -> /home/scott/alpha_ws/build/robot/build/lib/robot
[5.467s] running install
[5.469s] running install_lib
[5.474s] copying /home/scott/alpha_ws/build/robot/build/lib/robot/pid_controller_right.py -> /home/scott/alpha_ws/install/robot/lib/python3.10/site-packages/robot
[5.479s] byte-compiling /home/scott/alpha_ws/install/robot/lib/python3.10/site-packages/robot/pid_controller_right.py to pid_controller_right.cpython-310.pyc
[5.484s] running install_data
[5.486s] running install_egg_info
[5.494s] removing '/home/scott/alpha_ws/install/robot/lib/python3.10/site-packages/robot-0.0.0-py3.10.egg-info' (and everything under it)
[5.496s] Copying ../../build/robot/robot.egg-info to /home/scott/alpha_ws/install/robot/lib/python3.10/site-packages/robot-0.0.0-py3.10.egg-info
[5.503s] running install_scripts
[5.592s] Installing encoder_publisher_right script to /home/scott/alpha_ws/install/robot/lib/robot
[5.592s] Installing motor_controller script to /home/scott/alpha_ws/install/robot/lib/robot
[5.594s] Installing motor_driver script to /home/scott/alpha_ws/install/robot/lib/robot
[5.594s] Installing pid_controller_right script to /home/scott/alpha_ws/install/robot/lib/robot
[5.595s] Installing rpm_publisher_right script to /home/scott/alpha_ws/install/robot/lib/robot
[5.598s] writing list of installed files to '/home/scott/alpha_ws/build/robot/install.log'
[5.732s] Invoked command in '/home/scott/alpha_ws/src/robot' returned '0': PYTHONPATH=/home/scott/alpha_ws/build/robot/prefix_override:/home/scott/alpha_ws/install/robot/lib/python3.10/site-packages:${PYTHONPATH} /usr/bin/python3 setup.py egg_info --egg-base ../../build/robot build --build-base /home/scott/alpha_ws/build/robot/build install --record /home/scott/alpha_ws/build/robot/install.log --single-version-externally-managed
