[0.053s] Invoking command in '/home/jetson/ros2_ws/build/rplidar_ros': CMAKE_PREFIX_PATH=${CMAKE_PREFIX_PATH}:/home/jetson/ros2_ws/install/robot_description:/home/jetson/ros2_ws/install/robot_bringup:/home/jetson/ros2_ws/install/robot:/opt/ros/foxy /usr/bin/cmake --build /home/jetson/ros2_ws/build/rplidar_ros -- -j4 -l4
[0.538s] [ 30%] Built target rplidar_client
[0.541s] [100%] Built target rplidar_composition
[0.544s] [ 76%] Built target rplidar_node
[0.584s] Invoked command in '/home/jetson/ros2_ws/build/rplidar_ros' returned '0': CMAKE_PREFIX_PATH=${CMAKE_PREFIX_PATH}:/home/jetson/ros2_ws/install/robot_description:/home/jetson/ros2_ws/install/robot_bringup:/home/jetson/ros2_ws/install/robot:/opt/ros/foxy /usr/bin/cmake --build /home/jetson/ros2_ws/build/rplidar_ros -- -j4 -l4
[0.749s] Invoking command in '/home/jetson/ros2_ws/build/rplidar_ros': CMAKE_PREFIX_PATH=${CMAKE_PREFIX_PATH}:/home/jetson/ros2_ws/install/robot_description:/home/jetson/ros2_ws/install/robot_bringup:/home/jetson/ros2_ws/install/robot:/opt/ros/foxy /usr/bin/cmake --install /home/jetson/ros2_ws/build/rplidar_ros
[0.785s] -- Install configuration: ""
[0.788s] -- Execute custom install script
[0.792s] -- Up-to-date symlink: /home/jetson/ros2_ws/install/rplidar_ros/share/rplidar_ros/launch/rplidar_a1_launch.py
[0.794s] -- Up-to-date symlink: /home/jetson/ros2_ws/install/rplidar_ros/share/rplidar_ros/launch/rplidar_a2m12_launch.py
[0.796s] -- Up-to-date symlink: /home/jetson/ros2_ws/install/rplidar_ros/share/rplidar_ros/launch/rplidar_a2m7_launch.py
[0.798s] -- Up-to-date symlink: /home/jetson/ros2_ws/install/rplidar_ros/share/rplidar_ros/launch/rplidar_a2m8_launch.py
[0.799s] -- Up-to-date symlink: /home/jetson/ros2_ws/install/rplidar_ros/share/rplidar_ros/launch/rplidar_a3_launch.py
[0.801s] -- Up-to-date symlink: /home/jetson/ros2_ws/install/rplidar_ros/share/rplidar_ros/launch/rplidar_s1_launch.py
[0.803s] -- Up-to-date symlink: /home/jetson/ros2_ws/install/rplidar_ros/share/rplidar_ros/launch/rplidar_s1_tcp_launch.py
[0.805s] -- Up-to-date symlink: /home/jetson/ros2_ws/install/rplidar_ros/share/rplidar_ros/launch/rplidar_s2_launch.py
[0.806s] -- Up-to-date symlink: /home/jetson/ros2_ws/install/rplidar_ros/share/rplidar_ros/launch/rplidar_s2e_launch.py
[0.808s] -- Up-to-date symlink: /home/jetson/ros2_ws/install/rplidar_ros/share/rplidar_ros/launch/rplidar_s3_launch.py
[0.810s] -- Up-to-date symlink: /home/jetson/ros2_ws/install/rplidar_ros/share/rplidar_ros/launch/rplidar_t1_launch.py
[0.812s] -- Up-to-date symlink: /home/jetson/ros2_ws/install/rplidar_ros/share/rplidar_ros/launch/view_rplidar_a1_launch.py
[0.813s] -- Up-to-date symlink: /home/jetson/ros2_ws/install/rplidar_ros/share/rplidar_ros/launch/view_rplidar_a2m12_launch.py
[0.815s] -- Up-to-date symlink: /home/jetson/ros2_ws/install/rplidar_ros/share/rplidar_ros/launch/view_rplidar_a2m7_launch.py
[0.817s] -- Up-to-date symlink: /home/jetson/ros2_ws/install/rplidar_ros/share/rplidar_ros/launch/view_rplidar_a2m8_launch.py
[0.819s] -- Up-to-date symlink: /home/jetson/ros2_ws/install/rplidar_ros/share/rplidar_ros/launch/view_rplidar_a3_launch.py
[0.820s] -- Up-to-date symlink: /home/jetson/ros2_ws/install/rplidar_ros/share/rplidar_ros/launch/view_rplidar_s1_launch.py
[0.822s] -- Up-to-date symlink: /home/jetson/ros2_ws/install/rplidar_ros/share/rplidar_ros/launch/view_rplidar_s1_tcp_launch.py
[0.824s] -- Up-to-date symlink: /home/jetson/ros2_ws/install/rplidar_ros/share/rplidar_ros/launch/view_rplidar_s2_launch.py
[0.825s] -- Up-to-date symlink: /home/jetson/ros2_ws/install/rplidar_ros/share/rplidar_ros/launch/view_rplidar_s2e_launch.py
[0.827s] -- Up-to-date symlink: /home/jetson/ros2_ws/install/rplidar_ros/share/rplidar_ros/launch/view_rplidar_s3_launch.py
[0.829s] -- Up-to-date symlink: /home/jetson/ros2_ws/install/rplidar_ros/share/rplidar_ros/launch/view_rplidar_t1_launch.py
[0.831s] -- Up-to-date symlink: /home/jetson/ros2_ws/install/rplidar_ros/share/rplidar_ros/rviz/rplidar_ros.rviz
[0.836s] -- Up-to-date symlink: /home/jetson/ros2_ws/install/rplidar_ros/lib/rplidar_ros/rplidar_node
[0.837s] -- Up-to-date symlink: /home/jetson/ros2_ws/install/rplidar_ros/lib/rplidar_ros/rplidar_composition
[0.839s] -- Up-to-date symlink: /home/jetson/ros2_ws/install/rplidar_ros/lib/rplidar_ros/rplidar_client
[0.841s] -- Up-to-date symlink: /home/jetson/ros2_ws/install/rplidar_ros/share/ament_index/resource_index/package_run_dependencies/rplidar_ros
[0.843s] -- Up-to-date symlink: /home/jetson/ros2_ws/install/rplidar_ros/share/ament_index/resource_index/parent_prefix_path/rplidar_ros
[0.845s] -- Up-to-date symlink: /home/jetson/ros2_ws/install/rplidar_ros/share/rplidar_ros/environment/ament_prefix_path.sh
[0.847s] -- Up-to-date symlink: /home/jetson/ros2_ws/install/rplidar_ros/share/rplidar_ros/environment/ament_prefix_path.dsv
[0.849s] -- Up-to-date symlink: /home/jetson/ros2_ws/install/rplidar_ros/share/rplidar_ros/environment/path.sh
[0.851s] -- Up-to-date symlink: /home/jetson/ros2_ws/install/rplidar_ros/share/rplidar_ros/environment/path.dsv
[0.853s] -- Up-to-date symlink: /home/jetson/ros2_ws/install/rplidar_ros/share/rplidar_ros/local_setup.bash
[0.856s] -- Up-to-date symlink: /home/jetson/ros2_ws/install/rplidar_ros/share/rplidar_ros/local_setup.sh
[0.858s] -- Up-to-date symlink: /home/jetson/ros2_ws/install/rplidar_ros/share/rplidar_ros/local_setup.zsh
[0.860s] -- Up-to-date symlink: /home/jetson/ros2_ws/install/rplidar_ros/share/rplidar_ros/local_setup.dsv
[0.861s] -- Symlinking: /home/jetson/ros2_ws/install/rplidar_ros/share/rplidar_ros/package.dsv
[0.900s] -- Up-to-date symlink: /home/jetson/ros2_ws/install/rplidar_ros/share/ament_index/resource_index/packages/rplidar_ros
[0.902s] -- Up-to-date symlink: /home/jetson/ros2_ws/install/rplidar_ros/share/rplidar_ros/cmake/ament_cmake_export_dependencies-extras.cmake
[0.905s] -- Up-to-date symlink: /home/jetson/ros2_ws/install/rplidar_ros/share/rplidar_ros/cmake/ament_cmake_export_include_directories-extras.cmake
[0.907s] -- Up-to-date symlink: /home/jetson/ros2_ws/install/rplidar_ros/share/rplidar_ros/cmake/rplidar_rosConfig.cmake
[0.909s] -- Up-to-date symlink: /home/jetson/ros2_ws/install/rplidar_ros/share/rplidar_ros/cmake/rplidar_rosConfig-version.cmake
[0.911s] -- Up-to-date symlink: /home/jetson/ros2_ws/install/rplidar_ros/share/rplidar_ros/package.xml
[0.927s] Invoked command in '/home/jetson/ros2_ws/build/rplidar_ros' returned '0': CMAKE_PREFIX_PATH=${CMAKE_PREFIX_PATH}:/home/jetson/ros2_ws/install/robot_description:/home/jetson/ros2_ws/install/robot_bringup:/home/jetson/ros2_ws/install/robot:/opt/ros/foxy /usr/bin/cmake --install /home/jetson/ros2_ws/build/rplidar_ros
