[4.236s] Invoking command in '/home/jetson/ros2_ws/src/robot_description': PYTHONPATH=/home/jetson/ros2_ws/build/robot_description/prefix_override:/home/jetson/ros2_ws/install/robot_description/lib/python3.8/site-packages:${PYTHONPATH} /usr/bin/python3 setup.py egg_info --egg-base ../../build/robot_description build --build-base /home/jetson/ros2_ws/build/robot_description/build install --record /home/jetson/ros2_ws/build/robot_description/install.log --install-scripts $base/lib/robot_description --single-version-externally-managed
[5.152s] running egg_info
[5.155s] writing ../../build/robot_description/robot_description.egg-info/PKG-INFO
[5.156s] writing dependency_links to ../../build/robot_description/robot_description.egg-info/dependency_links.txt
[5.157s] writing entry points to ../../build/robot_description/robot_description.egg-info/entry_points.txt
[5.157s] writing requirements to ../../build/robot_description/robot_description.egg-info/requires.txt
[5.158s] writing top-level names to ../../build/robot_description/robot_description.egg-info/top_level.txt
[5.292s] reading manifest file '../../build/robot_description/robot_description.egg-info/SOURCES.txt'
[5.295s] writing manifest file '../../build/robot_description/robot_description.egg-info/SOURCES.txt'
[5.296s] running build
[5.297s] running build_py
[5.298s] running install
[5.299s] running install_lib
[5.305s] running install_data
[5.307s] running install_egg_info
[5.314s] removing '/home/jetson/ros2_ws/install/robot_description/lib/python3.8/site-packages/robot_description-0.0.0-py3.8.egg-info' (and everything under it)
[5.315s] Copying ../../build/robot_description/robot_description.egg-info to /home/jetson/ros2_ws/install/robot_description/lib/python3.8/site-packages/robot_description-0.0.0-py3.8.egg-info
[5.319s] running install_scripts
[5.386s] writing list of installed files to '/home/jetson/ros2_ws/build/robot_description/install.log'
[5.531s] Invoked command in '/home/jetson/ros2_ws/src/robot_description' returned '0': PYTHONPATH=/home/jetson/ros2_ws/build/robot_description/prefix_override:/home/jetson/ros2_ws/install/robot_description/lib/python3.8/site-packages:${PYTHONPATH} /usr/bin/python3 setup.py egg_info --egg-base ../../build/robot_description build --build-base /home/jetson/ros2_ws/build/robot_description/build install --record /home/jetson/ros2_ws/build/robot_description/install.log --install-scripts $base/lib/robot_description --single-version-externally-managed
