[4.247s] Invoking command in '/home/jetson/ros2_ws/src/robot_bringup': PYTHONPATH=/home/jetson/ros2_ws/build/robot_bringup/prefix_override:/home/jetson/ros2_ws/install/robot_bringup/lib/python3.8/site-packages:${PYTHONPATH} /usr/bin/python3 setup.py egg_info --egg-base ../../build/robot_bringup build --build-base /home/jetson/ros2_ws/build/robot_bringup/build install --record /home/jetson/ros2_ws/build/robot_bringup/install.log --install-scripts $base/lib/robot_bringup --single-version-externally-managed
[5.139s] running egg_info
[5.143s] writing ../../build/robot_bringup/robot_bringup.egg-info/PKG-INFO
[5.146s] writing dependency_links to ../../build/robot_bringup/robot_bringup.egg-info/dependency_links.txt
[5.146s] writing entry points to ../../build/robot_bringup/robot_bringup.egg-info/entry_points.txt
[5.148s] writing requirements to ../../build/robot_bringup/robot_bringup.egg-info/requires.txt
[5.148s] writing top-level names to ../../build/robot_bringup/robot_bringup.egg-info/top_level.txt
[5.279s] reading manifest file '../../build/robot_bringup/robot_bringup.egg-info/SOURCES.txt'
[5.283s] writing manifest file '../../build/robot_bringup/robot_bringup.egg-info/SOURCES.txt'
[5.283s] running build
[5.284s] running build_py
[5.284s] running install
[5.286s] running install_lib
[5.291s] running install_data
[5.293s] copying config/ekf_params.yaml -> /home/jetson/ros2_ws/install/robot_bringup/share/robot_bringup/config
[5.294s] running install_egg_info
[5.299s] removing '/home/jetson/ros2_ws/install/robot_bringup/lib/python3.8/site-packages/robot_bringup-0.0.0-py3.8.egg-info' (and everything under it)
[5.300s] Copying ../../build/robot_bringup/robot_bringup.egg-info to /home/jetson/ros2_ws/install/robot_bringup/lib/python3.8/site-packages/robot_bringup-0.0.0-py3.8.egg-info
[5.303s] running install_scripts
[5.366s] writing list of installed files to '/home/jetson/ros2_ws/build/robot_bringup/install.log'
[5.475s] Invoked command in '/home/jetson/ros2_ws/src/robot_bringup' returned '0': PYTHONPATH=/home/jetson/ros2_ws/build/robot_bringup/prefix_override:/home/jetson/ros2_ws/install/robot_bringup/lib/python3.8/site-packages:${PYTHONPATH} /usr/bin/python3 setup.py egg_info --egg-base ../../build/robot_bringup build --build-base /home/jetson/ros2_ws/build/robot_bringup/build install --record /home/jetson/ros2_ws/build/robot_bringup/install.log --install-scripts $base/lib/robot_bringup --single-version-externally-managed
