[2.298s] Invoking command in '/home/jetson/ros2_ws/src/robot': PYTHONPATH=/home/jetson/ros2_ws/build/robot/prefix_override:/home/jetson/ros2_ws/install/robot/lib/python3.8/site-packages:${PYTHONPATH} /usr/bin/python3 setup.py egg_info --egg-base ../../build/robot build --build-base /home/jetson/ros2_ws/build/robot/build install --record /home/jetson/ros2_ws/build/robot/install.log --install-scripts $base/lib/robot --single-version-externally-managed
[3.077s] running egg_info
[3.080s] writing ../../build/robot/robot.egg-info/PKG-INFO
[3.082s] writing dependency_links to ../../build/robot/robot.egg-info/dependency_links.txt
[3.082s] writing entry points to ../../build/robot/robot.egg-info/entry_points.txt
[3.083s] writing requirements to ../../build/robot/robot.egg-info/requires.txt
[3.083s] writing top-level names to ../../build/robot/robot.egg-info/top_level.txt
[3.212s] reading manifest file '../../build/robot/robot.egg-info/SOURCES.txt'
[3.215s] writing manifest file '../../build/robot/robot.egg-info/SOURCES.txt'
[3.216s] running build
[3.217s] running build_py
[3.218s] running install
[3.221s] running install_lib
[3.227s] running install_data
[3.229s] running install_egg_info
[3.234s] removing '/home/jetson/ros2_ws/install/robot/lib/python3.8/site-packages/robot-0.0.0-py3.8.egg-info' (and everything under it)
[3.235s] Copying ../../build/robot/robot.egg-info to /home/jetson/ros2_ws/install/robot/lib/python3.8/site-packages/robot-0.0.0-py3.8.egg-info
[3.238s] running install_scripts
[3.295s] Installing encoder_publisher script to /home/jetson/ros2_ws/install/robot/lib/robot
[3.296s] Installing encoder_publisher_left script to /home/jetson/ros2_ws/install/robot/lib/robot
[3.296s] Installing encoder_publisher_right script to /home/jetson/ros2_ws/install/robot/lib/robot
[3.297s] Installing imu_controller script to /home/jetson/ros2_ws/install/robot/lib/robot
[3.297s] Installing motor_controller script to /home/jetson/ros2_ws/install/robot/lib/robot
[3.298s] Installing motor_driver script to /home/jetson/ros2_ws/install/robot/lib/robot
[3.298s] Installing odom_publisher script to /home/jetson/ros2_ws/install/robot/lib/robot
[3.299s] Installing pid_controller script to /home/jetson/ros2_ws/install/robot/lib/robot
[3.299s] Installing velocity_publisher script to /home/jetson/ros2_ws/install/robot/lib/robot
[3.300s] writing list of installed files to '/home/jetson/ros2_ws/build/robot/install.log'
[3.395s] Invoked command in '/home/jetson/ros2_ws/src/robot' returned '0': PYTHONPATH=/home/jetson/ros2_ws/build/robot/prefix_override:/home/jetson/ros2_ws/install/robot/lib/python3.8/site-packages:${PYTHONPATH} /usr/bin/python3 setup.py egg_info --egg-base ../../build/robot build --build-base /home/jetson/ros2_ws/build/robot/build install --record /home/jetson/ros2_ws/build/robot/install.log --install-scripts $base/lib/robot --single-version-externally-managed
