[2.307s] Invoking command in '/home/jetson/ros2_ws/src/robot': PYTHONPATH=/home/jetson/ros2_ws/build/robot/prefix_override:/home/jetson/ros2_ws/install/robot/lib/python3.8/site-packages:${PYTHONPATH} /usr/bin/python3 setup.py egg_info --egg-base ../../build/robot build --build-base /home/jetson/ros2_ws/build/robot/build install --record /home/jetson/ros2_ws/build/robot/install.log --install-scripts $base/lib/robot --single-version-externally-managed
[3.080s] running egg_info
[3.083s] writing ../../build/robot/robot.egg-info/PKG-INFO
[3.084s] writing dependency_links to ../../build/robot/robot.egg-info/dependency_links.txt
[3.085s] writing entry points to ../../build/robot/robot.egg-info/entry_points.txt
[3.085s] writing requirements to ../../build/robot/robot.egg-info/requires.txt
[3.086s] writing top-level names to ../../build/robot/robot.egg-info/top_level.txt
[3.219s] reading manifest file '../../build/robot/robot.egg-info/SOURCES.txt'
[3.222s] writing manifest file '../../build/robot/robot.egg-info/SOURCES.txt'
[3.223s] running build
[3.223s] running build_py
[3.225s] running install
[3.228s] running install_lib
[3.234s] running install_data
[3.236s] running install_egg_info
[3.242s] removing '/home/jetson/ros2_ws/install/robot/lib/python3.8/site-packages/robot-0.0.0-py3.8.egg-info' (and everything under it)
[3.242s] Copying ../../build/robot/robot.egg-info to /home/jetson/ros2_ws/install/robot/lib/python3.8/site-packages/robot-0.0.0-py3.8.egg-info
[3.246s] running install_scripts
[3.305s] Installing encoder_publisher script to /home/jetson/ros2_ws/install/robot/lib/robot
[3.306s] Installing encoder_publisher_left script to /home/jetson/ros2_ws/install/robot/lib/robot
[3.306s] Installing encoder_publisher_right script to /home/jetson/ros2_ws/install/robot/lib/robot
[3.307s] Installing imu_controller script to /home/jetson/ros2_ws/install/robot/lib/robot
[3.307s] Installing motor_controller script to /home/jetson/ros2_ws/install/robot/lib/robot
[3.308s] Installing motor_driver script to /home/jetson/ros2_ws/install/robot/lib/robot
[3.308s] Installing odom_publisher script to /home/jetson/ros2_ws/install/robot/lib/robot
[3.309s] Installing pid_controller script to /home/jetson/ros2_ws/install/robot/lib/robot
[3.309s] Installing velocity_publisher script to /home/jetson/ros2_ws/install/robot/lib/robot
[3.310s] writing list of installed files to '/home/jetson/ros2_ws/build/robot/install.log'
[3.413s] Invoked command in '/home/jetson/ros2_ws/src/robot' returned '0': PYTHONPATH=/home/jetson/ros2_ws/build/robot/prefix_override:/home/jetson/ros2_ws/install/robot/lib/python3.8/site-packages:${PYTHONPATH} /usr/bin/python3 setup.py egg_info --egg-base ../../build/robot build --build-base /home/jetson/ros2_ws/build/robot/build install --record /home/jetson/ros2_ws/build/robot/install.log --install-scripts $base/lib/robot --single-version-externally-managed
