[5.009s] Invoking command in '/home/scott/alpha_ws/src/robot_bringup': PYTHONPATH=/home/scott/alpha_ws/build/robot_bringup/prefix_override:/home/scott/alpha_ws/install/robot_bringup/lib/python3.10/site-packages:${PYTHONPATH} /usr/bin/python3 setup.py egg_info --egg-base ../../build/robot_bringup build --build-base /home/scott/alpha_ws/build/robot_bringup/build install --record /home/scott/alpha_ws/build/robot_bringup/install.log --single-version-externally-managed
[6.657s] running egg_info
[6.660s] writing ../../build/robot_bringup/robot_bringup.egg-info/PKG-INFO
[6.662s] writing dependency_links to ../../build/robot_bringup/robot_bringup.egg-info/dependency_links.txt
[6.664s] writing entry points to ../../build/robot_bringup/robot_bringup.egg-info/entry_points.txt
[6.665s] writing requirements to ../../build/robot_bringup/robot_bringup.egg-info/requires.txt
[6.666s] writing top-level names to ../../build/robot_bringup/robot_bringup.egg-info/top_level.txt
[6.677s] reading manifest file '../../build/robot_bringup/robot_bringup.egg-info/SOURCES.txt'
[6.679s] adding license file 'LICENSE'
[6.683s] writing manifest file '../../build/robot_bringup/robot_bringup.egg-info/SOURCES.txt'
[6.684s] running build
[6.685s] running build_py
[6.687s] running install
[6.688s] running install_lib
[6.694s] running install_data
[6.699s] copying config/xbox_config.yaml -> /home/scott/alpha_ws/install/robot_bringup/share/robot_bringup/config
[6.699s] running install_egg_info
[6.709s] removing '/home/scott/alpha_ws/install/robot_bringup/lib/python3.10/site-packages/robot_bringup-0.0.0-py3.10.egg-info' (and everything under it)
[6.712s] Copying ../../build/robot_bringup/robot_bringup.egg-info to /home/scott/alpha_ws/install/robot_bringup/lib/python3.10/site-packages/robot_bringup-0.0.0-py3.10.egg-info
[6.720s] running install_scripts
[6.818s] writing list of installed files to '/home/scott/alpha_ws/build/robot_bringup/install.log'
[6.985s] Invoked command in '/home/scott/alpha_ws/src/robot_bringup' returned '0': PYTHONPATH=/home/scott/alpha_ws/build/robot_bringup/prefix_override:/home/scott/alpha_ws/install/robot_bringup/lib/python3.10/site-packages:${PYTHONPATH} /usr/bin/python3 setup.py egg_info --egg-base ../../build/robot_bringup build --build-base /home/scott/alpha_ws/build/robot_bringup/build install --record /home/scott/alpha_ws/build/robot_bringup/install.log --single-version-externally-managed
