[0.965s] Invoking command in '/home/jetson/beta_ws/build/robot_interfaces': CMAKE_PREFIX_PATH=${CMAKE_PREFIX_PATH}:/home/jetson/beta_ws/install/robot:/home/jetson/beta_ws/install/beta:/opt/ros/foxy /usr/bin/cmake --build /home/jetson/beta_ws/build/robot_interfaces -- -j4 -l4
[1.157s] [  2%] Built target robot_interfaces__cpp
[1.158s] [ 12%] Built target robot_interfaces__rosidl_generator_c
[1.265s] [ 23%] Built target robot_interfaces__rosidl_typesupport_introspection_cpp
[1.301s] [ 33%] Built target robot_interfaces__rosidl_typesupport_introspection_c
[1.317s] [ 43%] Built target robot_interfaces__rosidl_typesupport_c
[1.336s] [ 53%] Built target robot_interfaces__rosidl_typesupport_fastrtps_cpp
[1.374s] [ 64%] Built target robot_interfaces__rosidl_typesupport_cpp
[1.437s] [ 74%] Built target robot_interfaces__rosidl_typesupport_fastrtps_c
[1.518s] [ 74%] Built target robot_interfaces
[1.593s] [ 76%] Built target robot_interfaces__py
[1.696s] [ 84%] Built target robot_interfaces__python
[1.827s] [ 89%] Built target robot_interfaces__rosidl_typesupport_c__pyext
[1.828s] [ 94%] Built target robot_interfaces__rosidl_typesupport_fastrtps_c__pyext
[1.831s] [100%] Built target robot_interfaces__rosidl_typesupport_introspection_c__pyext
[1.867s] Invoked command in '/home/jetson/beta_ws/build/robot_interfaces' returned '0': CMAKE_PREFIX_PATH=${CMAKE_PREFIX_PATH}:/home/jetson/beta_ws/install/robot:/home/jetson/beta_ws/install/beta:/opt/ros/foxy /usr/bin/cmake --build /home/jetson/beta_ws/build/robot_interfaces -- -j4 -l4
[2.094s] Invoking command in '/home/jetson/beta_ws/build/robot_interfaces': CMAKE_PREFIX_PATH=${CMAKE_PREFIX_PATH}:/home/jetson/beta_ws/install/robot:/home/jetson/beta_ws/install/beta:/opt/ros/foxy /usr/bin/cmake --install /home/jetson/beta_ws/build/robot_interfaces
[2.122s] -- Install configuration: ""
[2.123s] -- Up-to-date: /home/jetson/beta_ws/install/robot_interfaces/share/ament_index/resource_index/rosidl_interfaces/robot_interfaces
[2.123s] -- Up-to-date: /home/jetson/beta_ws/install/robot_interfaces/include/robot_interfaces
[2.124s] -- Up-to-date: /home/jetson/beta_ws/install/robot_interfaces/include/robot_interfaces/msg
[2.124s] -- Up-to-date: /home/jetson/beta_ws/install/robot_interfaces/include/robot_interfaces/msg/duty_cycle.h
[2.124s] -- Up-to-date: /home/jetson/beta_ws/install/robot_interfaces/include/robot_interfaces/msg/tick_count.h
[2.125s] -- Up-to-date: /home/jetson/beta_ws/install/robot_interfaces/include/robot_interfaces/msg/detail
[2.126s] -- Up-to-date: /home/jetson/beta_ws/install/robot_interfaces/include/robot_interfaces/msg/detail/tick_count__functions.h
[2.126s] -- Up-to-date: /home/jetson/beta_ws/install/robot_interfaces/include/robot_interfaces/msg/detail/duty_cycle__functions.h
[2.126s] -- Up-to-date: /home/jetson/beta_ws/install/robot_interfaces/include/robot_interfaces/msg/detail/duty_cycle__type_support.h
[2.127s] -- Up-to-date: /home/jetson/beta_ws/install/robot_interfaces/include/robot_interfaces/msg/detail/tick_count__struct.h
[2.128s] -- Up-to-date: /home/jetson/beta_ws/install/robot_interfaces/include/robot_interfaces/msg/detail/duty_cycle__functions.c
[2.128s] -- Up-to-date: /home/jetson/beta_ws/install/robot_interfaces/include/robot_interfaces/msg/detail/tick_count__type_support.h
[2.128s] -- Up-to-date: /home/jetson/beta_ws/install/robot_interfaces/include/robot_interfaces/msg/detail/duty_cycle__struct.h
[2.129s] -- Up-to-date: /home/jetson/beta_ws/install/robot_interfaces/include/robot_interfaces/msg/detail/tick_count__functions.c
[2.130s] -- Up-to-date: /home/jetson/beta_ws/install/robot_interfaces/include/robot_interfaces/msg/rosidl_generator_c__visibility_control.h
[2.130s] -- Up-to-date: /home/jetson/beta_ws/install/robot_interfaces/share/robot_interfaces/environment/library_path.sh
[2.131s] -- Up-to-date: /home/jetson/beta_ws/install/robot_interfaces/share/robot_interfaces/environment/library_path.dsv
[2.131s] -- Up-to-date: /home/jetson/beta_ws/install/robot_interfaces/lib/librobot_interfaces__rosidl_generator_c.so
[2.131s] -- Up-to-date: /home/jetson/beta_ws/install/robot_interfaces/include/robot_interfaces
[2.133s] -- Up-to-date: /home/jetson/beta_ws/install/robot_interfaces/include/robot_interfaces/msg
[2.135s] -- Up-to-date: /home/jetson/beta_ws/install/robot_interfaces/include/robot_interfaces/msg/rosidl_typesupport_fastrtps_c__visibility_control.h
[2.136s] -- Up-to-date: /home/jetson/beta_ws/install/robot_interfaces/include/robot_interfaces/msg/detail
[2.136s] -- Up-to-date: /home/jetson/beta_ws/install/robot_interfaces/include/robot_interfaces/msg/detail/duty_cycle__rosidl_typesupport_fastrtps_c.h
[2.137s] -- Up-to-date: /home/jetson/beta_ws/install/robot_interfaces/include/robot_interfaces/msg/detail/tick_count__rosidl_typesupport_fastrtps_c.h
[2.137s] -- Up-to-date: /home/jetson/beta_ws/install/robot_interfaces/lib/librobot_interfaces__rosidl_typesupport_fastrtps_c.so
[2.137s] -- Up-to-date: /home/jetson/beta_ws/install/robot_interfaces/include/robot_interfaces
[2.138s] -- Up-to-date: /home/jetson/beta_ws/install/robot_interfaces/include/robot_interfaces/msg
[2.138s] -- Up-to-date: /home/jetson/beta_ws/install/robot_interfaces/include/robot_interfaces/msg/rosidl_typesupport_fastrtps_cpp__visibility_control.h
[2.139s] -- Up-to-date: /home/jetson/beta_ws/install/robot_interfaces/include/robot_interfaces/msg/detail
[2.139s] -- Up-to-date: /home/jetson/beta_ws/install/robot_interfaces/include/robot_interfaces/msg/detail/tick_count__rosidl_typesupport_fastrtps_cpp.hpp
[2.140s] -- Up-to-date: /home/jetson/beta_ws/install/robot_interfaces/include/robot_interfaces/msg/detail/duty_cycle__rosidl_typesupport_fastrtps_cpp.hpp
[2.140s] -- Up-to-date: /home/jetson/beta_ws/install/robot_interfaces/include/robot_interfaces/msg/detail/dds_fastrtps
[2.140s] -- Up-to-date: /home/jetson/beta_ws/install/robot_interfaces/lib/librobot_interfaces__rosidl_typesupport_fastrtps_cpp.so
[2.140s] -- Up-to-date: /home/jetson/beta_ws/install/robot_interfaces/include/robot_interfaces
[2.141s] -- Up-to-date: /home/jetson/beta_ws/install/robot_interfaces/include/robot_interfaces/msg
[2.141s] -- Up-to-date: /home/jetson/beta_ws/install/robot_interfaces/include/robot_interfaces/msg/detail
[2.141s] -- Up-to-date: /home/jetson/beta_ws/install/robot_interfaces/include/robot_interfaces/msg/detail/tick_count__type_support.c
[2.142s] -- Up-to-date: /home/jetson/beta_ws/install/robot_interfaces/include/robot_interfaces/msg/detail/duty_cycle__rosidl_typesupport_introspection_c.h
[2.142s] -- Up-to-date: /home/jetson/beta_ws/install/robot_interfaces/include/robot_interfaces/msg/detail/duty_cycle__type_support.c
[2.142s] -- Up-to-date: /home/jetson/beta_ws/install/robot_interfaces/include/robot_interfaces/msg/detail/tick_count__rosidl_typesupport_introspection_c.h
[2.143s] -- Up-to-date: /home/jetson/beta_ws/install/robot_interfaces/include/robot_interfaces/msg/rosidl_typesupport_introspection_c__visibility_control.h
[2.143s] -- Up-to-date: /home/jetson/beta_ws/install/robot_interfaces/lib/librobot_interfaces__rosidl_typesupport_introspection_c.so
[2.143s] -- Up-to-date: /home/jetson/beta_ws/install/robot_interfaces/lib/librobot_interfaces__rosidl_typesupport_c.so
[2.143s] -- Up-to-date: /home/jetson/beta_ws/install/robot_interfaces/include/robot_interfaces
[2.144s] -- Up-to-date: /home/jetson/beta_ws/install/robot_interfaces/include/robot_interfaces/msg
[2.144s] -- Up-to-date: /home/jetson/beta_ws/install/robot_interfaces/include/robot_interfaces/msg/tick_count.hpp
[2.144s] -- Up-to-date: /home/jetson/beta_ws/install/robot_interfaces/include/robot_interfaces/msg/rosidl_generator_cpp__visibility_control.hpp
[2.145s] -- Up-to-date: /home/jetson/beta_ws/install/robot_interfaces/include/robot_interfaces/msg/duty_cycle.hpp
[2.145s] -- Up-to-date: /home/jetson/beta_ws/install/robot_interfaces/include/robot_interfaces/msg/detail
[2.146s] -- Up-to-date: /home/jetson/beta_ws/install/robot_interfaces/include/robot_interfaces/msg/detail/tick_count__traits.hpp
[2.147s] -- Up-to-date: /home/jetson/beta_ws/install/robot_interfaces/include/robot_interfaces/msg/detail/duty_cycle__struct.hpp
[2.148s] -- Up-to-date: /home/jetson/beta_ws/install/robot_interfaces/include/robot_interfaces/msg/detail/duty_cycle__traits.hpp
[2.149s] -- Up-to-date: /home/jetson/beta_ws/install/robot_interfaces/include/robot_interfaces/msg/detail/tick_count__builder.hpp
[2.149s] -- Up-to-date: /home/jetson/beta_ws/install/robot_interfaces/include/robot_interfaces/msg/detail/duty_cycle__type_support.hpp
[2.149s] -- Up-to-date: /home/jetson/beta_ws/install/robot_interfaces/include/robot_interfaces/msg/detail/tick_count__struct.hpp
[2.150s] -- Up-to-date: /home/jetson/beta_ws/install/robot_interfaces/include/robot_interfaces/msg/detail/tick_count__type_support.hpp
[2.150s] -- Up-to-date: /home/jetson/beta_ws/install/robot_interfaces/include/robot_interfaces/msg/detail/duty_cycle__builder.hpp
[2.150s] -- Up-to-date: /home/jetson/beta_ws/install/robot_interfaces/include/robot_interfaces
[2.151s] -- Up-to-date: /home/jetson/beta_ws/install/robot_interfaces/include/robot_interfaces/msg
[2.151s] -- Up-to-date: /home/jetson/beta_ws/install/robot_interfaces/include/robot_interfaces/msg/detail
[2.151s] -- Up-to-date: /home/jetson/beta_ws/install/robot_interfaces/include/robot_interfaces/msg/detail/tick_count__type_support.cpp
[2.152s] -- Up-to-date: /home/jetson/beta_ws/install/robot_interfaces/include/robot_interfaces/msg/detail/tick_count__rosidl_typesupport_introspection_cpp.hpp
[2.152s] -- Up-to-date: /home/jetson/beta_ws/install/robot_interfaces/include/robot_interfaces/msg/detail/duty_cycle__rosidl_typesupport_introspection_cpp.hpp
[2.152s] -- Up-to-date: /home/jetson/beta_ws/install/robot_interfaces/include/robot_interfaces/msg/detail/duty_cycle__type_support.cpp
[2.153s] -- Up-to-date: /home/jetson/beta_ws/install/robot_interfaces/lib/librobot_interfaces__rosidl_typesupport_introspection_cpp.so
[2.153s] -- Up-to-date: /home/jetson/beta_ws/install/robot_interfaces/lib/librobot_interfaces__rosidl_typesupport_cpp.so
[2.154s] -- Up-to-date: /home/jetson/beta_ws/install/robot_interfaces/share/robot_interfaces/environment/pythonpath.sh
[2.154s] -- Up-to-date: /home/jetson/beta_ws/install/robot_interfaces/share/robot_interfaces/environment/pythonpath.dsv
[2.154s] -- Up-to-date: /home/jetson/beta_ws/install/robot_interfaces/lib/python3.8/site-packages/robot_interfaces/__init__.py
[2.264s] -- Up-to-date: /home/jetson/beta_ws/install/robot_interfaces/lib/python3.8/site-packages/robot_interfaces/msg
[2.264s] -- Up-to-date: /home/jetson/beta_ws/install/robot_interfaces/lib/python3.8/site-packages/robot_interfaces/msg/__init__.py
[2.265s] -- Up-to-date: /home/jetson/beta_ws/install/robot_interfaces/lib/python3.8/site-packages/robot_interfaces/msg/_duty_cycle.py
[2.265s] -- Up-to-date: /home/jetson/beta_ws/install/robot_interfaces/lib/python3.8/site-packages/robot_interfaces/msg/_tick_count.py
[2.265s] -- Up-to-date: /home/jetson/beta_ws/install/robot_interfaces/lib/python3.8/site-packages/robot_interfaces/msg/_duty_cycle_s.c
[2.266s] -- Up-to-date: /home/jetson/beta_ws/install/robot_interfaces/lib/python3.8/site-packages/robot_interfaces/msg/_tick_count_s.c
[2.266s] -- Up-to-date: /home/jetson/beta_ws/install/robot_interfaces/lib/python3.8/site-packages/robot_interfaces/robot_interfaces_s__rosidl_typesupport_fastrtps_c.cpython-38-aarch64-linux-gnu.so
[2.267s] -- Up-to-date: /home/jetson/beta_ws/install/robot_interfaces/lib/python3.8/site-packages/robot_interfaces/robot_interfaces_s__rosidl_typesupport_introspection_c.cpython-38-aarch64-linux-gnu.so
[2.269s] -- Up-to-date: /home/jetson/beta_ws/install/robot_interfaces/lib/python3.8/site-packages/robot_interfaces/robot_interfaces_s__rosidl_typesupport_c.cpython-38-aarch64-linux-gnu.so
[2.270s] -- Up-to-date: /home/jetson/beta_ws/install/robot_interfaces/lib/librobot_interfaces__python.so
[2.271s] -- Up-to-date: /home/jetson/beta_ws/install/robot_interfaces/share/robot_interfaces/msg/DutyCycle.idl
[2.271s] -- Up-to-date: /home/jetson/beta_ws/install/robot_interfaces/share/robot_interfaces/msg/TickCount.idl
[2.272s] -- Up-to-date: /home/jetson/beta_ws/install/robot_interfaces/share/robot_interfaces/msg/DutyCycle.msg
[2.273s] -- Up-to-date: /home/jetson/beta_ws/install/robot_interfaces/share/robot_interfaces/msg/TickCount.msg
[2.274s] -- Up-to-date: /home/jetson/beta_ws/install/robot_interfaces/share/ament_index/resource_index/package_run_dependencies/robot_interfaces
[2.274s] -- Up-to-date: /home/jetson/beta_ws/install/robot_interfaces/share/ament_index/resource_index/parent_prefix_path/robot_interfaces
[2.274s] -- Up-to-date: /home/jetson/beta_ws/install/robot_interfaces/share/robot_interfaces/environment/ament_prefix_path.sh
[2.281s] -- Up-to-date: /home/jetson/beta_ws/install/robot_interfaces/share/robot_interfaces/environment/ament_prefix_path.dsv
[2.281s] -- Up-to-date: /home/jetson/beta_ws/install/robot_interfaces/share/robot_interfaces/environment/path.sh
[2.282s] -- Up-to-date: /home/jetson/beta_ws/install/robot_interfaces/share/robot_interfaces/environment/path.dsv
[2.282s] -- Up-to-date: /home/jetson/beta_ws/install/robot_interfaces/share/robot_interfaces/local_setup.bash
[2.283s] -- Up-to-date: /home/jetson/beta_ws/install/robot_interfaces/share/robot_interfaces/local_setup.sh
[2.283s] -- Up-to-date: /home/jetson/beta_ws/install/robot_interfaces/share/robot_interfaces/local_setup.zsh
[2.284s] -- Up-to-date: /home/jetson/beta_ws/install/robot_interfaces/share/robot_interfaces/local_setup.dsv
[2.284s] -- Installing: /home/jetson/beta_ws/install/robot_interfaces/share/robot_interfaces/package.dsv
[2.285s] -- Up-to-date: /home/jetson/beta_ws/install/robot_interfaces/share/ament_index/resource_index/packages/robot_interfaces
[2.285s] -- Up-to-date: /home/jetson/beta_ws/install/robot_interfaces/share/robot_interfaces/cmake/robot_interfaces__rosidl_generator_cExport.cmake
[2.286s] -- Up-to-date: /home/jetson/beta_ws/install/robot_interfaces/share/robot_interfaces/cmake/robot_interfaces__rosidl_generator_cExport-noconfig.cmake
[2.286s] -- Up-to-date: /home/jetson/beta_ws/install/robot_interfaces/share/robot_interfaces/cmake/robot_interfaces__rosidl_typesupport_introspection_cExport.cmake
[2.286s] -- Up-to-date: /home/jetson/beta_ws/install/robot_interfaces/share/robot_interfaces/cmake/robot_interfaces__rosidl_typesupport_introspection_cExport-noconfig.cmake
[2.287s] -- Up-to-date: /home/jetson/beta_ws/install/robot_interfaces/share/robot_interfaces/cmake/robot_interfaces__rosidl_typesupport_cExport.cmake
[2.287s] -- Up-to-date: /home/jetson/beta_ws/install/robot_interfaces/share/robot_interfaces/cmake/robot_interfaces__rosidl_typesupport_cExport-noconfig.cmake
[2.287s] -- Up-to-date: /home/jetson/beta_ws/install/robot_interfaces/share/robot_interfaces/cmake/robot_interfaces__rosidl_generator_cppExport.cmake
[2.288s] -- Up-to-date: /home/jetson/beta_ws/install/robot_interfaces/share/robot_interfaces/cmake/robot_interfaces__rosidl_typesupport_introspection_cppExport.cmake
[2.288s] -- Up-to-date: /home/jetson/beta_ws/install/robot_interfaces/share/robot_interfaces/cmake/robot_interfaces__rosidl_typesupport_introspection_cppExport-noconfig.cmake
[2.289s] -- Up-to-date: /home/jetson/beta_ws/install/robot_interfaces/share/robot_interfaces/cmake/robot_interfaces__rosidl_typesupport_cppExport.cmake
[2.290s] -- Up-to-date: /home/jetson/beta_ws/install/robot_interfaces/share/robot_interfaces/cmake/robot_interfaces__rosidl_typesupport_cppExport-noconfig.cmake
[2.293s] -- Up-to-date: /home/jetson/beta_ws/install/robot_interfaces/share/robot_interfaces/cmake/rosidl_cmake-extras.cmake
[2.297s] -- Up-to-date: /home/jetson/beta_ws/install/robot_interfaces/share/robot_interfaces/cmake/ament_cmake_export_dependencies-extras.cmake
[2.298s] -- Up-to-date: /home/jetson/beta_ws/install/robot_interfaces/share/robot_interfaces/cmake/ament_cmake_export_libraries-extras.cmake
[2.298s] -- Up-to-date: /home/jetson/beta_ws/install/robot_interfaces/share/robot_interfaces/cmake/ament_cmake_export_targets-extras.cmake
[2.298s] -- Up-to-date: /home/jetson/beta_ws/install/robot_interfaces/share/robot_interfaces/cmake/ament_cmake_export_include_directories-extras.cmake
[2.299s] -- Up-to-date: /home/jetson/beta_ws/install/robot_interfaces/share/robot_interfaces/cmake/rosidl_cmake_export_typesupport_libraries-extras.cmake
[2.299s] -- Up-to-date: /home/jetson/beta_ws/install/robot_interfaces/share/robot_interfaces/cmake/rosidl_cmake_export_typesupport_targets-extras.cmake
[2.300s] -- Up-to-date: /home/jetson/beta_ws/install/robot_interfaces/share/robot_interfaces/cmake/robot_interfacesConfig.cmake
[2.300s] -- Up-to-date: /home/jetson/beta_ws/install/robot_interfaces/share/robot_interfaces/cmake/robot_interfacesConfig-version.cmake
[2.301s] -- Up-to-date: /home/jetson/beta_ws/install/robot_interfaces/share/robot_interfaces/package.xml
[2.302s] Invoked command in '/home/jetson/beta_ws/build/robot_interfaces' returned '0': CMAKE_PREFIX_PATH=${CMAKE_PREFIX_PATH}:/home/jetson/beta_ws/install/robot:/home/jetson/beta_ws/install/beta:/opt/ros/foxy /usr/bin/cmake --install /home/jetson/beta_ws/build/robot_interfaces
