[4.021s] Invoking command in '/home/scott/alpha_ws/src/robot': PYTHONPATH=/home/scott/alpha_ws/build/robot/prefix_override:/home/scott/alpha_ws/install/robot/lib/python3.10/site-packages:${PYTHONPATH} /usr/bin/python3 setup.py egg_info --egg-base ../../build/robot build --build-base /home/scott/alpha_ws/build/robot/build install --record /home/scott/alpha_ws/build/robot/install.log --single-version-externally-managed
[5.384s] running egg_info
[5.387s] writing ../../build/robot/robot.egg-info/PKG-INFO
[5.388s] writing dependency_links to ../../build/robot/robot.egg-info/dependency_links.txt
[5.389s] writing entry points to ../../build/robot/robot.egg-info/entry_points.txt
[5.390s] writing requirements to ../../build/robot/robot.egg-info/requires.txt
[5.391s] writing top-level names to ../../build/robot/robot.egg-info/top_level.txt
[5.402s] reading manifest file '../../build/robot/robot.egg-info/SOURCES.txt'
[5.404s] adding license file 'LICENSE'
[5.407s] writing manifest file '../../build/robot/robot.egg-info/SOURCES.txt'
[5.408s] running build
[5.409s] running build_py
[5.410s] copying robot/imu_publisher.py -> /home/scott/alpha_ws/build/robot/build/lib/robot
[5.414s] running install
[5.415s] running install_lib
[5.420s] copying /home/scott/alpha_ws/build/robot/build/lib/robot/imu_publisher.py -> /home/scott/alpha_ws/install/robot/lib/python3.10/site-packages/robot
[5.425s] byte-compiling /home/scott/alpha_ws/install/robot/lib/python3.10/site-packages/robot/imu_publisher.py to imu_publisher.cpython-310.pyc
[5.429s] running install_data
[5.432s] running install_egg_info
[5.439s] removing '/home/scott/alpha_ws/install/robot/lib/python3.10/site-packages/robot-0.0.0-py3.10.egg-info' (and everything under it)
[5.441s] Copying ../../build/robot/robot.egg-info to /home/scott/alpha_ws/install/robot/lib/python3.10/site-packages/robot-0.0.0-py3.10.egg-info
[5.448s] running install_scripts
[5.534s] Installing encoder_publisher script to /home/scott/alpha_ws/install/robot/lib/robot
[5.535s] Installing encoder_publisher_left script to /home/scott/alpha_ws/install/robot/lib/robot
[5.536s] Installing encoder_publisher_right script to /home/scott/alpha_ws/install/robot/lib/robot
[5.537s] Installing imu_publisher script to /home/scott/alpha_ws/install/robot/lib/robot
[5.538s] Installing motor_controller script to /home/scott/alpha_ws/install/robot/lib/robot
[5.539s] Installing motor_driver script to /home/scott/alpha_ws/install/robot/lib/robot
[5.540s] Installing odom_publisher script to /home/scott/alpha_ws/install/robot/lib/robot
[5.541s] Installing pid_controller_left script to /home/scott/alpha_ws/install/robot/lib/robot
[5.542s] Installing pid_controller_right script to /home/scott/alpha_ws/install/robot/lib/robot
[5.545s] writing list of installed files to '/home/scott/alpha_ws/build/robot/install.log'
[5.677s] Invoked command in '/home/scott/alpha_ws/src/robot' returned '0': PYTHONPATH=/home/scott/alpha_ws/build/robot/prefix_override:/home/scott/alpha_ws/install/robot/lib/python3.10/site-packages:${PYTHONPATH} /usr/bin/python3 setup.py egg_info --egg-base ../../build/robot build --build-base /home/scott/alpha_ws/build/robot/build install --record /home/scott/alpha_ws/build/robot/install.log --single-version-externally-managed
