[0.026s] Invoking command in '/home/jetson/ros2_ws/build/rplidar_ros2': CMAKE_PREFIX_PATH=/opt/ros/foxy /usr/bin/cmake /home/jetson/ros2_ws/src/rplidar_ros -DCMAKE_INSTALL_PREFIX=/home/jetson/ros2_ws/install/rplidar_ros2
[0.545s] -- The C compiler identification is GNU 9.4.0
[0.967s] -- The CXX compiler identification is GNU 9.4.0
[0.982s] -- Check for working C compiler: /usr/bin/cc
[1.169s] -- Check for working C compiler: /usr/bin/cc -- works
[1.174s] -- Detecting C compiler ABI info
[1.365s] -- Detecting C compiler ABI info - done
[1.402s] -- Detecting C compile features
[1.403s] -- Detecting C compile features - done
[1.411s] -- Check for working CXX compiler: /usr/bin/c++
[1.625s] -- Check for working CXX compiler: /usr/bin/c++ -- works
[1.628s] -- Detecting CXX compiler ABI info
[1.843s] -- Detecting CXX compiler ABI info - done
[1.880s] -- Detecting CXX compile features
[1.881s] -- Detecting CXX compile features - done
[1.898s] -- Found ament_cmake: 0.9.12 (/opt/ros/foxy/share/ament_cmake/cmake)
[1.978s] -- Found PythonInterp: /usr/bin/python3 (found suitable version "3.8.10", minimum required is "3") 
[1.979s] -- Using PYTHON_EXECUTABLE: /usr/bin/python3
[2.705s] -- Found rclcpp: 2.4.3 (/opt/ros/foxy/share/rclcpp/cmake)
[2.927s] -- Using all available rosidl_typesupport_c: rosidl_typesupport_fastrtps_c;rosidl_typesupport_introspection_c
[2.961s] -- Found rosidl_adapter: 1.3.1 (/opt/ros/foxy/share/rosidl_adapter/cmake)
[3.293s] -- Found OpenSSL: /usr/lib/aarch64-linux-gnu/libcrypto.so (found version "1.1.1f")  
[3.379s] -- Found FastRTPS: /opt/ros/foxy/include  
[3.665s] -- Using all available rosidl_typesupport_cpp: rosidl_typesupport_fastrtps_cpp;rosidl_typesupport_introspection_cpp
[3.899s] -- Found rmw_implementation_cmake: 1.0.4 (/opt/ros/foxy/share/rmw_implementation_cmake/cmake)
[3.906s] -- Using RMW implementation 'rmw_fastrtps_cpp' as default
[3.911s] -- Looking for pthread.h
[4.136s] -- Looking for pthread.h - found
[4.137s] -- Performing Test CMAKE_HAVE_LIBC_PTHREAD
[4.341s] -- Performing Test CMAKE_HAVE_LIBC_PTHREAD - Failed
[4.341s] -- Looking for pthread_create in pthreads
[4.502s] -- Looking for pthread_create in pthreads - not found
[4.502s] -- Looking for pthread_create in pthread
[4.699s] -- Looking for pthread_create in pthread - found
[4.702s] -- Found Threads: TRUE  
[5.324s] -- Found sensor_msgs: 2.0.5 (/opt/ros/foxy/share/sensor_msgs/cmake)
[5.750s] -- Found std_srvs: 2.0.5 (/opt/ros/foxy/share/std_srvs/cmake)
[5.974s] CMake Error at /opt/ros/foxy/share/ament_cmake_core/cmake/core/ament_package_xml.cmake:53 (message):
[5.975s]   ament_package_xml() package name 'rplidar_ros2' in '/package.xml' does not
[5.976s]   match current PROJECT_NAME 'rplidar_ros'.  You must call project() with the
[5.977s]   same package name before.
[5.977s] Call Stack (most recent call first):
[5.977s]   /opt/ros/foxy/share/ament_cmake_core/cmake/core/ament_package.cmake:63 (ament_package_xml)
[5.977s]   CMakeLists.txt:95 (ament_package)
[5.978s] 
[5.978s] 
[5.983s] -- Configuring incomplete, errors occurred!
[5.984s] See also "/home/jetson/ros2_ws/build/rplidar_ros2/CMakeFiles/CMakeOutput.log".
[5.984s] See also "/home/jetson/ros2_ws/build/rplidar_ros2/CMakeFiles/CMakeError.log".
[6.012s] Invoked command in '/home/jetson/ros2_ws/build/rplidar_ros2' returned '1': CMAKE_PREFIX_PATH=/opt/ros/foxy /usr/bin/cmake /home/jetson/ros2_ws/src/rplidar_ros -DCMAKE_INSTALL_PREFIX=/home/jetson/ros2_ws/install/rplidar_ros2
