[4.643s] Invoking command in '/home/scott/alpha_ws/src/robot_bringup': PYTHONPATH=/home/scott/alpha_ws/build/robot_bringup/prefix_override:/home/scott/alpha_ws/install/robot_bringup/lib/python3.10/site-packages:${PYTHONPATH} /usr/bin/python3 setup.py egg_info --egg-base ../../build/robot_bringup build --build-base /home/scott/alpha_ws/build/robot_bringup/build install --record /home/scott/alpha_ws/build/robot_bringup/install.log --single-version-externally-managed
[6.220s] running egg_info
[6.223s] writing ../../build/robot_bringup/robot_bringup.egg-info/PKG-INFO
[6.225s] writing dependency_links to ../../build/robot_bringup/robot_bringup.egg-info/dependency_links.txt
[6.227s] writing entry points to ../../build/robot_bringup/robot_bringup.egg-info/entry_points.txt
[6.228s] writing requirements to ../../build/robot_bringup/robot_bringup.egg-info/requires.txt
[6.229s] writing top-level names to ../../build/robot_bringup/robot_bringup.egg-info/top_level.txt
[6.239s] reading manifest file '../../build/robot_bringup/robot_bringup.egg-info/SOURCES.txt'
[6.241s] adding license file 'LICENSE'
[6.245s] writing manifest file '../../build/robot_bringup/robot_bringup.egg-info/SOURCES.txt'
[6.246s] running build
[6.247s] running build_py
[6.248s] running install
[6.249s] running install_lib
[6.255s] running install_data
[6.261s] running install_egg_info
[6.270s] removing '/home/scott/alpha_ws/install/robot_bringup/lib/python3.10/site-packages/robot_bringup-0.0.0-py3.10.egg-info' (and everything under it)
[6.272s] Copying ../../build/robot_bringup/robot_bringup.egg-info to /home/scott/alpha_ws/install/robot_bringup/lib/python3.10/site-packages/robot_bringup-0.0.0-py3.10.egg-info
[6.282s] running install_scripts
[6.380s] writing list of installed files to '/home/scott/alpha_ws/build/robot_bringup/install.log'
[6.535s] Invoked command in '/home/scott/alpha_ws/src/robot_bringup' returned '0': PYTHONPATH=/home/scott/alpha_ws/build/robot_bringup/prefix_override:/home/scott/alpha_ws/install/robot_bringup/lib/python3.10/site-packages:${PYTHONPATH} /usr/bin/python3 setup.py egg_info --egg-base ../../build/robot_bringup build --build-base /home/scott/alpha_ws/build/robot_bringup/build install --record /home/scott/alpha_ws/build/robot_bringup/install.log --single-version-externally-managed
