[2.986s] DEBUG:colcon:Command line arguments: ['/usr/bin/colcon', 'build', '--packages-select', 'robot_bringup']
[2.986s] DEBUG:colcon:Parsed command line arguments: Namespace(allow_overriding=[], ament_cmake_args=None, base_paths=['.'], build_base='build', catkin_cmake_args=None, catkin_skip_building_tests=False, cmake_args=None, cmake_clean_cache=False, cmake_clean_first=False, cmake_force_configure=False, cmake_target=None, cmake_target_skip_unavailable=False, continue_on_error=False, event_handlers=None, executor='parallel', ignore_user_meta=False, install_base='install', log_base=None, log_level=None, main=<bound method BuildVerb.main of <colcon_core.verb.build.BuildVerb object at 0x7fa69793a0>>, merge_install=False, metas=['./colcon.meta'], packages_above=None, packages_above_and_dependencies=None, packages_above_depth=None, packages_end=None, packages_ignore=None, packages_ignore_regex=None, packages_select=['robot_bringup'], packages_select_build_failed=False, packages_select_by_dep=None, packages_select_regex=None, packages_select_test_failures=False, packages_skip=None, packages_skip_build_finished=False, packages_skip_by_dep=None, packages_skip_regex=None, packages_skip_test_passed=False, packages_skip_up_to=None, packages_start=None, packages_up_to=None, packages_up_to_regex=None, parallel_workers=4, paths=None, symlink_install=False, test_result_base=None, verb_extension=<colcon_core.verb.build.BuildVerb object at 0x7fa69793a0>, verb_name='build', verb_parser=<colcon_defaults.argument_parser.defaults.DefaultArgumentsDecorator object at 0x7fa69798e0>)
[3.257s] Level 1:colcon.colcon_core.package_discovery:discover_packages(colcon_meta) check parameters
[3.258s] Level 1:colcon.colcon_core.package_discovery:discover_packages(recursive) check parameters
[3.258s] Level 1:colcon.colcon_core.package_discovery:discover_packages(ignore) check parameters
[3.258s] Level 1:colcon.colcon_core.package_discovery:discover_packages(path) check parameters
[3.258s] Level 1:colcon.colcon_core.package_discovery:discover_packages(colcon_meta) discover
[3.258s] Level 1:colcon.colcon_core.package_discovery:discover_packages(recursive) discover
[3.258s] INFO:colcon.colcon_core.package_discovery:Crawling recursively for packages in '/home/jetson/beta_ws'
[3.259s] Level 1:colcon.colcon_core.package_identification:_identify(.) by extensions ['ignore', 'ignore_ament_install']
[3.259s] Level 1:colcon.colcon_core.package_identification:_identify(.) by extension 'ignore'
[3.259s] Level 1:colcon.colcon_core.package_identification:_identify(.) by extension 'ignore_ament_install'
[3.260s] Level 1:colcon.colcon_core.package_identification:_identify(.) by extensions ['colcon_pkg']
[3.260s] Level 1:colcon.colcon_core.package_identification:_identify(.) by extension 'colcon_pkg'
[3.260s] Level 1:colcon.colcon_core.package_identification:_identify(.) by extensions ['colcon_meta']
[3.260s] Level 1:colcon.colcon_core.package_identification:_identify(.) by extension 'colcon_meta'
[3.260s] Level 1:colcon.colcon_core.package_identification:_identify(.) by extensions ['ros']
[3.260s] Level 1:colcon.colcon_core.package_identification:_identify(.) by extension 'ros'
[3.352s] Level 1:colcon.colcon_core.package_identification:_identify(.) by extensions ['cmake', 'python']
[3.352s] Level 1:colcon.colcon_core.package_identification:_identify(.) by extension 'cmake'
[3.352s] Level 1:colcon.colcon_core.package_identification:_identify(.) by extension 'python'
[3.353s] Level 1:colcon.colcon_core.package_identification:_identify(.) by extensions ['python_setup_py']
[3.353s] Level 1:colcon.colcon_core.package_identification:_identify(.) by extension 'python_setup_py'
[3.353s] Level 1:colcon.colcon_core.package_identification:_identify(build) by extensions ['ignore', 'ignore_ament_install']
[3.353s] Level 1:colcon.colcon_core.package_identification:_identify(build) by extension 'ignore'
[3.354s] Level 1:colcon.colcon_core.package_identification:_identify(build) ignored
[3.354s] Level 1:colcon.colcon_core.package_identification:_identify(install) by extensions ['ignore', 'ignore_ament_install']
[3.354s] Level 1:colcon.colcon_core.package_identification:_identify(install) by extension 'ignore'
[3.354s] Level 1:colcon.colcon_core.package_identification:_identify(install) ignored
[3.355s] Level 1:colcon.colcon_core.package_identification:_identify(log) by extensions ['ignore', 'ignore_ament_install']
[3.355s] Level 1:colcon.colcon_core.package_identification:_identify(log) by extension 'ignore'
[3.356s] Level 1:colcon.colcon_core.package_identification:_identify(log) ignored
[3.356s] Level 1:colcon.colcon_core.package_identification:_identify(src) by extensions ['ignore', 'ignore_ament_install']
[3.356s] Level 1:colcon.colcon_core.package_identification:_identify(src) by extension 'ignore'
[3.356s] Level 1:colcon.colcon_core.package_identification:_identify(src) by extension 'ignore_ament_install'
[3.356s] Level 1:colcon.colcon_core.package_identification:_identify(src) by extensions ['colcon_pkg']
[3.357s] Level 1:colcon.colcon_core.package_identification:_identify(src) by extension 'colcon_pkg'
[3.357s] Level 1:colcon.colcon_core.package_identification:_identify(src) by extensions ['colcon_meta']
[3.357s] Level 1:colcon.colcon_core.package_identification:_identify(src) by extension 'colcon_meta'
[3.357s] Level 1:colcon.colcon_core.package_identification:_identify(src) by extensions ['ros']
[3.357s] Level 1:colcon.colcon_core.package_identification:_identify(src) by extension 'ros'
[3.357s] Level 1:colcon.colcon_core.package_identification:_identify(src) by extensions ['cmake', 'python']
[3.357s] Level 1:colcon.colcon_core.package_identification:_identify(src) by extension 'cmake'
[3.358s] Level 1:colcon.colcon_core.package_identification:_identify(src) by extension 'python'
[3.358s] Level 1:colcon.colcon_core.package_identification:_identify(src) by extensions ['python_setup_py']
[3.358s] Level 1:colcon.colcon_core.package_identification:_identify(src) by extension 'python_setup_py'
[3.358s] Level 1:colcon.colcon_core.package_identification:_identify(src/robot) by extensions ['ignore', 'ignore_ament_install']
[3.358s] Level 1:colcon.colcon_core.package_identification:_identify(src/robot) by extension 'ignore'
[3.359s] Level 1:colcon.colcon_core.package_identification:_identify(src/robot) by extension 'ignore_ament_install'
[3.359s] Level 1:colcon.colcon_core.package_identification:_identify(src/robot) by extensions ['colcon_pkg']
[3.359s] Level 1:colcon.colcon_core.package_identification:_identify(src/robot) by extension 'colcon_pkg'
[3.359s] Level 1:colcon.colcon_core.package_identification:_identify(src/robot) by extensions ['colcon_meta']
[3.359s] Level 1:colcon.colcon_core.package_identification:_identify(src/robot) by extension 'colcon_meta'
[3.359s] Level 1:colcon.colcon_core.package_identification:_identify(src/robot) by extensions ['ros']
[3.359s] Level 1:colcon.colcon_core.package_identification:_identify(src/robot) by extension 'ros'
[3.371s] DEBUG:colcon.colcon_core.package_identification:Package 'src/robot' with type 'ros.ament_python' and name 'robot'
[3.372s] Level 1:colcon.colcon_core.package_identification:_identify(src/robot_bringup) by extensions ['ignore', 'ignore_ament_install']
[3.372s] Level 1:colcon.colcon_core.package_identification:_identify(src/robot_bringup) by extension 'ignore'
[3.372s] Level 1:colcon.colcon_core.package_identification:_identify(src/robot_bringup) by extension 'ignore_ament_install'
[3.372s] Level 1:colcon.colcon_core.package_identification:_identify(src/robot_bringup) by extensions ['colcon_pkg']
[3.373s] Level 1:colcon.colcon_core.package_identification:_identify(src/robot_bringup) by extension 'colcon_pkg'
[3.373s] Level 1:colcon.colcon_core.package_identification:_identify(src/robot_bringup) by extensions ['colcon_meta']
[3.373s] Level 1:colcon.colcon_core.package_identification:_identify(src/robot_bringup) by extension 'colcon_meta'
[3.373s] Level 1:colcon.colcon_core.package_identification:_identify(src/robot_bringup) by extensions ['ros']
[3.373s] Level 1:colcon.colcon_core.package_identification:_identify(src/robot_bringup) by extension 'ros'
[3.375s] DEBUG:colcon.colcon_core.package_identification:Package 'src/robot_bringup' with type 'ros.ament_python' and name 'robot_bringup'
[3.376s] Level 1:colcon.colcon_core.package_identification:_identify(src/robot_description) by extensions ['ignore', 'ignore_ament_install']
[3.376s] Level 1:colcon.colcon_core.package_identification:_identify(src/robot_description) by extension 'ignore'
[3.376s] Level 1:colcon.colcon_core.package_identification:_identify(src/robot_description) by extension 'ignore_ament_install'
[3.376s] Level 1:colcon.colcon_core.package_identification:_identify(src/robot_description) by extensions ['colcon_pkg']
[3.376s] Level 1:colcon.colcon_core.package_identification:_identify(src/robot_description) by extension 'colcon_pkg'
[3.377s] Level 1:colcon.colcon_core.package_identification:_identify(src/robot_description) by extensions ['colcon_meta']
[3.377s] Level 1:colcon.colcon_core.package_identification:_identify(src/robot_description) by extension 'colcon_meta'
[3.377s] Level 1:colcon.colcon_core.package_identification:_identify(src/robot_description) by extensions ['ros']
[3.377s] Level 1:colcon.colcon_core.package_identification:_identify(src/robot_description) by extension 'ros'
[3.379s] DEBUG:colcon.colcon_core.package_identification:Package 'src/robot_description' with type 'ros.ament_python' and name 'robot_description'
[3.380s] Level 1:colcon.colcon_core.package_identification:_identify(src/robot_interfaces) by extensions ['ignore', 'ignore_ament_install']
[3.380s] Level 1:colcon.colcon_core.package_identification:_identify(src/robot_interfaces) by extension 'ignore'
[3.380s] Level 1:colcon.colcon_core.package_identification:_identify(src/robot_interfaces) by extension 'ignore_ament_install'
[3.381s] Level 1:colcon.colcon_core.package_identification:_identify(src/robot_interfaces) by extensions ['colcon_pkg']
[3.381s] Level 1:colcon.colcon_core.package_identification:_identify(src/robot_interfaces) by extension 'colcon_pkg'
[3.381s] Level 1:colcon.colcon_core.package_identification:_identify(src/robot_interfaces) by extensions ['colcon_meta']
[3.381s] Level 1:colcon.colcon_core.package_identification:_identify(src/robot_interfaces) by extension 'colcon_meta'
[3.381s] Level 1:colcon.colcon_core.package_identification:_identify(src/robot_interfaces) by extensions ['ros']
[3.381s] Level 1:colcon.colcon_core.package_identification:_identify(src/robot_interfaces) by extension 'ros'
[3.384s] DEBUG:colcon.colcon_core.package_identification:Package 'src/robot_interfaces' with type 'ros.ament_cmake' and name 'robot_interfaces'
[3.384s] Level 1:colcon.colcon_core.package_discovery:discover_packages(recursive) using defaults
[3.384s] Level 1:colcon.colcon_core.package_discovery:discover_packages(ignore) discover
[3.384s] Level 1:colcon.colcon_core.package_discovery:discover_packages(ignore) using defaults
[3.384s] Level 1:colcon.colcon_core.package_discovery:discover_packages(path) discover
[3.384s] Level 1:colcon.colcon_core.package_discovery:discover_packages(path) using defaults
[3.485s] INFO:colcon.colcon_core.package_selection:Skipping not selected package 'robot' in 'src/robot'
[3.485s] INFO:colcon.colcon_core.package_selection:Skipping not selected package 'robot_description' in 'src/robot_description'
[3.485s] INFO:colcon.colcon_core.package_selection:Skipping not selected package 'robot_interfaces' in 'src/robot_interfaces'
[3.488s] Level 1:colcon.colcon_core.package_discovery:discover_packages(prefix_path) check parameters
[3.488s] Level 1:colcon.colcon_core.package_discovery:discover_packages(prefix_path) discover
[3.505s] DEBUG:colcon.colcon_installed_package_information.package_discovery:Found 5 installed packages in /home/jetson/beta_ws/install
[3.514s] DEBUG:colcon.colcon_installed_package_information.package_discovery:Found 335 installed packages in /opt/ros/foxy
[3.523s] Level 1:colcon.colcon_core.package_discovery:discover_packages(prefix_path) using defaults
[3.872s] Level 5:colcon.colcon_core.verb:set package 'robot_bringup' build argument 'cmake_args' from command line to 'None'
[3.872s] Level 5:colcon.colcon_core.verb:set package 'robot_bringup' build argument 'cmake_target' from command line to 'None'
[3.872s] Level 5:colcon.colcon_core.verb:set package 'robot_bringup' build argument 'cmake_target_skip_unavailable' from command line to 'False'
[3.872s] Level 5:colcon.colcon_core.verb:set package 'robot_bringup' build argument 'cmake_clean_cache' from command line to 'False'
[3.873s] Level 5:colcon.colcon_core.verb:set package 'robot_bringup' build argument 'cmake_clean_first' from command line to 'False'
[3.873s] Level 5:colcon.colcon_core.verb:set package 'robot_bringup' build argument 'cmake_force_configure' from command line to 'False'
[3.873s] Level 5:colcon.colcon_core.verb:set package 'robot_bringup' build argument 'ament_cmake_args' from command line to 'None'
[3.873s] Level 5:colcon.colcon_core.verb:set package 'robot_bringup' build argument 'catkin_cmake_args' from command line to 'None'
[3.873s] Level 5:colcon.colcon_core.verb:set package 'robot_bringup' build argument 'catkin_skip_building_tests' from command line to 'False'
[3.873s] DEBUG:colcon.colcon_core.verb:Building package 'robot_bringup' with the following arguments: {'ament_cmake_args': None, 'build_base': '/home/jetson/beta_ws/build/robot_bringup', 'catkin_cmake_args': None, 'catkin_skip_building_tests': False, 'cmake_args': None, 'cmake_clean_cache': False, 'cmake_clean_first': False, 'cmake_force_configure': False, 'cmake_target': None, 'cmake_target_skip_unavailable': False, 'install_base': '/home/jetson/beta_ws/install/robot_bringup', 'merge_install': False, 'path': '/home/jetson/beta_ws/src/robot_bringup', 'symlink_install': False, 'test_result_base': None}
[3.876s] INFO:colcon.colcon_core.executor:Executing jobs using 'parallel' executor
[3.888s] DEBUG:colcon.colcon_parallel_executor.executor.parallel:run_until_complete
[3.889s] INFO:colcon.colcon_ros.task.ament_python.build:Building ROS package in '/home/jetson/beta_ws/src/robot_bringup' with build type 'ament_python'
[3.890s] Level 1:colcon.colcon_core.shell:create_environment_hook('robot_bringup', 'ament_prefix_path')
[3.924s] INFO:colcon.colcon_core.plugin_system:Skipping extension 'colcon_core.shell.bat': Not used on non-Windows systems
[3.925s] INFO:colcon.colcon_core.shell:Creating environment hook '/home/jetson/beta_ws/install/robot_bringup/share/robot_bringup/hook/ament_prefix_path.ps1'
[3.929s] INFO:colcon.colcon_core.shell:Creating environment descriptor '/home/jetson/beta_ws/install/robot_bringup/share/robot_bringup/hook/ament_prefix_path.dsv'
[3.931s] INFO:colcon.colcon_core.shell:Creating environment hook '/home/jetson/beta_ws/install/robot_bringup/share/robot_bringup/hook/ament_prefix_path.sh'
[3.939s] INFO:colcon.colcon_core.shell:Skip shell extension 'powershell' for command environment: Not usable outside of PowerShell
[3.939s] DEBUG:colcon.colcon_core.shell:Skip shell extension 'dsv' for command environment
[4.774s] INFO:colcon.colcon_core.task.python.build:Building Python package in '/home/jetson/beta_ws/src/robot_bringup'
[4.780s] INFO:colcon.colcon_core.shell:Skip shell extension 'powershell' for command environment: Not usable outside of PowerShell
[4.780s] DEBUG:colcon.colcon_core.shell:Skip shell extension 'dsv' for command environment
[6.427s] DEBUG:colcon.colcon_core.event_handler.log_command:Invoking command in '/home/jetson/beta_ws/src/robot_bringup': PYTHONPATH=/home/jetson/beta_ws/build/robot_bringup/prefix_override:/home/jetson/beta_ws/install/robot_bringup/lib/python3.8/site-packages:${PYTHONPATH} /usr/bin/python3 setup.py egg_info --egg-base ../../build/robot_bringup build --build-base /home/jetson/beta_ws/build/robot_bringup/build install --record /home/jetson/beta_ws/build/robot_bringup/install.log --install-scripts $base/lib/robot_bringup --single-version-externally-managed
[7.484s] DEBUG:colcon.colcon_core.event_handler.log_command:Invoked command in '/home/jetson/beta_ws/src/robot_bringup' returned '0': PYTHONPATH=/home/jetson/beta_ws/build/robot_bringup/prefix_override:/home/jetson/beta_ws/install/robot_bringup/lib/python3.8/site-packages:${PYTHONPATH} /usr/bin/python3 setup.py egg_info --egg-base ../../build/robot_bringup build --build-base /home/jetson/beta_ws/build/robot_bringup/build install --record /home/jetson/beta_ws/build/robot_bringup/install.log --install-scripts $base/lib/robot_bringup --single-version-externally-managed
[7.520s] Level 1:colcon.colcon_core.environment:checking '/home/jetson/beta_ws/install/robot_bringup' for CMake module files
[7.522s] Level 1:colcon.colcon_core.environment:checking '/home/jetson/beta_ws/install/robot_bringup' for CMake config files
[7.524s] Level 1:colcon.colcon_core.environment:checking '/home/jetson/beta_ws/install/robot_bringup/lib'
[7.525s] Level 1:colcon.colcon_core.environment:checking '/home/jetson/beta_ws/install/robot_bringup/bin'
[7.525s] Level 1:colcon.colcon_core.environment:checking '/home/jetson/beta_ws/install/robot_bringup/lib/pkgconfig/robot_bringup.pc'
[7.526s] Level 1:colcon.colcon_core.environment:checking '/home/jetson/beta_ws/install/robot_bringup/lib/python3.8/site-packages'
[7.526s] Level 1:colcon.colcon_core.shell:create_environment_hook('robot_bringup', 'pythonpath')
[7.532s] INFO:colcon.colcon_core.shell:Creating environment hook '/home/jetson/beta_ws/install/robot_bringup/share/robot_bringup/hook/pythonpath.ps1'
[7.533s] INFO:colcon.colcon_core.shell:Creating environment descriptor '/home/jetson/beta_ws/install/robot_bringup/share/robot_bringup/hook/pythonpath.dsv'
[7.534s] INFO:colcon.colcon_core.shell:Creating environment hook '/home/jetson/beta_ws/install/robot_bringup/share/robot_bringup/hook/pythonpath.sh'
[7.536s] Level 1:colcon.colcon_core.environment:checking '/home/jetson/beta_ws/install/robot_bringup/bin'
[7.536s] Level 1:colcon.colcon_core.environment:create_environment_scripts_only(robot_bringup)
[7.543s] INFO:colcon.colcon_core.shell:Creating package script '/home/jetson/beta_ws/install/robot_bringup/share/robot_bringup/package.ps1'
[7.547s] INFO:colcon.colcon_core.shell:Creating package descriptor '/home/jetson/beta_ws/install/robot_bringup/share/robot_bringup/package.dsv'
[7.550s] INFO:colcon.colcon_core.shell:Creating package script '/home/jetson/beta_ws/install/robot_bringup/share/robot_bringup/package.sh'
[7.553s] INFO:colcon.colcon_core.shell:Creating package script '/home/jetson/beta_ws/install/robot_bringup/share/robot_bringup/package.bash'
[7.558s] INFO:colcon.colcon_core.shell:Creating package script '/home/jetson/beta_ws/install/robot_bringup/share/robot_bringup/package.zsh'
[7.562s] Level 1:colcon.colcon_core.environment:create_file_with_runtime_dependencies(/home/jetson/beta_ws/install/robot_bringup/share/colcon-core/packages/robot_bringup)
[7.563s] DEBUG:colcon.colcon_parallel_executor.executor.parallel:closing loop
[7.564s] DEBUG:colcon.colcon_parallel_executor.executor.parallel:loop closed
[7.565s] DEBUG:colcon.colcon_parallel_executor.executor.parallel:run_until_complete finished with '0'
[7.565s] DEBUG:colcon.colcon_core.event_reactor:joining thread
[7.585s] INFO:colcon.colcon_core.plugin_system:Skipping extension 'colcon_notification.desktop_notification.terminal_notifier': Not used on non-Darwin systems
[7.585s] INFO:colcon.colcon_core.plugin_system:Skipping extension 'colcon_notification.desktop_notification.win32': Not used on non-Windows systems
[7.585s] INFO:colcon.colcon_notification.desktop_notification:Sending desktop notification using 'notify2'
[7.628s] DEBUG:colcon.colcon_notification.desktop_notification.notify2:Failed to initialize notify2: org.freedesktop.DBus.Error.Spawn.ChildExited: Process org.freedesktop.Notifications exited with status 1
[7.628s] DEBUG:colcon.colcon_core.event_reactor:joined thread
[7.634s] INFO:colcon.colcon_core.shell:Creating prefix script '/home/jetson/beta_ws/install/local_setup.ps1'
[7.639s] INFO:colcon.colcon_core.shell:Creating prefix util module '/home/jetson/beta_ws/install/_local_setup_util_ps1.py'
[7.646s] INFO:colcon.colcon_core.shell:Creating prefix chain script '/home/jetson/beta_ws/install/setup.ps1'
[7.652s] INFO:colcon.colcon_core.shell:Creating prefix script '/home/jetson/beta_ws/install/local_setup.sh'
[7.655s] INFO:colcon.colcon_core.shell:Creating prefix util module '/home/jetson/beta_ws/install/_local_setup_util_sh.py'
[7.657s] INFO:colcon.colcon_core.shell:Creating prefix chain script '/home/jetson/beta_ws/install/setup.sh'
[7.663s] INFO:colcon.colcon_core.shell:Creating prefix script '/home/jetson/beta_ws/install/local_setup.bash'
[7.667s] INFO:colcon.colcon_core.shell:Creating prefix chain script '/home/jetson/beta_ws/install/setup.bash'
[7.673s] INFO:colcon.colcon_core.shell:Creating prefix script '/home/jetson/beta_ws/install/local_setup.zsh'
[7.676s] INFO:colcon.colcon_core.shell:Creating prefix chain script '/home/jetson/beta_ws/install/setup.zsh'
