[2.284s] Invoking command in '/home/jetson/ros2_ws/src/robot': PYTHONPATH=/home/jetson/ros2_ws/build/robot/prefix_override:/home/jetson/ros2_ws/install/robot/lib/python3.8/site-packages:${PYTHONPATH} /usr/bin/python3 setup.py egg_info --egg-base ../../build/robot build --build-base /home/jetson/ros2_ws/build/robot/build install --record /home/jetson/ros2_ws/build/robot/install.log --install-scripts $base/lib/robot --single-version-externally-managed
[3.095s] running egg_info
[3.098s] writing ../../build/robot/robot.egg-info/PKG-INFO
[3.100s] writing dependency_links to ../../build/robot/robot.egg-info/dependency_links.txt
[3.101s] writing entry points to ../../build/robot/robot.egg-info/entry_points.txt
[3.101s] writing requirements to ../../build/robot/robot.egg-info/requires.txt
[3.102s] writing top-level names to ../../build/robot/robot.egg-info/top_level.txt
[3.241s] reading manifest file '../../build/robot/robot.egg-info/SOURCES.txt'
[3.244s] writing manifest file '../../build/robot/robot.egg-info/SOURCES.txt'
[3.246s] running build
[3.246s] running build_py
[3.247s] copying robot/motor_controller.py -> /home/jetson/ros2_ws/build/robot/build/lib/robot
[3.250s] running install
[3.252s] running install_lib
[3.256s] copying /home/jetson/ros2_ws/build/robot/build/lib/robot/motor_controller.py -> /home/jetson/ros2_ws/install/robot/lib/python3.8/site-packages/robot
[3.259s] byte-compiling /home/jetson/ros2_ws/install/robot/lib/python3.8/site-packages/robot/motor_controller.py to motor_controller.cpython-38.pyc
[3.265s]   File "/home/jetson/ros2_ws/install/robot/lib/python3.8/site-packages/robot/motor_controller.py", line 41
[3.266s]     if left_ratio = 1.0:
[3.266s]                   ^
[3.267s] SyntaxError: invalid syntax
[3.267s] 
[3.267s] running install_data
[3.268s] running install_egg_info
[3.272s] removing '/home/jetson/ros2_ws/install/robot/lib/python3.8/site-packages/robot-0.0.0-py3.8.egg-info' (and everything under it)
[3.273s] Copying ../../build/robot/robot.egg-info to /home/jetson/ros2_ws/install/robot/lib/python3.8/site-packages/robot-0.0.0-py3.8.egg-info
[3.276s] running install_scripts
[3.337s] Installing encoder_publisher script to /home/jetson/ros2_ws/install/robot/lib/robot
[3.338s] Installing encoder_publisher_left script to /home/jetson/ros2_ws/install/robot/lib/robot
[3.338s] Installing encoder_publisher_right script to /home/jetson/ros2_ws/install/robot/lib/robot
[3.339s] Installing imu_controller script to /home/jetson/ros2_ws/install/robot/lib/robot
[3.339s] Installing motor_controller script to /home/jetson/ros2_ws/install/robot/lib/robot
[3.339s] Installing motor_driver script to /home/jetson/ros2_ws/install/robot/lib/robot
[3.340s] Installing odom_publisher script to /home/jetson/ros2_ws/install/robot/lib/robot
[3.340s] Installing pid_controller script to /home/jetson/ros2_ws/install/robot/lib/robot
[3.341s] Installing velocity_publisher script to /home/jetson/ros2_ws/install/robot/lib/robot
[3.342s] writing list of installed files to '/home/jetson/ros2_ws/build/robot/install.log'
[3.439s] Invoked command in '/home/jetson/ros2_ws/src/robot' returned '0': PYTHONPATH=/home/jetson/ros2_ws/build/robot/prefix_override:/home/jetson/ros2_ws/install/robot/lib/python3.8/site-packages:${PYTHONPATH} /usr/bin/python3 setup.py egg_info --egg-base ../../build/robot build --build-base /home/jetson/ros2_ws/build/robot/build install --record /home/jetson/ros2_ws/build/robot/install.log --install-scripts $base/lib/robot --single-version-externally-managed
