[3.887s] Invoking command in '/home/scott/alpha_ws/src/robot': PYTHONPATH=/home/scott/alpha_ws/build/robot/prefix_override:/home/scott/alpha_ws/install/robot/lib/python3.10/site-packages:${PYTHONPATH} /usr/bin/python3 setup.py egg_info --egg-base ../../build/robot build --build-base /home/scott/alpha_ws/build/robot/build install --record /home/scott/alpha_ws/build/robot/install.log --single-version-externally-managed
[5.202s] running egg_info
[5.204s] writing ../../build/robot/robot.egg-info/PKG-INFO
[5.205s] writing dependency_links to ../../build/robot/robot.egg-info/dependency_links.txt
[5.207s] writing entry points to ../../build/robot/robot.egg-info/entry_points.txt
[5.207s] writing requirements to ../../build/robot/robot.egg-info/requires.txt
[5.208s] writing top-level names to ../../build/robot/robot.egg-info/top_level.txt
[5.219s] reading manifest file '../../build/robot/robot.egg-info/SOURCES.txt'
[5.230s] adding license file 'LICENSE'
[5.231s] writing manifest file '../../build/robot/robot.egg-info/SOURCES.txt'
[5.231s] running build
[5.232s] running build_py
[5.232s] copying robot/pid_controller_right.py -> /home/scott/alpha_ws/build/robot/build/lib/robot
[5.232s] running install
[5.233s] running install_lib
[5.234s] copying /home/scott/alpha_ws/build/robot/build/lib/robot/pid_controller_right.py -> /home/scott/alpha_ws/install/robot/lib/python3.10/site-packages/robot
[5.239s] byte-compiling /home/scott/alpha_ws/install/robot/lib/python3.10/site-packages/robot/pid_controller_right.py to pid_controller_right.cpython-310.pyc
[5.243s] running install_data
[5.246s] running install_egg_info
[5.253s] removing '/home/scott/alpha_ws/install/robot/lib/python3.10/site-packages/robot-0.0.0-py3.10.egg-info' (and everything under it)
[5.255s] Copying ../../build/robot/robot.egg-info to /home/scott/alpha_ws/install/robot/lib/python3.10/site-packages/robot-0.0.0-py3.10.egg-info
[5.261s] running install_scripts
[5.349s] Installing encoder_publisher_right script to /home/scott/alpha_ws/install/robot/lib/robot
[5.350s] Installing motor_controller script to /home/scott/alpha_ws/install/robot/lib/robot
[5.352s] Installing motor_driver script to /home/scott/alpha_ws/install/robot/lib/robot
[5.353s] Installing pid_controller_right script to /home/scott/alpha_ws/install/robot/lib/robot
[5.354s] Installing rpm_publisher_right script to /home/scott/alpha_ws/install/robot/lib/robot
[5.356s] writing list of installed files to '/home/scott/alpha_ws/build/robot/install.log'
[5.491s] Invoked command in '/home/scott/alpha_ws/src/robot' returned '0': PYTHONPATH=/home/scott/alpha_ws/build/robot/prefix_override:/home/scott/alpha_ws/install/robot/lib/python3.10/site-packages:${PYTHONPATH} /usr/bin/python3 setup.py egg_info --egg-base ../../build/robot build --build-base /home/scott/alpha_ws/build/robot/build install --record /home/scott/alpha_ws/build/robot/install.log --single-version-externally-managed
