[4.828s] Invoking command in '/home/scott/alpha_ws/src/robot_bringup': PYTHONPATH=/home/scott/alpha_ws/build/robot_bringup/prefix_override:/home/scott/alpha_ws/install/robot_bringup/lib/python3.10/site-packages:${PYTHONPATH} /usr/bin/python3 setup.py egg_info --egg-base ../../build/robot_bringup build --build-base /home/scott/alpha_ws/build/robot_bringup/build install --record /home/scott/alpha_ws/build/robot_bringup/install.log --single-version-externally-managed
[6.462s] running egg_info
[6.465s] writing ../../build/robot_bringup/robot_bringup.egg-info/PKG-INFO
[6.477s] writing dependency_links to ../../build/robot_bringup/robot_bringup.egg-info/dependency_links.txt
[6.478s] writing entry points to ../../build/robot_bringup/robot_bringup.egg-info/entry_points.txt
[6.479s] writing requirements to ../../build/robot_bringup/robot_bringup.egg-info/requires.txt
[6.480s] writing top-level names to ../../build/robot_bringup/robot_bringup.egg-info/top_level.txt
[6.493s] reading manifest file '../../build/robot_bringup/robot_bringup.egg-info/SOURCES.txt'
[6.496s] adding license file 'LICENSE'
[6.500s] writing manifest file '../../build/robot_bringup/robot_bringup.egg-info/SOURCES.txt'
[6.501s] running build
[6.501s] running build_py
[6.504s] running install
[6.506s] running install_lib
[6.512s] running install_data
[6.517s] copying launch/slamtoolbox.launch.py -> /home/scott/alpha_ws/install/robot_bringup/share/robot_bringup/launch
[6.520s] running install_egg_info
[6.528s] removing '/home/scott/alpha_ws/install/robot_bringup/lib/python3.10/site-packages/robot_bringup-0.0.0-py3.10.egg-info' (and everything under it)
[6.538s] Copying ../../build/robot_bringup/robot_bringup.egg-info to /home/scott/alpha_ws/install/robot_bringup/lib/python3.10/site-packages/robot_bringup-0.0.0-py3.10.egg-info
[6.544s] running install_scripts
[6.633s] writing list of installed files to '/home/scott/alpha_ws/build/robot_bringup/install.log'
[6.830s] Invoked command in '/home/scott/alpha_ws/src/robot_bringup' returned '0': PYTHONPATH=/home/scott/alpha_ws/build/robot_bringup/prefix_override:/home/scott/alpha_ws/install/robot_bringup/lib/python3.10/site-packages:${PYTHONPATH} /usr/bin/python3 setup.py egg_info --egg-base ../../build/robot_bringup build --build-base /home/scott/alpha_ws/build/robot_bringup/build install --record /home/scott/alpha_ws/build/robot_bringup/install.log --single-version-externally-managed
