[4.936s] Invoking command in '/home/scott/alpha_ws/src/robot': PYTHONPATH=/home/scott/alpha_ws/build/robot/prefix_override:/home/scott/alpha_ws/install/robot/lib/python3.10/site-packages:${PYTHONPATH} /usr/bin/python3 setup.py egg_info --egg-base ../../build/robot build --build-base /home/scott/alpha_ws/build/robot/build install --record /home/scott/alpha_ws/build/robot/install.log --single-version-externally-managed
[6.462s] running egg_info
[6.465s] writing ../../build/robot/robot.egg-info/PKG-INFO
[6.466s] writing dependency_links to ../../build/robot/robot.egg-info/dependency_links.txt
[6.470s] writing entry points to ../../build/robot/robot.egg-info/entry_points.txt
[6.472s] writing requirements to ../../build/robot/robot.egg-info/requires.txt
[6.474s] writing top-level names to ../../build/robot/robot.egg-info/top_level.txt
[6.484s] reading manifest file '../../build/robot/robot.egg-info/SOURCES.txt'
[6.488s] adding license file 'LICENSE'
[6.491s] writing manifest file '../../build/robot/robot.egg-info/SOURCES.txt'
[6.492s] running build
[6.493s] running build_py
[6.497s] copying robot/odom_publisher.py -> /home/scott/alpha_ws/build/robot/build/lib/robot
[6.500s] running install
[6.501s] running install_lib
[6.508s] copying /home/scott/alpha_ws/build/robot/build/lib/robot/odom_publisher.py -> /home/scott/alpha_ws/install/robot/lib/python3.10/site-packages/robot
[6.514s] byte-compiling /home/scott/alpha_ws/install/robot/lib/python3.10/site-packages/robot/odom_publisher.py to odom_publisher.cpython-310.pyc
[6.520s] running install_data
[6.523s] running install_egg_info
[6.532s] removing '/home/scott/alpha_ws/install/robot/lib/python3.10/site-packages/robot-0.0.0-py3.10.egg-info' (and everything under it)
[6.535s] Copying ../../build/robot/robot.egg-info to /home/scott/alpha_ws/install/robot/lib/python3.10/site-packages/robot-0.0.0-py3.10.egg-info
[6.544s] running install_scripts
[6.639s] Installing encoder_publisher script to /home/scott/alpha_ws/install/robot/lib/robot
[6.642s] Installing encoder_publisher_left script to /home/scott/alpha_ws/install/robot/lib/robot
[6.642s] Installing encoder_publisher_right script to /home/scott/alpha_ws/install/robot/lib/robot
[6.645s] Installing imu_publisher script to /home/scott/alpha_ws/install/robot/lib/robot
[6.646s] Installing motor_controller script to /home/scott/alpha_ws/install/robot/lib/robot
[6.647s] Installing motor_driver script to /home/scott/alpha_ws/install/robot/lib/robot
[6.648s] Installing odom_publisher script to /home/scott/alpha_ws/install/robot/lib/robot
[6.649s] Installing pid_controller_left script to /home/scott/alpha_ws/install/robot/lib/robot
[6.651s] Installing pid_controller_right script to /home/scott/alpha_ws/install/robot/lib/robot
[6.654s] writing list of installed files to '/home/scott/alpha_ws/build/robot/install.log'
[6.805s] Invoked command in '/home/scott/alpha_ws/src/robot' returned '0': PYTHONPATH=/home/scott/alpha_ws/build/robot/prefix_override:/home/scott/alpha_ws/install/robot/lib/python3.10/site-packages:${PYTHONPATH} /usr/bin/python3 setup.py egg_info --egg-base ../../build/robot build --build-base /home/scott/alpha_ws/build/robot/build install --record /home/scott/alpha_ws/build/robot/install.log --single-version-externally-managed
