[4.322s] Invoking command in '/home/jetson/ros2_ws/build/robot_bringup': PYTHONPATH=/home/jetson/ros2_ws/build/robot_bringup/prefix_override:/home/jetson/ros2_ws/install/robot_bringup/lib/python3.8/site-packages:${PYTHONPATH} /usr/bin/python3 setup.py develop --uninstall --editable --build-directory /home/jetson/ros2_ws/build/robot_bringup/build
[5.313s] running develop
[5.950s] Removing /home/jetson/ros2_ws/install/robot_bringup/lib/python3.8/site-packages/robot-bringup.egg-link (link to .)
[6.061s] Invoked command in '/home/jetson/ros2_ws/build/robot_bringup' returned '0': PYTHONPATH=/home/jetson/ros2_ws/build/robot_bringup/prefix_override:/home/jetson/ros2_ws/install/robot_bringup/lib/python3.8/site-packages:${PYTHONPATH} /usr/bin/python3 setup.py develop --uninstall --editable --build-directory /home/jetson/ros2_ws/build/robot_bringup/build
[6.067s] Invoking command in '/home/jetson/ros2_ws/src/robot_bringup': PYTHONPATH=/home/jetson/ros2_ws/build/robot_bringup/prefix_override:/home/jetson/ros2_ws/install/robot_bringup/lib/python3.8/site-packages:${PYTHONPATH} /usr/bin/python3 setup.py egg_info --egg-base ../../build/robot_bringup build --build-base /home/jetson/ros2_ws/build/robot_bringup/build install --record /home/jetson/ros2_ws/build/robot_bringup/install.log --install-scripts $base/lib/robot_bringup --single-version-externally-managed
[7.031s] running egg_info
[7.037s] writing ../../build/robot_bringup/robot_bringup.egg-info/PKG-INFO
[7.040s] writing dependency_links to ../../build/robot_bringup/robot_bringup.egg-info/dependency_links.txt
[7.042s] writing entry points to ../../build/robot_bringup/robot_bringup.egg-info/entry_points.txt
[7.045s] writing requirements to ../../build/robot_bringup/robot_bringup.egg-info/requires.txt
[7.047s] writing top-level names to ../../build/robot_bringup/robot_bringup.egg-info/top_level.txt
[7.194s] reading manifest file '../../build/robot_bringup/robot_bringup.egg-info/SOURCES.txt'
[7.198s] writing manifest file '../../build/robot_bringup/robot_bringup.egg-info/SOURCES.txt'
[7.199s] running build
[7.199s] running build_py
[7.200s] running install
[7.202s] running install_lib
[7.207s] creating /home/jetson/ros2_ws/install/robot_bringup/lib/python3.8/site-packages/robot_bringup
[7.208s] copying /home/jetson/ros2_ws/build/robot_bringup/build/lib/robot_bringup/__init__.py -> /home/jetson/ros2_ws/install/robot_bringup/lib/python3.8/site-packages/robot_bringup
[7.220s] byte-compiling /home/jetson/ros2_ws/install/robot_bringup/lib/python3.8/site-packages/robot_bringup/__init__.py to __init__.cpython-38.pyc
[7.227s] running install_data
[7.231s] running install_egg_info
[7.238s] Copying ../../build/robot_bringup/robot_bringup.egg-info to /home/jetson/ros2_ws/install/robot_bringup/lib/python3.8/site-packages/robot_bringup-0.0.0-py3.8.egg-info
[7.265s] running install_scripts
[7.340s] writing list of installed files to '/home/jetson/ros2_ws/build/robot_bringup/install.log'
[7.552s] Invoked command in '/home/jetson/ros2_ws/src/robot_bringup' returned '0': PYTHONPATH=/home/jetson/ros2_ws/build/robot_bringup/prefix_override:/home/jetson/ros2_ws/install/robot_bringup/lib/python3.8/site-packages:${PYTHONPATH} /usr/bin/python3 setup.py egg_info --egg-base ../../build/robot_bringup build --build-base /home/jetson/ros2_ws/build/robot_bringup/build install --record /home/jetson/ros2_ws/build/robot_bringup/install.log --install-scripts $base/lib/robot_bringup --single-version-externally-managed
