[3.283s] Invoking command in '/home/jetson/ros2_ws/build/robot_bringup': PYTHONPATH=/home/jetson/ros2_ws/build/robot_bringup/prefix_override:/home/jetson/ros2_ws/install/robot_bringup/lib/python3.8/site-packages:${PYTHONPATH} /usr/bin/python3 setup.py develop --uninstall --editable --build-directory /home/jetson/ros2_ws/build/robot_bringup/build
[4.379s] running develop
[5.178s] Invoked command in '/home/jetson/ros2_ws/build/robot_bringup' returned '0': PYTHONPATH=/home/jetson/ros2_ws/build/robot_bringup/prefix_override:/home/jetson/ros2_ws/install/robot_bringup/lib/python3.8/site-packages:${PYTHONPATH} /usr/bin/python3 setup.py develop --uninstall --editable --build-directory /home/jetson/ros2_ws/build/robot_bringup/build
[5.186s] Invoking command in '/home/jetson/ros2_ws/src/robot_bringup': PYTHONPATH=/home/jetson/ros2_ws/build/robot_bringup/prefix_override:/home/jetson/ros2_ws/install/robot_bringup/lib/python3.8/site-packages:${PYTHONPATH} /usr/bin/python3 setup.py egg_info --egg-base ../../build/robot_bringup build --build-base /home/jetson/ros2_ws/build/robot_bringup/build install --record /home/jetson/ros2_ws/build/robot_bringup/install.log --single-version-externally-managed
[6.198s] running egg_info
[6.199s] writing ../../build/robot_bringup/robot_bringup.egg-info/PKG-INFO
[6.203s] writing dependency_links to ../../build/robot_bringup/robot_bringup.egg-info/dependency_links.txt
[6.204s] writing entry points to ../../build/robot_bringup/robot_bringup.egg-info/entry_points.txt
[6.205s] writing requirements to ../../build/robot_bringup/robot_bringup.egg-info/requires.txt
[6.206s] writing top-level names to ../../build/robot_bringup/robot_bringup.egg-info/top_level.txt
[6.357s] reading manifest file '../../build/robot_bringup/robot_bringup.egg-info/SOURCES.txt'
[6.363s] writing manifest file '../../build/robot_bringup/robot_bringup.egg-info/SOURCES.txt'
[6.364s] running build
[6.364s] running build_py
[6.365s] running install
[6.369s] running install_lib
[6.372s] running install_data
[6.375s] copying config/mapper_params_online_sync.yaml -> /home/jetson/ros2_ws/install/robot_bringup/share/robot_bringup/config
[6.376s] running install_egg_info
[6.383s] removing '/home/jetson/ros2_ws/install/robot_bringup/lib/python3.8/site-packages/robot_bringup-0.0.0-py3.8.egg-info' (and everything under it)
[6.384s] Copying ../../build/robot_bringup/robot_bringup.egg-info to /home/jetson/ros2_ws/install/robot_bringup/lib/python3.8/site-packages/robot_bringup-0.0.0-py3.8.egg-info
[6.388s] running install_scripts
[6.456s] writing list of installed files to '/home/jetson/ros2_ws/build/robot_bringup/install.log'
[6.558s] Invoked command in '/home/jetson/ros2_ws/src/robot_bringup' returned '0': PYTHONPATH=/home/jetson/ros2_ws/build/robot_bringup/prefix_override:/home/jetson/ros2_ws/install/robot_bringup/lib/python3.8/site-packages:${PYTHONPATH} /usr/bin/python3 setup.py egg_info --egg-base ../../build/robot_bringup build --build-base /home/jetson/ros2_ws/build/robot_bringup/build install --record /home/jetson/ros2_ws/build/robot_bringup/install.log --single-version-externally-managed
