[2.213s] Invoking command in '/home/jetson/ros2_ws/src/robot': PYTHONPATH=/home/jetson/ros2_ws/build/robot/prefix_override:/home/jetson/ros2_ws/install/robot/lib/python3.8/site-packages:${PYTHONPATH} /usr/bin/python3 setup.py egg_info --egg-base ../../build/robot build --build-base /home/jetson/ros2_ws/build/robot/build install --record /home/jetson/ros2_ws/build/robot/install.log --install-scripts $base/lib/robot --single-version-externally-managed
[2.953s] running egg_info
[2.956s] writing ../../build/robot/robot.egg-info/PKG-INFO
[2.957s] writing dependency_links to ../../build/robot/robot.egg-info/dependency_links.txt
[2.958s] writing entry points to ../../build/robot/robot.egg-info/entry_points.txt
[2.958s] writing requirements to ../../build/robot/robot.egg-info/requires.txt
[2.959s] writing top-level names to ../../build/robot/robot.egg-info/top_level.txt
[3.083s] reading manifest file '../../build/robot/robot.egg-info/SOURCES.txt'
[3.086s] writing manifest file '../../build/robot/robot.egg-info/SOURCES.txt'
[3.088s] running build
[3.088s] running build_py
[3.089s] copying robot/motor_controller.py -> /home/jetson/ros2_ws/build/robot/build/lib/robot
[3.091s] running install
[3.093s] running install_lib
[3.096s] copying /home/jetson/ros2_ws/build/robot/build/lib/robot/motor_controller.py -> /home/jetson/ros2_ws/install/robot/lib/python3.8/site-packages/robot
[3.099s] byte-compiling /home/jetson/ros2_ws/install/robot/lib/python3.8/site-packages/robot/motor_controller.py to motor_controller.cpython-38.pyc
[3.104s] running install_data
[3.106s] running install_egg_info
[3.111s] removing '/home/jetson/ros2_ws/install/robot/lib/python3.8/site-packages/robot-0.0.0-py3.8.egg-info' (and everything under it)
[3.112s] Copying ../../build/robot/robot.egg-info to /home/jetson/ros2_ws/install/robot/lib/python3.8/site-packages/robot-0.0.0-py3.8.egg-info
[3.114s] running install_scripts
[3.169s] Installing encoder_publisher script to /home/jetson/ros2_ws/install/robot/lib/robot
[3.171s] Installing encoder_publisher_left script to /home/jetson/ros2_ws/install/robot/lib/robot
[3.171s] Installing encoder_publisher_right script to /home/jetson/ros2_ws/install/robot/lib/robot
[3.172s] Installing imu_controller script to /home/jetson/ros2_ws/install/robot/lib/robot
[3.172s] Installing motor_controller script to /home/jetson/ros2_ws/install/robot/lib/robot
[3.172s] Installing motor_driver script to /home/jetson/ros2_ws/install/robot/lib/robot
[3.173s] Installing odom_publisher script to /home/jetson/ros2_ws/install/robot/lib/robot
[3.173s] Installing pid_controller script to /home/jetson/ros2_ws/install/robot/lib/robot
[3.174s] Installing velocity_publisher script to /home/jetson/ros2_ws/install/robot/lib/robot
[3.174s] writing list of installed files to '/home/jetson/ros2_ws/build/robot/install.log'
[3.268s] Invoked command in '/home/jetson/ros2_ws/src/robot' returned '0': PYTHONPATH=/home/jetson/ros2_ws/build/robot/prefix_override:/home/jetson/ros2_ws/install/robot/lib/python3.8/site-packages:${PYTHONPATH} /usr/bin/python3 setup.py egg_info --egg-base ../../build/robot build --build-base /home/jetson/ros2_ws/build/robot/build install --record /home/jetson/ros2_ws/build/robot/install.log --install-scripts $base/lib/robot --single-version-externally-managed
