[4.019s] Invoking command in '/home/scott/alpha_ws/src/robot': PYTHONPATH=/home/scott/alpha_ws/build/robot/prefix_override:/home/scott/alpha_ws/install/robot/lib/python3.10/site-packages:${PYTHONPATH} /usr/bin/python3 setup.py egg_info --egg-base ../../build/robot build --build-base /home/scott/alpha_ws/build/robot/build install --record /home/scott/alpha_ws/build/robot/install.log --single-version-externally-managed
[5.387s] running egg_info
[5.390s] writing ../../build/robot/robot.egg-info/PKG-INFO
[5.391s] writing dependency_links to ../../build/robot/robot.egg-info/dependency_links.txt
[5.393s] writing entry points to ../../build/robot/robot.egg-info/entry_points.txt
[5.394s] writing requirements to ../../build/robot/robot.egg-info/requires.txt
[5.395s] writing top-level names to ../../build/robot/robot.egg-info/top_level.txt
[5.405s] reading manifest file '../../build/robot/robot.egg-info/SOURCES.txt'
[5.406s] adding license file 'LICENSE'
[5.410s] writing manifest file '../../build/robot/robot.egg-info/SOURCES.txt'
[5.411s] running build
[5.411s] running build_py
[5.413s] copying robot/pid_controller_right.py -> /home/scott/alpha_ws/build/robot/build/lib/robot
[5.416s] copying robot/pid_controller_left.py -> /home/scott/alpha_ws/build/robot/build/lib/robot
[5.418s] running install
[5.420s] running install_lib
[5.424s] copying /home/scott/alpha_ws/build/robot/build/lib/robot/pid_controller_right.py -> /home/scott/alpha_ws/install/robot/lib/python3.10/site-packages/robot
[5.427s] copying /home/scott/alpha_ws/build/robot/build/lib/robot/pid_controller_left.py -> /home/scott/alpha_ws/install/robot/lib/python3.10/site-packages/robot
[5.432s] byte-compiling /home/scott/alpha_ws/install/robot/lib/python3.10/site-packages/robot/pid_controller_right.py to pid_controller_right.cpython-310.pyc
[5.437s] byte-compiling /home/scott/alpha_ws/install/robot/lib/python3.10/site-packages/robot/pid_controller_left.py to pid_controller_left.cpython-310.pyc
[5.440s] running install_data
[5.443s] running install_egg_info
[5.451s] removing '/home/scott/alpha_ws/install/robot/lib/python3.10/site-packages/robot-0.0.0-py3.10.egg-info' (and everything under it)
[5.453s] Copying ../../build/robot/robot.egg-info to /home/scott/alpha_ws/install/robot/lib/python3.10/site-packages/robot-0.0.0-py3.10.egg-info
[5.460s] running install_scripts
[5.546s] Installing encoder_publisher script to /home/scott/alpha_ws/install/robot/lib/robot
[5.547s] Installing encoder_publisher_left script to /home/scott/alpha_ws/install/robot/lib/robot
[5.549s] Installing encoder_publisher_right script to /home/scott/alpha_ws/install/robot/lib/robot
[5.550s] Installing imu_publisher script to /home/scott/alpha_ws/install/robot/lib/robot
[5.551s] Installing motor_controller script to /home/scott/alpha_ws/install/robot/lib/robot
[5.552s] Installing motor_driver script to /home/scott/alpha_ws/install/robot/lib/robot
[5.553s] Installing odom_publisher script to /home/scott/alpha_ws/install/robot/lib/robot
[5.554s] Installing pid_controller_left script to /home/scott/alpha_ws/install/robot/lib/robot
[5.555s] Installing pid_controller_right script to /home/scott/alpha_ws/install/robot/lib/robot
[5.556s] Installing rpm_publisher_left script to /home/scott/alpha_ws/install/robot/lib/robot
[5.557s] Installing rpm_publisher_right script to /home/scott/alpha_ws/install/robot/lib/robot
[5.560s] writing list of installed files to '/home/scott/alpha_ws/build/robot/install.log'
[5.694s] Invoked command in '/home/scott/alpha_ws/src/robot' returned '0': PYTHONPATH=/home/scott/alpha_ws/build/robot/prefix_override:/home/scott/alpha_ws/install/robot/lib/python3.10/site-packages:${PYTHONPATH} /usr/bin/python3 setup.py egg_info --egg-base ../../build/robot build --build-base /home/scott/alpha_ws/build/robot/build install --record /home/scott/alpha_ws/build/robot/install.log --single-version-externally-managed
