[3.936s] Invoking command in '/home/scott/alpha_ws/src/robot': PYTHONPATH=/home/scott/alpha_ws/build/robot/prefix_override:/home/scott/alpha_ws/install/robot/lib/python3.10/site-packages:${PYTHONPATH} /usr/bin/python3 setup.py egg_info --egg-base ../../build/robot build --build-base /home/scott/alpha_ws/build/robot/build install --record /home/scott/alpha_ws/build/robot/install.log --single-version-externally-managed
[5.270s] running egg_info
[5.273s] writing ../../build/robot/robot.egg-info/PKG-INFO
[5.274s] writing dependency_links to ../../build/robot/robot.egg-info/dependency_links.txt
[5.275s] writing entry points to ../../build/robot/robot.egg-info/entry_points.txt
[5.276s] writing requirements to ../../build/robot/robot.egg-info/requires.txt
[5.277s] writing top-level names to ../../build/robot/robot.egg-info/top_level.txt
[5.287s] reading manifest file '../../build/robot/robot.egg-info/SOURCES.txt'
[5.288s] adding license file 'LICENSE'
[5.294s] writing manifest file '../../build/robot/robot.egg-info/SOURCES.txt'
[5.295s] running build
[5.295s] running build_py
[5.296s] copying robot/pid_controller_right.py -> /home/scott/alpha_ws/build/robot/build/lib/robot
[5.297s] running install
[5.299s] running install_lib
[5.303s] copying /home/scott/alpha_ws/build/robot/build/lib/robot/pid_controller_right.py -> /home/scott/alpha_ws/install/robot/lib/python3.10/site-packages/robot
[5.307s] byte-compiling /home/scott/alpha_ws/install/robot/lib/python3.10/site-packages/robot/pid_controller_right.py to pid_controller_right.cpython-310.pyc
[5.311s] running install_data
[5.313s] running install_egg_info
[5.321s] removing '/home/scott/alpha_ws/install/robot/lib/python3.10/site-packages/robot-0.0.0-py3.10.egg-info' (and everything under it)
[5.323s] Copying ../../build/robot/robot.egg-info to /home/scott/alpha_ws/install/robot/lib/python3.10/site-packages/robot-0.0.0-py3.10.egg-info
[5.329s] running install_scripts
[5.419s] Installing encoder_publisher_right script to /home/scott/alpha_ws/install/robot/lib/robot
[5.420s] Installing motor_controller script to /home/scott/alpha_ws/install/robot/lib/robot
[5.421s] Installing motor_driver script to /home/scott/alpha_ws/install/robot/lib/robot
[5.422s] Installing pid_controller_right script to /home/scott/alpha_ws/install/robot/lib/robot
[5.422s] Installing rpm_publisher_right script to /home/scott/alpha_ws/install/robot/lib/robot
[5.425s] writing list of installed files to '/home/scott/alpha_ws/build/robot/install.log'
[5.562s] Invoked command in '/home/scott/alpha_ws/src/robot' returned '0': PYTHONPATH=/home/scott/alpha_ws/build/robot/prefix_override:/home/scott/alpha_ws/install/robot/lib/python3.10/site-packages:${PYTHONPATH} /usr/bin/python3 setup.py egg_info --egg-base ../../build/robot build --build-base /home/scott/alpha_ws/build/robot/build install --record /home/scott/alpha_ws/build/robot/install.log --single-version-externally-managed
