[3.150s] Invoking command in '/home/jetson/ros2_ws/src/robot_description': PYTHONPATH=/home/jetson/ros2_ws/build/robot_description/prefix_override:/home/jetson/ros2_ws/install/robot_description/lib/python3.8/site-packages:${PYTHONPATH} /usr/bin/python3 setup.py egg_info --egg-base ../../build/robot_description build --build-base /home/jetson/ros2_ws/build/robot_description/build install --record /home/jetson/ros2_ws/build/robot_description/install.log --install-scripts $base/lib/robot_description --single-version-externally-managed
[4.126s] running egg_info
[4.129s] writing ../../build/robot_description/robot_description.egg-info/PKG-INFO
[4.130s] writing dependency_links to ../../build/robot_description/robot_description.egg-info/dependency_links.txt
[4.131s] writing entry points to ../../build/robot_description/robot_description.egg-info/entry_points.txt
[4.131s] writing requirements to ../../build/robot_description/robot_description.egg-info/requires.txt
[4.131s] writing top-level names to ../../build/robot_description/robot_description.egg-info/top_level.txt
[4.293s] reading manifest file '../../build/robot_description/robot_description.egg-info/SOURCES.txt'
[4.299s] writing manifest file '../../build/robot_description/robot_description.egg-info/SOURCES.txt'
[4.300s] running build
[4.300s] running build_py
[4.302s] running install
[4.304s] running install_lib
[4.309s] running install_data
[4.311s] copying urdf/robot_description.urdf -> /home/jetson/ros2_ws/install/robot_description/share/robot_description
[4.311s] running install_egg_info
[4.318s] removing '/home/jetson/ros2_ws/install/robot_description/lib/python3.8/site-packages/robot_description-0.0.0-py3.8.egg-info' (and everything under it)
[4.319s] Copying ../../build/robot_description/robot_description.egg-info to /home/jetson/ros2_ws/install/robot_description/lib/python3.8/site-packages/robot_description-0.0.0-py3.8.egg-info
[4.324s] running install_scripts
[4.396s] writing list of installed files to '/home/jetson/ros2_ws/build/robot_description/install.log'
[4.509s] Invoked command in '/home/jetson/ros2_ws/src/robot_description' returned '0': PYTHONPATH=/home/jetson/ros2_ws/build/robot_description/prefix_override:/home/jetson/ros2_ws/install/robot_description/lib/python3.8/site-packages:${PYTHONPATH} /usr/bin/python3 setup.py egg_info --egg-base ../../build/robot_description build --build-base /home/jetson/ros2_ws/build/robot_description/build install --record /home/jetson/ros2_ws/build/robot_description/install.log --install-scripts $base/lib/robot_description --single-version-externally-managed
