[2.257s] Invoking command in '/home/jetson/ros2_ws/src/robot': PYTHONPATH=/home/jetson/ros2_ws/build/robot/prefix_override:/home/jetson/ros2_ws/install/robot/lib/python3.8/site-packages:${PYTHONPATH} /usr/bin/python3 setup.py egg_info --egg-base ../../build/robot build --build-base /home/jetson/ros2_ws/build/robot/build install --record /home/jetson/ros2_ws/build/robot/install.log --install-scripts $base/lib/robot --single-version-externally-managed
[3.008s] running egg_info
[3.012s] writing ../../build/robot/robot.egg-info/PKG-INFO
[3.013s] writing dependency_links to ../../build/robot/robot.egg-info/dependency_links.txt
[3.013s] writing entry points to ../../build/robot/robot.egg-info/entry_points.txt
[3.014s] writing requirements to ../../build/robot/robot.egg-info/requires.txt
[3.014s] writing top-level names to ../../build/robot/robot.egg-info/top_level.txt
[3.139s] reading manifest file '../../build/robot/robot.egg-info/SOURCES.txt'
[3.143s] writing manifest file '../../build/robot/robot.egg-info/SOURCES.txt'
[3.144s] running build
[3.144s] running build_py
[3.145s] copying robot/pid_controller.py -> /home/jetson/ros2_ws/build/robot/build/lib/robot
[3.145s] running install
[3.148s] running install_lib
[3.152s] copying /home/jetson/ros2_ws/build/robot/build/lib/robot/pid_controller.py -> /home/jetson/ros2_ws/install/robot/lib/python3.8/site-packages/robot
[3.155s] byte-compiling /home/jetson/ros2_ws/install/robot/lib/python3.8/site-packages/robot/pid_controller.py to pid_controller.cpython-38.pyc
[3.161s] running install_data
[3.163s] running install_egg_info
[3.168s] removing '/home/jetson/ros2_ws/install/robot/lib/python3.8/site-packages/robot-0.0.0-py3.8.egg-info' (and everything under it)
[3.169s] Copying ../../build/robot/robot.egg-info to /home/jetson/ros2_ws/install/robot/lib/python3.8/site-packages/robot-0.0.0-py3.8.egg-info
[3.171s] running install_scripts
[3.225s] Installing encoder_publisher script to /home/jetson/ros2_ws/install/robot/lib/robot
[3.226s] Installing encoder_publisher_left script to /home/jetson/ros2_ws/install/robot/lib/robot
[3.226s] Installing encoder_publisher_right script to /home/jetson/ros2_ws/install/robot/lib/robot
[3.226s] Installing imu_controller script to /home/jetson/ros2_ws/install/robot/lib/robot
[3.227s] Installing motor_controller script to /home/jetson/ros2_ws/install/robot/lib/robot
[3.227s] Installing motor_driver script to /home/jetson/ros2_ws/install/robot/lib/robot
[3.228s] Installing odom_publisher script to /home/jetson/ros2_ws/install/robot/lib/robot
[3.228s] Installing pid_controller script to /home/jetson/ros2_ws/install/robot/lib/robot
[3.228s] Installing velocity_publisher script to /home/jetson/ros2_ws/install/robot/lib/robot
[3.229s] writing list of installed files to '/home/jetson/ros2_ws/build/robot/install.log'
[3.316s] Invoked command in '/home/jetson/ros2_ws/src/robot' returned '0': PYTHONPATH=/home/jetson/ros2_ws/build/robot/prefix_override:/home/jetson/ros2_ws/install/robot/lib/python3.8/site-packages:${PYTHONPATH} /usr/bin/python3 setup.py egg_info --egg-base ../../build/robot build --build-base /home/jetson/ros2_ws/build/robot/build install --record /home/jetson/ros2_ws/build/robot/install.log --install-scripts $base/lib/robot --single-version-externally-managed
