[3.227s] Invoking command in '/home/jetson/beta_ws/src/robot_bringup': PYTHONPATH=/home/jetson/beta_ws/build/robot_bringup/prefix_override:/home/jetson/beta_ws/install/robot_bringup/lib/python3.8/site-packages:${PYTHONPATH} /usr/bin/python3 setup.py egg_info --egg-base ../../build/robot_bringup build --build-base /home/jetson/beta_ws/build/robot_bringup/build install --record /home/jetson/beta_ws/build/robot_bringup/install.log --install-scripts $base/lib/robot_bringup --single-version-externally-managed
[4.388s] running egg_info
[4.392s] writing ../../build/robot_bringup/robot_bringup.egg-info/PKG-INFO
[4.393s] writing dependency_links to ../../build/robot_bringup/robot_bringup.egg-info/dependency_links.txt
[4.395s] writing entry points to ../../build/robot_bringup/robot_bringup.egg-info/entry_points.txt
[4.396s] writing requirements to ../../build/robot_bringup/robot_bringup.egg-info/requires.txt
[4.397s] writing top-level names to ../../build/robot_bringup/robot_bringup.egg-info/top_level.txt
[4.561s] reading manifest file '../../build/robot_bringup/robot_bringup.egg-info/SOURCES.txt'
[4.564s] writing manifest file '../../build/robot_bringup/robot_bringup.egg-info/SOURCES.txt'
[4.566s] running build
[4.566s] running build_py
[4.567s] running install
[4.571s] running install_lib
[4.576s] running install_data
[4.579s] copying launch/navigation_launch.py -> /home/jetson/beta_ws/install/robot_bringup/share/robot_bringup/launch
[4.580s] running install_egg_info
[4.588s] removing '/home/jetson/beta_ws/install/robot_bringup/lib/python3.8/site-packages/robot_bringup-0.0.0-py3.8.egg-info' (and everything under it)
[4.589s] Copying ../../build/robot_bringup/robot_bringup.egg-info to /home/jetson/beta_ws/install/robot_bringup/lib/python3.8/site-packages/robot_bringup-0.0.0-py3.8.egg-info
[4.593s] running install_scripts
[4.670s] writing list of installed files to '/home/jetson/beta_ws/build/robot_bringup/install.log'
[4.781s] Invoked command in '/home/jetson/beta_ws/src/robot_bringup' returned '0': PYTHONPATH=/home/jetson/beta_ws/build/robot_bringup/prefix_override:/home/jetson/beta_ws/install/robot_bringup/lib/python3.8/site-packages:${PYTHONPATH} /usr/bin/python3 setup.py egg_info --egg-base ../../build/robot_bringup build --build-base /home/jetson/beta_ws/build/robot_bringup/build install --record /home/jetson/beta_ws/build/robot_bringup/install.log --install-scripts $base/lib/robot_bringup --single-version-externally-managed
