[2.230s] Invoking command in '/home/jetson/ros2_ws/src/robot': PYTHONPATH=/home/jetson/ros2_ws/build/robot/prefix_override:/home/jetson/ros2_ws/install/robot/lib/python3.8/site-packages:${PYTHONPATH} /usr/bin/python3 setup.py egg_info --egg-base ../../build/robot build --build-base /home/jetson/ros2_ws/build/robot/build install --record /home/jetson/ros2_ws/build/robot/install.log --install-scripts $base/lib/robot --single-version-externally-managed
[3.032s] running egg_info
[3.034s] writing ../../build/robot/robot.egg-info/PKG-INFO
[3.036s] writing dependency_links to ../../build/robot/robot.egg-info/dependency_links.txt
[3.037s] writing entry points to ../../build/robot/robot.egg-info/entry_points.txt
[3.037s] writing requirements to ../../build/robot/robot.egg-info/requires.txt
[3.038s] writing top-level names to ../../build/robot/robot.egg-info/top_level.txt
[3.166s] reading manifest file '../../build/robot/robot.egg-info/SOURCES.txt'
[3.171s] writing manifest file '../../build/robot/robot.egg-info/SOURCES.txt'
[3.171s] running build
[3.171s] running build_py
[3.172s] copying robot/motor_controller.py -> /home/jetson/ros2_ws/build/robot/build/lib/robot
[3.173s] running install
[3.176s] running install_lib
[3.179s] copying /home/jetson/ros2_ws/build/robot/build/lib/robot/motor_controller.py -> /home/jetson/ros2_ws/install/robot/lib/python3.8/site-packages/robot
[3.182s] byte-compiling /home/jetson/ros2_ws/install/robot/lib/python3.8/site-packages/robot/motor_controller.py to motor_controller.cpython-38.pyc
[3.188s] running install_data
[3.190s] running install_egg_info
[3.195s] removing '/home/jetson/ros2_ws/install/robot/lib/python3.8/site-packages/robot-0.0.0-py3.8.egg-info' (and everything under it)
[3.196s] Copying ../../build/robot/robot.egg-info to /home/jetson/ros2_ws/install/robot/lib/python3.8/site-packages/robot-0.0.0-py3.8.egg-info
[3.199s] running install_scripts
[3.257s] Installing encoder_publisher script to /home/jetson/ros2_ws/install/robot/lib/robot
[3.258s] Installing encoder_publisher_left script to /home/jetson/ros2_ws/install/robot/lib/robot
[3.258s] Installing encoder_publisher_right script to /home/jetson/ros2_ws/install/robot/lib/robot
[3.259s] Installing imu_controller script to /home/jetson/ros2_ws/install/robot/lib/robot
[3.259s] Installing motor_controller script to /home/jetson/ros2_ws/install/robot/lib/robot
[3.259s] Installing motor_driver script to /home/jetson/ros2_ws/install/robot/lib/robot
[3.260s] Installing odom_publisher script to /home/jetson/ros2_ws/install/robot/lib/robot
[3.260s] Installing pid_controller script to /home/jetson/ros2_ws/install/robot/lib/robot
[3.261s] Installing velocity_publisher script to /home/jetson/ros2_ws/install/robot/lib/robot
[3.261s] writing list of installed files to '/home/jetson/ros2_ws/build/robot/install.log'
[3.355s] Invoked command in '/home/jetson/ros2_ws/src/robot' returned '0': PYTHONPATH=/home/jetson/ros2_ws/build/robot/prefix_override:/home/jetson/ros2_ws/install/robot/lib/python3.8/site-packages:${PYTHONPATH} /usr/bin/python3 setup.py egg_info --egg-base ../../build/robot build --build-base /home/jetson/ros2_ws/build/robot/build install --record /home/jetson/ros2_ws/build/robot/install.log --install-scripts $base/lib/robot --single-version-externally-managed
