[4.006s] Invoking command in '/home/scott/alpha_ws/src/robot_description': PYTHONPATH=/home/scott/alpha_ws/build/robot_description/prefix_override:/home/scott/alpha_ws/install/robot_description/lib/python3.10/site-packages:${PYTHONPATH} /usr/bin/python3 setup.py egg_info --egg-base ../../build/robot_description build --build-base /home/scott/alpha_ws/build/robot_description/build install --record /home/scott/alpha_ws/build/robot_description/install.log --single-version-externally-managed
[5.332s] running egg_info
[5.335s] writing ../../build/robot_description/robot_description.egg-info/PKG-INFO
[5.337s] writing dependency_links to ../../build/robot_description/robot_description.egg-info/dependency_links.txt
[5.337s] writing entry points to ../../build/robot_description/robot_description.egg-info/entry_points.txt
[5.338s] writing requirements to ../../build/robot_description/robot_description.egg-info/requires.txt
[5.339s] writing top-level names to ../../build/robot_description/robot_description.egg-info/top_level.txt
[5.349s] reading manifest file '../../build/robot_description/robot_description.egg-info/SOURCES.txt'
[5.351s] adding license file 'LICENSE'
[5.354s] writing manifest file '../../build/robot_description/robot_description.egg-info/SOURCES.txt'
[5.356s] running build
[5.357s] running build_py
[5.359s] running install
[5.359s] running install_lib
[5.364s] running install_data
[5.367s] copying urdf/robot_description.urdf -> /home/scott/alpha_ws/install/robot_description/share/robot_description
[5.369s] running install_egg_info
[5.376s] removing '/home/scott/alpha_ws/install/robot_description/lib/python3.10/site-packages/robot_description-0.0.0-py3.10.egg-info' (and everything under it)
[5.378s] Copying ../../build/robot_description/robot_description.egg-info to /home/scott/alpha_ws/install/robot_description/lib/python3.10/site-packages/robot_description-0.0.0-py3.10.egg-info
[5.388s] running install_scripts
[5.476s] writing list of installed files to '/home/scott/alpha_ws/build/robot_description/install.log'
[5.609s] Invoked command in '/home/scott/alpha_ws/src/robot_description' returned '0': PYTHONPATH=/home/scott/alpha_ws/build/robot_description/prefix_override:/home/scott/alpha_ws/install/robot_description/lib/python3.10/site-packages:${PYTHONPATH} /usr/bin/python3 setup.py egg_info --egg-base ../../build/robot_description build --build-base /home/scott/alpha_ws/build/robot_description/build install --record /home/scott/alpha_ws/build/robot_description/install.log --single-version-externally-managed
