[4.480s] Invoking command in '/home/jetson/ros2_ws/build/robot': PYTHONPATH=/home/jetson/ros2_ws/build/robot/prefix_override:/home/jetson/ros2_ws/install/robot/lib/python3.8/site-packages:${PYTHONPATH} /usr/bin/python3 setup.py develop --uninstall --editable --build-directory /home/jetson/ros2_ws/build/robot/build
[5.566s] running develop
[6.348s] Invoked command in '/home/jetson/ros2_ws/build/robot' returned '0': PYTHONPATH=/home/jetson/ros2_ws/build/robot/prefix_override:/home/jetson/ros2_ws/install/robot/lib/python3.8/site-packages:${PYTHONPATH} /usr/bin/python3 setup.py develop --uninstall --editable --build-directory /home/jetson/ros2_ws/build/robot/build
[6.350s] Invoking command in '/home/jetson/ros2_ws/src/robot': PYTHONPATH=/home/jetson/ros2_ws/build/robot/prefix_override:/home/jetson/ros2_ws/install/robot/lib/python3.8/site-packages:${PYTHONPATH} /usr/bin/python3 setup.py egg_info --egg-base ../../build/robot build --build-base /home/jetson/ros2_ws/build/robot/build install --record /home/jetson/ros2_ws/build/robot/install.log --install-scripts $base/lib/robot --single-version-externally-managed
[7.202s] running egg_info
[7.204s] writing ../../build/robot/robot.egg-info/PKG-INFO
[7.206s] writing dependency_links to ../../build/robot/robot.egg-info/dependency_links.txt
[7.208s] writing entry points to ../../build/robot/robot.egg-info/entry_points.txt
[7.208s] writing requirements to ../../build/robot/robot.egg-info/requires.txt
[7.208s] writing top-level names to ../../build/robot/robot.egg-info/top_level.txt
[7.357s] reading manifest file '../../build/robot/robot.egg-info/SOURCES.txt'
[7.361s] writing manifest file '../../build/robot/robot.egg-info/SOURCES.txt'
[7.362s] running build
[7.362s] running build_py
[7.365s] running install
[7.369s] running install_lib
[7.377s] running install_data
[7.379s] running install_egg_info
[7.385s] removing '/home/jetson/ros2_ws/install/robot/lib/python3.8/site-packages/robot-0.0.0-py3.8.egg-info' (and everything under it)
[7.387s] Copying ../../build/robot/robot.egg-info to /home/jetson/ros2_ws/install/robot/lib/python3.8/site-packages/robot-0.0.0-py3.8.egg-info
[7.391s] running install_scripts
[7.467s] Installing encoder_publisher script to /home/jetson/ros2_ws/install/robot/lib/robot
[7.467s] Installing encoder_publisher_left script to /home/jetson/ros2_ws/install/robot/lib/robot
[7.468s] Installing encoder_publisher_right script to /home/jetson/ros2_ws/install/robot/lib/robot
[7.469s] Installing imu_controller script to /home/jetson/ros2_ws/install/robot/lib/robot
[7.469s] Installing motor_controller script to /home/jetson/ros2_ws/install/robot/lib/robot
[7.470s] Installing motor_driver script to /home/jetson/ros2_ws/install/robot/lib/robot
[7.470s] Installing odom_publisher script to /home/jetson/ros2_ws/install/robot/lib/robot
[7.471s] Installing pid_controller script to /home/jetson/ros2_ws/install/robot/lib/robot
[7.472s] Installing rpm_publisher script to /home/jetson/ros2_ws/install/robot/lib/robot
[7.473s] writing list of installed files to '/home/jetson/ros2_ws/build/robot/install.log'
[7.555s] Invoked command in '/home/jetson/ros2_ws/src/robot' returned '0': PYTHONPATH=/home/jetson/ros2_ws/build/robot/prefix_override:/home/jetson/ros2_ws/install/robot/lib/python3.8/site-packages:${PYTHONPATH} /usr/bin/python3 setup.py egg_info --egg-base ../../build/robot build --build-base /home/jetson/ros2_ws/build/robot/build install --record /home/jetson/ros2_ws/build/robot/install.log --install-scripts $base/lib/robot --single-version-externally-managed
