[4.636s] Invoking command in '/home/scott/alpha_ws/src/robot_bringup': PYTHONPATH=/home/scott/alpha_ws/build/robot_bringup/prefix_override:/home/scott/alpha_ws/install/robot_bringup/lib/python3.10/site-packages:${PYTHONPATH} /usr/bin/python3 setup.py egg_info --egg-base ../../build/robot_bringup build --build-base /home/scott/alpha_ws/build/robot_bringup/build install --record /home/scott/alpha_ws/build/robot_bringup/install.log --single-version-externally-managed
[6.249s] running egg_info
[6.252s] writing ../../build/robot_bringup/robot_bringup.egg-info/PKG-INFO
[6.254s] writing dependency_links to ../../build/robot_bringup/robot_bringup.egg-info/dependency_links.txt
[6.255s] writing entry points to ../../build/robot_bringup/robot_bringup.egg-info/entry_points.txt
[6.256s] writing requirements to ../../build/robot_bringup/robot_bringup.egg-info/requires.txt
[6.257s] writing top-level names to ../../build/robot_bringup/robot_bringup.egg-info/top_level.txt
[6.268s] reading manifest file '../../build/robot_bringup/robot_bringup.egg-info/SOURCES.txt'
[6.271s] adding license file 'LICENSE'
[6.276s] writing manifest file '../../build/robot_bringup/robot_bringup.egg-info/SOURCES.txt'
[6.278s] running build
[6.279s] running build_py
[6.282s] running install
[6.284s] running install_lib
[6.292s] running install_data
[6.297s] copying launch/slam_launch.py -> /home/scott/alpha_ws/install/robot_bringup/share/robot_bringup/launch
[6.299s] copying launch/navigation_launch.py -> /home/scott/alpha_ws/install/robot_bringup/share/robot_bringup/launch
[6.305s] copying launch/localization_launch.py -> /home/scott/alpha_ws/install/robot_bringup/share/robot_bringup/launch
[6.306s] copying launch/nav2.launch.py -> /home/scott/alpha_ws/install/robot_bringup/share/robot_bringup/launch
[6.306s] copying launch/slamtoolbox.launch.py -> /home/scott/alpha_ws/install/robot_bringup/share/robot_bringup/launch
[6.307s] copying config/slamtoolbox.yaml -> /home/scott/alpha_ws/install/robot_bringup/share/robot_bringup/config
[6.308s] running install_egg_info
[6.314s] removing '/home/scott/alpha_ws/install/robot_bringup/lib/python3.10/site-packages/robot_bringup-0.0.0-py3.10.egg-info' (and everything under it)
[6.317s] Copying ../../build/robot_bringup/robot_bringup.egg-info to /home/scott/alpha_ws/install/robot_bringup/lib/python3.10/site-packages/robot_bringup-0.0.0-py3.10.egg-info
[6.330s] running install_scripts
[6.428s] writing list of installed files to '/home/scott/alpha_ws/build/robot_bringup/install.log'
[6.583s] Invoked command in '/home/scott/alpha_ws/src/robot_bringup' returned '0': PYTHONPATH=/home/scott/alpha_ws/build/robot_bringup/prefix_override:/home/scott/alpha_ws/install/robot_bringup/lib/python3.10/site-packages:${PYTHONPATH} /usr/bin/python3 setup.py egg_info --egg-base ../../build/robot_bringup build --build-base /home/scott/alpha_ws/build/robot_bringup/build install --record /home/scott/alpha_ws/build/robot_bringup/install.log --single-version-externally-managed
