[4.263s] Invoking command in '/home/scott/alpha_ws/src/robot_bringup': PYTHONPATH=/home/scott/alpha_ws/build/robot_bringup/prefix_override:/home/scott/alpha_ws/install/robot_bringup/lib/python3.10/site-packages:${PYTHONPATH} /usr/bin/python3 setup.py egg_info --egg-base ../../build/robot_bringup build --build-base /home/scott/alpha_ws/build/robot_bringup/build install --record /home/scott/alpha_ws/build/robot_bringup/install.log --single-version-externally-managed
[5.648s] running egg_info
[5.651s] writing ../../build/robot_bringup/robot_bringup.egg-info/PKG-INFO
[5.653s] writing dependency_links to ../../build/robot_bringup/robot_bringup.egg-info/dependency_links.txt
[5.654s] writing entry points to ../../build/robot_bringup/robot_bringup.egg-info/entry_points.txt
[5.654s] writing requirements to ../../build/robot_bringup/robot_bringup.egg-info/requires.txt
[5.655s] writing top-level names to ../../build/robot_bringup/robot_bringup.egg-info/top_level.txt
[5.666s] reading manifest file '../../build/robot_bringup/robot_bringup.egg-info/SOURCES.txt'
[5.668s] adding license file 'LICENSE'
[5.671s] writing manifest file '../../build/robot_bringup/robot_bringup.egg-info/SOURCES.txt'
[5.672s] running build
[5.673s] running build_py
[5.674s] running install
[5.675s] running install_lib
[5.681s] running install_data
[5.684s] copying launch/odom.launch.py -> /home/scott/alpha_ws/install/robot_bringup/share/robot_bringup/launch
[5.686s] running install_egg_info
[5.694s] removing '/home/scott/alpha_ws/install/robot_bringup/lib/python3.10/site-packages/robot_bringup-0.0.0-py3.10.egg-info' (and everything under it)
[5.697s] Copying ../../build/robot_bringup/robot_bringup.egg-info to /home/scott/alpha_ws/install/robot_bringup/lib/python3.10/site-packages/robot_bringup-0.0.0-py3.10.egg-info
[5.705s] running install_scripts
[5.795s] writing list of installed files to '/home/scott/alpha_ws/build/robot_bringup/install.log'
[5.935s] Invoked command in '/home/scott/alpha_ws/src/robot_bringup' returned '0': PYTHONPATH=/home/scott/alpha_ws/build/robot_bringup/prefix_override:/home/scott/alpha_ws/install/robot_bringup/lib/python3.10/site-packages:${PYTHONPATH} /usr/bin/python3 setup.py egg_info --egg-base ../../build/robot_bringup build --build-base /home/scott/alpha_ws/build/robot_bringup/build install --record /home/scott/alpha_ws/build/robot_bringup/install.log --single-version-externally-managed
