[2.249s] Invoking command in '/home/jetson/beta_ws/src/robot_description': PYTHONPATH=/home/jetson/beta_ws/build/robot_description/prefix_override:/home/jetson/beta_ws/install/robot_description/lib/python3.8/site-packages:${PYTHONPATH} /usr/bin/python3 setup.py egg_info --egg-base ../../build/robot_description build --build-base /home/jetson/beta_ws/build/robot_description/build install --record /home/jetson/beta_ws/build/robot_description/install.log --install-scripts $base/lib/robot_description --single-version-externally-managed
[3.004s] running egg_info
[3.006s] writing ../../build/robot_description/robot_description.egg-info/PKG-INFO
[3.007s] writing dependency_links to ../../build/robot_description/robot_description.egg-info/dependency_links.txt
[3.008s] writing entry points to ../../build/robot_description/robot_description.egg-info/entry_points.txt
[3.008s] writing requirements to ../../build/robot_description/robot_description.egg-info/requires.txt
[3.009s] writing top-level names to ../../build/robot_description/robot_description.egg-info/top_level.txt
[3.134s] reading manifest file '../../build/robot_description/robot_description.egg-info/SOURCES.txt'
[3.137s] writing manifest file '../../build/robot_description/robot_description.egg-info/SOURCES.txt'
[3.137s] running build
[3.138s] running build_py
[3.138s] running install
[3.141s] running install_lib
[3.145s] running install_data
[3.147s] copying urdf/robot_description.urdf -> /home/jetson/beta_ws/install/robot_description/share/robot_description
[3.148s] running install_egg_info
[3.153s] removing '/home/jetson/beta_ws/install/robot_description/lib/python3.8/site-packages/robot_description-0.0.0-py3.8.egg-info' (and everything under it)
[3.153s] Copying ../../build/robot_description/robot_description.egg-info to /home/jetson/beta_ws/install/robot_description/lib/python3.8/site-packages/robot_description-0.0.0-py3.8.egg-info
[3.156s] running install_scripts
[3.214s] writing list of installed files to '/home/jetson/beta_ws/build/robot_description/install.log'
[3.304s] Invoked command in '/home/jetson/beta_ws/src/robot_description' returned '0': PYTHONPATH=/home/jetson/beta_ws/build/robot_description/prefix_override:/home/jetson/beta_ws/install/robot_description/lib/python3.8/site-packages:${PYTHONPATH} /usr/bin/python3 setup.py egg_info --egg-base ../../build/robot_description build --build-base /home/jetson/beta_ws/build/robot_description/build install --record /home/jetson/beta_ws/build/robot_description/install.log --install-scripts $base/lib/robot_description --single-version-externally-managed
