[2.460s] Invoking command in '/home/jetson/ros2_ws/build/robot_interfaces': CMAKE_PREFIX_PATH=${CMAKE_PREFIX_PATH}:/home/jetson/ros2_ws/install/robot_description:/home/jetson/ros2_ws/install/robot_bringup:/home/jetson/ros2_ws/install/robot:/opt/ros/foxy /usr/bin/cmake --build /home/jetson/ros2_ws/build/robot_interfaces -- -j4 -l4
[2.706s] [  2%] Built target robot_interfaces__cpp
[2.726s] [ 12%] Built target robot_interfaces__rosidl_generator_c
[2.937s] [ 23%] Built target robot_interfaces__rosidl_typesupport_introspection_cpp
[3.027s] [ 34%] Built target robot_interfaces__rosidl_typesupport_cpp
[3.035s] [ 44%] Built target robot_interfaces__rosidl_typesupport_c
[3.045s] [ 55%] Built target robot_interfaces__rosidl_typesupport_fastrtps_cpp
[3.132s] [ 65%] Built target robot_interfaces__rosidl_typesupport_introspection_c
[3.228s] [ 76%] Built target robot_interfaces__rosidl_typesupport_fastrtps_c
[3.343s] [ 76%] Built target robot_interfaces
[3.443s] [ 78%] Built target robot_interfaces__py
[3.669s] [ 87%] Built target robot_interfaces__python
[3.881s] [ 91%] Built target robot_interfaces__rosidl_typesupport_c__pyext
[3.912s] [ 95%] Built target robot_interfaces__rosidl_typesupport_fastrtps_c__pyext
[3.920s] [100%] Built target robot_interfaces__rosidl_typesupport_introspection_c__pyext
[3.977s] Invoked command in '/home/jetson/ros2_ws/build/robot_interfaces' returned '0': CMAKE_PREFIX_PATH=${CMAKE_PREFIX_PATH}:/home/jetson/ros2_ws/install/robot_description:/home/jetson/ros2_ws/install/robot_bringup:/home/jetson/ros2_ws/install/robot:/opt/ros/foxy /usr/bin/cmake --build /home/jetson/ros2_ws/build/robot_interfaces -- -j4 -l4
[4.298s] Invoking command in '/home/jetson/ros2_ws/build/robot_interfaces': CMAKE_PREFIX_PATH=${CMAKE_PREFIX_PATH}:/home/jetson/ros2_ws/install/robot_description:/home/jetson/ros2_ws/install/robot_bringup:/home/jetson/ros2_ws/install/robot:/opt/ros/foxy /usr/bin/cmake --install /home/jetson/ros2_ws/build/robot_interfaces
[4.344s] -- Install configuration: ""
[4.345s] -- Up-to-date: /home/jetson/ros2_ws/install/robot_interfaces/share/ament_index/resource_index/rosidl_interfaces/robot_interfaces
[4.346s] -- Up-to-date: /home/jetson/ros2_ws/install/robot_interfaces/include/robot_interfaces
[4.347s] -- Up-to-date: /home/jetson/ros2_ws/install/robot_interfaces/include/robot_interfaces/msg
[4.347s] -- Up-to-date: /home/jetson/ros2_ws/install/robot_interfaces/include/robot_interfaces/msg/duty_cycle.h
[4.348s] -- Up-to-date: /home/jetson/ros2_ws/install/robot_interfaces/include/robot_interfaces/msg/wheel_velocity.h
[4.349s] -- Up-to-date: /home/jetson/ros2_ws/install/robot_interfaces/include/robot_interfaces/msg/tick_count.h
[4.350s] -- Up-to-date: /home/jetson/ros2_ws/install/robot_interfaces/include/robot_interfaces/msg/detail
[4.351s] -- Up-to-date: /home/jetson/ros2_ws/install/robot_interfaces/include/robot_interfaces/msg/detail/tick_count__functions.h
[4.352s] -- Up-to-date: /home/jetson/ros2_ws/install/robot_interfaces/include/robot_interfaces/msg/detail/duty_cycle__functions.h
[4.352s] -- Up-to-date: /home/jetson/ros2_ws/install/robot_interfaces/include/robot_interfaces/msg/detail/duty_cycle__type_support.h
[4.353s] -- Up-to-date: /home/jetson/ros2_ws/install/robot_interfaces/include/robot_interfaces/msg/detail/tick_count__struct.h
[4.355s] -- Up-to-date: /home/jetson/ros2_ws/install/robot_interfaces/include/robot_interfaces/msg/detail/duty_cycle__functions.c
[4.355s] -- Up-to-date: /home/jetson/ros2_ws/install/robot_interfaces/include/robot_interfaces/msg/detail/wheel_velocity__functions.c
[4.356s] -- Up-to-date: /home/jetson/ros2_ws/install/robot_interfaces/include/robot_interfaces/msg/detail/tick_count__type_support.h
[4.356s] -- Up-to-date: /home/jetson/ros2_ws/install/robot_interfaces/include/robot_interfaces/msg/detail/duty_cycle__struct.h
[4.356s] -- Up-to-date: /home/jetson/ros2_ws/install/robot_interfaces/include/robot_interfaces/msg/detail/wheel_velocity__type_support.h
[4.357s] -- Up-to-date: /home/jetson/ros2_ws/install/robot_interfaces/include/robot_interfaces/msg/detail/wheel_velocity__struct.h
[4.358s] -- Up-to-date: /home/jetson/ros2_ws/install/robot_interfaces/include/robot_interfaces/msg/detail/tick_count__functions.c
[4.358s] -- Up-to-date: /home/jetson/ros2_ws/install/robot_interfaces/include/robot_interfaces/msg/detail/wheel_velocity__functions.h
[4.358s] -- Up-to-date: /home/jetson/ros2_ws/install/robot_interfaces/include/robot_interfaces/msg/rosidl_generator_c__visibility_control.h
[4.359s] -- Up-to-date: /home/jetson/ros2_ws/install/robot_interfaces/share/robot_interfaces/environment/library_path.sh
[4.359s] -- Up-to-date: /home/jetson/ros2_ws/install/robot_interfaces/share/robot_interfaces/environment/library_path.dsv
[4.360s] -- Up-to-date: /home/jetson/ros2_ws/install/robot_interfaces/lib/librobot_interfaces__rosidl_generator_c.so
[4.360s] -- Up-to-date: /home/jetson/ros2_ws/install/robot_interfaces/include/robot_interfaces
[4.360s] -- Up-to-date: /home/jetson/ros2_ws/install/robot_interfaces/include/robot_interfaces/msg
[4.370s] -- Up-to-date: /home/jetson/ros2_ws/install/robot_interfaces/include/robot_interfaces/msg/rosidl_typesupport_fastrtps_c__visibility_control.h
[4.371s] -- Up-to-date: /home/jetson/ros2_ws/install/robot_interfaces/include/robot_interfaces/msg/detail
[4.372s] -- Up-to-date: /home/jetson/ros2_ws/install/robot_interfaces/include/robot_interfaces/msg/detail/wheel_velocity__rosidl_typesupport_fastrtps_c.h
[4.372s] -- Up-to-date: /home/jetson/ros2_ws/install/robot_interfaces/include/robot_interfaces/msg/detail/duty_cycle__rosidl_typesupport_fastrtps_c.h
[4.373s] -- Up-to-date: /home/jetson/ros2_ws/install/robot_interfaces/include/robot_interfaces/msg/detail/tick_count__rosidl_typesupport_fastrtps_c.h
[4.373s] -- Up-to-date: /home/jetson/ros2_ws/install/robot_interfaces/lib/librobot_interfaces__rosidl_typesupport_fastrtps_c.so
[4.374s] -- Up-to-date: /home/jetson/ros2_ws/install/robot_interfaces/include/robot_interfaces
[4.374s] -- Up-to-date: /home/jetson/ros2_ws/install/robot_interfaces/include/robot_interfaces/msg
[4.374s] -- Up-to-date: /home/jetson/ros2_ws/install/robot_interfaces/include/robot_interfaces/msg/rosidl_typesupport_fastrtps_cpp__visibility_control.h
[4.375s] -- Up-to-date: /home/jetson/ros2_ws/install/robot_interfaces/include/robot_interfaces/msg/detail
[4.375s] -- Up-to-date: /home/jetson/ros2_ws/install/robot_interfaces/include/robot_interfaces/msg/detail/wheel_velocity__rosidl_typesupport_fastrtps_cpp.hpp
[4.375s] -- Up-to-date: /home/jetson/ros2_ws/install/robot_interfaces/include/robot_interfaces/msg/detail/tick_count__rosidl_typesupport_fastrtps_cpp.hpp
[4.376s] -- Up-to-date: /home/jetson/ros2_ws/install/robot_interfaces/include/robot_interfaces/msg/detail/duty_cycle__rosidl_typesupport_fastrtps_cpp.hpp
[4.376s] -- Up-to-date: /home/jetson/ros2_ws/install/robot_interfaces/include/robot_interfaces/msg/detail/dds_fastrtps
[4.376s] -- Up-to-date: /home/jetson/ros2_ws/install/robot_interfaces/lib/librobot_interfaces__rosidl_typesupport_fastrtps_cpp.so
[4.377s] -- Up-to-date: /home/jetson/ros2_ws/install/robot_interfaces/include/robot_interfaces
[4.377s] -- Up-to-date: /home/jetson/ros2_ws/install/robot_interfaces/include/robot_interfaces/msg
[4.378s] -- Up-to-date: /home/jetson/ros2_ws/install/robot_interfaces/include/robot_interfaces/msg/detail
[4.378s] -- Up-to-date: /home/jetson/ros2_ws/install/robot_interfaces/include/robot_interfaces/msg/detail/wheel_velocity__type_support.c
[4.378s] -- Up-to-date: /home/jetson/ros2_ws/install/robot_interfaces/include/robot_interfaces/msg/detail/tick_count__type_support.c
[4.379s] -- Up-to-date: /home/jetson/ros2_ws/install/robot_interfaces/include/robot_interfaces/msg/detail/duty_cycle__rosidl_typesupport_introspection_c.h
[4.379s] -- Up-to-date: /home/jetson/ros2_ws/install/robot_interfaces/include/robot_interfaces/msg/detail/wheel_velocity__rosidl_typesupport_introspection_c.h
[4.379s] -- Up-to-date: /home/jetson/ros2_ws/install/robot_interfaces/include/robot_interfaces/msg/detail/duty_cycle__type_support.c
[4.383s] -- Up-to-date: /home/jetson/ros2_ws/install/robot_interfaces/include/robot_interfaces/msg/detail/tick_count__rosidl_typesupport_introspection_c.h
[4.383s] -- Up-to-date: /home/jetson/ros2_ws/install/robot_interfaces/include/robot_interfaces/msg/rosidl_typesupport_introspection_c__visibility_control.h
[4.384s] -- Up-to-date: /home/jetson/ros2_ws/install/robot_interfaces/lib/librobot_interfaces__rosidl_typesupport_introspection_c.so
[4.385s] -- Up-to-date: /home/jetson/ros2_ws/install/robot_interfaces/lib/librobot_interfaces__rosidl_typesupport_c.so
[4.385s] -- Up-to-date: /home/jetson/ros2_ws/install/robot_interfaces/include/robot_interfaces
[4.386s] -- Up-to-date: /home/jetson/ros2_ws/install/robot_interfaces/include/robot_interfaces/msg
[4.386s] -- Up-to-date: /home/jetson/ros2_ws/install/robot_interfaces/include/robot_interfaces/msg/tick_count.hpp
[4.387s] -- Up-to-date: /home/jetson/ros2_ws/install/robot_interfaces/include/robot_interfaces/msg/rosidl_generator_cpp__visibility_control.hpp
[4.387s] -- Up-to-date: /home/jetson/ros2_ws/install/robot_interfaces/include/robot_interfaces/msg/duty_cycle.hpp
[4.387s] -- Up-to-date: /home/jetson/ros2_ws/install/robot_interfaces/include/robot_interfaces/msg/wheel_velocity.hpp
[4.388s] -- Up-to-date: /home/jetson/ros2_ws/install/robot_interfaces/include/robot_interfaces/msg/detail
[4.388s] -- Up-to-date: /home/jetson/ros2_ws/install/robot_interfaces/include/robot_interfaces/msg/detail/tick_count__traits.hpp
[4.388s] -- Up-to-date: /home/jetson/ros2_ws/install/robot_interfaces/include/robot_interfaces/msg/detail/wheel_velocity__struct.hpp
[4.389s] -- Up-to-date: /home/jetson/ros2_ws/install/robot_interfaces/include/robot_interfaces/msg/detail/duty_cycle__struct.hpp
[4.389s] -- Up-to-date: /home/jetson/ros2_ws/install/robot_interfaces/include/robot_interfaces/msg/detail/wheel_velocity__type_support.hpp
[4.390s] -- Up-to-date: /home/jetson/ros2_ws/install/robot_interfaces/include/robot_interfaces/msg/detail/duty_cycle__traits.hpp
[4.390s] -- Up-to-date: /home/jetson/ros2_ws/install/robot_interfaces/include/robot_interfaces/msg/detail/tick_count__builder.hpp
[4.390s] -- Up-to-date: /home/jetson/ros2_ws/install/robot_interfaces/include/robot_interfaces/msg/detail/wheel_velocity__builder.hpp
[4.391s] -- Up-to-date: /home/jetson/ros2_ws/install/robot_interfaces/include/robot_interfaces/msg/detail/duty_cycle__type_support.hpp
[4.391s] -- Up-to-date: /home/jetson/ros2_ws/install/robot_interfaces/include/robot_interfaces/msg/detail/wheel_velocity__traits.hpp
[4.391s] -- Up-to-date: /home/jetson/ros2_ws/install/robot_interfaces/include/robot_interfaces/msg/detail/tick_count__struct.hpp
[4.392s] -- Up-to-date: /home/jetson/ros2_ws/install/robot_interfaces/include/robot_interfaces/msg/detail/tick_count__type_support.hpp
[4.393s] -- Up-to-date: /home/jetson/ros2_ws/install/robot_interfaces/include/robot_interfaces/msg/detail/duty_cycle__builder.hpp
[4.394s] -- Up-to-date: /home/jetson/ros2_ws/install/robot_interfaces/include/robot_interfaces
[4.395s] -- Up-to-date: /home/jetson/ros2_ws/install/robot_interfaces/include/robot_interfaces/msg
[4.395s] -- Up-to-date: /home/jetson/ros2_ws/install/robot_interfaces/include/robot_interfaces/msg/detail
[4.395s] -- Up-to-date: /home/jetson/ros2_ws/install/robot_interfaces/include/robot_interfaces/msg/detail/wheel_velocity__type_support.cpp
[4.396s] -- Up-to-date: /home/jetson/ros2_ws/install/robot_interfaces/include/robot_interfaces/msg/detail/tick_count__type_support.cpp
[4.396s] -- Up-to-date: /home/jetson/ros2_ws/install/robot_interfaces/include/robot_interfaces/msg/detail/tick_count__rosidl_typesupport_introspection_cpp.hpp
[4.397s] -- Up-to-date: /home/jetson/ros2_ws/install/robot_interfaces/include/robot_interfaces/msg/detail/wheel_velocity__rosidl_typesupport_introspection_cpp.hpp
[4.397s] -- Up-to-date: /home/jetson/ros2_ws/install/robot_interfaces/include/robot_interfaces/msg/detail/duty_cycle__rosidl_typesupport_introspection_cpp.hpp
[4.397s] -- Up-to-date: /home/jetson/ros2_ws/install/robot_interfaces/include/robot_interfaces/msg/detail/duty_cycle__type_support.cpp
[4.398s] -- Up-to-date: /home/jetson/ros2_ws/install/robot_interfaces/lib/librobot_interfaces__rosidl_typesupport_introspection_cpp.so
[4.398s] -- Up-to-date: /home/jetson/ros2_ws/install/robot_interfaces/lib/librobot_interfaces__rosidl_typesupport_cpp.so
[4.398s] -- Up-to-date: /home/jetson/ros2_ws/install/robot_interfaces/share/robot_interfaces/environment/pythonpath.sh
[4.399s] -- Up-to-date: /home/jetson/ros2_ws/install/robot_interfaces/share/robot_interfaces/environment/pythonpath.dsv
[4.399s] -- Up-to-date: /home/jetson/ros2_ws/install/robot_interfaces/lib/python3.8/site-packages/robot_interfaces/__init__.py
[4.512s] -- Up-to-date: /home/jetson/ros2_ws/install/robot_interfaces/lib/python3.8/site-packages/robot_interfaces/msg
[4.512s] -- Up-to-date: /home/jetson/ros2_ws/install/robot_interfaces/lib/python3.8/site-packages/robot_interfaces/msg/__init__.py
[4.512s] -- Up-to-date: /home/jetson/ros2_ws/install/robot_interfaces/lib/python3.8/site-packages/robot_interfaces/msg/_duty_cycle.py
[4.513s] -- Up-to-date: /home/jetson/ros2_ws/install/robot_interfaces/lib/python3.8/site-packages/robot_interfaces/msg/_wheel_velocity.py
[4.513s] -- Up-to-date: /home/jetson/ros2_ws/install/robot_interfaces/lib/python3.8/site-packages/robot_interfaces/msg/_tick_count.py
[4.513s] -- Up-to-date: /home/jetson/ros2_ws/install/robot_interfaces/lib/python3.8/site-packages/robot_interfaces/msg/_duty_cycle_s.c
[4.514s] -- Up-to-date: /home/jetson/ros2_ws/install/robot_interfaces/lib/python3.8/site-packages/robot_interfaces/msg/_wheel_velocity_s.c
[4.514s] -- Up-to-date: /home/jetson/ros2_ws/install/robot_interfaces/lib/python3.8/site-packages/robot_interfaces/msg/_tick_count_s.c
[4.515s] -- Up-to-date: /home/jetson/ros2_ws/install/robot_interfaces/lib/python3.8/site-packages/robot_interfaces/robot_interfaces_s__rosidl_typesupport_fastrtps_c.cpython-38-aarch64-linux-gnu.so
[4.515s] -- Up-to-date: /home/jetson/ros2_ws/install/robot_interfaces/lib/python3.8/site-packages/robot_interfaces/robot_interfaces_s__rosidl_typesupport_introspection_c.cpython-38-aarch64-linux-gnu.so
[4.517s] -- Up-to-date: /home/jetson/ros2_ws/install/robot_interfaces/lib/python3.8/site-packages/robot_interfaces/robot_interfaces_s__rosidl_typesupport_c.cpython-38-aarch64-linux-gnu.so
[4.518s] -- Up-to-date: /home/jetson/ros2_ws/install/robot_interfaces/lib/librobot_interfaces__python.so
[4.519s] -- Up-to-date: /home/jetson/ros2_ws/install/robot_interfaces/share/robot_interfaces/msg/TickCount.idl
[4.520s] -- Up-to-date: /home/jetson/ros2_ws/install/robot_interfaces/share/robot_interfaces/msg/WheelVelocity.idl
[4.520s] -- Up-to-date: /home/jetson/ros2_ws/install/robot_interfaces/share/robot_interfaces/msg/DutyCycle.idl
[4.521s] -- Up-to-date: /home/jetson/ros2_ws/install/robot_interfaces/share/robot_interfaces/msg/TickCount.msg
[4.522s] -- Up-to-date: /home/jetson/ros2_ws/install/robot_interfaces/share/robot_interfaces/msg/WheelVelocity.msg
[4.522s] -- Up-to-date: /home/jetson/ros2_ws/install/robot_interfaces/share/robot_interfaces/msg/DutyCycle.msg
[4.523s] -- Up-to-date: /home/jetson/ros2_ws/install/robot_interfaces/share/ament_index/resource_index/package_run_dependencies/robot_interfaces
[4.523s] -- Up-to-date: /home/jetson/ros2_ws/install/robot_interfaces/share/ament_index/resource_index/parent_prefix_path/robot_interfaces
[4.524s] -- Up-to-date: /home/jetson/ros2_ws/install/robot_interfaces/share/robot_interfaces/environment/ament_prefix_path.sh
[4.524s] -- Up-to-date: /home/jetson/ros2_ws/install/robot_interfaces/share/robot_interfaces/environment/ament_prefix_path.dsv
[4.525s] -- Up-to-date: /home/jetson/ros2_ws/install/robot_interfaces/share/robot_interfaces/environment/path.sh
[4.525s] -- Up-to-date: /home/jetson/ros2_ws/install/robot_interfaces/share/robot_interfaces/environment/path.dsv
[4.526s] -- Up-to-date: /home/jetson/ros2_ws/install/robot_interfaces/share/robot_interfaces/local_setup.bash
[4.526s] -- Up-to-date: /home/jetson/ros2_ws/install/robot_interfaces/share/robot_interfaces/local_setup.sh
[4.526s] -- Up-to-date: /home/jetson/ros2_ws/install/robot_interfaces/share/robot_interfaces/local_setup.zsh
[4.527s] -- Up-to-date: /home/jetson/ros2_ws/install/robot_interfaces/share/robot_interfaces/local_setup.dsv
[4.527s] -- Installing: /home/jetson/ros2_ws/install/robot_interfaces/share/robot_interfaces/package.dsv
[4.527s] -- Up-to-date: /home/jetson/ros2_ws/install/robot_interfaces/share/ament_index/resource_index/packages/robot_interfaces
[4.527s] -- Up-to-date: /home/jetson/ros2_ws/install/robot_interfaces/share/robot_interfaces/cmake/robot_interfaces__rosidl_generator_cExport.cmake
[4.528s] -- Up-to-date: /home/jetson/ros2_ws/install/robot_interfaces/share/robot_interfaces/cmake/robot_interfaces__rosidl_generator_cExport-noconfig.cmake
[4.528s] -- Up-to-date: /home/jetson/ros2_ws/install/robot_interfaces/share/robot_interfaces/cmake/robot_interfaces__rosidl_typesupport_introspection_cExport.cmake
[4.528s] -- Up-to-date: /home/jetson/ros2_ws/install/robot_interfaces/share/robot_interfaces/cmake/robot_interfaces__rosidl_typesupport_introspection_cExport-noconfig.cmake
[4.532s] -- Up-to-date: /home/jetson/ros2_ws/install/robot_interfaces/share/robot_interfaces/cmake/robot_interfaces__rosidl_typesupport_cExport.cmake
[4.534s] -- Up-to-date: /home/jetson/ros2_ws/install/robot_interfaces/share/robot_interfaces/cmake/robot_interfaces__rosidl_typesupport_cExport-noconfig.cmake
[4.534s] -- Up-to-date: /home/jetson/ros2_ws/install/robot_interfaces/share/robot_interfaces/cmake/robot_interfaces__rosidl_generator_cppExport.cmake
[4.535s] -- Up-to-date: /home/jetson/ros2_ws/install/robot_interfaces/share/robot_interfaces/cmake/robot_interfaces__rosidl_typesupport_introspection_cppExport.cmake
[4.535s] -- Up-to-date: /home/jetson/ros2_ws/install/robot_interfaces/share/robot_interfaces/cmake/robot_interfaces__rosidl_typesupport_introspection_cppExport-noconfig.cmake
[4.537s] -- Up-to-date: /home/jetson/ros2_ws/install/robot_interfaces/share/robot_interfaces/cmake/robot_interfaces__rosidl_typesupport_cppExport.cmake
[4.537s] -- Up-to-date: /home/jetson/ros2_ws/install/robot_interfaces/share/robot_interfaces/cmake/robot_interfaces__rosidl_typesupport_cppExport-noconfig.cmake
[4.537s] -- Up-to-date: /home/jetson/ros2_ws/install/robot_interfaces/share/robot_interfaces/cmake/rosidl_cmake-extras.cmake
[4.539s] -- Up-to-date: /home/jetson/ros2_ws/install/robot_interfaces/share/robot_interfaces/cmake/ament_cmake_export_dependencies-extras.cmake
[4.540s] -- Up-to-date: /home/jetson/ros2_ws/install/robot_interfaces/share/robot_interfaces/cmake/ament_cmake_export_libraries-extras.cmake
[4.540s] -- Up-to-date: /home/jetson/ros2_ws/install/robot_interfaces/share/robot_interfaces/cmake/ament_cmake_export_targets-extras.cmake
[4.541s] -- Up-to-date: /home/jetson/ros2_ws/install/robot_interfaces/share/robot_interfaces/cmake/ament_cmake_export_include_directories-extras.cmake
[4.561s] -- Up-to-date: /home/jetson/ros2_ws/install/robot_interfaces/share/robot_interfaces/cmake/rosidl_cmake_export_typesupport_libraries-extras.cmake
[4.562s] -- Up-to-date: /home/jetson/ros2_ws/install/robot_interfaces/share/robot_interfaces/cmake/rosidl_cmake_export_typesupport_targets-extras.cmake
[4.562s] -- Up-to-date: /home/jetson/ros2_ws/install/robot_interfaces/share/robot_interfaces/cmake/robot_interfacesConfig.cmake
[4.562s] -- Up-to-date: /home/jetson/ros2_ws/install/robot_interfaces/share/robot_interfaces/cmake/robot_interfacesConfig-version.cmake
[4.563s] -- Up-to-date: /home/jetson/ros2_ws/install/robot_interfaces/share/robot_interfaces/package.xml
[4.563s] Invoked command in '/home/jetson/ros2_ws/build/robot_interfaces' returned '0': CMAKE_PREFIX_PATH=${CMAKE_PREFIX_PATH}:/home/jetson/ros2_ws/install/robot_description:/home/jetson/ros2_ws/install/robot_bringup:/home/jetson/ros2_ws/install/robot:/opt/ros/foxy /usr/bin/cmake --install /home/jetson/ros2_ws/build/robot_interfaces
