[4.734s] Invoking command in '/home/scott/alpha_ws/src/robot_bringup': PYTHONPATH=/home/scott/alpha_ws/build/robot_bringup/prefix_override:/home/scott/alpha_ws/install/robot_bringup/lib/python3.10/site-packages:${PYTHONPATH} /usr/bin/python3 setup.py egg_info --egg-base ../../build/robot_bringup build --build-base /home/scott/alpha_ws/build/robot_bringup/build install --record /home/scott/alpha_ws/build/robot_bringup/install.log --single-version-externally-managed
[6.321s] running egg_info
[6.324s] writing ../../build/robot_bringup/robot_bringup.egg-info/PKG-INFO
[6.325s] writing dependency_links to ../../build/robot_bringup/robot_bringup.egg-info/dependency_links.txt
[6.327s] writing entry points to ../../build/robot_bringup/robot_bringup.egg-info/entry_points.txt
[6.328s] writing requirements to ../../build/robot_bringup/robot_bringup.egg-info/requires.txt
[6.329s] writing top-level names to ../../build/robot_bringup/robot_bringup.egg-info/top_level.txt
[6.339s] reading manifest file '../../build/robot_bringup/robot_bringup.egg-info/SOURCES.txt'
[6.342s] adding license file 'LICENSE'
[6.345s] writing manifest file '../../build/robot_bringup/robot_bringup.egg-info/SOURCES.txt'
[6.347s] running build
[6.347s] running build_py
[6.348s] running install
[6.350s] running install_lib
[6.356s] running install_data
[6.359s] copying launch/odom.launch.py -> /home/scott/alpha_ws/install/robot_bringup/share/robot_bringup/launch
[6.363s] running install_egg_info
[6.371s] removing '/home/scott/alpha_ws/install/robot_bringup/lib/python3.10/site-packages/robot_bringup-0.0.0-py3.10.egg-info' (and everything under it)
[6.374s] Copying ../../build/robot_bringup/robot_bringup.egg-info to /home/scott/alpha_ws/install/robot_bringup/lib/python3.10/site-packages/robot_bringup-0.0.0-py3.10.egg-info
[6.382s] running install_scripts
[6.482s] writing list of installed files to '/home/scott/alpha_ws/build/robot_bringup/install.log'
[6.635s] Invoked command in '/home/scott/alpha_ws/src/robot_bringup' returned '0': PYTHONPATH=/home/scott/alpha_ws/build/robot_bringup/prefix_override:/home/scott/alpha_ws/install/robot_bringup/lib/python3.10/site-packages:${PYTHONPATH} /usr/bin/python3 setup.py egg_info --egg-base ../../build/robot_bringup build --build-base /home/scott/alpha_ws/build/robot_bringup/build install --record /home/scott/alpha_ws/build/robot_bringup/install.log --single-version-externally-managed
