[4.018s] Invoking command in '/home/scott/alpha_ws/src/robot_bringup': PYTHONPATH=/home/scott/alpha_ws/build/robot_bringup/prefix_override:/home/scott/alpha_ws/install/robot_bringup/lib/python3.10/site-packages:${PYTHONPATH} /usr/bin/python3 setup.py egg_info --egg-base ../../build/robot_bringup build --build-base /home/scott/alpha_ws/build/robot_bringup/build install --record /home/scott/alpha_ws/build/robot_bringup/install.log --single-version-externally-managed
[5.366s] running egg_info
[5.369s] writing ../../build/robot_bringup/robot_bringup.egg-info/PKG-INFO
[5.371s] writing dependency_links to ../../build/robot_bringup/robot_bringup.egg-info/dependency_links.txt
[5.372s] writing entry points to ../../build/robot_bringup/robot_bringup.egg-info/entry_points.txt
[5.373s] writing requirements to ../../build/robot_bringup/robot_bringup.egg-info/requires.txt
[5.374s] writing top-level names to ../../build/robot_bringup/robot_bringup.egg-info/top_level.txt
[5.383s] reading manifest file '../../build/robot_bringup/robot_bringup.egg-info/SOURCES.txt'
[5.385s] adding license file 'LICENSE'
[5.389s] writing manifest file '../../build/robot_bringup/robot_bringup.egg-info/SOURCES.txt'
[5.390s] running build
[5.391s] running build_py
[5.391s] running install
[5.393s] running install_lib
[5.398s] running install_data
[5.401s] copying launch/odom.launch.py -> /home/scott/alpha_ws/install/robot_bringup/share/robot_bringup/launch
[5.405s] running install_egg_info
[5.412s] removing '/home/scott/alpha_ws/install/robot_bringup/lib/python3.10/site-packages/robot_bringup-0.0.0-py3.10.egg-info' (and everything under it)
[5.414s] Copying ../../build/robot_bringup/robot_bringup.egg-info to /home/scott/alpha_ws/install/robot_bringup/lib/python3.10/site-packages/robot_bringup-0.0.0-py3.10.egg-info
[5.422s] running install_scripts
[5.510s] writing list of installed files to '/home/scott/alpha_ws/build/robot_bringup/install.log'
[5.642s] Invoked command in '/home/scott/alpha_ws/src/robot_bringup' returned '0': PYTHONPATH=/home/scott/alpha_ws/build/robot_bringup/prefix_override:/home/scott/alpha_ws/install/robot_bringup/lib/python3.10/site-packages:${PYTHONPATH} /usr/bin/python3 setup.py egg_info --egg-base ../../build/robot_bringup build --build-base /home/scott/alpha_ws/build/robot_bringup/build install --record /home/scott/alpha_ws/build/robot_bringup/install.log --single-version-externally-managed
