[6.094s] DEBUG:colcon:Command line arguments: ['/usr/bin/colcon', 'build', '--packages-select', 'rplidar_ros']
[6.094s] DEBUG:colcon:Parsed command line arguments: Namespace(log_base=None, log_level=None, verb_name='build', build_base='build', install_base='install', merge_install=False, symlink_install=False, test_result_base=None, continue_on_error=False, executor='parallel', parallel_workers=4, event_handlers=None, ignore_user_meta=False, metas=['./colcon.meta'], base_paths=['.'], packages_ignore=None, packages_ignore_regex=None, paths=None, packages_up_to=None, packages_up_to_regex=None, packages_above=None, packages_above_and_dependencies=None, packages_above_depth=None, packages_select_by_dep=None, packages_skip_by_dep=None, packages_skip_up_to=None, packages_select_build_failed=False, packages_skip_build_finished=False, packages_select_test_failures=False, packages_skip_test_passed=False, packages_select=['rplidar_ros'], packages_skip=None, packages_select_regex=None, packages_skip_regex=None, packages_start=None, packages_end=None, allow_overriding=[], cmake_args=None, cmake_target=None, cmake_target_skip_unavailable=False, cmake_clean_cache=False, cmake_clean_first=False, cmake_force_configure=False, ament_cmake_args=None, catkin_cmake_args=None, catkin_skip_building_tests=False, verb_parser=<colcon_defaults.argument_parser.defaults.DefaultArgumentsDecorator object at 0xffff9a74abc0>, verb_extension=<colcon_core.verb.build.BuildVerb object at 0xffff9aa54820>, main=<bound method BuildVerb.main of <colcon_core.verb.build.BuildVerb object at 0xffff9aa54820>>)
[6.425s] Level 1:colcon.colcon_core.package_discovery:discover_packages(colcon_meta) check parameters
[6.425s] Level 1:colcon.colcon_core.package_discovery:discover_packages(recursive) check parameters
[6.426s] Level 1:colcon.colcon_core.package_discovery:discover_packages(ignore) check parameters
[6.426s] Level 1:colcon.colcon_core.package_discovery:discover_packages(path) check parameters
[6.426s] Level 1:colcon.colcon_core.package_discovery:discover_packages(colcon_meta) discover
[6.426s] Level 1:colcon.colcon_core.package_discovery:discover_packages(recursive) discover
[6.426s] INFO:colcon.colcon_core.package_discovery:Crawling recursively for packages in '/home/scott/alpha_ws'
[6.427s] Level 1:colcon.colcon_core.package_identification:_identify(.) by extensions ['ignore', 'ignore_ament_install']
[6.427s] Level 1:colcon.colcon_core.package_identification:_identify(.) by extension 'ignore'
[6.427s] Level 1:colcon.colcon_core.package_identification:_identify(.) by extension 'ignore_ament_install'
[6.428s] Level 1:colcon.colcon_core.package_identification:_identify(.) by extensions ['colcon_pkg']
[6.428s] Level 1:colcon.colcon_core.package_identification:_identify(.) by extension 'colcon_pkg'
[6.428s] Level 1:colcon.colcon_core.package_identification:_identify(.) by extensions ['colcon_meta']
[6.428s] Level 1:colcon.colcon_core.package_identification:_identify(.) by extension 'colcon_meta'
[6.428s] Level 1:colcon.colcon_core.package_identification:_identify(.) by extensions ['ros']
[6.428s] Level 1:colcon.colcon_core.package_identification:_identify(.) by extension 'ros'
[6.501s] Level 1:colcon.colcon_core.package_identification:_identify(.) by extensions ['cmake', 'python']
[6.501s] Level 1:colcon.colcon_core.package_identification:_identify(.) by extension 'cmake'
[6.501s] Level 1:colcon.colcon_core.package_identification:_identify(.) by extension 'python'
[6.502s] Level 1:colcon.colcon_core.package_identification:_identify(.) by extensions ['python_setup_py']
[6.502s] Level 1:colcon.colcon_core.package_identification:_identify(.) by extension 'python_setup_py'
[6.502s] Level 1:colcon.colcon_core.package_identification:_identify(build) by extensions ['ignore', 'ignore_ament_install']
[6.503s] Level 1:colcon.colcon_core.package_identification:_identify(build) by extension 'ignore'
[6.503s] Level 1:colcon.colcon_core.package_identification:_identify(build) ignored
[6.504s] Level 1:colcon.colcon_core.package_identification:_identify(install) by extensions ['ignore', 'ignore_ament_install']
[6.504s] Level 1:colcon.colcon_core.package_identification:_identify(install) by extension 'ignore'
[6.504s] Level 1:colcon.colcon_core.package_identification:_identify(install) ignored
[6.506s] Level 1:colcon.colcon_core.package_identification:_identify(log) by extensions ['ignore', 'ignore_ament_install']
[6.506s] Level 1:colcon.colcon_core.package_identification:_identify(log) by extension 'ignore'
[6.506s] Level 1:colcon.colcon_core.package_identification:_identify(log) ignored
[6.508s] Level 1:colcon.colcon_core.package_identification:_identify(src) by extensions ['ignore', 'ignore_ament_install']
[6.508s] Level 1:colcon.colcon_core.package_identification:_identify(src) by extension 'ignore'
[6.508s] Level 1:colcon.colcon_core.package_identification:_identify(src) by extension 'ignore_ament_install'
[6.509s] Level 1:colcon.colcon_core.package_identification:_identify(src) by extensions ['colcon_pkg']
[6.509s] Level 1:colcon.colcon_core.package_identification:_identify(src) by extension 'colcon_pkg'
[6.509s] Level 1:colcon.colcon_core.package_identification:_identify(src) by extensions ['colcon_meta']
[6.509s] Level 1:colcon.colcon_core.package_identification:_identify(src) by extension 'colcon_meta'
[6.509s] Level 1:colcon.colcon_core.package_identification:_identify(src) by extensions ['ros']
[6.510s] Level 1:colcon.colcon_core.package_identification:_identify(src) by extension 'ros'
[6.510s] Level 1:colcon.colcon_core.package_identification:_identify(src) by extensions ['cmake', 'python']
[6.510s] Level 1:colcon.colcon_core.package_identification:_identify(src) by extension 'cmake'
[6.510s] Level 1:colcon.colcon_core.package_identification:_identify(src) by extension 'python'
[6.511s] Level 1:colcon.colcon_core.package_identification:_identify(src) by extensions ['python_setup_py']
[6.511s] Level 1:colcon.colcon_core.package_identification:_identify(src) by extension 'python_setup_py'
[6.512s] Level 1:colcon.colcon_core.package_identification:_identify(src/robot) by extensions ['ignore', 'ignore_ament_install']
[6.512s] Level 1:colcon.colcon_core.package_identification:_identify(src/robot) by extension 'ignore'
[6.513s] Level 1:colcon.colcon_core.package_identification:_identify(src/robot) by extension 'ignore_ament_install'
[6.513s] Level 1:colcon.colcon_core.package_identification:_identify(src/robot) by extensions ['colcon_pkg']
[6.513s] Level 1:colcon.colcon_core.package_identification:_identify(src/robot) by extension 'colcon_pkg'
[6.513s] Level 1:colcon.colcon_core.package_identification:_identify(src/robot) by extensions ['colcon_meta']
[6.513s] Level 1:colcon.colcon_core.package_identification:_identify(src/robot) by extension 'colcon_meta'
[6.514s] Level 1:colcon.colcon_core.package_identification:_identify(src/robot) by extensions ['ros']
[6.514s] Level 1:colcon.colcon_core.package_identification:_identify(src/robot) by extension 'ros'
[6.527s] DEBUG:colcon.colcon_core.package_identification:Package 'src/robot' with type 'ros.ament_python' and name 'robot'
[6.529s] Level 1:colcon.colcon_core.package_identification:_identify(src/robot_bringup) by extensions ['ignore', 'ignore_ament_install']
[6.529s] Level 1:colcon.colcon_core.package_identification:_identify(src/robot_bringup) by extension 'ignore'
[6.530s] Level 1:colcon.colcon_core.package_identification:_identify(src/robot_bringup) by extension 'ignore_ament_install'
[6.530s] Level 1:colcon.colcon_core.package_identification:_identify(src/robot_bringup) by extensions ['colcon_pkg']
[6.530s] Level 1:colcon.colcon_core.package_identification:_identify(src/robot_bringup) by extension 'colcon_pkg'
[6.530s] Level 1:colcon.colcon_core.package_identification:_identify(src/robot_bringup) by extensions ['colcon_meta']
[6.530s] Level 1:colcon.colcon_core.package_identification:_identify(src/robot_bringup) by extension 'colcon_meta'
[6.531s] Level 1:colcon.colcon_core.package_identification:_identify(src/robot_bringup) by extensions ['ros']
[6.531s] Level 1:colcon.colcon_core.package_identification:_identify(src/robot_bringup) by extension 'ros'
[6.534s] DEBUG:colcon.colcon_core.package_identification:Package 'src/robot_bringup' with type 'ros.ament_python' and name 'robot_bringup'
[6.535s] Level 1:colcon.colcon_core.package_identification:_identify(src/robot_interfaces) by extensions ['ignore', 'ignore_ament_install']
[6.536s] Level 1:colcon.colcon_core.package_identification:_identify(src/robot_interfaces) by extension 'ignore'
[6.536s] Level 1:colcon.colcon_core.package_identification:_identify(src/robot_interfaces) by extension 'ignore_ament_install'
[6.536s] Level 1:colcon.colcon_core.package_identification:_identify(src/robot_interfaces) by extensions ['colcon_pkg']
[6.536s] Level 1:colcon.colcon_core.package_identification:_identify(src/robot_interfaces) by extension 'colcon_pkg'
[6.537s] Level 1:colcon.colcon_core.package_identification:_identify(src/robot_interfaces) by extensions ['colcon_meta']
[6.537s] Level 1:colcon.colcon_core.package_identification:_identify(src/robot_interfaces) by extension 'colcon_meta'
[6.537s] Level 1:colcon.colcon_core.package_identification:_identify(src/robot_interfaces) by extensions ['ros']
[6.537s] Level 1:colcon.colcon_core.package_identification:_identify(src/robot_interfaces) by extension 'ros'
[6.540s] DEBUG:colcon.colcon_core.package_identification:Package 'src/robot_interfaces' with type 'ros.ament_cmake' and name 'robot_interfaces'
[6.542s] Level 1:colcon.colcon_core.package_identification:_identify(src/rplidar_ros) by extensions ['ignore', 'ignore_ament_install']
[6.542s] Level 1:colcon.colcon_core.package_identification:_identify(src/rplidar_ros) by extension 'ignore'
[6.543s] Level 1:colcon.colcon_core.package_identification:_identify(src/rplidar_ros) by extension 'ignore_ament_install'
[6.543s] Level 1:colcon.colcon_core.package_identification:_identify(src/rplidar_ros) by extensions ['colcon_pkg']
[6.543s] Level 1:colcon.colcon_core.package_identification:_identify(src/rplidar_ros) by extension 'colcon_pkg'
[6.543s] Level 1:colcon.colcon_core.package_identification:_identify(src/rplidar_ros) by extensions ['colcon_meta']
[6.543s] Level 1:colcon.colcon_core.package_identification:_identify(src/rplidar_ros) by extension 'colcon_meta'
[6.544s] Level 1:colcon.colcon_core.package_identification:_identify(src/rplidar_ros) by extensions ['ros']
[6.544s] Level 1:colcon.colcon_core.package_identification:_identify(src/rplidar_ros) by extension 'ros'
[6.547s] DEBUG:colcon.colcon_core.package_identification:Package 'src/rplidar_ros' with type 'ros.ament_cmake' and name 'rplidar_ros'
[6.548s] Level 1:colcon.colcon_core.package_discovery:discover_packages(recursive) using defaults
[6.548s] Level 1:colcon.colcon_core.package_discovery:discover_packages(ignore) discover
[6.548s] Level 1:colcon.colcon_core.package_discovery:discover_packages(ignore) using defaults
[6.548s] Level 1:colcon.colcon_core.package_discovery:discover_packages(path) discover
[6.548s] Level 1:colcon.colcon_core.package_discovery:discover_packages(path) using defaults
[6.917s] INFO:colcon.colcon_core.package_selection:Skipping not selected package 'robot' in 'src/robot'
[6.918s] INFO:colcon.colcon_core.package_selection:Skipping not selected package 'robot_bringup' in 'src/robot_bringup'
[6.918s] INFO:colcon.colcon_core.package_selection:Skipping not selected package 'robot_interfaces' in 'src/robot_interfaces'
[7.059s] Level 1:colcon.colcon_core.package_discovery:discover_packages(prefix_path) check parameters
[7.059s] Level 1:colcon.colcon_core.package_discovery:discover_packages(prefix_path) discover
[7.216s] DEBUG:colcon.colcon_installed_package_information.package_discovery:Found 4 installed packages in /home/scott/alpha_ws/install
[7.296s] DEBUG:colcon.colcon_installed_package_information.package_discovery:Found 271 installed packages in /opt/ros/humble
[7.303s] Level 1:colcon.colcon_core.package_discovery:discover_packages(prefix_path) using defaults
[7.768s] Level 5:colcon.colcon_core.verb:set package 'rplidar_ros' build argument 'cmake_args' from command line to 'None'
[7.769s] Level 5:colcon.colcon_core.verb:set package 'rplidar_ros' build argument 'cmake_target' from command line to 'None'
[7.769s] Level 5:colcon.colcon_core.verb:set package 'rplidar_ros' build argument 'cmake_target_skip_unavailable' from command line to 'False'
[7.769s] Level 5:colcon.colcon_core.verb:set package 'rplidar_ros' build argument 'cmake_clean_cache' from command line to 'False'
[7.769s] Level 5:colcon.colcon_core.verb:set package 'rplidar_ros' build argument 'cmake_clean_first' from command line to 'False'
[7.769s] Level 5:colcon.colcon_core.verb:set package 'rplidar_ros' build argument 'cmake_force_configure' from command line to 'False'
[7.769s] Level 5:colcon.colcon_core.verb:set package 'rplidar_ros' build argument 'ament_cmake_args' from command line to 'None'
[7.770s] Level 5:colcon.colcon_core.verb:set package 'rplidar_ros' build argument 'catkin_cmake_args' from command line to 'None'
[7.770s] Level 5:colcon.colcon_core.verb:set package 'rplidar_ros' build argument 'catkin_skip_building_tests' from command line to 'False'
[7.770s] DEBUG:colcon.colcon_core.verb:Building package 'rplidar_ros' with the following arguments: {'ament_cmake_args': None, 'build_base': '/home/scott/alpha_ws/build/rplidar_ros', 'catkin_cmake_args': None, 'catkin_skip_building_tests': False, 'cmake_args': None, 'cmake_clean_cache': False, 'cmake_clean_first': False, 'cmake_force_configure': False, 'cmake_target': None, 'cmake_target_skip_unavailable': False, 'install_base': '/home/scott/alpha_ws/install/rplidar_ros', 'merge_install': False, 'path': '/home/scott/alpha_ws/src/rplidar_ros', 'symlink_install': False, 'test_result_base': None}
[7.841s] INFO:colcon.colcon_core.executor:Executing jobs using 'parallel' executor
[7.915s] DEBUG:colcon.colcon_parallel_executor.executor.parallel:run_until_complete
[7.916s] INFO:colcon.colcon_ros.task.ament_cmake.build:Building ROS package in '/home/scott/alpha_ws/src/rplidar_ros' with build type 'ament_cmake'
[7.917s] INFO:colcon.colcon_cmake.task.cmake.build:Building CMake package in '/home/scott/alpha_ws/src/rplidar_ros'
[8.009s] INFO:colcon.colcon_core.plugin_system:Skipping extension 'colcon_core.shell.bat': Not used on non-Windows systems
[8.010s] INFO:colcon.colcon_core.shell:Skip shell extension 'powershell' for command environment: Not usable outside of PowerShell
[8.011s] DEBUG:colcon.colcon_core.shell:Skip shell extension 'dsv' for command environment
[8.278s] DEBUG:colcon.colcon_core.event_handler.log_command:Invoking command in '/home/scott/alpha_ws/build/rplidar_ros': CMAKE_PREFIX_PATH=${CMAKE_PREFIX_PATH}:/home/scott/alpha_ws/install/robot_bringup:/home/scott/alpha_ws/install/robot:/opt/ros/humble /usr/bin/cmake --build /home/scott/alpha_ws/build/rplidar_ros -- -j4 -l4
[115.347s] DEBUG:colcon.colcon_core.event_handler.log_command:Invoked command in '/home/scott/alpha_ws/build/rplidar_ros' returned '0': CMAKE_PREFIX_PATH=${CMAKE_PREFIX_PATH}:/home/scott/alpha_ws/install/robot_bringup:/home/scott/alpha_ws/install/robot:/opt/ros/humble /usr/bin/cmake --build /home/scott/alpha_ws/build/rplidar_ros -- -j4 -l4
[115.808s] DEBUG:colcon.colcon_core.event_handler.log_command:Invoking command in '/home/scott/alpha_ws/build/rplidar_ros': CMAKE_PREFIX_PATH=${CMAKE_PREFIX_PATH}:/home/scott/alpha_ws/install/robot_bringup:/home/scott/alpha_ws/install/robot:/opt/ros/humble /usr/bin/cmake --install /home/scott/alpha_ws/build/rplidar_ros
[116.010s] Level 1:colcon.colcon_core.environment:create_environment_scripts_only(rplidar_ros)
[116.016s] DEBUG:colcon.colcon_core.event_handler.log_command:Invoked command in '/home/scott/alpha_ws/build/rplidar_ros' returned '0': CMAKE_PREFIX_PATH=${CMAKE_PREFIX_PATH}:/home/scott/alpha_ws/install/robot_bringup:/home/scott/alpha_ws/install/robot:/opt/ros/humble /usr/bin/cmake --install /home/scott/alpha_ws/build/rplidar_ros
[116.780s] Level 1:colcon.colcon_core.environment:checking '/home/scott/alpha_ws/install/rplidar_ros' for CMake module files
[116.785s] Level 1:colcon.colcon_core.environment:checking '/home/scott/alpha_ws/install/rplidar_ros' for CMake config files
[116.790s] Level 1:colcon.colcon_core.shell:create_environment_hook('rplidar_ros', 'cmake_prefix_path')
[116.870s] INFO:colcon.colcon_core.shell:Creating environment hook '/home/scott/alpha_ws/install/rplidar_ros/share/rplidar_ros/hook/cmake_prefix_path.ps1'
[116.879s] INFO:colcon.colcon_core.shell:Creating environment descriptor '/home/scott/alpha_ws/install/rplidar_ros/share/rplidar_ros/hook/cmake_prefix_path.dsv'
[116.883s] INFO:colcon.colcon_core.shell:Creating environment hook '/home/scott/alpha_ws/install/rplidar_ros/share/rplidar_ros/hook/cmake_prefix_path.sh'
[116.889s] Level 1:colcon.colcon_core.environment:checking '/home/scott/alpha_ws/install/rplidar_ros/lib'
[116.891s] Level 1:colcon.colcon_core.environment:checking '/home/scott/alpha_ws/install/rplidar_ros/bin'
[116.891s] Level 1:colcon.colcon_core.environment:checking '/home/scott/alpha_ws/install/rplidar_ros/lib/pkgconfig/rplidar_ros.pc'
[116.896s] Level 1:colcon.colcon_core.environment:checking '/home/scott/alpha_ws/install/rplidar_ros/lib/python3.10/site-packages'
[116.897s] Level 1:colcon.colcon_core.environment:checking '/home/scott/alpha_ws/install/rplidar_ros/bin'
[116.983s] INFO:colcon.colcon_core.shell:Creating package script '/home/scott/alpha_ws/install/rplidar_ros/share/rplidar_ros/package.ps1'
[116.988s] INFO:colcon.colcon_core.shell:Creating package descriptor '/home/scott/alpha_ws/install/rplidar_ros/share/rplidar_ros/package.dsv'
[116.992s] INFO:colcon.colcon_core.shell:Creating package script '/home/scott/alpha_ws/install/rplidar_ros/share/rplidar_ros/package.sh'
[116.998s] INFO:colcon.colcon_core.shell:Creating package script '/home/scott/alpha_ws/install/rplidar_ros/share/rplidar_ros/package.bash'
[117.004s] INFO:colcon.colcon_core.shell:Creating package script '/home/scott/alpha_ws/install/rplidar_ros/share/rplidar_ros/package.zsh'
[117.010s] Level 1:colcon.colcon_core.environment:create_file_with_runtime_dependencies(/home/scott/alpha_ws/install/rplidar_ros/share/colcon-core/packages/rplidar_ros)
[117.468s] Level 1:colcon.colcon_core.environment:create_environment_scripts_only(rplidar_ros)
[117.562s] Level 1:colcon.colcon_core.environment:checking '/home/scott/alpha_ws/install/rplidar_ros' for CMake module files
[117.566s] Level 1:colcon.colcon_core.environment:checking '/home/scott/alpha_ws/install/rplidar_ros' for CMake config files
[117.570s] Level 1:colcon.colcon_core.shell:create_environment_hook('rplidar_ros', 'cmake_prefix_path')
[117.657s] INFO:colcon.colcon_core.shell:Creating environment hook '/home/scott/alpha_ws/install/rplidar_ros/share/rplidar_ros/hook/cmake_prefix_path.ps1'
[117.659s] INFO:colcon.colcon_core.shell:Creating environment descriptor '/home/scott/alpha_ws/install/rplidar_ros/share/rplidar_ros/hook/cmake_prefix_path.dsv'
[117.661s] INFO:colcon.colcon_core.shell:Creating environment hook '/home/scott/alpha_ws/install/rplidar_ros/share/rplidar_ros/hook/cmake_prefix_path.sh'
[117.664s] Level 1:colcon.colcon_core.environment:checking '/home/scott/alpha_ws/install/rplidar_ros/lib'
[117.665s] Level 1:colcon.colcon_core.environment:checking '/home/scott/alpha_ws/install/rplidar_ros/bin'
[117.665s] Level 1:colcon.colcon_core.environment:checking '/home/scott/alpha_ws/install/rplidar_ros/lib/pkgconfig/rplidar_ros.pc'
[117.666s] Level 1:colcon.colcon_core.environment:checking '/home/scott/alpha_ws/install/rplidar_ros/lib/python3.10/site-packages'
[117.667s] Level 1:colcon.colcon_core.environment:checking '/home/scott/alpha_ws/install/rplidar_ros/bin'
[117.745s] INFO:colcon.colcon_core.shell:Creating package script '/home/scott/alpha_ws/install/rplidar_ros/share/rplidar_ros/package.ps1'
[117.748s] INFO:colcon.colcon_core.shell:Creating package descriptor '/home/scott/alpha_ws/install/rplidar_ros/share/rplidar_ros/package.dsv'
[117.751s] INFO:colcon.colcon_core.shell:Creating package script '/home/scott/alpha_ws/install/rplidar_ros/share/rplidar_ros/package.sh'
[117.753s] INFO:colcon.colcon_core.shell:Creating package script '/home/scott/alpha_ws/install/rplidar_ros/share/rplidar_ros/package.bash'
[117.755s] INFO:colcon.colcon_core.shell:Creating package script '/home/scott/alpha_ws/install/rplidar_ros/share/rplidar_ros/package.zsh'
[117.757s] Level 1:colcon.colcon_core.environment:create_file_with_runtime_dependencies(/home/scott/alpha_ws/install/rplidar_ros/share/colcon-core/packages/rplidar_ros)
[117.759s] DEBUG:colcon.colcon_parallel_executor.executor.parallel:closing loop
[117.772s] DEBUG:colcon.colcon_parallel_executor.executor.parallel:loop closed
[117.772s] DEBUG:colcon.colcon_parallel_executor.executor.parallel:run_until_complete finished with '0'
[117.773s] DEBUG:colcon.colcon_core.event_reactor:joining thread
[117.927s] INFO:colcon.colcon_core.plugin_system:Skipping extension 'colcon_notification.desktop_notification.terminal_notifier': Not used on non-Darwin systems
[117.928s] INFO:colcon.colcon_core.plugin_system:Skipping extension 'colcon_notification.desktop_notification.win32': Not used on non-Windows systems
[117.928s] INFO:colcon.colcon_notification.desktop_notification:Sending desktop notification using 'notify2'
[117.973s] DEBUG:colcon.colcon_notification.desktop_notification.notify2:Failed to initialize notify2: org.freedesktop.DBus.Error.ServiceUnknown: The name org.freedesktop.Notifications was not provided by any .service files
[117.974s] DEBUG:colcon.colcon_core.event_reactor:joined thread
[118.061s] INFO:colcon.colcon_core.shell:Creating prefix script '/home/scott/alpha_ws/install/local_setup.ps1'
[118.068s] INFO:colcon.colcon_core.shell:Creating prefix util module '/home/scott/alpha_ws/install/_local_setup_util_ps1.py'
[118.075s] INFO:colcon.colcon_core.shell:Creating prefix chain script '/home/scott/alpha_ws/install/setup.ps1'
[118.163s] INFO:colcon.colcon_core.shell:Creating prefix script '/home/scott/alpha_ws/install/local_setup.sh'
[118.167s] INFO:colcon.colcon_core.shell:Creating prefix util module '/home/scott/alpha_ws/install/_local_setup_util_sh.py'
[118.169s] INFO:colcon.colcon_core.shell:Creating prefix chain script '/home/scott/alpha_ws/install/setup.sh'
[118.252s] INFO:colcon.colcon_core.shell:Creating prefix script '/home/scott/alpha_ws/install/local_setup.bash'
[118.256s] INFO:colcon.colcon_core.shell:Creating prefix chain script '/home/scott/alpha_ws/install/setup.bash'
[118.340s] INFO:colcon.colcon_core.shell:Creating prefix script '/home/scott/alpha_ws/install/local_setup.zsh'
[118.344s] INFO:colcon.colcon_core.shell:Creating prefix chain script '/home/scott/alpha_ws/install/setup.zsh'
