[4.103s] Invoking command in '/home/jetson/ros2_ws/build/robot_description': PYTHONPATH=/home/jetson/ros2_ws/build/robot_description/prefix_override:/home/jetson/ros2_ws/install/robot_description/lib/python3.8/site-packages:${PYTHONPATH} /usr/bin/python3 setup.py develop --uninstall --editable --build-directory /home/jetson/ros2_ws/build/robot_description/build
[5.065s] running develop
[5.802s] Invoked command in '/home/jetson/ros2_ws/build/robot_description' returned '0': PYTHONPATH=/home/jetson/ros2_ws/build/robot_description/prefix_override:/home/jetson/ros2_ws/install/robot_description/lib/python3.8/site-packages:${PYTHONPATH} /usr/bin/python3 setup.py develop --uninstall --editable --build-directory /home/jetson/ros2_ws/build/robot_description/build
[5.810s] Invoking command in '/home/jetson/ros2_ws/src/robot_description': PYTHONPATH=/home/jetson/ros2_ws/build/robot_description/prefix_override:/home/jetson/ros2_ws/install/robot_description/lib/python3.8/site-packages:${PYTHONPATH} /usr/bin/python3 setup.py egg_info --egg-base ../../build/robot_description build --build-base /home/jetson/ros2_ws/build/robot_description/build install --record /home/jetson/ros2_ws/build/robot_description/install.log --single-version-externally-managed
[6.602s] running egg_info
[6.604s] writing ../../build/robot_description/robot_description.egg-info/PKG-INFO
[6.605s] writing dependency_links to ../../build/robot_description/robot_description.egg-info/dependency_links.txt
[6.605s] writing entry points to ../../build/robot_description/robot_description.egg-info/entry_points.txt
[6.606s] writing requirements to ../../build/robot_description/robot_description.egg-info/requires.txt
[6.606s] writing top-level names to ../../build/robot_description/robot_description.egg-info/top_level.txt
[6.742s] reading manifest file '../../build/robot_description/robot_description.egg-info/SOURCES.txt'
[6.746s] writing manifest file '../../build/robot_description/robot_description.egg-info/SOURCES.txt'
[6.746s] running build
[6.747s] running build_py
[6.747s] running install
[6.749s] running install_lib
[6.754s] running install_data
[6.756s] running install_egg_info
[6.762s] removing '/home/jetson/ros2_ws/install/robot_description/lib/python3.8/site-packages/robot_description-0.0.0-py3.8.egg-info' (and everything under it)
[6.763s] Copying ../../build/robot_description/robot_description.egg-info to /home/jetson/ros2_ws/install/robot_description/lib/python3.8/site-packages/robot_description-0.0.0-py3.8.egg-info
[6.767s] running install_scripts
[6.837s] writing list of installed files to '/home/jetson/ros2_ws/build/robot_description/install.log'
[6.965s] Invoked command in '/home/jetson/ros2_ws/src/robot_description' returned '0': PYTHONPATH=/home/jetson/ros2_ws/build/robot_description/prefix_override:/home/jetson/ros2_ws/install/robot_description/lib/python3.8/site-packages:${PYTHONPATH} /usr/bin/python3 setup.py egg_info --egg-base ../../build/robot_description build --build-base /home/jetson/ros2_ws/build/robot_description/build install --record /home/jetson/ros2_ws/build/robot_description/install.log --single-version-externally-managed
