[2.232s] Invoking command in '/home/jetson/ros2_ws/src/robot': PYTHONPATH=/home/jetson/ros2_ws/build/robot/prefix_override:/home/jetson/ros2_ws/install/robot/lib/python3.8/site-packages:${PYTHONPATH} /usr/bin/python3 setup.py egg_info --egg-base ../../build/robot build --build-base /home/jetson/ros2_ws/build/robot/build install --record /home/jetson/ros2_ws/build/robot/install.log --install-scripts $base/lib/robot --single-version-externally-managed
[2.980s] running egg_info
[2.982s] writing ../../build/robot/robot.egg-info/PKG-INFO
[2.984s] writing dependency_links to ../../build/robot/robot.egg-info/dependency_links.txt
[2.985s] writing entry points to ../../build/robot/robot.egg-info/entry_points.txt
[2.985s] writing requirements to ../../build/robot/robot.egg-info/requires.txt
[2.985s] writing top-level names to ../../build/robot/robot.egg-info/top_level.txt
[3.111s] reading manifest file '../../build/robot/robot.egg-info/SOURCES.txt'
[3.114s] writing manifest file '../../build/robot/robot.egg-info/SOURCES.txt'
[3.116s] running build
[3.116s] running build_py
[3.116s] copying robot/pid_controller.py -> /home/jetson/ros2_ws/build/robot/build/lib/robot
[3.118s] running install
[3.120s] running install_lib
[3.124s] copying /home/jetson/ros2_ws/build/robot/build/lib/robot/pid_controller.py -> /home/jetson/ros2_ws/install/robot/lib/python3.8/site-packages/robot
[3.126s] byte-compiling /home/jetson/ros2_ws/install/robot/lib/python3.8/site-packages/robot/pid_controller.py to pid_controller.cpython-38.pyc
[3.132s] running install_data
[3.134s] running install_egg_info
[3.139s] removing '/home/jetson/ros2_ws/install/robot/lib/python3.8/site-packages/robot-0.0.0-py3.8.egg-info' (and everything under it)
[3.139s] Copying ../../build/robot/robot.egg-info to /home/jetson/ros2_ws/install/robot/lib/python3.8/site-packages/robot-0.0.0-py3.8.egg-info
[3.142s] running install_scripts
[3.199s] Installing encoder_publisher script to /home/jetson/ros2_ws/install/robot/lib/robot
[3.199s] Installing encoder_publisher_left script to /home/jetson/ros2_ws/install/robot/lib/robot
[3.200s] Installing encoder_publisher_right script to /home/jetson/ros2_ws/install/robot/lib/robot
[3.200s] Installing imu_controller script to /home/jetson/ros2_ws/install/robot/lib/robot
[3.201s] Installing motor_controller script to /home/jetson/ros2_ws/install/robot/lib/robot
[3.201s] Installing motor_driver script to /home/jetson/ros2_ws/install/robot/lib/robot
[3.201s] Installing odom_publisher script to /home/jetson/ros2_ws/install/robot/lib/robot
[3.202s] Installing pid_controller script to /home/jetson/ros2_ws/install/robot/lib/robot
[3.202s] Installing velocity_publisher script to /home/jetson/ros2_ws/install/robot/lib/robot
[3.202s] writing list of installed files to '/home/jetson/ros2_ws/build/robot/install.log'
[3.292s] Invoked command in '/home/jetson/ros2_ws/src/robot' returned '0': PYTHONPATH=/home/jetson/ros2_ws/build/robot/prefix_override:/home/jetson/ros2_ws/install/robot/lib/python3.8/site-packages:${PYTHONPATH} /usr/bin/python3 setup.py egg_info --egg-base ../../build/robot build --build-base /home/jetson/ros2_ws/build/robot/build install --record /home/jetson/ros2_ws/build/robot/install.log --install-scripts $base/lib/robot --single-version-externally-managed
