running develop
Removing /home/jetson/ros2_ws/install/robot_bringup/lib/python3.8/site-packages/robot-bringup.egg-link (link to .)
running egg_info
writing ../../build/robot_bringup/robot_bringup.egg-info/PKG-INFO
writing dependency_links to ../../build/robot_bringup/robot_bringup.egg-info/dependency_links.txt
writing entry points to ../../build/robot_bringup/robot_bringup.egg-info/entry_points.txt
writing requirements to ../../build/robot_bringup/robot_bringup.egg-info/requires.txt
writing top-level names to ../../build/robot_bringup/robot_bringup.egg-info/top_level.txt
reading manifest file '../../build/robot_bringup/robot_bringup.egg-info/SOURCES.txt'
writing manifest file '../../build/robot_bringup/robot_bringup.egg-info/SOURCES.txt'
running build
running build_py
running install
running install_lib
creating /home/jetson/ros2_ws/install/robot_bringup/lib/python3.8/site-packages/robot_bringup
copying /home/jetson/ros2_ws/build/robot_bringup/build/lib/robot_bringup/__init__.py -> /home/jetson/ros2_ws/install/robot_bringup/lib/python3.8/site-packages/robot_bringup
byte-compiling /home/jetson/ros2_ws/install/robot_bringup/lib/python3.8/site-packages/robot_bringup/__init__.py to __init__.cpython-38.pyc
running install_data
copying launch/robot.launch.py -> /home/jetson/ros2_ws/install/robot_bringup/share/robot_bringup/launch
running install_egg_info
Copying ../../build/robot_bringup/robot_bringup.egg-info to /home/jetson/ros2_ws/install/robot_bringup/lib/python3.8/site-packages/robot_bringup-0.0.0-py3.8.egg-info
running install_scripts
writing list of installed files to '/home/jetson/ros2_ws/build/robot_bringup/install.log'
