[2.222s] Invoking command in '/home/jetson/ros2_ws/build/robot_bringup': PYTHONPATH=/home/jetson/ros2_ws/build/robot_bringup/prefix_override:/home/jetson/ros2_ws/install/robot_bringup/lib/python3.8/site-packages:${PYTHONPATH} /usr/bin/python3 setup.py develop --uninstall --editable --build-directory /home/jetson/ros2_ws/build/robot_bringup/build
[3.046s] running develop
[3.529s] Removing /home/jetson/ros2_ws/install/robot_bringup/lib/python3.8/site-packages/robot-bringup.egg-link (link to .)
[3.617s] Invoked command in '/home/jetson/ros2_ws/build/robot_bringup' returned '0': PYTHONPATH=/home/jetson/ros2_ws/build/robot_bringup/prefix_override:/home/jetson/ros2_ws/install/robot_bringup/lib/python3.8/site-packages:${PYTHONPATH} /usr/bin/python3 setup.py develop --uninstall --editable --build-directory /home/jetson/ros2_ws/build/robot_bringup/build
[3.625s] Invoking command in '/home/jetson/ros2_ws/src/robot_bringup': PYTHONPATH=/home/jetson/ros2_ws/build/robot_bringup/prefix_override:/home/jetson/ros2_ws/install/robot_bringup/lib/python3.8/site-packages:${PYTHONPATH} /usr/bin/python3 setup.py egg_info --egg-base ../../build/robot_bringup build --build-base /home/jetson/ros2_ws/build/robot_bringup/build install --record /home/jetson/ros2_ws/build/robot_bringup/install.log --install-scripts $base/lib/robot_bringup --single-version-externally-managed
[4.373s] running egg_info
[4.375s] writing ../../build/robot_bringup/robot_bringup.egg-info/PKG-INFO
[4.376s] writing dependency_links to ../../build/robot_bringup/robot_bringup.egg-info/dependency_links.txt
[4.376s] writing entry points to ../../build/robot_bringup/robot_bringup.egg-info/entry_points.txt
[4.377s] writing requirements to ../../build/robot_bringup/robot_bringup.egg-info/requires.txt
[4.377s] writing top-level names to ../../build/robot_bringup/robot_bringup.egg-info/top_level.txt
[4.502s] reading manifest file '../../build/robot_bringup/robot_bringup.egg-info/SOURCES.txt'
[4.505s] writing manifest file '../../build/robot_bringup/robot_bringup.egg-info/SOURCES.txt'
[4.505s] running build
[4.506s] running build_py
[4.506s] running install
[4.509s] running install_lib
[4.512s] creating /home/jetson/ros2_ws/install/robot_bringup/lib/python3.8/site-packages/robot_bringup
[4.512s] copying /home/jetson/ros2_ws/build/robot_bringup/build/lib/robot_bringup/__init__.py -> /home/jetson/ros2_ws/install/robot_bringup/lib/python3.8/site-packages/robot_bringup
[4.514s] byte-compiling /home/jetson/ros2_ws/install/robot_bringup/lib/python3.8/site-packages/robot_bringup/__init__.py to __init__.cpython-38.pyc
[4.517s] running install_data
[4.520s] copying launch/robot.launch.py -> /home/jetson/ros2_ws/install/robot_bringup/share/robot_bringup/launch
[4.520s] running install_egg_info
[4.526s] Copying ../../build/robot_bringup/robot_bringup.egg-info to /home/jetson/ros2_ws/install/robot_bringup/lib/python3.8/site-packages/robot_bringup-0.0.0-py3.8.egg-info
[4.528s] running install_scripts
[4.583s] writing list of installed files to '/home/jetson/ros2_ws/build/robot_bringup/install.log'
[4.672s] Invoked command in '/home/jetson/ros2_ws/src/robot_bringup' returned '0': PYTHONPATH=/home/jetson/ros2_ws/build/robot_bringup/prefix_override:/home/jetson/ros2_ws/install/robot_bringup/lib/python3.8/site-packages:${PYTHONPATH} /usr/bin/python3 setup.py egg_info --egg-base ../../build/robot_bringup build --build-base /home/jetson/ros2_ws/build/robot_bringup/build install --record /home/jetson/ros2_ws/build/robot_bringup/install.log --install-scripts $base/lib/robot_bringup --single-version-externally-managed
