[2.237s] Invoking command in '/home/jetson/ros2_ws/build/robot_bringup': PYTHONPATH=/home/jetson/ros2_ws/build/robot_bringup/prefix_override:/home/jetson/ros2_ws/install/robot_bringup/lib/python3.8/site-packages:${PYTHONPATH} /usr/bin/python3 setup.py develop --uninstall --editable --build-directory /home/jetson/ros2_ws/build/robot_bringup/build
[3.057s] running develop
[3.627s] Invoked command in '/home/jetson/ros2_ws/build/robot_bringup' returned '0': PYTHONPATH=/home/jetson/ros2_ws/build/robot_bringup/prefix_override:/home/jetson/ros2_ws/install/robot_bringup/lib/python3.8/site-packages:${PYTHONPATH} /usr/bin/python3 setup.py develop --uninstall --editable --build-directory /home/jetson/ros2_ws/build/robot_bringup/build
[3.634s] Invoking command in '/home/jetson/ros2_ws/src/robot_bringup': PYTHONPATH=/home/jetson/ros2_ws/build/robot_bringup/prefix_override:/home/jetson/ros2_ws/install/robot_bringup/lib/python3.8/site-packages:${PYTHONPATH} /usr/bin/python3 setup.py egg_info --egg-base ../../build/robot_bringup build --build-base /home/jetson/ros2_ws/build/robot_bringup/build install --record /home/jetson/ros2_ws/build/robot_bringup/install.log --install-scripts $base/lib/robot_bringup --single-version-externally-managed
[4.380s] running egg_info
[4.383s] writing ../../build/robot_bringup/robot_bringup.egg-info/PKG-INFO
[4.385s] writing dependency_links to ../../build/robot_bringup/robot_bringup.egg-info/dependency_links.txt
[4.385s] writing entry points to ../../build/robot_bringup/robot_bringup.egg-info/entry_points.txt
[4.385s] writing requirements to ../../build/robot_bringup/robot_bringup.egg-info/requires.txt
[4.385s] writing top-level names to ../../build/robot_bringup/robot_bringup.egg-info/top_level.txt
[4.508s] reading manifest file '../../build/robot_bringup/robot_bringup.egg-info/SOURCES.txt'
[4.513s] writing manifest file '../../build/robot_bringup/robot_bringup.egg-info/SOURCES.txt'
[4.513s] running build
[4.513s] running build_py
[4.514s] running install
[4.515s] running install_lib
[4.519s] running install_data
[4.521s] copying launch/robot.launch.py -> /home/jetson/ros2_ws/install/robot_bringup/share/robot_bringup/launch
[4.522s] running install_egg_info
[4.528s] removing '/home/jetson/ros2_ws/install/robot_bringup/lib/python3.8/site-packages/robot_bringup-0.0.0-py3.8.egg-info' (and everything under it)
[4.528s] Copying ../../build/robot_bringup/robot_bringup.egg-info to /home/jetson/ros2_ws/install/robot_bringup/lib/python3.8/site-packages/robot_bringup-0.0.0-py3.8.egg-info
[4.531s] running install_scripts
[4.586s] writing list of installed files to '/home/jetson/ros2_ws/build/robot_bringup/install.log'
[4.680s] Invoked command in '/home/jetson/ros2_ws/src/robot_bringup' returned '0': PYTHONPATH=/home/jetson/ros2_ws/build/robot_bringup/prefix_override:/home/jetson/ros2_ws/install/robot_bringup/lib/python3.8/site-packages:${PYTHONPATH} /usr/bin/python3 setup.py egg_info --egg-base ../../build/robot_bringup build --build-base /home/jetson/ros2_ws/build/robot_bringup/build install --record /home/jetson/ros2_ws/build/robot_bringup/install.log --install-scripts $base/lib/robot_bringup --single-version-externally-managed
