[4.074s] Invoking command in '/home/scott/alpha_ws/src/robot': PYTHONPATH=/home/scott/alpha_ws/build/robot/prefix_override:/home/scott/alpha_ws/install/robot/lib/python3.10/site-packages:${PYTHONPATH} /usr/bin/python3 setup.py egg_info --egg-base ../../build/robot build --build-base /home/scott/alpha_ws/build/robot/build install --record /home/scott/alpha_ws/build/robot/install.log --single-version-externally-managed
[5.428s] running egg_info
[5.431s] writing ../../build/robot/robot.egg-info/PKG-INFO
[5.432s] writing dependency_links to ../../build/robot/robot.egg-info/dependency_links.txt
[5.434s] writing entry points to ../../build/robot/robot.egg-info/entry_points.txt
[5.434s] writing requirements to ../../build/robot/robot.egg-info/requires.txt
[5.435s] writing top-level names to ../../build/robot/robot.egg-info/top_level.txt
[5.445s] reading manifest file '../../build/robot/robot.egg-info/SOURCES.txt'
[5.447s] adding license file 'LICENSE'
[5.450s] writing manifest file '../../build/robot/robot.egg-info/SOURCES.txt'
[5.451s] running build
[5.452s] running build_py
[5.453s] copying robot/imu_publisher.py -> /home/scott/alpha_ws/build/robot/build/lib/robot
[5.457s] running install
[5.458s] running install_lib
[5.462s] copying /home/scott/alpha_ws/build/robot/build/lib/robot/imu_publisher.py -> /home/scott/alpha_ws/install/robot/lib/python3.10/site-packages/robot
[5.468s] byte-compiling /home/scott/alpha_ws/install/robot/lib/python3.10/site-packages/robot/imu_publisher.py to imu_publisher.cpython-310.pyc
[5.472s] running install_data
[5.475s] running install_egg_info
[5.483s] removing '/home/scott/alpha_ws/install/robot/lib/python3.10/site-packages/robot-0.0.0-py3.10.egg-info' (and everything under it)
[5.485s] Copying ../../build/robot/robot.egg-info to /home/scott/alpha_ws/install/robot/lib/python3.10/site-packages/robot-0.0.0-py3.10.egg-info
[5.492s] running install_scripts
[5.578s] Installing encoder_publisher script to /home/scott/alpha_ws/install/robot/lib/robot
[5.579s] Installing encoder_publisher_left script to /home/scott/alpha_ws/install/robot/lib/robot
[5.580s] Installing encoder_publisher_right script to /home/scott/alpha_ws/install/robot/lib/robot
[5.581s] Installing imu_publisher script to /home/scott/alpha_ws/install/robot/lib/robot
[5.582s] Installing motor_controller script to /home/scott/alpha_ws/install/robot/lib/robot
[5.584s] Installing motor_driver script to /home/scott/alpha_ws/install/robot/lib/robot
[5.585s] Installing odom_publisher script to /home/scott/alpha_ws/install/robot/lib/robot
[5.586s] Installing pid_controller_left script to /home/scott/alpha_ws/install/robot/lib/robot
[5.587s] Installing pid_controller_right script to /home/scott/alpha_ws/install/robot/lib/robot
[5.589s] writing list of installed files to '/home/scott/alpha_ws/build/robot/install.log'
[5.722s] Invoked command in '/home/scott/alpha_ws/src/robot' returned '0': PYTHONPATH=/home/scott/alpha_ws/build/robot/prefix_override:/home/scott/alpha_ws/install/robot/lib/python3.10/site-packages:${PYTHONPATH} /usr/bin/python3 setup.py egg_info --egg-base ../../build/robot build --build-base /home/scott/alpha_ws/build/robot/build install --record /home/scott/alpha_ws/build/robot/install.log --single-version-externally-managed
