[5.813s] Invoking command in '/home/jetson/ros2_ws/src/robot_bringup': PYTHONPATH=/home/jetson/ros2_ws/build/robot_bringup/prefix_override:/home/jetson/ros2_ws/install/robot_bringup/lib/python3.8/site-packages:${PYTHONPATH} /usr/bin/python3 setup.py egg_info --egg-base ../../build/robot_bringup build --build-base /home/jetson/ros2_ws/build/robot_bringup/build install --record /home/jetson/ros2_ws/build/robot_bringup/install.log --install-scripts $base/lib/robot_bringup --single-version-externally-managed
[7.416s] running egg_info
[7.419s] writing ../../build/robot_bringup/robot_bringup.egg-info/PKG-INFO
[7.429s] writing dependency_links to ../../build/robot_bringup/robot_bringup.egg-info/dependency_links.txt
[7.431s] writing entry points to ../../build/robot_bringup/robot_bringup.egg-info/entry_points.txt
[7.431s] writing requirements to ../../build/robot_bringup/robot_bringup.egg-info/requires.txt
[7.432s] writing top-level names to ../../build/robot_bringup/robot_bringup.egg-info/top_level.txt
[7.599s] reading manifest file '../../build/robot_bringup/robot_bringup.egg-info/SOURCES.txt'
[7.609s] writing manifest file '../../build/robot_bringup/robot_bringup.egg-info/SOURCES.txt'
[7.610s] running build
[7.610s] running build_py
[7.612s] running install
[7.615s] running install_lib
[7.623s] running install_data
[7.627s] copying launch/robot.launch.py -> /home/jetson/ros2_ws/install/robot_bringup/share/robot_bringup/launch
[7.636s] running install_egg_info
[7.649s] removing '/home/jetson/ros2_ws/install/robot_bringup/lib/python3.8/site-packages/robot_bringup-0.0.0-py3.8.egg-info' (and everything under it)
[7.649s] Copying ../../build/robot_bringup/robot_bringup.egg-info to /home/jetson/ros2_ws/install/robot_bringup/lib/python3.8/site-packages/robot_bringup-0.0.0-py3.8.egg-info
[7.654s] running install_scripts
[7.764s] writing list of installed files to '/home/jetson/ros2_ws/build/robot_bringup/install.log'
[8.033s] Invoked command in '/home/jetson/ros2_ws/src/robot_bringup' returned '0': PYTHONPATH=/home/jetson/ros2_ws/build/robot_bringup/prefix_override:/home/jetson/ros2_ws/install/robot_bringup/lib/python3.8/site-packages:${PYTHONPATH} /usr/bin/python3 setup.py egg_info --egg-base ../../build/robot_bringup build --build-base /home/jetson/ros2_ws/build/robot_bringup/build install --record /home/jetson/ros2_ws/build/robot_bringup/install.log --install-scripts $base/lib/robot_bringup --single-version-externally-managed
