[5.222s] DEBUG:colcon:Command line arguments: ['/usr/bin/colcon', 'build', '--packages-select', 'robot_description']
[5.223s] DEBUG:colcon:Parsed command line arguments: Namespace(log_base=None, log_level=None, verb_name='build', build_base='build', install_base='install', merge_install=False, symlink_install=False, test_result_base=None, continue_on_error=False, executor='parallel', parallel_workers=4, event_handlers=None, ignore_user_meta=False, metas=['./colcon.meta'], base_paths=['.'], packages_ignore=None, packages_ignore_regex=None, paths=None, packages_up_to=None, packages_up_to_regex=None, packages_above=None, packages_above_and_dependencies=None, packages_above_depth=None, packages_select_by_dep=None, packages_skip_by_dep=None, packages_skip_up_to=None, packages_select_build_failed=False, packages_skip_build_finished=False, packages_select_test_failures=False, packages_skip_test_passed=False, packages_select=['robot_description'], packages_skip=None, packages_select_regex=None, packages_skip_regex=None, packages_start=None, packages_end=None, allow_overriding=[], cmake_args=None, cmake_target=None, cmake_target_skip_unavailable=False, cmake_clean_cache=False, cmake_clean_first=False, cmake_force_configure=False, ament_cmake_args=None, catkin_cmake_args=None, catkin_skip_building_tests=False, verb_parser=<colcon_defaults.argument_parser.defaults.DefaultArgumentsDecorator object at 0xffffaeff4400>, verb_extension=<colcon_core.verb.build.BuildVerb object at 0xffffaf355420>, main=<bound method BuildVerb.main of <colcon_core.verb.build.BuildVerb object at 0xffffaf355420>>)
[5.457s] Level 1:colcon.colcon_core.package_discovery:discover_packages(colcon_meta) check parameters
[5.458s] Level 1:colcon.colcon_core.package_discovery:discover_packages(recursive) check parameters
[5.458s] Level 1:colcon.colcon_core.package_discovery:discover_packages(ignore) check parameters
[5.458s] Level 1:colcon.colcon_core.package_discovery:discover_packages(path) check parameters
[5.458s] Level 1:colcon.colcon_core.package_discovery:discover_packages(colcon_meta) discover
[5.459s] Level 1:colcon.colcon_core.package_discovery:discover_packages(recursive) discover
[5.459s] INFO:colcon.colcon_core.package_discovery:Crawling recursively for packages in '/home/scott/alpha_ws'
[5.460s] Level 1:colcon.colcon_core.package_identification:_identify(.) by extensions ['ignore', 'ignore_ament_install']
[5.460s] Level 1:colcon.colcon_core.package_identification:_identify(.) by extension 'ignore'
[5.460s] Level 1:colcon.colcon_core.package_identification:_identify(.) by extension 'ignore_ament_install'
[5.461s] Level 1:colcon.colcon_core.package_identification:_identify(.) by extensions ['colcon_pkg']
[5.461s] Level 1:colcon.colcon_core.package_identification:_identify(.) by extension 'colcon_pkg'
[5.461s] Level 1:colcon.colcon_core.package_identification:_identify(.) by extensions ['colcon_meta']
[5.462s] Level 1:colcon.colcon_core.package_identification:_identify(.) by extension 'colcon_meta'
[5.462s] Level 1:colcon.colcon_core.package_identification:_identify(.) by extensions ['ros']
[5.462s] Level 1:colcon.colcon_core.package_identification:_identify(.) by extension 'ros'
[5.516s] Level 1:colcon.colcon_core.package_identification:_identify(.) by extensions ['cmake', 'python']
[5.516s] Level 1:colcon.colcon_core.package_identification:_identify(.) by extension 'cmake'
[5.517s] Level 1:colcon.colcon_core.package_identification:_identify(.) by extension 'python'
[5.517s] Level 1:colcon.colcon_core.package_identification:_identify(.) by extensions ['python_setup_py']
[5.517s] Level 1:colcon.colcon_core.package_identification:_identify(.) by extension 'python_setup_py'
[5.518s] Level 1:colcon.colcon_core.package_identification:_identify(build) by extensions ['ignore', 'ignore_ament_install']
[5.518s] Level 1:colcon.colcon_core.package_identification:_identify(build) by extension 'ignore'
[5.519s] Level 1:colcon.colcon_core.package_identification:_identify(build) ignored
[5.520s] Level 1:colcon.colcon_core.package_identification:_identify(install) by extensions ['ignore', 'ignore_ament_install']
[5.520s] Level 1:colcon.colcon_core.package_identification:_identify(install) by extension 'ignore'
[5.521s] Level 1:colcon.colcon_core.package_identification:_identify(install) ignored
[5.523s] Level 1:colcon.colcon_core.package_identification:_identify(log) by extensions ['ignore', 'ignore_ament_install']
[5.524s] Level 1:colcon.colcon_core.package_identification:_identify(log) by extension 'ignore'
[5.524s] Level 1:colcon.colcon_core.package_identification:_identify(log) ignored
[5.525s] Level 1:colcon.colcon_core.package_identification:_identify(src) by extensions ['ignore', 'ignore_ament_install']
[5.525s] Level 1:colcon.colcon_core.package_identification:_identify(src) by extension 'ignore'
[5.525s] Level 1:colcon.colcon_core.package_identification:_identify(src) by extension 'ignore_ament_install'
[5.526s] Level 1:colcon.colcon_core.package_identification:_identify(src) by extensions ['colcon_pkg']
[5.526s] Level 1:colcon.colcon_core.package_identification:_identify(src) by extension 'colcon_pkg'
[5.526s] Level 1:colcon.colcon_core.package_identification:_identify(src) by extensions ['colcon_meta']
[5.526s] Level 1:colcon.colcon_core.package_identification:_identify(src) by extension 'colcon_meta'
[5.527s] Level 1:colcon.colcon_core.package_identification:_identify(src) by extensions ['ros']
[5.527s] Level 1:colcon.colcon_core.package_identification:_identify(src) by extension 'ros'
[5.527s] Level 1:colcon.colcon_core.package_identification:_identify(src) by extensions ['cmake', 'python']
[5.527s] Level 1:colcon.colcon_core.package_identification:_identify(src) by extension 'cmake'
[5.528s] Level 1:colcon.colcon_core.package_identification:_identify(src) by extension 'python'
[5.528s] Level 1:colcon.colcon_core.package_identification:_identify(src) by extensions ['python_setup_py']
[5.528s] Level 1:colcon.colcon_core.package_identification:_identify(src) by extension 'python_setup_py'
[5.529s] Level 1:colcon.colcon_core.package_identification:_identify(src/robot) by extensions ['ignore', 'ignore_ament_install']
[5.529s] Level 1:colcon.colcon_core.package_identification:_identify(src/robot) by extension 'ignore'
[5.530s] Level 1:colcon.colcon_core.package_identification:_identify(src/robot) by extension 'ignore_ament_install'
[5.530s] Level 1:colcon.colcon_core.package_identification:_identify(src/robot) by extensions ['colcon_pkg']
[5.530s] Level 1:colcon.colcon_core.package_identification:_identify(src/robot) by extension 'colcon_pkg'
[5.530s] Level 1:colcon.colcon_core.package_identification:_identify(src/robot) by extensions ['colcon_meta']
[5.530s] Level 1:colcon.colcon_core.package_identification:_identify(src/robot) by extension 'colcon_meta'
[5.531s] Level 1:colcon.colcon_core.package_identification:_identify(src/robot) by extensions ['ros']
[5.531s] Level 1:colcon.colcon_core.package_identification:_identify(src/robot) by extension 'ros'
[5.541s] DEBUG:colcon.colcon_core.package_identification:Package 'src/robot' with type 'ros.ament_python' and name 'robot'
[5.542s] Level 1:colcon.colcon_core.package_identification:_identify(src/robot_bringup) by extensions ['ignore', 'ignore_ament_install']
[5.542s] Level 1:colcon.colcon_core.package_identification:_identify(src/robot_bringup) by extension 'ignore'
[5.543s] Level 1:colcon.colcon_core.package_identification:_identify(src/robot_bringup) by extension 'ignore_ament_install'
[5.543s] Level 1:colcon.colcon_core.package_identification:_identify(src/robot_bringup) by extensions ['colcon_pkg']
[5.543s] Level 1:colcon.colcon_core.package_identification:_identify(src/robot_bringup) by extension 'colcon_pkg'
[5.543s] Level 1:colcon.colcon_core.package_identification:_identify(src/robot_bringup) by extensions ['colcon_meta']
[5.544s] Level 1:colcon.colcon_core.package_identification:_identify(src/robot_bringup) by extension 'colcon_meta'
[5.544s] Level 1:colcon.colcon_core.package_identification:_identify(src/robot_bringup) by extensions ['ros']
[5.544s] Level 1:colcon.colcon_core.package_identification:_identify(src/robot_bringup) by extension 'ros'
[5.547s] DEBUG:colcon.colcon_core.package_identification:Package 'src/robot_bringup' with type 'ros.ament_python' and name 'robot_bringup'
[5.547s] Level 1:colcon.colcon_core.package_identification:_identify(src/robot_description) by extensions ['ignore', 'ignore_ament_install']
[5.548s] Level 1:colcon.colcon_core.package_identification:_identify(src/robot_description) by extension 'ignore'
[5.548s] Level 1:colcon.colcon_core.package_identification:_identify(src/robot_description) by extension 'ignore_ament_install'
[5.549s] Level 1:colcon.colcon_core.package_identification:_identify(src/robot_description) by extensions ['colcon_pkg']
[5.549s] Level 1:colcon.colcon_core.package_identification:_identify(src/robot_description) by extension 'colcon_pkg'
[5.549s] Level 1:colcon.colcon_core.package_identification:_identify(src/robot_description) by extensions ['colcon_meta']
[5.549s] Level 1:colcon.colcon_core.package_identification:_identify(src/robot_description) by extension 'colcon_meta'
[5.550s] Level 1:colcon.colcon_core.package_identification:_identify(src/robot_description) by extensions ['ros']
[5.550s] Level 1:colcon.colcon_core.package_identification:_identify(src/robot_description) by extension 'ros'
[5.552s] DEBUG:colcon.colcon_core.package_identification:Package 'src/robot_description' with type 'ros.ament_python' and name 'robot_description'
[5.553s] Level 1:colcon.colcon_core.package_identification:_identify(src/robot_interfaces) by extensions ['ignore', 'ignore_ament_install']
[5.553s] Level 1:colcon.colcon_core.package_identification:_identify(src/robot_interfaces) by extension 'ignore'
[5.554s] Level 1:colcon.colcon_core.package_identification:_identify(src/robot_interfaces) by extension 'ignore_ament_install'
[5.554s] Level 1:colcon.colcon_core.package_identification:_identify(src/robot_interfaces) by extensions ['colcon_pkg']
[5.554s] Level 1:colcon.colcon_core.package_identification:_identify(src/robot_interfaces) by extension 'colcon_pkg'
[5.555s] Level 1:colcon.colcon_core.package_identification:_identify(src/robot_interfaces) by extensions ['colcon_meta']
[5.555s] Level 1:colcon.colcon_core.package_identification:_identify(src/robot_interfaces) by extension 'colcon_meta'
[5.555s] Level 1:colcon.colcon_core.package_identification:_identify(src/robot_interfaces) by extensions ['ros']
[5.555s] Level 1:colcon.colcon_core.package_identification:_identify(src/robot_interfaces) by extension 'ros'
[5.558s] DEBUG:colcon.colcon_core.package_identification:Package 'src/robot_interfaces' with type 'ros.ament_cmake' and name 'robot_interfaces'
[5.558s] Level 1:colcon.colcon_core.package_identification:_identify(src/rplidar_ros) by extensions ['ignore', 'ignore_ament_install']
[5.559s] Level 1:colcon.colcon_core.package_identification:_identify(src/rplidar_ros) by extension 'ignore'
[5.559s] Level 1:colcon.colcon_core.package_identification:_identify(src/rplidar_ros) by extension 'ignore_ament_install'
[5.560s] Level 1:colcon.colcon_core.package_identification:_identify(src/rplidar_ros) by extensions ['colcon_pkg']
[5.560s] Level 1:colcon.colcon_core.package_identification:_identify(src/rplidar_ros) by extension 'colcon_pkg'
[5.560s] Level 1:colcon.colcon_core.package_identification:_identify(src/rplidar_ros) by extensions ['colcon_meta']
[5.560s] Level 1:colcon.colcon_core.package_identification:_identify(src/rplidar_ros) by extension 'colcon_meta'
[5.561s] Level 1:colcon.colcon_core.package_identification:_identify(src/rplidar_ros) by extensions ['ros']
[5.561s] Level 1:colcon.colcon_core.package_identification:_identify(src/rplidar_ros) by extension 'ros'
[5.564s] DEBUG:colcon.colcon_core.package_identification:Package 'src/rplidar_ros' with type 'ros.ament_cmake' and name 'rplidar_ros'
[5.564s] Level 1:colcon.colcon_core.package_discovery:discover_packages(recursive) using defaults
[5.564s] Level 1:colcon.colcon_core.package_discovery:discover_packages(ignore) discover
[5.564s] Level 1:colcon.colcon_core.package_discovery:discover_packages(ignore) using defaults
[5.565s] Level 1:colcon.colcon_core.package_discovery:discover_packages(path) discover
[5.565s] Level 1:colcon.colcon_core.package_discovery:discover_packages(path) using defaults
[5.882s] INFO:colcon.colcon_core.package_selection:Skipping not selected package 'robot' in 'src/robot'
[5.883s] INFO:colcon.colcon_core.package_selection:Skipping not selected package 'robot_bringup' in 'src/robot_bringup'
[5.883s] INFO:colcon.colcon_core.package_selection:Skipping not selected package 'robot_interfaces' in 'src/robot_interfaces'
[5.883s] INFO:colcon.colcon_core.package_selection:Skipping not selected package 'rplidar_ros' in 'src/rplidar_ros'
[6.038s] Level 1:colcon.colcon_core.package_discovery:discover_packages(prefix_path) check parameters
[6.038s] Level 1:colcon.colcon_core.package_discovery:discover_packages(prefix_path) discover
[6.197s] DEBUG:colcon.colcon_installed_package_information.package_discovery:Found 5 installed packages in /home/scott/alpha_ws/install
[6.280s] DEBUG:colcon.colcon_installed_package_information.package_discovery:Found 273 installed packages in /opt/ros/humble
[6.287s] Level 1:colcon.colcon_core.package_discovery:discover_packages(prefix_path) using defaults
[6.753s] Level 5:colcon.colcon_core.verb:set package 'robot_description' build argument 'cmake_args' from command line to 'None'
[6.753s] Level 5:colcon.colcon_core.verb:set package 'robot_description' build argument 'cmake_target' from command line to 'None'
[6.753s] Level 5:colcon.colcon_core.verb:set package 'robot_description' build argument 'cmake_target_skip_unavailable' from command line to 'False'
[6.753s] Level 5:colcon.colcon_core.verb:set package 'robot_description' build argument 'cmake_clean_cache' from command line to 'False'
[6.754s] Level 5:colcon.colcon_core.verb:set package 'robot_description' build argument 'cmake_clean_first' from command line to 'False'
[6.754s] Level 5:colcon.colcon_core.verb:set package 'robot_description' build argument 'cmake_force_configure' from command line to 'False'
[6.754s] Level 5:colcon.colcon_core.verb:set package 'robot_description' build argument 'ament_cmake_args' from command line to 'None'
[6.754s] Level 5:colcon.colcon_core.verb:set package 'robot_description' build argument 'catkin_cmake_args' from command line to 'None'
[6.754s] Level 5:colcon.colcon_core.verb:set package 'robot_description' build argument 'catkin_skip_building_tests' from command line to 'False'
[6.754s] DEBUG:colcon.colcon_core.verb:Building package 'robot_description' with the following arguments: {'ament_cmake_args': None, 'build_base': '/home/scott/alpha_ws/build/robot_description', 'catkin_cmake_args': None, 'catkin_skip_building_tests': False, 'cmake_args': None, 'cmake_clean_cache': False, 'cmake_clean_first': False, 'cmake_force_configure': False, 'cmake_target': None, 'cmake_target_skip_unavailable': False, 'install_base': '/home/scott/alpha_ws/install/robot_description', 'merge_install': False, 'path': '/home/scott/alpha_ws/src/robot_description', 'symlink_install': False, 'test_result_base': None}
[6.840s] INFO:colcon.colcon_core.executor:Executing jobs using 'parallel' executor
[6.918s] DEBUG:colcon.colcon_parallel_executor.executor.parallel:run_until_complete
[6.919s] INFO:colcon.colcon_ros.task.ament_python.build:Building ROS package in '/home/scott/alpha_ws/src/robot_description' with build type 'ament_python'
[6.920s] Level 1:colcon.colcon_core.shell:create_environment_hook('robot_description', 'ament_prefix_path')
[7.010s] INFO:colcon.colcon_core.plugin_system:Skipping extension 'colcon_core.shell.bat': Not used on non-Windows systems
[7.011s] INFO:colcon.colcon_core.shell:Creating environment hook '/home/scott/alpha_ws/install/robot_description/share/robot_description/hook/ament_prefix_path.ps1'
[7.014s] INFO:colcon.colcon_core.shell:Creating environment descriptor '/home/scott/alpha_ws/install/robot_description/share/robot_description/hook/ament_prefix_path.dsv'
[7.017s] INFO:colcon.colcon_core.shell:Creating environment hook '/home/scott/alpha_ws/install/robot_description/share/robot_description/hook/ament_prefix_path.sh'
[7.096s] INFO:colcon.colcon_core.shell:Skip shell extension 'powershell' for command environment: Not usable outside of PowerShell
[7.097s] DEBUG:colcon.colcon_core.shell:Skip shell extension 'dsv' for command environment
[8.791s] INFO:colcon.colcon_core.task.python.build:Building Python package in '/home/scott/alpha_ws/src/robot_description'
[8.870s] INFO:colcon.colcon_core.shell:Skip shell extension 'powershell' for command environment: Not usable outside of PowerShell
[8.870s] DEBUG:colcon.colcon_core.shell:Skip shell extension 'dsv' for command environment
[10.894s] DEBUG:colcon.colcon_core.event_handler.log_command:Invoking command in '/home/scott/alpha_ws/src/robot_description': PYTHONPATH=/home/scott/alpha_ws/build/robot_description/prefix_override:/home/scott/alpha_ws/install/robot_description/lib/python3.10/site-packages:${PYTHONPATH} /usr/bin/python3 setup.py egg_info --egg-base ../../build/robot_description build --build-base /home/scott/alpha_ws/build/robot_description/build install --record /home/scott/alpha_ws/build/robot_description/install.log --single-version-externally-managed
[12.508s] DEBUG:colcon.colcon_core.event_handler.log_command:Invoked command in '/home/scott/alpha_ws/src/robot_description' returned '0': PYTHONPATH=/home/scott/alpha_ws/build/robot_description/prefix_override:/home/scott/alpha_ws/install/robot_description/lib/python3.10/site-packages:${PYTHONPATH} /usr/bin/python3 setup.py egg_info --egg-base ../../build/robot_description build --build-base /home/scott/alpha_ws/build/robot_description/build install --record /home/scott/alpha_ws/build/robot_description/install.log --single-version-externally-managed
[12.599s] Level 1:colcon.colcon_core.environment:checking '/home/scott/alpha_ws/install/robot_description' for CMake module files
[12.601s] Level 1:colcon.colcon_core.environment:checking '/home/scott/alpha_ws/install/robot_description' for CMake config files
[12.606s] Level 1:colcon.colcon_core.environment:checking '/home/scott/alpha_ws/install/robot_description/lib'
[12.607s] Level 1:colcon.colcon_core.environment:checking '/home/scott/alpha_ws/install/robot_description/bin'
[12.607s] Level 1:colcon.colcon_core.environment:checking '/home/scott/alpha_ws/install/robot_description/lib/pkgconfig/robot_description.pc'
[12.608s] Level 1:colcon.colcon_core.environment:checking '/home/scott/alpha_ws/install/robot_description/lib/python3.10/site-packages'
[12.609s] Level 1:colcon.colcon_core.shell:create_environment_hook('robot_description', 'pythonpath')
[12.687s] INFO:colcon.colcon_core.shell:Creating environment hook '/home/scott/alpha_ws/install/robot_description/share/robot_description/hook/pythonpath.ps1'
[12.689s] INFO:colcon.colcon_core.shell:Creating environment descriptor '/home/scott/alpha_ws/install/robot_description/share/robot_description/hook/pythonpath.dsv'
[12.692s] INFO:colcon.colcon_core.shell:Creating environment hook '/home/scott/alpha_ws/install/robot_description/share/robot_description/hook/pythonpath.sh'
[12.695s] Level 1:colcon.colcon_core.environment:checking '/home/scott/alpha_ws/install/robot_description/bin'
[12.695s] Level 1:colcon.colcon_core.environment:create_environment_scripts_only(robot_description)
[12.770s] INFO:colcon.colcon_core.shell:Creating package script '/home/scott/alpha_ws/install/robot_description/share/robot_description/package.ps1'
[12.775s] INFO:colcon.colcon_core.shell:Creating package descriptor '/home/scott/alpha_ws/install/robot_description/share/robot_description/package.dsv'
[12.779s] INFO:colcon.colcon_core.shell:Creating package script '/home/scott/alpha_ws/install/robot_description/share/robot_description/package.sh'
[12.783s] INFO:colcon.colcon_core.shell:Creating package script '/home/scott/alpha_ws/install/robot_description/share/robot_description/package.bash'
[12.787s] INFO:colcon.colcon_core.shell:Creating package script '/home/scott/alpha_ws/install/robot_description/share/robot_description/package.zsh'
[12.790s] Level 1:colcon.colcon_core.environment:create_file_with_runtime_dependencies(/home/scott/alpha_ws/install/robot_description/share/colcon-core/packages/robot_description)
[12.792s] DEBUG:colcon.colcon_parallel_executor.executor.parallel:closing loop
[12.794s] DEBUG:colcon.colcon_parallel_executor.executor.parallel:loop closed
[12.794s] DEBUG:colcon.colcon_parallel_executor.executor.parallel:run_until_complete finished with '0'
[12.794s] DEBUG:colcon.colcon_core.event_reactor:joining thread
[12.897s] INFO:colcon.colcon_core.plugin_system:Skipping extension 'colcon_notification.desktop_notification.terminal_notifier': Not used on non-Darwin systems
[12.897s] INFO:colcon.colcon_core.plugin_system:Skipping extension 'colcon_notification.desktop_notification.win32': Not used on non-Windows systems
[12.898s] INFO:colcon.colcon_notification.desktop_notification:Sending desktop notification using 'notify2'
[12.956s] DEBUG:colcon.colcon_core.event_reactor:joined thread
[13.043s] INFO:colcon.colcon_core.shell:Creating prefix script '/home/scott/alpha_ws/install/local_setup.ps1'
[13.047s] INFO:colcon.colcon_core.shell:Creating prefix util module '/home/scott/alpha_ws/install/_local_setup_util_ps1.py'
[13.054s] INFO:colcon.colcon_core.shell:Creating prefix chain script '/home/scott/alpha_ws/install/setup.ps1'
[13.135s] INFO:colcon.colcon_core.shell:Creating prefix script '/home/scott/alpha_ws/install/local_setup.sh'
[13.138s] INFO:colcon.colcon_core.shell:Creating prefix util module '/home/scott/alpha_ws/install/_local_setup_util_sh.py'
[13.141s] INFO:colcon.colcon_core.shell:Creating prefix chain script '/home/scott/alpha_ws/install/setup.sh'
[13.262s] INFO:colcon.colcon_core.shell:Creating prefix script '/home/scott/alpha_ws/install/local_setup.bash'
[13.265s] INFO:colcon.colcon_core.shell:Creating prefix chain script '/home/scott/alpha_ws/install/setup.bash'
[13.349s] INFO:colcon.colcon_core.shell:Creating prefix script '/home/scott/alpha_ws/install/local_setup.zsh'
[13.352s] INFO:colcon.colcon_core.shell:Creating prefix chain script '/home/scott/alpha_ws/install/setup.zsh'
