[1.371s] DEBUG:colcon:Command line arguments: ['/usr/bin/colcon', 'build']
[1.371s] DEBUG:colcon:Parsed command line arguments: Namespace(allow_overriding=[], ament_cmake_args=None, base_paths=['.'], build_base='build', catkin_cmake_args=None, catkin_skip_building_tests=False, cmake_args=None, cmake_clean_cache=False, cmake_clean_first=False, cmake_force_configure=False, cmake_target=None, cmake_target_skip_unavailable=False, continue_on_error=False, event_handlers=None, executor='parallel', ignore_user_meta=False, install_base='install', log_base=None, log_level=None, main=<bound method BuildVerb.main of <colcon_core.verb.build.BuildVerb object at 0x7f88e704c0>>, merge_install=False, metas=['./colcon.meta'], packages_above=None, packages_above_and_dependencies=None, packages_above_depth=None, packages_end=None, packages_ignore=None, packages_ignore_regex=None, packages_select=None, packages_select_build_failed=False, packages_select_by_dep=None, packages_select_regex=None, packages_select_test_failures=False, packages_skip=None, packages_skip_build_finished=False, packages_skip_by_dep=None, packages_skip_regex=None, packages_skip_test_passed=False, packages_skip_up_to=None, packages_start=None, packages_up_to=None, packages_up_to_regex=None, parallel_workers=4, paths=None, symlink_install=False, test_result_base=None, verb_extension=<colcon_core.verb.build.BuildVerb object at 0x7f88e704c0>, verb_name='build', verb_parser=<colcon_defaults.argument_parser.defaults.DefaultArgumentsDecorator object at 0x7f88e70a00>)
[1.562s] Level 1:colcon.colcon_core.package_discovery:discover_packages(colcon_meta) check parameters
[1.563s] Level 1:colcon.colcon_core.package_discovery:discover_packages(recursive) check parameters
[1.563s] Level 1:colcon.colcon_core.package_discovery:discover_packages(ignore) check parameters
[1.563s] Level 1:colcon.colcon_core.package_discovery:discover_packages(path) check parameters
[1.563s] Level 1:colcon.colcon_core.package_discovery:discover_packages(colcon_meta) discover
[1.563s] Level 1:colcon.colcon_core.package_discovery:discover_packages(recursive) discover
[1.564s] INFO:colcon.colcon_core.package_discovery:Crawling recursively for packages in '/home/jetson/ros2_ws'
[1.564s] Level 1:colcon.colcon_core.package_identification:_identify(.) by extensions ['ignore', 'ignore_ament_install']
[1.564s] Level 1:colcon.colcon_core.package_identification:_identify(.) by extension 'ignore'
[1.564s] Level 1:colcon.colcon_core.package_identification:_identify(.) by extension 'ignore_ament_install'
[1.565s] Level 1:colcon.colcon_core.package_identification:_identify(.) by extensions ['colcon_pkg']
[1.565s] Level 1:colcon.colcon_core.package_identification:_identify(.) by extension 'colcon_pkg'
[1.565s] Level 1:colcon.colcon_core.package_identification:_identify(.) by extensions ['colcon_meta']
[1.565s] Level 1:colcon.colcon_core.package_identification:_identify(.) by extension 'colcon_meta'
[1.565s] Level 1:colcon.colcon_core.package_identification:_identify(.) by extensions ['ros']
[1.565s] Level 1:colcon.colcon_core.package_identification:_identify(.) by extension 'ros'
[1.648s] Level 1:colcon.colcon_core.package_identification:_identify(.) by extensions ['cmake', 'python']
[1.648s] Level 1:colcon.colcon_core.package_identification:_identify(.) by extension 'cmake'
[1.649s] Level 1:colcon.colcon_core.package_identification:_identify(.) by extension 'python'
[1.649s] Level 1:colcon.colcon_core.package_identification:_identify(.) by extensions ['python_setup_py']
[1.649s] Level 1:colcon.colcon_core.package_identification:_identify(.) by extension 'python_setup_py'
[1.649s] Level 1:colcon.colcon_core.package_identification:_identify(build) by extensions ['ignore', 'ignore_ament_install']
[1.650s] Level 1:colcon.colcon_core.package_identification:_identify(build) by extension 'ignore'
[1.650s] Level 1:colcon.colcon_core.package_identification:_identify(build) ignored
[1.650s] Level 1:colcon.colcon_core.package_identification:_identify(install) by extensions ['ignore', 'ignore_ament_install']
[1.650s] Level 1:colcon.colcon_core.package_identification:_identify(install) by extension 'ignore'
[1.651s] Level 1:colcon.colcon_core.package_identification:_identify(install) ignored
[1.652s] Level 1:colcon.colcon_core.package_identification:_identify(log) by extensions ['ignore', 'ignore_ament_install']
[1.652s] Level 1:colcon.colcon_core.package_identification:_identify(log) by extension 'ignore'
[1.652s] Level 1:colcon.colcon_core.package_identification:_identify(log) ignored
[1.653s] Level 1:colcon.colcon_core.package_identification:_identify(src) by extensions ['ignore', 'ignore_ament_install']
[1.653s] Level 1:colcon.colcon_core.package_identification:_identify(src) by extension 'ignore'
[1.653s] Level 1:colcon.colcon_core.package_identification:_identify(src) by extension 'ignore_ament_install'
[1.653s] Level 1:colcon.colcon_core.package_identification:_identify(src) by extensions ['colcon_pkg']
[1.653s] Level 1:colcon.colcon_core.package_identification:_identify(src) by extension 'colcon_pkg'
[1.654s] Level 1:colcon.colcon_core.package_identification:_identify(src) by extensions ['colcon_meta']
[1.654s] Level 1:colcon.colcon_core.package_identification:_identify(src) by extension 'colcon_meta'
[1.654s] Level 1:colcon.colcon_core.package_identification:_identify(src) by extensions ['ros']
[1.654s] Level 1:colcon.colcon_core.package_identification:_identify(src) by extension 'ros'
[1.654s] Level 1:colcon.colcon_core.package_identification:_identify(src) by extensions ['cmake', 'python']
[1.654s] Level 1:colcon.colcon_core.package_identification:_identify(src) by extension 'cmake'
[1.655s] Level 1:colcon.colcon_core.package_identification:_identify(src) by extension 'python'
[1.655s] Level 1:colcon.colcon_core.package_identification:_identify(src) by extensions ['python_setup_py']
[1.655s] Level 1:colcon.colcon_core.package_identification:_identify(src) by extension 'python_setup_py'
[1.655s] Level 1:colcon.colcon_core.package_identification:_identify(src/robot) by extensions ['ignore', 'ignore_ament_install']
[1.655s] Level 1:colcon.colcon_core.package_identification:_identify(src/robot) by extension 'ignore'
[1.656s] Level 1:colcon.colcon_core.package_identification:_identify(src/robot) by extension 'ignore_ament_install'
[1.656s] Level 1:colcon.colcon_core.package_identification:_identify(src/robot) by extensions ['colcon_pkg']
[1.656s] Level 1:colcon.colcon_core.package_identification:_identify(src/robot) by extension 'colcon_pkg'
[1.656s] Level 1:colcon.colcon_core.package_identification:_identify(src/robot) by extensions ['colcon_meta']
[1.656s] Level 1:colcon.colcon_core.package_identification:_identify(src/robot) by extension 'colcon_meta'
[1.656s] Level 1:colcon.colcon_core.package_identification:_identify(src/robot) by extensions ['ros']
[1.656s] Level 1:colcon.colcon_core.package_identification:_identify(src/robot) by extension 'ros'
[1.666s] DEBUG:colcon.colcon_core.package_identification:Package 'src/robot' with type 'ros.ament_python' and name 'robot'
[1.666s] Level 1:colcon.colcon_core.package_identification:_identify(src/robot_bringup) by extensions ['ignore', 'ignore_ament_install']
[1.667s] Level 1:colcon.colcon_core.package_identification:_identify(src/robot_bringup) by extension 'ignore'
[1.667s] Level 1:colcon.colcon_core.package_identification:_identify(src/robot_bringup) by extension 'ignore_ament_install'
[1.667s] Level 1:colcon.colcon_core.package_identification:_identify(src/robot_bringup) by extensions ['colcon_pkg']
[1.667s] Level 1:colcon.colcon_core.package_identification:_identify(src/robot_bringup) by extension 'colcon_pkg'
[1.668s] Level 1:colcon.colcon_core.package_identification:_identify(src/robot_bringup) by extensions ['colcon_meta']
[1.668s] Level 1:colcon.colcon_core.package_identification:_identify(src/robot_bringup) by extension 'colcon_meta'
[1.668s] Level 1:colcon.colcon_core.package_identification:_identify(src/robot_bringup) by extensions ['ros']
[1.668s] Level 1:colcon.colcon_core.package_identification:_identify(src/robot_bringup) by extension 'ros'
[1.670s] DEBUG:colcon.colcon_core.package_identification:Package 'src/robot_bringup' with type 'ros.ament_python' and name 'robot_bringup'
[1.670s] Level 1:colcon.colcon_core.package_identification:_identify(src/robot_description) by extensions ['ignore', 'ignore_ament_install']
[1.671s] Level 1:colcon.colcon_core.package_identification:_identify(src/robot_description) by extension 'ignore'
[1.671s] Level 1:colcon.colcon_core.package_identification:_identify(src/robot_description) by extension 'ignore_ament_install'
[1.671s] Level 1:colcon.colcon_core.package_identification:_identify(src/robot_description) by extensions ['colcon_pkg']
[1.671s] Level 1:colcon.colcon_core.package_identification:_identify(src/robot_description) by extension 'colcon_pkg'
[1.671s] Level 1:colcon.colcon_core.package_identification:_identify(src/robot_description) by extensions ['colcon_meta']
[1.672s] Level 1:colcon.colcon_core.package_identification:_identify(src/robot_description) by extension 'colcon_meta'
[1.672s] Level 1:colcon.colcon_core.package_identification:_identify(src/robot_description) by extensions ['ros']
[1.672s] Level 1:colcon.colcon_core.package_identification:_identify(src/robot_description) by extension 'ros'
[1.674s] DEBUG:colcon.colcon_core.package_identification:Package 'src/robot_description' with type 'ros.ament_python' and name 'robot_description'
[1.674s] Level 1:colcon.colcon_core.package_identification:_identify(src/robot_interfaces) by extensions ['ignore', 'ignore_ament_install']
[1.675s] Level 1:colcon.colcon_core.package_identification:_identify(src/robot_interfaces) by extension 'ignore'
[1.675s] Level 1:colcon.colcon_core.package_identification:_identify(src/robot_interfaces) by extension 'ignore_ament_install'
[1.675s] Level 1:colcon.colcon_core.package_identification:_identify(src/robot_interfaces) by extensions ['colcon_pkg']
[1.675s] Level 1:colcon.colcon_core.package_identification:_identify(src/robot_interfaces) by extension 'colcon_pkg'
[1.676s] Level 1:colcon.colcon_core.package_identification:_identify(src/robot_interfaces) by extensions ['colcon_meta']
[1.676s] Level 1:colcon.colcon_core.package_identification:_identify(src/robot_interfaces) by extension 'colcon_meta'
[1.676s] Level 1:colcon.colcon_core.package_identification:_identify(src/robot_interfaces) by extensions ['ros']
[1.676s] Level 1:colcon.colcon_core.package_identification:_identify(src/robot_interfaces) by extension 'ros'
[1.679s] DEBUG:colcon.colcon_core.package_identification:Package 'src/robot_interfaces' with type 'ros.ament_cmake' and name 'robot_interfaces'
[1.679s] Level 1:colcon.colcon_core.package_identification:_identify(src/rplidar_ros) by extensions ['ignore', 'ignore_ament_install']
[1.679s] Level 1:colcon.colcon_core.package_identification:_identify(src/rplidar_ros) by extension 'ignore'
[1.679s] Level 1:colcon.colcon_core.package_identification:_identify(src/rplidar_ros) by extension 'ignore_ament_install'
[1.680s] Level 1:colcon.colcon_core.package_identification:_identify(src/rplidar_ros) by extensions ['colcon_pkg']
[1.680s] Level 1:colcon.colcon_core.package_identification:_identify(src/rplidar_ros) by extension 'colcon_pkg'
[1.680s] Level 1:colcon.colcon_core.package_identification:_identify(src/rplidar_ros) by extensions ['colcon_meta']
[1.680s] Level 1:colcon.colcon_core.package_identification:_identify(src/rplidar_ros) by extension 'colcon_meta'
[1.680s] Level 1:colcon.colcon_core.package_identification:_identify(src/rplidar_ros) by extensions ['ros']
[1.680s] Level 1:colcon.colcon_core.package_identification:_identify(src/rplidar_ros) by extension 'ros'
[1.683s] DEBUG:colcon.colcon_core.package_identification:Package 'src/rplidar_ros' with type 'ros.ament_cmake' and name 'rplidar_ros'
[1.683s] Level 1:colcon.colcon_core.package_discovery:discover_packages(recursive) using defaults
[1.683s] Level 1:colcon.colcon_core.package_discovery:discover_packages(ignore) discover
[1.683s] Level 1:colcon.colcon_core.package_discovery:discover_packages(ignore) using defaults
[1.683s] Level 1:colcon.colcon_core.package_discovery:discover_packages(path) discover
[1.684s] Level 1:colcon.colcon_core.package_discovery:discover_packages(path) using defaults
[1.785s] Level 1:colcon.colcon_core.package_discovery:discover_packages(prefix_path) check parameters
[1.785s] Level 1:colcon.colcon_core.package_discovery:discover_packages(prefix_path) discover
[1.801s] DEBUG:colcon.colcon_installed_package_information.package_discovery:Found 6 installed packages in /home/jetson/ros2_ws/install
[1.810s] DEBUG:colcon.colcon_installed_package_information.package_discovery:Found 333 installed packages in /opt/ros/foxy
[1.819s] Level 1:colcon.colcon_core.package_discovery:discover_packages(prefix_path) using defaults
[2.151s] Level 5:colcon.colcon_core.verb:set package 'robot' build argument 'cmake_args' from command line to 'None'
[2.151s] Level 5:colcon.colcon_core.verb:set package 'robot' build argument 'cmake_target' from command line to 'None'
[2.151s] Level 5:colcon.colcon_core.verb:set package 'robot' build argument 'cmake_target_skip_unavailable' from command line to 'False'
[2.152s] Level 5:colcon.colcon_core.verb:set package 'robot' build argument 'cmake_clean_cache' from command line to 'False'
[2.152s] Level 5:colcon.colcon_core.verb:set package 'robot' build argument 'cmake_clean_first' from command line to 'False'
[2.152s] Level 5:colcon.colcon_core.verb:set package 'robot' build argument 'cmake_force_configure' from command line to 'False'
[2.152s] Level 5:colcon.colcon_core.verb:set package 'robot' build argument 'ament_cmake_args' from command line to 'None'
[2.152s] Level 5:colcon.colcon_core.verb:set package 'robot' build argument 'catkin_cmake_args' from command line to 'None'
[2.152s] Level 5:colcon.colcon_core.verb:set package 'robot' build argument 'catkin_skip_building_tests' from command line to 'False'
[2.152s] DEBUG:colcon.colcon_core.verb:Building package 'robot' with the following arguments: {'ament_cmake_args': None, 'build_base': '/home/jetson/ros2_ws/build/robot', 'catkin_cmake_args': None, 'catkin_skip_building_tests': False, 'cmake_args': None, 'cmake_clean_cache': False, 'cmake_clean_first': False, 'cmake_force_configure': False, 'cmake_target': None, 'cmake_target_skip_unavailable': False, 'install_base': '/home/jetson/ros2_ws/install/robot', 'merge_install': False, 'path': '/home/jetson/ros2_ws/src/robot', 'symlink_install': False, 'test_result_base': None}
[2.156s] Level 5:colcon.colcon_core.verb:set package 'robot_bringup' build argument 'cmake_args' from command line to 'None'
[2.157s] Level 5:colcon.colcon_core.verb:set package 'robot_bringup' build argument 'cmake_target' from command line to 'None'
[2.157s] Level 5:colcon.colcon_core.verb:set package 'robot_bringup' build argument 'cmake_target_skip_unavailable' from command line to 'False'
[2.157s] Level 5:colcon.colcon_core.verb:set package 'robot_bringup' build argument 'cmake_clean_cache' from command line to 'False'
[2.157s] Level 5:colcon.colcon_core.verb:set package 'robot_bringup' build argument 'cmake_clean_first' from command line to 'False'
[2.157s] Level 5:colcon.colcon_core.verb:set package 'robot_bringup' build argument 'cmake_force_configure' from command line to 'False'
[2.157s] Level 5:colcon.colcon_core.verb:set package 'robot_bringup' build argument 'ament_cmake_args' from command line to 'None'
[2.157s] Level 5:colcon.colcon_core.verb:set package 'robot_bringup' build argument 'catkin_cmake_args' from command line to 'None'
[2.157s] Level 5:colcon.colcon_core.verb:set package 'robot_bringup' build argument 'catkin_skip_building_tests' from command line to 'False'
[2.157s] DEBUG:colcon.colcon_core.verb:Building package 'robot_bringup' with the following arguments: {'ament_cmake_args': None, 'build_base': '/home/jetson/ros2_ws/build/robot_bringup', 'catkin_cmake_args': None, 'catkin_skip_building_tests': False, 'cmake_args': None, 'cmake_clean_cache': False, 'cmake_clean_first': False, 'cmake_force_configure': False, 'cmake_target': None, 'cmake_target_skip_unavailable': False, 'install_base': '/home/jetson/ros2_ws/install/robot_bringup', 'merge_install': False, 'path': '/home/jetson/ros2_ws/src/robot_bringup', 'symlink_install': False, 'test_result_base': None}
[2.161s] Level 5:colcon.colcon_core.verb:set package 'robot_description' build argument 'cmake_args' from command line to 'None'
[2.161s] Level 5:colcon.colcon_core.verb:set package 'robot_description' build argument 'cmake_target' from command line to 'None'
[2.161s] Level 5:colcon.colcon_core.verb:set package 'robot_description' build argument 'cmake_target_skip_unavailable' from command line to 'False'
[2.161s] Level 5:colcon.colcon_core.verb:set package 'robot_description' build argument 'cmake_clean_cache' from command line to 'False'
[2.162s] Level 5:colcon.colcon_core.verb:set package 'robot_description' build argument 'cmake_clean_first' from command line to 'False'
[2.162s] Level 5:colcon.colcon_core.verb:set package 'robot_description' build argument 'cmake_force_configure' from command line to 'False'
[2.162s] Level 5:colcon.colcon_core.verb:set package 'robot_description' build argument 'ament_cmake_args' from command line to 'None'
[2.162s] Level 5:colcon.colcon_core.verb:set package 'robot_description' build argument 'catkin_cmake_args' from command line to 'None'
[2.162s] Level 5:colcon.colcon_core.verb:set package 'robot_description' build argument 'catkin_skip_building_tests' from command line to 'False'
[2.162s] DEBUG:colcon.colcon_core.verb:Building package 'robot_description' with the following arguments: {'ament_cmake_args': None, 'build_base': '/home/jetson/ros2_ws/build/robot_description', 'catkin_cmake_args': None, 'catkin_skip_building_tests': False, 'cmake_args': None, 'cmake_clean_cache': False, 'cmake_clean_first': False, 'cmake_force_configure': False, 'cmake_target': None, 'cmake_target_skip_unavailable': False, 'install_base': '/home/jetson/ros2_ws/install/robot_description', 'merge_install': False, 'path': '/home/jetson/ros2_ws/src/robot_description', 'symlink_install': False, 'test_result_base': None}
[2.166s] Level 5:colcon.colcon_core.verb:set package 'robot_interfaces' build argument 'cmake_args' from command line to 'None'
[2.166s] Level 5:colcon.colcon_core.verb:set package 'robot_interfaces' build argument 'cmake_target' from command line to 'None'
[2.166s] Level 5:colcon.colcon_core.verb:set package 'robot_interfaces' build argument 'cmake_target_skip_unavailable' from command line to 'False'
[2.166s] Level 5:colcon.colcon_core.verb:set package 'robot_interfaces' build argument 'cmake_clean_cache' from command line to 'False'
[2.166s] Level 5:colcon.colcon_core.verb:set package 'robot_interfaces' build argument 'cmake_clean_first' from command line to 'False'
[2.166s] Level 5:colcon.colcon_core.verb:set package 'robot_interfaces' build argument 'cmake_force_configure' from command line to 'False'
[2.166s] Level 5:colcon.colcon_core.verb:set package 'robot_interfaces' build argument 'ament_cmake_args' from command line to 'None'
[2.166s] Level 5:colcon.colcon_core.verb:set package 'robot_interfaces' build argument 'catkin_cmake_args' from command line to 'None'
[2.167s] Level 5:colcon.colcon_core.verb:set package 'robot_interfaces' build argument 'catkin_skip_building_tests' from command line to 'False'
[2.167s] DEBUG:colcon.colcon_core.verb:Building package 'robot_interfaces' with the following arguments: {'ament_cmake_args': None, 'build_base': '/home/jetson/ros2_ws/build/robot_interfaces', 'catkin_cmake_args': None, 'catkin_skip_building_tests': False, 'cmake_args': None, 'cmake_clean_cache': False, 'cmake_clean_first': False, 'cmake_force_configure': False, 'cmake_target': None, 'cmake_target_skip_unavailable': False, 'install_base': '/home/jetson/ros2_ws/install/robot_interfaces', 'merge_install': False, 'path': '/home/jetson/ros2_ws/src/robot_interfaces', 'symlink_install': False, 'test_result_base': None}
[2.171s] Level 5:colcon.colcon_core.verb:set package 'rplidar_ros' build argument 'cmake_args' from command line to 'None'
[2.171s] Level 5:colcon.colcon_core.verb:set package 'rplidar_ros' build argument 'cmake_target' from command line to 'None'
[2.171s] Level 5:colcon.colcon_core.verb:set package 'rplidar_ros' build argument 'cmake_target_skip_unavailable' from command line to 'False'
[2.171s] Level 5:colcon.colcon_core.verb:set package 'rplidar_ros' build argument 'cmake_clean_cache' from command line to 'False'
[2.171s] Level 5:colcon.colcon_core.verb:set package 'rplidar_ros' build argument 'cmake_clean_first' from command line to 'False'
[2.171s] Level 5:colcon.colcon_core.verb:set package 'rplidar_ros' build argument 'cmake_force_configure' from command line to 'False'
[2.171s] Level 5:colcon.colcon_core.verb:set package 'rplidar_ros' build argument 'ament_cmake_args' from command line to 'None'
[2.171s] Level 5:colcon.colcon_core.verb:set package 'rplidar_ros' build argument 'catkin_cmake_args' from command line to 'None'
[2.171s] Level 5:colcon.colcon_core.verb:set package 'rplidar_ros' build argument 'catkin_skip_building_tests' from command line to 'False'
[2.172s] DEBUG:colcon.colcon_core.verb:Building package 'rplidar_ros' with the following arguments: {'ament_cmake_args': None, 'build_base': '/home/jetson/ros2_ws/build/rplidar_ros', 'catkin_cmake_args': None, 'catkin_skip_building_tests': False, 'cmake_args': None, 'cmake_clean_cache': False, 'cmake_clean_first': False, 'cmake_force_configure': False, 'cmake_target': None, 'cmake_target_skip_unavailable': False, 'install_base': '/home/jetson/ros2_ws/install/rplidar_ros', 'merge_install': False, 'path': '/home/jetson/ros2_ws/src/rplidar_ros', 'symlink_install': False, 'test_result_base': None}
[2.174s] INFO:colcon.colcon_core.executor:Executing jobs using 'parallel' executor
[2.187s] DEBUG:colcon.colcon_parallel_executor.executor.parallel:run_until_complete
[2.187s] INFO:colcon.colcon_ros.task.ament_python.build:Building ROS package in '/home/jetson/ros2_ws/src/robot' with build type 'ament_python'
[2.188s] Level 1:colcon.colcon_core.shell:create_environment_hook('robot', 'ament_prefix_path')
[2.216s] INFO:colcon.colcon_core.plugin_system:Skipping extension 'colcon_core.shell.bat': Not used on non-Windows systems
[2.217s] INFO:colcon.colcon_core.shell:Creating environment hook '/home/jetson/ros2_ws/install/robot/share/robot/hook/ament_prefix_path.ps1'
[2.219s] INFO:colcon.colcon_core.shell:Creating environment descriptor '/home/jetson/ros2_ws/install/robot/share/robot/hook/ament_prefix_path.dsv'
[2.227s] INFO:colcon.colcon_core.shell:Creating environment hook '/home/jetson/ros2_ws/install/robot/share/robot/hook/ament_prefix_path.sh'
[2.242s] INFO:colcon.colcon_core.shell:Skip shell extension 'powershell' for command environment: Not usable outside of PowerShell
[2.243s] DEBUG:colcon.colcon_core.shell:Skip shell extension 'dsv' for command environment
[2.265s] INFO:colcon.colcon_ros.task.ament_python.build:Building ROS package in '/home/jetson/ros2_ws/src/robot_bringup' with build type 'ament_python'
[2.266s] Level 1:colcon.colcon_core.shell:create_environment_hook('robot_bringup', 'ament_prefix_path')
[2.273s] INFO:colcon.colcon_core.shell:Creating environment hook '/home/jetson/ros2_ws/install/robot_bringup/share/robot_bringup/hook/ament_prefix_path.ps1'
[2.275s] INFO:colcon.colcon_core.shell:Creating environment descriptor '/home/jetson/ros2_ws/install/robot_bringup/share/robot_bringup/hook/ament_prefix_path.dsv'
[2.276s] INFO:colcon.colcon_core.shell:Creating environment hook '/home/jetson/ros2_ws/install/robot_bringup/share/robot_bringup/hook/ament_prefix_path.sh'
[2.282s] INFO:colcon.colcon_core.shell:Skip shell extension 'powershell' for command environment: Not usable outside of PowerShell
[2.283s] DEBUG:colcon.colcon_core.shell:Skip shell extension 'dsv' for command environment
[2.305s] INFO:colcon.colcon_ros.task.ament_python.build:Building ROS package in '/home/jetson/ros2_ws/src/robot_description' with build type 'ament_python'
[2.306s] Level 1:colcon.colcon_core.shell:create_environment_hook('robot_description', 'ament_prefix_path')
[2.313s] INFO:colcon.colcon_core.shell:Creating environment hook '/home/jetson/ros2_ws/install/robot_description/share/robot_description/hook/ament_prefix_path.ps1'
[2.314s] INFO:colcon.colcon_core.shell:Creating environment descriptor '/home/jetson/ros2_ws/install/robot_description/share/robot_description/hook/ament_prefix_path.dsv'
[2.316s] INFO:colcon.colcon_core.shell:Creating environment hook '/home/jetson/ros2_ws/install/robot_description/share/robot_description/hook/ament_prefix_path.sh'
[2.322s] INFO:colcon.colcon_core.shell:Skip shell extension 'powershell' for command environment: Not usable outside of PowerShell
[2.322s] DEBUG:colcon.colcon_core.shell:Skip shell extension 'dsv' for command environment
[2.343s] INFO:colcon.colcon_ros.task.ament_cmake.build:Building ROS package in '/home/jetson/ros2_ws/src/robot_interfaces' with build type 'ament_cmake'
[2.344s] INFO:colcon.colcon_cmake.task.cmake.build:Building CMake package in '/home/jetson/ros2_ws/src/robot_interfaces'
[2.351s] INFO:colcon.colcon_core.shell:Skip shell extension 'powershell' for command environment: Not usable outside of PowerShell
[2.352s] DEBUG:colcon.colcon_core.shell:Skip shell extension 'dsv' for command environment
[3.169s] INFO:colcon.colcon_core.task.python.build:Building Python package in '/home/jetson/ros2_ws/src/robot'
[3.176s] INFO:colcon.colcon_core.shell:Skip shell extension 'powershell' for command environment: Not usable outside of PowerShell
[3.177s] DEBUG:colcon.colcon_core.shell:Skip shell extension 'dsv' for command environment
[3.991s] INFO:colcon.colcon_core.task.python.build:Building Python package in '/home/jetson/ros2_ws/src/robot_bringup'
[3.998s] INFO:colcon.colcon_core.shell:Skip shell extension 'powershell' for command environment: Not usable outside of PowerShell
[3.998s] DEBUG:colcon.colcon_core.shell:Skip shell extension 'dsv' for command environment
[4.816s] INFO:colcon.colcon_core.task.python.build:Building Python package in '/home/jetson/ros2_ws/src/robot_description'
[4.823s] INFO:colcon.colcon_core.shell:Skip shell extension 'powershell' for command environment: Not usable outside of PowerShell
[4.823s] DEBUG:colcon.colcon_core.shell:Skip shell extension 'dsv' for command environment
[4.863s] DEBUG:colcon.colcon_core.event_handler.log_command:Invoking command in '/home/jetson/ros2_ws/build/robot_interfaces': CMAKE_PREFIX_PATH=${CMAKE_PREFIX_PATH}:/home/jetson/ros2_ws/install/robot_description:/home/jetson/ros2_ws/install/robot_bringup:/home/jetson/ros2_ws/install/robot:/opt/ros/foxy /usr/bin/cmake --build /home/jetson/ros2_ws/build/robot_interfaces -- -j4 -l4
[6.190s] DEBUG:colcon.colcon_core.event_handler.log_command:Invoked command in '/home/jetson/ros2_ws/build/robot_interfaces' returned '0': CMAKE_PREFIX_PATH=${CMAKE_PREFIX_PATH}:/home/jetson/ros2_ws/install/robot_description:/home/jetson/ros2_ws/install/robot_bringup:/home/jetson/ros2_ws/install/robot:/opt/ros/foxy /usr/bin/cmake --build /home/jetson/ros2_ws/build/robot_interfaces -- -j4 -l4
[6.510s] DEBUG:colcon.colcon_core.event_handler.log_command:Invoking command in '/home/jetson/ros2_ws/build/robot_interfaces': CMAKE_PREFIX_PATH=${CMAKE_PREFIX_PATH}:/home/jetson/ros2_ws/install/robot_description:/home/jetson/ros2_ws/install/robot_bringup:/home/jetson/ros2_ws/install/robot:/opt/ros/foxy /usr/bin/cmake --install /home/jetson/ros2_ws/build/robot_interfaces
[6.772s] DEBUG:colcon.colcon_core.event_handler.log_command:Invoking command in '/home/jetson/ros2_ws/build/robot_description': PYTHONPATH=/home/jetson/ros2_ws/build/robot_description/prefix_override:/home/jetson/ros2_ws/install/robot_description/lib/python3.8/site-packages:${PYTHONPATH} /usr/bin/python3 setup.py develop --uninstall --editable --build-directory /home/jetson/ros2_ws/build/robot_description/build
[6.807s] DEBUG:colcon.colcon_core.event_handler.log_command:Invoking command in '/home/jetson/ros2_ws/build/robot': PYTHONPATH=/home/jetson/ros2_ws/build/robot/prefix_override:/home/jetson/ros2_ws/install/robot/lib/python3.8/site-packages:${PYTHONPATH} /usr/bin/python3 setup.py develop --uninstall --editable --build-directory /home/jetson/ros2_ws/build/robot/build
[6.836s] DEBUG:colcon.colcon_core.event_handler.log_command:Invoking command in '/home/jetson/ros2_ws/build/robot_bringup': PYTHONPATH=/home/jetson/ros2_ws/build/robot_bringup/prefix_override:/home/jetson/ros2_ws/install/robot_bringup/lib/python3.8/site-packages:${PYTHONPATH} /usr/bin/python3 setup.py develop --uninstall --editable --build-directory /home/jetson/ros2_ws/build/robot_bringup/build
[7.008s] Level 1:colcon.colcon_core.environment:create_environment_scripts_only(robot_interfaces)
[7.011s] DEBUG:colcon.colcon_core.event_handler.log_command:Invoked command in '/home/jetson/ros2_ws/build/robot_interfaces' returned '0': CMAKE_PREFIX_PATH=${CMAKE_PREFIX_PATH}:/home/jetson/ros2_ws/install/robot_description:/home/jetson/ros2_ws/install/robot_bringup:/home/jetson/ros2_ws/install/robot:/opt/ros/foxy /usr/bin/cmake --install /home/jetson/ros2_ws/build/robot_interfaces
[7.061s] Level 1:colcon.colcon_core.environment:checking '/home/jetson/ros2_ws/install/robot_interfaces' for CMake module files
[7.065s] Level 1:colcon.colcon_core.environment:checking '/home/jetson/ros2_ws/install/robot_interfaces' for CMake config files
[7.070s] Level 1:colcon.colcon_core.shell:create_environment_hook('robot_interfaces', 'cmake_prefix_path')
[7.077s] INFO:colcon.colcon_core.shell:Creating environment hook '/home/jetson/ros2_ws/install/robot_interfaces/share/robot_interfaces/hook/cmake_prefix_path.ps1'
[7.080s] INFO:colcon.colcon_core.shell:Creating environment descriptor '/home/jetson/ros2_ws/install/robot_interfaces/share/robot_interfaces/hook/cmake_prefix_path.dsv'
[7.082s] INFO:colcon.colcon_core.shell:Creating environment hook '/home/jetson/ros2_ws/install/robot_interfaces/share/robot_interfaces/hook/cmake_prefix_path.sh'
[7.086s] Level 1:colcon.colcon_core.environment:checking '/home/jetson/ros2_ws/install/robot_interfaces/lib'
[7.087s] Level 1:colcon.colcon_core.shell:create_environment_hook('robot_interfaces', 'ld_library_path_lib')
[7.093s] INFO:colcon.colcon_core.shell:Creating environment hook '/home/jetson/ros2_ws/install/robot_interfaces/share/robot_interfaces/hook/ld_library_path_lib.ps1'
[7.096s] INFO:colcon.colcon_core.shell:Creating environment descriptor '/home/jetson/ros2_ws/install/robot_interfaces/share/robot_interfaces/hook/ld_library_path_lib.dsv'
[7.098s] INFO:colcon.colcon_core.shell:Creating environment hook '/home/jetson/ros2_ws/install/robot_interfaces/share/robot_interfaces/hook/ld_library_path_lib.sh'
[7.100s] Level 1:colcon.colcon_core.environment:checking '/home/jetson/ros2_ws/install/robot_interfaces/bin'
[7.101s] Level 1:colcon.colcon_core.environment:checking '/home/jetson/ros2_ws/install/robot_interfaces/lib/pkgconfig/robot_interfaces.pc'
[7.102s] Level 1:colcon.colcon_core.environment:checking '/home/jetson/ros2_ws/install/robot_interfaces/lib/python3.8/site-packages'
[7.102s] Level 1:colcon.colcon_core.shell:create_environment_hook('robot_interfaces', 'pythonpath')
[7.109s] INFO:colcon.colcon_core.shell:Creating environment hook '/home/jetson/ros2_ws/install/robot_interfaces/share/robot_interfaces/hook/pythonpath.ps1'
[7.111s] INFO:colcon.colcon_core.shell:Creating environment descriptor '/home/jetson/ros2_ws/install/robot_interfaces/share/robot_interfaces/hook/pythonpath.dsv'
[7.113s] INFO:colcon.colcon_core.shell:Creating environment hook '/home/jetson/ros2_ws/install/robot_interfaces/share/robot_interfaces/hook/pythonpath.sh'
[7.116s] Level 1:colcon.colcon_core.environment:checking '/home/jetson/ros2_ws/install/robot_interfaces/bin'
[7.124s] INFO:colcon.colcon_core.shell:Creating package script '/home/jetson/ros2_ws/install/robot_interfaces/share/robot_interfaces/package.ps1'
[7.141s] INFO:colcon.colcon_core.shell:Creating package descriptor '/home/jetson/ros2_ws/install/robot_interfaces/share/robot_interfaces/package.dsv'
[7.158s] INFO:colcon.colcon_core.shell:Creating package script '/home/jetson/ros2_ws/install/robot_interfaces/share/robot_interfaces/package.sh'
[7.162s] INFO:colcon.colcon_core.shell:Creating package script '/home/jetson/ros2_ws/install/robot_interfaces/share/robot_interfaces/package.bash'
[7.169s] INFO:colcon.colcon_core.shell:Creating package script '/home/jetson/ros2_ws/install/robot_interfaces/share/robot_interfaces/package.zsh'
[7.176s] Level 1:colcon.colcon_core.environment:create_file_with_runtime_dependencies(/home/jetson/ros2_ws/install/robot_interfaces/share/colcon-core/packages/robot_interfaces)
[7.465s] Level 1:colcon.colcon_core.environment:create_environment_scripts_only(robot_interfaces)
[7.474s] Level 1:colcon.colcon_core.environment:checking '/home/jetson/ros2_ws/install/robot_interfaces' for CMake module files
[7.477s] Level 1:colcon.colcon_core.environment:checking '/home/jetson/ros2_ws/install/robot_interfaces' for CMake config files
[7.482s] Level 1:colcon.colcon_core.shell:create_environment_hook('robot_interfaces', 'cmake_prefix_path')
[7.488s] INFO:colcon.colcon_core.shell:Creating environment hook '/home/jetson/ros2_ws/install/robot_interfaces/share/robot_interfaces/hook/cmake_prefix_path.ps1'
[7.491s] INFO:colcon.colcon_core.shell:Creating environment descriptor '/home/jetson/ros2_ws/install/robot_interfaces/share/robot_interfaces/hook/cmake_prefix_path.dsv'
[7.493s] INFO:colcon.colcon_core.shell:Creating environment hook '/home/jetson/ros2_ws/install/robot_interfaces/share/robot_interfaces/hook/cmake_prefix_path.sh'
[7.496s] Level 1:colcon.colcon_core.environment:checking '/home/jetson/ros2_ws/install/robot_interfaces/lib'
[7.496s] Level 1:colcon.colcon_core.shell:create_environment_hook('robot_interfaces', 'ld_library_path_lib')
[7.502s] INFO:colcon.colcon_core.shell:Creating environment hook '/home/jetson/ros2_ws/install/robot_interfaces/share/robot_interfaces/hook/ld_library_path_lib.ps1'
[7.505s] INFO:colcon.colcon_core.shell:Creating environment descriptor '/home/jetson/ros2_ws/install/robot_interfaces/share/robot_interfaces/hook/ld_library_path_lib.dsv'
[7.507s] INFO:colcon.colcon_core.shell:Creating environment hook '/home/jetson/ros2_ws/install/robot_interfaces/share/robot_interfaces/hook/ld_library_path_lib.sh'
[7.509s] Level 1:colcon.colcon_core.environment:checking '/home/jetson/ros2_ws/install/robot_interfaces/bin'
[7.510s] Level 1:colcon.colcon_core.environment:checking '/home/jetson/ros2_ws/install/robot_interfaces/lib/pkgconfig/robot_interfaces.pc'
[7.514s] Level 1:colcon.colcon_core.environment:checking '/home/jetson/ros2_ws/install/robot_interfaces/lib/python3.8/site-packages'
[7.514s] Level 1:colcon.colcon_core.shell:create_environment_hook('robot_interfaces', 'pythonpath')
[7.521s] INFO:colcon.colcon_core.shell:Creating environment hook '/home/jetson/ros2_ws/install/robot_interfaces/share/robot_interfaces/hook/pythonpath.ps1'
[7.523s] INFO:colcon.colcon_core.shell:Creating environment descriptor '/home/jetson/ros2_ws/install/robot_interfaces/share/robot_interfaces/hook/pythonpath.dsv'
[7.525s] INFO:colcon.colcon_core.shell:Creating environment hook '/home/jetson/ros2_ws/install/robot_interfaces/share/robot_interfaces/hook/pythonpath.sh'
[7.528s] Level 1:colcon.colcon_core.environment:checking '/home/jetson/ros2_ws/install/robot_interfaces/bin'
[7.535s] INFO:colcon.colcon_core.shell:Creating package script '/home/jetson/ros2_ws/install/robot_interfaces/share/robot_interfaces/package.ps1'
[7.539s] INFO:colcon.colcon_core.shell:Creating package descriptor '/home/jetson/ros2_ws/install/robot_interfaces/share/robot_interfaces/package.dsv'
[7.543s] INFO:colcon.colcon_core.shell:Creating package script '/home/jetson/ros2_ws/install/robot_interfaces/share/robot_interfaces/package.sh'
[7.545s] INFO:colcon.colcon_core.shell:Creating package script '/home/jetson/ros2_ws/install/robot_interfaces/share/robot_interfaces/package.bash'
[7.548s] INFO:colcon.colcon_core.shell:Creating package script '/home/jetson/ros2_ws/install/robot_interfaces/share/robot_interfaces/package.zsh'
[7.550s] Level 1:colcon.colcon_core.environment:create_file_with_runtime_dependencies(/home/jetson/ros2_ws/install/robot_interfaces/share/colcon-core/packages/robot_interfaces)
[7.555s] INFO:colcon.colcon_ros.task.ament_cmake.build:Building ROS package in '/home/jetson/ros2_ws/src/rplidar_ros' with build type 'ament_cmake'
[7.556s] INFO:colcon.colcon_cmake.task.cmake.build:Building CMake package in '/home/jetson/ros2_ws/src/rplidar_ros'
[7.563s] INFO:colcon.colcon_core.shell:Skip shell extension 'powershell' for command environment: Not usable outside of PowerShell
[7.563s] DEBUG:colcon.colcon_core.shell:Skip shell extension 'dsv' for command environment
[7.661s] DEBUG:colcon.colcon_core.event_handler.log_command:Invoking command in '/home/jetson/ros2_ws/build/rplidar_ros': CMAKE_PREFIX_PATH=${CMAKE_PREFIX_PATH}:/home/jetson/ros2_ws/install/robot_description:/home/jetson/ros2_ws/install/robot_bringup:/home/jetson/ros2_ws/install/robot:/opt/ros/foxy /usr/bin/cmake --build /home/jetson/ros2_ws/build/rplidar_ros -- -j4 -l4
[8.194s] DEBUG:colcon.colcon_core.event_handler.log_command:Invoked command in '/home/jetson/ros2_ws/build/rplidar_ros' returned '0': CMAKE_PREFIX_PATH=${CMAKE_PREFIX_PATH}:/home/jetson/ros2_ws/install/robot_description:/home/jetson/ros2_ws/install/robot_bringup:/home/jetson/ros2_ws/install/robot:/opt/ros/foxy /usr/bin/cmake --build /home/jetson/ros2_ws/build/rplidar_ros -- -j4 -l4
[8.348s] DEBUG:colcon.colcon_core.event_handler.log_command:Invoking command in '/home/jetson/ros2_ws/build/rplidar_ros': CMAKE_PREFIX_PATH=${CMAKE_PREFIX_PATH}:/home/jetson/ros2_ws/install/robot_description:/home/jetson/ros2_ws/install/robot_bringup:/home/jetson/ros2_ws/install/robot:/opt/ros/foxy /usr/bin/cmake --install /home/jetson/ros2_ws/build/rplidar_ros
[8.559s] DEBUG:colcon.colcon_core.event_handler.log_command:Invoked command in '/home/jetson/ros2_ws/build/robot_bringup' returned '0': PYTHONPATH=/home/jetson/ros2_ws/build/robot_bringup/prefix_override:/home/jetson/ros2_ws/install/robot_bringup/lib/python3.8/site-packages:${PYTHONPATH} /usr/bin/python3 setup.py develop --uninstall --editable --build-directory /home/jetson/ros2_ws/build/robot_bringup/build
[8.561s] DEBUG:colcon.colcon_core.event_handler.log_command:Invoking command in '/home/jetson/ros2_ws/src/robot_bringup': PYTHONPATH=/home/jetson/ros2_ws/build/robot_bringup/prefix_override:/home/jetson/ros2_ws/install/robot_bringup/lib/python3.8/site-packages:${PYTHONPATH} /usr/bin/python3 setup.py egg_info --egg-base ../../build/robot_bringup build --build-base /home/jetson/ros2_ws/build/robot_bringup/build install --record /home/jetson/ros2_ws/build/robot_bringup/install.log --single-version-externally-managed
[8.572s] DEBUG:colcon.colcon_core.event_handler.log_command:Invoked command in '/home/jetson/ros2_ws/build/robot' returned '0': PYTHONPATH=/home/jetson/ros2_ws/build/robot/prefix_override:/home/jetson/ros2_ws/install/robot/lib/python3.8/site-packages:${PYTHONPATH} /usr/bin/python3 setup.py develop --uninstall --editable --build-directory /home/jetson/ros2_ws/build/robot/build
[8.582s] DEBUG:colcon.colcon_core.event_handler.log_command:Invoking command in '/home/jetson/ros2_ws/src/robot': PYTHONPATH=/home/jetson/ros2_ws/build/robot/prefix_override:/home/jetson/ros2_ws/install/robot/lib/python3.8/site-packages:${PYTHONPATH} /usr/bin/python3 setup.py egg_info --egg-base ../../build/robot build --build-base /home/jetson/ros2_ws/build/robot/build install --record /home/jetson/ros2_ws/build/robot/install.log --single-version-externally-managed
[8.586s] Level 1:colcon.colcon_core.environment:create_environment_scripts_only(rplidar_ros)
[8.597s] Level 1:colcon.colcon_core.environment:checking '/home/jetson/ros2_ws/install/rplidar_ros' for CMake module files
[8.599s] DEBUG:colcon.colcon_core.event_handler.log_command:Invoked command in '/home/jetson/ros2_ws/build/rplidar_ros' returned '0': CMAKE_PREFIX_PATH=${CMAKE_PREFIX_PATH}:/home/jetson/ros2_ws/install/robot_description:/home/jetson/ros2_ws/install/robot_bringup:/home/jetson/ros2_ws/install/robot:/opt/ros/foxy /usr/bin/cmake --install /home/jetson/ros2_ws/build/rplidar_ros
[8.601s] Level 1:colcon.colcon_core.environment:checking '/home/jetson/ros2_ws/install/rplidar_ros' for CMake config files
[8.603s] Level 1:colcon.colcon_core.shell:create_environment_hook('rplidar_ros', 'cmake_prefix_path')
[8.609s] INFO:colcon.colcon_core.shell:Creating environment hook '/home/jetson/ros2_ws/install/rplidar_ros/share/rplidar_ros/hook/cmake_prefix_path.ps1'
[8.611s] INFO:colcon.colcon_core.shell:Creating environment descriptor '/home/jetson/ros2_ws/install/rplidar_ros/share/rplidar_ros/hook/cmake_prefix_path.dsv'
[8.613s] INFO:colcon.colcon_core.shell:Creating environment hook '/home/jetson/ros2_ws/install/rplidar_ros/share/rplidar_ros/hook/cmake_prefix_path.sh'
[8.615s] Level 1:colcon.colcon_core.environment:checking '/home/jetson/ros2_ws/install/rplidar_ros/lib'
[8.616s] Level 1:colcon.colcon_core.environment:checking '/home/jetson/ros2_ws/install/rplidar_ros/bin'
[8.616s] Level 1:colcon.colcon_core.environment:checking '/home/jetson/ros2_ws/install/rplidar_ros/lib/pkgconfig/rplidar_ros.pc'
[8.617s] Level 1:colcon.colcon_core.environment:checking '/home/jetson/ros2_ws/install/rplidar_ros/lib/python3.8/site-packages'
[8.618s] Level 1:colcon.colcon_core.environment:checking '/home/jetson/ros2_ws/install/rplidar_ros/bin'
[8.624s] INFO:colcon.colcon_core.shell:Creating package script '/home/jetson/ros2_ws/install/rplidar_ros/share/rplidar_ros/package.ps1'
[8.626s] INFO:colcon.colcon_core.shell:Creating package descriptor '/home/jetson/ros2_ws/install/rplidar_ros/share/rplidar_ros/package.dsv'
[8.628s] INFO:colcon.colcon_core.shell:Creating package script '/home/jetson/ros2_ws/install/rplidar_ros/share/rplidar_ros/package.sh'
[8.630s] INFO:colcon.colcon_core.shell:Creating package script '/home/jetson/ros2_ws/install/rplidar_ros/share/rplidar_ros/package.bash'
[8.631s] INFO:colcon.colcon_core.shell:Creating package script '/home/jetson/ros2_ws/install/rplidar_ros/share/rplidar_ros/package.zsh'
[8.633s] Level 1:colcon.colcon_core.environment:create_file_with_runtime_dependencies(/home/jetson/ros2_ws/install/rplidar_ros/share/colcon-core/packages/rplidar_ros)
[8.647s] DEBUG:colcon.colcon_core.event_handler.log_command:Invoked command in '/home/jetson/ros2_ws/build/robot_description' returned '0': PYTHONPATH=/home/jetson/ros2_ws/build/robot_description/prefix_override:/home/jetson/ros2_ws/install/robot_description/lib/python3.8/site-packages:${PYTHONPATH} /usr/bin/python3 setup.py develop --uninstall --editable --build-directory /home/jetson/ros2_ws/build/robot_description/build
[8.656s] DEBUG:colcon.colcon_core.event_handler.log_command:Invoking command in '/home/jetson/ros2_ws/src/robot_description': PYTHONPATH=/home/jetson/ros2_ws/build/robot_description/prefix_override:/home/jetson/ros2_ws/install/robot_description/lib/python3.8/site-packages:${PYTHONPATH} /usr/bin/python3 setup.py egg_info --egg-base ../../build/robot_description build --build-base /home/jetson/ros2_ws/build/robot_description/build install --record /home/jetson/ros2_ws/build/robot_description/install.log --single-version-externally-managed
[8.803s] Level 1:colcon.colcon_core.environment:create_environment_scripts_only(rplidar_ros)
[8.814s] Level 1:colcon.colcon_core.environment:checking '/home/jetson/ros2_ws/install/rplidar_ros' for CMake module files
[8.817s] Level 1:colcon.colcon_core.environment:checking '/home/jetson/ros2_ws/install/rplidar_ros' for CMake config files
[8.819s] Level 1:colcon.colcon_core.shell:create_environment_hook('rplidar_ros', 'cmake_prefix_path')
[8.827s] INFO:colcon.colcon_core.shell:Creating environment hook '/home/jetson/ros2_ws/install/rplidar_ros/share/rplidar_ros/hook/cmake_prefix_path.ps1'
[8.830s] INFO:colcon.colcon_core.shell:Creating environment descriptor '/home/jetson/ros2_ws/install/rplidar_ros/share/rplidar_ros/hook/cmake_prefix_path.dsv'
[8.832s] INFO:colcon.colcon_core.shell:Creating environment hook '/home/jetson/ros2_ws/install/rplidar_ros/share/rplidar_ros/hook/cmake_prefix_path.sh'
[8.835s] Level 1:colcon.colcon_core.environment:checking '/home/jetson/ros2_ws/install/rplidar_ros/lib'
[8.835s] Level 1:colcon.colcon_core.environment:checking '/home/jetson/ros2_ws/install/rplidar_ros/bin'
[8.836s] Level 1:colcon.colcon_core.environment:checking '/home/jetson/ros2_ws/install/rplidar_ros/lib/pkgconfig/rplidar_ros.pc'
[8.837s] Level 1:colcon.colcon_core.environment:checking '/home/jetson/ros2_ws/install/rplidar_ros/lib/python3.8/site-packages'
[8.838s] Level 1:colcon.colcon_core.environment:checking '/home/jetson/ros2_ws/install/rplidar_ros/bin'
[8.845s] INFO:colcon.colcon_core.shell:Creating package script '/home/jetson/ros2_ws/install/rplidar_ros/share/rplidar_ros/package.ps1'
[8.849s] INFO:colcon.colcon_core.shell:Creating package descriptor '/home/jetson/ros2_ws/install/rplidar_ros/share/rplidar_ros/package.dsv'
[8.853s] INFO:colcon.colcon_core.shell:Creating package script '/home/jetson/ros2_ws/install/rplidar_ros/share/rplidar_ros/package.sh'
[8.855s] INFO:colcon.colcon_core.shell:Creating package script '/home/jetson/ros2_ws/install/rplidar_ros/share/rplidar_ros/package.bash'
[8.858s] INFO:colcon.colcon_core.shell:Creating package script '/home/jetson/ros2_ws/install/rplidar_ros/share/rplidar_ros/package.zsh'
[8.861s] Level 1:colcon.colcon_core.environment:create_file_with_runtime_dependencies(/home/jetson/ros2_ws/install/rplidar_ros/share/colcon-core/packages/rplidar_ros)
[9.790s] Level 1:colcon.colcon_core.environment:checking '/home/jetson/ros2_ws/install/robot_bringup' for CMake module files
[9.791s] DEBUG:colcon.colcon_core.event_handler.log_command:Invoked command in '/home/jetson/ros2_ws/src/robot_bringup' returned '0': PYTHONPATH=/home/jetson/ros2_ws/build/robot_bringup/prefix_override:/home/jetson/ros2_ws/install/robot_bringup/lib/python3.8/site-packages:${PYTHONPATH} /usr/bin/python3 setup.py egg_info --egg-base ../../build/robot_bringup build --build-base /home/jetson/ros2_ws/build/robot_bringup/build install --record /home/jetson/ros2_ws/build/robot_bringup/install.log --single-version-externally-managed
[9.793s] Level 1:colcon.colcon_core.environment:checking '/home/jetson/ros2_ws/install/robot_bringup' for CMake config files
[9.795s] Level 1:colcon.colcon_core.environment:checking '/home/jetson/ros2_ws/install/robot_bringup/lib'
[9.796s] Level 1:colcon.colcon_core.environment:checking '/home/jetson/ros2_ws/install/robot_bringup/bin'
[9.796s] Level 1:colcon.colcon_core.environment:checking '/home/jetson/ros2_ws/install/robot_bringup/lib/pkgconfig/robot_bringup.pc'
[9.797s] Level 1:colcon.colcon_core.environment:checking '/home/jetson/ros2_ws/install/robot_bringup/lib/python3.8/site-packages'
[9.797s] Level 1:colcon.colcon_core.shell:create_environment_hook('robot_bringup', 'pythonpath')
[9.804s] INFO:colcon.colcon_core.shell:Creating environment hook '/home/jetson/ros2_ws/install/robot_bringup/share/robot_bringup/hook/pythonpath.ps1'
[9.806s] INFO:colcon.colcon_core.shell:Creating environment descriptor '/home/jetson/ros2_ws/install/robot_bringup/share/robot_bringup/hook/pythonpath.dsv'
[9.807s] INFO:colcon.colcon_core.shell:Creating environment hook '/home/jetson/ros2_ws/install/robot_bringup/share/robot_bringup/hook/pythonpath.sh'
[9.809s] Level 1:colcon.colcon_core.environment:checking '/home/jetson/ros2_ws/install/robot_bringup/bin'
[9.810s] Level 1:colcon.colcon_core.environment:create_environment_scripts_only(robot_bringup)
[9.817s] INFO:colcon.colcon_core.shell:Creating package script '/home/jetson/ros2_ws/install/robot_bringup/share/robot_bringup/package.ps1'
[9.819s] INFO:colcon.colcon_core.shell:Creating package descriptor '/home/jetson/ros2_ws/install/robot_bringup/share/robot_bringup/package.dsv'
[9.821s] INFO:colcon.colcon_core.shell:Creating package script '/home/jetson/ros2_ws/install/robot_bringup/share/robot_bringup/package.sh'
[9.823s] INFO:colcon.colcon_core.shell:Creating package script '/home/jetson/ros2_ws/install/robot_bringup/share/robot_bringup/package.bash'
[9.824s] INFO:colcon.colcon_core.shell:Creating package script '/home/jetson/ros2_ws/install/robot_bringup/share/robot_bringup/package.zsh'
[9.826s] Level 1:colcon.colcon_core.environment:create_file_with_runtime_dependencies(/home/jetson/ros2_ws/install/robot_bringup/share/colcon-core/packages/robot_bringup)
[9.839s] Level 1:colcon.colcon_core.environment:checking '/home/jetson/ros2_ws/install/robot' for CMake module files
[9.842s] DEBUG:colcon.colcon_core.event_handler.log_command:Invoked command in '/home/jetson/ros2_ws/src/robot' returned '0': PYTHONPATH=/home/jetson/ros2_ws/build/robot/prefix_override:/home/jetson/ros2_ws/install/robot/lib/python3.8/site-packages:${PYTHONPATH} /usr/bin/python3 setup.py egg_info --egg-base ../../build/robot build --build-base /home/jetson/ros2_ws/build/robot/build install --record /home/jetson/ros2_ws/build/robot/install.log --single-version-externally-managed
[9.843s] Level 1:colcon.colcon_core.environment:checking '/home/jetson/ros2_ws/install/robot' for CMake config files
[9.846s] Level 1:colcon.colcon_core.environment:checking '/home/jetson/ros2_ws/install/robot/lib'
[9.846s] Level 1:colcon.colcon_core.environment:checking '/home/jetson/ros2_ws/install/robot/bin'
[9.847s] Level 1:colcon.colcon_core.environment:checking '/home/jetson/ros2_ws/install/robot/lib/pkgconfig/robot.pc'
[9.847s] Level 1:colcon.colcon_core.environment:checking '/home/jetson/ros2_ws/install/robot/lib/python3.8/site-packages'
[9.848s] Level 1:colcon.colcon_core.shell:create_environment_hook('robot', 'pythonpath')
[9.854s] INFO:colcon.colcon_core.shell:Creating environment hook '/home/jetson/ros2_ws/install/robot/share/robot/hook/pythonpath.ps1'
[9.856s] INFO:colcon.colcon_core.shell:Creating environment descriptor '/home/jetson/ros2_ws/install/robot/share/robot/hook/pythonpath.dsv'
[9.858s] INFO:colcon.colcon_core.shell:Creating environment hook '/home/jetson/ros2_ws/install/robot/share/robot/hook/pythonpath.sh'
[9.860s] Level 1:colcon.colcon_core.environment:checking '/home/jetson/ros2_ws/install/robot/bin'
[9.860s] Level 1:colcon.colcon_core.environment:create_environment_scripts_only(robot)
[9.866s] INFO:colcon.colcon_core.shell:Creating package script '/home/jetson/ros2_ws/install/robot/share/robot/package.ps1'
[9.868s] INFO:colcon.colcon_core.shell:Creating package descriptor '/home/jetson/ros2_ws/install/robot/share/robot/package.dsv'
[9.870s] INFO:colcon.colcon_core.shell:Creating package script '/home/jetson/ros2_ws/install/robot/share/robot/package.sh'
[9.872s] INFO:colcon.colcon_core.shell:Creating package script '/home/jetson/ros2_ws/install/robot/share/robot/package.bash'
[9.873s] INFO:colcon.colcon_core.shell:Creating package script '/home/jetson/ros2_ws/install/robot/share/robot/package.zsh'
[9.874s] Level 1:colcon.colcon_core.environment:create_file_with_runtime_dependencies(/home/jetson/ros2_ws/install/robot/share/colcon-core/packages/robot)
[9.884s] Level 1:colcon.colcon_core.environment:checking '/home/jetson/ros2_ws/install/robot_description' for CMake module files
[9.887s] DEBUG:colcon.colcon_core.event_handler.log_command:Invoked command in '/home/jetson/ros2_ws/src/robot_description' returned '0': PYTHONPATH=/home/jetson/ros2_ws/build/robot_description/prefix_override:/home/jetson/ros2_ws/install/robot_description/lib/python3.8/site-packages:${PYTHONPATH} /usr/bin/python3 setup.py egg_info --egg-base ../../build/robot_description build --build-base /home/jetson/ros2_ws/build/robot_description/build install --record /home/jetson/ros2_ws/build/robot_description/install.log --single-version-externally-managed
[9.888s] Level 1:colcon.colcon_core.environment:checking '/home/jetson/ros2_ws/install/robot_description' for CMake config files
[9.889s] Level 1:colcon.colcon_core.environment:checking '/home/jetson/ros2_ws/install/robot_description/lib'
[9.890s] Level 1:colcon.colcon_core.environment:checking '/home/jetson/ros2_ws/install/robot_description/bin'
[9.890s] Level 1:colcon.colcon_core.environment:checking '/home/jetson/ros2_ws/install/robot_description/lib/pkgconfig/robot_description.pc'
[9.891s] Level 1:colcon.colcon_core.environment:checking '/home/jetson/ros2_ws/install/robot_description/lib/python3.8/site-packages'
[9.891s] Level 1:colcon.colcon_core.shell:create_environment_hook('robot_description', 'pythonpath')
[9.896s] INFO:colcon.colcon_core.shell:Creating environment hook '/home/jetson/ros2_ws/install/robot_description/share/robot_description/hook/pythonpath.ps1'
[9.897s] INFO:colcon.colcon_core.shell:Creating environment descriptor '/home/jetson/ros2_ws/install/robot_description/share/robot_description/hook/pythonpath.dsv'
[9.898s] INFO:colcon.colcon_core.shell:Creating environment hook '/home/jetson/ros2_ws/install/robot_description/share/robot_description/hook/pythonpath.sh'
[9.900s] Level 1:colcon.colcon_core.environment:checking '/home/jetson/ros2_ws/install/robot_description/bin'
[9.900s] Level 1:colcon.colcon_core.environment:create_environment_scripts_only(robot_description)
[9.906s] INFO:colcon.colcon_core.shell:Creating package script '/home/jetson/ros2_ws/install/robot_description/share/robot_description/package.ps1'
[9.907s] INFO:colcon.colcon_core.shell:Creating package descriptor '/home/jetson/ros2_ws/install/robot_description/share/robot_description/package.dsv'
[9.908s] INFO:colcon.colcon_core.shell:Creating package script '/home/jetson/ros2_ws/install/robot_description/share/robot_description/package.sh'
[9.910s] INFO:colcon.colcon_core.shell:Creating package script '/home/jetson/ros2_ws/install/robot_description/share/robot_description/package.bash'
[9.911s] INFO:colcon.colcon_core.shell:Creating package script '/home/jetson/ros2_ws/install/robot_description/share/robot_description/package.zsh'
[9.911s] Level 1:colcon.colcon_core.environment:create_file_with_runtime_dependencies(/home/jetson/ros2_ws/install/robot_description/share/colcon-core/packages/robot_description)
[9.912s] DEBUG:colcon.colcon_parallel_executor.executor.parallel:closing loop
[9.913s] DEBUG:colcon.colcon_parallel_executor.executor.parallel:loop closed
[9.913s] DEBUG:colcon.colcon_parallel_executor.executor.parallel:run_until_complete finished with '0'
[9.913s] DEBUG:colcon.colcon_core.event_reactor:joining thread
[9.958s] INFO:colcon.colcon_core.plugin_system:Skipping extension 'colcon_notification.desktop_notification.terminal_notifier': Not used on non-Darwin systems
[9.959s] INFO:colcon.colcon_core.plugin_system:Skipping extension 'colcon_notification.desktop_notification.win32': Not used on non-Windows systems
[9.959s] INFO:colcon.colcon_notification.desktop_notification:Sending desktop notification using 'notify2'
[10.001s] DEBUG:colcon.colcon_notification.desktop_notification.notify2:Failed to initialize notify2: org.freedesktop.DBus.Error.Spawn.ChildExited: Process org.freedesktop.Notifications exited with status 1
[10.001s] DEBUG:colcon.colcon_core.event_reactor:joined thread
[10.007s] INFO:colcon.colcon_core.shell:Creating prefix script '/home/jetson/ros2_ws/install/local_setup.ps1'
[10.012s] INFO:colcon.colcon_core.shell:Creating prefix util module '/home/jetson/ros2_ws/install/_local_setup_util_ps1.py'
[10.024s] INFO:colcon.colcon_core.shell:Creating prefix chain script '/home/jetson/ros2_ws/install/setup.ps1'
[10.036s] INFO:colcon.colcon_core.shell:Creating prefix script '/home/jetson/ros2_ws/install/local_setup.sh'
[10.045s] INFO:colcon.colcon_core.shell:Creating prefix util module '/home/jetson/ros2_ws/install/_local_setup_util_sh.py'
[10.047s] INFO:colcon.colcon_core.shell:Creating prefix chain script '/home/jetson/ros2_ws/install/setup.sh'
[10.065s] INFO:colcon.colcon_core.shell:Creating prefix script '/home/jetson/ros2_ws/install/local_setup.bash'
[10.075s] INFO:colcon.colcon_core.shell:Creating prefix chain script '/home/jetson/ros2_ws/install/setup.bash'
[10.085s] INFO:colcon.colcon_core.shell:Creating prefix script '/home/jetson/ros2_ws/install/local_setup.zsh'
[10.096s] INFO:colcon.colcon_core.shell:Creating prefix chain script '/home/jetson/ros2_ws/install/setup.zsh'
