[5.274s] DEBUG:colcon:Command line arguments: ['/usr/bin/colcon', 'build', '--packages-select', 'robot_description']
[5.274s] DEBUG:colcon:Parsed command line arguments: Namespace(log_base=None, log_level=None, verb_name='build', build_base='build', install_base='install', merge_install=False, symlink_install=False, test_result_base=None, continue_on_error=False, executor='parallel', parallel_workers=4, event_handlers=None, ignore_user_meta=False, metas=['./colcon.meta'], base_paths=['.'], packages_ignore=None, packages_ignore_regex=None, paths=None, packages_up_to=None, packages_up_to_regex=None, packages_above=None, packages_above_and_dependencies=None, packages_above_depth=None, packages_select_by_dep=None, packages_skip_by_dep=None, packages_skip_up_to=None, packages_select_build_failed=False, packages_skip_build_finished=False, packages_select_test_failures=False, packages_skip_test_passed=False, packages_select=['robot_description'], packages_skip=None, packages_select_regex=None, packages_skip_regex=None, packages_start=None, packages_end=None, allow_overriding=[], cmake_args=None, cmake_target=None, cmake_target_skip_unavailable=False, cmake_clean_cache=False, cmake_clean_first=False, cmake_force_configure=False, ament_cmake_args=None, catkin_cmake_args=None, catkin_skip_building_tests=False, verb_parser=<colcon_defaults.argument_parser.defaults.DefaultArgumentsDecorator object at 0xffff9a061f90>, verb_extension=<colcon_core.verb.build.BuildVerb object at 0xffff9a2f8fa0>, main=<bound method BuildVerb.main of <colcon_core.verb.build.BuildVerb object at 0xffff9a2f8fa0>>)
[5.509s] Level 1:colcon.colcon_core.package_discovery:discover_packages(colcon_meta) check parameters
[5.510s] Level 1:colcon.colcon_core.package_discovery:discover_packages(recursive) check parameters
[5.510s] Level 1:colcon.colcon_core.package_discovery:discover_packages(ignore) check parameters
[5.510s] Level 1:colcon.colcon_core.package_discovery:discover_packages(path) check parameters
[5.510s] Level 1:colcon.colcon_core.package_discovery:discover_packages(colcon_meta) discover
[5.510s] Level 1:colcon.colcon_core.package_discovery:discover_packages(recursive) discover
[5.511s] INFO:colcon.colcon_core.package_discovery:Crawling recursively for packages in '/home/scott/alpha_ws'
[5.511s] Level 1:colcon.colcon_core.package_identification:_identify(.) by extensions ['ignore', 'ignore_ament_install']
[5.512s] Level 1:colcon.colcon_core.package_identification:_identify(.) by extension 'ignore'
[5.512s] Level 1:colcon.colcon_core.package_identification:_identify(.) by extension 'ignore_ament_install'
[5.512s] Level 1:colcon.colcon_core.package_identification:_identify(.) by extensions ['colcon_pkg']
[5.512s] Level 1:colcon.colcon_core.package_identification:_identify(.) by extension 'colcon_pkg'
[5.513s] Level 1:colcon.colcon_core.package_identification:_identify(.) by extensions ['colcon_meta']
[5.513s] Level 1:colcon.colcon_core.package_identification:_identify(.) by extension 'colcon_meta'
[5.513s] Level 1:colcon.colcon_core.package_identification:_identify(.) by extensions ['ros']
[5.513s] Level 1:colcon.colcon_core.package_identification:_identify(.) by extension 'ros'
[5.566s] Level 1:colcon.colcon_core.package_identification:_identify(.) by extensions ['cmake', 'python']
[5.566s] Level 1:colcon.colcon_core.package_identification:_identify(.) by extension 'cmake'
[5.567s] Level 1:colcon.colcon_core.package_identification:_identify(.) by extension 'python'
[5.567s] Level 1:colcon.colcon_core.package_identification:_identify(.) by extensions ['python_setup_py']
[5.567s] Level 1:colcon.colcon_core.package_identification:_identify(.) by extension 'python_setup_py'
[5.568s] Level 1:colcon.colcon_core.package_identification:_identify(build) by extensions ['ignore', 'ignore_ament_install']
[5.568s] Level 1:colcon.colcon_core.package_identification:_identify(build) by extension 'ignore'
[5.568s] Level 1:colcon.colcon_core.package_identification:_identify(build) ignored
[5.569s] Level 1:colcon.colcon_core.package_identification:_identify(install) by extensions ['ignore', 'ignore_ament_install']
[5.570s] Level 1:colcon.colcon_core.package_identification:_identify(install) by extension 'ignore'
[5.570s] Level 1:colcon.colcon_core.package_identification:_identify(install) ignored
[5.573s] Level 1:colcon.colcon_core.package_identification:_identify(log) by extensions ['ignore', 'ignore_ament_install']
[5.573s] Level 1:colcon.colcon_core.package_identification:_identify(log) by extension 'ignore'
[5.573s] Level 1:colcon.colcon_core.package_identification:_identify(log) ignored
[5.574s] Level 1:colcon.colcon_core.package_identification:_identify(src) by extensions ['ignore', 'ignore_ament_install']
[5.574s] Level 1:colcon.colcon_core.package_identification:_identify(src) by extension 'ignore'
[5.574s] Level 1:colcon.colcon_core.package_identification:_identify(src) by extension 'ignore_ament_install'
[5.575s] Level 1:colcon.colcon_core.package_identification:_identify(src) by extensions ['colcon_pkg']
[5.575s] Level 1:colcon.colcon_core.package_identification:_identify(src) by extension 'colcon_pkg'
[5.575s] Level 1:colcon.colcon_core.package_identification:_identify(src) by extensions ['colcon_meta']
[5.575s] Level 1:colcon.colcon_core.package_identification:_identify(src) by extension 'colcon_meta'
[5.576s] Level 1:colcon.colcon_core.package_identification:_identify(src) by extensions ['ros']
[5.576s] Level 1:colcon.colcon_core.package_identification:_identify(src) by extension 'ros'
[5.576s] Level 1:colcon.colcon_core.package_identification:_identify(src) by extensions ['cmake', 'python']
[5.576s] Level 1:colcon.colcon_core.package_identification:_identify(src) by extension 'cmake'
[5.576s] Level 1:colcon.colcon_core.package_identification:_identify(src) by extension 'python'
[5.577s] Level 1:colcon.colcon_core.package_identification:_identify(src) by extensions ['python_setup_py']
[5.577s] Level 1:colcon.colcon_core.package_identification:_identify(src) by extension 'python_setup_py'
[5.577s] Level 1:colcon.colcon_core.package_identification:_identify(src/robot) by extensions ['ignore', 'ignore_ament_install']
[5.578s] Level 1:colcon.colcon_core.package_identification:_identify(src/robot) by extension 'ignore'
[5.578s] Level 1:colcon.colcon_core.package_identification:_identify(src/robot) by extension 'ignore_ament_install'
[5.578s] Level 1:colcon.colcon_core.package_identification:_identify(src/robot) by extensions ['colcon_pkg']
[5.579s] Level 1:colcon.colcon_core.package_identification:_identify(src/robot) by extension 'colcon_pkg'
[5.579s] Level 1:colcon.colcon_core.package_identification:_identify(src/robot) by extensions ['colcon_meta']
[5.579s] Level 1:colcon.colcon_core.package_identification:_identify(src/robot) by extension 'colcon_meta'
[5.579s] Level 1:colcon.colcon_core.package_identification:_identify(src/robot) by extensions ['ros']
[5.579s] Level 1:colcon.colcon_core.package_identification:_identify(src/robot) by extension 'ros'
[5.589s] DEBUG:colcon.colcon_core.package_identification:Package 'src/robot' with type 'ros.ament_python' and name 'robot'
[5.590s] Level 1:colcon.colcon_core.package_identification:_identify(src/robot_bringup) by extensions ['ignore', 'ignore_ament_install']
[5.591s] Level 1:colcon.colcon_core.package_identification:_identify(src/robot_bringup) by extension 'ignore'
[5.591s] Level 1:colcon.colcon_core.package_identification:_identify(src/robot_bringup) by extension 'ignore_ament_install'
[5.591s] Level 1:colcon.colcon_core.package_identification:_identify(src/robot_bringup) by extensions ['colcon_pkg']
[5.591s] Level 1:colcon.colcon_core.package_identification:_identify(src/robot_bringup) by extension 'colcon_pkg'
[5.592s] Level 1:colcon.colcon_core.package_identification:_identify(src/robot_bringup) by extensions ['colcon_meta']
[5.592s] Level 1:colcon.colcon_core.package_identification:_identify(src/robot_bringup) by extension 'colcon_meta'
[5.592s] Level 1:colcon.colcon_core.package_identification:_identify(src/robot_bringup) by extensions ['ros']
[5.592s] Level 1:colcon.colcon_core.package_identification:_identify(src/robot_bringup) by extension 'ros'
[5.594s] DEBUG:colcon.colcon_core.package_identification:Package 'src/robot_bringup' with type 'ros.ament_python' and name 'robot_bringup'
[5.595s] Level 1:colcon.colcon_core.package_identification:_identify(src/robot_description) by extensions ['ignore', 'ignore_ament_install']
[5.596s] Level 1:colcon.colcon_core.package_identification:_identify(src/robot_description) by extension 'ignore'
[5.596s] Level 1:colcon.colcon_core.package_identification:_identify(src/robot_description) by extension 'ignore_ament_install'
[5.596s] Level 1:colcon.colcon_core.package_identification:_identify(src/robot_description) by extensions ['colcon_pkg']
[5.596s] Level 1:colcon.colcon_core.package_identification:_identify(src/robot_description) by extension 'colcon_pkg'
[5.597s] Level 1:colcon.colcon_core.package_identification:_identify(src/robot_description) by extensions ['colcon_meta']
[5.597s] Level 1:colcon.colcon_core.package_identification:_identify(src/robot_description) by extension 'colcon_meta'
[5.597s] Level 1:colcon.colcon_core.package_identification:_identify(src/robot_description) by extensions ['ros']
[5.597s] Level 1:colcon.colcon_core.package_identification:_identify(src/robot_description) by extension 'ros'
[5.600s] DEBUG:colcon.colcon_core.package_identification:Package 'src/robot_description' with type 'ros.ament_python' and name 'robot_description'
[5.600s] Level 1:colcon.colcon_core.package_identification:_identify(src/robot_interfaces) by extensions ['ignore', 'ignore_ament_install']
[5.601s] Level 1:colcon.colcon_core.package_identification:_identify(src/robot_interfaces) by extension 'ignore'
[5.601s] Level 1:colcon.colcon_core.package_identification:_identify(src/robot_interfaces) by extension 'ignore_ament_install'
[5.601s] Level 1:colcon.colcon_core.package_identification:_identify(src/robot_interfaces) by extensions ['colcon_pkg']
[5.602s] Level 1:colcon.colcon_core.package_identification:_identify(src/robot_interfaces) by extension 'colcon_pkg'
[5.602s] Level 1:colcon.colcon_core.package_identification:_identify(src/robot_interfaces) by extensions ['colcon_meta']
[5.602s] Level 1:colcon.colcon_core.package_identification:_identify(src/robot_interfaces) by extension 'colcon_meta'
[5.602s] Level 1:colcon.colcon_core.package_identification:_identify(src/robot_interfaces) by extensions ['ros']
[5.602s] Level 1:colcon.colcon_core.package_identification:_identify(src/robot_interfaces) by extension 'ros'
[5.605s] DEBUG:colcon.colcon_core.package_identification:Package 'src/robot_interfaces' with type 'ros.ament_cmake' and name 'robot_interfaces'
[5.605s] Level 1:colcon.colcon_core.package_identification:_identify(src/rplidar_ros) by extensions ['ignore', 'ignore_ament_install']
[5.606s] Level 1:colcon.colcon_core.package_identification:_identify(src/rplidar_ros) by extension 'ignore'
[5.606s] Level 1:colcon.colcon_core.package_identification:_identify(src/rplidar_ros) by extension 'ignore_ament_install'
[5.606s] Level 1:colcon.colcon_core.package_identification:_identify(src/rplidar_ros) by extensions ['colcon_pkg']
[5.607s] Level 1:colcon.colcon_core.package_identification:_identify(src/rplidar_ros) by extension 'colcon_pkg'
[5.607s] Level 1:colcon.colcon_core.package_identification:_identify(src/rplidar_ros) by extensions ['colcon_meta']
[5.607s] Level 1:colcon.colcon_core.package_identification:_identify(src/rplidar_ros) by extension 'colcon_meta'
[5.607s] Level 1:colcon.colcon_core.package_identification:_identify(src/rplidar_ros) by extensions ['ros']
[5.607s] Level 1:colcon.colcon_core.package_identification:_identify(src/rplidar_ros) by extension 'ros'
[5.610s] DEBUG:colcon.colcon_core.package_identification:Package 'src/rplidar_ros' with type 'ros.ament_cmake' and name 'rplidar_ros'
[5.610s] Level 1:colcon.colcon_core.package_discovery:discover_packages(recursive) using defaults
[5.611s] Level 1:colcon.colcon_core.package_discovery:discover_packages(ignore) discover
[5.611s] Level 1:colcon.colcon_core.package_discovery:discover_packages(ignore) using defaults
[5.611s] Level 1:colcon.colcon_core.package_discovery:discover_packages(path) discover
[5.611s] Level 1:colcon.colcon_core.package_discovery:discover_packages(path) using defaults
[5.927s] INFO:colcon.colcon_core.package_selection:Skipping not selected package 'robot' in 'src/robot'
[5.927s] INFO:colcon.colcon_core.package_selection:Skipping not selected package 'robot_bringup' in 'src/robot_bringup'
[5.928s] INFO:colcon.colcon_core.package_selection:Skipping not selected package 'robot_interfaces' in 'src/robot_interfaces'
[5.928s] INFO:colcon.colcon_core.package_selection:Skipping not selected package 'rplidar_ros' in 'src/rplidar_ros'
[6.085s] Level 1:colcon.colcon_core.package_discovery:discover_packages(prefix_path) check parameters
[6.085s] Level 1:colcon.colcon_core.package_discovery:discover_packages(prefix_path) discover
[6.247s] DEBUG:colcon.colcon_installed_package_information.package_discovery:Found 5 installed packages in /home/scott/alpha_ws/install
[6.332s] DEBUG:colcon.colcon_installed_package_information.package_discovery:Found 284 installed packages in /opt/ros/humble
[6.340s] Level 1:colcon.colcon_core.package_discovery:discover_packages(prefix_path) using defaults
[6.821s] Level 5:colcon.colcon_core.verb:set package 'robot_description' build argument 'cmake_args' from command line to 'None'
[6.821s] Level 5:colcon.colcon_core.verb:set package 'robot_description' build argument 'cmake_target' from command line to 'None'
[6.821s] Level 5:colcon.colcon_core.verb:set package 'robot_description' build argument 'cmake_target_skip_unavailable' from command line to 'False'
[6.821s] Level 5:colcon.colcon_core.verb:set package 'robot_description' build argument 'cmake_clean_cache' from command line to 'False'
[6.821s] Level 5:colcon.colcon_core.verb:set package 'robot_description' build argument 'cmake_clean_first' from command line to 'False'
[6.822s] Level 5:colcon.colcon_core.verb:set package 'robot_description' build argument 'cmake_force_configure' from command line to 'False'
[6.822s] Level 5:colcon.colcon_core.verb:set package 'robot_description' build argument 'ament_cmake_args' from command line to 'None'
[6.822s] Level 5:colcon.colcon_core.verb:set package 'robot_description' build argument 'catkin_cmake_args' from command line to 'None'
[6.822s] Level 5:colcon.colcon_core.verb:set package 'robot_description' build argument 'catkin_skip_building_tests' from command line to 'False'
[6.822s] DEBUG:colcon.colcon_core.verb:Building package 'robot_description' with the following arguments: {'ament_cmake_args': None, 'build_base': '/home/scott/alpha_ws/build/robot_description', 'catkin_cmake_args': None, 'catkin_skip_building_tests': False, 'cmake_args': None, 'cmake_clean_cache': False, 'cmake_clean_first': False, 'cmake_force_configure': False, 'cmake_target': None, 'cmake_target_skip_unavailable': False, 'install_base': '/home/scott/alpha_ws/install/robot_description', 'merge_install': False, 'path': '/home/scott/alpha_ws/src/robot_description', 'symlink_install': False, 'test_result_base': None}
[6.895s] INFO:colcon.colcon_core.executor:Executing jobs using 'parallel' executor
[6.972s] DEBUG:colcon.colcon_parallel_executor.executor.parallel:run_until_complete
[6.973s] INFO:colcon.colcon_ros.task.ament_python.build:Building ROS package in '/home/scott/alpha_ws/src/robot_description' with build type 'ament_python'
[6.974s] Level 1:colcon.colcon_core.shell:create_environment_hook('robot_description', 'ament_prefix_path')
[7.060s] INFO:colcon.colcon_core.plugin_system:Skipping extension 'colcon_core.shell.bat': Not used on non-Windows systems
[7.061s] INFO:colcon.colcon_core.shell:Creating environment hook '/home/scott/alpha_ws/install/robot_description/share/robot_description/hook/ament_prefix_path.ps1'
[7.064s] INFO:colcon.colcon_core.shell:Creating environment descriptor '/home/scott/alpha_ws/install/robot_description/share/robot_description/hook/ament_prefix_path.dsv'
[7.067s] INFO:colcon.colcon_core.shell:Creating environment hook '/home/scott/alpha_ws/install/robot_description/share/robot_description/hook/ament_prefix_path.sh'
[7.147s] INFO:colcon.colcon_core.shell:Skip shell extension 'powershell' for command environment: Not usable outside of PowerShell
[7.147s] DEBUG:colcon.colcon_core.shell:Skip shell extension 'dsv' for command environment
[8.844s] INFO:colcon.colcon_core.task.python.build:Building Python package in '/home/scott/alpha_ws/src/robot_description'
[8.923s] INFO:colcon.colcon_core.shell:Skip shell extension 'powershell' for command environment: Not usable outside of PowerShell
[8.924s] DEBUG:colcon.colcon_core.shell:Skip shell extension 'dsv' for command environment
[10.969s] DEBUG:colcon.colcon_core.event_handler.log_command:Invoking command in '/home/scott/alpha_ws/src/robot_description': PYTHONPATH=/home/scott/alpha_ws/build/robot_description/prefix_override:/home/scott/alpha_ws/install/robot_description/lib/python3.10/site-packages:${PYTHONPATH} /usr/bin/python3 setup.py egg_info --egg-base ../../build/robot_description build --build-base /home/scott/alpha_ws/build/robot_description/build install --record /home/scott/alpha_ws/build/robot_description/install.log --single-version-externally-managed
[12.612s] DEBUG:colcon.colcon_core.event_handler.log_command:Invoked command in '/home/scott/alpha_ws/src/robot_description' returned '0': PYTHONPATH=/home/scott/alpha_ws/build/robot_description/prefix_override:/home/scott/alpha_ws/install/robot_description/lib/python3.10/site-packages:${PYTHONPATH} /usr/bin/python3 setup.py egg_info --egg-base ../../build/robot_description build --build-base /home/scott/alpha_ws/build/robot_description/build install --record /home/scott/alpha_ws/build/robot_description/install.log --single-version-externally-managed
[12.702s] Level 1:colcon.colcon_core.environment:checking '/home/scott/alpha_ws/install/robot_description' for CMake module files
[12.705s] Level 1:colcon.colcon_core.environment:checking '/home/scott/alpha_ws/install/robot_description' for CMake config files
[12.709s] Level 1:colcon.colcon_core.environment:checking '/home/scott/alpha_ws/install/robot_description/lib'
[12.710s] Level 1:colcon.colcon_core.environment:checking '/home/scott/alpha_ws/install/robot_description/bin'
[12.710s] Level 1:colcon.colcon_core.environment:checking '/home/scott/alpha_ws/install/robot_description/lib/pkgconfig/robot_description.pc'
[12.711s] Level 1:colcon.colcon_core.environment:checking '/home/scott/alpha_ws/install/robot_description/lib/python3.10/site-packages'
[12.712s] Level 1:colcon.colcon_core.shell:create_environment_hook('robot_description', 'pythonpath')
[12.789s] INFO:colcon.colcon_core.shell:Creating environment hook '/home/scott/alpha_ws/install/robot_description/share/robot_description/hook/pythonpath.ps1'
[12.791s] INFO:colcon.colcon_core.shell:Creating environment descriptor '/home/scott/alpha_ws/install/robot_description/share/robot_description/hook/pythonpath.dsv'
[12.793s] INFO:colcon.colcon_core.shell:Creating environment hook '/home/scott/alpha_ws/install/robot_description/share/robot_description/hook/pythonpath.sh'
[12.796s] Level 1:colcon.colcon_core.environment:checking '/home/scott/alpha_ws/install/robot_description/bin'
[12.797s] Level 1:colcon.colcon_core.environment:create_environment_scripts_only(robot_description)
[12.874s] INFO:colcon.colcon_core.shell:Creating package script '/home/scott/alpha_ws/install/robot_description/share/robot_description/package.ps1'
[12.878s] INFO:colcon.colcon_core.shell:Creating package descriptor '/home/scott/alpha_ws/install/robot_description/share/robot_description/package.dsv'
[12.881s] INFO:colcon.colcon_core.shell:Creating package script '/home/scott/alpha_ws/install/robot_description/share/robot_description/package.sh'
[12.885s] INFO:colcon.colcon_core.shell:Creating package script '/home/scott/alpha_ws/install/robot_description/share/robot_description/package.bash'
[12.889s] INFO:colcon.colcon_core.shell:Creating package script '/home/scott/alpha_ws/install/robot_description/share/robot_description/package.zsh'
[12.892s] Level 1:colcon.colcon_core.environment:create_file_with_runtime_dependencies(/home/scott/alpha_ws/install/robot_description/share/colcon-core/packages/robot_description)
[12.894s] DEBUG:colcon.colcon_parallel_executor.executor.parallel:closing loop
[12.895s] DEBUG:colcon.colcon_parallel_executor.executor.parallel:loop closed
[12.896s] DEBUG:colcon.colcon_parallel_executor.executor.parallel:run_until_complete finished with '0'
[12.896s] DEBUG:colcon.colcon_core.event_reactor:joining thread
[12.996s] INFO:colcon.colcon_core.plugin_system:Skipping extension 'colcon_notification.desktop_notification.terminal_notifier': Not used on non-Darwin systems
[12.997s] INFO:colcon.colcon_core.plugin_system:Skipping extension 'colcon_notification.desktop_notification.win32': Not used on non-Windows systems
[12.997s] INFO:colcon.colcon_notification.desktop_notification:Sending desktop notification using 'notify2'
[13.003s] DEBUG:colcon.colcon_notification.desktop_notification.notify2:Failed to initialize notify2: org.freedesktop.DBus.Error.ServiceUnknown: The name org.freedesktop.Notifications was not provided by any .service files
[13.003s] DEBUG:colcon.colcon_core.event_reactor:joined thread
[13.127s] INFO:colcon.colcon_core.shell:Creating prefix script '/home/scott/alpha_ws/install/local_setup.ps1'
[13.131s] INFO:colcon.colcon_core.shell:Creating prefix util module '/home/scott/alpha_ws/install/_local_setup_util_ps1.py'
[13.138s] INFO:colcon.colcon_core.shell:Creating prefix chain script '/home/scott/alpha_ws/install/setup.ps1'
[13.219s] INFO:colcon.colcon_core.shell:Creating prefix script '/home/scott/alpha_ws/install/local_setup.sh'
[13.222s] INFO:colcon.colcon_core.shell:Creating prefix util module '/home/scott/alpha_ws/install/_local_setup_util_sh.py'
[13.224s] INFO:colcon.colcon_core.shell:Creating prefix chain script '/home/scott/alpha_ws/install/setup.sh'
[13.306s] INFO:colcon.colcon_core.shell:Creating prefix script '/home/scott/alpha_ws/install/local_setup.bash'
[13.309s] INFO:colcon.colcon_core.shell:Creating prefix chain script '/home/scott/alpha_ws/install/setup.bash'
[13.390s] INFO:colcon.colcon_core.shell:Creating prefix script '/home/scott/alpha_ws/install/local_setup.zsh'
[13.393s] INFO:colcon.colcon_core.shell:Creating prefix chain script '/home/scott/alpha_ws/install/setup.zsh'
