[5.300s] DEBUG:colcon:Command line arguments: ['/usr/bin/colcon', 'build', '--packages-select', 'robot']
[5.300s] DEBUG:colcon:Parsed command line arguments: Namespace(log_base=None, log_level=None, verb_name='build', build_base='build', install_base='install', merge_install=False, symlink_install=False, test_result_base=None, continue_on_error=False, executor='parallel', parallel_workers=4, event_handlers=None, ignore_user_meta=False, metas=['./colcon.meta'], base_paths=['.'], packages_ignore=None, packages_ignore_regex=None, paths=None, packages_up_to=None, packages_up_to_regex=None, packages_above=None, packages_above_and_dependencies=None, packages_above_depth=None, packages_select_by_dep=None, packages_skip_by_dep=None, packages_skip_up_to=None, packages_select_build_failed=False, packages_skip_build_finished=False, packages_select_test_failures=False, packages_skip_test_passed=False, packages_select=['robot'], packages_skip=None, packages_select_regex=None, packages_skip_regex=None, packages_start=None, packages_end=None, allow_overriding=[], cmake_args=None, cmake_target=None, cmake_target_skip_unavailable=False, cmake_clean_cache=False, cmake_clean_first=False, cmake_force_configure=False, ament_cmake_args=None, catkin_cmake_args=None, catkin_skip_building_tests=False, verb_parser=<colcon_defaults.argument_parser.defaults.DefaultArgumentsDecorator object at 0xffff7ea07070>, verb_extension=<colcon_core.verb.build.BuildVerb object at 0xffff7eca05e0>, main=<bound method BuildVerb.main of <colcon_core.verb.build.BuildVerb object at 0xffff7eca05e0>>)
[5.537s] Level 1:colcon.colcon_core.package_discovery:discover_packages(colcon_meta) check parameters
[5.537s] Level 1:colcon.colcon_core.package_discovery:discover_packages(recursive) check parameters
[5.537s] Level 1:colcon.colcon_core.package_discovery:discover_packages(ignore) check parameters
[5.537s] Level 1:colcon.colcon_core.package_discovery:discover_packages(path) check parameters
[5.538s] Level 1:colcon.colcon_core.package_discovery:discover_packages(colcon_meta) discover
[5.538s] Level 1:colcon.colcon_core.package_discovery:discover_packages(recursive) discover
[5.538s] INFO:colcon.colcon_core.package_discovery:Crawling recursively for packages in '/home/scott/alpha_ws'
[5.539s] Level 1:colcon.colcon_core.package_identification:_identify(.) by extensions ['ignore', 'ignore_ament_install']
[5.539s] Level 1:colcon.colcon_core.package_identification:_identify(.) by extension 'ignore'
[5.539s] Level 1:colcon.colcon_core.package_identification:_identify(.) by extension 'ignore_ament_install'
[5.540s] Level 1:colcon.colcon_core.package_identification:_identify(.) by extensions ['colcon_pkg']
[5.540s] Level 1:colcon.colcon_core.package_identification:_identify(.) by extension 'colcon_pkg'
[5.540s] Level 1:colcon.colcon_core.package_identification:_identify(.) by extensions ['colcon_meta']
[5.540s] Level 1:colcon.colcon_core.package_identification:_identify(.) by extension 'colcon_meta'
[5.540s] Level 1:colcon.colcon_core.package_identification:_identify(.) by extensions ['ros']
[5.541s] Level 1:colcon.colcon_core.package_identification:_identify(.) by extension 'ros'
[5.593s] Level 1:colcon.colcon_core.package_identification:_identify(.) by extensions ['cmake', 'python']
[5.594s] Level 1:colcon.colcon_core.package_identification:_identify(.) by extension 'cmake'
[5.594s] Level 1:colcon.colcon_core.package_identification:_identify(.) by extension 'python'
[5.594s] Level 1:colcon.colcon_core.package_identification:_identify(.) by extensions ['python_setup_py']
[5.594s] Level 1:colcon.colcon_core.package_identification:_identify(.) by extension 'python_setup_py'
[5.595s] Level 1:colcon.colcon_core.package_identification:_identify(build) by extensions ['ignore', 'ignore_ament_install']
[5.595s] Level 1:colcon.colcon_core.package_identification:_identify(build) by extension 'ignore'
[5.596s] Level 1:colcon.colcon_core.package_identification:_identify(build) ignored
[5.596s] Level 1:colcon.colcon_core.package_identification:_identify(install) by extensions ['ignore', 'ignore_ament_install']
[5.597s] Level 1:colcon.colcon_core.package_identification:_identify(install) by extension 'ignore'
[5.597s] Level 1:colcon.colcon_core.package_identification:_identify(install) ignored
[5.602s] Level 1:colcon.colcon_core.package_identification:_identify(log) by extensions ['ignore', 'ignore_ament_install']
[5.602s] Level 1:colcon.colcon_core.package_identification:_identify(log) by extension 'ignore'
[5.603s] Level 1:colcon.colcon_core.package_identification:_identify(log) ignored
[5.603s] Level 1:colcon.colcon_core.package_identification:_identify(src) by extensions ['ignore', 'ignore_ament_install']
[5.603s] Level 1:colcon.colcon_core.package_identification:_identify(src) by extension 'ignore'
[5.604s] Level 1:colcon.colcon_core.package_identification:_identify(src) by extension 'ignore_ament_install'
[5.604s] Level 1:colcon.colcon_core.package_identification:_identify(src) by extensions ['colcon_pkg']
[5.604s] Level 1:colcon.colcon_core.package_identification:_identify(src) by extension 'colcon_pkg'
[5.604s] Level 1:colcon.colcon_core.package_identification:_identify(src) by extensions ['colcon_meta']
[5.604s] Level 1:colcon.colcon_core.package_identification:_identify(src) by extension 'colcon_meta'
[5.605s] Level 1:colcon.colcon_core.package_identification:_identify(src) by extensions ['ros']
[5.605s] Level 1:colcon.colcon_core.package_identification:_identify(src) by extension 'ros'
[5.605s] Level 1:colcon.colcon_core.package_identification:_identify(src) by extensions ['cmake', 'python']
[5.605s] Level 1:colcon.colcon_core.package_identification:_identify(src) by extension 'cmake'
[5.606s] Level 1:colcon.colcon_core.package_identification:_identify(src) by extension 'python'
[5.606s] Level 1:colcon.colcon_core.package_identification:_identify(src) by extensions ['python_setup_py']
[5.606s] Level 1:colcon.colcon_core.package_identification:_identify(src) by extension 'python_setup_py'
[5.607s] Level 1:colcon.colcon_core.package_identification:_identify(src/robot) by extensions ['ignore', 'ignore_ament_install']
[5.607s] Level 1:colcon.colcon_core.package_identification:_identify(src/robot) by extension 'ignore'
[5.607s] Level 1:colcon.colcon_core.package_identification:_identify(src/robot) by extension 'ignore_ament_install'
[5.608s] Level 1:colcon.colcon_core.package_identification:_identify(src/robot) by extensions ['colcon_pkg']
[5.608s] Level 1:colcon.colcon_core.package_identification:_identify(src/robot) by extension 'colcon_pkg'
[5.608s] Level 1:colcon.colcon_core.package_identification:_identify(src/robot) by extensions ['colcon_meta']
[5.608s] Level 1:colcon.colcon_core.package_identification:_identify(src/robot) by extension 'colcon_meta'
[5.608s] Level 1:colcon.colcon_core.package_identification:_identify(src/robot) by extensions ['ros']
[5.608s] Level 1:colcon.colcon_core.package_identification:_identify(src/robot) by extension 'ros'
[5.618s] DEBUG:colcon.colcon_core.package_identification:Package 'src/robot' with type 'ros.ament_python' and name 'robot'
[5.619s] Level 1:colcon.colcon_core.package_identification:_identify(src/robot_bringup) by extensions ['ignore', 'ignore_ament_install']
[5.620s] Level 1:colcon.colcon_core.package_identification:_identify(src/robot_bringup) by extension 'ignore'
[5.620s] Level 1:colcon.colcon_core.package_identification:_identify(src/robot_bringup) by extension 'ignore_ament_install'
[5.620s] Level 1:colcon.colcon_core.package_identification:_identify(src/robot_bringup) by extensions ['colcon_pkg']
[5.621s] Level 1:colcon.colcon_core.package_identification:_identify(src/robot_bringup) by extension 'colcon_pkg'
[5.621s] Level 1:colcon.colcon_core.package_identification:_identify(src/robot_bringup) by extensions ['colcon_meta']
[5.621s] Level 1:colcon.colcon_core.package_identification:_identify(src/robot_bringup) by extension 'colcon_meta'
[5.621s] Level 1:colcon.colcon_core.package_identification:_identify(src/robot_bringup) by extensions ['ros']
[5.621s] Level 1:colcon.colcon_core.package_identification:_identify(src/robot_bringup) by extension 'ros'
[5.624s] DEBUG:colcon.colcon_core.package_identification:Package 'src/robot_bringup' with type 'ros.ament_python' and name 'robot_bringup'
[5.624s] Level 1:colcon.colcon_core.package_identification:_identify(src/robot_description) by extensions ['ignore', 'ignore_ament_install']
[5.625s] Level 1:colcon.colcon_core.package_identification:_identify(src/robot_description) by extension 'ignore'
[5.625s] Level 1:colcon.colcon_core.package_identification:_identify(src/robot_description) by extension 'ignore_ament_install'
[5.625s] Level 1:colcon.colcon_core.package_identification:_identify(src/robot_description) by extensions ['colcon_pkg']
[5.626s] Level 1:colcon.colcon_core.package_identification:_identify(src/robot_description) by extension 'colcon_pkg'
[5.626s] Level 1:colcon.colcon_core.package_identification:_identify(src/robot_description) by extensions ['colcon_meta']
[5.626s] Level 1:colcon.colcon_core.package_identification:_identify(src/robot_description) by extension 'colcon_meta'
[5.626s] Level 1:colcon.colcon_core.package_identification:_identify(src/robot_description) by extensions ['ros']
[5.626s] Level 1:colcon.colcon_core.package_identification:_identify(src/robot_description) by extension 'ros'
[5.629s] DEBUG:colcon.colcon_core.package_identification:Package 'src/robot_description' with type 'ros.ament_python' and name 'robot_description'
[5.629s] Level 1:colcon.colcon_core.package_identification:_identify(src/robot_interfaces) by extensions ['ignore', 'ignore_ament_install']
[5.630s] Level 1:colcon.colcon_core.package_identification:_identify(src/robot_interfaces) by extension 'ignore'
[5.630s] Level 1:colcon.colcon_core.package_identification:_identify(src/robot_interfaces) by extension 'ignore_ament_install'
[5.630s] Level 1:colcon.colcon_core.package_identification:_identify(src/robot_interfaces) by extensions ['colcon_pkg']
[5.631s] Level 1:colcon.colcon_core.package_identification:_identify(src/robot_interfaces) by extension 'colcon_pkg'
[5.631s] Level 1:colcon.colcon_core.package_identification:_identify(src/robot_interfaces) by extensions ['colcon_meta']
[5.631s] Level 1:colcon.colcon_core.package_identification:_identify(src/robot_interfaces) by extension 'colcon_meta'
[5.631s] Level 1:colcon.colcon_core.package_identification:_identify(src/robot_interfaces) by extensions ['ros']
[5.631s] Level 1:colcon.colcon_core.package_identification:_identify(src/robot_interfaces) by extension 'ros'
[5.633s] DEBUG:colcon.colcon_core.package_identification:Package 'src/robot_interfaces' with type 'ros.ament_cmake' and name 'robot_interfaces'
[5.634s] Level 1:colcon.colcon_core.package_identification:_identify(src/rplidar_ros) by extensions ['ignore', 'ignore_ament_install']
[5.635s] Level 1:colcon.colcon_core.package_identification:_identify(src/rplidar_ros) by extension 'ignore'
[5.635s] Level 1:colcon.colcon_core.package_identification:_identify(src/rplidar_ros) by extension 'ignore_ament_install'
[5.635s] Level 1:colcon.colcon_core.package_identification:_identify(src/rplidar_ros) by extensions ['colcon_pkg']
[5.635s] Level 1:colcon.colcon_core.package_identification:_identify(src/rplidar_ros) by extension 'colcon_pkg'
[5.636s] Level 1:colcon.colcon_core.package_identification:_identify(src/rplidar_ros) by extensions ['colcon_meta']
[5.636s] Level 1:colcon.colcon_core.package_identification:_identify(src/rplidar_ros) by extension 'colcon_meta'
[5.636s] Level 1:colcon.colcon_core.package_identification:_identify(src/rplidar_ros) by extensions ['ros']
[5.636s] Level 1:colcon.colcon_core.package_identification:_identify(src/rplidar_ros) by extension 'ros'
[5.639s] DEBUG:colcon.colcon_core.package_identification:Package 'src/rplidar_ros' with type 'ros.ament_cmake' and name 'rplidar_ros'
[5.639s] Level 1:colcon.colcon_core.package_discovery:discover_packages(recursive) using defaults
[5.639s] Level 1:colcon.colcon_core.package_discovery:discover_packages(ignore) discover
[5.639s] Level 1:colcon.colcon_core.package_discovery:discover_packages(ignore) using defaults
[5.640s] Level 1:colcon.colcon_core.package_discovery:discover_packages(path) discover
[5.640s] Level 1:colcon.colcon_core.package_discovery:discover_packages(path) using defaults
[5.965s] INFO:colcon.colcon_core.package_selection:Skipping not selected package 'robot_bringup' in 'src/robot_bringup'
[5.965s] INFO:colcon.colcon_core.package_selection:Skipping not selected package 'robot_description' in 'src/robot_description'
[5.965s] INFO:colcon.colcon_core.package_selection:Skipping not selected package 'robot_interfaces' in 'src/robot_interfaces'
[5.965s] INFO:colcon.colcon_core.package_selection:Skipping not selected package 'rplidar_ros' in 'src/rplidar_ros'
[6.125s] Level 1:colcon.colcon_core.package_discovery:discover_packages(prefix_path) check parameters
[6.125s] Level 1:colcon.colcon_core.package_discovery:discover_packages(prefix_path) discover
[6.282s] DEBUG:colcon.colcon_installed_package_information.package_discovery:Found 5 installed packages in /home/scott/alpha_ws/install
[6.369s] DEBUG:colcon.colcon_installed_package_information.package_discovery:Found 320 installed packages in /opt/ros/humble
[6.378s] Level 1:colcon.colcon_core.package_discovery:discover_packages(prefix_path) using defaults
[6.886s] Level 5:colcon.colcon_core.verb:set package 'robot' build argument 'cmake_args' from command line to 'None'
[6.887s] Level 5:colcon.colcon_core.verb:set package 'robot' build argument 'cmake_target' from command line to 'None'
[6.887s] Level 5:colcon.colcon_core.verb:set package 'robot' build argument 'cmake_target_skip_unavailable' from command line to 'False'
[6.887s] Level 5:colcon.colcon_core.verb:set package 'robot' build argument 'cmake_clean_cache' from command line to 'False'
[6.887s] Level 5:colcon.colcon_core.verb:set package 'robot' build argument 'cmake_clean_first' from command line to 'False'
[6.887s] Level 5:colcon.colcon_core.verb:set package 'robot' build argument 'cmake_force_configure' from command line to 'False'
[6.887s] Level 5:colcon.colcon_core.verb:set package 'robot' build argument 'ament_cmake_args' from command line to 'None'
[6.888s] Level 5:colcon.colcon_core.verb:set package 'robot' build argument 'catkin_cmake_args' from command line to 'None'
[6.888s] Level 5:colcon.colcon_core.verb:set package 'robot' build argument 'catkin_skip_building_tests' from command line to 'False'
[6.888s] DEBUG:colcon.colcon_core.verb:Building package 'robot' with the following arguments: {'ament_cmake_args': None, 'build_base': '/home/scott/alpha_ws/build/robot', 'catkin_cmake_args': None, 'catkin_skip_building_tests': False, 'cmake_args': None, 'cmake_clean_cache': False, 'cmake_clean_first': False, 'cmake_force_configure': False, 'cmake_target': None, 'cmake_target_skip_unavailable': False, 'install_base': '/home/scott/alpha_ws/install/robot', 'merge_install': False, 'path': '/home/scott/alpha_ws/src/robot', 'symlink_install': False, 'test_result_base': None}
[6.962s] INFO:colcon.colcon_core.executor:Executing jobs using 'parallel' executor
[7.040s] DEBUG:colcon.colcon_parallel_executor.executor.parallel:run_until_complete
[7.041s] INFO:colcon.colcon_ros.task.ament_python.build:Building ROS package in '/home/scott/alpha_ws/src/robot' with build type 'ament_python'
[7.042s] Level 1:colcon.colcon_core.shell:create_environment_hook('robot', 'ament_prefix_path')
[7.127s] INFO:colcon.colcon_core.plugin_system:Skipping extension 'colcon_core.shell.bat': Not used on non-Windows systems
[7.128s] INFO:colcon.colcon_core.shell:Creating environment hook '/home/scott/alpha_ws/install/robot/share/robot/hook/ament_prefix_path.ps1'
[7.131s] INFO:colcon.colcon_core.shell:Creating environment descriptor '/home/scott/alpha_ws/install/robot/share/robot/hook/ament_prefix_path.dsv'
[7.133s] INFO:colcon.colcon_core.shell:Creating environment hook '/home/scott/alpha_ws/install/robot/share/robot/hook/ament_prefix_path.sh'
[7.214s] INFO:colcon.colcon_core.shell:Skip shell extension 'powershell' for command environment: Not usable outside of PowerShell
[7.214s] DEBUG:colcon.colcon_core.shell:Skip shell extension 'dsv' for command environment
[8.926s] INFO:colcon.colcon_core.task.python.build:Building Python package in '/home/scott/alpha_ws/src/robot'
[9.008s] INFO:colcon.colcon_core.shell:Skip shell extension 'powershell' for command environment: Not usable outside of PowerShell
[9.008s] DEBUG:colcon.colcon_core.shell:Skip shell extension 'dsv' for command environment
[11.069s] DEBUG:colcon.colcon_core.event_handler.log_command:Invoking command in '/home/scott/alpha_ws/src/robot': PYTHONPATH=/home/scott/alpha_ws/build/robot/prefix_override:/home/scott/alpha_ws/install/robot/lib/python3.10/site-packages:${PYTHONPATH} /usr/bin/python3 setup.py egg_info --egg-base ../../build/robot build --build-base /home/scott/alpha_ws/build/robot/build install --record /home/scott/alpha_ws/build/robot/install.log --single-version-externally-managed
[12.742s] DEBUG:colcon.colcon_core.event_handler.log_command:Invoked command in '/home/scott/alpha_ws/src/robot' returned '0': PYTHONPATH=/home/scott/alpha_ws/build/robot/prefix_override:/home/scott/alpha_ws/install/robot/lib/python3.10/site-packages:${PYTHONPATH} /usr/bin/python3 setup.py egg_info --egg-base ../../build/robot build --build-base /home/scott/alpha_ws/build/robot/build install --record /home/scott/alpha_ws/build/robot/install.log --single-version-externally-managed
[12.834s] Level 1:colcon.colcon_core.environment:checking '/home/scott/alpha_ws/install/robot' for CMake module files
[12.837s] Level 1:colcon.colcon_core.environment:checking '/home/scott/alpha_ws/install/robot' for CMake config files
[12.841s] Level 1:colcon.colcon_core.environment:checking '/home/scott/alpha_ws/install/robot/lib'
[12.842s] Level 1:colcon.colcon_core.environment:checking '/home/scott/alpha_ws/install/robot/bin'
[12.842s] Level 1:colcon.colcon_core.environment:checking '/home/scott/alpha_ws/install/robot/lib/pkgconfig/robot.pc'
[12.843s] Level 1:colcon.colcon_core.environment:checking '/home/scott/alpha_ws/install/robot/lib/python3.10/site-packages'
[12.844s] Level 1:colcon.colcon_core.shell:create_environment_hook('robot', 'pythonpath')
[12.921s] INFO:colcon.colcon_core.shell:Creating environment hook '/home/scott/alpha_ws/install/robot/share/robot/hook/pythonpath.ps1'
[12.923s] INFO:colcon.colcon_core.shell:Creating environment descriptor '/home/scott/alpha_ws/install/robot/share/robot/hook/pythonpath.dsv'
[12.925s] INFO:colcon.colcon_core.shell:Creating environment hook '/home/scott/alpha_ws/install/robot/share/robot/hook/pythonpath.sh'
[12.928s] Level 1:colcon.colcon_core.environment:checking '/home/scott/alpha_ws/install/robot/bin'
[12.928s] Level 1:colcon.colcon_core.environment:create_environment_scripts_only(robot)
[13.007s] INFO:colcon.colcon_core.shell:Creating package script '/home/scott/alpha_ws/install/robot/share/robot/package.ps1'
[13.011s] INFO:colcon.colcon_core.shell:Creating package descriptor '/home/scott/alpha_ws/install/robot/share/robot/package.dsv'
[13.014s] INFO:colcon.colcon_core.shell:Creating package script '/home/scott/alpha_ws/install/robot/share/robot/package.sh'
[13.018s] INFO:colcon.colcon_core.shell:Creating package script '/home/scott/alpha_ws/install/robot/share/robot/package.bash'
[13.022s] INFO:colcon.colcon_core.shell:Creating package script '/home/scott/alpha_ws/install/robot/share/robot/package.zsh'
[13.025s] Level 1:colcon.colcon_core.environment:create_file_with_runtime_dependencies(/home/scott/alpha_ws/install/robot/share/colcon-core/packages/robot)
[13.027s] DEBUG:colcon.colcon_parallel_executor.executor.parallel:closing loop
[13.029s] DEBUG:colcon.colcon_parallel_executor.executor.parallel:loop closed
[13.029s] DEBUG:colcon.colcon_parallel_executor.executor.parallel:run_until_complete finished with '0'
[13.030s] DEBUG:colcon.colcon_core.event_reactor:joining thread
[13.170s] INFO:colcon.colcon_core.plugin_system:Skipping extension 'colcon_notification.desktop_notification.terminal_notifier': Not used on non-Darwin systems
[13.170s] INFO:colcon.colcon_core.plugin_system:Skipping extension 'colcon_notification.desktop_notification.win32': Not used on non-Windows systems
[13.171s] INFO:colcon.colcon_notification.desktop_notification:Sending desktop notification using 'notify2'
[13.177s] DEBUG:colcon.colcon_notification.desktop_notification.notify2:Failed to initialize notify2: org.freedesktop.DBus.Error.ServiceUnknown: The name org.freedesktop.Notifications was not provided by any .service files
[13.177s] DEBUG:colcon.colcon_core.event_reactor:joined thread
[13.259s] INFO:colcon.colcon_core.shell:Creating prefix script '/home/scott/alpha_ws/install/local_setup.ps1'
[13.263s] INFO:colcon.colcon_core.shell:Creating prefix util module '/home/scott/alpha_ws/install/_local_setup_util_ps1.py'
[13.269s] INFO:colcon.colcon_core.shell:Creating prefix chain script '/home/scott/alpha_ws/install/setup.ps1'
[13.353s] INFO:colcon.colcon_core.shell:Creating prefix script '/home/scott/alpha_ws/install/local_setup.sh'
[13.357s] INFO:colcon.colcon_core.shell:Creating prefix util module '/home/scott/alpha_ws/install/_local_setup_util_sh.py'
[13.359s] INFO:colcon.colcon_core.shell:Creating prefix chain script '/home/scott/alpha_ws/install/setup.sh'
[13.442s] INFO:colcon.colcon_core.shell:Creating prefix script '/home/scott/alpha_ws/install/local_setup.bash'
[13.445s] INFO:colcon.colcon_core.shell:Creating prefix chain script '/home/scott/alpha_ws/install/setup.bash'
[13.529s] INFO:colcon.colcon_core.shell:Creating prefix script '/home/scott/alpha_ws/install/local_setup.zsh'
[13.532s] INFO:colcon.colcon_core.shell:Creating prefix chain script '/home/scott/alpha_ws/install/setup.zsh'
