[7.086s] DEBUG:colcon:Command line arguments: ['/usr/bin/colcon', 'build', '--packages-select', 'robot_bringup']
[7.086s] DEBUG:colcon:Parsed command line arguments: Namespace(log_base=None, log_level=None, verb_name='build', build_base='build', install_base='install', merge_install=False, symlink_install=False, test_result_base=None, continue_on_error=False, executor='parallel', parallel_workers=4, event_handlers=None, ignore_user_meta=False, metas=['./colcon.meta'], base_paths=['.'], packages_ignore=None, packages_ignore_regex=None, paths=None, packages_up_to=None, packages_up_to_regex=None, packages_above=None, packages_above_and_dependencies=None, packages_above_depth=None, packages_select_by_dep=None, packages_skip_by_dep=None, packages_skip_up_to=None, packages_select_build_failed=False, packages_skip_build_finished=False, packages_select_test_failures=False, packages_skip_test_passed=False, packages_select=['robot_bringup'], packages_skip=None, packages_select_regex=None, packages_skip_regex=None, packages_start=None, packages_end=None, allow_overriding=[], cmake_args=None, cmake_target=None, cmake_target_skip_unavailable=False, cmake_clean_cache=False, cmake_clean_first=False, cmake_force_configure=False, ament_cmake_args=None, catkin_cmake_args=None, catkin_skip_building_tests=False, verb_parser=<colcon_defaults.argument_parser.defaults.DefaultArgumentsDecorator object at 0xffff94bc8790>, verb_extension=<colcon_core.verb.build.BuildVerb object at 0xffff94e36e60>, main=<bound method BuildVerb.main of <colcon_core.verb.build.BuildVerb object at 0xffff94e36e60>>)
[7.404s] Level 1:colcon.colcon_core.package_discovery:discover_packages(colcon_meta) check parameters
[7.405s] Level 1:colcon.colcon_core.package_discovery:discover_packages(recursive) check parameters
[7.405s] Level 1:colcon.colcon_core.package_discovery:discover_packages(ignore) check parameters
[7.406s] Level 1:colcon.colcon_core.package_discovery:discover_packages(path) check parameters
[7.406s] Level 1:colcon.colcon_core.package_discovery:discover_packages(colcon_meta) discover
[7.406s] Level 1:colcon.colcon_core.package_discovery:discover_packages(recursive) discover
[7.407s] INFO:colcon.colcon_core.package_discovery:Crawling recursively for packages in '/home/scott/alpha_ws'
[7.407s] Level 1:colcon.colcon_core.package_identification:_identify(.) by extensions ['ignore', 'ignore_ament_install']
[7.408s] Level 1:colcon.colcon_core.package_identification:_identify(.) by extension 'ignore'
[7.408s] Level 1:colcon.colcon_core.package_identification:_identify(.) by extension 'ignore_ament_install'
[7.408s] Level 1:colcon.colcon_core.package_identification:_identify(.) by extensions ['colcon_pkg']
[7.409s] Level 1:colcon.colcon_core.package_identification:_identify(.) by extension 'colcon_pkg'
[7.409s] Level 1:colcon.colcon_core.package_identification:_identify(.) by extensions ['colcon_meta']
[7.409s] Level 1:colcon.colcon_core.package_identification:_identify(.) by extension 'colcon_meta'
[7.409s] Level 1:colcon.colcon_core.package_identification:_identify(.) by extensions ['ros']
[7.409s] Level 1:colcon.colcon_core.package_identification:_identify(.) by extension 'ros'
[7.474s] Level 1:colcon.colcon_core.package_identification:_identify(.) by extensions ['cmake', 'python']
[7.475s] Level 1:colcon.colcon_core.package_identification:_identify(.) by extension 'cmake'
[7.475s] Level 1:colcon.colcon_core.package_identification:_identify(.) by extension 'python'
[7.476s] Level 1:colcon.colcon_core.package_identification:_identify(.) by extensions ['python_setup_py']
[7.476s] Level 1:colcon.colcon_core.package_identification:_identify(.) by extension 'python_setup_py'
[7.477s] Level 1:colcon.colcon_core.package_identification:_identify(build) by extensions ['ignore', 'ignore_ament_install']
[7.478s] Level 1:colcon.colcon_core.package_identification:_identify(build) by extension 'ignore'
[7.478s] Level 1:colcon.colcon_core.package_identification:_identify(build) ignored
[7.479s] Level 1:colcon.colcon_core.package_identification:_identify(install) by extensions ['ignore', 'ignore_ament_install']
[7.479s] Level 1:colcon.colcon_core.package_identification:_identify(install) by extension 'ignore'
[7.480s] Level 1:colcon.colcon_core.package_identification:_identify(install) ignored
[7.483s] Level 1:colcon.colcon_core.package_identification:_identify(log) by extensions ['ignore', 'ignore_ament_install']
[7.484s] Level 1:colcon.colcon_core.package_identification:_identify(log) by extension 'ignore'
[7.484s] Level 1:colcon.colcon_core.package_identification:_identify(log) ignored
[7.485s] Level 1:colcon.colcon_core.package_identification:_identify(src) by extensions ['ignore', 'ignore_ament_install']
[7.486s] Level 1:colcon.colcon_core.package_identification:_identify(src) by extension 'ignore'
[7.487s] Level 1:colcon.colcon_core.package_identification:_identify(src) by extension 'ignore_ament_install'
[7.487s] Level 1:colcon.colcon_core.package_identification:_identify(src) by extensions ['colcon_pkg']
[7.487s] Level 1:colcon.colcon_core.package_identification:_identify(src) by extension 'colcon_pkg'
[7.488s] Level 1:colcon.colcon_core.package_identification:_identify(src) by extensions ['colcon_meta']
[7.488s] Level 1:colcon.colcon_core.package_identification:_identify(src) by extension 'colcon_meta'
[7.488s] Level 1:colcon.colcon_core.package_identification:_identify(src) by extensions ['ros']
[7.488s] Level 1:colcon.colcon_core.package_identification:_identify(src) by extension 'ros'
[7.489s] Level 1:colcon.colcon_core.package_identification:_identify(src) by extensions ['cmake', 'python']
[7.489s] Level 1:colcon.colcon_core.package_identification:_identify(src) by extension 'cmake'
[7.489s] Level 1:colcon.colcon_core.package_identification:_identify(src) by extension 'python'
[7.489s] Level 1:colcon.colcon_core.package_identification:_identify(src) by extensions ['python_setup_py']
[7.489s] Level 1:colcon.colcon_core.package_identification:_identify(src) by extension 'python_setup_py'
[7.490s] Level 1:colcon.colcon_core.package_identification:_identify(src/robot) by extensions ['ignore', 'ignore_ament_install']
[7.490s] Level 1:colcon.colcon_core.package_identification:_identify(src/robot) by extension 'ignore'
[7.491s] Level 1:colcon.colcon_core.package_identification:_identify(src/robot) by extension 'ignore_ament_install'
[7.491s] Level 1:colcon.colcon_core.package_identification:_identify(src/robot) by extensions ['colcon_pkg']
[7.491s] Level 1:colcon.colcon_core.package_identification:_identify(src/robot) by extension 'colcon_pkg'
[7.491s] Level 1:colcon.colcon_core.package_identification:_identify(src/robot) by extensions ['colcon_meta']
[7.491s] Level 1:colcon.colcon_core.package_identification:_identify(src/robot) by extension 'colcon_meta'
[7.492s] Level 1:colcon.colcon_core.package_identification:_identify(src/robot) by extensions ['ros']
[7.492s] Level 1:colcon.colcon_core.package_identification:_identify(src/robot) by extension 'ros'
[7.505s] DEBUG:colcon.colcon_core.package_identification:Package 'src/robot' with type 'ros.ament_python' and name 'robot'
[7.506s] Level 1:colcon.colcon_core.package_identification:_identify(src/robot_bringup) by extensions ['ignore', 'ignore_ament_install']
[7.506s] Level 1:colcon.colcon_core.package_identification:_identify(src/robot_bringup) by extension 'ignore'
[7.507s] Level 1:colcon.colcon_core.package_identification:_identify(src/robot_bringup) by extension 'ignore_ament_install'
[7.507s] Level 1:colcon.colcon_core.package_identification:_identify(src/robot_bringup) by extensions ['colcon_pkg']
[7.507s] Level 1:colcon.colcon_core.package_identification:_identify(src/robot_bringup) by extension 'colcon_pkg'
[7.508s] Level 1:colcon.colcon_core.package_identification:_identify(src/robot_bringup) by extensions ['colcon_meta']
[7.508s] Level 1:colcon.colcon_core.package_identification:_identify(src/robot_bringup) by extension 'colcon_meta'
[7.508s] Level 1:colcon.colcon_core.package_identification:_identify(src/robot_bringup) by extensions ['ros']
[7.508s] Level 1:colcon.colcon_core.package_identification:_identify(src/robot_bringup) by extension 'ros'
[7.511s] DEBUG:colcon.colcon_core.package_identification:Package 'src/robot_bringup' with type 'ros.ament_python' and name 'robot_bringup'
[7.511s] Level 1:colcon.colcon_core.package_identification:_identify(src/robot_description) by extensions ['ignore', 'ignore_ament_install']
[7.512s] Level 1:colcon.colcon_core.package_identification:_identify(src/robot_description) by extension 'ignore'
[7.512s] Level 1:colcon.colcon_core.package_identification:_identify(src/robot_description) by extension 'ignore_ament_install'
[7.513s] Level 1:colcon.colcon_core.package_identification:_identify(src/robot_description) by extensions ['colcon_pkg']
[7.513s] Level 1:colcon.colcon_core.package_identification:_identify(src/robot_description) by extension 'colcon_pkg'
[7.514s] Level 1:colcon.colcon_core.package_identification:_identify(src/robot_description) by extensions ['colcon_meta']
[7.514s] Level 1:colcon.colcon_core.package_identification:_identify(src/robot_description) by extension 'colcon_meta'
[7.514s] Level 1:colcon.colcon_core.package_identification:_identify(src/robot_description) by extensions ['ros']
[7.515s] Level 1:colcon.colcon_core.package_identification:_identify(src/robot_description) by extension 'ros'
[7.518s] DEBUG:colcon.colcon_core.package_identification:Package 'src/robot_description' with type 'ros.ament_python' and name 'robot_description'
[7.519s] Level 1:colcon.colcon_core.package_identification:_identify(src/robot_interfaces) by extensions ['ignore', 'ignore_ament_install']
[7.519s] Level 1:colcon.colcon_core.package_identification:_identify(src/robot_interfaces) by extension 'ignore'
[7.519s] Level 1:colcon.colcon_core.package_identification:_identify(src/robot_interfaces) by extension 'ignore_ament_install'
[7.520s] Level 1:colcon.colcon_core.package_identification:_identify(src/robot_interfaces) by extensions ['colcon_pkg']
[7.520s] Level 1:colcon.colcon_core.package_identification:_identify(src/robot_interfaces) by extension 'colcon_pkg'
[7.520s] Level 1:colcon.colcon_core.package_identification:_identify(src/robot_interfaces) by extensions ['colcon_meta']
[7.520s] Level 1:colcon.colcon_core.package_identification:_identify(src/robot_interfaces) by extension 'colcon_meta'
[7.521s] Level 1:colcon.colcon_core.package_identification:_identify(src/robot_interfaces) by extensions ['ros']
[7.521s] Level 1:colcon.colcon_core.package_identification:_identify(src/robot_interfaces) by extension 'ros'
[7.523s] DEBUG:colcon.colcon_core.package_identification:Package 'src/robot_interfaces' with type 'ros.ament_cmake' and name 'robot_interfaces'
[7.525s] Level 1:colcon.colcon_core.package_identification:_identify(src/rplidar_ros) by extensions ['ignore', 'ignore_ament_install']
[7.525s] Level 1:colcon.colcon_core.package_identification:_identify(src/rplidar_ros) by extension 'ignore'
[7.526s] Level 1:colcon.colcon_core.package_identification:_identify(src/rplidar_ros) by extension 'ignore_ament_install'
[7.527s] Level 1:colcon.colcon_core.package_identification:_identify(src/rplidar_ros) by extensions ['colcon_pkg']
[7.527s] Level 1:colcon.colcon_core.package_identification:_identify(src/rplidar_ros) by extension 'colcon_pkg'
[7.527s] Level 1:colcon.colcon_core.package_identification:_identify(src/rplidar_ros) by extensions ['colcon_meta']
[7.528s] Level 1:colcon.colcon_core.package_identification:_identify(src/rplidar_ros) by extension 'colcon_meta'
[7.528s] Level 1:colcon.colcon_core.package_identification:_identify(src/rplidar_ros) by extensions ['ros']
[7.529s] Level 1:colcon.colcon_core.package_identification:_identify(src/rplidar_ros) by extension 'ros'
[7.532s] DEBUG:colcon.colcon_core.package_identification:Package 'src/rplidar_ros' with type 'ros.ament_cmake' and name 'rplidar_ros'
[7.532s] Level 1:colcon.colcon_core.package_discovery:discover_packages(recursive) using defaults
[7.533s] Level 1:colcon.colcon_core.package_discovery:discover_packages(ignore) discover
[7.533s] Level 1:colcon.colcon_core.package_discovery:discover_packages(ignore) using defaults
[7.533s] Level 1:colcon.colcon_core.package_discovery:discover_packages(path) discover
[7.534s] Level 1:colcon.colcon_core.package_discovery:discover_packages(path) using defaults
[7.967s] INFO:colcon.colcon_core.package_selection:Skipping not selected package 'robot' in 'src/robot'
[7.968s] INFO:colcon.colcon_core.package_selection:Skipping not selected package 'robot_description' in 'src/robot_description'
[7.968s] INFO:colcon.colcon_core.package_selection:Skipping not selected package 'robot_interfaces' in 'src/robot_interfaces'
[7.968s] INFO:colcon.colcon_core.package_selection:Skipping not selected package 'rplidar_ros' in 'src/rplidar_ros'
[8.179s] Level 1:colcon.colcon_core.package_discovery:discover_packages(prefix_path) check parameters
[8.179s] Level 1:colcon.colcon_core.package_discovery:discover_packages(prefix_path) discover
[8.400s] DEBUG:colcon.colcon_installed_package_information.package_discovery:Found 5 installed packages in /home/scott/alpha_ws/install
[8.512s] DEBUG:colcon.colcon_installed_package_information.package_discovery:Found 320 installed packages in /opt/ros/humble
[8.522s] Level 1:colcon.colcon_core.package_discovery:discover_packages(prefix_path) using defaults
[9.181s] Level 5:colcon.colcon_core.verb:set package 'robot_bringup' build argument 'cmake_args' from command line to 'None'
[9.181s] Level 5:colcon.colcon_core.verb:set package 'robot_bringup' build argument 'cmake_target' from command line to 'None'
[9.181s] Level 5:colcon.colcon_core.verb:set package 'robot_bringup' build argument 'cmake_target_skip_unavailable' from command line to 'False'
[9.181s] Level 5:colcon.colcon_core.verb:set package 'robot_bringup' build argument 'cmake_clean_cache' from command line to 'False'
[9.182s] Level 5:colcon.colcon_core.verb:set package 'robot_bringup' build argument 'cmake_clean_first' from command line to 'False'
[9.182s] Level 5:colcon.colcon_core.verb:set package 'robot_bringup' build argument 'cmake_force_configure' from command line to 'False'
[9.182s] Level 5:colcon.colcon_core.verb:set package 'robot_bringup' build argument 'ament_cmake_args' from command line to 'None'
[9.182s] Level 5:colcon.colcon_core.verb:set package 'robot_bringup' build argument 'catkin_cmake_args' from command line to 'None'
[9.182s] Level 5:colcon.colcon_core.verb:set package 'robot_bringup' build argument 'catkin_skip_building_tests' from command line to 'False'
[9.183s] DEBUG:colcon.colcon_core.verb:Building package 'robot_bringup' with the following arguments: {'ament_cmake_args': None, 'build_base': '/home/scott/alpha_ws/build/robot_bringup', 'catkin_cmake_args': None, 'catkin_skip_building_tests': False, 'cmake_args': None, 'cmake_clean_cache': False, 'cmake_clean_first': False, 'cmake_force_configure': False, 'cmake_target': None, 'cmake_target_skip_unavailable': False, 'install_base': '/home/scott/alpha_ws/install/robot_bringup', 'merge_install': False, 'path': '/home/scott/alpha_ws/src/robot_bringup', 'symlink_install': False, 'test_result_base': None}
[9.288s] INFO:colcon.colcon_core.executor:Executing jobs using 'parallel' executor
[9.393s] DEBUG:colcon.colcon_parallel_executor.executor.parallel:run_until_complete
[9.394s] INFO:colcon.colcon_ros.task.ament_python.build:Building ROS package in '/home/scott/alpha_ws/src/robot_bringup' with build type 'ament_python'
[9.397s] Level 1:colcon.colcon_core.shell:create_environment_hook('robot_bringup', 'ament_prefix_path')
[9.560s] INFO:colcon.colcon_core.plugin_system:Skipping extension 'colcon_core.shell.bat': Not used on non-Windows systems
[9.561s] INFO:colcon.colcon_core.shell:Creating environment hook '/home/scott/alpha_ws/install/robot_bringup/share/robot_bringup/hook/ament_prefix_path.ps1'
[9.565s] INFO:colcon.colcon_core.shell:Creating environment descriptor '/home/scott/alpha_ws/install/robot_bringup/share/robot_bringup/hook/ament_prefix_path.dsv'
[9.568s] INFO:colcon.colcon_core.shell:Creating environment hook '/home/scott/alpha_ws/install/robot_bringup/share/robot_bringup/hook/ament_prefix_path.sh'
[9.685s] INFO:colcon.colcon_core.shell:Skip shell extension 'powershell' for command environment: Not usable outside of PowerShell
[9.685s] DEBUG:colcon.colcon_core.shell:Skip shell extension 'dsv' for command environment
[12.064s] INFO:colcon.colcon_core.task.python.build:Building Python package in '/home/scott/alpha_ws/src/robot_bringup'
[12.186s] INFO:colcon.colcon_core.shell:Skip shell extension 'powershell' for command environment: Not usable outside of PowerShell
[12.186s] DEBUG:colcon.colcon_core.shell:Skip shell extension 'dsv' for command environment
[15.038s] DEBUG:colcon.colcon_core.event_handler.log_command:Invoking command in '/home/scott/alpha_ws/src/robot_bringup': PYTHONPATH=/home/scott/alpha_ws/build/robot_bringup/prefix_override:/home/scott/alpha_ws/install/robot_bringup/lib/python3.10/site-packages:${PYTHONPATH} /usr/bin/python3 setup.py egg_info --egg-base ../../build/robot_bringup build --build-base /home/scott/alpha_ws/build/robot_bringup/build install --record /home/scott/alpha_ws/build/robot_bringup/install.log --single-version-externally-managed
[17.259s] DEBUG:colcon.colcon_core.event_handler.log_command:Invoked command in '/home/scott/alpha_ws/src/robot_bringup' returned '0': PYTHONPATH=/home/scott/alpha_ws/build/robot_bringup/prefix_override:/home/scott/alpha_ws/install/robot_bringup/lib/python3.10/site-packages:${PYTHONPATH} /usr/bin/python3 setup.py egg_info --egg-base ../../build/robot_bringup build --build-base /home/scott/alpha_ws/build/robot_bringup/build install --record /home/scott/alpha_ws/build/robot_bringup/install.log --single-version-externally-managed
[17.391s] Level 1:colcon.colcon_core.environment:checking '/home/scott/alpha_ws/install/robot_bringup' for CMake module files
[17.394s] Level 1:colcon.colcon_core.environment:checking '/home/scott/alpha_ws/install/robot_bringup' for CMake config files
[17.400s] Level 1:colcon.colcon_core.environment:checking '/home/scott/alpha_ws/install/robot_bringup/lib'
[17.401s] Level 1:colcon.colcon_core.environment:checking '/home/scott/alpha_ws/install/robot_bringup/bin'
[17.402s] Level 1:colcon.colcon_core.environment:checking '/home/scott/alpha_ws/install/robot_bringup/lib/pkgconfig/robot_bringup.pc'
[17.403s] Level 1:colcon.colcon_core.environment:checking '/home/scott/alpha_ws/install/robot_bringup/lib/python3.10/site-packages'
[17.404s] Level 1:colcon.colcon_core.shell:create_environment_hook('robot_bringup', 'pythonpath')
[17.523s] INFO:colcon.colcon_core.shell:Creating environment hook '/home/scott/alpha_ws/install/robot_bringup/share/robot_bringup/hook/pythonpath.ps1'
[17.527s] INFO:colcon.colcon_core.shell:Creating environment descriptor '/home/scott/alpha_ws/install/robot_bringup/share/robot_bringup/hook/pythonpath.dsv'
[17.529s] INFO:colcon.colcon_core.shell:Creating environment hook '/home/scott/alpha_ws/install/robot_bringup/share/robot_bringup/hook/pythonpath.sh'
[17.533s] Level 1:colcon.colcon_core.environment:checking '/home/scott/alpha_ws/install/robot_bringup/bin'
[17.534s] Level 1:colcon.colcon_core.environment:create_environment_scripts_only(robot_bringup)
[17.656s] INFO:colcon.colcon_core.shell:Creating package script '/home/scott/alpha_ws/install/robot_bringup/share/robot_bringup/package.ps1'
[17.661s] INFO:colcon.colcon_core.shell:Creating package descriptor '/home/scott/alpha_ws/install/robot_bringup/share/robot_bringup/package.dsv'
[17.665s] INFO:colcon.colcon_core.shell:Creating package script '/home/scott/alpha_ws/install/robot_bringup/share/robot_bringup/package.sh'
[17.669s] INFO:colcon.colcon_core.shell:Creating package script '/home/scott/alpha_ws/install/robot_bringup/share/robot_bringup/package.bash'
[17.673s] INFO:colcon.colcon_core.shell:Creating package script '/home/scott/alpha_ws/install/robot_bringup/share/robot_bringup/package.zsh'
[17.678s] Level 1:colcon.colcon_core.environment:create_file_with_runtime_dependencies(/home/scott/alpha_ws/install/robot_bringup/share/colcon-core/packages/robot_bringup)
[17.679s] DEBUG:colcon.colcon_parallel_executor.executor.parallel:closing loop
[17.681s] DEBUG:colcon.colcon_parallel_executor.executor.parallel:loop closed
[17.682s] DEBUG:colcon.colcon_parallel_executor.executor.parallel:run_until_complete finished with '0'
[17.682s] DEBUG:colcon.colcon_core.event_reactor:joining thread
[17.897s] INFO:colcon.colcon_core.plugin_system:Skipping extension 'colcon_notification.desktop_notification.terminal_notifier': Not used on non-Darwin systems
[17.898s] INFO:colcon.colcon_core.plugin_system:Skipping extension 'colcon_notification.desktop_notification.win32': Not used on non-Windows systems
[17.898s] INFO:colcon.colcon_notification.desktop_notification:Sending desktop notification using 'notify2'
[17.977s] DEBUG:colcon.colcon_core.event_reactor:joined thread
[18.165s] INFO:colcon.colcon_core.shell:Creating prefix script '/home/scott/alpha_ws/install/local_setup.ps1'
[18.172s] INFO:colcon.colcon_core.shell:Creating prefix util module '/home/scott/alpha_ws/install/_local_setup_util_ps1.py'
[18.181s] INFO:colcon.colcon_core.shell:Creating prefix chain script '/home/scott/alpha_ws/install/setup.ps1'
[18.292s] INFO:colcon.colcon_core.shell:Creating prefix script '/home/scott/alpha_ws/install/local_setup.sh'
[18.296s] INFO:colcon.colcon_core.shell:Creating prefix util module '/home/scott/alpha_ws/install/_local_setup_util_sh.py'
[18.299s] INFO:colcon.colcon_core.shell:Creating prefix chain script '/home/scott/alpha_ws/install/setup.sh'
[18.413s] INFO:colcon.colcon_core.shell:Creating prefix script '/home/scott/alpha_ws/install/local_setup.bash'
[18.417s] INFO:colcon.colcon_core.shell:Creating prefix chain script '/home/scott/alpha_ws/install/setup.bash'
[18.527s] INFO:colcon.colcon_core.shell:Creating prefix script '/home/scott/alpha_ws/install/local_setup.zsh'
[18.530s] INFO:colcon.colcon_core.shell:Creating prefix chain script '/home/scott/alpha_ws/install/setup.zsh'
