[2.288s] Invoking command in '/home/jetson/ros2_ws/src/robot': PYTHONPATH=/home/jetson/ros2_ws/build/robot/prefix_override:/home/jetson/ros2_ws/install/robot/lib/python3.8/site-packages:${PYTHONPATH} /usr/bin/python3 setup.py egg_info --egg-base ../../build/robot build --build-base /home/jetson/ros2_ws/build/robot/build install --record /home/jetson/ros2_ws/build/robot/install.log --install-scripts $base/lib/robot --single-version-externally-managed
[3.058s] running egg_info
[3.061s] writing ../../build/robot/robot.egg-info/PKG-INFO
[3.061s] writing dependency_links to ../../build/robot/robot.egg-info/dependency_links.txt
[3.062s] writing entry points to ../../build/robot/robot.egg-info/entry_points.txt
[3.062s] writing requirements to ../../build/robot/robot.egg-info/requires.txt
[3.063s] writing top-level names to ../../build/robot/robot.egg-info/top_level.txt
[3.189s] reading manifest file '../../build/robot/robot.egg-info/SOURCES.txt'
[3.195s] writing manifest file '../../build/robot/robot.egg-info/SOURCES.txt'
[3.196s] running build
[3.196s] running build_py
[3.197s] copying robot/motor_controller.py -> /home/jetson/ros2_ws/build/robot/build/lib/robot
[3.197s] running install
[3.199s] running install_lib
[3.202s] copying /home/jetson/ros2_ws/build/robot/build/lib/robot/motor_controller.py -> /home/jetson/ros2_ws/install/robot/lib/python3.8/site-packages/robot
[3.205s] byte-compiling /home/jetson/ros2_ws/install/robot/lib/python3.8/site-packages/robot/motor_controller.py to motor_controller.cpython-38.pyc
[3.211s] running install_data
[3.212s] running install_egg_info
[3.218s] removing '/home/jetson/ros2_ws/install/robot/lib/python3.8/site-packages/robot-0.0.0-py3.8.egg-info' (and everything under it)
[3.218s] Copying ../../build/robot/robot.egg-info to /home/jetson/ros2_ws/install/robot/lib/python3.8/site-packages/robot-0.0.0-py3.8.egg-info
[3.222s] running install_scripts
[3.278s] Installing encoder_publisher script to /home/jetson/ros2_ws/install/robot/lib/robot
[3.279s] Installing encoder_publisher_left script to /home/jetson/ros2_ws/install/robot/lib/robot
[3.280s] Installing encoder_publisher_right script to /home/jetson/ros2_ws/install/robot/lib/robot
[3.280s] Installing imu_controller script to /home/jetson/ros2_ws/install/robot/lib/robot
[3.281s] Installing motor_controller script to /home/jetson/ros2_ws/install/robot/lib/robot
[3.281s] Installing motor_driver script to /home/jetson/ros2_ws/install/robot/lib/robot
[3.281s] Installing odom_publisher script to /home/jetson/ros2_ws/install/robot/lib/robot
[3.282s] Installing pid_controller script to /home/jetson/ros2_ws/install/robot/lib/robot
[3.282s] Installing velocity_publisher script to /home/jetson/ros2_ws/install/robot/lib/robot
[3.282s] writing list of installed files to '/home/jetson/ros2_ws/build/robot/install.log'
[3.374s] Invoked command in '/home/jetson/ros2_ws/src/robot' returned '0': PYTHONPATH=/home/jetson/ros2_ws/build/robot/prefix_override:/home/jetson/ros2_ws/install/robot/lib/python3.8/site-packages:${PYTHONPATH} /usr/bin/python3 setup.py egg_info --egg-base ../../build/robot build --build-base /home/jetson/ros2_ws/build/robot/build install --record /home/jetson/ros2_ws/build/robot/install.log --install-scripts $base/lib/robot --single-version-externally-managed
