[1.545s] DEBUG:colcon:Command line arguments: ['/usr/bin/colcon', 'build', '--packages-select', 'robot_description']
[1.546s] DEBUG:colcon:Parsed command line arguments: Namespace(allow_overriding=[], ament_cmake_args=None, base_paths=['.'], build_base='build', catkin_cmake_args=None, catkin_skip_building_tests=False, cmake_args=None, cmake_clean_cache=False, cmake_clean_first=False, cmake_force_configure=False, cmake_target=None, cmake_target_skip_unavailable=False, continue_on_error=False, event_handlers=None, executor='parallel', ignore_user_meta=False, install_base='install', log_base=None, log_level=None, main=<bound method BuildVerb.main of <colcon_core.verb.build.BuildVerb object at 0x7fafa390a0>>, merge_install=False, metas=['./colcon.meta'], packages_above=None, packages_above_and_dependencies=None, packages_above_depth=None, packages_end=None, packages_ignore=None, packages_ignore_regex=None, packages_select=['robot_description'], packages_select_build_failed=False, packages_select_by_dep=None, packages_select_regex=None, packages_select_test_failures=False, packages_skip=None, packages_skip_build_finished=False, packages_skip_by_dep=None, packages_skip_regex=None, packages_skip_test_passed=False, packages_skip_up_to=None, packages_start=None, packages_up_to=None, packages_up_to_regex=None, parallel_workers=4, paths=None, symlink_install=False, test_result_base=None, verb_extension=<colcon_core.verb.build.BuildVerb object at 0x7fafa390a0>, verb_name='build', verb_parser=<colcon_defaults.argument_parser.defaults.DefaultArgumentsDecorator object at 0x7fafa395e0>)
[1.713s] Level 1:colcon.colcon_core.package_discovery:discover_packages(colcon_meta) check parameters
[1.714s] Level 1:colcon.colcon_core.package_discovery:discover_packages(recursive) check parameters
[1.714s] Level 1:colcon.colcon_core.package_discovery:discover_packages(ignore) check parameters
[1.714s] Level 1:colcon.colcon_core.package_discovery:discover_packages(path) check parameters
[1.714s] Level 1:colcon.colcon_core.package_discovery:discover_packages(colcon_meta) discover
[1.715s] Level 1:colcon.colcon_core.package_discovery:discover_packages(recursive) discover
[1.715s] INFO:colcon.colcon_core.package_discovery:Crawling recursively for packages in '/home/jetson/ros2_ws'
[1.715s] Level 1:colcon.colcon_core.package_identification:_identify(.) by extensions ['ignore', 'ignore_ament_install']
[1.716s] Level 1:colcon.colcon_core.package_identification:_identify(.) by extension 'ignore'
[1.716s] Level 1:colcon.colcon_core.package_identification:_identify(.) by extension 'ignore_ament_install'
[1.716s] Level 1:colcon.colcon_core.package_identification:_identify(.) by extensions ['colcon_pkg']
[1.716s] Level 1:colcon.colcon_core.package_identification:_identify(.) by extension 'colcon_pkg'
[1.717s] Level 1:colcon.colcon_core.package_identification:_identify(.) by extensions ['colcon_meta']
[1.717s] Level 1:colcon.colcon_core.package_identification:_identify(.) by extension 'colcon_meta'
[1.717s] Level 1:colcon.colcon_core.package_identification:_identify(.) by extensions ['ros']
[1.717s] Level 1:colcon.colcon_core.package_identification:_identify(.) by extension 'ros'
[1.813s] Level 1:colcon.colcon_core.package_identification:_identify(.) by extensions ['cmake', 'python']
[1.813s] Level 1:colcon.colcon_core.package_identification:_identify(.) by extension 'cmake'
[1.814s] Level 1:colcon.colcon_core.package_identification:_identify(.) by extension 'python'
[1.814s] Level 1:colcon.colcon_core.package_identification:_identify(.) by extensions ['python_setup_py']
[1.814s] Level 1:colcon.colcon_core.package_identification:_identify(.) by extension 'python_setup_py'
[1.814s] Level 1:colcon.colcon_core.package_identification:_identify(build) by extensions ['ignore', 'ignore_ament_install']
[1.815s] Level 1:colcon.colcon_core.package_identification:_identify(build) by extension 'ignore'
[1.815s] Level 1:colcon.colcon_core.package_identification:_identify(build) ignored
[1.816s] Level 1:colcon.colcon_core.package_identification:_identify(install) by extensions ['ignore', 'ignore_ament_install']
[1.816s] Level 1:colcon.colcon_core.package_identification:_identify(install) by extension 'ignore'
[1.816s] Level 1:colcon.colcon_core.package_identification:_identify(install) ignored
[1.816s] Level 1:colcon.colcon_core.package_identification:_identify(log) by extensions ['ignore', 'ignore_ament_install']
[1.817s] Level 1:colcon.colcon_core.package_identification:_identify(log) by extension 'ignore'
[1.817s] Level 1:colcon.colcon_core.package_identification:_identify(log) ignored
[1.817s] Level 1:colcon.colcon_core.package_identification:_identify(src) by extensions ['ignore', 'ignore_ament_install']
[1.817s] Level 1:colcon.colcon_core.package_identification:_identify(src) by extension 'ignore'
[1.817s] Level 1:colcon.colcon_core.package_identification:_identify(src) by extension 'ignore_ament_install'
[1.818s] Level 1:colcon.colcon_core.package_identification:_identify(src) by extensions ['colcon_pkg']
[1.818s] Level 1:colcon.colcon_core.package_identification:_identify(src) by extension 'colcon_pkg'
[1.818s] Level 1:colcon.colcon_core.package_identification:_identify(src) by extensions ['colcon_meta']
[1.818s] Level 1:colcon.colcon_core.package_identification:_identify(src) by extension 'colcon_meta'
[1.818s] Level 1:colcon.colcon_core.package_identification:_identify(src) by extensions ['ros']
[1.818s] Level 1:colcon.colcon_core.package_identification:_identify(src) by extension 'ros'
[1.819s] Level 1:colcon.colcon_core.package_identification:_identify(src) by extensions ['cmake', 'python']
[1.819s] Level 1:colcon.colcon_core.package_identification:_identify(src) by extension 'cmake'
[1.819s] Level 1:colcon.colcon_core.package_identification:_identify(src) by extension 'python'
[1.819s] Level 1:colcon.colcon_core.package_identification:_identify(src) by extensions ['python_setup_py']
[1.819s] Level 1:colcon.colcon_core.package_identification:_identify(src) by extension 'python_setup_py'
[1.820s] Level 1:colcon.colcon_core.package_identification:_identify(src/robot) by extensions ['ignore', 'ignore_ament_install']
[1.820s] Level 1:colcon.colcon_core.package_identification:_identify(src/robot) by extension 'ignore'
[1.820s] Level 1:colcon.colcon_core.package_identification:_identify(src/robot) by extension 'ignore_ament_install'
[1.821s] Level 1:colcon.colcon_core.package_identification:_identify(src/robot) by extensions ['colcon_pkg']
[1.821s] Level 1:colcon.colcon_core.package_identification:_identify(src/robot) by extension 'colcon_pkg'
[1.821s] Level 1:colcon.colcon_core.package_identification:_identify(src/robot) by extensions ['colcon_meta']
[1.821s] Level 1:colcon.colcon_core.package_identification:_identify(src/robot) by extension 'colcon_meta'
[1.821s] Level 1:colcon.colcon_core.package_identification:_identify(src/robot) by extensions ['ros']
[1.821s] Level 1:colcon.colcon_core.package_identification:_identify(src/robot) by extension 'ros'
[1.833s] DEBUG:colcon.colcon_core.package_identification:Package 'src/robot' with type 'ros.ament_python' and name 'robot'
[1.834s] Level 1:colcon.colcon_core.package_identification:_identify(src/robot_bringup) by extensions ['ignore', 'ignore_ament_install']
[1.834s] Level 1:colcon.colcon_core.package_identification:_identify(src/robot_bringup) by extension 'ignore'
[1.834s] Level 1:colcon.colcon_core.package_identification:_identify(src/robot_bringup) by extension 'ignore_ament_install'
[1.835s] Level 1:colcon.colcon_core.package_identification:_identify(src/robot_bringup) by extensions ['colcon_pkg']
[1.835s] Level 1:colcon.colcon_core.package_identification:_identify(src/robot_bringup) by extension 'colcon_pkg'
[1.835s] Level 1:colcon.colcon_core.package_identification:_identify(src/robot_bringup) by extensions ['colcon_meta']
[1.835s] Level 1:colcon.colcon_core.package_identification:_identify(src/robot_bringup) by extension 'colcon_meta'
[1.835s] Level 1:colcon.colcon_core.package_identification:_identify(src/robot_bringup) by extensions ['ros']
[1.835s] Level 1:colcon.colcon_core.package_identification:_identify(src/robot_bringup) by extension 'ros'
[1.838s] DEBUG:colcon.colcon_core.package_identification:Package 'src/robot_bringup' with type 'ros.ament_python' and name 'robot_bringup'
[1.838s] Level 1:colcon.colcon_core.package_identification:_identify(src/robot_description) by extensions ['ignore', 'ignore_ament_install']
[1.839s] Level 1:colcon.colcon_core.package_identification:_identify(src/robot_description) by extension 'ignore'
[1.839s] Level 1:colcon.colcon_core.package_identification:_identify(src/robot_description) by extension 'ignore_ament_install'
[1.839s] Level 1:colcon.colcon_core.package_identification:_identify(src/robot_description) by extensions ['colcon_pkg']
[1.839s] Level 1:colcon.colcon_core.package_identification:_identify(src/robot_description) by extension 'colcon_pkg'
[1.840s] Level 1:colcon.colcon_core.package_identification:_identify(src/robot_description) by extensions ['colcon_meta']
[1.840s] Level 1:colcon.colcon_core.package_identification:_identify(src/robot_description) by extension 'colcon_meta'
[1.840s] Level 1:colcon.colcon_core.package_identification:_identify(src/robot_description) by extensions ['ros']
[1.840s] Level 1:colcon.colcon_core.package_identification:_identify(src/robot_description) by extension 'ros'
[1.844s] DEBUG:colcon.colcon_core.package_identification:Package 'src/robot_description' with type 'ros.ament_python' and name 'robot_description'
[1.844s] Level 1:colcon.colcon_core.package_identification:_identify(src/robot_interfaces) by extensions ['ignore', 'ignore_ament_install']
[1.845s] Level 1:colcon.colcon_core.package_identification:_identify(src/robot_interfaces) by extension 'ignore'
[1.845s] Level 1:colcon.colcon_core.package_identification:_identify(src/robot_interfaces) by extension 'ignore_ament_install'
[1.845s] Level 1:colcon.colcon_core.package_identification:_identify(src/robot_interfaces) by extensions ['colcon_pkg']
[1.846s] Level 1:colcon.colcon_core.package_identification:_identify(src/robot_interfaces) by extension 'colcon_pkg'
[1.846s] Level 1:colcon.colcon_core.package_identification:_identify(src/robot_interfaces) by extensions ['colcon_meta']
[1.846s] Level 1:colcon.colcon_core.package_identification:_identify(src/robot_interfaces) by extension 'colcon_meta'
[1.846s] Level 1:colcon.colcon_core.package_identification:_identify(src/robot_interfaces) by extensions ['ros']
[1.846s] Level 1:colcon.colcon_core.package_identification:_identify(src/robot_interfaces) by extension 'ros'
[1.849s] DEBUG:colcon.colcon_core.package_identification:Package 'src/robot_interfaces' with type 'ros.ament_cmake' and name 'robot_interfaces'
[1.849s] Level 1:colcon.colcon_core.package_discovery:discover_packages(recursive) using defaults
[1.850s] Level 1:colcon.colcon_core.package_discovery:discover_packages(ignore) discover
[1.850s] Level 1:colcon.colcon_core.package_discovery:discover_packages(ignore) using defaults
[1.850s] Level 1:colcon.colcon_core.package_discovery:discover_packages(path) discover
[1.850s] Level 1:colcon.colcon_core.package_discovery:discover_packages(path) using defaults
[1.958s] INFO:colcon.colcon_core.package_selection:Skipping not selected package 'robot' in 'src/robot'
[1.958s] INFO:colcon.colcon_core.package_selection:Skipping not selected package 'robot_bringup' in 'src/robot_bringup'
[1.958s] INFO:colcon.colcon_core.package_selection:Skipping not selected package 'robot_interfaces' in 'src/robot_interfaces'
[1.963s] Level 1:colcon.colcon_core.package_discovery:discover_packages(prefix_path) check parameters
[1.963s] Level 1:colcon.colcon_core.package_discovery:discover_packages(prefix_path) discover
[1.984s] DEBUG:colcon.colcon_installed_package_information.package_discovery:Found 4 installed packages in /home/jetson/ros2_ws/install
[1.994s] DEBUG:colcon.colcon_installed_package_information.package_discovery:Found 333 installed packages in /opt/ros/foxy
[2.003s] Level 1:colcon.colcon_core.package_discovery:discover_packages(prefix_path) using defaults
[2.624s] Level 5:colcon.colcon_core.verb:set package 'robot_description' build argument 'cmake_args' from command line to 'None'
[2.624s] Level 5:colcon.colcon_core.verb:set package 'robot_description' build argument 'cmake_target' from command line to 'None'
[2.624s] Level 5:colcon.colcon_core.verb:set package 'robot_description' build argument 'cmake_target_skip_unavailable' from command line to 'False'
[2.624s] Level 5:colcon.colcon_core.verb:set package 'robot_description' build argument 'cmake_clean_cache' from command line to 'False'
[2.624s] Level 5:colcon.colcon_core.verb:set package 'robot_description' build argument 'cmake_clean_first' from command line to 'False'
[2.624s] Level 5:colcon.colcon_core.verb:set package 'robot_description' build argument 'cmake_force_configure' from command line to 'False'
[2.625s] Level 5:colcon.colcon_core.verb:set package 'robot_description' build argument 'ament_cmake_args' from command line to 'None'
[2.625s] Level 5:colcon.colcon_core.verb:set package 'robot_description' build argument 'catkin_cmake_args' from command line to 'None'
[2.625s] Level 5:colcon.colcon_core.verb:set package 'robot_description' build argument 'catkin_skip_building_tests' from command line to 'False'
[2.625s] DEBUG:colcon.colcon_core.verb:Building package 'robot_description' with the following arguments: {'ament_cmake_args': None, 'build_base': '/home/jetson/ros2_ws/build/robot_description', 'catkin_cmake_args': None, 'catkin_skip_building_tests': False, 'cmake_args': None, 'cmake_clean_cache': False, 'cmake_clean_first': False, 'cmake_force_configure': False, 'cmake_target': None, 'cmake_target_skip_unavailable': False, 'install_base': '/home/jetson/ros2_ws/install/robot_description', 'merge_install': False, 'path': '/home/jetson/ros2_ws/src/robot_description', 'symlink_install': False, 'test_result_base': None}
[2.628s] INFO:colcon.colcon_core.executor:Executing jobs using 'parallel' executor
[2.642s] DEBUG:colcon.colcon_parallel_executor.executor.parallel:run_until_complete
[2.644s] INFO:colcon.colcon_ros.task.ament_python.build:Building ROS package in '/home/jetson/ros2_ws/src/robot_description' with build type 'ament_python'
[2.645s] Level 1:colcon.colcon_core.shell:create_environment_hook('robot_description', 'ament_prefix_path')
[2.678s] INFO:colcon.colcon_core.plugin_system:Skipping extension 'colcon_core.shell.bat': Not used on non-Windows systems
[2.679s] INFO:colcon.colcon_core.shell:Creating environment hook '/home/jetson/ros2_ws/install/robot_description/share/robot_description/hook/ament_prefix_path.ps1'
[2.682s] INFO:colcon.colcon_core.shell:Creating environment descriptor '/home/jetson/ros2_ws/install/robot_description/share/robot_description/hook/ament_prefix_path.dsv'
[2.685s] INFO:colcon.colcon_core.shell:Creating environment hook '/home/jetson/ros2_ws/install/robot_description/share/robot_description/hook/ament_prefix_path.sh'
[2.694s] INFO:colcon.colcon_core.shell:Skip shell extension 'powershell' for command environment: Not usable outside of PowerShell
[2.694s] DEBUG:colcon.colcon_core.shell:Skip shell extension 'dsv' for command environment
[3.740s] INFO:colcon.colcon_core.task.python.build:Building Python package in '/home/jetson/ros2_ws/src/robot_description'
[3.748s] INFO:colcon.colcon_core.shell:Skip shell extension 'powershell' for command environment: Not usable outside of PowerShell
[3.748s] DEBUG:colcon.colcon_core.shell:Skip shell extension 'dsv' for command environment
[5.615s] DEBUG:colcon.colcon_core.event_handler.log_command:Invoking command in '/home/jetson/ros2_ws/src/robot_description': PYTHONPATH=/home/jetson/ros2_ws/build/robot_description/prefix_override:/home/jetson/ros2_ws/install/robot_description/lib/python3.8/site-packages:${PYTHONPATH} /usr/bin/python3 setup.py egg_info --egg-base ../../build/robot_description build --build-base /home/jetson/ros2_ws/build/robot_description/build install --record /home/jetson/ros2_ws/build/robot_description/install.log --install-scripts $base/lib/robot_description --single-version-externally-managed
[6.901s] DEBUG:colcon.colcon_core.event_handler.log_command:Invoked command in '/home/jetson/ros2_ws/src/robot_description' returned '0': PYTHONPATH=/home/jetson/ros2_ws/build/robot_description/prefix_override:/home/jetson/ros2_ws/install/robot_description/lib/python3.8/site-packages:${PYTHONPATH} /usr/bin/python3 setup.py egg_info --egg-base ../../build/robot_description build --build-base /home/jetson/ros2_ws/build/robot_description/build install --record /home/jetson/ros2_ws/build/robot_description/install.log --install-scripts $base/lib/robot_description --single-version-externally-managed
[6.935s] Level 1:colcon.colcon_core.environment:checking '/home/jetson/ros2_ws/install/robot_description' for CMake module files
[6.937s] Level 1:colcon.colcon_core.environment:checking '/home/jetson/ros2_ws/install/robot_description' for CMake config files
[6.941s] Level 1:colcon.colcon_core.environment:checking '/home/jetson/ros2_ws/install/robot_description/lib'
[6.942s] Level 1:colcon.colcon_core.environment:checking '/home/jetson/ros2_ws/install/robot_description/bin'
[6.942s] Level 1:colcon.colcon_core.environment:checking '/home/jetson/ros2_ws/install/robot_description/lib/pkgconfig/robot_description.pc'
[6.943s] Level 1:colcon.colcon_core.environment:checking '/home/jetson/ros2_ws/install/robot_description/lib/python3.8/site-packages'
[6.943s] Level 1:colcon.colcon_core.shell:create_environment_hook('robot_description', 'pythonpath')
[6.950s] INFO:colcon.colcon_core.shell:Creating environment hook '/home/jetson/ros2_ws/install/robot_description/share/robot_description/hook/pythonpath.ps1'
[6.952s] INFO:colcon.colcon_core.shell:Creating environment descriptor '/home/jetson/ros2_ws/install/robot_description/share/robot_description/hook/pythonpath.dsv'
[6.953s] INFO:colcon.colcon_core.shell:Creating environment hook '/home/jetson/ros2_ws/install/robot_description/share/robot_description/hook/pythonpath.sh'
[6.954s] Level 1:colcon.colcon_core.environment:checking '/home/jetson/ros2_ws/install/robot_description/bin'
[6.955s] Level 1:colcon.colcon_core.environment:create_environment_scripts_only(robot_description)
[6.961s] INFO:colcon.colcon_core.shell:Creating package script '/home/jetson/ros2_ws/install/robot_description/share/robot_description/package.ps1'
[6.966s] INFO:colcon.colcon_core.shell:Creating package descriptor '/home/jetson/ros2_ws/install/robot_description/share/robot_description/package.dsv'
[6.970s] INFO:colcon.colcon_core.shell:Creating package script '/home/jetson/ros2_ws/install/robot_description/share/robot_description/package.sh'
[6.975s] INFO:colcon.colcon_core.shell:Creating package script '/home/jetson/ros2_ws/install/robot_description/share/robot_description/package.bash'
[6.980s] INFO:colcon.colcon_core.shell:Creating package script '/home/jetson/ros2_ws/install/robot_description/share/robot_description/package.zsh'
[6.985s] Level 1:colcon.colcon_core.environment:create_file_with_runtime_dependencies(/home/jetson/ros2_ws/install/robot_description/share/colcon-core/packages/robot_description)
[6.986s] DEBUG:colcon.colcon_parallel_executor.executor.parallel:closing loop
[6.987s] DEBUG:colcon.colcon_parallel_executor.executor.parallel:loop closed
[6.988s] DEBUG:colcon.colcon_parallel_executor.executor.parallel:run_until_complete finished with '0'
[6.988s] DEBUG:colcon.colcon_core.event_reactor:joining thread
[7.023s] INFO:colcon.colcon_core.plugin_system:Skipping extension 'colcon_notification.desktop_notification.terminal_notifier': Not used on non-Darwin systems
[7.024s] INFO:colcon.colcon_core.plugin_system:Skipping extension 'colcon_notification.desktop_notification.win32': Not used on non-Windows systems
[7.024s] INFO:colcon.colcon_notification.desktop_notification:Sending desktop notification using 'notify2'
[7.084s] DEBUG:colcon.colcon_core.event_reactor:joined thread
[7.091s] INFO:colcon.colcon_core.shell:Creating prefix script '/home/jetson/ros2_ws/install/local_setup.ps1'
[7.097s] INFO:colcon.colcon_core.shell:Creating prefix util module '/home/jetson/ros2_ws/install/_local_setup_util_ps1.py'
[7.104s] INFO:colcon.colcon_core.shell:Creating prefix chain script '/home/jetson/ros2_ws/install/setup.ps1'
[7.111s] INFO:colcon.colcon_core.shell:Creating prefix script '/home/jetson/ros2_ws/install/local_setup.sh'
[7.115s] INFO:colcon.colcon_core.shell:Creating prefix util module '/home/jetson/ros2_ws/install/_local_setup_util_sh.py'
[7.116s] INFO:colcon.colcon_core.shell:Creating prefix chain script '/home/jetson/ros2_ws/install/setup.sh'
[7.131s] INFO:colcon.colcon_core.shell:Creating prefix script '/home/jetson/ros2_ws/install/local_setup.bash'
[7.135s] INFO:colcon.colcon_core.shell:Creating prefix chain script '/home/jetson/ros2_ws/install/setup.bash'
[7.143s] INFO:colcon.colcon_core.shell:Creating prefix script '/home/jetson/ros2_ws/install/local_setup.zsh'
[7.146s] INFO:colcon.colcon_core.shell:Creating prefix chain script '/home/jetson/ros2_ws/install/setup.zsh'
