[5.355s] Invoking command in '/home/jetson/ros2_ws/src/robot_description': PYTHONPATH=/home/jetson/ros2_ws/build/robot_description/prefix_override:/home/jetson/ros2_ws/install/robot_description/lib/python3.8/site-packages:${PYTHONPATH} /usr/bin/python3 setup.py egg_info --egg-base ../../build/robot_description build --build-base /home/jetson/ros2_ws/build/robot_description/build install --record /home/jetson/ros2_ws/build/robot_description/install.log --install-scripts $base/lib/robot_description --single-version-externally-managed
[6.292s] running egg_info
[6.295s] writing ../../build/robot_description/robot_description.egg-info/PKG-INFO
[6.298s] writing dependency_links to ../../build/robot_description/robot_description.egg-info/dependency_links.txt
[6.298s] writing entry points to ../../build/robot_description/robot_description.egg-info/entry_points.txt
[6.299s] writing requirements to ../../build/robot_description/robot_description.egg-info/requires.txt
[6.300s] writing top-level names to ../../build/robot_description/robot_description.egg-info/top_level.txt
[6.466s] reading manifest file '../../build/robot_description/robot_description.egg-info/SOURCES.txt'
[6.470s] writing manifest file '../../build/robot_description/robot_description.egg-info/SOURCES.txt'
[6.470s] running build
[6.471s] running build_py
[6.486s] running install
[6.490s] running install_lib
[6.495s] running install_data
[6.507s] copying launch/display.launch.py -> /home/jetson/ros2_ws/install/robot_description/share/robot_description/launch
[6.507s] running install_egg_info
[6.513s] removing '/home/jetson/ros2_ws/install/robot_description/lib/python3.8/site-packages/robot_description-0.0.0-py3.8.egg-info' (and everything under it)
[6.514s] Copying ../../build/robot_description/robot_description.egg-info to /home/jetson/ros2_ws/install/robot_description/lib/python3.8/site-packages/robot_description-0.0.0-py3.8.egg-info
[6.518s] running install_scripts
[6.588s] writing list of installed files to '/home/jetson/ros2_ws/build/robot_description/install.log'
[6.747s] Invoked command in '/home/jetson/ros2_ws/src/robot_description' returned '0': PYTHONPATH=/home/jetson/ros2_ws/build/robot_description/prefix_override:/home/jetson/ros2_ws/install/robot_description/lib/python3.8/site-packages:${PYTHONPATH} /usr/bin/python3 setup.py egg_info --egg-base ../../build/robot_description build --build-base /home/jetson/ros2_ws/build/robot_description/build install --record /home/jetson/ros2_ws/build/robot_description/install.log --install-scripts $base/lib/robot_description --single-version-externally-managed
