[3.988s] Invoking command in '/home/scott/alpha_ws/src/robot_bringup': PYTHONPATH=/home/scott/alpha_ws/build/robot_bringup/prefix_override:/home/scott/alpha_ws/install/robot_bringup/lib/python3.10/site-packages:${PYTHONPATH} /usr/bin/python3 setup.py egg_info --egg-base ../../build/robot_bringup build --build-base /home/scott/alpha_ws/build/robot_bringup/build install --record /home/scott/alpha_ws/build/robot_bringup/install.log --single-version-externally-managed
[5.348s] running egg_info
[5.351s] writing ../../build/robot_bringup/robot_bringup.egg-info/PKG-INFO
[5.352s] writing dependency_links to ../../build/robot_bringup/robot_bringup.egg-info/dependency_links.txt
[5.353s] writing entry points to ../../build/robot_bringup/robot_bringup.egg-info/entry_points.txt
[5.354s] writing requirements to ../../build/robot_bringup/robot_bringup.egg-info/requires.txt
[5.355s] writing top-level names to ../../build/robot_bringup/robot_bringup.egg-info/top_level.txt
[5.365s] reading manifest file '../../build/robot_bringup/robot_bringup.egg-info/SOURCES.txt'
[5.367s] adding license file 'LICENSE'
[5.370s] writing manifest file '../../build/robot_bringup/robot_bringup.egg-info/SOURCES.txt'
[5.371s] running build
[5.372s] running build_py
[5.373s] running install
[5.374s] running install_lib
[5.379s] running install_data
[5.383s] copying config/ekf_params.yaml -> /home/scott/alpha_ws/install/robot_bringup/share/robot_bringup/config
[5.384s] running install_egg_info
[5.393s] removing '/home/scott/alpha_ws/install/robot_bringup/lib/python3.10/site-packages/robot_bringup-0.0.0-py3.10.egg-info' (and everything under it)
[5.395s] Copying ../../build/robot_bringup/robot_bringup.egg-info to /home/scott/alpha_ws/install/robot_bringup/lib/python3.10/site-packages/robot_bringup-0.0.0-py3.10.egg-info
[5.401s] running install_scripts
[5.488s] writing list of installed files to '/home/scott/alpha_ws/build/robot_bringup/install.log'
[5.618s] Invoked command in '/home/scott/alpha_ws/src/robot_bringup' returned '0': PYTHONPATH=/home/scott/alpha_ws/build/robot_bringup/prefix_override:/home/scott/alpha_ws/install/robot_bringup/lib/python3.10/site-packages:${PYTHONPATH} /usr/bin/python3 setup.py egg_info --egg-base ../../build/robot_bringup build --build-base /home/scott/alpha_ws/build/robot_bringup/build install --record /home/scott/alpha_ws/build/robot_bringup/install.log --single-version-externally-managed
