[4.927s] Invoking command in '/home/scott/alpha_ws/src/robot_bringup': PYTHONPATH=/home/scott/alpha_ws/build/robot_bringup/prefix_override:/home/scott/alpha_ws/install/robot_bringup/lib/python3.10/site-packages:${PYTHONPATH} /usr/bin/python3 setup.py egg_info --egg-base ../../build/robot_bringup build --build-base /home/scott/alpha_ws/build/robot_bringup/build install --record /home/scott/alpha_ws/build/robot_bringup/install.log --single-version-externally-managed
[6.498s] running egg_info
[6.501s] writing ../../build/robot_bringup/robot_bringup.egg-info/PKG-INFO
[6.504s] writing dependency_links to ../../build/robot_bringup/robot_bringup.egg-info/dependency_links.txt
[6.506s] writing entry points to ../../build/robot_bringup/robot_bringup.egg-info/entry_points.txt
[6.508s] writing requirements to ../../build/robot_bringup/robot_bringup.egg-info/requires.txt
[6.508s] writing top-level names to ../../build/robot_bringup/robot_bringup.egg-info/top_level.txt
[6.518s] reading manifest file '../../build/robot_bringup/robot_bringup.egg-info/SOURCES.txt'
[6.521s] adding license file 'LICENSE'
[6.525s] writing manifest file '../../build/robot_bringup/robot_bringup.egg-info/SOURCES.txt'
[6.527s] running build
[6.528s] running build_py
[6.529s] running install
[6.530s] running install_lib
[6.540s] running install_data
[6.549s] running install_egg_info
[6.559s] removing '/home/scott/alpha_ws/install/robot_bringup/lib/python3.10/site-packages/robot_bringup-0.0.0-py3.10.egg-info' (and everything under it)
[6.569s] Copying ../../build/robot_bringup/robot_bringup.egg-info to /home/scott/alpha_ws/install/robot_bringup/lib/python3.10/site-packages/robot_bringup-0.0.0-py3.10.egg-info
[6.581s] running install_scripts
[6.682s] writing list of installed files to '/home/scott/alpha_ws/build/robot_bringup/install.log'
[6.838s] Invoked command in '/home/scott/alpha_ws/src/robot_bringup' returned '0': PYTHONPATH=/home/scott/alpha_ws/build/robot_bringup/prefix_override:/home/scott/alpha_ws/install/robot_bringup/lib/python3.10/site-packages:${PYTHONPATH} /usr/bin/python3 setup.py egg_info --egg-base ../../build/robot_bringup build --build-base /home/scott/alpha_ws/build/robot_bringup/build install --record /home/scott/alpha_ws/build/robot_bringup/install.log --single-version-externally-managed
