[4.304s] Invoking command in '/home/scott/alpha_ws/src/robot': PYTHONPATH=/home/scott/alpha_ws/build/robot/prefix_override:/home/scott/alpha_ws/install/robot/lib/python3.10/site-packages:${PYTHONPATH} /usr/bin/python3 setup.py egg_info --egg-base ../../build/robot build --build-base /home/scott/alpha_ws/build/robot/build install --record /home/scott/alpha_ws/build/robot/install.log --single-version-externally-managed
[5.721s] running egg_info
[5.724s] writing ../../build/robot/robot.egg-info/PKG-INFO
[5.725s] writing dependency_links to ../../build/robot/robot.egg-info/dependency_links.txt
[5.726s] writing entry points to ../../build/robot/robot.egg-info/entry_points.txt
[5.727s] writing requirements to ../../build/robot/robot.egg-info/requires.txt
[5.728s] writing top-level names to ../../build/robot/robot.egg-info/top_level.txt
[5.738s] reading manifest file '../../build/robot/robot.egg-info/SOURCES.txt'
[5.739s] adding license file 'LICENSE'
[5.743s] writing manifest file '../../build/robot/robot.egg-info/SOURCES.txt'
[5.744s] running build
[5.745s] running build_py
[5.746s] copying robot/encoder_publisher_right.py -> /home/scott/alpha_ws/build/robot/build/lib/robot
[5.748s] running install
[5.749s] running install_lib
[5.755s] copying /home/scott/alpha_ws/build/robot/build/lib/robot/encoder_publisher_right.py -> /home/scott/alpha_ws/install/robot/lib/python3.10/site-packages/robot
[5.759s] byte-compiling /home/scott/alpha_ws/install/robot/lib/python3.10/site-packages/robot/encoder_publisher_right.py to encoder_publisher_right.cpython-310.pyc
[5.763s] running install_data
[5.767s] running install_egg_info
[5.775s] removing '/home/scott/alpha_ws/install/robot/lib/python3.10/site-packages/robot-0.0.0-py3.10.egg-info' (and everything under it)
[5.777s] Copying ../../build/robot/robot.egg-info to /home/scott/alpha_ws/install/robot/lib/python3.10/site-packages/robot-0.0.0-py3.10.egg-info
[5.784s] running install_scripts
[5.877s] Installing encoder_publisher_right script to /home/scott/alpha_ws/install/robot/lib/robot
[5.878s] Installing motor_controller script to /home/scott/alpha_ws/install/robot/lib/robot
[5.879s] Installing motor_driver script to /home/scott/alpha_ws/install/robot/lib/robot
[5.880s] Installing pid_controller_right script to /home/scott/alpha_ws/install/robot/lib/robot
[5.881s] Installing rpm_publisher_right script to /home/scott/alpha_ws/install/robot/lib/robot
[5.884s] writing list of installed files to '/home/scott/alpha_ws/build/robot/install.log'
[6.030s] Invoked command in '/home/scott/alpha_ws/src/robot' returned '0': PYTHONPATH=/home/scott/alpha_ws/build/robot/prefix_override:/home/scott/alpha_ws/install/robot/lib/python3.10/site-packages:${PYTHONPATH} /usr/bin/python3 setup.py egg_info --egg-base ../../build/robot build --build-base /home/scott/alpha_ws/build/robot/build install --record /home/scott/alpha_ws/build/robot/install.log --single-version-externally-managed
