[4.743s] Invoking command in '/home/scott/alpha_ws/src/robot_bringup': PYTHONPATH=/home/scott/alpha_ws/build/robot_bringup/prefix_override:/home/scott/alpha_ws/install/robot_bringup/lib/python3.10/site-packages:${PYTHONPATH} /usr/bin/python3 setup.py egg_info --egg-base ../../build/robot_bringup build --build-base /home/scott/alpha_ws/build/robot_bringup/build install --record /home/scott/alpha_ws/build/robot_bringup/install.log --single-version-externally-managed
[6.358s] running egg_info
[6.360s] writing ../../build/robot_bringup/robot_bringup.egg-info/PKG-INFO
[6.362s] writing dependency_links to ../../build/robot_bringup/robot_bringup.egg-info/dependency_links.txt
[6.364s] writing entry points to ../../build/robot_bringup/robot_bringup.egg-info/entry_points.txt
[6.365s] writing requirements to ../../build/robot_bringup/robot_bringup.egg-info/requires.txt
[6.366s] writing top-level names to ../../build/robot_bringup/robot_bringup.egg-info/top_level.txt
[6.376s] reading manifest file '../../build/robot_bringup/robot_bringup.egg-info/SOURCES.txt'
[6.378s] adding license file 'LICENSE'
[6.382s] writing manifest file '../../build/robot_bringup/robot_bringup.egg-info/SOURCES.txt'
[6.383s] running build
[6.383s] running build_py
[6.387s] running install
[6.387s] running install_lib
[6.392s] running install_data
[6.397s] copying config/nav2_params.yaml -> /home/scott/alpha_ws/install/robot_bringup/share/robot_bringup/config
[6.399s] running install_egg_info
[6.414s] removing '/home/scott/alpha_ws/install/robot_bringup/lib/python3.10/site-packages/robot_bringup-0.0.0-py3.10.egg-info' (and everything under it)
[6.418s] Copying ../../build/robot_bringup/robot_bringup.egg-info to /home/scott/alpha_ws/install/robot_bringup/lib/python3.10/site-packages/robot_bringup-0.0.0-py3.10.egg-info
[6.434s] running install_scripts
[6.546s] writing list of installed files to '/home/scott/alpha_ws/build/robot_bringup/install.log'
[6.679s] Invoked command in '/home/scott/alpha_ws/src/robot_bringup' returned '0': PYTHONPATH=/home/scott/alpha_ws/build/robot_bringup/prefix_override:/home/scott/alpha_ws/install/robot_bringup/lib/python3.10/site-packages:${PYTHONPATH} /usr/bin/python3 setup.py egg_info --egg-base ../../build/robot_bringup build --build-base /home/scott/alpha_ws/build/robot_bringup/build install --record /home/scott/alpha_ws/build/robot_bringup/install.log --single-version-externally-managed
