[4.917s] Invoking command in '/home/scott/alpha_ws/src/robot_bringup': PYTHONPATH=/home/scott/alpha_ws/build/robot_bringup/prefix_override:/home/scott/alpha_ws/install/robot_bringup/lib/python3.10/site-packages:${PYTHONPATH} /usr/bin/python3 setup.py egg_info --egg-base ../../build/robot_bringup build --build-base /home/scott/alpha_ws/build/robot_bringup/build install --record /home/scott/alpha_ws/build/robot_bringup/install.log --single-version-externally-managed
[6.493s] running egg_info
[6.497s] writing ../../build/robot_bringup/robot_bringup.egg-info/PKG-INFO
[6.499s] writing dependency_links to ../../build/robot_bringup/robot_bringup.egg-info/dependency_links.txt
[6.500s] writing entry points to ../../build/robot_bringup/robot_bringup.egg-info/entry_points.txt
[6.501s] writing requirements to ../../build/robot_bringup/robot_bringup.egg-info/requires.txt
[6.501s] writing top-level names to ../../build/robot_bringup/robot_bringup.egg-info/top_level.txt
[6.511s] reading manifest file '../../build/robot_bringup/robot_bringup.egg-info/SOURCES.txt'
[6.514s] adding license file 'LICENSE'
[6.517s] writing manifest file '../../build/robot_bringup/robot_bringup.egg-info/SOURCES.txt'
[6.519s] running build
[6.520s] running build_py
[6.520s] running install
[6.521s] running install_lib
[6.527s] running install_data
[6.530s] copying launch/mapping.launch.py -> /home/scott/alpha_ws/install/robot_bringup/share/robot_bringup/launch
[6.532s] copying launch/navigation.launch.py -> /home/scott/alpha_ws/install/robot_bringup/share/robot_bringup/launch
[6.533s] copying launch/nav2.launch.py -> /home/scott/alpha_ws/install/robot_bringup/share/robot_bringup/launch
[6.534s] copying config/localization.yaml -> /home/scott/alpha_ws/install/robot_bringup/share/robot_bringup/config
[6.536s] copying config/mapping.yaml -> /home/scott/alpha_ws/install/robot_bringup/share/robot_bringup/config
[6.538s] running install_egg_info
[6.546s] removing '/home/scott/alpha_ws/install/robot_bringup/lib/python3.10/site-packages/robot_bringup-0.0.0-py3.10.egg-info' (and everything under it)
[6.548s] Copying ../../build/robot_bringup/robot_bringup.egg-info to /home/scott/alpha_ws/install/robot_bringup/lib/python3.10/site-packages/robot_bringup-0.0.0-py3.10.egg-info
[6.556s] running install_scripts
[6.650s] writing list of installed files to '/home/scott/alpha_ws/build/robot_bringup/install.log'
[6.800s] Invoked command in '/home/scott/alpha_ws/src/robot_bringup' returned '0': PYTHONPATH=/home/scott/alpha_ws/build/robot_bringup/prefix_override:/home/scott/alpha_ws/install/robot_bringup/lib/python3.10/site-packages:${PYTHONPATH} /usr/bin/python3 setup.py egg_info --egg-base ../../build/robot_bringup build --build-base /home/scott/alpha_ws/build/robot_bringup/build install --record /home/scott/alpha_ws/build/robot_bringup/install.log --single-version-externally-managed
