[0.142s] Invoking command in '/home/jetson/ros2_ws/build/rplidar_ros': CMAKE_PREFIX_PATH=${CMAKE_PREFIX_PATH}:/home/jetson/ros2_ws/install/robot_description:/home/jetson/ros2_ws/install/robot_bringup:/home/jetson/ros2_ws/install/robot:/opt/ros/foxy /usr/bin/cmake /home/jetson/ros2_ws/src/rplidar_ros -DCMAKE_INSTALL_PREFIX=/home/jetson/ros2_ws/install/rplidar_ros
[0.186s] -- Found ament_cmake: 0.9.12 (/opt/ros/foxy/share/ament_cmake/cmake)
[0.290s] -- Using PYTHON_EXECUTABLE: /usr/bin/python3
[1.041s] -- Override CMake install command with custom implementation using symlinks instead of copying resources
[1.061s] -- Found rclcpp: 2.4.3 (/opt/ros/foxy/share/rclcpp/cmake)
[1.176s] -- Using all available rosidl_typesupport_c: rosidl_typesupport_fastrtps_c;rosidl_typesupport_introspection_c
[1.187s] -- Found rosidl_adapter: 1.3.1 (/opt/ros/foxy/share/rosidl_adapter/cmake)
[1.610s] -- Using all available rosidl_typesupport_cpp: rosidl_typesupport_fastrtps_cpp;rosidl_typesupport_introspection_cpp
[1.777s] -- Found rmw_implementation_cmake: 1.0.4 (/opt/ros/foxy/share/rmw_implementation_cmake/cmake)
[1.782s] -- Using RMW implementation 'rmw_fastrtps_cpp' as default
[2.277s] -- Found sensor_msgs: 2.0.5 (/opt/ros/foxy/share/sensor_msgs/cmake)
[2.668s] -- Found std_srvs: 2.0.5 (/opt/ros/foxy/share/std_srvs/cmake)
[2.940s] -- Configuring done
[3.003s] -- Generating done
[3.009s] -- Build files have been written to: /home/jetson/ros2_ws/build/rplidar_ros
[3.031s] Invoked command in '/home/jetson/ros2_ws/build/rplidar_ros' returned '0': CMAKE_PREFIX_PATH=${CMAKE_PREFIX_PATH}:/home/jetson/ros2_ws/install/robot_description:/home/jetson/ros2_ws/install/robot_bringup:/home/jetson/ros2_ws/install/robot:/opt/ros/foxy /usr/bin/cmake /home/jetson/ros2_ws/src/rplidar_ros -DCMAKE_INSTALL_PREFIX=/home/jetson/ros2_ws/install/rplidar_ros
[3.037s] Invoking command in '/home/jetson/ros2_ws/build/rplidar_ros': CMAKE_PREFIX_PATH=${CMAKE_PREFIX_PATH}:/home/jetson/ros2_ws/install/robot_description:/home/jetson/ros2_ws/install/robot_bringup:/home/jetson/ros2_ws/install/robot:/opt/ros/foxy /usr/bin/cmake --build /home/jetson/ros2_ws/build/rplidar_ros -- -j4 -l4
[3.234s] [  7%] Built target rplidar_client
[3.239s] [100%] Built target rplidar_node
[3.240s] [100%] Built target rplidar_composition
[3.269s] Invoked command in '/home/jetson/ros2_ws/build/rplidar_ros' returned '0': CMAKE_PREFIX_PATH=${CMAKE_PREFIX_PATH}:/home/jetson/ros2_ws/install/robot_description:/home/jetson/ros2_ws/install/robot_bringup:/home/jetson/ros2_ws/install/robot:/opt/ros/foxy /usr/bin/cmake --build /home/jetson/ros2_ws/build/rplidar_ros -- -j4 -l4
[3.392s] Invoking command in '/home/jetson/ros2_ws/build/rplidar_ros': CMAKE_PREFIX_PATH=${CMAKE_PREFIX_PATH}:/home/jetson/ros2_ws/install/robot_description:/home/jetson/ros2_ws/install/robot_bringup:/home/jetson/ros2_ws/install/robot:/opt/ros/foxy /usr/bin/cmake --install /home/jetson/ros2_ws/build/rplidar_ros
[3.421s] -- Install configuration: ""
[3.422s] -- Execute custom install script
[3.425s] -- Up-to-date symlink: /home/jetson/ros2_ws/install/rplidar_ros/share/rplidar_ros/launch/rplidar_a1_launch.py
[3.425s] -- Up-to-date symlink: /home/jetson/ros2_ws/install/rplidar_ros/share/rplidar_ros/launch/rplidar_a2m12_launch.py
[3.426s] -- Up-to-date symlink: /home/jetson/ros2_ws/install/rplidar_ros/share/rplidar_ros/launch/rplidar_a2m7_launch.py
[3.426s] -- Up-to-date symlink: /home/jetson/ros2_ws/install/rplidar_ros/share/rplidar_ros/launch/rplidar_a2m8_launch.py
[3.427s] -- Up-to-date symlink: /home/jetson/ros2_ws/install/rplidar_ros/share/rplidar_ros/launch/rplidar_a3_launch.py
[3.427s] -- Up-to-date symlink: /home/jetson/ros2_ws/install/rplidar_ros/share/rplidar_ros/launch/rplidar_s1_launch.py
[3.428s] -- Up-to-date symlink: /home/jetson/ros2_ws/install/rplidar_ros/share/rplidar_ros/launch/rplidar_s1_tcp_launch.py
[3.428s] -- Up-to-date symlink: /home/jetson/ros2_ws/install/rplidar_ros/share/rplidar_ros/launch/rplidar_s2_launch.py
[3.429s] -- Up-to-date symlink: /home/jetson/ros2_ws/install/rplidar_ros/share/rplidar_ros/launch/rplidar_s2e_launch.py
[3.429s] -- Up-to-date symlink: /home/jetson/ros2_ws/install/rplidar_ros/share/rplidar_ros/launch/rplidar_s3_launch.py
[3.430s] -- Up-to-date symlink: /home/jetson/ros2_ws/install/rplidar_ros/share/rplidar_ros/launch/rplidar_t1_launch.py
[3.430s] -- Up-to-date symlink: /home/jetson/ros2_ws/install/rplidar_ros/share/rplidar_ros/launch/view_rplidar_a1_launch.py
[3.431s] -- Up-to-date symlink: /home/jetson/ros2_ws/install/rplidar_ros/share/rplidar_ros/launch/view_rplidar_a2m12_launch.py
[3.431s] -- Up-to-date symlink: /home/jetson/ros2_ws/install/rplidar_ros/share/rplidar_ros/launch/view_rplidar_a2m7_launch.py
[3.432s] -- Up-to-date symlink: /home/jetson/ros2_ws/install/rplidar_ros/share/rplidar_ros/launch/view_rplidar_a2m8_launch.py
[3.432s] -- Up-to-date symlink: /home/jetson/ros2_ws/install/rplidar_ros/share/rplidar_ros/launch/view_rplidar_a3_launch.py
[3.433s] -- Up-to-date symlink: /home/jetson/ros2_ws/install/rplidar_ros/share/rplidar_ros/launch/view_rplidar_s1_launch.py
[3.433s] -- Up-to-date symlink: /home/jetson/ros2_ws/install/rplidar_ros/share/rplidar_ros/launch/view_rplidar_s1_tcp_launch.py
[3.434s] -- Up-to-date symlink: /home/jetson/ros2_ws/install/rplidar_ros/share/rplidar_ros/launch/view_rplidar_s2_launch.py
[3.434s] -- Up-to-date symlink: /home/jetson/ros2_ws/install/rplidar_ros/share/rplidar_ros/launch/view_rplidar_s2e_launch.py
[3.434s] -- Up-to-date symlink: /home/jetson/ros2_ws/install/rplidar_ros/share/rplidar_ros/launch/view_rplidar_s3_launch.py
[3.435s] -- Up-to-date symlink: /home/jetson/ros2_ws/install/rplidar_ros/share/rplidar_ros/launch/view_rplidar_t1_launch.py
[3.436s] -- Up-to-date symlink: /home/jetson/ros2_ws/install/rplidar_ros/share/rplidar_ros/rviz/rplidar_ros.rviz
[3.437s] -- Up-to-date symlink: /home/jetson/ros2_ws/install/rplidar_ros/lib/rplidar_ros/rplidar_node
[3.438s] -- Up-to-date symlink: /home/jetson/ros2_ws/install/rplidar_ros/lib/rplidar_ros/rplidar_composition
[3.438s] -- Up-to-date symlink: /home/jetson/ros2_ws/install/rplidar_ros/lib/rplidar_ros/rplidar_client
[3.439s] -- Up-to-date symlink: /home/jetson/ros2_ws/install/rplidar_ros/share/ament_index/resource_index/package_run_dependencies/rplidar_ros
[3.440s] -- Up-to-date symlink: /home/jetson/ros2_ws/install/rplidar_ros/share/ament_index/resource_index/parent_prefix_path/rplidar_ros
[3.441s] -- Up-to-date symlink: /home/jetson/ros2_ws/install/rplidar_ros/share/rplidar_ros/environment/ament_prefix_path.sh
[3.442s] -- Up-to-date symlink: /home/jetson/ros2_ws/install/rplidar_ros/share/rplidar_ros/environment/ament_prefix_path.dsv
[3.443s] -- Up-to-date symlink: /home/jetson/ros2_ws/install/rplidar_ros/share/rplidar_ros/environment/path.sh
[3.444s] -- Up-to-date symlink: /home/jetson/ros2_ws/install/rplidar_ros/share/rplidar_ros/environment/path.dsv
[3.445s] -- Up-to-date symlink: /home/jetson/ros2_ws/install/rplidar_ros/share/rplidar_ros/local_setup.bash
[3.446s] -- Up-to-date symlink: /home/jetson/ros2_ws/install/rplidar_ros/share/rplidar_ros/local_setup.sh
[3.446s] -- Up-to-date symlink: /home/jetson/ros2_ws/install/rplidar_ros/share/rplidar_ros/local_setup.zsh
[3.447s] -- Up-to-date symlink: /home/jetson/ros2_ws/install/rplidar_ros/share/rplidar_ros/local_setup.dsv
[3.448s] -- Symlinking: /home/jetson/ros2_ws/install/rplidar_ros/share/rplidar_ros/package.dsv
[3.473s] -- Up-to-date symlink: /home/jetson/ros2_ws/install/rplidar_ros/share/ament_index/resource_index/packages/rplidar_ros
[3.474s] -- Up-to-date symlink: /home/jetson/ros2_ws/install/rplidar_ros/share/rplidar_ros/cmake/ament_cmake_export_dependencies-extras.cmake
[3.474s] -- Up-to-date symlink: /home/jetson/ros2_ws/install/rplidar_ros/share/rplidar_ros/cmake/ament_cmake_export_include_directories-extras.cmake
[3.475s] -- Up-to-date symlink: /home/jetson/ros2_ws/install/rplidar_ros/share/rplidar_ros/cmake/rplidar_rosConfig.cmake
[3.476s] -- Up-to-date symlink: /home/jetson/ros2_ws/install/rplidar_ros/share/rplidar_ros/cmake/rplidar_rosConfig-version.cmake
[3.477s] -- Up-to-date symlink: /home/jetson/ros2_ws/install/rplidar_ros/share/rplidar_ros/package.xml
[3.491s] Invoked command in '/home/jetson/ros2_ws/build/rplidar_ros' returned '0': CMAKE_PREFIX_PATH=${CMAKE_PREFIX_PATH}:/home/jetson/ros2_ws/install/robot_description:/home/jetson/ros2_ws/install/robot_bringup:/home/jetson/ros2_ws/install/robot:/opt/ros/foxy /usr/bin/cmake --install /home/jetson/ros2_ws/build/rplidar_ros
