[3.650s] Invoking command in '/home/jetson/beta_ws/src/robot': PYTHONPATH=/home/jetson/beta_ws/build/robot/prefix_override:/home/jetson/beta_ws/install/robot/lib/python3.8/site-packages:${PYTHONPATH} /usr/bin/python3 setup.py egg_info --egg-base ../../build/robot build --build-base /home/jetson/beta_ws/build/robot/build install --record /home/jetson/beta_ws/build/robot/install.log --install-scripts $base/lib/robot --single-version-externally-managed
[4.685s] running egg_info
[4.687s] writing ../../build/robot/robot.egg-info/PKG-INFO
[4.689s] writing dependency_links to ../../build/robot/robot.egg-info/dependency_links.txt
[4.690s] writing entry points to ../../build/robot/robot.egg-info/entry_points.txt
[4.690s] writing requirements to ../../build/robot/robot.egg-info/requires.txt
[4.691s] writing top-level names to ../../build/robot/robot.egg-info/top_level.txt
[4.834s] reading manifest file '../../build/robot/robot.egg-info/SOURCES.txt'
[4.838s] writing manifest file '../../build/robot/robot.egg-info/SOURCES.txt'
[4.840s] running build
[4.840s] running build_py
[4.840s] copying robot/motor_controller.py -> /home/jetson/beta_ws/build/robot/build/lib/robot
[4.841s] running install
[4.844s] running install_lib
[4.848s] copying /home/jetson/beta_ws/build/robot/build/lib/robot/motor_controller.py -> /home/jetson/beta_ws/install/robot/lib/python3.8/site-packages/robot
[4.850s] byte-compiling /home/jetson/beta_ws/install/robot/lib/python3.8/site-packages/robot/motor_controller.py to motor_controller.cpython-38.pyc
[4.856s] running install_data
[4.859s] running install_egg_info
[4.865s] removing '/home/jetson/beta_ws/install/robot/lib/python3.8/site-packages/robot-0.0.0-py3.8.egg-info' (and everything under it)
[4.866s] Copying ../../build/robot/robot.egg-info to /home/jetson/beta_ws/install/robot/lib/python3.8/site-packages/robot-0.0.0-py3.8.egg-info
[4.871s] running install_scripts
[4.938s] Installing motor_controller script to /home/jetson/beta_ws/install/robot/lib/robot
[4.939s] Installing motor_driver script to /home/jetson/beta_ws/install/robot/lib/robot
[4.939s] writing list of installed files to '/home/jetson/beta_ws/build/robot/install.log'
[5.047s] Invoked command in '/home/jetson/beta_ws/src/robot' returned '0': PYTHONPATH=/home/jetson/beta_ws/build/robot/prefix_override:/home/jetson/beta_ws/install/robot/lib/python3.8/site-packages:${PYTHONPATH} /usr/bin/python3 setup.py egg_info --egg-base ../../build/robot build --build-base /home/jetson/beta_ws/build/robot/build install --record /home/jetson/beta_ws/build/robot/install.log --install-scripts $base/lib/robot --single-version-externally-managed
