[4.633s] Invoking command in '/home/jetson/ros2_ws/build/robot': PYTHONPATH=/home/jetson/ros2_ws/build/robot/prefix_override:/home/jetson/ros2_ws/install/robot/lib/python3.8/site-packages:${PYTHONPATH} /usr/bin/python3 setup.py develop --uninstall --editable --build-directory /home/jetson/ros2_ws/build/robot/build
[5.673s] running develop
[6.444s] Invoked command in '/home/jetson/ros2_ws/build/robot' returned '0': PYTHONPATH=/home/jetson/ros2_ws/build/robot/prefix_override:/home/jetson/ros2_ws/install/robot/lib/python3.8/site-packages:${PYTHONPATH} /usr/bin/python3 setup.py develop --uninstall --editable --build-directory /home/jetson/ros2_ws/build/robot/build
[6.448s] Invoking command in '/home/jetson/ros2_ws/src/robot': PYTHONPATH=/home/jetson/ros2_ws/build/robot/prefix_override:/home/jetson/ros2_ws/install/robot/lib/python3.8/site-packages:${PYTHONPATH} /usr/bin/python3 setup.py egg_info --egg-base ../../build/robot build --build-base /home/jetson/ros2_ws/build/robot/build install --record /home/jetson/ros2_ws/build/robot/install.log --single-version-externally-managed
[7.274s] running egg_info
[7.276s] writing ../../build/robot/robot.egg-info/PKG-INFO
[7.278s] writing dependency_links to ../../build/robot/robot.egg-info/dependency_links.txt
[7.279s] writing entry points to ../../build/robot/robot.egg-info/entry_points.txt
[7.280s] writing requirements to ../../build/robot/robot.egg-info/requires.txt
[7.280s] writing top-level names to ../../build/robot/robot.egg-info/top_level.txt
[7.413s] reading manifest file '../../build/robot/robot.egg-info/SOURCES.txt'
[7.418s] writing manifest file '../../build/robot/robot.egg-info/SOURCES.txt'
[7.418s] running build
[7.418s] running build_py
[7.421s] copying robot/pid_controller.py -> /home/jetson/ros2_ws/build/robot/build/lib/robot
[7.423s] running install
[7.426s] running install_lib
[7.430s] copying /home/jetson/ros2_ws/build/robot/build/lib/robot/pid_controller.py -> /home/jetson/ros2_ws/install/robot/lib/python3.8/site-packages/robot
[7.434s] byte-compiling /home/jetson/ros2_ws/install/robot/lib/python3.8/site-packages/robot/pid_controller.py to pid_controller.cpython-38.pyc
[7.440s] running install_data
[7.443s] running install_egg_info
[7.448s] removing '/home/jetson/ros2_ws/install/robot/lib/python3.8/site-packages/robot-0.0.0-py3.8.egg-info' (and everything under it)
[7.449s] Copying ../../build/robot/robot.egg-info to /home/jetson/ros2_ws/install/robot/lib/python3.8/site-packages/robot-0.0.0-py3.8.egg-info
[7.453s] running install_scripts
[7.525s] Installing encoder_publisher script to /home/jetson/ros2_ws/install/robot/lib/robot
[7.526s] Installing encoder_publisher_left script to /home/jetson/ros2_ws/install/robot/lib/robot
[7.527s] Installing encoder_publisher_right script to /home/jetson/ros2_ws/install/robot/lib/robot
[7.528s] Installing imu_controller script to /home/jetson/ros2_ws/install/robot/lib/robot
[7.529s] Installing motor_controller script to /home/jetson/ros2_ws/install/robot/lib/robot
[7.530s] Installing motor_driver script to /home/jetson/ros2_ws/install/robot/lib/robot
[7.530s] Installing odom_publisher script to /home/jetson/ros2_ws/install/robot/lib/robot
[7.531s] Installing pid_controller script to /home/jetson/ros2_ws/install/robot/lib/robot
[7.532s] Installing rpm_publisher script to /home/jetson/ros2_ws/install/robot/lib/robot
[7.532s] writing list of installed files to '/home/jetson/ros2_ws/build/robot/install.log'
[7.656s] Invoked command in '/home/jetson/ros2_ws/src/robot' returned '0': PYTHONPATH=/home/jetson/ros2_ws/build/robot/prefix_override:/home/jetson/ros2_ws/install/robot/lib/python3.8/site-packages:${PYTHONPATH} /usr/bin/python3 setup.py egg_info --egg-base ../../build/robot build --build-base /home/jetson/ros2_ws/build/robot/build install --record /home/jetson/ros2_ws/build/robot/install.log --single-version-externally-managed
