[0.107s] Invoking command in '/home/jetson/ros2_ws/build/rplidar_ros': CMAKE_PREFIX_PATH=/opt/ros/foxy /usr/bin/cmake --build /home/jetson/ros2_ws/build/rplidar_ros -- -j4 -l4
[0.863s] [  7%] Built target rplidar_client
[1.130s] [ 53%] Built target rplidar_node
[1.379s] [100%] Built target rplidar_composition
[1.427s] Invoked command in '/home/jetson/ros2_ws/build/rplidar_ros' returned '0': CMAKE_PREFIX_PATH=/opt/ros/foxy /usr/bin/cmake --build /home/jetson/ros2_ws/build/rplidar_ros -- -j4 -l4
[1.646s] Invoking command in '/home/jetson/ros2_ws/build/rplidar_ros': CMAKE_PREFIX_PATH=/opt/ros/foxy /usr/bin/cmake --install /home/jetson/ros2_ws/build/rplidar_ros
[1.693s] -- Install configuration: ""
[1.696s] -- Execute custom install script
[1.697s] -- Up-to-date symlink: /home/jetson/ros2_ws/install/rplidar_ros/share/rplidar_ros/launch/rplidar_a1_launch.py
[1.697s] -- Up-to-date symlink: /home/jetson/ros2_ws/install/rplidar_ros/share/rplidar_ros/launch/rplidar_a2m12_launch.py
[1.698s] -- Up-to-date symlink: /home/jetson/ros2_ws/install/rplidar_ros/share/rplidar_ros/launch/rplidar_a2m7_launch.py
[1.699s] -- Up-to-date symlink: /home/jetson/ros2_ws/install/rplidar_ros/share/rplidar_ros/launch/rplidar_a2m8_launch.py
[1.700s] -- Up-to-date symlink: /home/jetson/ros2_ws/install/rplidar_ros/share/rplidar_ros/launch/rplidar_a3_launch.py
[1.701s] -- Up-to-date symlink: /home/jetson/ros2_ws/install/rplidar_ros/share/rplidar_ros/launch/rplidar_s1_launch.py
[1.703s] -- Up-to-date symlink: /home/jetson/ros2_ws/install/rplidar_ros/share/rplidar_ros/launch/rplidar_s1_tcp_launch.py
[1.703s] -- Up-to-date symlink: /home/jetson/ros2_ws/install/rplidar_ros/share/rplidar_ros/launch/rplidar_s2_launch.py
[1.704s] -- Up-to-date symlink: /home/jetson/ros2_ws/install/rplidar_ros/share/rplidar_ros/launch/rplidar_s2e_launch.py
[1.704s] -- Up-to-date symlink: /home/jetson/ros2_ws/install/rplidar_ros/share/rplidar_ros/launch/rplidar_s3_launch.py
[1.719s] -- Up-to-date symlink: /home/jetson/ros2_ws/install/rplidar_ros/share/rplidar_ros/launch/rplidar_t1_launch.py
[1.721s] -- Up-to-date symlink: /home/jetson/ros2_ws/install/rplidar_ros/share/rplidar_ros/launch/view_rplidar_a1_launch.py
[1.726s] -- Up-to-date symlink: /home/jetson/ros2_ws/install/rplidar_ros/share/rplidar_ros/launch/view_rplidar_a2m12_launch.py
[1.729s] -- Up-to-date symlink: /home/jetson/ros2_ws/install/rplidar_ros/share/rplidar_ros/launch/view_rplidar_a2m7_launch.py
[1.729s] -- Up-to-date symlink: /home/jetson/ros2_ws/install/rplidar_ros/share/rplidar_ros/launch/view_rplidar_a2m8_launch.py
[1.730s] -- Up-to-date symlink: /home/jetson/ros2_ws/install/rplidar_ros/share/rplidar_ros/launch/view_rplidar_a3_launch.py
[1.730s] -- Up-to-date symlink: /home/jetson/ros2_ws/install/rplidar_ros/share/rplidar_ros/launch/view_rplidar_s1_launch.py
[1.732s] -- Up-to-date symlink: /home/jetson/ros2_ws/install/rplidar_ros/share/rplidar_ros/launch/view_rplidar_s1_tcp_launch.py
[1.739s] -- Up-to-date symlink: /home/jetson/ros2_ws/install/rplidar_ros/share/rplidar_ros/launch/view_rplidar_s2_launch.py
[1.740s] -- Up-to-date symlink: /home/jetson/ros2_ws/install/rplidar_ros/share/rplidar_ros/launch/view_rplidar_s2e_launch.py
[1.741s] -- Up-to-date symlink: /home/jetson/ros2_ws/install/rplidar_ros/share/rplidar_ros/launch/view_rplidar_s3_launch.py
[1.743s] -- Up-to-date symlink: /home/jetson/ros2_ws/install/rplidar_ros/share/rplidar_ros/launch/view_rplidar_t1_launch.py
[1.744s] -- Up-to-date symlink: /home/jetson/ros2_ws/install/rplidar_ros/share/rplidar_ros/rviz/rplidar_ros.rviz
[1.748s] -- Up-to-date symlink: /home/jetson/ros2_ws/install/rplidar_ros/lib/rplidar_ros/rplidar_node
[1.748s] -- Up-to-date symlink: /home/jetson/ros2_ws/install/rplidar_ros/lib/rplidar_ros/rplidar_composition
[1.749s] -- Up-to-date symlink: /home/jetson/ros2_ws/install/rplidar_ros/lib/rplidar_ros/rplidar_client
[1.749s] -- Up-to-date symlink: /home/jetson/ros2_ws/install/rplidar_ros/share/ament_index/resource_index/package_run_dependencies/rplidar_ros
[1.754s] -- Up-to-date symlink: /home/jetson/ros2_ws/install/rplidar_ros/share/ament_index/resource_index/parent_prefix_path/rplidar_ros
[1.754s] -- Up-to-date symlink: /home/jetson/ros2_ws/install/rplidar_ros/share/rplidar_ros/environment/ament_prefix_path.sh
[1.755s] -- Up-to-date symlink: /home/jetson/ros2_ws/install/rplidar_ros/share/rplidar_ros/environment/ament_prefix_path.dsv
[1.756s] -- Up-to-date symlink: /home/jetson/ros2_ws/install/rplidar_ros/share/rplidar_ros/environment/path.sh
[1.757s] -- Up-to-date symlink: /home/jetson/ros2_ws/install/rplidar_ros/share/rplidar_ros/environment/path.dsv
[1.763s] -- Up-to-date symlink: /home/jetson/ros2_ws/install/rplidar_ros/share/rplidar_ros/local_setup.bash
[1.764s] -- Up-to-date symlink: /home/jetson/ros2_ws/install/rplidar_ros/share/rplidar_ros/local_setup.sh
[1.767s] -- Up-to-date symlink: /home/jetson/ros2_ws/install/rplidar_ros/share/rplidar_ros/local_setup.zsh
[1.768s] -- Up-to-date symlink: /home/jetson/ros2_ws/install/rplidar_ros/share/rplidar_ros/local_setup.dsv
[1.768s] -- Symlinking: /home/jetson/ros2_ws/install/rplidar_ros/share/rplidar_ros/package.dsv
[1.769s] -- Up-to-date symlink: /home/jetson/ros2_ws/install/rplidar_ros/share/ament_index/resource_index/packages/rplidar_ros
[1.770s] -- Up-to-date symlink: /home/jetson/ros2_ws/install/rplidar_ros/share/rplidar_ros/cmake/ament_cmake_export_dependencies-extras.cmake
[1.771s] -- Up-to-date symlink: /home/jetson/ros2_ws/install/rplidar_ros/share/rplidar_ros/cmake/ament_cmake_export_include_directories-extras.cmake
[1.772s] -- Up-to-date symlink: /home/jetson/ros2_ws/install/rplidar_ros/share/rplidar_ros/cmake/rplidar_rosConfig.cmake
[1.772s] -- Up-to-date symlink: /home/jetson/ros2_ws/install/rplidar_ros/share/rplidar_ros/cmake/rplidar_rosConfig-version.cmake
[1.774s] -- Up-to-date symlink: /home/jetson/ros2_ws/install/rplidar_ros/share/rplidar_ros/package.xml
[1.800s] Invoked command in '/home/jetson/ros2_ws/build/rplidar_ros' returned '0': CMAKE_PREFIX_PATH=/opt/ros/foxy /usr/bin/cmake --install /home/jetson/ros2_ws/build/rplidar_ros
