[7.163s] DEBUG:colcon:Command line arguments: ['/usr/bin/colcon', 'build', '--packages-select', 'robot_bringup']
[7.163s] DEBUG:colcon:Parsed command line arguments: Namespace(log_base=None, log_level=None, verb_name='build', build_base='build', install_base='install', merge_install=False, symlink_install=False, test_result_base=None, continue_on_error=False, executor='parallel', parallel_workers=4, event_handlers=None, ignore_user_meta=False, metas=['./colcon.meta'], base_paths=['.'], packages_ignore=None, packages_ignore_regex=None, paths=None, packages_up_to=None, packages_up_to_regex=None, packages_above=None, packages_above_and_dependencies=None, packages_above_depth=None, packages_select_by_dep=None, packages_skip_by_dep=None, packages_skip_up_to=None, packages_select_build_failed=False, packages_skip_build_finished=False, packages_select_test_failures=False, packages_skip_test_passed=False, packages_select=['robot_bringup'], packages_skip=None, packages_select_regex=None, packages_skip_regex=None, packages_start=None, packages_end=None, allow_overriding=[], cmake_args=None, cmake_target=None, cmake_target_skip_unavailable=False, cmake_clean_cache=False, cmake_clean_first=False, cmake_force_configure=False, ament_cmake_args=None, catkin_cmake_args=None, catkin_skip_building_tests=False, verb_parser=<colcon_defaults.argument_parser.defaults.DefaultArgumentsDecorator object at 0xffff7ec0afb0>, verb_extension=<colcon_core.verb.build.BuildVerb object at 0xffff7eece830>, main=<bound method BuildVerb.main of <colcon_core.verb.build.BuildVerb object at 0xffff7eece830>>)
[7.536s] Level 1:colcon.colcon_core.package_discovery:discover_packages(colcon_meta) check parameters
[7.537s] Level 1:colcon.colcon_core.package_discovery:discover_packages(recursive) check parameters
[7.537s] Level 1:colcon.colcon_core.package_discovery:discover_packages(ignore) check parameters
[7.537s] Level 1:colcon.colcon_core.package_discovery:discover_packages(path) check parameters
[7.537s] Level 1:colcon.colcon_core.package_discovery:discover_packages(colcon_meta) discover
[7.537s] Level 1:colcon.colcon_core.package_discovery:discover_packages(recursive) discover
[7.537s] INFO:colcon.colcon_core.package_discovery:Crawling recursively for packages in '/home/scott/alpha_ws/src/robot_bringup/config'
[7.538s] Level 1:colcon.colcon_core.package_identification:_identify(.) by extensions ['ignore', 'ignore_ament_install']
[7.538s] Level 1:colcon.colcon_core.package_identification:_identify(.) by extension 'ignore'
[7.539s] Level 1:colcon.colcon_core.package_identification:_identify(.) by extension 'ignore_ament_install'
[7.539s] Level 1:colcon.colcon_core.package_identification:_identify(.) by extensions ['colcon_pkg']
[7.539s] Level 1:colcon.colcon_core.package_identification:_identify(.) by extension 'colcon_pkg'
[7.539s] Level 1:colcon.colcon_core.package_identification:_identify(.) by extensions ['colcon_meta']
[7.539s] Level 1:colcon.colcon_core.package_identification:_identify(.) by extension 'colcon_meta'
[7.540s] Level 1:colcon.colcon_core.package_identification:_identify(.) by extensions ['ros']
[7.540s] Level 1:colcon.colcon_core.package_identification:_identify(.) by extension 'ros'
[7.615s] Level 1:colcon.colcon_core.package_identification:_identify(.) by extensions ['cmake', 'python']
[7.615s] Level 1:colcon.colcon_core.package_identification:_identify(.) by extension 'cmake'
[7.615s] Level 1:colcon.colcon_core.package_identification:_identify(.) by extension 'python'
[7.616s] Level 1:colcon.colcon_core.package_identification:_identify(.) by extensions ['python_setup_py']
[7.616s] Level 1:colcon.colcon_core.package_identification:_identify(.) by extension 'python_setup_py'
[7.616s] Level 1:colcon.colcon_core.package_identification:_identify(build) by extensions ['ignore', 'ignore_ament_install']
[7.617s] Level 1:colcon.colcon_core.package_identification:_identify(build) by extension 'ignore'
[7.617s] Level 1:colcon.colcon_core.package_identification:_identify(build) ignored
[7.618s] Level 1:colcon.colcon_core.package_identification:_identify(install) by extensions ['ignore', 'ignore_ament_install']
[7.618s] Level 1:colcon.colcon_core.package_identification:_identify(install) by extension 'ignore'
[7.618s] Level 1:colcon.colcon_core.package_identification:_identify(install) ignored
[7.619s] Level 1:colcon.colcon_core.package_identification:_identify(log) by extensions ['ignore', 'ignore_ament_install']
[7.619s] Level 1:colcon.colcon_core.package_identification:_identify(log) by extension 'ignore'
[7.619s] Level 1:colcon.colcon_core.package_identification:_identify(log) ignored
[7.619s] Level 1:colcon.colcon_core.package_discovery:discover_packages(recursive) using defaults
[7.620s] Level 1:colcon.colcon_core.package_discovery:discover_packages(ignore) discover
[7.620s] Level 1:colcon.colcon_core.package_discovery:discover_packages(ignore) using defaults
[7.620s] Level 1:colcon.colcon_core.package_discovery:discover_packages(path) discover
[7.620s] Level 1:colcon.colcon_core.package_discovery:discover_packages(path) using defaults
[7.705s] WARNING:colcon.colcon_core.package_selection:ignoring unknown package 'robot_bringup' in --packages-select
[8.194s] Level 1:colcon.colcon_core.package_discovery:discover_packages(prefix_path) check parameters
[8.195s] Level 1:colcon.colcon_core.package_discovery:discover_packages(prefix_path) discover
[8.373s] DEBUG:colcon.colcon_installed_package_information.package_discovery:Found 5 installed packages in /home/scott/alpha_ws/install
[8.468s] DEBUG:colcon.colcon_installed_package_information.package_discovery:Found 319 installed packages in /opt/ros/humble
[8.477s] Level 1:colcon.colcon_core.package_discovery:discover_packages(prefix_path) using defaults
[9.232s] INFO:colcon.colcon_core.executor:Executing jobs using 'parallel' executor
[9.316s] DEBUG:colcon.colcon_parallel_executor.executor.parallel:run_until_complete
[9.317s] DEBUG:colcon.colcon_parallel_executor.executor.parallel:closing loop
[9.317s] DEBUG:colcon.colcon_parallel_executor.executor.parallel:loop closed
[9.318s] DEBUG:colcon.colcon_parallel_executor.executor.parallel:run_until_complete finished with '0'
[9.318s] DEBUG:colcon.colcon_core.event_reactor:joining thread
[9.461s] INFO:colcon.colcon_core.plugin_system:Skipping extension 'colcon_notification.desktop_notification.terminal_notifier': Not used on non-Darwin systems
[9.462s] INFO:colcon.colcon_core.plugin_system:Skipping extension 'colcon_notification.desktop_notification.win32': Not used on non-Windows systems
[9.462s] INFO:colcon.colcon_notification.desktop_notification:Sending desktop notification using 'notify2'
[9.572s] DEBUG:colcon.colcon_core.event_reactor:joined thread
[9.678s] INFO:colcon.colcon_core.plugin_system:Skipping extension 'colcon_core.shell.bat': Not used on non-Windows systems
[9.679s] INFO:colcon.colcon_core.shell:Creating prefix script '/home/scott/alpha_ws/src/robot_bringup/config/install/local_setup.ps1'
[9.696s] INFO:colcon.colcon_core.shell:Creating prefix util module '/home/scott/alpha_ws/src/robot_bringup/config/install/_local_setup_util_ps1.py'
[9.707s] INFO:colcon.colcon_core.shell:Creating prefix chain script '/home/scott/alpha_ws/src/robot_bringup/config/install/setup.ps1'
[9.798s] INFO:colcon.colcon_core.shell:Creating prefix script '/home/scott/alpha_ws/src/robot_bringup/config/install/local_setup.sh'
[9.801s] INFO:colcon.colcon_core.shell:Creating prefix util module '/home/scott/alpha_ws/src/robot_bringup/config/install/_local_setup_util_sh.py'
[9.803s] INFO:colcon.colcon_core.shell:Creating prefix chain script '/home/scott/alpha_ws/src/robot_bringup/config/install/setup.sh'
[9.894s] INFO:colcon.colcon_core.shell:Creating prefix script '/home/scott/alpha_ws/src/robot_bringup/config/install/local_setup.bash'
[9.897s] INFO:colcon.colcon_core.shell:Creating prefix chain script '/home/scott/alpha_ws/src/robot_bringup/config/install/setup.bash'
[9.988s] INFO:colcon.colcon_core.shell:Creating prefix script '/home/scott/alpha_ws/src/robot_bringup/config/install/local_setup.zsh'
[9.991s] INFO:colcon.colcon_core.shell:Creating prefix chain script '/home/scott/alpha_ws/src/robot_bringup/config/install/setup.zsh'
