[2.357s] Invoking command in '/home/jetson/beta_ws/src/robot': PYTHONPATH=/home/jetson/beta_ws/build/robot/prefix_override:/home/jetson/beta_ws/install/robot/lib/python3.8/site-packages:${PYTHONPATH} /usr/bin/python3 setup.py egg_info --egg-base ../../build/robot build --build-base /home/jetson/beta_ws/build/robot/build install --record /home/jetson/beta_ws/build/robot/install.log --install-scripts $base/lib/robot --single-version-externally-managed
[3.215s] running egg_info
[3.217s] writing ../../build/robot/robot.egg-info/PKG-INFO
[3.219s] writing dependency_links to ../../build/robot/robot.egg-info/dependency_links.txt
[3.219s] writing entry points to ../../build/robot/robot.egg-info/entry_points.txt
[3.220s] writing requirements to ../../build/robot/robot.egg-info/requires.txt
[3.220s] writing top-level names to ../../build/robot/robot.egg-info/top_level.txt
[3.356s] reading manifest file '../../build/robot/robot.egg-info/SOURCES.txt'
[3.359s] writing manifest file '../../build/robot/robot.egg-info/SOURCES.txt'
[3.360s] running build
[3.360s] running build_py
[3.361s] running install
[3.363s] running install_lib
[3.368s] running install_data
[3.370s] running install_egg_info
[3.375s] removing '/home/jetson/beta_ws/install/robot/lib/python3.8/site-packages/robot-0.0.0-py3.8.egg-info' (and everything under it)
[3.376s] Copying ../../build/robot/robot.egg-info to /home/jetson/beta_ws/install/robot/lib/python3.8/site-packages/robot-0.0.0-py3.8.egg-info
[3.379s] running install_scripts
[3.438s] Installing motor_controller script to /home/jetson/beta_ws/install/robot/lib/robot
[3.438s] Installing motor_driver script to /home/jetson/beta_ws/install/robot/lib/robot
[3.441s] writing list of installed files to '/home/jetson/beta_ws/build/robot/install.log'
[3.538s] Invoked command in '/home/jetson/beta_ws/src/robot' returned '0': PYTHONPATH=/home/jetson/beta_ws/build/robot/prefix_override:/home/jetson/beta_ws/install/robot/lib/python3.8/site-packages:${PYTHONPATH} /usr/bin/python3 setup.py egg_info --egg-base ../../build/robot build --build-base /home/jetson/beta_ws/build/robot/build install --record /home/jetson/beta_ws/build/robot/install.log --install-scripts $base/lib/robot --single-version-externally-managed
