[1.817s] DEBUG:colcon:Command line arguments: ['/usr/bin/colcon', 'build', '--packages-select', 'robot_bringup']
[1.817s] DEBUG:colcon:Parsed command line arguments: Namespace(allow_overriding=[], ament_cmake_args=None, base_paths=['.'], build_base='build', catkin_cmake_args=None, catkin_skip_building_tests=False, cmake_args=None, cmake_clean_cache=False, cmake_clean_first=False, cmake_force_configure=False, cmake_target=None, cmake_target_skip_unavailable=False, continue_on_error=False, event_handlers=None, executor='parallel', ignore_user_meta=False, install_base='install', log_base=None, log_level=None, main=<bound method BuildVerb.main of <colcon_core.verb.build.BuildVerb object at 0x7fa4f4b340>>, merge_install=False, metas=['./colcon.meta'], packages_above=None, packages_above_and_dependencies=None, packages_above_depth=None, packages_end=None, packages_ignore=None, packages_ignore_regex=None, packages_select=['robot_bringup'], packages_select_build_failed=False, packages_select_by_dep=None, packages_select_regex=None, packages_select_test_failures=False, packages_skip=None, packages_skip_build_finished=False, packages_skip_by_dep=None, packages_skip_regex=None, packages_skip_test_passed=False, packages_skip_up_to=None, packages_start=None, packages_up_to=None, packages_up_to_regex=None, parallel_workers=4, paths=None, symlink_install=False, test_result_base=None, verb_extension=<colcon_core.verb.build.BuildVerb object at 0x7fa4f4b340>, verb_name='build', verb_parser=<colcon_defaults.argument_parser.defaults.DefaultArgumentsDecorator object at 0x7fa4f4b880>)
[1.961s] Level 1:colcon.colcon_core.package_discovery:discover_packages(colcon_meta) check parameters
[1.962s] Level 1:colcon.colcon_core.package_discovery:discover_packages(recursive) check parameters
[1.962s] Level 1:colcon.colcon_core.package_discovery:discover_packages(ignore) check parameters
[1.962s] Level 1:colcon.colcon_core.package_discovery:discover_packages(path) check parameters
[1.963s] Level 1:colcon.colcon_core.package_discovery:discover_packages(colcon_meta) discover
[1.963s] Level 1:colcon.colcon_core.package_discovery:discover_packages(recursive) discover
[1.964s] INFO:colcon.colcon_core.package_discovery:Crawling recursively for packages in '/home/jetson/ros2_ws'
[1.965s] Level 1:colcon.colcon_core.package_identification:_identify(.) by extensions ['ignore', 'ignore_ament_install']
[1.965s] Level 1:colcon.colcon_core.package_identification:_identify(.) by extension 'ignore'
[1.965s] Level 1:colcon.colcon_core.package_identification:_identify(.) by extension 'ignore_ament_install'
[1.966s] Level 1:colcon.colcon_core.package_identification:_identify(.) by extensions ['colcon_pkg']
[1.966s] Level 1:colcon.colcon_core.package_identification:_identify(.) by extension 'colcon_pkg'
[1.966s] Level 1:colcon.colcon_core.package_identification:_identify(.) by extensions ['colcon_meta']
[1.966s] Level 1:colcon.colcon_core.package_identification:_identify(.) by extension 'colcon_meta'
[1.966s] Level 1:colcon.colcon_core.package_identification:_identify(.) by extensions ['ros']
[1.967s] Level 1:colcon.colcon_core.package_identification:_identify(.) by extension 'ros'
[2.068s] Level 1:colcon.colcon_core.package_identification:_identify(.) by extensions ['cmake', 'python']
[2.068s] Level 1:colcon.colcon_core.package_identification:_identify(.) by extension 'cmake'
[2.068s] Level 1:colcon.colcon_core.package_identification:_identify(.) by extension 'python'
[2.069s] Level 1:colcon.colcon_core.package_identification:_identify(.) by extensions ['python_setup_py']
[2.069s] Level 1:colcon.colcon_core.package_identification:_identify(.) by extension 'python_setup_py'
[2.070s] Level 1:colcon.colcon_core.package_identification:_identify(build) by extensions ['ignore', 'ignore_ament_install']
[2.070s] Level 1:colcon.colcon_core.package_identification:_identify(build) by extension 'ignore'
[2.070s] Level 1:colcon.colcon_core.package_identification:_identify(build) ignored
[2.071s] Level 1:colcon.colcon_core.package_identification:_identify(install) by extensions ['ignore', 'ignore_ament_install']
[2.071s] Level 1:colcon.colcon_core.package_identification:_identify(install) by extension 'ignore'
[2.071s] Level 1:colcon.colcon_core.package_identification:_identify(install) ignored
[2.073s] Level 1:colcon.colcon_core.package_identification:_identify(log) by extensions ['ignore', 'ignore_ament_install']
[2.074s] Level 1:colcon.colcon_core.package_identification:_identify(log) by extension 'ignore'
[2.074s] Level 1:colcon.colcon_core.package_identification:_identify(log) ignored
[2.074s] Level 1:colcon.colcon_core.package_identification:_identify(src) by extensions ['ignore', 'ignore_ament_install']
[2.075s] Level 1:colcon.colcon_core.package_identification:_identify(src) by extension 'ignore'
[2.075s] Level 1:colcon.colcon_core.package_identification:_identify(src) by extension 'ignore_ament_install'
[2.075s] Level 1:colcon.colcon_core.package_identification:_identify(src) by extensions ['colcon_pkg']
[2.076s] Level 1:colcon.colcon_core.package_identification:_identify(src) by extension 'colcon_pkg'
[2.076s] Level 1:colcon.colcon_core.package_identification:_identify(src) by extensions ['colcon_meta']
[2.076s] Level 1:colcon.colcon_core.package_identification:_identify(src) by extension 'colcon_meta'
[2.076s] Level 1:colcon.colcon_core.package_identification:_identify(src) by extensions ['ros']
[2.076s] Level 1:colcon.colcon_core.package_identification:_identify(src) by extension 'ros'
[2.077s] Level 1:colcon.colcon_core.package_identification:_identify(src) by extensions ['cmake', 'python']
[2.077s] Level 1:colcon.colcon_core.package_identification:_identify(src) by extension 'cmake'
[2.077s] Level 1:colcon.colcon_core.package_identification:_identify(src) by extension 'python'
[2.078s] Level 1:colcon.colcon_core.package_identification:_identify(src) by extensions ['python_setup_py']
[2.078s] Level 1:colcon.colcon_core.package_identification:_identify(src) by extension 'python_setup_py'
[2.078s] Level 1:colcon.colcon_core.package_identification:_identify(src/robot) by extensions ['ignore', 'ignore_ament_install']
[2.079s] Level 1:colcon.colcon_core.package_identification:_identify(src/robot) by extension 'ignore'
[2.079s] Level 1:colcon.colcon_core.package_identification:_identify(src/robot) by extension 'ignore_ament_install'
[2.079s] Level 1:colcon.colcon_core.package_identification:_identify(src/robot) by extensions ['colcon_pkg']
[2.080s] Level 1:colcon.colcon_core.package_identification:_identify(src/robot) by extension 'colcon_pkg'
[2.080s] Level 1:colcon.colcon_core.package_identification:_identify(src/robot) by extensions ['colcon_meta']
[2.080s] Level 1:colcon.colcon_core.package_identification:_identify(src/robot) by extension 'colcon_meta'
[2.080s] Level 1:colcon.colcon_core.package_identification:_identify(src/robot) by extensions ['ros']
[2.080s] Level 1:colcon.colcon_core.package_identification:_identify(src/robot) by extension 'ros'
[2.092s] DEBUG:colcon.colcon_core.package_identification:Package 'src/robot' with type 'ros.ament_python' and name 'robot'
[2.093s] Level 1:colcon.colcon_core.package_identification:_identify(src/robot_bringup) by extensions ['ignore', 'ignore_ament_install']
[2.093s] Level 1:colcon.colcon_core.package_identification:_identify(src/robot_bringup) by extension 'ignore'
[2.094s] Level 1:colcon.colcon_core.package_identification:_identify(src/robot_bringup) by extension 'ignore_ament_install'
[2.094s] Level 1:colcon.colcon_core.package_identification:_identify(src/robot_bringup) by extensions ['colcon_pkg']
[2.095s] Level 1:colcon.colcon_core.package_identification:_identify(src/robot_bringup) by extension 'colcon_pkg'
[2.095s] Level 1:colcon.colcon_core.package_identification:_identify(src/robot_bringup) by extensions ['colcon_meta']
[2.095s] Level 1:colcon.colcon_core.package_identification:_identify(src/robot_bringup) by extension 'colcon_meta'
[2.095s] Level 1:colcon.colcon_core.package_identification:_identify(src/robot_bringup) by extensions ['ros']
[2.097s] Level 1:colcon.colcon_core.package_identification:_identify(src/robot_bringup) by extension 'ros'
[2.099s] DEBUG:colcon.colcon_core.package_identification:Package 'src/robot_bringup' with type 'ros.ament_python' and name 'robot_bringup'
[2.100s] Level 1:colcon.colcon_core.package_identification:_identify(src/robot_description) by extensions ['ignore', 'ignore_ament_install']
[2.100s] Level 1:colcon.colcon_core.package_identification:_identify(src/robot_description) by extension 'ignore'
[2.100s] Level 1:colcon.colcon_core.package_identification:_identify(src/robot_description) by extension 'ignore_ament_install'
[2.101s] Level 1:colcon.colcon_core.package_identification:_identify(src/robot_description) by extensions ['colcon_pkg']
[2.101s] Level 1:colcon.colcon_core.package_identification:_identify(src/robot_description) by extension 'colcon_pkg'
[2.101s] Level 1:colcon.colcon_core.package_identification:_identify(src/robot_description) by extensions ['colcon_meta']
[2.101s] Level 1:colcon.colcon_core.package_identification:_identify(src/robot_description) by extension 'colcon_meta'
[2.101s] Level 1:colcon.colcon_core.package_identification:_identify(src/robot_description) by extensions ['ros']
[2.101s] Level 1:colcon.colcon_core.package_identification:_identify(src/robot_description) by extension 'ros'
[2.104s] DEBUG:colcon.colcon_core.package_identification:Package 'src/robot_description' with type 'ros.ament_python' and name 'robot_description'
[2.105s] Level 1:colcon.colcon_core.package_identification:_identify(src/robot_interfaces) by extensions ['ignore', 'ignore_ament_install']
[2.105s] Level 1:colcon.colcon_core.package_identification:_identify(src/robot_interfaces) by extension 'ignore'
[2.106s] Level 1:colcon.colcon_core.package_identification:_identify(src/robot_interfaces) by extension 'ignore_ament_install'
[2.106s] Level 1:colcon.colcon_core.package_identification:_identify(src/robot_interfaces) by extensions ['colcon_pkg']
[2.106s] Level 1:colcon.colcon_core.package_identification:_identify(src/robot_interfaces) by extension 'colcon_pkg'
[2.106s] Level 1:colcon.colcon_core.package_identification:_identify(src/robot_interfaces) by extensions ['colcon_meta']
[2.106s] Level 1:colcon.colcon_core.package_identification:_identify(src/robot_interfaces) by extension 'colcon_meta'
[2.107s] Level 1:colcon.colcon_core.package_identification:_identify(src/robot_interfaces) by extensions ['ros']
[2.107s] Level 1:colcon.colcon_core.package_identification:_identify(src/robot_interfaces) by extension 'ros'
[2.110s] DEBUG:colcon.colcon_core.package_identification:Package 'src/robot_interfaces' with type 'ros.ament_cmake' and name 'robot_interfaces'
[2.110s] Level 1:colcon.colcon_core.package_identification:_identify(src/rplidar_ros) by extensions ['ignore', 'ignore_ament_install']
[2.111s] Level 1:colcon.colcon_core.package_identification:_identify(src/rplidar_ros) by extension 'ignore'
[2.111s] Level 1:colcon.colcon_core.package_identification:_identify(src/rplidar_ros) by extension 'ignore_ament_install'
[2.111s] Level 1:colcon.colcon_core.package_identification:_identify(src/rplidar_ros) by extensions ['colcon_pkg']
[2.111s] Level 1:colcon.colcon_core.package_identification:_identify(src/rplidar_ros) by extension 'colcon_pkg'
[2.111s] Level 1:colcon.colcon_core.package_identification:_identify(src/rplidar_ros) by extensions ['colcon_meta']
[2.112s] Level 1:colcon.colcon_core.package_identification:_identify(src/rplidar_ros) by extension 'colcon_meta'
[2.112s] Level 1:colcon.colcon_core.package_identification:_identify(src/rplidar_ros) by extensions ['ros']
[2.112s] Level 1:colcon.colcon_core.package_identification:_identify(src/rplidar_ros) by extension 'ros'
[2.114s] DEBUG:colcon.colcon_core.package_identification:Package 'src/rplidar_ros' with type 'ros.ament_cmake' and name 'rplidar_ros'
[2.115s] Level 1:colcon.colcon_core.package_discovery:discover_packages(recursive) using defaults
[2.115s] Level 1:colcon.colcon_core.package_discovery:discover_packages(ignore) discover
[2.116s] Level 1:colcon.colcon_core.package_discovery:discover_packages(ignore) using defaults
[2.116s] Level 1:colcon.colcon_core.package_discovery:discover_packages(path) discover
[2.116s] Level 1:colcon.colcon_core.package_discovery:discover_packages(path) using defaults
[2.221s] INFO:colcon.colcon_core.package_selection:Skipping not selected package 'robot' in 'src/robot'
[2.221s] INFO:colcon.colcon_core.package_selection:Skipping not selected package 'robot_description' in 'src/robot_description'
[2.221s] INFO:colcon.colcon_core.package_selection:Skipping not selected package 'robot_interfaces' in 'src/robot_interfaces'
[2.221s] INFO:colcon.colcon_core.package_selection:Skipping not selected package 'rplidar_ros' in 'src/rplidar_ros'
[2.225s] Level 1:colcon.colcon_core.package_discovery:discover_packages(prefix_path) check parameters
[2.226s] Level 1:colcon.colcon_core.package_discovery:discover_packages(prefix_path) discover
[2.243s] DEBUG:colcon.colcon_installed_package_information.package_discovery:Found 6 installed packages in /home/jetson/ros2_ws/install
[2.254s] DEBUG:colcon.colcon_installed_package_information.package_discovery:Found 333 installed packages in /opt/ros/foxy
[2.268s] Level 1:colcon.colcon_core.package_discovery:discover_packages(prefix_path) using defaults
[2.733s] Level 5:colcon.colcon_core.verb:set package 'robot_bringup' build argument 'cmake_args' from command line to 'None'
[2.733s] Level 5:colcon.colcon_core.verb:set package 'robot_bringup' build argument 'cmake_target' from command line to 'None'
[2.733s] Level 5:colcon.colcon_core.verb:set package 'robot_bringup' build argument 'cmake_target_skip_unavailable' from command line to 'False'
[2.733s] Level 5:colcon.colcon_core.verb:set package 'robot_bringup' build argument 'cmake_clean_cache' from command line to 'False'
[2.733s] Level 5:colcon.colcon_core.verb:set package 'robot_bringup' build argument 'cmake_clean_first' from command line to 'False'
[2.734s] Level 5:colcon.colcon_core.verb:set package 'robot_bringup' build argument 'cmake_force_configure' from command line to 'False'
[2.734s] Level 5:colcon.colcon_core.verb:set package 'robot_bringup' build argument 'ament_cmake_args' from command line to 'None'
[2.734s] Level 5:colcon.colcon_core.verb:set package 'robot_bringup' build argument 'catkin_cmake_args' from command line to 'None'
[2.734s] Level 5:colcon.colcon_core.verb:set package 'robot_bringup' build argument 'catkin_skip_building_tests' from command line to 'False'
[2.734s] DEBUG:colcon.colcon_core.verb:Building package 'robot_bringup' with the following arguments: {'ament_cmake_args': None, 'build_base': '/home/jetson/ros2_ws/build/robot_bringup', 'catkin_cmake_args': None, 'catkin_skip_building_tests': False, 'cmake_args': None, 'cmake_clean_cache': False, 'cmake_clean_first': False, 'cmake_force_configure': False, 'cmake_target': None, 'cmake_target_skip_unavailable': False, 'install_base': '/home/jetson/ros2_ws/install/robot_bringup', 'merge_install': False, 'path': '/home/jetson/ros2_ws/src/robot_bringup', 'symlink_install': False, 'test_result_base': None}
[2.738s] INFO:colcon.colcon_core.executor:Executing jobs using 'parallel' executor
[2.757s] DEBUG:colcon.colcon_parallel_executor.executor.parallel:run_until_complete
[2.758s] INFO:colcon.colcon_ros.task.ament_python.build:Building ROS package in '/home/jetson/ros2_ws/src/robot_bringup' with build type 'ament_python'
[2.759s] Level 1:colcon.colcon_core.shell:create_environment_hook('robot_bringup', 'ament_prefix_path')
[2.781s] INFO:colcon.colcon_core.plugin_system:Skipping extension 'colcon_core.shell.bat': Not used on non-Windows systems
[2.782s] INFO:colcon.colcon_core.shell:Creating environment hook '/home/jetson/ros2_ws/install/robot_bringup/share/robot_bringup/hook/ament_prefix_path.ps1'
[2.785s] INFO:colcon.colcon_core.shell:Creating environment descriptor '/home/jetson/ros2_ws/install/robot_bringup/share/robot_bringup/hook/ament_prefix_path.dsv'
[2.787s] INFO:colcon.colcon_core.shell:Creating environment hook '/home/jetson/ros2_ws/install/robot_bringup/share/robot_bringup/hook/ament_prefix_path.sh'
[2.797s] INFO:colcon.colcon_core.shell:Skip shell extension 'powershell' for command environment: Not usable outside of PowerShell
[2.797s] DEBUG:colcon.colcon_core.shell:Skip shell extension 'dsv' for command environment
[3.927s] INFO:colcon.colcon_core.task.python.build:Building Python package in '/home/jetson/ros2_ws/src/robot_bringup'
[3.938s] INFO:colcon.colcon_core.shell:Skip shell extension 'powershell' for command environment: Not usable outside of PowerShell
[3.938s] DEBUG:colcon.colcon_core.shell:Skip shell extension 'dsv' for command environment
[6.049s] DEBUG:colcon.colcon_core.event_handler.log_command:Invoking command in '/home/jetson/ros2_ws/build/robot_bringup': PYTHONPATH=/home/jetson/ros2_ws/build/robot_bringup/prefix_override:/home/jetson/ros2_ws/install/robot_bringup/lib/python3.8/site-packages:${PYTHONPATH} /usr/bin/python3 setup.py develop --uninstall --editable --build-directory /home/jetson/ros2_ws/build/robot_bringup/build
[7.944s] DEBUG:colcon.colcon_core.event_handler.log_command:Invoked command in '/home/jetson/ros2_ws/build/robot_bringup' returned '0': PYTHONPATH=/home/jetson/ros2_ws/build/robot_bringup/prefix_override:/home/jetson/ros2_ws/install/robot_bringup/lib/python3.8/site-packages:${PYTHONPATH} /usr/bin/python3 setup.py develop --uninstall --editable --build-directory /home/jetson/ros2_ws/build/robot_bringup/build
[7.954s] DEBUG:colcon.colcon_core.event_handler.log_command:Invoking command in '/home/jetson/ros2_ws/src/robot_bringup': PYTHONPATH=/home/jetson/ros2_ws/build/robot_bringup/prefix_override:/home/jetson/ros2_ws/install/robot_bringup/lib/python3.8/site-packages:${PYTHONPATH} /usr/bin/python3 setup.py egg_info --egg-base ../../build/robot_bringup build --build-base /home/jetson/ros2_ws/build/robot_bringup/build install --record /home/jetson/ros2_ws/build/robot_bringup/install.log --single-version-externally-managed
[9.324s] DEBUG:colcon.colcon_core.event_handler.log_command:Invoked command in '/home/jetson/ros2_ws/src/robot_bringup' returned '0': PYTHONPATH=/home/jetson/ros2_ws/build/robot_bringup/prefix_override:/home/jetson/ros2_ws/install/robot_bringup/lib/python3.8/site-packages:${PYTHONPATH} /usr/bin/python3 setup.py egg_info --egg-base ../../build/robot_bringup build --build-base /home/jetson/ros2_ws/build/robot_bringup/build install --record /home/jetson/ros2_ws/build/robot_bringup/install.log --single-version-externally-managed
[9.352s] Level 1:colcon.colcon_core.environment:checking '/home/jetson/ros2_ws/install/robot_bringup' for CMake module files
[9.354s] Level 1:colcon.colcon_core.environment:checking '/home/jetson/ros2_ws/install/robot_bringup' for CMake config files
[9.357s] Level 1:colcon.colcon_core.environment:checking '/home/jetson/ros2_ws/install/robot_bringup/lib'
[9.357s] Level 1:colcon.colcon_core.environment:checking '/home/jetson/ros2_ws/install/robot_bringup/bin'
[9.358s] Level 1:colcon.colcon_core.environment:checking '/home/jetson/ros2_ws/install/robot_bringup/lib/pkgconfig/robot_bringup.pc'
[9.359s] Level 1:colcon.colcon_core.environment:checking '/home/jetson/ros2_ws/install/robot_bringup/lib/python3.8/site-packages'
[9.359s] Level 1:colcon.colcon_core.shell:create_environment_hook('robot_bringup', 'pythonpath')
[9.367s] INFO:colcon.colcon_core.shell:Creating environment hook '/home/jetson/ros2_ws/install/robot_bringup/share/robot_bringup/hook/pythonpath.ps1'
[9.370s] INFO:colcon.colcon_core.shell:Creating environment descriptor '/home/jetson/ros2_ws/install/robot_bringup/share/robot_bringup/hook/pythonpath.dsv'
[9.371s] INFO:colcon.colcon_core.shell:Creating environment hook '/home/jetson/ros2_ws/install/robot_bringup/share/robot_bringup/hook/pythonpath.sh'
[9.373s] Level 1:colcon.colcon_core.environment:checking '/home/jetson/ros2_ws/install/robot_bringup/bin'
[9.374s] Level 1:colcon.colcon_core.environment:create_environment_scripts_only(robot_bringup)
[9.381s] INFO:colcon.colcon_core.shell:Creating package script '/home/jetson/ros2_ws/install/robot_bringup/share/robot_bringup/package.ps1'
[9.385s] INFO:colcon.colcon_core.shell:Creating package descriptor '/home/jetson/ros2_ws/install/robot_bringup/share/robot_bringup/package.dsv'
[9.387s] INFO:colcon.colcon_core.shell:Creating package script '/home/jetson/ros2_ws/install/robot_bringup/share/robot_bringup/package.sh'
[9.390s] INFO:colcon.colcon_core.shell:Creating package script '/home/jetson/ros2_ws/install/robot_bringup/share/robot_bringup/package.bash'
[9.394s] INFO:colcon.colcon_core.shell:Creating package script '/home/jetson/ros2_ws/install/robot_bringup/share/robot_bringup/package.zsh'
[9.397s] Level 1:colcon.colcon_core.environment:create_file_with_runtime_dependencies(/home/jetson/ros2_ws/install/robot_bringup/share/colcon-core/packages/robot_bringup)
[9.398s] DEBUG:colcon.colcon_parallel_executor.executor.parallel:closing loop
[9.400s] DEBUG:colcon.colcon_parallel_executor.executor.parallel:loop closed
[9.400s] DEBUG:colcon.colcon_parallel_executor.executor.parallel:run_until_complete finished with '0'
[9.401s] DEBUG:colcon.colcon_core.event_reactor:joining thread
[9.426s] INFO:colcon.colcon_core.plugin_system:Skipping extension 'colcon_notification.desktop_notification.terminal_notifier': Not used on non-Darwin systems
[9.428s] INFO:colcon.colcon_core.plugin_system:Skipping extension 'colcon_notification.desktop_notification.win32': Not used on non-Windows systems
[9.428s] INFO:colcon.colcon_notification.desktop_notification:Sending desktop notification using 'notify2'
[9.473s] DEBUG:colcon.colcon_notification.desktop_notification.notify2:Failed to initialize notify2: org.freedesktop.DBus.Error.Spawn.ChildExited: Process org.freedesktop.Notifications exited with status 1
[9.473s] DEBUG:colcon.colcon_core.event_reactor:joined thread
[9.482s] INFO:colcon.colcon_core.shell:Creating prefix script '/home/jetson/ros2_ws/install/local_setup.ps1'
[9.488s] INFO:colcon.colcon_core.shell:Creating prefix util module '/home/jetson/ros2_ws/install/_local_setup_util_ps1.py'
[9.494s] INFO:colcon.colcon_core.shell:Creating prefix chain script '/home/jetson/ros2_ws/install/setup.ps1'
[9.504s] INFO:colcon.colcon_core.shell:Creating prefix script '/home/jetson/ros2_ws/install/local_setup.sh'
[9.510s] INFO:colcon.colcon_core.shell:Creating prefix util module '/home/jetson/ros2_ws/install/_local_setup_util_sh.py'
[9.512s] INFO:colcon.colcon_core.shell:Creating prefix chain script '/home/jetson/ros2_ws/install/setup.sh'
[9.519s] INFO:colcon.colcon_core.shell:Creating prefix script '/home/jetson/ros2_ws/install/local_setup.bash'
[9.522s] INFO:colcon.colcon_core.shell:Creating prefix chain script '/home/jetson/ros2_ws/install/setup.bash'
[9.529s] INFO:colcon.colcon_core.shell:Creating prefix script '/home/jetson/ros2_ws/install/local_setup.zsh'
[9.532s] INFO:colcon.colcon_core.shell:Creating prefix chain script '/home/jetson/ros2_ws/install/setup.zsh'
