[2.248s] Invoking command in '/home/jetson/ros2_ws/build/robot_description': PYTHONPATH=/home/jetson/ros2_ws/build/robot_description/prefix_override:/home/jetson/ros2_ws/install/robot_description/lib/python3.8/site-packages:${PYTHONPATH} /usr/bin/python3 setup.py develop --uninstall --editable --build-directory /home/jetson/ros2_ws/build/robot_description/build
[3.060s] running develop
[3.545s] Removing /home/jetson/ros2_ws/install/robot_description/lib/python3.8/site-packages/robot-description.egg-link (link to .)
[3.634s] Invoked command in '/home/jetson/ros2_ws/build/robot_description' returned '0': PYTHONPATH=/home/jetson/ros2_ws/build/robot_description/prefix_override:/home/jetson/ros2_ws/install/robot_description/lib/python3.8/site-packages:${PYTHONPATH} /usr/bin/python3 setup.py develop --uninstall --editable --build-directory /home/jetson/ros2_ws/build/robot_description/build
[3.641s] Invoking command in '/home/jetson/ros2_ws/src/robot_description': PYTHONPATH=/home/jetson/ros2_ws/build/robot_description/prefix_override:/home/jetson/ros2_ws/install/robot_description/lib/python3.8/site-packages:${PYTHONPATH} /usr/bin/python3 setup.py egg_info --egg-base ../../build/robot_description build --build-base /home/jetson/ros2_ws/build/robot_description/build install --record /home/jetson/ros2_ws/build/robot_description/install.log --install-scripts $base/lib/robot_description --single-version-externally-managed
[4.393s] running egg_info
[4.395s] writing ../../build/robot_description/robot_description.egg-info/PKG-INFO
[4.396s] writing dependency_links to ../../build/robot_description/robot_description.egg-info/dependency_links.txt
[4.396s] writing entry points to ../../build/robot_description/robot_description.egg-info/entry_points.txt
[4.397s] writing requirements to ../../build/robot_description/robot_description.egg-info/requires.txt
[4.397s] writing top-level names to ../../build/robot_description/robot_description.egg-info/top_level.txt
[4.522s] reading manifest file '../../build/robot_description/robot_description.egg-info/SOURCES.txt'
[4.525s] writing manifest file '../../build/robot_description/robot_description.egg-info/SOURCES.txt'
[4.526s] running build
[4.527s] running build_py
[4.527s] running install
[4.529s] running install_lib
[4.532s] creating /home/jetson/ros2_ws/install/robot_description/lib/python3.8/site-packages/robot_description
[4.532s] copying /home/jetson/ros2_ws/build/robot_description/build/lib/robot_description/__init__.py -> /home/jetson/ros2_ws/install/robot_description/lib/python3.8/site-packages/robot_description
[4.534s] byte-compiling /home/jetson/ros2_ws/install/robot_description/lib/python3.8/site-packages/robot_description/__init__.py to __init__.cpython-38.pyc
[4.538s] running install_data
[4.540s] running install_egg_info
[4.545s] Copying ../../build/robot_description/robot_description.egg-info to /home/jetson/ros2_ws/install/robot_description/lib/python3.8/site-packages/robot_description-0.0.0-py3.8.egg-info
[4.549s] running install_scripts
[4.604s] writing list of installed files to '/home/jetson/ros2_ws/build/robot_description/install.log'
[4.692s] Invoked command in '/home/jetson/ros2_ws/src/robot_description' returned '0': PYTHONPATH=/home/jetson/ros2_ws/build/robot_description/prefix_override:/home/jetson/ros2_ws/install/robot_description/lib/python3.8/site-packages:${PYTHONPATH} /usr/bin/python3 setup.py egg_info --egg-base ../../build/robot_description build --build-base /home/jetson/ros2_ws/build/robot_description/build install --record /home/jetson/ros2_ws/build/robot_description/install.log --install-scripts $base/lib/robot_description --single-version-externally-managed
