[3.820s] Invoking command in '/home/scott/alpha_ws/src/robot': PYTHONPATH=/home/scott/alpha_ws/build/robot/prefix_override:/home/scott/alpha_ws/install/robot/lib/python3.10/site-packages:${PYTHONPATH} /usr/bin/python3 setup.py egg_info --egg-base ../../build/robot build --build-base /home/scott/alpha_ws/build/robot/build install --record /home/scott/alpha_ws/build/robot/install.log --single-version-externally-managed
[5.101s] running egg_info
[5.103s] writing ../../build/robot/robot.egg-info/PKG-INFO
[5.104s] writing dependency_links to ../../build/robot/robot.egg-info/dependency_links.txt
[5.106s] writing entry points to ../../build/robot/robot.egg-info/entry_points.txt
[5.107s] writing requirements to ../../build/robot/robot.egg-info/requires.txt
[5.107s] writing top-level names to ../../build/robot/robot.egg-info/top_level.txt
[5.116s] reading manifest file '../../build/robot/robot.egg-info/SOURCES.txt'
[5.118s] adding license file 'LICENSE'
[5.121s] writing manifest file '../../build/robot/robot.egg-info/SOURCES.txt'
[5.122s] running build
[5.122s] running build_py
[5.125s] running install
[5.126s] running install_lib
[5.134s] running install_data
[5.136s] running install_egg_info
[5.144s] removing '/home/scott/alpha_ws/install/robot/lib/python3.10/site-packages/robot-0.0.0-py3.10.egg-info' (and everything under it)
[5.145s] Copying ../../build/robot/robot.egg-info to /home/scott/alpha_ws/install/robot/lib/python3.10/site-packages/robot-0.0.0-py3.10.egg-info
[5.152s] running install_scripts
[5.242s] Installing encoder_publisher_right script to /home/scott/alpha_ws/install/robot/lib/robot
[5.243s] Installing motor_controller script to /home/scott/alpha_ws/install/robot/lib/robot
[5.244s] Installing motor_driver script to /home/scott/alpha_ws/install/robot/lib/robot
[5.245s] Installing pid_controller_right script to /home/scott/alpha_ws/install/robot/lib/robot
[5.246s] Installing rpm_publisher_right script to /home/scott/alpha_ws/install/robot/lib/robot
[5.248s] writing list of installed files to '/home/scott/alpha_ws/build/robot/install.log'
[5.380s] Invoked command in '/home/scott/alpha_ws/src/robot' returned '0': PYTHONPATH=/home/scott/alpha_ws/build/robot/prefix_override:/home/scott/alpha_ws/install/robot/lib/python3.10/site-packages:${PYTHONPATH} /usr/bin/python3 setup.py egg_info --egg-base ../../build/robot build --build-base /home/scott/alpha_ws/build/robot/build install --record /home/scott/alpha_ws/build/robot/install.log --single-version-externally-managed
