[7.189s] Invoking command in '/home/jetson/ros2_ws/src/robot': PYTHONPATH=/home/jetson/ros2_ws/build/robot/prefix_override:/home/jetson/ros2_ws/install/robot/lib/python3.8/site-packages:${PYTHONPATH} /usr/bin/python3 setup.py egg_info --egg-base ../../build/robot build --build-base /home/jetson/ros2_ws/build/robot/build install --record /home/jetson/ros2_ws/build/robot/install.log --install-scripts $base/lib/robot --single-version-externally-managed
[8.818s] running egg_info
[8.822s] writing ../../build/robot/robot.egg-info/PKG-INFO
[8.826s] writing dependency_links to ../../build/robot/robot.egg-info/dependency_links.txt
[8.826s] writing entry points to ../../build/robot/robot.egg-info/entry_points.txt
[8.826s] writing requirements to ../../build/robot/robot.egg-info/requires.txt
[8.827s] writing top-level names to ../../build/robot/robot.egg-info/top_level.txt
[8.998s] reading manifest file '../../build/robot/robot.egg-info/SOURCES.txt'
[9.004s] writing manifest file '../../build/robot/robot.egg-info/SOURCES.txt'
[9.005s] running build
[9.005s] running build_py
[9.008s] running install
[9.012s] running install_lib
[9.019s] running install_data
[9.023s] running install_egg_info
[9.030s] removing '/home/jetson/ros2_ws/install/robot/lib/python3.8/site-packages/robot-0.0.0-py3.8.egg-info' (and everything under it)
[9.031s] Copying ../../build/robot/robot.egg-info to /home/jetson/ros2_ws/install/robot/lib/python3.8/site-packages/robot-0.0.0-py3.8.egg-info
[9.036s] running install_scripts
[9.110s] Installing encoder_publisher script to /home/jetson/ros2_ws/install/robot/lib/robot
[9.110s] Installing encoder_publisher_left script to /home/jetson/ros2_ws/install/robot/lib/robot
[9.111s] Installing encoder_publisher_right script to /home/jetson/ros2_ws/install/robot/lib/robot
[9.113s] Installing imu_controller script to /home/jetson/ros2_ws/install/robot/lib/robot
[9.114s] Installing motor_controller script to /home/jetson/ros2_ws/install/robot/lib/robot
[9.114s] Installing motor_driver script to /home/jetson/ros2_ws/install/robot/lib/robot
[9.114s] Installing odom_publisher script to /home/jetson/ros2_ws/install/robot/lib/robot
[9.115s] Installing pid_controller script to /home/jetson/ros2_ws/install/robot/lib/robot
[9.115s] Installing velocity_publisher script to /home/jetson/ros2_ws/install/robot/lib/robot
[9.115s] writing list of installed files to '/home/jetson/ros2_ws/build/robot/install.log'
[9.241s] Invoked command in '/home/jetson/ros2_ws/src/robot' returned '0': PYTHONPATH=/home/jetson/ros2_ws/build/robot/prefix_override:/home/jetson/ros2_ws/install/robot/lib/python3.8/site-packages:${PYTHONPATH} /usr/bin/python3 setup.py egg_info --egg-base ../../build/robot build --build-base /home/jetson/ros2_ws/build/robot/build install --record /home/jetson/ros2_ws/build/robot/install.log --install-scripts $base/lib/robot --single-version-externally-managed
