[2.183s] Invoking command in '/home/jetson/ros2_ws/src/robot': PYTHONPATH=/home/jetson/ros2_ws/build/robot/prefix_override:/home/jetson/ros2_ws/install/robot/lib/python3.8/site-packages:${PYTHONPATH} /usr/bin/python3 setup.py egg_info --egg-base ../../build/robot build --build-base /home/jetson/ros2_ws/build/robot/build install --record /home/jetson/ros2_ws/build/robot/install.log --install-scripts $base/lib/robot --single-version-externally-managed
[2.911s] running egg_info
[2.913s] writing ../../build/robot/robot.egg-info/PKG-INFO
[2.914s] writing dependency_links to ../../build/robot/robot.egg-info/dependency_links.txt
[2.914s] writing entry points to ../../build/robot/robot.egg-info/entry_points.txt
[2.915s] writing requirements to ../../build/robot/robot.egg-info/requires.txt
[2.915s] writing top-level names to ../../build/robot/robot.egg-info/top_level.txt
[3.041s] reading manifest file '../../build/robot/robot.egg-info/SOURCES.txt'
[3.044s] writing manifest file '../../build/robot/robot.egg-info/SOURCES.txt'
[3.045s] running build
[3.046s] running build_py
[3.047s] running install
[3.050s] running install_lib
[3.056s] running install_data
[3.057s] running install_egg_info
[3.063s] removing '/home/jetson/ros2_ws/install/robot/lib/python3.8/site-packages/robot-0.0.0-py3.8.egg-info' (and everything under it)
[3.064s] Copying ../../build/robot/robot.egg-info to /home/jetson/ros2_ws/install/robot/lib/python3.8/site-packages/robot-0.0.0-py3.8.egg-info
[3.066s] running install_scripts
[3.120s] Installing encoder_publisher script to /home/jetson/ros2_ws/install/robot/lib/robot
[3.120s] Installing encoder_publisher_left script to /home/jetson/ros2_ws/install/robot/lib/robot
[3.120s] Installing encoder_publisher_right script to /home/jetson/ros2_ws/install/robot/lib/robot
[3.121s] Installing imu_controller script to /home/jetson/ros2_ws/install/robot/lib/robot
[3.121s] Installing motor_controller script to /home/jetson/ros2_ws/install/robot/lib/robot
[3.122s] Installing motor_driver script to /home/jetson/ros2_ws/install/robot/lib/robot
[3.122s] Installing odom_publisher script to /home/jetson/ros2_ws/install/robot/lib/robot
[3.122s] Installing pid_controller script to /home/jetson/ros2_ws/install/robot/lib/robot
[3.123s] Installing velocity_publisher script to /home/jetson/ros2_ws/install/robot/lib/robot
[3.123s] writing list of installed files to '/home/jetson/ros2_ws/build/robot/install.log'
[3.215s] Invoked command in '/home/jetson/ros2_ws/src/robot' returned '0': PYTHONPATH=/home/jetson/ros2_ws/build/robot/prefix_override:/home/jetson/ros2_ws/install/robot/lib/python3.8/site-packages:${PYTHONPATH} /usr/bin/python3 setup.py egg_info --egg-base ../../build/robot build --build-base /home/jetson/ros2_ws/build/robot/build install --record /home/jetson/ros2_ws/build/robot/install.log --install-scripts $base/lib/robot --single-version-externally-managed
