[2.355s] Invoking command in '/home/jetson/ros2_ws/build/robot_interfaces': CMAKE_PREFIX_PATH=/opt/ros/foxy /usr/bin/cmake --build /home/jetson/ros2_ws/build/robot_interfaces -- -j4 -l4
[2.577s] -- Found ament_cmake: 0.9.12 (/opt/ros/foxy/share/ament_cmake/cmake)
[2.677s] -- Found PythonInterp: /usr/bin/python3 (found suitable version "3.8.10", minimum required is "3") 
[2.678s] -- Using PYTHON_EXECUTABLE: /usr/bin/python3
[3.433s] -- Override CMake install command with custom implementation using symlinks instead of copying resources
[3.496s] -- Found rosidl_default_generators: 1.0.1 (/opt/ros/foxy/share/rosidl_default_generators/cmake)
[3.508s] -- Using all available rosidl_typesupport_c: rosidl_typesupport_fastrtps_c;rosidl_typesupport_introspection_c
[3.525s] -- Found rosidl_adapter: 1.3.1 (/opt/ros/foxy/share/rosidl_adapter/cmake)
[4.168s] -- Using all available rosidl_typesupport_cpp: rosidl_typesupport_fastrtps_cpp;rosidl_typesupport_introspection_cpp
[4.368s] -- Found PythonInterp: /usr/bin/python3 (found version "3.8.10") 
[4.858s] -- Found ament_cmake_ros: 0.9.2 (/opt/ros/foxy/share/ament_cmake_ros/cmake)
[5.262s] -- Using all available rosidl_typesupport_c: rosidl_typesupport_fastrtps_c;rosidl_typesupport_introspection_c
[5.305s] -- Using all available rosidl_typesupport_cpp: rosidl_typesupport_fastrtps_cpp;rosidl_typesupport_introspection_cpp
[5.388s] -- Found PythonInterp: /usr/bin/python3 (found suitable version "3.8.10", minimum required is "3.5") 
[5.393s] -- Found python_cmake_module: 0.8.1 (/opt/ros/foxy/share/python_cmake_module/cmake)
[5.481s] -- Using PYTHON_EXECUTABLE: /usr/bin/python3
[5.482s] -- Using PYTHON_INCLUDE_DIRS: /usr/include/python3.8
[5.483s] -- Using PYTHON_LIBRARIES: /usr/lib/aarch64-linux-gnu/libpython3.8.so
[5.549s] -- Found ament_lint_auto: 0.9.8 (/opt/ros/foxy/share/ament_lint_auto/cmake)
[5.637s] -- Added test 'copyright' to check source files copyright and LICENSE
[5.646s] -- Added test 'lint_cmake' to check CMake code style
[5.652s] -- Added test 'xmllint' to check XML markup files
[5.679s] -- Configuring done
[5.891s] -- Generating done
[5.902s] -- Build files have been written to: /home/jetson/ros2_ws/build/robot_interfaces
[6.053s] [ 10%] Built target robot_interfaces__rosidl_generator_c
[6.086s] [ 12%] Built target robot_interfaces__cpp
[6.242s] [ 23%] Built target robot_interfaces__rosidl_typesupport_c
[6.250s] [ 34%] Built target robot_interfaces__rosidl_typesupport_introspection_cpp
[6.267s] [ 44%] Built target robot_interfaces__rosidl_typesupport_introspection_c
[6.281s] [ 55%] Built target robot_interfaces__rosidl_typesupport_fastrtps_cpp
[6.320s] [ 65%] Built target robot_interfaces__rosidl_typesupport_cpp
[6.370s] [ 76%] Built target robot_interfaces__rosidl_typesupport_fastrtps_c
[6.425s] [ 76%] Built target robot_interfaces
[6.483s] [ 78%] Built target robot_interfaces__py
[6.582s] [ 87%] Built target robot_interfaces__python
[6.672s] [ 95%] Built target robot_interfaces__rosidl_typesupport_c__pyext
[6.672s] [ 95%] Built target robot_interfaces__rosidl_typesupport_fastrtps_c__pyext
[6.674s] [100%] Built target robot_interfaces__rosidl_typesupport_introspection_c__pyext
