[4.021s] Invoking command in '/home/scott/alpha_ws/src/robot': PYTHONPATH=/home/scott/alpha_ws/build/robot/prefix_override:/home/scott/alpha_ws/install/robot/lib/python3.10/site-packages:${PYTHONPATH} /usr/bin/python3 setup.py egg_info --egg-base ../../build/robot build --build-base /home/scott/alpha_ws/build/robot/build install --record /home/scott/alpha_ws/build/robot/install.log --single-version-externally-managed
[5.386s] running egg_info
[5.389s] writing ../../build/robot/robot.egg-info/PKG-INFO
[5.391s] writing dependency_links to ../../build/robot/robot.egg-info/dependency_links.txt
[5.392s] writing entry points to ../../build/robot/robot.egg-info/entry_points.txt
[5.393s] writing requirements to ../../build/robot/robot.egg-info/requires.txt
[5.393s] writing top-level names to ../../build/robot/robot.egg-info/top_level.txt
[5.403s] reading manifest file '../../build/robot/robot.egg-info/SOURCES.txt'
[5.404s] adding license file 'LICENSE'
[5.407s] writing manifest file '../../build/robot/robot.egg-info/SOURCES.txt'
[5.408s] running build
[5.408s] running build_py
[5.409s] copying robot/pid_controller_right.py -> /home/scott/alpha_ws/build/robot/build/lib/robot
[5.412s] running install
[5.413s] running install_lib
[5.417s] copying /home/scott/alpha_ws/build/robot/build/lib/robot/pid_controller_right.py -> /home/scott/alpha_ws/install/robot/lib/python3.10/site-packages/robot
[5.421s] byte-compiling /home/scott/alpha_ws/install/robot/lib/python3.10/site-packages/robot/pid_controller_right.py to pid_controller_right.cpython-310.pyc
[5.427s] running install_data
[5.431s] running install_egg_info
[5.437s] removing '/home/scott/alpha_ws/install/robot/lib/python3.10/site-packages/robot-0.0.0-py3.10.egg-info' (and everything under it)
[5.439s] Copying ../../build/robot/robot.egg-info to /home/scott/alpha_ws/install/robot/lib/python3.10/site-packages/robot-0.0.0-py3.10.egg-info
[5.445s] running install_scripts
[5.539s] Installing encoder_publisher_right script to /home/scott/alpha_ws/install/robot/lib/robot
[5.540s] Installing motor_controller script to /home/scott/alpha_ws/install/robot/lib/robot
[5.541s] Installing motor_driver script to /home/scott/alpha_ws/install/robot/lib/robot
[5.543s] Installing pid_controller_right script to /home/scott/alpha_ws/install/robot/lib/robot
[5.543s] Installing rpm_publisher_right script to /home/scott/alpha_ws/install/robot/lib/robot
[5.545s] writing list of installed files to '/home/scott/alpha_ws/build/robot/install.log'
[5.682s] Invoked command in '/home/scott/alpha_ws/src/robot' returned '0': PYTHONPATH=/home/scott/alpha_ws/build/robot/prefix_override:/home/scott/alpha_ws/install/robot/lib/python3.10/site-packages:${PYTHONPATH} /usr/bin/python3 setup.py egg_info --egg-base ../../build/robot build --build-base /home/scott/alpha_ws/build/robot/build install --record /home/scott/alpha_ws/build/robot/install.log --single-version-externally-managed
