[5.442s] Invoking command in '/home/scott/alpha_ws/src/robot': PYTHONPATH=/home/scott/alpha_ws/build/robot/prefix_override:/home/scott/alpha_ws/install/robot/lib/python3.10/site-packages:${PYTHONPATH} /usr/bin/python3 setup.py egg_info --egg-base ../../build/robot build --build-base /home/scott/alpha_ws/build/robot/build install --record /home/scott/alpha_ws/build/robot/install.log --single-version-externally-managed
[7.068s] running egg_info
[7.070s] writing ../../build/robot/robot.egg-info/PKG-INFO
[7.073s] writing dependency_links to ../../build/robot/robot.egg-info/dependency_links.txt
[7.075s] writing entry points to ../../build/robot/robot.egg-info/entry_points.txt
[7.076s] writing requirements to ../../build/robot/robot.egg-info/requires.txt
[7.077s] writing top-level names to ../../build/robot/robot.egg-info/top_level.txt
[7.087s] reading manifest file '../../build/robot/robot.egg-info/SOURCES.txt'
[7.090s] adding license file 'LICENSE'
[7.093s] writing manifest file '../../build/robot/robot.egg-info/SOURCES.txt'
[7.094s] running build
[7.095s] running build_py
[7.096s] copying robot/encoder_publisher_left.py -> /home/scott/alpha_ws/build/robot/build/lib/robot
[7.098s] copying robot/imu_publisher.py -> /home/scott/alpha_ws/build/robot/build/lib/robot
[7.100s] copying robot/encoder_publisher_right.py -> /home/scott/alpha_ws/build/robot/build/lib/robot
[7.104s] running install
[7.106s] running install_lib
[7.110s] copying /home/scott/alpha_ws/build/robot/build/lib/robot/encoder_publisher_left.py -> /home/scott/alpha_ws/install/robot/lib/python3.10/site-packages/robot
[7.112s] copying /home/scott/alpha_ws/build/robot/build/lib/robot/imu_publisher.py -> /home/scott/alpha_ws/install/robot/lib/python3.10/site-packages/robot
[7.114s] copying /home/scott/alpha_ws/build/robot/build/lib/robot/encoder_publisher_right.py -> /home/scott/alpha_ws/install/robot/lib/python3.10/site-packages/robot
[7.118s] byte-compiling /home/scott/alpha_ws/install/robot/lib/python3.10/site-packages/robot/encoder_publisher_left.py to encoder_publisher_left.cpython-310.pyc
[7.123s] byte-compiling /home/scott/alpha_ws/install/robot/lib/python3.10/site-packages/robot/imu_publisher.py to imu_publisher.cpython-310.pyc
[7.126s] byte-compiling /home/scott/alpha_ws/install/robot/lib/python3.10/site-packages/robot/encoder_publisher_right.py to encoder_publisher_right.cpython-310.pyc
[7.130s] running install_data
[7.133s] running install_egg_info
[7.140s] removing '/home/scott/alpha_ws/install/robot/lib/python3.10/site-packages/robot-0.0.0-py3.10.egg-info' (and everything under it)
[7.142s] Copying ../../build/robot/robot.egg-info to /home/scott/alpha_ws/install/robot/lib/python3.10/site-packages/robot-0.0.0-py3.10.egg-info
[7.154s] running install_scripts
[7.254s] Installing encoder_publisher script to /home/scott/alpha_ws/install/robot/lib/robot
[7.255s] Installing encoder_publisher_left script to /home/scott/alpha_ws/install/robot/lib/robot
[7.256s] Installing encoder_publisher_right script to /home/scott/alpha_ws/install/robot/lib/robot
[7.257s] Installing imu_publisher script to /home/scott/alpha_ws/install/robot/lib/robot
[7.258s] Installing motor_controller script to /home/scott/alpha_ws/install/robot/lib/robot
[7.259s] Installing motor_driver script to /home/scott/alpha_ws/install/robot/lib/robot
[7.261s] Installing odom_publisher script to /home/scott/alpha_ws/install/robot/lib/robot
[7.262s] Installing pid_controller_left script to /home/scott/alpha_ws/install/robot/lib/robot
[7.263s] Installing pid_controller_right script to /home/scott/alpha_ws/install/robot/lib/robot
[7.266s] writing list of installed files to '/home/scott/alpha_ws/build/robot/install.log'
[7.422s] Invoked command in '/home/scott/alpha_ws/src/robot' returned '0': PYTHONPATH=/home/scott/alpha_ws/build/robot/prefix_override:/home/scott/alpha_ws/install/robot/lib/python3.10/site-packages:${PYTHONPATH} /usr/bin/python3 setup.py egg_info --egg-base ../../build/robot build --build-base /home/scott/alpha_ws/build/robot/build install --record /home/scott/alpha_ws/build/robot/install.log --single-version-externally-managed
