[4.589s] Invoking command in '/home/jetson/ros2_ws/src/robot_bringup': PYTHONPATH=/home/jetson/ros2_ws/build/robot_bringup/prefix_override:/home/jetson/ros2_ws/install/robot_bringup/lib/python3.8/site-packages:${PYTHONPATH} /usr/bin/python3 setup.py egg_info --egg-base ../../build/robot_bringup build --build-base /home/jetson/ros2_ws/build/robot_bringup/build install --record /home/jetson/ros2_ws/build/robot_bringup/install.log --install-scripts $base/lib/robot_bringup --single-version-externally-managed
[5.534s] running egg_info
[5.543s] creating ../../build/robot_bringup/robot_bringup.egg-info
[5.543s] writing ../../build/robot_bringup/robot_bringup.egg-info/PKG-INFO
[5.544s] writing dependency_links to ../../build/robot_bringup/robot_bringup.egg-info/dependency_links.txt
[5.545s] writing entry points to ../../build/robot_bringup/robot_bringup.egg-info/entry_points.txt
[5.545s] writing requirements to ../../build/robot_bringup/robot_bringup.egg-info/requires.txt
[5.546s] writing top-level names to ../../build/robot_bringup/robot_bringup.egg-info/top_level.txt
[5.551s] writing manifest file '../../build/robot_bringup/robot_bringup.egg-info/SOURCES.txt'
[5.695s] reading manifest file '../../build/robot_bringup/robot_bringup.egg-info/SOURCES.txt'
[5.699s] writing manifest file '../../build/robot_bringup/robot_bringup.egg-info/SOURCES.txt'
[5.700s] running build
[5.701s] running build_py
[5.701s] creating /home/jetson/ros2_ws/build/robot_bringup/build
[5.701s] creating /home/jetson/ros2_ws/build/robot_bringup/build/lib
[5.702s] creating /home/jetson/ros2_ws/build/robot_bringup/build/lib/robot_bringup
[5.702s] copying robot_bringup/__init__.py -> /home/jetson/ros2_ws/build/robot_bringup/build/lib/robot_bringup
[5.702s] running install
[5.704s] running install_lib
[5.709s] creating /home/jetson/ros2_ws/install/robot_bringup/lib/python3.8/site-packages/robot_bringup
[5.710s] copying /home/jetson/ros2_ws/build/robot_bringup/build/lib/robot_bringup/__init__.py -> /home/jetson/ros2_ws/install/robot_bringup/lib/python3.8/site-packages/robot_bringup
[5.712s] byte-compiling /home/jetson/ros2_ws/install/robot_bringup/lib/python3.8/site-packages/robot_bringup/__init__.py to __init__.cpython-38.pyc
[5.717s] running install_data
[5.720s] creating /home/jetson/ros2_ws/install/robot_bringup/share/ament_index
[5.721s] creating /home/jetson/ros2_ws/install/robot_bringup/share/ament_index/resource_index
[5.721s] creating /home/jetson/ros2_ws/install/robot_bringup/share/ament_index/resource_index/packages
[5.721s] copying resource/robot_bringup -> /home/jetson/ros2_ws/install/robot_bringup/share/ament_index/resource_index/packages
[5.723s] copying package.xml -> /home/jetson/ros2_ws/install/robot_bringup/share/robot_bringup
[5.723s] running install_egg_info
[5.730s] Copying ../../build/robot_bringup/robot_bringup.egg-info to /home/jetson/ros2_ws/install/robot_bringup/lib/python3.8/site-packages/robot_bringup-0.0.0-py3.8.egg-info
[5.734s] running install_scripts
[5.818s] writing list of installed files to '/home/jetson/ros2_ws/build/robot_bringup/install.log'
[5.934s] Invoked command in '/home/jetson/ros2_ws/src/robot_bringup' returned '0': PYTHONPATH=/home/jetson/ros2_ws/build/robot_bringup/prefix_override:/home/jetson/ros2_ws/install/robot_bringup/lib/python3.8/site-packages:${PYTHONPATH} /usr/bin/python3 setup.py egg_info --egg-base ../../build/robot_bringup build --build-base /home/jetson/ros2_ws/build/robot_bringup/build install --record /home/jetson/ros2_ws/build/robot_bringup/install.log --install-scripts $base/lib/robot_bringup --single-version-externally-managed
