[4.012s] Invoking command in '/home/scott/alpha_ws/src/robot': PYTHONPATH=/home/scott/alpha_ws/build/robot/prefix_override:/home/scott/alpha_ws/install/robot/lib/python3.10/site-packages:${PYTHONPATH} /usr/bin/python3 setup.py egg_info --egg-base ../../build/robot build --build-base /home/scott/alpha_ws/build/robot/build install --record /home/scott/alpha_ws/build/robot/install.log --single-version-externally-managed
[5.364s] running egg_info
[5.366s] writing ../../build/robot/robot.egg-info/PKG-INFO
[5.367s] writing dependency_links to ../../build/robot/robot.egg-info/dependency_links.txt
[5.370s] writing entry points to ../../build/robot/robot.egg-info/entry_points.txt
[5.371s] writing requirements to ../../build/robot/robot.egg-info/requires.txt
[5.373s] writing top-level names to ../../build/robot/robot.egg-info/top_level.txt
[5.381s] reading manifest file '../../build/robot/robot.egg-info/SOURCES.txt'
[5.383s] adding license file 'LICENSE'
[5.386s] writing manifest file '../../build/robot/robot.egg-info/SOURCES.txt'
[5.387s] running build
[5.388s] running build_py
[5.390s] copying robot/pid_controller_right.py -> /home/scott/alpha_ws/build/robot/build/lib/robot
[5.394s] running install
[5.396s] running install_lib
[5.400s] copying /home/scott/alpha_ws/build/robot/build/lib/robot/pid_controller_right.py -> /home/scott/alpha_ws/install/robot/lib/python3.10/site-packages/robot
[5.407s] byte-compiling /home/scott/alpha_ws/install/robot/lib/python3.10/site-packages/robot/pid_controller_right.py to pid_controller_right.cpython-310.pyc
[5.412s] running install_data
[5.414s] running install_egg_info
[5.422s] removing '/home/scott/alpha_ws/install/robot/lib/python3.10/site-packages/robot-0.0.0-py3.10.egg-info' (and everything under it)
[5.424s] Copying ../../build/robot/robot.egg-info to /home/scott/alpha_ws/install/robot/lib/python3.10/site-packages/robot-0.0.0-py3.10.egg-info
[5.431s] running install_scripts
[5.517s] Installing encoder_publisher script to /home/scott/alpha_ws/install/robot/lib/robot
[5.518s] Installing encoder_publisher_left script to /home/scott/alpha_ws/install/robot/lib/robot
[5.519s] Installing encoder_publisher_right script to /home/scott/alpha_ws/install/robot/lib/robot
[5.520s] Installing imu_publisher script to /home/scott/alpha_ws/install/robot/lib/robot
[5.521s] Installing motor_controller script to /home/scott/alpha_ws/install/robot/lib/robot
[5.522s] Installing motor_driver script to /home/scott/alpha_ws/install/robot/lib/robot
[5.523s] Installing odom_publisher script to /home/scott/alpha_ws/install/robot/lib/robot
[5.524s] Installing pid_controller_left script to /home/scott/alpha_ws/install/robot/lib/robot
[5.525s] Installing pid_controller_right script to /home/scott/alpha_ws/install/robot/lib/robot
[5.526s] Installing rpm_publisher_left script to /home/scott/alpha_ws/install/robot/lib/robot
[5.527s] Installing rpm_publisher_right script to /home/scott/alpha_ws/install/robot/lib/robot
[5.530s] writing list of installed files to '/home/scott/alpha_ws/build/robot/install.log'
[5.663s] Invoked command in '/home/scott/alpha_ws/src/robot' returned '0': PYTHONPATH=/home/scott/alpha_ws/build/robot/prefix_override:/home/scott/alpha_ws/install/robot/lib/python3.10/site-packages:${PYTHONPATH} /usr/bin/python3 setup.py egg_info --egg-base ../../build/robot build --build-base /home/scott/alpha_ws/build/robot/build install --record /home/scott/alpha_ws/build/robot/install.log --single-version-externally-managed
