[0.000000] (-) TimerEvent: {}
[0.001821] (robot) JobQueued: {'identifier': 'robot', 'dependencies': OrderedDict()}
[0.002449] (robot_bringup) JobQueued: {'identifier': 'robot_bringup', 'dependencies': OrderedDict()}
[0.003260] (robot_interfaces) JobQueued: {'identifier': 'robot_interfaces', 'dependencies': OrderedDict()}
[0.003420] (robot) JobStarted: {'identifier': 'robot'}
[0.097673] (-) TimerEvent: {}
[0.198544] (-) TimerEvent: {}
[0.299303] (-) TimerEvent: {}
[0.403055] (-) TimerEvent: {}
[0.420521] (robot_bringup) JobStarted: {'identifier': 'robot_bringup'}
[0.503221] (-) TimerEvent: {}
[0.604456] (-) TimerEvent: {}
[0.706044] (-) TimerEvent: {}
[0.808622] (-) TimerEvent: {}
[0.814343] (robot_interfaces) JobStarted: {'identifier': 'robot_interfaces'}
[0.909030] (-) TimerEvent: {}
[1.009962] (-) TimerEvent: {}
[1.110890] (-) TimerEvent: {}
[1.212323] (-) TimerEvent: {}
[1.313821] (-) TimerEvent: {}
[1.414622] (-) TimerEvent: {}
[1.515532] (-) TimerEvent: {}
[1.616423] (-) TimerEvent: {}
[1.717619] (-) TimerEvent: {}
[1.818394] (-) TimerEvent: {}
[1.919276] (-) TimerEvent: {}
[2.020207] (-) TimerEvent: {}
[2.121080] (-) TimerEvent: {}
[2.221850] (-) TimerEvent: {}
[2.322610] (-) TimerEvent: {}
[2.423413] (-) TimerEvent: {}
[2.524333] (-) TimerEvent: {}
[2.625907] (-) TimerEvent: {}
[2.727074] (-) TimerEvent: {}
[2.828124] (-) TimerEvent: {}
[2.929373] (-) TimerEvent: {}
[3.030552] (-) TimerEvent: {}
[3.131473] (-) TimerEvent: {}
[3.232436] (-) TimerEvent: {}
[3.333759] (-) TimerEvent: {}
[3.434689] (-) TimerEvent: {}
[3.535539] (-) TimerEvent: {}
[3.636381] (-) TimerEvent: {}
[3.737371] (-) TimerEvent: {}
[3.838236] (-) TimerEvent: {}
[3.939214] (-) TimerEvent: {}
[4.040305] (-) TimerEvent: {}
[4.141230] (-) TimerEvent: {}
[4.242078] (-) TimerEvent: {}
[4.343232] (-) TimerEvent: {}
[4.441506] (robot_bringup) StderrLine: {'line': b'Traceback (most recent call last):\n  File "/usr/lib/python3/dist-packages/colcon_core/executor/__init__.py", line 91, in __call__\n    rc = await self.task(*args, **kwargs)\n  File "/usr/lib/python3/dist-packages/colcon_core/task/__init__.py", line 93, in __call__\n    return await task_method(*args, **kwargs)\n  File "/usr/lib/python3/dist-packages/colcon_ros/task/ament_python/build.py", line 51, in build\n    setup_py_data = get_setup_data(self.context.pkg, env)\n  File "/usr/lib/python3/dist-packages/colcon_core/task/python/__init__.py", line 20, in get_setup_data\n    return dict(pkg.metadata[key](env))\n  File "/usr/lib/python3/dist-packages/colcon_ros/package_augmentation/ros_ament_python.py", line 57, in getter\n    return get_setup_information(\n  File "/usr/lib/python3/dist-packages/colcon_python_setup_py/package_identification/python_setup_py.py", line 241, in get_setup_information\n    _setup_information_cache[hashable_env] = _get_setup_information(\n  File "/usr/lib/python3/dist-packages/colcon_python_setup_py/package_identification/python_setup_py.py", line 288, in _get_setup_information\n    result = subprocess.run(\n  File "/usr/lib/python3.10/subprocess.py", line 526, in run\n    raise CalledProcessError(retcode, process.args,\nsubprocess.CalledProcessError: Command \'[\'/usr/bin/python3\', \'-c\', \'import sys;from contextlib import suppress;exec("with suppress(ImportError):    from setuptools.extern.packaging.specifiers    import SpecifierSet");exec("with suppress(ImportError):    from packaging.specifiers import SpecifierSet");from distutils.core import run_setup;dist = run_setup(    \\\'setup.py\\\', script_args=(\\\'--dry-run\\\',), stop_after=\\\'config\\\');skip_keys = (\\\'cmdclass\\\', \\\'distclass\\\', \\\'ext_modules\\\', \\\'metadata\\\');data = {    key: value for key, value in dist.__dict__.items()     if (        not key.startswith(\\\'_\\\') and         not callable(value) and         key not in skip_keys and         key not in dist.display_option_names    )};data[\\\'metadata\\\'] = {    k: v for k, v in dist.metadata.__dict__.items()     if k not in (\\\'license_files\\\', \\\'provides_extras\\\')};sys.stdout.buffer.write(repr(data).encode(\\\'utf-8\\\'))\']\' returned non-zero exit status 1.\n'}
[4.444271] (-) TimerEvent: {}
[4.445443] (robot_bringup) JobEnded: {'identifier': 'robot_bringup', 'rc': 1}
[4.451662] (robot) JobEnded: {'identifier': 'robot', 'rc': 'SIGINT'}
[4.453570] (robot_interfaces) JobEnded: {'identifier': 'robot_interfaces', 'rc': 'SIGINT'}
[4.463547] (-) EventReactorShutdown: {}
