[6.597s] Invoking command in '/home/jetson/ros2_ws/build/robot': PYTHONPATH=/home/jetson/ros2_ws/build/robot/prefix_override:/home/jetson/ros2_ws/install/robot/lib/python3.8/site-packages:${PYTHONPATH} /usr/bin/python3 setup.py develop --uninstall --editable --build-directory /home/jetson/ros2_ws/build/robot/build
[8.424s] running develop
[9.763s] Invoked command in '/home/jetson/ros2_ws/build/robot' returned '0': PYTHONPATH=/home/jetson/ros2_ws/build/robot/prefix_override:/home/jetson/ros2_ws/install/robot/lib/python3.8/site-packages:${PYTHONPATH} /usr/bin/python3 setup.py develop --uninstall --editable --build-directory /home/jetson/ros2_ws/build/robot/build
[9.767s] Invoking command in '/home/jetson/ros2_ws/src/robot': PYTHONPATH=/home/jetson/ros2_ws/build/robot/prefix_override:/home/jetson/ros2_ws/install/robot/lib/python3.8/site-packages:${PYTHONPATH} /usr/bin/python3 setup.py egg_info --egg-base ../../build/robot build --build-base /home/jetson/ros2_ws/build/robot/build install --record /home/jetson/ros2_ws/build/robot/install.log --single-version-externally-managed
[11.405s] running egg_info
[11.409s] writing ../../build/robot/robot.egg-info/PKG-INFO
[11.411s] writing dependency_links to ../../build/robot/robot.egg-info/dependency_links.txt
[11.414s] writing entry points to ../../build/robot/robot.egg-info/entry_points.txt
[11.415s] writing requirements to ../../build/robot/robot.egg-info/requires.txt
[11.417s] writing top-level names to ../../build/robot/robot.egg-info/top_level.txt
[11.613s] reading manifest file '../../build/robot/robot.egg-info/SOURCES.txt'
[11.613s] writing manifest file '../../build/robot/robot.egg-info/SOURCES.txt'
[11.613s] running build
[11.614s] running build_py
[11.635s] running install
[11.637s] running install_lib
[11.637s] running install_data
[11.637s] running install_egg_info
[11.638s] removing '/home/jetson/ros2_ws/install/robot/lib/python3.8/site-packages/robot-0.0.0-py3.8.egg-info' (and everything under it)
[11.638s] Copying ../../build/robot/robot.egg-info to /home/jetson/ros2_ws/install/robot/lib/python3.8/site-packages/robot-0.0.0-py3.8.egg-info
[11.656s] running install_scripts
[11.729s] Installing encoder_publisher script to /home/jetson/ros2_ws/install/robot/lib/robot
[11.731s] Installing encoder_publisher_left script to /home/jetson/ros2_ws/install/robot/lib/robot
[11.732s] Installing encoder_publisher_right script to /home/jetson/ros2_ws/install/robot/lib/robot
[11.748s] Installing imu_controller script to /home/jetson/ros2_ws/install/robot/lib/robot
[11.748s] Installing motor_controller script to /home/jetson/ros2_ws/install/robot/lib/robot
[11.749s] Installing motor_driver script to /home/jetson/ros2_ws/install/robot/lib/robot
[11.750s] Installing odom_publisher script to /home/jetson/ros2_ws/install/robot/lib/robot
[11.750s] Installing pid_controller script to /home/jetson/ros2_ws/install/robot/lib/robot
[11.751s] Installing rpm_publisher script to /home/jetson/ros2_ws/install/robot/lib/robot
[11.753s] writing list of installed files to '/home/jetson/ros2_ws/build/robot/install.log'
[11.850s] Invoked command in '/home/jetson/ros2_ws/src/robot' returned '0': PYTHONPATH=/home/jetson/ros2_ws/build/robot/prefix_override:/home/jetson/ros2_ws/install/robot/lib/python3.8/site-packages:${PYTHONPATH} /usr/bin/python3 setup.py egg_info --egg-base ../../build/robot build --build-base /home/jetson/ros2_ws/build/robot/build install --record /home/jetson/ros2_ws/build/robot/install.log --single-version-externally-managed
