[5.184s] DEBUG:colcon:Command line arguments: ['/usr/bin/colcon', 'build', '--packages-select', 'robot_description']
[5.184s] DEBUG:colcon:Parsed command line arguments: Namespace(log_base=None, log_level=None, verb_name='build', build_base='build', install_base='install', merge_install=False, symlink_install=False, test_result_base=None, continue_on_error=False, executor='parallel', parallel_workers=4, event_handlers=None, ignore_user_meta=False, metas=['./colcon.meta'], base_paths=['.'], packages_ignore=None, packages_ignore_regex=None, paths=None, packages_up_to=None, packages_up_to_regex=None, packages_above=None, packages_above_and_dependencies=None, packages_above_depth=None, packages_select_by_dep=None, packages_skip_by_dep=None, packages_skip_up_to=None, packages_select_build_failed=False, packages_skip_build_finished=False, packages_select_test_failures=False, packages_skip_test_passed=False, packages_select=['robot_description'], packages_skip=None, packages_select_regex=None, packages_skip_regex=None, packages_start=None, packages_end=None, allow_overriding=[], cmake_args=None, cmake_target=None, cmake_target_skip_unavailable=False, cmake_clean_cache=False, cmake_clean_first=False, cmake_force_configure=False, ament_cmake_args=None, catkin_cmake_args=None, catkin_skip_building_tests=False, verb_parser=<colcon_defaults.argument_parser.defaults.DefaultArgumentsDecorator object at 0xffff888276d0>, verb_extension=<colcon_core.verb.build.BuildVerb object at 0xffff88b89420>, main=<bound method BuildVerb.main of <colcon_core.verb.build.BuildVerb object at 0xffff88b89420>>)
[5.419s] Level 1:colcon.colcon_core.package_discovery:discover_packages(colcon_meta) check parameters
[5.419s] Level 1:colcon.colcon_core.package_discovery:discover_packages(recursive) check parameters
[5.420s] Level 1:colcon.colcon_core.package_discovery:discover_packages(ignore) check parameters
[5.420s] Level 1:colcon.colcon_core.package_discovery:discover_packages(path) check parameters
[5.420s] Level 1:colcon.colcon_core.package_discovery:discover_packages(colcon_meta) discover
[5.420s] Level 1:colcon.colcon_core.package_discovery:discover_packages(recursive) discover
[5.421s] INFO:colcon.colcon_core.package_discovery:Crawling recursively for packages in '/home/scott/alpha_ws'
[5.421s] Level 1:colcon.colcon_core.package_identification:_identify(.) by extensions ['ignore', 'ignore_ament_install']
[5.422s] Level 1:colcon.colcon_core.package_identification:_identify(.) by extension 'ignore'
[5.422s] Level 1:colcon.colcon_core.package_identification:_identify(.) by extension 'ignore_ament_install'
[5.422s] Level 1:colcon.colcon_core.package_identification:_identify(.) by extensions ['colcon_pkg']
[5.423s] Level 1:colcon.colcon_core.package_identification:_identify(.) by extension 'colcon_pkg'
[5.423s] Level 1:colcon.colcon_core.package_identification:_identify(.) by extensions ['colcon_meta']
[5.423s] Level 1:colcon.colcon_core.package_identification:_identify(.) by extension 'colcon_meta'
[5.423s] Level 1:colcon.colcon_core.package_identification:_identify(.) by extensions ['ros']
[5.423s] Level 1:colcon.colcon_core.package_identification:_identify(.) by extension 'ros'
[5.477s] Level 1:colcon.colcon_core.package_identification:_identify(.) by extensions ['cmake', 'python']
[5.477s] Level 1:colcon.colcon_core.package_identification:_identify(.) by extension 'cmake'
[5.477s] Level 1:colcon.colcon_core.package_identification:_identify(.) by extension 'python'
[5.478s] Level 1:colcon.colcon_core.package_identification:_identify(.) by extensions ['python_setup_py']
[5.478s] Level 1:colcon.colcon_core.package_identification:_identify(.) by extension 'python_setup_py'
[5.479s] Level 1:colcon.colcon_core.package_identification:_identify(build) by extensions ['ignore', 'ignore_ament_install']
[5.479s] Level 1:colcon.colcon_core.package_identification:_identify(build) by extension 'ignore'
[5.480s] Level 1:colcon.colcon_core.package_identification:_identify(build) ignored
[5.481s] Level 1:colcon.colcon_core.package_identification:_identify(install) by extensions ['ignore', 'ignore_ament_install']
[5.481s] Level 1:colcon.colcon_core.package_identification:_identify(install) by extension 'ignore'
[5.481s] Level 1:colcon.colcon_core.package_identification:_identify(install) ignored
[5.484s] Level 1:colcon.colcon_core.package_identification:_identify(log) by extensions ['ignore', 'ignore_ament_install']
[5.484s] Level 1:colcon.colcon_core.package_identification:_identify(log) by extension 'ignore'
[5.485s] Level 1:colcon.colcon_core.package_identification:_identify(log) ignored
[5.485s] Level 1:colcon.colcon_core.package_identification:_identify(src) by extensions ['ignore', 'ignore_ament_install']
[5.486s] Level 1:colcon.colcon_core.package_identification:_identify(src) by extension 'ignore'
[5.486s] Level 1:colcon.colcon_core.package_identification:_identify(src) by extension 'ignore_ament_install'
[5.486s] Level 1:colcon.colcon_core.package_identification:_identify(src) by extensions ['colcon_pkg']
[5.486s] Level 1:colcon.colcon_core.package_identification:_identify(src) by extension 'colcon_pkg'
[5.487s] Level 1:colcon.colcon_core.package_identification:_identify(src) by extensions ['colcon_meta']
[5.487s] Level 1:colcon.colcon_core.package_identification:_identify(src) by extension 'colcon_meta'
[5.487s] Level 1:colcon.colcon_core.package_identification:_identify(src) by extensions ['ros']
[5.487s] Level 1:colcon.colcon_core.package_identification:_identify(src) by extension 'ros'
[5.488s] Level 1:colcon.colcon_core.package_identification:_identify(src) by extensions ['cmake', 'python']
[5.488s] Level 1:colcon.colcon_core.package_identification:_identify(src) by extension 'cmake'
[5.488s] Level 1:colcon.colcon_core.package_identification:_identify(src) by extension 'python'
[5.489s] Level 1:colcon.colcon_core.package_identification:_identify(src) by extensions ['python_setup_py']
[5.489s] Level 1:colcon.colcon_core.package_identification:_identify(src) by extension 'python_setup_py'
[5.490s] Level 1:colcon.colcon_core.package_identification:_identify(src/robot) by extensions ['ignore', 'ignore_ament_install']
[5.490s] Level 1:colcon.colcon_core.package_identification:_identify(src/robot) by extension 'ignore'
[5.490s] Level 1:colcon.colcon_core.package_identification:_identify(src/robot) by extension 'ignore_ament_install'
[5.491s] Level 1:colcon.colcon_core.package_identification:_identify(src/robot) by extensions ['colcon_pkg']
[5.491s] Level 1:colcon.colcon_core.package_identification:_identify(src/robot) by extension 'colcon_pkg'
[5.491s] Level 1:colcon.colcon_core.package_identification:_identify(src/robot) by extensions ['colcon_meta']
[5.491s] Level 1:colcon.colcon_core.package_identification:_identify(src/robot) by extension 'colcon_meta'
[5.492s] Level 1:colcon.colcon_core.package_identification:_identify(src/robot) by extensions ['ros']
[5.492s] Level 1:colcon.colcon_core.package_identification:_identify(src/robot) by extension 'ros'
[5.502s] DEBUG:colcon.colcon_core.package_identification:Package 'src/robot' with type 'ros.ament_python' and name 'robot'
[5.503s] Level 1:colcon.colcon_core.package_identification:_identify(src/robot_bringup) by extensions ['ignore', 'ignore_ament_install']
[5.503s] Level 1:colcon.colcon_core.package_identification:_identify(src/robot_bringup) by extension 'ignore'
[5.503s] Level 1:colcon.colcon_core.package_identification:_identify(src/robot_bringup) by extension 'ignore_ament_install'
[5.504s] Level 1:colcon.colcon_core.package_identification:_identify(src/robot_bringup) by extensions ['colcon_pkg']
[5.504s] Level 1:colcon.colcon_core.package_identification:_identify(src/robot_bringup) by extension 'colcon_pkg'
[5.504s] Level 1:colcon.colcon_core.package_identification:_identify(src/robot_bringup) by extensions ['colcon_meta']
[5.504s] Level 1:colcon.colcon_core.package_identification:_identify(src/robot_bringup) by extension 'colcon_meta'
[5.505s] Level 1:colcon.colcon_core.package_identification:_identify(src/robot_bringup) by extensions ['ros']
[5.505s] Level 1:colcon.colcon_core.package_identification:_identify(src/robot_bringup) by extension 'ros'
[5.507s] DEBUG:colcon.colcon_core.package_identification:Package 'src/robot_bringup' with type 'ros.ament_python' and name 'robot_bringup'
[5.508s] Level 1:colcon.colcon_core.package_identification:_identify(src/robot_description) by extensions ['ignore', 'ignore_ament_install']
[5.508s] Level 1:colcon.colcon_core.package_identification:_identify(src/robot_description) by extension 'ignore'
[5.509s] Level 1:colcon.colcon_core.package_identification:_identify(src/robot_description) by extension 'ignore_ament_install'
[5.509s] Level 1:colcon.colcon_core.package_identification:_identify(src/robot_description) by extensions ['colcon_pkg']
[5.509s] Level 1:colcon.colcon_core.package_identification:_identify(src/robot_description) by extension 'colcon_pkg'
[5.510s] Level 1:colcon.colcon_core.package_identification:_identify(src/robot_description) by extensions ['colcon_meta']
[5.510s] Level 1:colcon.colcon_core.package_identification:_identify(src/robot_description) by extension 'colcon_meta'
[5.510s] Level 1:colcon.colcon_core.package_identification:_identify(src/robot_description) by extensions ['ros']
[5.510s] Level 1:colcon.colcon_core.package_identification:_identify(src/robot_description) by extension 'ros'
[5.513s] DEBUG:colcon.colcon_core.package_identification:Package 'src/robot_description' with type 'ros.ament_python' and name 'robot_description'
[5.513s] Level 1:colcon.colcon_core.package_identification:_identify(src/robot_interfaces) by extensions ['ignore', 'ignore_ament_install']
[5.514s] Level 1:colcon.colcon_core.package_identification:_identify(src/robot_interfaces) by extension 'ignore'
[5.514s] Level 1:colcon.colcon_core.package_identification:_identify(src/robot_interfaces) by extension 'ignore_ament_install'
[5.515s] Level 1:colcon.colcon_core.package_identification:_identify(src/robot_interfaces) by extensions ['colcon_pkg']
[5.515s] Level 1:colcon.colcon_core.package_identification:_identify(src/robot_interfaces) by extension 'colcon_pkg'
[5.515s] Level 1:colcon.colcon_core.package_identification:_identify(src/robot_interfaces) by extensions ['colcon_meta']
[5.515s] Level 1:colcon.colcon_core.package_identification:_identify(src/robot_interfaces) by extension 'colcon_meta'
[5.516s] Level 1:colcon.colcon_core.package_identification:_identify(src/robot_interfaces) by extensions ['ros']
[5.516s] Level 1:colcon.colcon_core.package_identification:_identify(src/robot_interfaces) by extension 'ros'
[5.518s] DEBUG:colcon.colcon_core.package_identification:Package 'src/robot_interfaces' with type 'ros.ament_cmake' and name 'robot_interfaces'
[5.519s] Level 1:colcon.colcon_core.package_identification:_identify(src/rplidar_ros) by extensions ['ignore', 'ignore_ament_install']
[5.520s] Level 1:colcon.colcon_core.package_identification:_identify(src/rplidar_ros) by extension 'ignore'
[5.520s] Level 1:colcon.colcon_core.package_identification:_identify(src/rplidar_ros) by extension 'ignore_ament_install'
[5.520s] Level 1:colcon.colcon_core.package_identification:_identify(src/rplidar_ros) by extensions ['colcon_pkg']
[5.521s] Level 1:colcon.colcon_core.package_identification:_identify(src/rplidar_ros) by extension 'colcon_pkg'
[5.521s] Level 1:colcon.colcon_core.package_identification:_identify(src/rplidar_ros) by extensions ['colcon_meta']
[5.521s] Level 1:colcon.colcon_core.package_identification:_identify(src/rplidar_ros) by extension 'colcon_meta'
[5.521s] Level 1:colcon.colcon_core.package_identification:_identify(src/rplidar_ros) by extensions ['ros']
[5.521s] Level 1:colcon.colcon_core.package_identification:_identify(src/rplidar_ros) by extension 'ros'
[5.524s] DEBUG:colcon.colcon_core.package_identification:Package 'src/rplidar_ros' with type 'ros.ament_cmake' and name 'rplidar_ros'
[5.524s] Level 1:colcon.colcon_core.package_discovery:discover_packages(recursive) using defaults
[5.525s] Level 1:colcon.colcon_core.package_discovery:discover_packages(ignore) discover
[5.525s] Level 1:colcon.colcon_core.package_discovery:discover_packages(ignore) using defaults
[5.525s] Level 1:colcon.colcon_core.package_discovery:discover_packages(path) discover
[5.525s] Level 1:colcon.colcon_core.package_discovery:discover_packages(path) using defaults
[5.839s] INFO:colcon.colcon_core.package_selection:Skipping not selected package 'robot' in 'src/robot'
[5.839s] INFO:colcon.colcon_core.package_selection:Skipping not selected package 'robot_bringup' in 'src/robot_bringup'
[5.840s] INFO:colcon.colcon_core.package_selection:Skipping not selected package 'robot_interfaces' in 'src/robot_interfaces'
[5.840s] INFO:colcon.colcon_core.package_selection:Skipping not selected package 'rplidar_ros' in 'src/rplidar_ros'
[5.996s] Level 1:colcon.colcon_core.package_discovery:discover_packages(prefix_path) check parameters
[5.996s] Level 1:colcon.colcon_core.package_discovery:discover_packages(prefix_path) discover
[6.153s] DEBUG:colcon.colcon_installed_package_information.package_discovery:Found 5 installed packages in /home/scott/alpha_ws/install
[6.236s] DEBUG:colcon.colcon_installed_package_information.package_discovery:Found 273 installed packages in /opt/ros/humble
[6.243s] Level 1:colcon.colcon_core.package_discovery:discover_packages(prefix_path) using defaults
[6.708s] Level 5:colcon.colcon_core.verb:set package 'robot_description' build argument 'cmake_args' from command line to 'None'
[6.709s] Level 5:colcon.colcon_core.verb:set package 'robot_description' build argument 'cmake_target' from command line to 'None'
[6.709s] Level 5:colcon.colcon_core.verb:set package 'robot_description' build argument 'cmake_target_skip_unavailable' from command line to 'False'
[6.709s] Level 5:colcon.colcon_core.verb:set package 'robot_description' build argument 'cmake_clean_cache' from command line to 'False'
[6.709s] Level 5:colcon.colcon_core.verb:set package 'robot_description' build argument 'cmake_clean_first' from command line to 'False'
[6.709s] Level 5:colcon.colcon_core.verb:set package 'robot_description' build argument 'cmake_force_configure' from command line to 'False'
[6.709s] Level 5:colcon.colcon_core.verb:set package 'robot_description' build argument 'ament_cmake_args' from command line to 'None'
[6.710s] Level 5:colcon.colcon_core.verb:set package 'robot_description' build argument 'catkin_cmake_args' from command line to 'None'
[6.710s] Level 5:colcon.colcon_core.verb:set package 'robot_description' build argument 'catkin_skip_building_tests' from command line to 'False'
[6.710s] DEBUG:colcon.colcon_core.verb:Building package 'robot_description' with the following arguments: {'ament_cmake_args': None, 'build_base': '/home/scott/alpha_ws/build/robot_description', 'catkin_cmake_args': None, 'catkin_skip_building_tests': False, 'cmake_args': None, 'cmake_clean_cache': False, 'cmake_clean_first': False, 'cmake_force_configure': False, 'cmake_target': None, 'cmake_target_skip_unavailable': False, 'install_base': '/home/scott/alpha_ws/install/robot_description', 'merge_install': False, 'path': '/home/scott/alpha_ws/src/robot_description', 'symlink_install': False, 'test_result_base': None}
[6.784s] INFO:colcon.colcon_core.executor:Executing jobs using 'parallel' executor
[6.862s] DEBUG:colcon.colcon_parallel_executor.executor.parallel:run_until_complete
[6.864s] INFO:colcon.colcon_ros.task.ament_python.build:Building ROS package in '/home/scott/alpha_ws/src/robot_description' with build type 'ament_python'
[6.865s] Level 1:colcon.colcon_core.shell:create_environment_hook('robot_description', 'ament_prefix_path')
[6.949s] INFO:colcon.colcon_core.plugin_system:Skipping extension 'colcon_core.shell.bat': Not used on non-Windows systems
[6.950s] INFO:colcon.colcon_core.shell:Creating environment hook '/home/scott/alpha_ws/install/robot_description/share/robot_description/hook/ament_prefix_path.ps1'
[6.953s] INFO:colcon.colcon_core.shell:Creating environment descriptor '/home/scott/alpha_ws/install/robot_description/share/robot_description/hook/ament_prefix_path.dsv'
[6.956s] INFO:colcon.colcon_core.shell:Creating environment hook '/home/scott/alpha_ws/install/robot_description/share/robot_description/hook/ament_prefix_path.sh'
[7.038s] INFO:colcon.colcon_core.shell:Skip shell extension 'powershell' for command environment: Not usable outside of PowerShell
[7.038s] DEBUG:colcon.colcon_core.shell:Skip shell extension 'dsv' for command environment
[8.737s] INFO:colcon.colcon_core.task.python.build:Building Python package in '/home/scott/alpha_ws/src/robot_description'
[8.814s] INFO:colcon.colcon_core.shell:Skip shell extension 'powershell' for command environment: Not usable outside of PowerShell
[8.814s] DEBUG:colcon.colcon_core.shell:Skip shell extension 'dsv' for command environment
[10.828s] DEBUG:colcon.colcon_core.event_handler.log_command:Invoking command in '/home/scott/alpha_ws/src/robot_description': PYTHONPATH=/home/scott/alpha_ws/build/robot_description/prefix_override:/home/scott/alpha_ws/install/robot_description/lib/python3.10/site-packages:${PYTHONPATH} /usr/bin/python3 setup.py egg_info --egg-base ../../build/robot_description build --build-base /home/scott/alpha_ws/build/robot_description/build install --record /home/scott/alpha_ws/build/robot_description/install.log --single-version-externally-managed
[12.443s] DEBUG:colcon.colcon_core.event_handler.log_command:Invoked command in '/home/scott/alpha_ws/src/robot_description' returned '0': PYTHONPATH=/home/scott/alpha_ws/build/robot_description/prefix_override:/home/scott/alpha_ws/install/robot_description/lib/python3.10/site-packages:${PYTHONPATH} /usr/bin/python3 setup.py egg_info --egg-base ../../build/robot_description build --build-base /home/scott/alpha_ws/build/robot_description/build install --record /home/scott/alpha_ws/build/robot_description/install.log --single-version-externally-managed
[12.536s] Level 1:colcon.colcon_core.environment:checking '/home/scott/alpha_ws/install/robot_description' for CMake module files
[12.539s] Level 1:colcon.colcon_core.environment:checking '/home/scott/alpha_ws/install/robot_description' for CMake config files
[12.543s] Level 1:colcon.colcon_core.environment:checking '/home/scott/alpha_ws/install/robot_description/lib'
[12.544s] Level 1:colcon.colcon_core.environment:checking '/home/scott/alpha_ws/install/robot_description/bin'
[12.545s] Level 1:colcon.colcon_core.environment:checking '/home/scott/alpha_ws/install/robot_description/lib/pkgconfig/robot_description.pc'
[12.546s] Level 1:colcon.colcon_core.environment:checking '/home/scott/alpha_ws/install/robot_description/lib/python3.10/site-packages'
[12.546s] Level 1:colcon.colcon_core.shell:create_environment_hook('robot_description', 'pythonpath')
[12.624s] INFO:colcon.colcon_core.shell:Creating environment hook '/home/scott/alpha_ws/install/robot_description/share/robot_description/hook/pythonpath.ps1'
[12.627s] INFO:colcon.colcon_core.shell:Creating environment descriptor '/home/scott/alpha_ws/install/robot_description/share/robot_description/hook/pythonpath.dsv'
[12.629s] INFO:colcon.colcon_core.shell:Creating environment hook '/home/scott/alpha_ws/install/robot_description/share/robot_description/hook/pythonpath.sh'
[12.633s] Level 1:colcon.colcon_core.environment:checking '/home/scott/alpha_ws/install/robot_description/bin'
[12.633s] Level 1:colcon.colcon_core.environment:create_environment_scripts_only(robot_description)
[12.710s] INFO:colcon.colcon_core.shell:Creating package script '/home/scott/alpha_ws/install/robot_description/share/robot_description/package.ps1'
[12.715s] INFO:colcon.colcon_core.shell:Creating package descriptor '/home/scott/alpha_ws/install/robot_description/share/robot_description/package.dsv'
[12.718s] INFO:colcon.colcon_core.shell:Creating package script '/home/scott/alpha_ws/install/robot_description/share/robot_description/package.sh'
[12.723s] INFO:colcon.colcon_core.shell:Creating package script '/home/scott/alpha_ws/install/robot_description/share/robot_description/package.bash'
[12.727s] INFO:colcon.colcon_core.shell:Creating package script '/home/scott/alpha_ws/install/robot_description/share/robot_description/package.zsh'
[12.731s] Level 1:colcon.colcon_core.environment:create_file_with_runtime_dependencies(/home/scott/alpha_ws/install/robot_description/share/colcon-core/packages/robot_description)
[12.733s] DEBUG:colcon.colcon_parallel_executor.executor.parallel:closing loop
[12.734s] DEBUG:colcon.colcon_parallel_executor.executor.parallel:loop closed
[12.735s] DEBUG:colcon.colcon_parallel_executor.executor.parallel:run_until_complete finished with '0'
[12.735s] DEBUG:colcon.colcon_core.event_reactor:joining thread
[12.836s] INFO:colcon.colcon_core.plugin_system:Skipping extension 'colcon_notification.desktop_notification.terminal_notifier': Not used on non-Darwin systems
[12.836s] INFO:colcon.colcon_core.plugin_system:Skipping extension 'colcon_notification.desktop_notification.win32': Not used on non-Windows systems
[12.837s] INFO:colcon.colcon_notification.desktop_notification:Sending desktop notification using 'notify2'
[12.897s] DEBUG:colcon.colcon_core.event_reactor:joined thread
[12.981s] INFO:colcon.colcon_core.shell:Creating prefix script '/home/scott/alpha_ws/install/local_setup.ps1'
[12.986s] INFO:colcon.colcon_core.shell:Creating prefix util module '/home/scott/alpha_ws/install/_local_setup_util_ps1.py'
[12.992s] INFO:colcon.colcon_core.shell:Creating prefix chain script '/home/scott/alpha_ws/install/setup.ps1'
[13.074s] INFO:colcon.colcon_core.shell:Creating prefix script '/home/scott/alpha_ws/install/local_setup.sh'
[13.077s] INFO:colcon.colcon_core.shell:Creating prefix util module '/home/scott/alpha_ws/install/_local_setup_util_sh.py'
[13.080s] INFO:colcon.colcon_core.shell:Creating prefix chain script '/home/scott/alpha_ws/install/setup.sh'
[13.203s] INFO:colcon.colcon_core.shell:Creating prefix script '/home/scott/alpha_ws/install/local_setup.bash'
[13.206s] INFO:colcon.colcon_core.shell:Creating prefix chain script '/home/scott/alpha_ws/install/setup.bash'
[13.290s] INFO:colcon.colcon_core.shell:Creating prefix script '/home/scott/alpha_ws/install/local_setup.zsh'
[13.293s] INFO:colcon.colcon_core.shell:Creating prefix chain script '/home/scott/alpha_ws/install/setup.zsh'
