/home/jetson/ros2_ws/install/robot_bringup/lib/python3.8/site-packages/robot_bringup/__init__.py
/home/jetson/ros2_ws/install/robot_bringup/lib/python3.8/site-packages/robot_bringup/__pycache__/__init__.cpython-38.pyc
/home/jetson/ros2_ws/install/robot_bringup/share/ament_index/resource_index/packages/robot_bringup
/home/jetson/ros2_ws/install/robot_bringup/share/robot_bringup/package.xml
/home/jetson/ros2_ws/install/robot_bringup/share/robot_bringup/launch/teleop.launch.py
/home/jetson/ros2_ws/install/robot_bringup/share/robot_bringup/launch/marvin.launch.py
/home/jetson/ros2_ws/install/robot_bringup/share/robot_bringup/launch/rtabmap.launch.py
/home/jetson/ros2_ws/install/robot_bringup/share/robot_bringup/launch/nano_indoor.launch.py
/home/jetson/ros2_ws/install/robot_bringup/share/robot_bringup/launch/nano.launch.py
/home/jetson/ros2_ws/install/robot_bringup/share/robot_bringup/launch/realsense.launch.py
/home/jetson/ros2_ws/install/robot_bringup/share/robot_bringup/launch/slam_toolbox.launch.py
/home/jetson/ros2_ws/install/robot_bringup/share/robot_bringup/config/imu_filter_madgwick_params.yaml
/home/jetson/ros2_ws/install/robot_bringup/share/robot_bringup/config/mapper_params_online_sync.yaml
/home/jetson/ros2_ws/install/robot_bringup/share/robot_bringup/config/xbox_config.yaml
/home/jetson/ros2_ws/install/robot_bringup/share/robot_bringup/config/nav2_params.yaml
/home/jetson/ros2_ws/install/robot_bringup/share/robot_bringup/config/ekf_params.yaml
/home/jetson/ros2_ws/install/robot_bringup/lib/python3.8/site-packages/robot_bringup-0.0.0-py3.8.egg-info/requires.txt
/home/jetson/ros2_ws/install/robot_bringup/lib/python3.8/site-packages/robot_bringup-0.0.0-py3.8.egg-info/entry_points.txt
/home/jetson/ros2_ws/install/robot_bringup/lib/python3.8/site-packages/robot_bringup-0.0.0-py3.8.egg-info/SOURCES.txt
/home/jetson/ros2_ws/install/robot_bringup/lib/python3.8/site-packages/robot_bringup-0.0.0-py3.8.egg-info/zip-safe
/home/jetson/ros2_ws/install/robot_bringup/lib/python3.8/site-packages/robot_bringup-0.0.0-py3.8.egg-info/dependency_links.txt
/home/jetson/ros2_ws/install/robot_bringup/lib/python3.8/site-packages/robot_bringup-0.0.0-py3.8.egg-info/top_level.txt
/home/jetson/ros2_ws/install/robot_bringup/lib/python3.8/site-packages/robot_bringup-0.0.0-py3.8.egg-info/PKG-INFO
