[4.189s] Invoking command in '/home/scott/alpha_ws/src/robot': PYTHONPATH=/home/scott/alpha_ws/build/robot/prefix_override:/home/scott/alpha_ws/install/robot/lib/python3.10/site-packages:${PYTHONPATH} /usr/bin/python3 setup.py egg_info --egg-base ../../build/robot build --build-base /home/scott/alpha_ws/build/robot/build install --record /home/scott/alpha_ws/build/robot/install.log --single-version-externally-managed
[5.599s] running egg_info
[5.601s] writing ../../build/robot/robot.egg-info/PKG-INFO
[5.603s] writing dependency_links to ../../build/robot/robot.egg-info/dependency_links.txt
[5.604s] writing entry points to ../../build/robot/robot.egg-info/entry_points.txt
[5.605s] writing requirements to ../../build/robot/robot.egg-info/requires.txt
[5.606s] writing top-level names to ../../build/robot/robot.egg-info/top_level.txt
[5.616s] reading manifest file '../../build/robot/robot.egg-info/SOURCES.txt'
[5.618s] adding license file 'LICENSE'
[5.621s] writing manifest file '../../build/robot/robot.egg-info/SOURCES.txt'
[5.622s] running build
[5.623s] running build_py
[5.624s] copying robot/motor_driver.py -> /home/scott/alpha_ws/build/robot/build/lib/robot
[5.627s] running install
[5.630s] running install_lib
[5.634s] copying /home/scott/alpha_ws/build/robot/build/lib/robot/motor_driver.py -> /home/scott/alpha_ws/install/robot/lib/python3.10/site-packages/robot
[5.640s] byte-compiling /home/scott/alpha_ws/install/robot/lib/python3.10/site-packages/robot/motor_driver.py to motor_driver.cpython-310.pyc
[5.644s] running install_data
[5.646s] running install_egg_info
[5.654s] removing '/home/scott/alpha_ws/install/robot/lib/python3.10/site-packages/robot-0.0.0-py3.10.egg-info' (and everything under it)
[5.656s] Copying ../../build/robot/robot.egg-info to /home/scott/alpha_ws/install/robot/lib/python3.10/site-packages/robot-0.0.0-py3.10.egg-info
[5.664s] running install_scripts
[5.754s] Installing encoder_publisher script to /home/scott/alpha_ws/install/robot/lib/robot
[5.756s] Installing encoder_publisher_left script to /home/scott/alpha_ws/install/robot/lib/robot
[5.756s] Installing encoder_publisher_right script to /home/scott/alpha_ws/install/robot/lib/robot
[5.758s] Installing motor_controller script to /home/scott/alpha_ws/install/robot/lib/robot
[5.760s] Installing motor_driver script to /home/scott/alpha_ws/install/robot/lib/robot
[5.761s] Installing pid_controller_left script to /home/scott/alpha_ws/install/robot/lib/robot
[5.761s] Installing pid_controller_right script to /home/scott/alpha_ws/install/robot/lib/robot
[5.764s] writing list of installed files to '/home/scott/alpha_ws/build/robot/install.log'
[5.908s] Invoked command in '/home/scott/alpha_ws/src/robot' returned '0': PYTHONPATH=/home/scott/alpha_ws/build/robot/prefix_override:/home/scott/alpha_ws/install/robot/lib/python3.10/site-packages:${PYTHONPATH} /usr/bin/python3 setup.py egg_info --egg-base ../../build/robot build --build-base /home/scott/alpha_ws/build/robot/build install --record /home/scott/alpha_ws/build/robot/install.log --single-version-externally-managed
