[2.100s] Invoking command in '/home/jetson/ros2_ws/build/robot_description': PYTHONPATH=/home/jetson/ros2_ws/build/robot_description/prefix_override:/home/jetson/ros2_ws/install/robot_description/lib/python3.8/site-packages:${PYTHONPATH} /usr/bin/python3 setup.py develop --uninstall --editable --build-directory /home/jetson/ros2_ws/build/robot_description/build
[2.858s] running develop
[3.400s] Invoked command in '/home/jetson/ros2_ws/build/robot_description' returned '0': PYTHONPATH=/home/jetson/ros2_ws/build/robot_description/prefix_override:/home/jetson/ros2_ws/install/robot_description/lib/python3.8/site-packages:${PYTHONPATH} /usr/bin/python3 setup.py develop --uninstall --editable --build-directory /home/jetson/ros2_ws/build/robot_description/build
[3.406s] Invoking command in '/home/jetson/ros2_ws/src/robot_description': PYTHONPATH=/home/jetson/ros2_ws/build/robot_description/prefix_override:/home/jetson/ros2_ws/install/robot_description/lib/python3.8/site-packages:${PYTHONPATH} /usr/bin/python3 setup.py egg_info --egg-base ../../build/robot_description build --build-base /home/jetson/ros2_ws/build/robot_description/build install --record /home/jetson/ros2_ws/build/robot_description/install.log --single-version-externally-managed
[4.107s] running egg_info
[4.110s] writing ../../build/robot_description/robot_description.egg-info/PKG-INFO
[4.111s] writing dependency_links to ../../build/robot_description/robot_description.egg-info/dependency_links.txt
[4.111s] writing entry points to ../../build/robot_description/robot_description.egg-info/entry_points.txt
[4.111s] writing requirements to ../../build/robot_description/robot_description.egg-info/requires.txt
[4.112s] writing top-level names to ../../build/robot_description/robot_description.egg-info/top_level.txt
[4.233s] reading manifest file '../../build/robot_description/robot_description.egg-info/SOURCES.txt'
[4.237s] writing manifest file '../../build/robot_description/robot_description.egg-info/SOURCES.txt'
[4.237s] running build
[4.237s] running build_py
[4.238s] running install
[4.239s] running install_lib
[4.243s] running install_data
[4.245s] copying urdf/robot_description.urdf -> /home/jetson/ros2_ws/install/robot_description/share/robot_description
[4.245s] running install_egg_info
[4.250s] removing '/home/jetson/ros2_ws/install/robot_description/lib/python3.8/site-packages/robot_description-0.0.0-py3.8.egg-info' (and everything under it)
[4.251s] Copying ../../build/robot_description/robot_description.egg-info to /home/jetson/ros2_ws/install/robot_description/lib/python3.8/site-packages/robot_description-0.0.0-py3.8.egg-info
[4.253s] running install_scripts
[4.305s] writing list of installed files to '/home/jetson/ros2_ws/build/robot_description/install.log'
[4.393s] Invoked command in '/home/jetson/ros2_ws/src/robot_description' returned '0': PYTHONPATH=/home/jetson/ros2_ws/build/robot_description/prefix_override:/home/jetson/ros2_ws/install/robot_description/lib/python3.8/site-packages:${PYTHONPATH} /usr/bin/python3 setup.py egg_info --egg-base ../../build/robot_description build --build-base /home/jetson/ros2_ws/build/robot_description/build install --record /home/jetson/ros2_ws/build/robot_description/install.log --single-version-externally-managed
