[4.030s] Invoking command in '/home/scott/alpha_ws/src/robot': PYTHONPATH=/home/scott/alpha_ws/build/robot/prefix_override:/home/scott/alpha_ws/install/robot/lib/python3.10/site-packages:${PYTHONPATH} /usr/bin/python3 setup.py egg_info --egg-base ../../build/robot build --build-base /home/scott/alpha_ws/build/robot/build install --record /home/scott/alpha_ws/build/robot/install.log --single-version-externally-managed
[5.380s] running egg_info
[5.383s] writing ../../build/robot/robot.egg-info/PKG-INFO
[5.384s] writing dependency_links to ../../build/robot/robot.egg-info/dependency_links.txt
[5.385s] writing entry points to ../../build/robot/robot.egg-info/entry_points.txt
[5.386s] writing requirements to ../../build/robot/robot.egg-info/requires.txt
[5.387s] writing top-level names to ../../build/robot/robot.egg-info/top_level.txt
[5.397s] reading manifest file '../../build/robot/robot.egg-info/SOURCES.txt'
[5.398s] adding license file 'LICENSE'
[5.402s] writing manifest file '../../build/robot/robot.egg-info/SOURCES.txt'
[5.403s] running build
[5.403s] running build_py
[5.407s] running install
[5.409s] running install_lib
[5.419s] running install_data
[5.422s] running install_egg_info
[5.429s] removing '/home/scott/alpha_ws/install/robot/lib/python3.10/site-packages/robot-0.0.0-py3.10.egg-info' (and everything under it)
[5.431s] Copying ../../build/robot/robot.egg-info to /home/scott/alpha_ws/install/robot/lib/python3.10/site-packages/robot-0.0.0-py3.10.egg-info
[5.438s] running install_scripts
[5.524s] Installing encoder_publisher script to /home/scott/alpha_ws/install/robot/lib/robot
[5.525s] Installing encoder_publisher_left script to /home/scott/alpha_ws/install/robot/lib/robot
[5.526s] Installing encoder_publisher_right script to /home/scott/alpha_ws/install/robot/lib/robot
[5.527s] Installing imu_publisher script to /home/scott/alpha_ws/install/robot/lib/robot
[5.528s] Installing motor_controller script to /home/scott/alpha_ws/install/robot/lib/robot
[5.529s] Installing motor_driver script to /home/scott/alpha_ws/install/robot/lib/robot
[5.530s] Installing odom_publisher script to /home/scott/alpha_ws/install/robot/lib/robot
[5.531s] Installing pid_controller_left script to /home/scott/alpha_ws/install/robot/lib/robot
[5.532s] Installing pid_controller_right script to /home/scott/alpha_ws/install/robot/lib/robot
[5.535s] writing list of installed files to '/home/scott/alpha_ws/build/robot/install.log'
[5.666s] Invoked command in '/home/scott/alpha_ws/src/robot' returned '0': PYTHONPATH=/home/scott/alpha_ws/build/robot/prefix_override:/home/scott/alpha_ws/install/robot/lib/python3.10/site-packages:${PYTHONPATH} /usr/bin/python3 setup.py egg_info --egg-base ../../build/robot build --build-base /home/scott/alpha_ws/build/robot/build install --record /home/scott/alpha_ws/build/robot/install.log --single-version-externally-managed
