[2.281s] Invoking command in '/home/jetson/beta_ws/src/robot_description': PYTHONPATH=/home/jetson/beta_ws/build/robot_description/prefix_override:/home/jetson/beta_ws/install/robot_description/lib/python3.8/site-packages:${PYTHONPATH} /usr/bin/python3 setup.py egg_info --egg-base ../../build/robot_description build --build-base /home/jetson/beta_ws/build/robot_description/build install --record /home/jetson/beta_ws/build/robot_description/install.log --install-scripts $base/lib/robot_description --single-version-externally-managed
[3.056s] running egg_info
[3.060s] writing ../../build/robot_description/robot_description.egg-info/PKG-INFO
[3.063s] writing dependency_links to ../../build/robot_description/robot_description.egg-info/dependency_links.txt
[3.064s] writing entry points to ../../build/robot_description/robot_description.egg-info/entry_points.txt
[3.065s] writing requirements to ../../build/robot_description/robot_description.egg-info/requires.txt
[3.065s] writing top-level names to ../../build/robot_description/robot_description.egg-info/top_level.txt
[3.192s] reading manifest file '../../build/robot_description/robot_description.egg-info/SOURCES.txt'
[3.194s] writing manifest file '../../build/robot_description/robot_description.egg-info/SOURCES.txt'
[3.196s] running build
[3.196s] running build_py
[3.197s] running install
[3.200s] running install_lib
[3.204s] running install_data
[3.206s] copying urdf/robot_description.urdf -> /home/jetson/beta_ws/install/robot_description/share/robot_description
[3.206s] running install_egg_info
[3.211s] removing '/home/jetson/beta_ws/install/robot_description/lib/python3.8/site-packages/robot_description-0.0.0-py3.8.egg-info' (and everything under it)
[3.213s] Copying ../../build/robot_description/robot_description.egg-info to /home/jetson/beta_ws/install/robot_description/lib/python3.8/site-packages/robot_description-0.0.0-py3.8.egg-info
[3.215s] running install_scripts
[3.270s] writing list of installed files to '/home/jetson/beta_ws/build/robot_description/install.log'
[3.368s] Invoked command in '/home/jetson/beta_ws/src/robot_description' returned '0': PYTHONPATH=/home/jetson/beta_ws/build/robot_description/prefix_override:/home/jetson/beta_ws/install/robot_description/lib/python3.8/site-packages:${PYTHONPATH} /usr/bin/python3 setup.py egg_info --egg-base ../../build/robot_description build --build-base /home/jetson/beta_ws/build/robot_description/build install --record /home/jetson/beta_ws/build/robot_description/install.log --install-scripts $base/lib/robot_description --single-version-externally-managed
