[5.087s] Invoking command in '/home/scott/alpha_ws/src/robot': PYTHONPATH=/home/scott/alpha_ws/build/robot/prefix_override:/home/scott/alpha_ws/install/robot/lib/python3.10/site-packages:${PYTHONPATH} /usr/bin/python3 setup.py egg_info --egg-base ../../build/robot build --build-base /home/scott/alpha_ws/build/robot/build install --record /home/scott/alpha_ws/build/robot/install.log --single-version-externally-managed
[6.739s] running egg_info
[6.742s] writing ../../build/robot/robot.egg-info/PKG-INFO
[6.744s] writing dependency_links to ../../build/robot/robot.egg-info/dependency_links.txt
[6.747s] writing entry points to ../../build/robot/robot.egg-info/entry_points.txt
[6.749s] writing requirements to ../../build/robot/robot.egg-info/requires.txt
[6.754s] writing top-level names to ../../build/robot/robot.egg-info/top_level.txt
[6.761s] reading manifest file '../../build/robot/robot.egg-info/SOURCES.txt'
[6.766s] adding license file 'LICENSE'
[6.769s] writing manifest file '../../build/robot/robot.egg-info/SOURCES.txt'
[6.770s] running build
[6.770s] running build_py
[6.772s] copying robot/encoder_publisher_right.py -> /home/scott/alpha_ws/build/robot/build/lib/robot
[6.774s] running install
[6.778s] running install_lib
[6.781s] copying /home/scott/alpha_ws/build/robot/build/lib/robot/encoder_publisher_right.py -> /home/scott/alpha_ws/install/robot/lib/python3.10/site-packages/robot
[6.791s] byte-compiling /home/scott/alpha_ws/install/robot/lib/python3.10/site-packages/robot/encoder_publisher_right.py to encoder_publisher_right.cpython-310.pyc
[6.794s] running install_data
[6.799s] running install_egg_info
[6.816s] removing '/home/scott/alpha_ws/install/robot/lib/python3.10/site-packages/robot-0.0.0-py3.10.egg-info' (and everything under it)
[6.818s] Copying ../../build/robot/robot.egg-info to /home/scott/alpha_ws/install/robot/lib/python3.10/site-packages/robot-0.0.0-py3.10.egg-info
[6.820s] running install_scripts
[6.945s] Installing encoder_publisher_right script to /home/scott/alpha_ws/install/robot/lib/robot
[6.950s] Installing motor_controller script to /home/scott/alpha_ws/install/robot/lib/robot
[6.953s] Installing motor_driver script to /home/scott/alpha_ws/install/robot/lib/robot
[6.956s] Installing pid_controller_right script to /home/scott/alpha_ws/install/robot/lib/robot
[6.960s] Installing rpm_publisher_right script to /home/scott/alpha_ws/install/robot/lib/robot
[6.967s] writing list of installed files to '/home/scott/alpha_ws/build/robot/install.log'
[7.150s] Invoked command in '/home/scott/alpha_ws/src/robot' returned '0': PYTHONPATH=/home/scott/alpha_ws/build/robot/prefix_override:/home/scott/alpha_ws/install/robot/lib/python3.10/site-packages:${PYTHONPATH} /usr/bin/python3 setup.py egg_info --egg-base ../../build/robot build --build-base /home/scott/alpha_ws/build/robot/build install --record /home/scott/alpha_ws/build/robot/install.log --single-version-externally-managed
