/home/scott/alpha_ws/install/robot_bringup/lib/python3.10/site-packages/robot_bringup/__init__.py
/home/scott/alpha_ws/install/robot_bringup/lib/python3.10/site-packages/robot_bringup/__pycache__/__init__.cpython-310.pyc
/home/scott/alpha_ws/install/robot_bringup/share/ament_index/resource_index/packages/robot_bringup
/home/scott/alpha_ws/install/robot_bringup/share/robot_bringup/package.xml
/home/scott/alpha_ws/install/robot_bringup/share/robot_bringup/launch/odom.launch.py
/home/scott/alpha_ws/install/robot_bringup/share/robot_bringup/launch/alpha.launch.py
/home/scott/alpha_ws/install/robot_bringup/share/robot_bringup/launch/navigation_launch.py
/home/scott/alpha_ws/install/robot_bringup/share/robot_bringup/launch/teleop.launch.py
/home/scott/alpha_ws/install/robot_bringup/share/robot_bringup/launch/mapping.launch.py
/home/scott/alpha_ws/install/robot_bringup/share/robot_bringup/launch/localization_launch.py
/home/scott/alpha_ws/install/robot_bringup/share/robot_bringup/launch/nav2.launch.py
/home/scott/alpha_ws/install/robot_bringup/share/robot_bringup/launch/online_async_launch.py
/home/scott/alpha_ws/install/robot_bringup/share/robot_bringup/launch/motors.launch.py
/home/scott/alpha_ws/install/robot_bringup/share/robot_bringup/config/slamtoolbox.yaml
/home/scott/alpha_ws/install/robot_bringup/share/robot_bringup/config/mapper_params_online_async.yaml
/home/scott/alpha_ws/install/robot_bringup/share/robot_bringup/config/mapper_params_localization.yaml
/home/scott/alpha_ws/install/robot_bringup/share/robot_bringup/config/ekf_params.yaml
/home/scott/alpha_ws/install/robot_bringup/share/robot_bringup/config/nav2_params.yaml
/home/scott/alpha_ws/install/robot_bringup/share/robot_bringup/config/xbox_config.yaml
/home/scott/alpha_ws/install/robot_bringup/share/robot_bringup/maps/office.yaml
/home/scott/alpha_ws/install/robot_bringup/share/robot_bringup/maps/house.yaml
/home/scott/alpha_ws/install/robot_bringup/share/robot_bringup/maps/office.pgm
/home/scott/alpha_ws/install/robot_bringup/share/robot_bringup/maps/house.pgm
/home/scott/alpha_ws/install/robot_bringup/lib/python3.10/site-packages/robot_bringup-0.0.0-py3.10.egg-info/dependency_links.txt
/home/scott/alpha_ws/install/robot_bringup/lib/python3.10/site-packages/robot_bringup-0.0.0-py3.10.egg-info/SOURCES.txt
/home/scott/alpha_ws/install/robot_bringup/lib/python3.10/site-packages/robot_bringup-0.0.0-py3.10.egg-info/entry_points.txt
/home/scott/alpha_ws/install/robot_bringup/lib/python3.10/site-packages/robot_bringup-0.0.0-py3.10.egg-info/top_level.txt
/home/scott/alpha_ws/install/robot_bringup/lib/python3.10/site-packages/robot_bringup-0.0.0-py3.10.egg-info/requires.txt
/home/scott/alpha_ws/install/robot_bringup/lib/python3.10/site-packages/robot_bringup-0.0.0-py3.10.egg-info/PKG-INFO
/home/scott/alpha_ws/install/robot_bringup/lib/python3.10/site-packages/robot_bringup-0.0.0-py3.10.egg-info/zip-safe
