[2.297s] Invoking command in '/home/jetson/ros2_ws/src/robot': PYTHONPATH=/home/jetson/ros2_ws/build/robot/prefix_override:/home/jetson/ros2_ws/install/robot/lib/python3.8/site-packages:${PYTHONPATH} /usr/bin/python3 setup.py egg_info --egg-base ../../build/robot build --build-base /home/jetson/ros2_ws/build/robot/build install --record /home/jetson/ros2_ws/build/robot/install.log --install-scripts $base/lib/robot --single-version-externally-managed
[3.076s] running egg_info
[3.081s] writing ../../build/robot/robot.egg-info/PKG-INFO
[3.081s] writing dependency_links to ../../build/robot/robot.egg-info/dependency_links.txt
[3.082s] writing entry points to ../../build/robot/robot.egg-info/entry_points.txt
[3.082s] writing requirements to ../../build/robot/robot.egg-info/requires.txt
[3.082s] writing top-level names to ../../build/robot/robot.egg-info/top_level.txt
[3.215s] reading manifest file '../../build/robot/robot.egg-info/SOURCES.txt'
[3.218s] writing manifest file '../../build/robot/robot.egg-info/SOURCES.txt'
[3.219s] running build
[3.220s] running build_py
[3.220s] copying robot/velocity_publisher.py -> /home/jetson/ros2_ws/build/robot/build/lib/robot
[3.220s] copying robot/pid_controller.py -> /home/jetson/ros2_ws/build/robot/build/lib/robot
[3.222s] running install
[3.225s] running install_lib
[3.228s] copying /home/jetson/ros2_ws/build/robot/build/lib/robot/velocity_publisher.py -> /home/jetson/ros2_ws/install/robot/lib/python3.8/site-packages/robot
[3.229s] copying /home/jetson/ros2_ws/build/robot/build/lib/robot/pid_controller.py -> /home/jetson/ros2_ws/install/robot/lib/python3.8/site-packages/robot
[3.231s] byte-compiling /home/jetson/ros2_ws/install/robot/lib/python3.8/site-packages/robot/velocity_publisher.py to velocity_publisher.cpython-38.pyc
[3.237s] byte-compiling /home/jetson/ros2_ws/install/robot/lib/python3.8/site-packages/robot/pid_controller.py to pid_controller.cpython-38.pyc
[3.241s] running install_data
[3.242s] running install_egg_info
[3.248s] removing '/home/jetson/ros2_ws/install/robot/lib/python3.8/site-packages/robot-0.0.0-py3.8.egg-info' (and everything under it)
[3.248s] Copying ../../build/robot/robot.egg-info to /home/jetson/ros2_ws/install/robot/lib/python3.8/site-packages/robot-0.0.0-py3.8.egg-info
[3.252s] running install_scripts
[3.311s] Installing encoder_publisher script to /home/jetson/ros2_ws/install/robot/lib/robot
[3.312s] Installing encoder_publisher_left script to /home/jetson/ros2_ws/install/robot/lib/robot
[3.312s] Installing encoder_publisher_right script to /home/jetson/ros2_ws/install/robot/lib/robot
[3.313s] Installing imu_controller script to /home/jetson/ros2_ws/install/robot/lib/robot
[3.313s] Installing motor_controller script to /home/jetson/ros2_ws/install/robot/lib/robot
[3.314s] Installing motor_driver script to /home/jetson/ros2_ws/install/robot/lib/robot
[3.314s] Installing odom_publisher script to /home/jetson/ros2_ws/install/robot/lib/robot
[3.314s] Installing pid_controller script to /home/jetson/ros2_ws/install/robot/lib/robot
[3.315s] Installing velocity_publisher script to /home/jetson/ros2_ws/install/robot/lib/robot
[3.316s] writing list of installed files to '/home/jetson/ros2_ws/build/robot/install.log'
[3.412s] Invoked command in '/home/jetson/ros2_ws/src/robot' returned '0': PYTHONPATH=/home/jetson/ros2_ws/build/robot/prefix_override:/home/jetson/ros2_ws/install/robot/lib/python3.8/site-packages:${PYTHONPATH} /usr/bin/python3 setup.py egg_info --egg-base ../../build/robot build --build-base /home/jetson/ros2_ws/build/robot/build install --record /home/jetson/ros2_ws/build/robot/install.log --install-scripts $base/lib/robot --single-version-externally-managed
