[2.269s] Invoking command in '/home/jetson/ros2_ws/src/robot': PYTHONPATH=/home/jetson/ros2_ws/build/robot/prefix_override:/home/jetson/ros2_ws/install/robot/lib/python3.8/site-packages:${PYTHONPATH} /usr/bin/python3 setup.py egg_info --egg-base ../../build/robot build --build-base /home/jetson/ros2_ws/build/robot/build install --record /home/jetson/ros2_ws/build/robot/install.log --install-scripts $base/lib/robot --single-version-externally-managed
[3.021s] running egg_info
[3.025s] writing ../../build/robot/robot.egg-info/PKG-INFO
[3.025s] writing dependency_links to ../../build/robot/robot.egg-info/dependency_links.txt
[3.026s] writing entry points to ../../build/robot/robot.egg-info/entry_points.txt
[3.026s] writing requirements to ../../build/robot/robot.egg-info/requires.txt
[3.027s] writing top-level names to ../../build/robot/robot.egg-info/top_level.txt
[3.151s] reading manifest file '../../build/robot/robot.egg-info/SOURCES.txt'
[3.155s] writing manifest file '../../build/robot/robot.egg-info/SOURCES.txt'
[3.155s] running build
[3.155s] running build_py
[3.156s] copying robot/pid_controller.py -> /home/jetson/ros2_ws/build/robot/build/lib/robot
[3.158s] running install
[3.161s] running install_lib
[3.164s] copying /home/jetson/ros2_ws/build/robot/build/lib/robot/pid_controller.py -> /home/jetson/ros2_ws/install/robot/lib/python3.8/site-packages/robot
[3.167s] byte-compiling /home/jetson/ros2_ws/install/robot/lib/python3.8/site-packages/robot/pid_controller.py to pid_controller.cpython-38.pyc
[3.173s] running install_data
[3.175s] running install_egg_info
[3.180s] removing '/home/jetson/ros2_ws/install/robot/lib/python3.8/site-packages/robot-0.0.0-py3.8.egg-info' (and everything under it)
[3.181s] Copying ../../build/robot/robot.egg-info to /home/jetson/ros2_ws/install/robot/lib/python3.8/site-packages/robot-0.0.0-py3.8.egg-info
[3.184s] running install_scripts
[3.239s] Installing encoder_publisher script to /home/jetson/ros2_ws/install/robot/lib/robot
[3.240s] Installing encoder_publisher_left script to /home/jetson/ros2_ws/install/robot/lib/robot
[3.241s] Installing encoder_publisher_right script to /home/jetson/ros2_ws/install/robot/lib/robot
[3.242s] Installing imu_controller script to /home/jetson/ros2_ws/install/robot/lib/robot
[3.242s] Installing motor_controller script to /home/jetson/ros2_ws/install/robot/lib/robot
[3.242s] Installing motor_driver script to /home/jetson/ros2_ws/install/robot/lib/robot
[3.243s] Installing odom_publisher script to /home/jetson/ros2_ws/install/robot/lib/robot
[3.243s] Installing pid_controller script to /home/jetson/ros2_ws/install/robot/lib/robot
[3.243s] Installing rpm_publisher script to /home/jetson/ros2_ws/install/robot/lib/robot
[3.244s] writing list of installed files to '/home/jetson/ros2_ws/build/robot/install.log'
[3.336s] Invoked command in '/home/jetson/ros2_ws/src/robot' returned '0': PYTHONPATH=/home/jetson/ros2_ws/build/robot/prefix_override:/home/jetson/ros2_ws/install/robot/lib/python3.8/site-packages:${PYTHONPATH} /usr/bin/python3 setup.py egg_info --egg-base ../../build/robot build --build-base /home/jetson/ros2_ws/build/robot/build install --record /home/jetson/ros2_ws/build/robot/install.log --install-scripts $base/lib/robot --single-version-externally-managed
