[2.249s] Invoking command in '/home/jetson/beta_ws/src/robot_description': PYTHONPATH=/home/jetson/beta_ws/build/robot_description/prefix_override:/home/jetson/beta_ws/install/robot_description/lib/python3.8/site-packages:${PYTHONPATH} /usr/bin/python3 setup.py egg_info --egg-base ../../build/robot_description build --build-base /home/jetson/beta_ws/build/robot_description/build install --record /home/jetson/beta_ws/build/robot_description/install.log --install-scripts $base/lib/robot_description --single-version-externally-managed
[3.008s] running egg_info
[3.011s] writing ../../build/robot_description/robot_description.egg-info/PKG-INFO
[3.013s] writing dependency_links to ../../build/robot_description/robot_description.egg-info/dependency_links.txt
[3.013s] writing entry points to ../../build/robot_description/robot_description.egg-info/entry_points.txt
[3.014s] writing requirements to ../../build/robot_description/robot_description.egg-info/requires.txt
[3.014s] writing top-level names to ../../build/robot_description/robot_description.egg-info/top_level.txt
[3.143s] reading manifest file '../../build/robot_description/robot_description.egg-info/SOURCES.txt'
[3.146s] writing manifest file '../../build/robot_description/robot_description.egg-info/SOURCES.txt'
[3.147s] running build
[3.147s] running build_py
[3.148s] running install
[3.150s] running install_lib
[3.154s] running install_data
[3.156s] copying urdf/robot_description.urdf -> /home/jetson/beta_ws/install/robot_description/share/robot_description
[3.156s] running install_egg_info
[3.162s] removing '/home/jetson/beta_ws/install/robot_description/lib/python3.8/site-packages/robot_description-0.0.0-py3.8.egg-info' (and everything under it)
[3.162s] Copying ../../build/robot_description/robot_description.egg-info to /home/jetson/beta_ws/install/robot_description/lib/python3.8/site-packages/robot_description-0.0.0-py3.8.egg-info
[3.165s] running install_scripts
[3.219s] writing list of installed files to '/home/jetson/beta_ws/build/robot_description/install.log'
[3.310s] Invoked command in '/home/jetson/beta_ws/src/robot_description' returned '0': PYTHONPATH=/home/jetson/beta_ws/build/robot_description/prefix_override:/home/jetson/beta_ws/install/robot_description/lib/python3.8/site-packages:${PYTHONPATH} /usr/bin/python3 setup.py egg_info --egg-base ../../build/robot_description build --build-base /home/jetson/beta_ws/build/robot_description/build install --record /home/jetson/beta_ws/build/robot_description/install.log --install-scripts $base/lib/robot_description --single-version-externally-managed
