[4.038s] Invoking command in '/home/scott/alpha_ws/src/robot_bringup': PYTHONPATH=/home/scott/alpha_ws/build/robot_bringup/prefix_override:/home/scott/alpha_ws/install/robot_bringup/lib/python3.10/site-packages:${PYTHONPATH} /usr/bin/python3 setup.py egg_info --egg-base ../../build/robot_bringup build --build-base /home/scott/alpha_ws/build/robot_bringup/build install --record /home/scott/alpha_ws/build/robot_bringup/install.log --single-version-externally-managed
[5.396s] running egg_info
[5.398s] writing ../../build/robot_bringup/robot_bringup.egg-info/PKG-INFO
[5.401s] writing dependency_links to ../../build/robot_bringup/robot_bringup.egg-info/dependency_links.txt
[5.401s] writing entry points to ../../build/robot_bringup/robot_bringup.egg-info/entry_points.txt
[5.402s] writing requirements to ../../build/robot_bringup/robot_bringup.egg-info/requires.txt
[5.403s] writing top-level names to ../../build/robot_bringup/robot_bringup.egg-info/top_level.txt
[5.412s] reading manifest file '../../build/robot_bringup/robot_bringup.egg-info/SOURCES.txt'
[5.413s] adding license file 'LICENSE'
[5.416s] writing manifest file '../../build/robot_bringup/robot_bringup.egg-info/SOURCES.txt'
[5.417s] running build
[5.418s] running build_py
[5.418s] running install
[5.420s] running install_lib
[5.426s] running install_data
[5.430s] running install_egg_info
[5.437s] removing '/home/scott/alpha_ws/install/robot_bringup/lib/python3.10/site-packages/robot_bringup-0.0.0-py3.10.egg-info' (and everything under it)
[5.439s] Copying ../../build/robot_bringup/robot_bringup.egg-info to /home/scott/alpha_ws/install/robot_bringup/lib/python3.10/site-packages/robot_bringup-0.0.0-py3.10.egg-info
[5.446s] running install_scripts
[5.533s] writing list of installed files to '/home/scott/alpha_ws/build/robot_bringup/install.log'
[5.666s] Invoked command in '/home/scott/alpha_ws/src/robot_bringup' returned '0': PYTHONPATH=/home/scott/alpha_ws/build/robot_bringup/prefix_override:/home/scott/alpha_ws/install/robot_bringup/lib/python3.10/site-packages:${PYTHONPATH} /usr/bin/python3 setup.py egg_info --egg-base ../../build/robot_bringup build --build-base /home/scott/alpha_ws/build/robot_bringup/build install --record /home/scott/alpha_ws/build/robot_bringup/install.log --single-version-externally-managed
