[2.478s] Invoking command in '/home/jetson/ros2_ws/src/robot': PYTHONPATH=/home/jetson/ros2_ws/build/robot/prefix_override:/home/jetson/ros2_ws/install/robot/lib/python3.8/site-packages:${PYTHONPATH} /usr/bin/python3 setup.py egg_info --egg-base ../../build/robot build --build-base /home/jetson/ros2_ws/build/robot/build install --record /home/jetson/ros2_ws/build/robot/install.log --install-scripts $base/lib/robot --single-version-externally-managed
[3.216s] running egg_info
[3.218s] writing ../../build/robot/robot.egg-info/PKG-INFO
[3.220s] writing dependency_links to ../../build/robot/robot.egg-info/dependency_links.txt
[3.220s] writing entry points to ../../build/robot/robot.egg-info/entry_points.txt
[3.221s] writing requirements to ../../build/robot/robot.egg-info/requires.txt
[3.221s] writing top-level names to ../../build/robot/robot.egg-info/top_level.txt
[3.352s] reading manifest file '../../build/robot/robot.egg-info/SOURCES.txt'
[3.357s] writing manifest file '../../build/robot/robot.egg-info/SOURCES.txt'
[3.357s] running build
[3.358s] running build_py
[3.359s] copying robot/odom_publisher.py -> /home/jetson/ros2_ws/build/robot/build/lib/robot
[3.360s] running install
[3.363s] running install_lib
[3.367s] copying /home/jetson/ros2_ws/build/robot/build/lib/robot/odom_publisher.py -> /home/jetson/ros2_ws/install/robot/lib/python3.8/site-packages/robot
[3.369s] byte-compiling /home/jetson/ros2_ws/install/robot/lib/python3.8/site-packages/robot/odom_publisher.py to odom_publisher.cpython-38.pyc
[3.376s] running install_data
[3.378s] running install_egg_info
[3.382s] removing '/home/jetson/ros2_ws/install/robot/lib/python3.8/site-packages/robot-0.0.0-py3.8.egg-info' (and everything under it)
[3.383s] Copying ../../build/robot/robot.egg-info to /home/jetson/ros2_ws/install/robot/lib/python3.8/site-packages/robot-0.0.0-py3.8.egg-info
[3.387s] running install_scripts
[3.440s] Installing encoder_publisher script to /home/jetson/ros2_ws/install/robot/lib/robot
[3.440s] Installing encoder_publisher_left script to /home/jetson/ros2_ws/install/robot/lib/robot
[3.441s] Installing encoder_publisher_right script to /home/jetson/ros2_ws/install/robot/lib/robot
[3.441s] Installing imu_controller script to /home/jetson/ros2_ws/install/robot/lib/robot
[3.442s] Installing motor_controller script to /home/jetson/ros2_ws/install/robot/lib/robot
[3.442s] Installing motor_driver script to /home/jetson/ros2_ws/install/robot/lib/robot
[3.442s] Installing odom_publisher script to /home/jetson/ros2_ws/install/robot/lib/robot
[3.443s] Installing pid_controller script to /home/jetson/ros2_ws/install/robot/lib/robot
[3.443s] Installing velocity_publisher script to /home/jetson/ros2_ws/install/robot/lib/robot
[3.444s] writing list of installed files to '/home/jetson/ros2_ws/build/robot/install.log'
[3.530s] Invoked command in '/home/jetson/ros2_ws/src/robot' returned '0': PYTHONPATH=/home/jetson/ros2_ws/build/robot/prefix_override:/home/jetson/ros2_ws/install/robot/lib/python3.8/site-packages:${PYTHONPATH} /usr/bin/python3 setup.py egg_info --egg-base ../../build/robot build --build-base /home/jetson/ros2_ws/build/robot/build install --record /home/jetson/ros2_ws/build/robot/install.log --install-scripts $base/lib/robot --single-version-externally-managed
