[3.785s] Invoking command in '/home/jetson/beta_ws/src/robot': PYTHONPATH=/home/jetson/beta_ws/build/robot/prefix_override:/home/jetson/beta_ws/install/robot/lib/python3.8/site-packages:${PYTHONPATH} /usr/bin/python3 setup.py egg_info --egg-base ../../build/robot build --build-base /home/jetson/beta_ws/build/robot/build install --record /home/jetson/beta_ws/build/robot/install.log --install-scripts $base/lib/robot --single-version-externally-managed
[4.585s] running egg_info
[4.587s] writing ../../build/robot/robot.egg-info/PKG-INFO
[4.590s] writing dependency_links to ../../build/robot/robot.egg-info/dependency_links.txt
[4.592s] writing entry points to ../../build/robot/robot.egg-info/entry_points.txt
[4.593s] writing requirements to ../../build/robot/robot.egg-info/requires.txt
[4.593s] writing top-level names to ../../build/robot/robot.egg-info/top_level.txt
[4.733s] reading manifest file '../../build/robot/robot.egg-info/SOURCES.txt'
[4.738s] writing manifest file '../../build/robot/robot.egg-info/SOURCES.txt'
[4.739s] running build
[4.739s] running build_py
[4.742s] running install
[4.743s] running install_lib
[4.745s] running install_data
[4.748s] running install_egg_info
[4.755s] removing '/home/jetson/beta_ws/install/robot/lib/python3.8/site-packages/robot-0.0.0-py3.8.egg-info' (and everything under it)
[4.759s] Copying ../../build/robot/robot.egg-info to /home/jetson/beta_ws/install/robot/lib/python3.8/site-packages/robot-0.0.0-py3.8.egg-info
[4.765s] running install_scripts
[4.823s] Installing motor_controller script to /home/jetson/beta_ws/install/robot/lib/robot
[4.824s] Installing motor_driver script to /home/jetson/beta_ws/install/robot/lib/robot
[4.825s] writing list of installed files to '/home/jetson/beta_ws/build/robot/install.log'
[4.974s] Invoked command in '/home/jetson/beta_ws/src/robot' returned '0': PYTHONPATH=/home/jetson/beta_ws/build/robot/prefix_override:/home/jetson/beta_ws/install/robot/lib/python3.8/site-packages:${PYTHONPATH} /usr/bin/python3 setup.py egg_info --egg-base ../../build/robot build --build-base /home/jetson/beta_ws/build/robot/build install --record /home/jetson/beta_ws/build/robot/install.log --install-scripts $base/lib/robot --single-version-externally-managed
