[4.013s] Invoking command in '/home/scott/alpha_ws/src/robot': PYTHONPATH=/home/scott/alpha_ws/build/robot/prefix_override:/home/scott/alpha_ws/install/robot/lib/python3.10/site-packages:${PYTHONPATH} /usr/bin/python3 setup.py egg_info --egg-base ../../build/robot build --build-base /home/scott/alpha_ws/build/robot/build install --record /home/scott/alpha_ws/build/robot/install.log --single-version-externally-managed
[5.371s] running egg_info
[5.373s] writing ../../build/robot/robot.egg-info/PKG-INFO
[5.374s] writing dependency_links to ../../build/robot/robot.egg-info/dependency_links.txt
[5.376s] writing entry points to ../../build/robot/robot.egg-info/entry_points.txt
[5.377s] writing requirements to ../../build/robot/robot.egg-info/requires.txt
[5.378s] writing top-level names to ../../build/robot/robot.egg-info/top_level.txt
[5.388s] reading manifest file '../../build/robot/robot.egg-info/SOURCES.txt'
[5.390s] adding license file 'LICENSE'
[5.393s] writing manifest file '../../build/robot/robot.egg-info/SOURCES.txt'
[5.394s] running build
[5.395s] running build_py
[5.396s] copying robot/pid_controller_right.py -> /home/scott/alpha_ws/build/robot/build/lib/robot
[5.399s] copying robot/pid_controller_left.py -> /home/scott/alpha_ws/build/robot/build/lib/robot
[5.402s] running install
[5.403s] running install_lib
[5.408s] copying /home/scott/alpha_ws/build/robot/build/lib/robot/pid_controller_right.py -> /home/scott/alpha_ws/install/robot/lib/python3.10/site-packages/robot
[5.411s] copying /home/scott/alpha_ws/build/robot/build/lib/robot/pid_controller_left.py -> /home/scott/alpha_ws/install/robot/lib/python3.10/site-packages/robot
[5.415s] byte-compiling /home/scott/alpha_ws/install/robot/lib/python3.10/site-packages/robot/pid_controller_right.py to pid_controller_right.cpython-310.pyc
[5.420s] byte-compiling /home/scott/alpha_ws/install/robot/lib/python3.10/site-packages/robot/pid_controller_left.py to pid_controller_left.cpython-310.pyc
[5.423s] running install_data
[5.426s] running install_egg_info
[5.433s] removing '/home/scott/alpha_ws/install/robot/lib/python3.10/site-packages/robot-0.0.0-py3.10.egg-info' (and everything under it)
[5.435s] Copying ../../build/robot/robot.egg-info to /home/scott/alpha_ws/install/robot/lib/python3.10/site-packages/robot-0.0.0-py3.10.egg-info
[5.442s] running install_scripts
[5.529s] Installing encoder_publisher script to /home/scott/alpha_ws/install/robot/lib/robot
[5.530s] Installing encoder_publisher_left script to /home/scott/alpha_ws/install/robot/lib/robot
[5.531s] Installing encoder_publisher_right script to /home/scott/alpha_ws/install/robot/lib/robot
[5.531s] Installing imu_publisher script to /home/scott/alpha_ws/install/robot/lib/robot
[5.532s] Installing motor_controller script to /home/scott/alpha_ws/install/robot/lib/robot
[5.534s] Installing motor_driver script to /home/scott/alpha_ws/install/robot/lib/robot
[5.535s] Installing odom_publisher script to /home/scott/alpha_ws/install/robot/lib/robot
[5.536s] Installing pid_controller_left script to /home/scott/alpha_ws/install/robot/lib/robot
[5.537s] Installing pid_controller_right script to /home/scott/alpha_ws/install/robot/lib/robot
[5.538s] Installing rpm_publisher_left script to /home/scott/alpha_ws/install/robot/lib/robot
[5.539s] Installing rpm_publisher_right script to /home/scott/alpha_ws/install/robot/lib/robot
[5.542s] writing list of installed files to '/home/scott/alpha_ws/build/robot/install.log'
[5.681s] Invoked command in '/home/scott/alpha_ws/src/robot' returned '0': PYTHONPATH=/home/scott/alpha_ws/build/robot/prefix_override:/home/scott/alpha_ws/install/robot/lib/python3.10/site-packages:${PYTHONPATH} /usr/bin/python3 setup.py egg_info --egg-base ../../build/robot build --build-base /home/scott/alpha_ws/build/robot/build install --record /home/scott/alpha_ws/build/robot/install.log --single-version-externally-managed
