[5.063s] Invoking command in '/home/jetson/ros2_ws/src/robot_description': PYTHONPATH=/home/jetson/ros2_ws/build/robot_description/prefix_override:/home/jetson/ros2_ws/install/robot_description/lib/python3.8/site-packages:${PYTHONPATH} /usr/bin/python3 setup.py egg_info --egg-base ../../build/robot_description build --build-base /home/jetson/ros2_ws/build/robot_description/build install --record /home/jetson/ros2_ws/build/robot_description/install.log --install-scripts $base/lib/robot_description --single-version-externally-managed
[6.196s] running egg_info
[6.199s] writing ../../build/robot_description/robot_description.egg-info/PKG-INFO
[6.205s] writing dependency_links to ../../build/robot_description/robot_description.egg-info/dependency_links.txt
[6.206s] writing entry points to ../../build/robot_description/robot_description.egg-info/entry_points.txt
[6.208s] writing requirements to ../../build/robot_description/robot_description.egg-info/requires.txt
[6.209s] writing top-level names to ../../build/robot_description/robot_description.egg-info/top_level.txt
[6.391s] reading manifest file '../../build/robot_description/robot_description.egg-info/SOURCES.txt'
[6.397s] writing manifest file '../../build/robot_description/robot_description.egg-info/SOURCES.txt'
[6.399s] running build
[6.400s] running build_py
[6.402s] running install
[6.407s] running install_lib
[6.414s] running install_data
[6.419s] copying urdf/robot_description.urdf -> /home/jetson/ros2_ws/install/robot_description/share/robot_description
[6.421s] running install_egg_info
[6.429s] removing '/home/jetson/ros2_ws/install/robot_description/lib/python3.8/site-packages/robot_description-0.0.0-py3.8.egg-info' (and everything under it)
[6.431s] Copying ../../build/robot_description/robot_description.egg-info to /home/jetson/ros2_ws/install/robot_description/lib/python3.8/site-packages/robot_description-0.0.0-py3.8.egg-info
[6.438s] running install_scripts
[6.519s] writing list of installed files to '/home/jetson/ros2_ws/build/robot_description/install.log'
[6.667s] Invoked command in '/home/jetson/ros2_ws/src/robot_description' returned '0': PYTHONPATH=/home/jetson/ros2_ws/build/robot_description/prefix_override:/home/jetson/ros2_ws/install/robot_description/lib/python3.8/site-packages:${PYTHONPATH} /usr/bin/python3 setup.py egg_info --egg-base ../../build/robot_description build --build-base /home/jetson/ros2_ws/build/robot_description/build install --record /home/jetson/ros2_ws/build/robot_description/install.log --install-scripts $base/lib/robot_description --single-version-externally-managed
