[4.014s] Invoking command in '/home/scott/alpha_ws/src/robot_description': PYTHONPATH=/home/scott/alpha_ws/build/robot_description/prefix_override:/home/scott/alpha_ws/install/robot_description/lib/python3.10/site-packages:${PYTHONPATH} /usr/bin/python3 setup.py egg_info --egg-base ../../build/robot_description build --build-base /home/scott/alpha_ws/build/robot_description/build install --record /home/scott/alpha_ws/build/robot_description/install.log --single-version-externally-managed
[5.387s] running egg_info
[5.390s] writing ../../build/robot_description/robot_description.egg-info/PKG-INFO
[5.391s] writing dependency_links to ../../build/robot_description/robot_description.egg-info/dependency_links.txt
[5.393s] writing entry points to ../../build/robot_description/robot_description.egg-info/entry_points.txt
[5.394s] writing requirements to ../../build/robot_description/robot_description.egg-info/requires.txt
[5.395s] writing top-level names to ../../build/robot_description/robot_description.egg-info/top_level.txt
[5.404s] reading manifest file '../../build/robot_description/robot_description.egg-info/SOURCES.txt'
[5.408s] adding license file 'LICENSE'
[5.411s] writing manifest file '../../build/robot_description/robot_description.egg-info/SOURCES.txt'
[5.412s] running build
[5.413s] running build_py
[5.414s] running install
[5.415s] running install_lib
[5.422s] running install_data
[5.426s] copying urdf/robot_description.urdf -> /home/scott/alpha_ws/install/robot_description/share/robot_description
[5.427s] running install_egg_info
[5.434s] removing '/home/scott/alpha_ws/install/robot_description/lib/python3.10/site-packages/robot_description-0.0.0-py3.10.egg-info' (and everything under it)
[5.436s] Copying ../../build/robot_description/robot_description.egg-info to /home/scott/alpha_ws/install/robot_description/lib/python3.10/site-packages/robot_description-0.0.0-py3.10.egg-info
[5.445s] running install_scripts
[5.532s] writing list of installed files to '/home/scott/alpha_ws/build/robot_description/install.log'
[5.667s] Invoked command in '/home/scott/alpha_ws/src/robot_description' returned '0': PYTHONPATH=/home/scott/alpha_ws/build/robot_description/prefix_override:/home/scott/alpha_ws/install/robot_description/lib/python3.10/site-packages:${PYTHONPATH} /usr/bin/python3 setup.py egg_info --egg-base ../../build/robot_description build --build-base /home/scott/alpha_ws/build/robot_description/build install --record /home/scott/alpha_ws/build/robot_description/install.log --single-version-externally-managed
