[3.812s] Invoking command in '/home/scott/alpha_ws/src/robot': PYTHONPATH=/home/scott/alpha_ws/build/robot/prefix_override:/home/scott/alpha_ws/install/robot/lib/python3.10/site-packages:${PYTHONPATH} /usr/bin/python3 setup.py egg_info --egg-base ../../build/robot build --build-base /home/scott/alpha_ws/build/robot/build install --record /home/scott/alpha_ws/build/robot/install.log --single-version-externally-managed
[5.095s] running egg_info
[5.098s] writing ../../build/robot/robot.egg-info/PKG-INFO
[5.099s] writing dependency_links to ../../build/robot/robot.egg-info/dependency_links.txt
[5.101s] writing entry points to ../../build/robot/robot.egg-info/entry_points.txt
[5.101s] writing requirements to ../../build/robot/robot.egg-info/requires.txt
[5.102s] writing top-level names to ../../build/robot/robot.egg-info/top_level.txt
[5.112s] reading manifest file '../../build/robot/robot.egg-info/SOURCES.txt'
[5.114s] adding license file 'LICENSE'
[5.117s] writing manifest file '../../build/robot/robot.egg-info/SOURCES.txt'
[5.117s] running build
[5.118s] running build_py
[5.119s] copying robot/pid_controller_right.py -> /home/scott/alpha_ws/build/robot/build/lib/robot
[5.122s] running install
[5.123s] running install_lib
[5.127s] copying /home/scott/alpha_ws/build/robot/build/lib/robot/pid_controller_right.py -> /home/scott/alpha_ws/install/robot/lib/python3.10/site-packages/robot
[5.131s] byte-compiling /home/scott/alpha_ws/install/robot/lib/python3.10/site-packages/robot/pid_controller_right.py to pid_controller_right.cpython-310.pyc
[5.135s] running install_data
[5.138s] running install_egg_info
[5.146s] removing '/home/scott/alpha_ws/install/robot/lib/python3.10/site-packages/robot-0.0.0-py3.10.egg-info' (and everything under it)
[5.148s] Copying ../../build/robot/robot.egg-info to /home/scott/alpha_ws/install/robot/lib/python3.10/site-packages/robot-0.0.0-py3.10.egg-info
[5.154s] running install_scripts
[5.240s] Installing encoder_publisher_right script to /home/scott/alpha_ws/install/robot/lib/robot
[5.241s] Installing motor_controller script to /home/scott/alpha_ws/install/robot/lib/robot
[5.242s] Installing motor_driver script to /home/scott/alpha_ws/install/robot/lib/robot
[5.244s] Installing pid_controller_right script to /home/scott/alpha_ws/install/robot/lib/robot
[5.245s] Installing rpm_publisher_right script to /home/scott/alpha_ws/install/robot/lib/robot
[5.246s] writing list of installed files to '/home/scott/alpha_ws/build/robot/install.log'
[5.378s] Invoked command in '/home/scott/alpha_ws/src/robot' returned '0': PYTHONPATH=/home/scott/alpha_ws/build/robot/prefix_override:/home/scott/alpha_ws/install/robot/lib/python3.10/site-packages:${PYTHONPATH} /usr/bin/python3 setup.py egg_info --egg-base ../../build/robot build --build-base /home/scott/alpha_ws/build/robot/build install --record /home/scott/alpha_ws/build/robot/install.log --single-version-externally-managed
