[2.402s] Invoking command in '/home/jetson/ros2_ws/build/robot_interfaces': CMAKE_PREFIX_PATH=/opt/ros/foxy /usr/bin/cmake /home/jetson/ros2_ws/src/robot_interfaces -DAMENT_CMAKE_SYMLINK_INSTALL=1 -DCMAKE_INSTALL_PREFIX=/home/jetson/ros2_ws/install/robot_interfaces
[2.516s] -- Found ament_cmake: 0.9.12 (/opt/ros/foxy/share/ament_cmake/cmake)
[2.619s] -- Found PythonInterp: /usr/bin/python3 (found suitable version "3.8.10", minimum required is "3") 
[2.620s] -- Using PYTHON_EXECUTABLE: /usr/bin/python3
[3.396s] -- Override CMake install command with custom implementation using symlinks instead of copying resources
[3.465s] -- Found rosidl_default_generators: 1.0.1 (/opt/ros/foxy/share/rosidl_default_generators/cmake)
[3.486s] -- Using all available rosidl_typesupport_c: rosidl_typesupport_fastrtps_c;rosidl_typesupport_introspection_c
[3.514s] -- Found rosidl_adapter: 1.3.1 (/opt/ros/foxy/share/rosidl_adapter/cmake)
[4.171s] -- Using all available rosidl_typesupport_cpp: rosidl_typesupport_fastrtps_cpp;rosidl_typesupport_introspection_cpp
[4.383s] -- Found PythonInterp: /usr/bin/python3 (found version "3.8.10") 
[4.923s] -- Found ament_cmake_ros: 0.9.2 (/opt/ros/foxy/share/ament_cmake_ros/cmake)
[5.401s] -- Using all available rosidl_typesupport_c: rosidl_typesupport_fastrtps_c;rosidl_typesupport_introspection_c
[5.483s] -- Using all available rosidl_typesupport_cpp: rosidl_typesupport_fastrtps_cpp;rosidl_typesupport_introspection_cpp
[5.572s] -- Found PythonInterp: /usr/bin/python3 (found suitable version "3.8.10", minimum required is "3.5") 
[5.578s] -- Found python_cmake_module: 0.8.1 (/opt/ros/foxy/share/python_cmake_module/cmake)
[5.673s] -- Using PYTHON_EXECUTABLE: /usr/bin/python3
[5.675s] -- Using PYTHON_INCLUDE_DIRS: /usr/include/python3.8
[5.676s] -- Using PYTHON_LIBRARIES: /usr/lib/aarch64-linux-gnu/libpython3.8.so
[5.783s] -- Found ament_lint_auto: 0.9.8 (/opt/ros/foxy/share/ament_lint_auto/cmake)
[5.899s] -- Added test 'copyright' to check source files copyright and LICENSE
[5.915s] -- Added test 'lint_cmake' to check CMake code style
[5.924s] -- Added test 'xmllint' to check XML markup files
[5.959s] -- Configuring done
[6.260s] -- Generating done
[6.275s] -- Build files have been written to: /home/jetson/ros2_ws/build/robot_interfaces
[6.421s] Invoked command in '/home/jetson/ros2_ws/build/robot_interfaces' returned '0': CMAKE_PREFIX_PATH=/opt/ros/foxy /usr/bin/cmake /home/jetson/ros2_ws/src/robot_interfaces -DAMENT_CMAKE_SYMLINK_INSTALL=1 -DCMAKE_INSTALL_PREFIX=/home/jetson/ros2_ws/install/robot_interfaces
[6.425s] Invoking command in '/home/jetson/ros2_ws/build/robot_interfaces': CMAKE_PREFIX_PATH=/opt/ros/foxy /usr/bin/cmake --build /home/jetson/ros2_ws/build/robot_interfaces -- -j4 -l4
[6.583s] [  2%] Built target robot_interfaces__cpp
[6.588s] [ 12%] Built target robot_interfaces__rosidl_generator_c
[6.672s] [ 23%] Built target robot_interfaces__rosidl_typesupport_cpp
[6.676s] [ 34%] Built target robot_interfaces__rosidl_typesupport_c
[6.686s] [ 44%] Built target robot_interfaces__rosidl_typesupport_introspection_cpp
[6.701s] [ 46%] [32m[1mLinking CXX shared library librobot_interfaces__rosidl_typesupport_fastrtps_cpp.so[0m
[6.835s] [ 57%] Built target robot_interfaces__rosidl_typesupport_introspection_c
[7.232s] [ 65%] Built target robot_interfaces__rosidl_typesupport_fastrtps_cpp
[7.342s] [ 68%] [32m[1mLinking CXX shared library librobot_interfaces__rosidl_typesupport_fastrtps_c.so[0m
[7.639s] [ 76%] Built target robot_interfaces__rosidl_typesupport_fastrtps_c
[7.699s] [ 76%] Built target robot_interfaces
[7.758s] [ 78%] Built target robot_interfaces__py
[7.858s] [ 80%] [32m[1mLinking C shared library rosidl_generator_py/robot_interfaces/librobot_interfaces__python.so[0m
[7.991s] [ 87%] Built target robot_interfaces__python
[8.088s] [ 91%] [32m[1mLinking CXX shared library rosidl_generator_py/robot_interfaces/robot_interfaces_s__rosidl_typesupport_fastrtps_c.cpython-38-aarch64-linux-gnu.so[0m
[8.089s] [ 91%] [32m[1mLinking C shared library rosidl_generator_py/robot_interfaces/robot_interfaces_s__rosidl_typesupport_c.cpython-38-aarch64-linux-gnu.so[0m
[8.096s] [ 93%] [32m[1mLinking C shared library rosidl_generator_py/robot_interfaces/robot_interfaces_s__rosidl_typesupport_introspection_c.cpython-38-aarch64-linux-gnu.so[0m
[8.212s] [ 95%] Built target robot_interfaces__rosidl_typesupport_c__pyext
[8.225s] [ 97%] Built target robot_interfaces__rosidl_typesupport_introspection_c__pyext
[8.306s] [100%] Built target robot_interfaces__rosidl_typesupport_fastrtps_c__pyext
[8.341s] Invoked command in '/home/jetson/ros2_ws/build/robot_interfaces' returned '0': CMAKE_PREFIX_PATH=/opt/ros/foxy /usr/bin/cmake --build /home/jetson/ros2_ws/build/robot_interfaces -- -j4 -l4
[8.591s] Invoking command in '/home/jetson/ros2_ws/build/robot_interfaces': CMAKE_PREFIX_PATH=/opt/ros/foxy /usr/bin/cmake --install /home/jetson/ros2_ws/build/robot_interfaces
[8.616s] -- Install configuration: ""
[8.618s] -- Execute custom install script
[8.619s] -- Symlinking: /home/jetson/ros2_ws/install/robot_interfaces/share/ament_index/resource_index/rosidl_interfaces/robot_interfaces
[8.646s] -- Symlinking: /home/jetson/ros2_ws/install/robot_interfaces/include/robot_interfaces/msg/detail/duty_cycle__functions.h
[8.672s] -- Symlinking: /home/jetson/ros2_ws/install/robot_interfaces/include/robot_interfaces/msg/detail/duty_cycle__struct.h
[8.698s] -- Symlinking: /home/jetson/ros2_ws/install/robot_interfaces/include/robot_interfaces/msg/detail/duty_cycle__type_support.h
[8.724s] -- Symlinking: /home/jetson/ros2_ws/install/robot_interfaces/include/robot_interfaces/msg/detail/tick_count__functions.h
[8.750s] -- Symlinking: /home/jetson/ros2_ws/install/robot_interfaces/include/robot_interfaces/msg/detail/tick_count__struct.h
[8.776s] -- Symlinking: /home/jetson/ros2_ws/install/robot_interfaces/include/robot_interfaces/msg/detail/tick_count__type_support.h
[8.801s] -- Symlinking: /home/jetson/ros2_ws/install/robot_interfaces/include/robot_interfaces/msg/detail/wheel_rpm__functions.h
[8.827s] -- Symlinking: /home/jetson/ros2_ws/install/robot_interfaces/include/robot_interfaces/msg/detail/wheel_rpm__struct.h
[8.853s] -- Symlinking: /home/jetson/ros2_ws/install/robot_interfaces/include/robot_interfaces/msg/detail/wheel_rpm__type_support.h
[8.878s] -- Symlinking: /home/jetson/ros2_ws/install/robot_interfaces/include/robot_interfaces/msg/detail/wheel_velocity__functions.h
[8.903s] -- Symlinking: /home/jetson/ros2_ws/install/robot_interfaces/include/robot_interfaces/msg/detail/wheel_velocity__struct.h
[8.929s] -- Symlinking: /home/jetson/ros2_ws/install/robot_interfaces/include/robot_interfaces/msg/detail/wheel_velocity__type_support.h
[8.954s] -- Symlinking: /home/jetson/ros2_ws/install/robot_interfaces/include/robot_interfaces/msg/duty_cycle.h
[8.979s] -- Symlinking: /home/jetson/ros2_ws/install/robot_interfaces/include/robot_interfaces/msg/rosidl_generator_c__visibility_control.h
[9.023s] -- Symlinking: /home/jetson/ros2_ws/install/robot_interfaces/include/robot_interfaces/msg/tick_count.h
[9.049s] -- Symlinking: /home/jetson/ros2_ws/install/robot_interfaces/include/robot_interfaces/msg/wheel_rpm.h
[9.074s] -- Symlinking: /home/jetson/ros2_ws/install/robot_interfaces/include/robot_interfaces/msg/wheel_velocity.h
[9.099s] -- Symlinking: /home/jetson/ros2_ws/install/robot_interfaces/share/robot_interfaces/environment/library_path.sh
[9.124s] -- Symlinking: /home/jetson/ros2_ws/install/robot_interfaces/share/robot_interfaces/environment/library_path.dsv
[9.151s] -- Symlinking: /home/jetson/ros2_ws/install/robot_interfaces/include/robot_interfaces/msg/detail/duty_cycle__rosidl_typesupport_fastrtps_c.h
[9.176s] -- Symlinking: /home/jetson/ros2_ws/install/robot_interfaces/include/robot_interfaces/msg/detail/tick_count__rosidl_typesupport_fastrtps_c.h
[9.202s] -- Symlinking: /home/jetson/ros2_ws/install/robot_interfaces/include/robot_interfaces/msg/detail/wheel_rpm__rosidl_typesupport_fastrtps_c.h
[9.227s] -- Symlinking: /home/jetson/ros2_ws/install/robot_interfaces/include/robot_interfaces/msg/detail/wheel_velocity__rosidl_typesupport_fastrtps_c.h
[9.253s] -- Symlinking: /home/jetson/ros2_ws/install/robot_interfaces/include/robot_interfaces/msg/rosidl_typesupport_fastrtps_c__visibility_control.h
[9.279s] -- Symlinking: /home/jetson/ros2_ws/install/robot_interfaces/lib/librobot_interfaces__rosidl_typesupport_fastrtps_c.so
[9.309s] -- Symlinking: /home/jetson/ros2_ws/install/robot_interfaces/include/robot_interfaces/msg/detail/duty_cycle__rosidl_typesupport_fastrtps_cpp.hpp
[9.335s] -- Symlinking: /home/jetson/ros2_ws/install/robot_interfaces/include/robot_interfaces/msg/detail/tick_count__rosidl_typesupport_fastrtps_cpp.hpp
[9.360s] -- Symlinking: /home/jetson/ros2_ws/install/robot_interfaces/include/robot_interfaces/msg/detail/wheel_rpm__rosidl_typesupport_fastrtps_cpp.hpp
[9.385s] -- Symlinking: /home/jetson/ros2_ws/install/robot_interfaces/include/robot_interfaces/msg/detail/wheel_velocity__rosidl_typesupport_fastrtps_cpp.hpp
[9.409s] -- Symlinking: /home/jetson/ros2_ws/install/robot_interfaces/include/robot_interfaces/msg/rosidl_typesupport_fastrtps_cpp__visibility_control.h
[9.436s] -- Symlinking: /home/jetson/ros2_ws/install/robot_interfaces/lib/librobot_interfaces__rosidl_typesupport_fastrtps_cpp.so
[9.464s] -- Symlinking: /home/jetson/ros2_ws/install/robot_interfaces/include/robot_interfaces/msg/detail/duty_cycle__rosidl_typesupport_introspection_c.h
[9.489s] -- Symlinking: /home/jetson/ros2_ws/install/robot_interfaces/include/robot_interfaces/msg/detail/tick_count__rosidl_typesupport_introspection_c.h
[9.514s] -- Symlinking: /home/jetson/ros2_ws/install/robot_interfaces/include/robot_interfaces/msg/detail/wheel_rpm__rosidl_typesupport_introspection_c.h
[9.539s] -- Symlinking: /home/jetson/ros2_ws/install/robot_interfaces/include/robot_interfaces/msg/detail/wheel_velocity__rosidl_typesupport_introspection_c.h
[9.564s] -- Symlinking: /home/jetson/ros2_ws/install/robot_interfaces/include/robot_interfaces/msg/rosidl_typesupport_introspection_c__visibility_control.h
[9.590s] -- Symlinking: /home/jetson/ros2_ws/install/robot_interfaces/include/robot_interfaces/msg/detail/duty_cycle__builder.hpp
[9.615s] -- Symlinking: /home/jetson/ros2_ws/install/robot_interfaces/include/robot_interfaces/msg/detail/duty_cycle__struct.hpp
[9.640s] -- Symlinking: /home/jetson/ros2_ws/install/robot_interfaces/include/robot_interfaces/msg/detail/duty_cycle__traits.hpp
[9.665s] -- Symlinking: /home/jetson/ros2_ws/install/robot_interfaces/include/robot_interfaces/msg/detail/duty_cycle__type_support.hpp
[9.690s] -- Symlinking: /home/jetson/ros2_ws/install/robot_interfaces/include/robot_interfaces/msg/detail/tick_count__builder.hpp
[9.715s] -- Symlinking: /home/jetson/ros2_ws/install/robot_interfaces/include/robot_interfaces/msg/detail/tick_count__struct.hpp
[9.740s] -- Symlinking: /home/jetson/ros2_ws/install/robot_interfaces/include/robot_interfaces/msg/detail/tick_count__traits.hpp
[9.766s] -- Symlinking: /home/jetson/ros2_ws/install/robot_interfaces/include/robot_interfaces/msg/detail/tick_count__type_support.hpp
[9.791s] -- Symlinking: /home/jetson/ros2_ws/install/robot_interfaces/include/robot_interfaces/msg/detail/wheel_rpm__builder.hpp
[9.816s] -- Symlinking: /home/jetson/ros2_ws/install/robot_interfaces/include/robot_interfaces/msg/detail/wheel_rpm__struct.hpp
[9.842s] -- Symlinking: /home/jetson/ros2_ws/install/robot_interfaces/include/robot_interfaces/msg/detail/wheel_rpm__traits.hpp
[9.868s] -- Symlinking: /home/jetson/ros2_ws/install/robot_interfaces/include/robot_interfaces/msg/detail/wheel_rpm__type_support.hpp
[9.893s] -- Symlinking: /home/jetson/ros2_ws/install/robot_interfaces/include/robot_interfaces/msg/detail/wheel_velocity__builder.hpp
[9.919s] -- Symlinking: /home/jetson/ros2_ws/install/robot_interfaces/include/robot_interfaces/msg/detail/wheel_velocity__struct.hpp
[9.945s] -- Symlinking: /home/jetson/ros2_ws/install/robot_interfaces/include/robot_interfaces/msg/detail/wheel_velocity__traits.hpp
[9.970s] -- Symlinking: /home/jetson/ros2_ws/install/robot_interfaces/include/robot_interfaces/msg/detail/wheel_velocity__type_support.hpp
[9.996s] -- Symlinking: /home/jetson/ros2_ws/install/robot_interfaces/include/robot_interfaces/msg/duty_cycle.hpp
[10.021s] -- Symlinking: /home/jetson/ros2_ws/install/robot_interfaces/include/robot_interfaces/msg/rosidl_generator_cpp__visibility_control.hpp
[10.046s] -- Symlinking: /home/jetson/ros2_ws/install/robot_interfaces/include/robot_interfaces/msg/tick_count.hpp
[10.073s] -- Symlinking: /home/jetson/ros2_ws/install/robot_interfaces/include/robot_interfaces/msg/wheel_rpm.hpp
[10.098s] -- Symlinking: /home/jetson/ros2_ws/install/robot_interfaces/include/robot_interfaces/msg/wheel_velocity.hpp
[10.124s] -- Symlinking: /home/jetson/ros2_ws/install/robot_interfaces/include/robot_interfaces/msg/detail/duty_cycle__rosidl_typesupport_introspection_cpp.hpp
[10.150s] -- Symlinking: /home/jetson/ros2_ws/install/robot_interfaces/include/robot_interfaces/msg/detail/tick_count__rosidl_typesupport_introspection_cpp.hpp
[10.176s] -- Symlinking: /home/jetson/ros2_ws/install/robot_interfaces/include/robot_interfaces/msg/detail/wheel_rpm__rosidl_typesupport_introspection_cpp.hpp
[10.200s] -- Symlinking: /home/jetson/ros2_ws/install/robot_interfaces/include/robot_interfaces/msg/detail/wheel_velocity__rosidl_typesupport_introspection_cpp.hpp
[10.226s] -- Symlinking: /home/jetson/ros2_ws/install/robot_interfaces/share/robot_interfaces/environment/pythonpath.sh
[10.251s] -- Symlinking: /home/jetson/ros2_ws/install/robot_interfaces/share/robot_interfaces/environment/pythonpath.dsv
[10.276s] -- Symlinking: /home/jetson/ros2_ws/install/robot_interfaces/lib/python3.8/site-packages/robot_interfaces/__init__.py
[10.301s] -- Symlinking: /home/jetson/ros2_ws/install/robot_interfaces/lib/python3.8/site-packages/robot_interfaces/msg/__init__.py
[10.326s] -- Symlinking: /home/jetson/ros2_ws/install/robot_interfaces/lib/python3.8/site-packages/robot_interfaces/msg/_duty_cycle.py
[10.351s] -- Symlinking: /home/jetson/ros2_ws/install/robot_interfaces/lib/python3.8/site-packages/robot_interfaces/msg/_tick_count.py
[10.376s] -- Symlinking: /home/jetson/ros2_ws/install/robot_interfaces/lib/python3.8/site-packages/robot_interfaces/msg/_wheel_rpm.py
[10.401s] -- Symlinking: /home/jetson/ros2_ws/install/robot_interfaces/lib/python3.8/site-packages/robot_interfaces/msg/_wheel_velocity.py
[10.428s] -- Symlinking: /home/jetson/ros2_ws/install/robot_interfaces/lib/python3.8/site-packages/robot_interfaces/robot_interfaces_s__rosidl_typesupport_fastrtps_c.cpython-38-aarch64-linux-gnu.so
[10.454s] -- Symlinking: /home/jetson/ros2_ws/install/robot_interfaces/lib/python3.8/site-packages/robot_interfaces/robot_interfaces_s__rosidl_typesupport_introspection_c.cpython-38-aarch64-linux-gnu.so
[10.480s] -- Symlinking: /home/jetson/ros2_ws/install/robot_interfaces/lib/python3.8/site-packages/robot_interfaces/robot_interfaces_s__rosidl_typesupport_c.cpython-38-aarch64-linux-gnu.so
[10.505s] -- Symlinking: /home/jetson/ros2_ws/install/robot_interfaces/lib/librobot_interfaces__python.so
[10.530s] -- Symlinking: /home/jetson/ros2_ws/install/robot_interfaces/share/robot_interfaces/msg/TickCount.idl
[10.556s] -- Symlinking: /home/jetson/ros2_ws/install/robot_interfaces/share/robot_interfaces/msg/WheelRPM.idl
[10.582s] -- Symlinking: /home/jetson/ros2_ws/install/robot_interfaces/share/robot_interfaces/msg/DutyCycle.idl
[10.606s] -- Symlinking: /home/jetson/ros2_ws/install/robot_interfaces/share/robot_interfaces/msg/TickCount.msg
[10.632s] -- Symlinking: /home/jetson/ros2_ws/install/robot_interfaces/share/robot_interfaces/msg/WheelRPM.msg
[10.658s] -- Symlinking: /home/jetson/ros2_ws/install/robot_interfaces/share/robot_interfaces/msg/DutyCycle.msg
[10.682s] -- Symlinking: /home/jetson/ros2_ws/install/robot_interfaces/share/ament_index/resource_index/package_run_dependencies/robot_interfaces
[10.708s] -- Symlinking: /home/jetson/ros2_ws/install/robot_interfaces/share/ament_index/resource_index/parent_prefix_path/robot_interfaces
[10.735s] -- Symlinking: /home/jetson/ros2_ws/install/robot_interfaces/share/robot_interfaces/environment/ament_prefix_path.sh
[10.759s] -- Symlinking: /home/jetson/ros2_ws/install/robot_interfaces/share/robot_interfaces/environment/ament_prefix_path.dsv
[10.786s] -- Symlinking: /home/jetson/ros2_ws/install/robot_interfaces/share/robot_interfaces/environment/path.sh
[10.811s] -- Symlinking: /home/jetson/ros2_ws/install/robot_interfaces/share/robot_interfaces/environment/path.dsv
[10.837s] -- Symlinking: /home/jetson/ros2_ws/install/robot_interfaces/share/robot_interfaces/local_setup.bash
[10.864s] -- Symlinking: /home/jetson/ros2_ws/install/robot_interfaces/share/robot_interfaces/local_setup.sh
[10.890s] -- Symlinking: /home/jetson/ros2_ws/install/robot_interfaces/share/robot_interfaces/local_setup.zsh
[10.916s] -- Symlinking: /home/jetson/ros2_ws/install/robot_interfaces/share/robot_interfaces/local_setup.dsv
[10.943s] -- Symlinking: /home/jetson/ros2_ws/install/robot_interfaces/share/robot_interfaces/package.dsv
[10.971s] -- Symlinking: /home/jetson/ros2_ws/install/robot_interfaces/share/ament_index/resource_index/packages/robot_interfaces
[10.999s] -- Symlinking: /home/jetson/ros2_ws/install/robot_interfaces/share/robot_interfaces/cmake/rosidl_cmake-extras.cmake
[11.024s] -- Symlinking: /home/jetson/ros2_ws/install/robot_interfaces/share/robot_interfaces/cmake/ament_cmake_export_dependencies-extras.cmake
[11.052s] -- Symlinking: /home/jetson/ros2_ws/install/robot_interfaces/share/robot_interfaces/cmake/ament_cmake_export_libraries-extras.cmake
[11.078s] -- Symlinking: /home/jetson/ros2_ws/install/robot_interfaces/share/robot_interfaces/cmake/ament_cmake_export_targets-extras.cmake
[11.104s] -- Symlinking: /home/jetson/ros2_ws/install/robot_interfaces/share/robot_interfaces/cmake/ament_cmake_export_include_directories-extras.cmake
[11.130s] -- Symlinking: /home/jetson/ros2_ws/install/robot_interfaces/share/robot_interfaces/cmake/rosidl_cmake_export_typesupport_libraries-extras.cmake
[11.157s] -- Symlinking: /home/jetson/ros2_ws/install/robot_interfaces/share/robot_interfaces/cmake/rosidl_cmake_export_typesupport_targets-extras.cmake
[11.184s] -- Symlinking: /home/jetson/ros2_ws/install/robot_interfaces/share/robot_interfaces/cmake/robot_interfacesConfig.cmake
[11.210s] -- Symlinking: /home/jetson/ros2_ws/install/robot_interfaces/share/robot_interfaces/cmake/robot_interfacesConfig-version.cmake
[11.236s] -- Symlinking: /home/jetson/ros2_ws/install/robot_interfaces/share/robot_interfaces/package.xml
[11.265s] -- Up-to-date: /home/jetson/ros2_ws/install/robot_interfaces/lib/librobot_interfaces__rosidl_generator_c.so
[11.266s] -- Up-to-date: /home/jetson/ros2_ws/install/robot_interfaces/lib/librobot_interfaces__rosidl_typesupport_introspection_c.so
[11.268s] -- Up-to-date: /home/jetson/ros2_ws/install/robot_interfaces/lib/librobot_interfaces__rosidl_typesupport_c.so
[11.272s] -- Up-to-date: /home/jetson/ros2_ws/install/robot_interfaces/lib/librobot_interfaces__rosidl_typesupport_introspection_cpp.so
[11.274s] -- Up-to-date: /home/jetson/ros2_ws/install/robot_interfaces/lib/librobot_interfaces__rosidl_typesupport_cpp.so
[11.379s] Compiling '/home/jetson/ros2_ws/install/robot_interfaces/lib/python3.8/site-packages/robot_interfaces/__init__.py'...
[11.400s] -- Up-to-date: /home/jetson/ros2_ws/install/robot_interfaces/share/robot_interfaces/cmake/robot_interfaces__rosidl_generator_cExport.cmake
[11.400s] -- Installing: /home/jetson/ros2_ws/install/robot_interfaces/share/robot_interfaces/cmake/robot_interfaces__rosidl_generator_cExport-noconfig.cmake
[11.401s] -- Up-to-date: /home/jetson/ros2_ws/install/robot_interfaces/share/robot_interfaces/cmake/robot_interfaces__rosidl_typesupport_introspection_cExport.cmake
[11.401s] -- Installing: /home/jetson/ros2_ws/install/robot_interfaces/share/robot_interfaces/cmake/robot_interfaces__rosidl_typesupport_introspection_cExport-noconfig.cmake
[11.402s] -- Up-to-date: /home/jetson/ros2_ws/install/robot_interfaces/share/robot_interfaces/cmake/robot_interfaces__rosidl_typesupport_cExport.cmake
[11.403s] -- Installing: /home/jetson/ros2_ws/install/robot_interfaces/share/robot_interfaces/cmake/robot_interfaces__rosidl_typesupport_cExport-noconfig.cmake
[11.405s] -- Up-to-date: /home/jetson/ros2_ws/install/robot_interfaces/share/robot_interfaces/cmake/robot_interfaces__rosidl_generator_cppExport.cmake
[11.407s] -- Up-to-date: /home/jetson/ros2_ws/install/robot_interfaces/share/robot_interfaces/cmake/robot_interfaces__rosidl_typesupport_introspection_cppExport.cmake
[11.408s] -- Installing: /home/jetson/ros2_ws/install/robot_interfaces/share/robot_interfaces/cmake/robot_interfaces__rosidl_typesupport_introspection_cppExport-noconfig.cmake
[11.410s] -- Up-to-date: /home/jetson/ros2_ws/install/robot_interfaces/share/robot_interfaces/cmake/robot_interfaces__rosidl_typesupport_cppExport.cmake
[11.411s] -- Installing: /home/jetson/ros2_ws/install/robot_interfaces/share/robot_interfaces/cmake/robot_interfaces__rosidl_typesupport_cppExport-noconfig.cmake
[11.430s] Invoked command in '/home/jetson/ros2_ws/build/robot_interfaces' returned '0': CMAKE_PREFIX_PATH=/opt/ros/foxy /usr/bin/cmake --install /home/jetson/ros2_ws/build/robot_interfaces
