[2.184s] Invoking command in '/home/jetson/ros2_ws/src/robot': PYTHONPATH=/home/jetson/ros2_ws/build/robot/prefix_override:/home/jetson/ros2_ws/install/robot/lib/python3.8/site-packages:${PYTHONPATH} /usr/bin/python3 setup.py egg_info --egg-base ../../build/robot build --build-base /home/jetson/ros2_ws/build/robot/build install --record /home/jetson/ros2_ws/build/robot/install.log --install-scripts $base/lib/robot --single-version-externally-managed
[2.918s] running egg_info
[2.921s] writing ../../build/robot/robot.egg-info/PKG-INFO
[2.921s] writing dependency_links to ../../build/robot/robot.egg-info/dependency_links.txt
[2.922s] writing entry points to ../../build/robot/robot.egg-info/entry_points.txt
[2.923s] writing requirements to ../../build/robot/robot.egg-info/requires.txt
[2.923s] writing top-level names to ../../build/robot/robot.egg-info/top_level.txt
[3.047s] reading manifest file '../../build/robot/robot.egg-info/SOURCES.txt'
[3.050s] writing manifest file '../../build/robot/robot.egg-info/SOURCES.txt'
[3.050s] running build
[3.051s] running build_py
[3.053s] copying robot/motor_controller.py -> /home/jetson/ros2_ws/build/robot/build/lib/robot
[3.053s] running install
[3.056s] running install_lib
[3.059s] copying /home/jetson/ros2_ws/build/robot/build/lib/robot/motor_controller.py -> /home/jetson/ros2_ws/install/robot/lib/python3.8/site-packages/robot
[3.062s] byte-compiling /home/jetson/ros2_ws/install/robot/lib/python3.8/site-packages/robot/motor_controller.py to motor_controller.cpython-38.pyc
[3.068s] running install_data
[3.069s] running install_egg_info
[3.074s] removing '/home/jetson/ros2_ws/install/robot/lib/python3.8/site-packages/robot-0.0.0-py3.8.egg-info' (and everything under it)
[3.075s] Copying ../../build/robot/robot.egg-info to /home/jetson/ros2_ws/install/robot/lib/python3.8/site-packages/robot-0.0.0-py3.8.egg-info
[3.078s] running install_scripts
[3.131s] Installing encoder_publisher script to /home/jetson/ros2_ws/install/robot/lib/robot
[3.132s] Installing encoder_publisher_left script to /home/jetson/ros2_ws/install/robot/lib/robot
[3.132s] Installing encoder_publisher_right script to /home/jetson/ros2_ws/install/robot/lib/robot
[3.133s] Installing imu_controller script to /home/jetson/ros2_ws/install/robot/lib/robot
[3.133s] Installing motor_controller script to /home/jetson/ros2_ws/install/robot/lib/robot
[3.133s] Installing motor_driver script to /home/jetson/ros2_ws/install/robot/lib/robot
[3.134s] Installing odom_publisher script to /home/jetson/ros2_ws/install/robot/lib/robot
[3.134s] Installing pid_controller script to /home/jetson/ros2_ws/install/robot/lib/robot
[3.134s] Installing velocity_publisher script to /home/jetson/ros2_ws/install/robot/lib/robot
[3.135s] writing list of installed files to '/home/jetson/ros2_ws/build/robot/install.log'
[3.228s] Invoked command in '/home/jetson/ros2_ws/src/robot' returned '0': PYTHONPATH=/home/jetson/ros2_ws/build/robot/prefix_override:/home/jetson/ros2_ws/install/robot/lib/python3.8/site-packages:${PYTHONPATH} /usr/bin/python3 setup.py egg_info --egg-base ../../build/robot build --build-base /home/jetson/ros2_ws/build/robot/build install --record /home/jetson/ros2_ws/build/robot/install.log --install-scripts $base/lib/robot --single-version-externally-managed
