[7.629s] Invoking command in '/home/jetson/ros2_ws/build/robot_bringup': PYTHONPATH=/home/jetson/ros2_ws/build/robot_bringup/prefix_override:/home/jetson/ros2_ws/install/robot_bringup/lib/python3.8/site-packages:${PYTHONPATH} /usr/bin/python3 setup.py develop --uninstall --editable --build-directory /home/jetson/ros2_ws/build/robot_bringup/build
[9.737s] running develop
[11.606s] Invoked command in '/home/jetson/ros2_ws/build/robot_bringup' returned '0': PYTHONPATH=/home/jetson/ros2_ws/build/robot_bringup/prefix_override:/home/jetson/ros2_ws/install/robot_bringup/lib/python3.8/site-packages:${PYTHONPATH} /usr/bin/python3 setup.py develop --uninstall --editable --build-directory /home/jetson/ros2_ws/build/robot_bringup/build
[11.616s] Invoking command in '/home/jetson/ros2_ws/src/robot_bringup': PYTHONPATH=/home/jetson/ros2_ws/build/robot_bringup/prefix_override:/home/jetson/ros2_ws/install/robot_bringup/lib/python3.8/site-packages:${PYTHONPATH} /usr/bin/python3 setup.py egg_info --egg-base ../../build/robot_bringup build --build-base /home/jetson/ros2_ws/build/robot_bringup/build install --record /home/jetson/ros2_ws/build/robot_bringup/install.log --single-version-externally-managed
[13.986s] running egg_info
[13.988s] writing ../../build/robot_bringup/robot_bringup.egg-info/PKG-INFO
[13.988s] writing dependency_links to ../../build/robot_bringup/robot_bringup.egg-info/dependency_links.txt
[13.994s] writing entry points to ../../build/robot_bringup/robot_bringup.egg-info/entry_points.txt
[13.994s] writing requirements to ../../build/robot_bringup/robot_bringup.egg-info/requires.txt
[14.004s] writing top-level names to ../../build/robot_bringup/robot_bringup.egg-info/top_level.txt
[14.312s] reading manifest file '../../build/robot_bringup/robot_bringup.egg-info/SOURCES.txt'
[14.316s] writing manifest file '../../build/robot_bringup/robot_bringup.egg-info/SOURCES.txt'
[14.321s] running build
[14.322s] running build_py
[14.326s] running install
[14.332s] running install_lib
[14.344s] running install_data
[14.353s] copying config/nav2_params.yaml -> /home/jetson/ros2_ws/install/robot_bringup/share/robot_bringup/config
[14.353s] running install_egg_info
[14.370s] removing '/home/jetson/ros2_ws/install/robot_bringup/lib/python3.8/site-packages/robot_bringup-0.0.0-py3.8.egg-info' (and everything under it)
[14.370s] Copying ../../build/robot_bringup/robot_bringup.egg-info to /home/jetson/ros2_ws/install/robot_bringup/lib/python3.8/site-packages/robot_bringup-0.0.0-py3.8.egg-info
[14.378s] running install_scripts
[14.532s] writing list of installed files to '/home/jetson/ros2_ws/build/robot_bringup/install.log'
[14.729s] Invoked command in '/home/jetson/ros2_ws/src/robot_bringup' returned '0': PYTHONPATH=/home/jetson/ros2_ws/build/robot_bringup/prefix_override:/home/jetson/ros2_ws/install/robot_bringup/lib/python3.8/site-packages:${PYTHONPATH} /usr/bin/python3 setup.py egg_info --egg-base ../../build/robot_bringup build --build-base /home/jetson/ros2_ws/build/robot_bringup/build install --record /home/jetson/ros2_ws/build/robot_bringup/install.log --single-version-externally-managed
