[4.052s] Invoking command in '/home/scott/alpha_ws/src/robot_description': PYTHONPATH=/home/scott/alpha_ws/build/robot_description/prefix_override:/home/scott/alpha_ws/install/robot_description/lib/python3.10/site-packages:${PYTHONPATH} /usr/bin/python3 setup.py egg_info --egg-base ../../build/robot_description build --build-base /home/scott/alpha_ws/build/robot_description/build install --record /home/scott/alpha_ws/build/robot_description/install.log --single-version-externally-managed
[5.416s] running egg_info
[5.418s] writing ../../build/robot_description/robot_description.egg-info/PKG-INFO
[5.419s] writing dependency_links to ../../build/robot_description/robot_description.egg-info/dependency_links.txt
[5.421s] writing entry points to ../../build/robot_description/robot_description.egg-info/entry_points.txt
[5.421s] writing requirements to ../../build/robot_description/robot_description.egg-info/requires.txt
[5.422s] writing top-level names to ../../build/robot_description/robot_description.egg-info/top_level.txt
[5.433s] reading manifest file '../../build/robot_description/robot_description.egg-info/SOURCES.txt'
[5.436s] adding license file 'LICENSE'
[5.439s] writing manifest file '../../build/robot_description/robot_description.egg-info/SOURCES.txt'
[5.439s] running build
[5.440s] running build_py
[5.441s] running install
[5.442s] running install_lib
[5.448s] running install_data
[5.452s] running install_egg_info
[5.459s] removing '/home/scott/alpha_ws/install/robot_description/lib/python3.10/site-packages/robot_description-0.0.0-py3.10.egg-info' (and everything under it)
[5.461s] Copying ../../build/robot_description/robot_description.egg-info to /home/scott/alpha_ws/install/robot_description/lib/python3.10/site-packages/robot_description-0.0.0-py3.10.egg-info
[5.470s] running install_scripts
[5.556s] writing list of installed files to '/home/scott/alpha_ws/build/robot_description/install.log'
[5.686s] Invoked command in '/home/scott/alpha_ws/src/robot_description' returned '0': PYTHONPATH=/home/scott/alpha_ws/build/robot_description/prefix_override:/home/scott/alpha_ws/install/robot_description/lib/python3.10/site-packages:${PYTHONPATH} /usr/bin/python3 setup.py egg_info --egg-base ../../build/robot_description build --build-base /home/scott/alpha_ws/build/robot_description/build install --record /home/scott/alpha_ws/build/robot_description/install.log --single-version-externally-managed
