[0.432s] Invoking command in '/home/scott/alpha_ws/build/slam_toolbox': CMAKE_PREFIX_PATH=${CMAKE_PREFIX_PATH}:/home/scott/alpha_ws/install/robot_description:/home/scott/alpha_ws/install/robot_bringup:/home/scott/alpha_ws/install/robot:/opt/ros/humble /usr/bin/cmake /home/scott/alpha_ws/src/slam_toolbox -DCMAKE_INSTALL_PREFIX=/home/scott/alpha_ws/install/slam_toolbox
[1.440s] -- The C compiler identification is GNU 11.4.0
[2.009s] -- The CXX compiler identification is GNU 11.4.0
[2.064s] -- Detecting C compiler ABI info
[2.488s] -- Detecting C compiler ABI info - done
[2.518s] -- Check for working C compiler: /usr/bin/cc - skipped
[2.520s] -- Detecting C compile features
[2.524s] -- Detecting C compile features - done
[2.541s] -- Detecting CXX compiler ABI info
[2.963s] -- Detecting CXX compiler ABI info - done
[2.996s] -- Check for working CXX compiler: /usr/bin/c++ - skipped
[2.998s] -- Detecting CXX compile features
[3.000s] -- Detecting CXX compile features - done
[3.092s] -- Found ament_cmake: 1.3.6 (/opt/ros/humble/share/ament_cmake/cmake)
[4.245s] -- Found Python3: /usr/bin/python3.10 (found version "3.10.12") found components: Interpreter 
[5.175s] -- Found message_filters: 4.3.3 (/opt/ros/humble/share/message_filters/cmake)
[5.896s] -- Found rosidl_generator_c: 3.1.5 (/opt/ros/humble/share/rosidl_generator_c/cmake)
[5.987s] -- Found rosidl_adapter: 3.1.5 (/opt/ros/humble/share/rosidl_adapter/cmake)
[6.108s] -- Found rosidl_generator_cpp: 3.1.5 (/opt/ros/humble/share/rosidl_generator_cpp/cmake)
[6.307s] -- Using all available rosidl_typesupport_c: rosidl_typesupport_fastrtps_c;rosidl_typesupport_introspection_c
[6.542s] -- Using all available rosidl_typesupport_cpp: rosidl_typesupport_fastrtps_cpp;rosidl_typesupport_introspection_cpp
[7.207s] -- Found rmw_implementation_cmake: 6.1.1 (/opt/ros/humble/share/rmw_implementation_cmake/cmake)
[7.256s] -- Found rmw_fastrtps_cpp: 6.2.5 (/opt/ros/humble/share/rmw_fastrtps_cpp/cmake)
[8.299s] -- Found OpenSSL: /usr/lib/aarch64-linux-gnu/libcrypto.so (found version "3.0.2")  
[8.633s] -- Found FastRTPS: /opt/ros/humble/include  
[9.194s] -- Using RMW implementation 'rmw_fastrtps_cpp' as default
[9.347s] -- Looking for pthread.h
[9.792s] -- Looking for pthread.h - found
[9.794s] -- Performing Test CMAKE_HAVE_LIBC_PTHREAD
[10.201s] -- Performing Test CMAKE_HAVE_LIBC_PTHREAD - Success
[10.206s] -- Found Threads: TRUE  
[11.241s] -- Found nav_msgs: 4.2.3 (/opt/ros/humble/share/nav_msgs/cmake)
[11.944s] -- Found sensor_msgs: 4.2.3 (/opt/ros/humble/share/sensor_msgs/cmake)
[12.395s] -- Found tf2: 0.25.5 (/opt/ros/humble/share/tf2/cmake)
[12.603s] -- Found tf2_ros: 0.25.5 (/opt/ros/humble/share/tf2_ros/cmake)
[14.540s] -- Found visualization_msgs: 4.2.3 (/opt/ros/humble/share/visualization_msgs/cmake)
[15.131s] -- Found pluginlib: 5.1.0 (/opt/ros/humble/share/pluginlib/cmake)
[15.443s] -- Found tf2_geometry_msgs: 0.25.5 (/opt/ros/humble/share/tf2_geometry_msgs/cmake)
[15.723s] -- Found eigen3_cmake_module: 0.1.1 (/opt/ros/humble/share/eigen3_cmake_module/cmake)
[15.731s] -- Found Eigen3: TRUE (found version "3.4.0") 
[15.732s] -- Ensuring Eigen3 include directory is part of orocos-kdl CMake target
[15.805s] -- Found tf2_sensor_msgs: 0.25.5 (/opt/ros/humble/share/tf2_sensor_msgs/cmake)
[15.933s] -- Found std_srvs: 4.2.3 (/opt/ros/humble/share/std_srvs/cmake)
[16.084s] -- Found rosidl_default_generators: 1.2.0 (/opt/ros/humble/share/rosidl_default_generators/cmake)
[16.211s] -- Found rviz_common: 11.2.9 (/opt/ros/humble/share/rviz_common/cmake)
[16.657s] -- Setting OGRE_DIR to: '/opt/ros/humble/share/rviz_ogre_vendor/cmake/../../../opt/rviz_ogre_vendor/lib/OGRE/cmake'
[16.668s] -- Found OGRE
[16.668s] --   static     : OFF
[16.669s] --   components : HLMS;MeshLodGenerator;Overlay;Paging;Property;RTShaderSystem;Terrain;Volume
[16.670s] --   plugins    : Plugin_BSPSceneManager;Plugin_OctreeSceneManager;Plugin_PCZSceneManager;Plugin_ParticleFX;RenderSystem_GL;RenderSystem_GL3Plus;Codec_STBI
[16.670s] --   media      : /opt/ros/humble/opt/rviz_ogre_vendor/share/OGRE/Media
[16.671s] -- OGRE_LIBRARIES: OgreHLMS;OgreMeshLodGenerator;OgreOverlay;OgrePaging;OgreProperty;OgreRTShaderSystem;OgreTerrain;OgreVolume;OgreMain
[16.672s] -- OGRE_LIBRARY_DIRS: /opt/ros/humble/opt/rviz_ogre_vendor/lib
[16.672s] -- OGRE_PLUGINS: Plugin_BSPSceneManager;Plugin_OctreeSceneManager;Plugin_PCZSceneManager;Plugin_ParticleFX;RenderSystem_GL;RenderSystem_GL3Plus;Codec_STBI
[16.673s] -- OGRE_PLUGIN_DIR: /opt/ros/humble/opt/rviz_ogre_vendor/lib/OGRE
[16.674s] -- rviz_ogre_vendor::OgreOverlay for IMPORTED_LOCATION_RELEASE: /opt/ros/humble/opt/rviz_ogre_vendor/lib/libOgreOverlay.so
[16.675s] -- rviz_ogre_vendor::OgreOverlay for IMPORTED_LOCATION_DEBUG: /opt/ros/humble/opt/rviz_ogre_vendor/lib/libOgreOverlay.so
[16.676s] -- rviz_ogre_vendor::OgreMain for IMPORTED_LOCATION_RELEASE: /opt/ros/humble/opt/rviz_ogre_vendor/lib/libOgreMain.so
[16.676s] -- rviz_ogre_vendor::OgreMain for IMPORTED_LOCATION_DEBUG: /opt/ros/humble/opt/rviz_ogre_vendor/lib/libOgreMain.so
[16.677s] -- Could not find freeimage library
[16.773s] -- Found ZLIB: /usr/lib/aarch64-linux-gnu/libz.so (found version "1.2.11") 
[16.810s] -- Found OpenGL: /usr/lib/aarch64-linux-gnu/libOpenGL.so   
[17.347s] -- Found X11: /usr/include   
[17.350s] -- Looking for XOpenDisplay in /usr/lib/aarch64-linux-gnu/libX11.so;/usr/lib/aarch64-linux-gnu/libXext.so
[17.775s] -- Looking for XOpenDisplay in /usr/lib/aarch64-linux-gnu/libX11.so;/usr/lib/aarch64-linux-gnu/libXext.so - found
[17.776s] -- Looking for gethostbyname
[18.143s] -- Looking for gethostbyname - found
[18.145s] -- Looking for connect
[18.528s] -- Looking for connect - found
[18.529s] -- Looking for remove
[18.911s] -- Looking for remove - found
[18.912s] -- Looking for shmat
[19.272s] -- Looking for shmat - found
[19.273s] -- Looking for IceConnectionNumber in ICE
[19.658s] -- Looking for IceConnectionNumber in ICE - found
[19.667s] -- rviz_ogre_vendor::RenderSystem_GL for IMPORTED_LOCATION_RELEASE: _render_system_gl_static_library_abs-NOTFOUND
[19.671s] -- rviz_ogre_vendor::RenderSystem_GL for IMPORTED_LOCATION_DEBUG: _render_system_gl_static_library_abs-NOTFOUND
[20.303s] -- library: /usr/lib/aarch64-linux-gnu/libcurl.so
[20.842s] -- Found rviz_default_plugins: 11.2.9 (/opt/ros/humble/share/rviz_default_plugins/cmake)
[22.761s] -- Found Boost: /usr/lib/aarch64-linux-gnu/cmake/Boost-1.74.0/BoostConfig.cmake (found version "1.74.0") found components: system serialization filesystem thread 
[22.849s] -- Found PkgConfig: /usr/bin/pkg-config (found version "0.29.2") 
[22.894s] -- Found CHOLMOD: /usr/include/suitesparse  
[22.905s] -- Found CSparse: /usr/include/suitesparse  
[23.071s] -- Looking for sgemm_
[23.458s] -- Looking for sgemm_ - not found
[23.702s] -- Looking for sgemm_
[24.165s] -- Looking for sgemm_ - found
[24.167s] -- Found BLAS: /usr/lib/aarch64-linux-gnu/libblas.so  
[24.177s] -- Looking for cheev_
[24.576s] -- Looking for cheev_ - not found
[24.629s] -- Looking for cheev_
[24.921s] -- Looking for cheev_ - not found
[24.923s] -- Looking for cheev_
[25.395s] -- Looking for cheev_ - found
[25.402s] -- Found LAPACK: /usr/lib/aarch64-linux-gnu/liblapack.so;/usr/lib/aarch64-linux-gnu/libblas.so  
[25.453s] -- Found required Ceres dependency: Eigen version 3.4.0 in /usr/include/eigen3
[25.541s] -- Found required Ceres dependency: glog
[25.544s] -- Found required Ceres dependency: gflags
[25.548s] -- Found Ceres version: 2.0.0 installed in: /usr with components: [EigenSparse, SparseLinearAlgebraLibrary, LAPACK, SuiteSparse, CXSparse, SchurSpecializations, Multithreading]
[27.990s] -- Found ament_cmake_ros: 0.10.0 (/opt/ros/humble/share/ament_cmake_ros/cmake)
[31.119s] -- Using all available rosidl_typesupport_c: rosidl_typesupport_fastrtps_c;rosidl_typesupport_introspection_c
[32.308s] -- Using all available rosidl_typesupport_cpp: rosidl_typesupport_fastrtps_cpp;rosidl_typesupport_introspection_cpp
[32.457s] -- Found PythonInterp: /usr/bin/python3 (found suitable version "3.10.12", minimum required is "3.6") 
[32.493s] -- Found python_cmake_module: 0.10.0 (/opt/ros/humble/share/python_cmake_module/cmake)
[32.659s] -- Found PythonLibs: /usr/lib/aarch64-linux-gnu/libpython3.10.so (found suitable version "3.10.12", minimum required is "3.5") 
[32.660s] -- Using PYTHON_EXECUTABLE: /usr/bin/python3
[32.661s] -- Using PYTHON_INCLUDE_DIRS: /usr/include/python3.10
[32.661s] -- Using PYTHON_LIBRARIES: /usr/lib/aarch64-linux-gnu/libpython3.10.so
[32.792s] -- Found PythonExtra: .so  
[33.819s] -- Configuring done
[35.799s] -- Generating done
[35.836s] -- Build files have been written to: /home/scott/alpha_ws/build/slam_toolbox
[35.945s] Invoked command in '/home/scott/alpha_ws/build/slam_toolbox' returned '0': CMAKE_PREFIX_PATH=${CMAKE_PREFIX_PATH}:/home/scott/alpha_ws/install/robot_description:/home/scott/alpha_ws/install/robot_bringup:/home/scott/alpha_ws/install/robot:/opt/ros/humble /usr/bin/cmake /home/scott/alpha_ws/src/slam_toolbox -DCMAKE_INSTALL_PREFIX=/home/scott/alpha_ws/install/slam_toolbox
[35.959s] Invoking command in '/home/scott/alpha_ws/build/slam_toolbox': CMAKE_PREFIX_PATH=${CMAKE_PREFIX_PATH}:/home/scott/alpha_ws/install/robot_description:/home/scott/alpha_ws/install/robot_bringup:/home/scott/alpha_ws/install/robot:/opt/ros/humble /usr/bin/cmake --build /home/scott/alpha_ws/build/slam_toolbox -- -j4 -l4
[36.249s] [  1%] [34m[1mGenerating C++ code for ROS interfaces[0m
[42.323s] [  1%] Built target slam_toolbox__cpp
[42.423s] [  1%] [32mBuilding CXX object lib/karto_sdk/CMakeFiles/kartoSlamToolbox.dir/src/Karto.cpp.o[0m
[100.279s] [  2%] [32mBuilding CXX object lib/karto_sdk/CMakeFiles/kartoSlamToolbox.dir/src/Mapper.cpp.o[0m
[214.327s] [  3%] [32m[1mLinking CXX shared library libkartoSlamToolbox.so[0m
[216.899s] [  3%] Built target kartoSlamToolbox
[217.040s] [  3%] [34m[1mGenerating C++ type support dispatch for ROS interfaces[0m
[220.482s] [  4%] [32mBuilding CXX object CMakeFiles/slam_toolbox__rosidl_typesupport_cpp.dir/rosidl_typesupport_cpp/slam_toolbox/srv/pause__type_support.cpp.o[0m
[222.678s] [  5%] [32mBuilding CXX object CMakeFiles/slam_toolbox__rosidl_typesupport_cpp.dir/rosidl_typesupport_cpp/slam_toolbox/srv/clear_queue__type_support.cpp.o[0m
[224.305s] [  6%] [32mBuilding CXX object CMakeFiles/slam_toolbox__rosidl_typesupport_cpp.dir/rosidl_typesupport_cpp/slam_toolbox/srv/toggle_interactive__type_support.cpp.o[0m
[225.989s] [  6%] [32mBuilding CXX object CMakeFiles/slam_toolbox__rosidl_typesupport_cpp.dir/rosidl_typesupport_cpp/slam_toolbox/srv/clear__type_support.cpp.o[0m
[227.700s] [  7%] [32mBuilding CXX object CMakeFiles/slam_toolbox__rosidl_typesupport_cpp.dir/rosidl_typesupport_cpp/slam_toolbox/srv/save_map__type_support.cpp.o[0m
[229.375s] [  8%] [32mBuilding CXX object CMakeFiles/slam_toolbox__rosidl_typesupport_cpp.dir/rosidl_typesupport_cpp/slam_toolbox/srv/loop_closure__type_support.cpp.o[0m
[231.098s] [  8%] [32mBuilding CXX object CMakeFiles/slam_toolbox__rosidl_typesupport_cpp.dir/rosidl_typesupport_cpp/slam_toolbox/srv/merge_maps__type_support.cpp.o[0m
[232.778s] [  9%] [32mBuilding CXX object CMakeFiles/slam_toolbox__rosidl_typesupport_cpp.dir/rosidl_typesupport_cpp/slam_toolbox/srv/add_submap__type_support.cpp.o[0m
[234.459s] [ 10%] [32mBuilding CXX object CMakeFiles/slam_toolbox__rosidl_typesupport_cpp.dir/rosidl_typesupport_cpp/slam_toolbox/srv/deserialize_pose_graph__type_support.cpp.o[0m
[236.177s] [ 11%] [32mBuilding CXX object CMakeFiles/slam_toolbox__rosidl_typesupport_cpp.dir/rosidl_typesupport_cpp/slam_toolbox/srv/serialize_pose_graph__type_support.cpp.o[0m
[237.872s] [ 11%] [32m[1mLinking CXX shared library libslam_toolbox__rosidl_typesupport_cpp.so[0m
[238.097s] [ 11%] Built target slam_toolbox__rosidl_typesupport_cpp
[238.164s] [ 12%] [34m[1mGenerating C++ type support for eProsima Fast-RTPS[0m
[243.256s] [ 13%] [32mBuilding CXX object CMakeFiles/slam_toolbox__rosidl_typesupport_fastrtps_cpp.dir/rosidl_typesupport_fastrtps_cpp/slam_toolbox/srv/detail/dds_fastrtps/pause__type_support.cpp.o[0m
[245.927s] [ 13%] [32mBuilding CXX object CMakeFiles/slam_toolbox__rosidl_typesupport_fastrtps_cpp.dir/rosidl_typesupport_fastrtps_cpp/slam_toolbox/srv/detail/dds_fastrtps/clear_queue__type_support.cpp.o[0m
[248.472s] [ 14%] [32mBuilding CXX object CMakeFiles/slam_toolbox__rosidl_typesupport_fastrtps_cpp.dir/rosidl_typesupport_fastrtps_cpp/slam_toolbox/srv/detail/dds_fastrtps/toggle_interactive__type_support.cpp.o[0m
[251.050s] [ 15%] [32mBuilding CXX object CMakeFiles/slam_toolbox__rosidl_typesupport_fastrtps_cpp.dir/rosidl_typesupport_fastrtps_cpp/slam_toolbox/srv/detail/dds_fastrtps/clear__type_support.cpp.o[0m
[253.558s] [ 16%] [32mBuilding CXX object CMakeFiles/slam_toolbox__rosidl_typesupport_fastrtps_cpp.dir/rosidl_typesupport_fastrtps_cpp/slam_toolbox/srv/detail/dds_fastrtps/save_map__type_support.cpp.o[0m
[256.123s] [ 16%] [32mBuilding CXX object CMakeFiles/slam_toolbox__rosidl_typesupport_fastrtps_cpp.dir/rosidl_typesupport_fastrtps_cpp/slam_toolbox/srv/detail/dds_fastrtps/loop_closure__type_support.cpp.o[0m
[258.672s] [ 17%] [32mBuilding CXX object CMakeFiles/slam_toolbox__rosidl_typesupport_fastrtps_cpp.dir/rosidl_typesupport_fastrtps_cpp/slam_toolbox/srv/detail/dds_fastrtps/merge_maps__type_support.cpp.o[0m
[261.189s] [ 18%] [32mBuilding CXX object CMakeFiles/slam_toolbox__rosidl_typesupport_fastrtps_cpp.dir/rosidl_typesupport_fastrtps_cpp/slam_toolbox/srv/detail/dds_fastrtps/add_submap__type_support.cpp.o[0m
[263.807s] [ 18%] [32mBuilding CXX object CMakeFiles/slam_toolbox__rosidl_typesupport_fastrtps_cpp.dir/rosidl_typesupport_fastrtps_cpp/slam_toolbox/srv/detail/dds_fastrtps/deserialize_pose_graph__type_support.cpp.o[0m
[266.503s] [ 19%] [32mBuilding CXX object CMakeFiles/slam_toolbox__rosidl_typesupport_fastrtps_cpp.dir/rosidl_typesupport_fastrtps_cpp/slam_toolbox/srv/detail/dds_fastrtps/serialize_pose_graph__type_support.cpp.o[0m
[269.080s] [ 20%] [32m[1mLinking CXX shared library libslam_toolbox__rosidl_typesupport_fastrtps_cpp.so[0m
[269.530s] [ 20%] Built target slam_toolbox__rosidl_typesupport_fastrtps_cpp
[269.594s] [ 21%] [34m[1mGenerating C++ introspection for ROS interfaces[0m
[273.884s] [ 21%] [32mBuilding CXX object CMakeFiles/slam_toolbox__rosidl_typesupport_introspection_cpp.dir/rosidl_typesupport_introspection_cpp/slam_toolbox/srv/detail/pause__type_support.cpp.o[0m
[276.205s] [ 22%] [32mBuilding CXX object CMakeFiles/slam_toolbox__rosidl_typesupport_introspection_cpp.dir/rosidl_typesupport_introspection_cpp/slam_toolbox/srv/detail/clear_queue__type_support.cpp.o[0m
[278.506s] [ 23%] [32mBuilding CXX object CMakeFiles/slam_toolbox__rosidl_typesupport_introspection_cpp.dir/rosidl_typesupport_introspection_cpp/slam_toolbox/srv/detail/toggle_interactive__type_support.cpp.o[0m
[280.794s] [ 23%] [32mBuilding CXX object CMakeFiles/slam_toolbox__rosidl_typesupport_introspection_cpp.dir/rosidl_typesupport_introspection_cpp/slam_toolbox/srv/detail/clear__type_support.cpp.o[0m
[283.092s] [ 24%] [32mBuilding CXX object CMakeFiles/slam_toolbox__rosidl_typesupport_introspection_cpp.dir/rosidl_typesupport_introspection_cpp/slam_toolbox/srv/detail/save_map__type_support.cpp.o[0m
[285.467s] [ 25%] [32mBuilding CXX object CMakeFiles/slam_toolbox__rosidl_typesupport_introspection_cpp.dir/rosidl_typesupport_introspection_cpp/slam_toolbox/srv/detail/loop_closure__type_support.cpp.o[0m
[287.771s] [ 26%] [32mBuilding CXX object CMakeFiles/slam_toolbox__rosidl_typesupport_introspection_cpp.dir/rosidl_typesupport_introspection_cpp/slam_toolbox/srv/detail/merge_maps__type_support.cpp.o[0m
[290.040s] [ 26%] [32mBuilding CXX object CMakeFiles/slam_toolbox__rosidl_typesupport_introspection_cpp.dir/rosidl_typesupport_introspection_cpp/slam_toolbox/srv/detail/add_submap__type_support.cpp.o[0m
[292.543s] [ 27%] [32mBuilding CXX object CMakeFiles/slam_toolbox__rosidl_typesupport_introspection_cpp.dir/rosidl_typesupport_introspection_cpp/slam_toolbox/srv/detail/deserialize_pose_graph__type_support.cpp.o[0m
[294.943s] [ 28%] [32mBuilding CXX object CMakeFiles/slam_toolbox__rosidl_typesupport_introspection_cpp.dir/rosidl_typesupport_introspection_cpp/slam_toolbox/srv/detail/serialize_pose_graph__type_support.cpp.o[0m
[297.283s] [ 28%] [32m[1mLinking CXX shared library libslam_toolbox__rosidl_typesupport_introspection_cpp.so[0m
[297.669s] [ 28%] Built target slam_toolbox__rosidl_typesupport_introspection_cpp
[297.725s] [ 28%] [34m[1mGenerating rviz_plugin/moc_slam_toolbox_rviz_plugin.cpp[0m
[297.892s] [ 29%] [32mBuilding CXX object CMakeFiles/SlamToolboxPlugin.dir/rviz_plugin/slam_toolbox_rviz_plugin.cpp.o[0m
[423.291s] [ 30%] [32mBuilding CXX object CMakeFiles/SlamToolboxPlugin.dir/rviz_plugin/moc_slam_toolbox_rviz_plugin.cpp.o[0m
[461.347s] [ 30%] [32m[1mLinking CXX shared library libSlamToolboxPlugin.so[0m
[469.883s] [ 30%] Built target SlamToolboxPlugin
[470.048s] [ 31%] [32mBuilding CXX object CMakeFiles/ceres_solver_plugin.dir/solvers/ceres_solver.cpp.o[0m
[552.944s] [ 32%] [32m[1mLinking CXX shared library libceres_solver_plugin.so[0m
[556.916s] [ 32%] Built target ceres_solver_plugin
[557.079s] [ 33%] [32mBuilding CXX object CMakeFiles/toolbox_common.dir/src/slam_toolbox_common.cpp.o[0m
[1462.973s] gmake[2]: *** [CMakeFiles/toolbox_common.dir/build.make:76: CMakeFiles/toolbox_common.dir/src/slam_toolbox_common.cpp.o] Interrupt
[1463.015s] gmake[1]: *** [CMakeFiles/Makefile2:693: CMakeFiles/toolbox_common.dir/all] Interrupt
[1463.016s] gmake: *** [Makefile:146: all] Interrupt
[1463.380s] Invoked command in '/home/scott/alpha_ws/build/slam_toolbox' returned '-2': CMAKE_PREFIX_PATH=${CMAKE_PREFIX_PATH}:/home/scott/alpha_ws/install/robot_description:/home/scott/alpha_ws/install/robot_bringup:/home/scott/alpha_ws/install/robot:/opt/ros/humble /usr/bin/cmake --build /home/scott/alpha_ws/build/slam_toolbox -- -j4 -l4
