running develop
Removing /home/jetson/ros2_ws/install/robot/lib/python3.8/site-packages/robot.egg-link (link to .)
running egg_info
writing ../../build/robot/robot.egg-info/PKG-INFO
writing dependency_links to ../../build/robot/robot.egg-info/dependency_links.txt
writing entry points to ../../build/robot/robot.egg-info/entry_points.txt
writing requirements to ../../build/robot/robot.egg-info/requires.txt
writing top-level names to ../../build/robot/robot.egg-info/top_level.txt
reading manifest file '../../build/robot/robot.egg-info/SOURCES.txt'
writing manifest file '../../build/robot/robot.egg-info/SOURCES.txt'
running build
running build_py
copying robot/encoder_publisher_left.py -> /home/jetson/ros2_ws/build/robot/build/lib/robot
copying robot/motor_controller.py -> /home/jetson/ros2_ws/build/robot/build/lib/robot
copying robot/__init__.py -> /home/jetson/ros2_ws/build/robot/build/lib/robot
copying robot/encoder_publisher_right.py -> /home/jetson/ros2_ws/build/robot/build/lib/robot
copying robot/encoder_publisher.py -> /home/jetson/ros2_ws/build/robot/build/lib/robot
copying robot/pid_controller.py -> /home/jetson/ros2_ws/build/robot/build/lib/robot
copying robot/map_relay.py -> /home/jetson/ros2_ws/build/robot/build/lib/robot
copying robot/imu_controller.py -> /home/jetson/ros2_ws/build/robot/build/lib/robot
copying robot/odom_publisher.py -> /home/jetson/ros2_ws/build/robot/build/lib/robot
copying robot/rpm_publisher.py -> /home/jetson/ros2_ws/build/robot/build/lib/robot
copying robot/motor_driver.py -> /home/jetson/ros2_ws/build/robot/build/lib/robot
running install
running install_lib
copying /home/jetson/ros2_ws/build/robot/build/lib/robot/encoder_publisher_left.py -> /home/jetson/ros2_ws/install/robot/lib/python3.8/site-packages/robot
copying /home/jetson/ros2_ws/build/robot/build/lib/robot/motor_controller.py -> /home/jetson/ros2_ws/install/robot/lib/python3.8/site-packages/robot
copying /home/jetson/ros2_ws/build/robot/build/lib/robot/__init__.py -> /home/jetson/ros2_ws/install/robot/lib/python3.8/site-packages/robot
copying /home/jetson/ros2_ws/build/robot/build/lib/robot/encoder_publisher_right.py -> /home/jetson/ros2_ws/install/robot/lib/python3.8/site-packages/robot
copying /home/jetson/ros2_ws/build/robot/build/lib/robot/encoder_publisher.py -> /home/jetson/ros2_ws/install/robot/lib/python3.8/site-packages/robot
copying /home/jetson/ros2_ws/build/robot/build/lib/robot/pid_controller.py -> /home/jetson/ros2_ws/install/robot/lib/python3.8/site-packages/robot
copying /home/jetson/ros2_ws/build/robot/build/lib/robot/map_relay.py -> /home/jetson/ros2_ws/install/robot/lib/python3.8/site-packages/robot
copying /home/jetson/ros2_ws/build/robot/build/lib/robot/imu_controller.py -> /home/jetson/ros2_ws/install/robot/lib/python3.8/site-packages/robot
copying /home/jetson/ros2_ws/build/robot/build/lib/robot/odom_publisher.py -> /home/jetson/ros2_ws/install/robot/lib/python3.8/site-packages/robot
copying /home/jetson/ros2_ws/build/robot/build/lib/robot/rpm_publisher.py -> /home/jetson/ros2_ws/install/robot/lib/python3.8/site-packages/robot
copying /home/jetson/ros2_ws/build/robot/build/lib/robot/motor_driver.py -> /home/jetson/ros2_ws/install/robot/lib/python3.8/site-packages/robot
byte-compiling /home/jetson/ros2_ws/install/robot/lib/python3.8/site-packages/robot/encoder_publisher_left.py to encoder_publisher_left.cpython-38.pyc
byte-compiling /home/jetson/ros2_ws/install/robot/lib/python3.8/site-packages/robot/motor_controller.py to motor_controller.cpython-38.pyc
byte-compiling /home/jetson/ros2_ws/install/robot/lib/python3.8/site-packages/robot/__init__.py to __init__.cpython-38.pyc
byte-compiling /home/jetson/ros2_ws/install/robot/lib/python3.8/site-packages/robot/encoder_publisher_right.py to encoder_publisher_right.cpython-38.pyc
byte-compiling /home/jetson/ros2_ws/install/robot/lib/python3.8/site-packages/robot/encoder_publisher.py to encoder_publisher.cpython-38.pyc
byte-compiling /home/jetson/ros2_ws/install/robot/lib/python3.8/site-packages/robot/pid_controller.py to pid_controller.cpython-38.pyc
byte-compiling /home/jetson/ros2_ws/install/robot/lib/python3.8/site-packages/robot/map_relay.py to map_relay.cpython-38.pyc
byte-compiling /home/jetson/ros2_ws/install/robot/lib/python3.8/site-packages/robot/imu_controller.py to imu_controller.cpython-38.pyc
byte-compiling /home/jetson/ros2_ws/install/robot/lib/python3.8/site-packages/robot/odom_publisher.py to odom_publisher.cpython-38.pyc
byte-compiling /home/jetson/ros2_ws/install/robot/lib/python3.8/site-packages/robot/rpm_publisher.py to rpm_publisher.cpython-38.pyc
byte-compiling /home/jetson/ros2_ws/install/robot/lib/python3.8/site-packages/robot/motor_driver.py to motor_driver.cpython-38.pyc
running install_data
running install_egg_info
Copying ../../build/robot/robot.egg-info to /home/jetson/ros2_ws/install/robot/lib/python3.8/site-packages/robot-0.0.0-py3.8.egg-info
running install_scripts
Installing encoder_publisher script to /home/jetson/ros2_ws/install/robot/lib/robot
Installing encoder_publisher_left script to /home/jetson/ros2_ws/install/robot/lib/robot
Installing encoder_publisher_right script to /home/jetson/ros2_ws/install/robot/lib/robot
Installing imu_controller script to /home/jetson/ros2_ws/install/robot/lib/robot
Installing motor_controller script to /home/jetson/ros2_ws/install/robot/lib/robot
Installing motor_driver script to /home/jetson/ros2_ws/install/robot/lib/robot
Installing odom_publisher script to /home/jetson/ros2_ws/install/robot/lib/robot
Installing pid_controller script to /home/jetson/ros2_ws/install/robot/lib/robot
Installing rpm_publisher script to /home/jetson/ros2_ws/install/robot/lib/robot
writing list of installed files to '/home/jetson/ros2_ws/build/robot/install.log'
