[2.007s] Invoking command in '/home/scott/alpha_ws/build/robot_interfaces': CMAKE_PREFIX_PATH=${CMAKE_PREFIX_PATH}:/home/scott/alpha_ws/install/robot:/opt/ros/humble /usr/bin/cmake --build /home/scott/alpha_ws/build/robot_interfaces -- -j4 -l4
[2.104s] gmake: Warning: File 'Makefile' has modification time 27314129 s in the future
[2.294s] gmake[1]: Warning: File 'CMakeFiles/Makefile2' has modification time 27314128 s in the future
[2.307s] gmake[2]: Warning: File 'CMakeFiles/robot_interfaces__cpp.dir/progress.make' has modification time 27314128 s in the future
[2.311s] gmake[2]: Warning: File 'CMakeFiles/robot_interfaces__rosidl_generator_c.dir/flags.make' has modification time 27314128 s in the future
[2.314s] gmake[2]: Warning: File 'CMakeFiles/ament_cmake_python_copy_robot_interfaces.dir/progress.make' has modification time 27314128 s in the future
[2.364s] gmake[2]: warning:  Clock skew detected.  Your build may be incomplete.
[2.373s] gmake[2]: warning:  Clock skew detected.  Your build may be incomplete.
[2.374s] gmake[2]: Warning: File 'CMakeFiles/robot_interfaces__cpp.dir/progress.make' has modification time 27314128 s in the future
[2.379s] gmake[2]: warning:  Clock skew detected.  Your build may be incomplete.
[2.390s] gmake[2]: Warning: File 'CMakeFiles/ament_cmake_python_copy_robot_interfaces.dir/progress.make' has modification time 27314128 s in the future
[2.398s] [35m[1mConsolidate compiler generated dependencies of target robot_interfaces__rosidl_generator_c[0m
[2.415s] gmake[2]: warning:  Clock skew detected.  Your build may be incomplete.
[2.428s] gmake[2]: Warning: File 'CMakeFiles/robot_interfaces__rosidl_generator_c.dir/flags.make' has modification time 27314128 s in the future
[2.429s] [  2%] Built target robot_interfaces__cpp
[2.456s] gmake[2]: Warning: File 'CMakeFiles/robot_interfaces__rosidl_typesupport_cpp.dir/flags.make' has modification time 27314128 s in the future
[2.458s] gmake[2]: Warning: File 'CMakeFiles/robot_interfaces__rosidl_typesupport_fastrtps_cpp.dir/flags.make' has modification time 27314128 s in the future
[2.490s] gmake[2]: warning:  Clock skew detected.  Your build may be incomplete.
[2.516s] gmake[2]: warning:  Clock skew detected.  Your build may be incomplete.
[2.524s] [35m[1mConsolidate compiler generated dependencies of target robot_interfaces__rosidl_typesupport_cpp[0m
[2.534s] [35m[1mConsolidate compiler generated dependencies of target robot_interfaces__rosidl_typesupport_fastrtps_cpp[0m
[2.554s] gmake[2]: warning:  Clock skew detected.  Your build may be incomplete.
[2.587s] [ 12%] Built target robot_interfaces__rosidl_generator_c
[2.590s] gmake[2]: Warning: File 'CMakeFiles/robot_interfaces__rosidl_typesupport_cpp.dir/flags.make' has modification time 27314128 s in the future
[2.597s] [ 12%] Built target ament_cmake_python_copy_robot_interfaces
[2.601s] gmake[2]: warning:  Clock skew detected.  Your build may be incomplete.
[2.615s] gmake[2]: Warning: File 'CMakeFiles/robot_interfaces__rosidl_typesupport_fastrtps_c.dir/flags.make' has modification time 27314128 s in the future
[2.621s] gmake[2]: Warning: File 'CMakeFiles/robot_interfaces__rosidl_typesupport_introspection_cpp.dir/flags.make' has modification time 27314128 s in the future
[2.626s] gmake[2]: warning:  Clock skew detected.  Your build may be incomplete.
[2.634s] gmake[2]: Warning: File 'CMakeFiles/robot_interfaces__rosidl_typesupport_fastrtps_cpp.dir/flags.make' has modification time 27314128 s in the future
[2.654s] gmake[2]: warning:  Clock skew detected.  Your build may be incomplete.
[2.692s] [35m[1mConsolidate compiler generated dependencies of target robot_interfaces__rosidl_typesupport_introspection_cpp[0m
[2.710s] [35m[1mConsolidate compiler generated dependencies of target robot_interfaces__rosidl_typesupport_fastrtps_c[0m
[2.720s] [ 23%] Built target robot_interfaces__rosidl_typesupport_cpp
[2.738s] [ 34%] Built target robot_interfaces__rosidl_typesupport_fastrtps_cpp
[2.750s] gmake[2]: warning:  Clock skew detected.  Your build may be incomplete.
[2.761s] gmake[2]: warning:  Clock skew detected.  Your build may be incomplete.
[2.766s] gmake[2]: Warning: File 'CMakeFiles/robot_interfaces__rosidl_typesupport_introspection_c.dir/flags.make' has modification time 27314128 s in the future
[2.769s] gmake[2]: Warning: File 'CMakeFiles/robot_interfaces__rosidl_typesupport_c.dir/flags.make' has modification time 27314128 s in the future
[2.771s] gmake[2]: Warning: File 'CMakeFiles/robot_interfaces__rosidl_typesupport_introspection_cpp.dir/flags.make' has modification time 27314128 s in the future
[2.785s] gmake[2]: Warning: File 'CMakeFiles/robot_interfaces__rosidl_typesupport_fastrtps_c.dir/flags.make' has modification time 27314128 s in the future
[2.786s] gmake[2]: warning:  Clock skew detected.  Your build may be incomplete.
[2.806s] gmake[2]: warning:  Clock skew detected.  Your build may be incomplete.
[2.826s] [ 44%] Built target robot_interfaces__rosidl_typesupport_introspection_cpp
[2.845s] [35m[1mConsolidate compiler generated dependencies of target robot_interfaces__rosidl_typesupport_introspection_c[0m
[2.849s] gmake[2]: Warning: File 'CMakeFiles/ament_cmake_python_build_robot_interfaces_egg.dir/progress.make' has modification time 27314128 s in the future
[2.881s] gmake[2]: warning:  Clock skew detected.  Your build may be incomplete.
[2.883s] [35m[1mConsolidate compiler generated dependencies of target robot_interfaces__rosidl_typesupport_c[0m
[2.909s] gmake[2]: warning:  Clock skew detected.  Your build may be incomplete.
[2.910s] gmake[2]: Warning: File 'CMakeFiles/robot_interfaces__rosidl_typesupport_introspection_c.dir/flags.make' has modification time 27314128 s in the future
[2.913s] gmake[2]: warning:  Clock skew detected.  Your build may be incomplete.
[2.927s] [ 55%] Built target robot_interfaces__rosidl_typesupport_fastrtps_c
[2.932s] gmake[2]: Warning: File 'CMakeFiles/robot_interfaces__rosidl_typesupport_c.dir/flags.make' has modification time 27314128 s in the future
[2.934s] gmake[2]: warning:  Clock skew detected.  Your build may be incomplete.
[2.936s] gmake[2]: warning:  Clock skew detected.  Your build may be incomplete.
[2.946s] gmake[2]: Warning: File 'CMakeFiles/ament_cmake_python_build_robot_interfaces_egg.dir/progress.make' has modification time 27314128 s in the future
[2.977s] [ 65%] Built target robot_interfaces__rosidl_typesupport_introspection_c
[3.012s] [ 76%] Built target robot_interfaces__rosidl_typesupport_c
[3.026s] gmake[2]: Warning: File 'CMakeFiles/robot_interfaces.dir/progress.make' has modification time 27314128 s in the future
[3.075s] gmake[2]: warning:  Clock skew detected.  Your build may be incomplete.
[3.086s] gmake[2]: Warning: File 'CMakeFiles/robot_interfaces.dir/progress.make' has modification time 27314128 s in the future
[3.088s] gmake[2]: warning:  Clock skew detected.  Your build may be incomplete.
[3.126s] [ 76%] Built target robot_interfaces
[3.141s] gmake[2]: Warning: File 'robot_interfaces__py/CMakeFiles/robot_interfaces__py.dir/progress.make' has modification time 27314128 s in the future
[3.187s] gmake[2]: warning:  Clock skew detected.  Your build may be incomplete.
[3.195s] gmake[2]: Warning: File 'robot_interfaces__py/CMakeFiles/robot_interfaces__py.dir/progress.make' has modification time 27314128 s in the future
[3.198s] gmake[2]: warning:  Clock skew detected.  Your build may be incomplete.
[3.248s] [ 78%] Built target robot_interfaces__py
[3.261s] gmake[2]: Warning: File 'CMakeFiles/robot_interfaces__rosidl_generator_py.dir/flags.make' has modification time 27314127 s in the future
[3.328s] [35m[1mConsolidate compiler generated dependencies of target robot_interfaces__rosidl_generator_py[0m
[3.351s] gmake[2]: warning:  Clock skew detected.  Your build may be incomplete.
[3.364s] gmake[2]: Warning: File 'CMakeFiles/robot_interfaces__rosidl_generator_py.dir/flags.make' has modification time 27314127 s in the future
[3.389s] gmake[2]: warning:  Clock skew detected.  Your build may be incomplete.
[3.442s] [ 87%] Built target robot_interfaces__rosidl_generator_py
[3.462s] gmake[2]: Warning: File 'CMakeFiles/robot_interfaces__rosidl_typesupport_fastrtps_c__pyext.dir/flags.make' has modification time 27314127 s in the future
[3.469s] gmake[2]: Warning: File 'CMakeFiles/robot_interfaces__rosidl_typesupport_introspection_c__pyext.dir/flags.make' has modification time 27314127 s in the future
[3.472s] gmake[2]: Warning: File 'CMakeFiles/robot_interfaces__rosidl_typesupport_c__pyext.dir/flags.make' has modification time 27314127 s in the future
[3.527s] [35m[1mConsolidate compiler generated dependencies of target robot_interfaces__rosidl_typesupport_fastrtps_c__pyext[0m
[3.536s] [35m[1mConsolidate compiler generated dependencies of target robot_interfaces__rosidl_typesupport_introspection_c__pyext[0m
[3.552s] gmake[2]: warning:  Clock skew detected.  Your build may be incomplete.
[3.553s] [35m[1mConsolidate compiler generated dependencies of target robot_interfaces__rosidl_typesupport_c__pyext[0m
[3.558s] gmake[2]: warning:  Clock skew detected.  Your build may be incomplete.
[3.572s] gmake[2]: Warning: File 'CMakeFiles/robot_interfaces__rosidl_typesupport_fastrtps_c__pyext.dir/flags.make' has modification time 27314127 s in the future
[3.575s] gmake[2]: warning:  Clock skew detected.  Your build may be incomplete.
[3.582s] gmake[2]: warning:  Clock skew detected.  Your build may be incomplete.
[3.584s] gmake[2]: Warning: File 'CMakeFiles/robot_interfaces__rosidl_typesupport_introspection_c__pyext.dir/flags.make' has modification time 27314127 s in the future
[3.591s] gmake[2]: warning:  Clock skew detected.  Your build may be incomplete.
[3.594s] gmake[2]: Warning: File 'CMakeFiles/robot_interfaces__rosidl_typesupport_c__pyext.dir/flags.make' has modification time 27314127 s in the future
[3.600s] gmake[2]: warning:  Clock skew detected.  Your build may be incomplete.
[3.652s] [ 91%] Built target robot_interfaces__rosidl_typesupport_c__pyext
[3.666s] [ 95%] Built target robot_interfaces__rosidl_typesupport_introspection_c__pyext
[3.668s] [100%] Built target robot_interfaces__rosidl_typesupport_fastrtps_c__pyext
[4.604s] running egg_info
[4.609s] writing robot_interfaces.egg-info/PKG-INFO
[4.613s] writing dependency_links to robot_interfaces.egg-info/dependency_links.txt
[4.613s] writing top-level names to robot_interfaces.egg-info/top_level.txt
[4.625s] reading manifest file 'robot_interfaces.egg-info/SOURCES.txt'
[4.630s] writing manifest file 'robot_interfaces.egg-info/SOURCES.txt'
[4.744s] gmake[2]: warning:  Clock skew detected.  Your build may be incomplete.
[4.782s] [100%] Built target ament_cmake_python_build_robot_interfaces_egg
[4.786s] gmake[1]: warning:  Clock skew detected.  Your build may be incomplete.
[4.829s] gmake: warning:  Clock skew detected.  Your build may be incomplete.
[4.837s] Invoked command in '/home/scott/alpha_ws/build/robot_interfaces' returned '0': CMAKE_PREFIX_PATH=${CMAKE_PREFIX_PATH}:/home/scott/alpha_ws/install/robot:/opt/ros/humble /usr/bin/cmake --build /home/scott/alpha_ws/build/robot_interfaces -- -j4 -l4
[5.476s] Invoking command in '/home/scott/alpha_ws/build/robot_interfaces': CMAKE_PREFIX_PATH=${CMAKE_PREFIX_PATH}:/home/scott/alpha_ws/install/robot:/opt/ros/humble /usr/bin/cmake --install /home/scott/alpha_ws/build/robot_interfaces
[5.513s] -- Install configuration: ""
[5.524s] -- Up-to-date: /home/scott/alpha_ws/install/robot_interfaces/share/ament_index/resource_index/rosidl_interfaces/robot_interfaces
[5.525s] -- Up-to-date: /home/scott/alpha_ws/install/robot_interfaces/include/robot_interfaces/robot_interfaces
[5.525s] -- Up-to-date: /home/scott/alpha_ws/install/robot_interfaces/include/robot_interfaces/robot_interfaces/msg
[5.526s] -- Up-to-date: /home/scott/alpha_ws/install/robot_interfaces/include/robot_interfaces/robot_interfaces/msg/tick_count.h
[5.527s] -- Up-to-date: /home/scott/alpha_ws/install/robot_interfaces/include/robot_interfaces/robot_interfaces/msg/duty_cycle.h
[5.527s] -- Up-to-date: /home/scott/alpha_ws/install/robot_interfaces/include/robot_interfaces/robot_interfaces/msg/detail
[5.528s] -- Up-to-date: /home/scott/alpha_ws/install/robot_interfaces/include/robot_interfaces/robot_interfaces/msg/detail/duty_cycle__functions.c
[5.529s] -- Up-to-date: /home/scott/alpha_ws/install/robot_interfaces/include/robot_interfaces/robot_interfaces/msg/detail/wheel_rpm__type_support.h
[5.529s] -- Up-to-date: /home/scott/alpha_ws/install/robot_interfaces/include/robot_interfaces/robot_interfaces/msg/detail/tick_count__functions.c
[5.530s] -- Up-to-date: /home/scott/alpha_ws/install/robot_interfaces/include/robot_interfaces/robot_interfaces/msg/detail/wheel_rpm__struct.h
[5.531s] -- Up-to-date: /home/scott/alpha_ws/install/robot_interfaces/include/robot_interfaces/robot_interfaces/msg/detail/tick_count__functions.h
[5.532s] -- Up-to-date: /home/scott/alpha_ws/install/robot_interfaces/include/robot_interfaces/robot_interfaces/msg/detail/duty_cycle__type_support.h
[5.532s] -- Up-to-date: /home/scott/alpha_ws/install/robot_interfaces/include/robot_interfaces/robot_interfaces/msg/detail/wheel_rpm__functions.h
[5.533s] -- Up-to-date: /home/scott/alpha_ws/install/robot_interfaces/include/robot_interfaces/robot_interfaces/msg/detail/duty_cycle__functions.h
[5.534s] -- Up-to-date: /home/scott/alpha_ws/install/robot_interfaces/include/robot_interfaces/robot_interfaces/msg/detail/tick_count__struct.h
[5.534s] -- Up-to-date: /home/scott/alpha_ws/install/robot_interfaces/include/robot_interfaces/robot_interfaces/msg/detail/wheel_rpm__functions.c
[5.535s] -- Up-to-date: /home/scott/alpha_ws/install/robot_interfaces/include/robot_interfaces/robot_interfaces/msg/detail/duty_cycle__struct.h
[5.536s] -- Up-to-date: /home/scott/alpha_ws/install/robot_interfaces/include/robot_interfaces/robot_interfaces/msg/detail/tick_count__type_support.h
[5.537s] -- Up-to-date: /home/scott/alpha_ws/install/robot_interfaces/include/robot_interfaces/robot_interfaces/msg/rosidl_generator_c__visibility_control.h
[5.537s] -- Up-to-date: /home/scott/alpha_ws/install/robot_interfaces/include/robot_interfaces/robot_interfaces/msg/wheel_rpm.h
[5.538s] -- Up-to-date: /home/scott/alpha_ws/install/robot_interfaces/share/robot_interfaces/environment/library_path.sh
[5.539s] -- Up-to-date: /home/scott/alpha_ws/install/robot_interfaces/share/robot_interfaces/environment/library_path.dsv
[5.540s] -- Up-to-date: /home/scott/alpha_ws/install/robot_interfaces/lib/librobot_interfaces__rosidl_generator_c.so
[5.540s] -- Up-to-date: /home/scott/alpha_ws/install/robot_interfaces/include/robot_interfaces/robot_interfaces
[5.541s] -- Up-to-date: /home/scott/alpha_ws/install/robot_interfaces/include/robot_interfaces/robot_interfaces/msg
[5.541s] -- Up-to-date: /home/scott/alpha_ws/install/robot_interfaces/include/robot_interfaces/robot_interfaces/msg/detail
[5.542s] -- Up-to-date: /home/scott/alpha_ws/install/robot_interfaces/include/robot_interfaces/robot_interfaces/msg/detail/tick_count__rosidl_typesupport_fastrtps_c.h
[5.543s] -- Up-to-date: /home/scott/alpha_ws/install/robot_interfaces/include/robot_interfaces/robot_interfaces/msg/detail/duty_cycle__rosidl_typesupport_fastrtps_c.h
[5.543s] -- Up-to-date: /home/scott/alpha_ws/install/robot_interfaces/include/robot_interfaces/robot_interfaces/msg/detail/wheel_rpm__rosidl_typesupport_fastrtps_c.h
[5.544s] -- Up-to-date: /home/scott/alpha_ws/install/robot_interfaces/include/robot_interfaces/robot_interfaces/msg/rosidl_typesupport_fastrtps_c__visibility_control.h
[5.545s] -- Up-to-date: /home/scott/alpha_ws/install/robot_interfaces/lib/librobot_interfaces__rosidl_typesupport_fastrtps_c.so
[5.545s] -- Up-to-date: /home/scott/alpha_ws/install/robot_interfaces/include/robot_interfaces/robot_interfaces
[5.546s] -- Up-to-date: /home/scott/alpha_ws/install/robot_interfaces/include/robot_interfaces/robot_interfaces/msg
[5.546s] -- Up-to-date: /home/scott/alpha_ws/install/robot_interfaces/include/robot_interfaces/robot_interfaces/msg/rosidl_typesupport_introspection_c__visibility_control.h
[5.547s] -- Up-to-date: /home/scott/alpha_ws/install/robot_interfaces/include/robot_interfaces/robot_interfaces/msg/detail
[5.548s] -- Up-to-date: /home/scott/alpha_ws/install/robot_interfaces/include/robot_interfaces/robot_interfaces/msg/detail/wheel_rpm__type_support.c
[5.548s] -- Up-to-date: /home/scott/alpha_ws/install/robot_interfaces/include/robot_interfaces/robot_interfaces/msg/detail/tick_count__rosidl_typesupport_introspection_c.h
[5.549s] -- Up-to-date: /home/scott/alpha_ws/install/robot_interfaces/include/robot_interfaces/robot_interfaces/msg/detail/duty_cycle__rosidl_typesupport_introspection_c.h
[5.550s] -- Up-to-date: /home/scott/alpha_ws/install/robot_interfaces/include/robot_interfaces/robot_interfaces/msg/detail/duty_cycle__type_support.c
[5.550s] -- Up-to-date: /home/scott/alpha_ws/install/robot_interfaces/include/robot_interfaces/robot_interfaces/msg/detail/tick_count__type_support.c
[5.551s] -- Up-to-date: /home/scott/alpha_ws/install/robot_interfaces/include/robot_interfaces/robot_interfaces/msg/detail/wheel_rpm__rosidl_typesupport_introspection_c.h
[5.552s] -- Up-to-date: /home/scott/alpha_ws/install/robot_interfaces/lib/librobot_interfaces__rosidl_typesupport_introspection_c.so
[5.552s] -- Up-to-date: /home/scott/alpha_ws/install/robot_interfaces/lib/librobot_interfaces__rosidl_typesupport_c.so
[5.554s] -- Up-to-date: /home/scott/alpha_ws/install/robot_interfaces/include/robot_interfaces/robot_interfaces
[5.555s] -- Up-to-date: /home/scott/alpha_ws/install/robot_interfaces/include/robot_interfaces/robot_interfaces/msg
[5.555s] -- Up-to-date: /home/scott/alpha_ws/install/robot_interfaces/include/robot_interfaces/robot_interfaces/msg/duty_cycle.hpp
[5.556s] -- Up-to-date: /home/scott/alpha_ws/install/robot_interfaces/include/robot_interfaces/robot_interfaces/msg/wheel_rpm.hpp
[5.557s] -- Up-to-date: /home/scott/alpha_ws/install/robot_interfaces/include/robot_interfaces/robot_interfaces/msg/tick_count.hpp
[5.557s] -- Up-to-date: /home/scott/alpha_ws/install/robot_interfaces/include/robot_interfaces/robot_interfaces/msg/detail
[5.558s] -- Up-to-date: /home/scott/alpha_ws/install/robot_interfaces/include/robot_interfaces/robot_interfaces/msg/detail/wheel_rpm__traits.hpp
[5.559s] -- Up-to-date: /home/scott/alpha_ws/install/robot_interfaces/include/robot_interfaces/robot_interfaces/msg/detail/duty_cycle__struct.hpp
[5.560s] -- Up-to-date: /home/scott/alpha_ws/install/robot_interfaces/include/robot_interfaces/robot_interfaces/msg/detail/tick_count__builder.hpp
[5.561s] -- Up-to-date: /home/scott/alpha_ws/install/robot_interfaces/include/robot_interfaces/robot_interfaces/msg/detail/wheel_rpm__struct.hpp
[5.561s] -- Up-to-date: /home/scott/alpha_ws/install/robot_interfaces/include/robot_interfaces/robot_interfaces/msg/detail/duty_cycle__traits.hpp
[5.562s] -- Up-to-date: /home/scott/alpha_ws/install/robot_interfaces/include/robot_interfaces/robot_interfaces/msg/detail/duty_cycle__builder.hpp
[5.563s] -- Up-to-date: /home/scott/alpha_ws/install/robot_interfaces/include/robot_interfaces/robot_interfaces/msg/detail/tick_count__struct.hpp
[5.563s] -- Up-to-date: /home/scott/alpha_ws/install/robot_interfaces/include/robot_interfaces/robot_interfaces/msg/detail/wheel_rpm__builder.hpp
[5.564s] -- Up-to-date: /home/scott/alpha_ws/install/robot_interfaces/include/robot_interfaces/robot_interfaces/msg/detail/tick_count__traits.hpp
[5.564s] -- Up-to-date: /home/scott/alpha_ws/install/robot_interfaces/include/robot_interfaces/robot_interfaces
[5.565s] -- Up-to-date: /home/scott/alpha_ws/install/robot_interfaces/include/robot_interfaces/robot_interfaces/msg
[5.566s] -- Up-to-date: /home/scott/alpha_ws/install/robot_interfaces/include/robot_interfaces/robot_interfaces/msg/detail
[5.566s] -- Up-to-date: /home/scott/alpha_ws/install/robot_interfaces/include/robot_interfaces/robot_interfaces/msg/detail/wheel_rpm__rosidl_typesupport_fastrtps_cpp.hpp
[5.567s] -- Up-to-date: /home/scott/alpha_ws/install/robot_interfaces/include/robot_interfaces/robot_interfaces/msg/detail/dds_fastrtps
[5.567s] -- Up-to-date: /home/scott/alpha_ws/install/robot_interfaces/include/robot_interfaces/robot_interfaces/msg/detail/duty_cycle__rosidl_typesupport_fastrtps_cpp.hpp
[5.568s] -- Up-to-date: /home/scott/alpha_ws/install/robot_interfaces/include/robot_interfaces/robot_interfaces/msg/detail/tick_count__rosidl_typesupport_fastrtps_cpp.hpp
[5.568s] -- Up-to-date: /home/scott/alpha_ws/install/robot_interfaces/include/robot_interfaces/robot_interfaces/msg/rosidl_typesupport_fastrtps_cpp__visibility_control.h
[5.569s] -- Up-to-date: /home/scott/alpha_ws/install/robot_interfaces/lib/librobot_interfaces__rosidl_typesupport_fastrtps_cpp.so
[5.570s] -- Up-to-date: /home/scott/alpha_ws/install/robot_interfaces/include/robot_interfaces/robot_interfaces
[5.570s] -- Up-to-date: /home/scott/alpha_ws/install/robot_interfaces/include/robot_interfaces/robot_interfaces/msg
[5.571s] -- Up-to-date: /home/scott/alpha_ws/install/robot_interfaces/include/robot_interfaces/robot_interfaces/msg/detail
[5.572s] -- Up-to-date: /home/scott/alpha_ws/install/robot_interfaces/include/robot_interfaces/robot_interfaces/msg/detail/wheel_rpm__rosidl_typesupport_introspection_cpp.hpp
[5.573s] -- Up-to-date: /home/scott/alpha_ws/install/robot_interfaces/include/robot_interfaces/robot_interfaces/msg/detail/duty_cycle__rosidl_typesupport_introspection_cpp.hpp
[5.573s] -- Up-to-date: /home/scott/alpha_ws/install/robot_interfaces/include/robot_interfaces/robot_interfaces/msg/detail/tick_count__type_support.cpp
[5.574s] -- Up-to-date: /home/scott/alpha_ws/install/robot_interfaces/include/robot_interfaces/robot_interfaces/msg/detail/wheel_rpm__type_support.cpp
[5.575s] -- Up-to-date: /home/scott/alpha_ws/install/robot_interfaces/include/robot_interfaces/robot_interfaces/msg/detail/tick_count__rosidl_typesupport_introspection_cpp.hpp
[5.575s] -- Up-to-date: /home/scott/alpha_ws/install/robot_interfaces/include/robot_interfaces/robot_interfaces/msg/detail/duty_cycle__type_support.cpp
[5.579s] -- Up-to-date: /home/scott/alpha_ws/install/robot_interfaces/lib/librobot_interfaces__rosidl_typesupport_introspection_cpp.so
[5.583s] -- Up-to-date: /home/scott/alpha_ws/install/robot_interfaces/lib/librobot_interfaces__rosidl_typesupport_cpp.so
[5.585s] -- Up-to-date: /home/scott/alpha_ws/install/robot_interfaces/share/robot_interfaces/environment/pythonpath.sh
[5.586s] -- Up-to-date: /home/scott/alpha_ws/install/robot_interfaces/share/robot_interfaces/environment/pythonpath.dsv
[5.586s] -- Up-to-date: /home/scott/alpha_ws/install/robot_interfaces/local/lib/python3.10/dist-packages/robot_interfaces-0.0.0-py3.10.egg-info
[5.588s] -- Installing: /home/scott/alpha_ws/install/robot_interfaces/local/lib/python3.10/dist-packages/robot_interfaces-0.0.0-py3.10.egg-info/dependency_links.txt
[5.589s] -- Installing: /home/scott/alpha_ws/install/robot_interfaces/local/lib/python3.10/dist-packages/robot_interfaces-0.0.0-py3.10.egg-info/SOURCES.txt
[5.591s] -- Installing: /home/scott/alpha_ws/install/robot_interfaces/local/lib/python3.10/dist-packages/robot_interfaces-0.0.0-py3.10.egg-info/top_level.txt
[5.593s] -- Installing: /home/scott/alpha_ws/install/robot_interfaces/local/lib/python3.10/dist-packages/robot_interfaces-0.0.0-py3.10.egg-info/PKG-INFO
[5.595s] -- Up-to-date: /home/scott/alpha_ws/install/robot_interfaces/local/lib/python3.10/dist-packages/robot_interfaces
[5.597s] -- Up-to-date: /home/scott/alpha_ws/install/robot_interfaces/local/lib/python3.10/dist-packages/robot_interfaces/_robot_interfaces_s.ep.rosidl_typesupport_c.c
[5.597s] -- Up-to-date: /home/scott/alpha_ws/install/robot_interfaces/local/lib/python3.10/dist-packages/robot_interfaces/msg
[5.598s] -- Up-to-date: /home/scott/alpha_ws/install/robot_interfaces/local/lib/python3.10/dist-packages/robot_interfaces/msg/_duty_cycle.py
[5.599s] -- Up-to-date: /home/scott/alpha_ws/install/robot_interfaces/local/lib/python3.10/dist-packages/robot_interfaces/msg/_tick_count.py
[5.599s] -- Up-to-date: /home/scott/alpha_ws/install/robot_interfaces/local/lib/python3.10/dist-packages/robot_interfaces/msg/_tick_count_s.c
[5.600s] -- Up-to-date: /home/scott/alpha_ws/install/robot_interfaces/local/lib/python3.10/dist-packages/robot_interfaces/msg/_wheel_rpm.py
[5.601s] -- Up-to-date: /home/scott/alpha_ws/install/robot_interfaces/local/lib/python3.10/dist-packages/robot_interfaces/msg/__init__.py
[5.601s] -- Up-to-date: /home/scott/alpha_ws/install/robot_interfaces/local/lib/python3.10/dist-packages/robot_interfaces/msg/_wheel_rpm_s.c
[5.602s] -- Up-to-date: /home/scott/alpha_ws/install/robot_interfaces/local/lib/python3.10/dist-packages/robot_interfaces/msg/_duty_cycle_s.c
[5.603s] -- Up-to-date: /home/scott/alpha_ws/install/robot_interfaces/local/lib/python3.10/dist-packages/robot_interfaces/robot_interfaces_s__rosidl_typesupport_c.cpython-310-aarch64-linux-gnu.so
[5.604s] -- Up-to-date: /home/scott/alpha_ws/install/robot_interfaces/local/lib/python3.10/dist-packages/robot_interfaces/__init__.py
[5.604s] -- Up-to-date: /home/scott/alpha_ws/install/robot_interfaces/local/lib/python3.10/dist-packages/robot_interfaces/_robot_interfaces_s.ep.rosidl_typesupport_introspection_c.c
[5.605s] -- Up-to-date: /home/scott/alpha_ws/install/robot_interfaces/local/lib/python3.10/dist-packages/robot_interfaces/_robot_interfaces_s.ep.rosidl_typesupport_fastrtps_c.c
[5.606s] -- Up-to-date: /home/scott/alpha_ws/install/robot_interfaces/local/lib/python3.10/dist-packages/robot_interfaces/robot_interfaces_s__rosidl_typesupport_fastrtps_c.cpython-310-aarch64-linux-gnu.so
[5.607s] -- Up-to-date: /home/scott/alpha_ws/install/robot_interfaces/local/lib/python3.10/dist-packages/robot_interfaces/librobot_interfaces__rosidl_generator_py.so
[5.608s] -- Up-to-date: /home/scott/alpha_ws/install/robot_interfaces/local/lib/python3.10/dist-packages/robot_interfaces/robot_interfaces_s__rosidl_typesupport_introspection_c.cpython-310-aarch64-linux-gnu.so
[5.785s] Listing '/home/scott/alpha_ws/install/robot_interfaces/local/lib/python3.10/dist-packages/robot_interfaces'...
[5.787s] Listing '/home/scott/alpha_ws/install/robot_interfaces/local/lib/python3.10/dist-packages/robot_interfaces/msg'...
[5.816s] -- Up-to-date: /home/scott/alpha_ws/install/robot_interfaces/local/lib/python3.10/dist-packages/robot_interfaces/robot_interfaces_s__rosidl_typesupport_fastrtps_c.cpython-310-aarch64-linux-gnu.so
[5.820s] -- Up-to-date: /home/scott/alpha_ws/install/robot_interfaces/local/lib/python3.10/dist-packages/robot_interfaces/robot_interfaces_s__rosidl_typesupport_introspection_c.cpython-310-aarch64-linux-gnu.so
[5.822s] -- Up-to-date: /home/scott/alpha_ws/install/robot_interfaces/local/lib/python3.10/dist-packages/robot_interfaces/robot_interfaces_s__rosidl_typesupport_c.cpython-310-aarch64-linux-gnu.so
[5.825s] -- Up-to-date: /home/scott/alpha_ws/install/robot_interfaces/lib/librobot_interfaces__rosidl_generator_py.so
[5.827s] -- Up-to-date: /home/scott/alpha_ws/install/robot_interfaces/share/robot_interfaces/msg/TickCount.idl
[5.828s] -- Up-to-date: /home/scott/alpha_ws/install/robot_interfaces/share/robot_interfaces/msg/WheelRPM.idl
[5.829s] -- Up-to-date: /home/scott/alpha_ws/install/robot_interfaces/share/robot_interfaces/msg/DutyCycle.idl
[5.830s] -- Up-to-date: /home/scott/alpha_ws/install/robot_interfaces/share/robot_interfaces/msg/TickCount.msg
[5.831s] -- Up-to-date: /home/scott/alpha_ws/install/robot_interfaces/share/robot_interfaces/msg/WheelRPM.msg
[5.831s] -- Up-to-date: /home/scott/alpha_ws/install/robot_interfaces/share/robot_interfaces/msg/DutyCycle.msg
[5.832s] -- Up-to-date: /home/scott/alpha_ws/install/robot_interfaces/share/ament_index/resource_index/package_run_dependencies/robot_interfaces
[5.833s] -- Up-to-date: /home/scott/alpha_ws/install/robot_interfaces/share/ament_index/resource_index/parent_prefix_path/robot_interfaces
[5.834s] -- Up-to-date: /home/scott/alpha_ws/install/robot_interfaces/share/robot_interfaces/environment/ament_prefix_path.sh
[5.835s] -- Up-to-date: /home/scott/alpha_ws/install/robot_interfaces/share/robot_interfaces/environment/ament_prefix_path.dsv
[5.836s] -- Up-to-date: /home/scott/alpha_ws/install/robot_interfaces/share/robot_interfaces/environment/path.sh
[5.837s] -- Up-to-date: /home/scott/alpha_ws/install/robot_interfaces/share/robot_interfaces/environment/path.dsv
[5.838s] -- Up-to-date: /home/scott/alpha_ws/install/robot_interfaces/share/robot_interfaces/local_setup.bash
[5.839s] -- Up-to-date: /home/scott/alpha_ws/install/robot_interfaces/share/robot_interfaces/local_setup.sh
[5.840s] -- Up-to-date: /home/scott/alpha_ws/install/robot_interfaces/share/robot_interfaces/local_setup.zsh
[5.841s] -- Up-to-date: /home/scott/alpha_ws/install/robot_interfaces/share/robot_interfaces/local_setup.dsv
[5.842s] -- Installing: /home/scott/alpha_ws/install/robot_interfaces/share/robot_interfaces/package.dsv
[5.843s] -- Up-to-date: /home/scott/alpha_ws/install/robot_interfaces/share/ament_index/resource_index/packages/robot_interfaces
[5.846s] -- Up-to-date: /home/scott/alpha_ws/install/robot_interfaces/share/robot_interfaces/cmake/export_robot_interfaces__rosidl_generator_cExport.cmake
[5.847s] -- Up-to-date: /home/scott/alpha_ws/install/robot_interfaces/share/robot_interfaces/cmake/export_robot_interfaces__rosidl_generator_cExport-noconfig.cmake
[5.849s] -- Up-to-date: /home/scott/alpha_ws/install/robot_interfaces/share/robot_interfaces/cmake/export_robot_interfaces__rosidl_typesupport_fastrtps_cExport.cmake
[5.850s] -- Up-to-date: /home/scott/alpha_ws/install/robot_interfaces/share/robot_interfaces/cmake/export_robot_interfaces__rosidl_typesupport_fastrtps_cExport-noconfig.cmake
[5.853s] -- Up-to-date: /home/scott/alpha_ws/install/robot_interfaces/share/robot_interfaces/cmake/robot_interfaces__rosidl_typesupport_introspection_cExport.cmake
[5.854s] -- Up-to-date: /home/scott/alpha_ws/install/robot_interfaces/share/robot_interfaces/cmake/robot_interfaces__rosidl_typesupport_introspection_cExport-noconfig.cmake
[5.858s] -- Up-to-date: /home/scott/alpha_ws/install/robot_interfaces/share/robot_interfaces/cmake/robot_interfaces__rosidl_typesupport_cExport.cmake
[5.859s] -- Up-to-date: /home/scott/alpha_ws/install/robot_interfaces/share/robot_interfaces/cmake/robot_interfaces__rosidl_typesupport_cExport-noconfig.cmake
[5.861s] -- Up-to-date: /home/scott/alpha_ws/install/robot_interfaces/share/robot_interfaces/cmake/export_robot_interfaces__rosidl_generator_cppExport.cmake
[5.864s] -- Up-to-date: /home/scott/alpha_ws/install/robot_interfaces/share/robot_interfaces/cmake/export_robot_interfaces__rosidl_typesupport_fastrtps_cppExport.cmake
[5.866s] -- Up-to-date: /home/scott/alpha_ws/install/robot_interfaces/share/robot_interfaces/cmake/export_robot_interfaces__rosidl_typesupport_fastrtps_cppExport-noconfig.cmake
[5.869s] -- Up-to-date: /home/scott/alpha_ws/install/robot_interfaces/share/robot_interfaces/cmake/robot_interfaces__rosidl_typesupport_introspection_cppExport.cmake
[5.870s] -- Up-to-date: /home/scott/alpha_ws/install/robot_interfaces/share/robot_interfaces/cmake/robot_interfaces__rosidl_typesupport_introspection_cppExport-noconfig.cmake
[5.878s] -- Up-to-date: /home/scott/alpha_ws/install/robot_interfaces/share/robot_interfaces/cmake/robot_interfaces__rosidl_typesupport_cppExport.cmake
[5.881s] -- Up-to-date: /home/scott/alpha_ws/install/robot_interfaces/share/robot_interfaces/cmake/robot_interfaces__rosidl_typesupport_cppExport-noconfig.cmake
[5.882s] -- Up-to-date: /home/scott/alpha_ws/install/robot_interfaces/share/robot_interfaces/cmake/export_robot_interfaces__rosidl_generator_pyExport.cmake
[5.884s] -- Up-to-date: /home/scott/alpha_ws/install/robot_interfaces/share/robot_interfaces/cmake/export_robot_interfaces__rosidl_generator_pyExport-noconfig.cmake
[5.885s] -- Up-to-date: /home/scott/alpha_ws/install/robot_interfaces/share/robot_interfaces/cmake/rosidl_cmake-extras.cmake
[5.886s] -- Up-to-date: /home/scott/alpha_ws/install/robot_interfaces/share/robot_interfaces/cmake/ament_cmake_export_include_directories-extras.cmake
[5.887s] -- Up-to-date: /home/scott/alpha_ws/install/robot_interfaces/share/robot_interfaces/cmake/ament_cmake_export_libraries-extras.cmake
[5.888s] -- Up-to-date: /home/scott/alpha_ws/install/robot_interfaces/share/robot_interfaces/cmake/ament_cmake_export_targets-extras.cmake
[5.889s] -- Up-to-date: /home/scott/alpha_ws/install/robot_interfaces/share/robot_interfaces/cmake/rosidl_cmake_export_typesupport_targets-extras.cmake
[5.890s] -- Up-to-date: /home/scott/alpha_ws/install/robot_interfaces/share/robot_interfaces/cmake/ament_cmake_export_dependencies-extras.cmake
[5.891s] -- Up-to-date: /home/scott/alpha_ws/install/robot_interfaces/share/robot_interfaces/cmake/rosidl_cmake_export_typesupport_libraries-extras.cmake
[5.892s] -- Up-to-date: /home/scott/alpha_ws/install/robot_interfaces/share/robot_interfaces/cmake/robot_interfacesConfig.cmake
[5.893s] -- Up-to-date: /home/scott/alpha_ws/install/robot_interfaces/share/robot_interfaces/cmake/robot_interfacesConfig-version.cmake
[5.893s] -- Up-to-date: /home/scott/alpha_ws/install/robot_interfaces/share/robot_interfaces/package.xml
[5.901s] Invoked command in '/home/scott/alpha_ws/build/robot_interfaces' returned '0': CMAKE_PREFIX_PATH=${CMAKE_PREFIX_PATH}:/home/scott/alpha_ws/install/robot:/opt/ros/humble /usr/bin/cmake --install /home/scott/alpha_ws/build/robot_interfaces
