[3.808s] Invoking command in '/home/jetson/beta_ws/src/robot_bringup': PYTHONPATH=/home/jetson/beta_ws/build/robot_bringup/prefix_override:/home/jetson/beta_ws/install/robot_bringup/lib/python3.8/site-packages:${PYTHONPATH} /usr/bin/python3 setup.py egg_info --egg-base ../../build/robot_bringup build --build-base /home/jetson/beta_ws/build/robot_bringup/build install --record /home/jetson/beta_ws/build/robot_bringup/install.log --install-scripts $base/lib/robot_bringup --single-version-externally-managed
[5.127s] running egg_info
[5.139s] writing ../../build/robot_bringup/robot_bringup.egg-info/PKG-INFO
[5.139s] writing dependency_links to ../../build/robot_bringup/robot_bringup.egg-info/dependency_links.txt
[5.140s] writing entry points to ../../build/robot_bringup/robot_bringup.egg-info/entry_points.txt
[5.140s] writing requirements to ../../build/robot_bringup/robot_bringup.egg-info/requires.txt
[5.140s] writing top-level names to ../../build/robot_bringup/robot_bringup.egg-info/top_level.txt
[5.313s] reading manifest file '../../build/robot_bringup/robot_bringup.egg-info/SOURCES.txt'
[5.319s] writing manifest file '../../build/robot_bringup/robot_bringup.egg-info/SOURCES.txt'
[5.321s] running build
[5.324s] running build_py
[5.325s] running install
[5.328s] running install_lib
[5.329s] running install_data
[5.345s] copying config/nav2_params.yaml -> /home/jetson/beta_ws/install/robot_bringup/share/robot_bringup/config
[5.346s] running install_egg_info
[5.349s] removing '/home/jetson/beta_ws/install/robot_bringup/lib/python3.8/site-packages/robot_bringup-0.0.0-py3.8.egg-info' (and everything under it)
[5.350s] Copying ../../build/robot_bringup/robot_bringup.egg-info to /home/jetson/beta_ws/install/robot_bringup/lib/python3.8/site-packages/robot_bringup-0.0.0-py3.8.egg-info
[5.350s] running install_scripts
[5.426s] writing list of installed files to '/home/jetson/beta_ws/build/robot_bringup/install.log'
[5.559s] Invoked command in '/home/jetson/beta_ws/src/robot_bringup' returned '0': PYTHONPATH=/home/jetson/beta_ws/build/robot_bringup/prefix_override:/home/jetson/beta_ws/install/robot_bringup/lib/python3.8/site-packages:${PYTHONPATH} /usr/bin/python3 setup.py egg_info --egg-base ../../build/robot_bringup build --build-base /home/jetson/beta_ws/build/robot_bringup/build install --record /home/jetson/beta_ws/build/robot_bringup/install.log --install-scripts $base/lib/robot_bringup --single-version-externally-managed
