[6.519s] Invoking command in '/home/jetson/ros2_ws/build/robot_description': PYTHONPATH=/home/jetson/ros2_ws/build/robot_description/prefix_override:/home/jetson/ros2_ws/install/robot_description/lib/python3.8/site-packages:${PYTHONPATH} /usr/bin/python3 setup.py develop --uninstall --editable --build-directory /home/jetson/ros2_ws/build/robot_description/build
[8.519s] running develop
[9.990s] Invoked command in '/home/jetson/ros2_ws/build/robot_description' returned '0': PYTHONPATH=/home/jetson/ros2_ws/build/robot_description/prefix_override:/home/jetson/ros2_ws/install/robot_description/lib/python3.8/site-packages:${PYTHONPATH} /usr/bin/python3 setup.py develop --uninstall --editable --build-directory /home/jetson/ros2_ws/build/robot_description/build
[9.992s] Invoking command in '/home/jetson/ros2_ws/src/robot_description': PYTHONPATH=/home/jetson/ros2_ws/build/robot_description/prefix_override:/home/jetson/ros2_ws/install/robot_description/lib/python3.8/site-packages:${PYTHONPATH} /usr/bin/python3 setup.py egg_info --egg-base ../../build/robot_description build --build-base /home/jetson/ros2_ws/build/robot_description/build install --record /home/jetson/ros2_ws/build/robot_description/install.log --single-version-externally-managed
[11.365s] running egg_info
[11.370s] writing ../../build/robot_description/robot_description.egg-info/PKG-INFO
[11.378s] writing dependency_links to ../../build/robot_description/robot_description.egg-info/dependency_links.txt
[11.379s] writing entry points to ../../build/robot_description/robot_description.egg-info/entry_points.txt
[11.379s] writing requirements to ../../build/robot_description/robot_description.egg-info/requires.txt
[11.379s] writing top-level names to ../../build/robot_description/robot_description.egg-info/top_level.txt
[11.530s] reading manifest file '../../build/robot_description/robot_description.egg-info/SOURCES.txt'
[11.536s] writing manifest file '../../build/robot_description/robot_description.egg-info/SOURCES.txt'
[11.537s] running build
[11.537s] running build_py
[11.538s] running install
[11.542s] running install_lib
[11.554s] running install_data
[11.555s] running install_egg_info
[11.577s] removing '/home/jetson/ros2_ws/install/robot_description/lib/python3.8/site-packages/robot_description-0.0.0-py3.8.egg-info' (and everything under it)
[11.580s] Copying ../../build/robot_description/robot_description.egg-info to /home/jetson/ros2_ws/install/robot_description/lib/python3.8/site-packages/robot_description-0.0.0-py3.8.egg-info
[11.581s] running install_scripts
[11.633s] writing list of installed files to '/home/jetson/ros2_ws/build/robot_description/install.log'
[11.744s] Invoked command in '/home/jetson/ros2_ws/src/robot_description' returned '0': PYTHONPATH=/home/jetson/ros2_ws/build/robot_description/prefix_override:/home/jetson/ros2_ws/install/robot_description/lib/python3.8/site-packages:${PYTHONPATH} /usr/bin/python3 setup.py egg_info --egg-base ../../build/robot_description build --build-base /home/jetson/ros2_ws/build/robot_description/build install --record /home/jetson/ros2_ws/build/robot_description/install.log --single-version-externally-managed
