[0.858s] Invoking command in '/home/jetson/beta_ws/build/robot_interfaces': CMAKE_PREFIX_PATH=/opt/ros/foxy /usr/bin/cmake /home/jetson/beta_ws/src/robot_interfaces -DCMAKE_INSTALL_PREFIX=/home/jetson/beta_ws/install/robot_interfaces
[1.527s] -- The C compiler identification is GNU 9.4.0
[2.020s] -- The CXX compiler identification is GNU 9.4.0
[2.048s] -- Check for working C compiler: /usr/bin/cc
[2.279s] -- Check for working C compiler: /usr/bin/cc -- works
[2.285s] -- Detecting C compiler ABI info
[2.502s] -- Detecting C compiler ABI info - done
[2.542s] -- Detecting C compile features
[2.544s] -- Detecting C compile features - done
[2.555s] -- Check for working CXX compiler: /usr/bin/c++
[2.794s] -- Check for working CXX compiler: /usr/bin/c++ -- works
[2.797s] -- Detecting CXX compiler ABI info
[3.041s] -- Detecting CXX compiler ABI info - done
[3.081s] -- Detecting CXX compile features
[3.083s] -- Detecting CXX compile features - done
[3.110s] -- Found ament_cmake: 0.9.12 (/opt/ros/foxy/share/ament_cmake/cmake)
[3.211s] -- Found PythonInterp: /usr/bin/python3 (found suitable version "3.8.10", minimum required is "3") 
[3.212s] -- Using PYTHON_EXECUTABLE: /usr/bin/python3
[4.057s] -- Found rosidl_default_generators: 1.0.1 (/opt/ros/foxy/share/rosidl_default_generators/cmake)
[4.077s] -- Using all available rosidl_typesupport_c: rosidl_typesupport_fastrtps_c;rosidl_typesupport_introspection_c
[4.122s] -- Found rosidl_adapter: 1.3.1 (/opt/ros/foxy/share/rosidl_adapter/cmake)
[4.569s] -- Found OpenSSL: /usr/lib/aarch64-linux-gnu/libcrypto.so (found version "1.1.1f")  
[4.670s] -- Found FastRTPS: /opt/ros/foxy/include  
[5.027s] -- Using all available rosidl_typesupport_cpp: rosidl_typesupport_fastrtps_cpp;rosidl_typesupport_introspection_cpp
[5.223s] -- Found PythonInterp: /usr/bin/python3 (found version "3.8.10") 
[5.656s] -- Found ament_cmake_ros: 0.9.2 (/opt/ros/foxy/share/ament_cmake_ros/cmake)
[6.046s] -- Using all available rosidl_typesupport_c: rosidl_typesupport_fastrtps_c;rosidl_typesupport_introspection_c
[6.081s] -- Using all available rosidl_typesupport_cpp: rosidl_typesupport_fastrtps_cpp;rosidl_typesupport_introspection_cpp
[6.155s] -- Found PythonInterp: /usr/bin/python3 (found suitable version "3.8.10", minimum required is "3.5") 
[6.167s] -- Found python_cmake_module: 0.8.1 (/opt/ros/foxy/share/python_cmake_module/cmake)
[6.264s] -- Found PythonLibs: /usr/lib/aarch64-linux-gnu/libpython3.8.so (found suitable version "3.8.10", minimum required is "3.5") 
[6.264s] -- Using PYTHON_EXECUTABLE: /usr/bin/python3
[6.265s] -- Using PYTHON_INCLUDE_DIRS: /usr/include/python3.8
[6.265s] -- Using PYTHON_LIBRARIES: /usr/lib/aarch64-linux-gnu/libpython3.8.so
[6.335s] -- Found PythonExtra: .so  
[6.518s] -- Found ament_lint_auto: 0.9.8 (/opt/ros/foxy/share/ament_lint_auto/cmake)
[6.659s] -- Added test 'copyright' to check source files copyright and LICENSE
[6.666s] -- Added test 'lint_cmake' to check CMake code style
[6.670s] -- Added test 'xmllint' to check XML markup files
[6.689s] -- Configuring done
[6.794s] -- Generating done
[6.803s] -- Build files have been written to: /home/jetson/beta_ws/build/robot_interfaces
[6.833s] Invoked command in '/home/jetson/beta_ws/build/robot_interfaces' returned '0': CMAKE_PREFIX_PATH=/opt/ros/foxy /usr/bin/cmake /home/jetson/beta_ws/src/robot_interfaces -DCMAKE_INSTALL_PREFIX=/home/jetson/beta_ws/install/robot_interfaces
[6.841s] Invoking command in '/home/jetson/beta_ws/build/robot_interfaces': CMAKE_PREFIX_PATH=/opt/ros/foxy /usr/bin/cmake --build /home/jetson/beta_ws/build/robot_interfaces -- -j4 -l4
[6.962s] [  2%] [34m[1mGenerating C code for ROS interfaces[0m
[6.963s] [35m[1mScanning dependencies of target robot_interfaces__cpp[0m
[6.994s] [  5%] [34m[1mGenerating C++ code for ROS interfaces[0m
[8.093s] [  5%] Built target robot_interfaces__cpp
[8.150s] [  7%] [34m[1mGenerating C++ introspection for ROS interfaces[0m
[8.154s] [ 10%] [34m[1mGenerating C++ type support dispatch for ROS interfaces[0m
[8.160s] [ 12%] [34m[1mGenerating C++ type support for eProsima Fast-RTPS[0m
[8.175s] [35m[1mScanning dependencies of target robot_interfaces__rosidl_generator_c[0m
[8.243s] [ 15%] [32mBuilding C object CMakeFiles/robot_interfaces__rosidl_generator_c.dir/rosidl_generator_c/robot_interfaces/msg/detail/duty_cycle__functions.c.o[0m
[8.461s] [ 17%] [32mBuilding C object CMakeFiles/robot_interfaces__rosidl_generator_c.dir/rosidl_generator_c/robot_interfaces/msg/detail/tick_count__functions.c.o[0m
[8.625s] [ 20%] [32m[1mLinking C shared library librobot_interfaces__rosidl_generator_c.so[0m
[8.752s] [ 20%] Built target robot_interfaces__rosidl_generator_c
[8.786s] [ 23%] [34m[1mGenerating C type support dispatch for ROS interfaces[0m
[9.109s] [35m[1mScanning dependencies of target robot_interfaces__rosidl_typesupport_cpp[0m
[9.191s] [ 25%] [32mBuilding CXX object CMakeFiles/robot_interfaces__rosidl_typesupport_cpp.dir/rosidl_typesupport_cpp/robot_interfaces/msg/duty_cycle__type_support.cpp.o[0m
[9.247s] [35m[1mScanning dependencies of target robot_interfaces__rosidl_typesupport_introspection_cpp[0m
[9.293s] [ 28%] [32mBuilding CXX object CMakeFiles/robot_interfaces__rosidl_typesupport_introspection_cpp.dir/rosidl_typesupport_introspection_cpp/robot_interfaces/msg/detail/duty_cycle__type_support.cpp.o[0m
[9.340s] [35m[1mScanning dependencies of target robot_interfaces__rosidl_typesupport_fastrtps_cpp[0m
[9.552s] [ 30%] [32mBuilding CXX object CMakeFiles/robot_interfaces__rosidl_typesupport_fastrtps_cpp.dir/rosidl_typesupport_fastrtps_cpp/robot_interfaces/msg/detail/dds_fastrtps/duty_cycle__type_support.cpp.o[0m
[9.756s] [35m[1mScanning dependencies of target robot_interfaces__rosidl_typesupport_c[0m
[9.801s] [ 33%] [32mBuilding CXX object CMakeFiles/robot_interfaces__rosidl_typesupport_c.dir/rosidl_typesupport_c/robot_interfaces/msg/duty_cycle__type_support.cpp.o[0m
[9.908s] [ 35%] [32mBuilding CXX object CMakeFiles/robot_interfaces__rosidl_typesupport_c.dir/rosidl_typesupport_c/robot_interfaces/msg/tick_count__type_support.cpp.o[0m
[10.012s] [ 38%] [32m[1mLinking CXX shared library librobot_interfaces__rosidl_typesupport_c.so[0m
[10.143s] [ 38%] Built target robot_interfaces__rosidl_typesupport_c
[10.176s] [ 41%] [32mBuilding CXX object CMakeFiles/robot_interfaces__rosidl_typesupport_introspection_cpp.dir/rosidl_typesupport_introspection_cpp/robot_interfaces/msg/detail/tick_count__type_support.cpp.o[0m
[10.569s] [ 43%] [32mBuilding CXX object CMakeFiles/robot_interfaces__rosidl_typesupport_cpp.dir/rosidl_typesupport_cpp/robot_interfaces/msg/tick_count__type_support.cpp.o[0m
[10.650s] [ 46%] [32mBuilding CXX object CMakeFiles/robot_interfaces__rosidl_typesupport_fastrtps_cpp.dir/rosidl_typesupport_fastrtps_cpp/robot_interfaces/msg/detail/dds_fastrtps/tick_count__type_support.cpp.o[0m
[11.302s] [ 48%] [34m[1mGenerating C introspection for ROS interfaces[0m
[11.309s] [ 51%] [32m[1mLinking CXX shared library librobot_interfaces__rosidl_typesupport_introspection_cpp.so[0m
[11.480s] [ 51%] Built target robot_interfaces__rosidl_typesupport_introspection_cpp
[11.680s] [ 53%] [32m[1mLinking CXX shared library librobot_interfaces__rosidl_typesupport_cpp.so[0m
[11.803s] [ 53%] Built target robot_interfaces__rosidl_typesupport_cpp
[12.293s] [ 56%] [32m[1mLinking CXX shared library librobot_interfaces__rosidl_typesupport_fastrtps_cpp.so[0m
[12.321s] [35m[1mScanning dependencies of target robot_interfaces__rosidl_typesupport_introspection_c[0m
[12.362s] [ 61%] [32mBuilding C object CMakeFiles/robot_interfaces__rosidl_typesupport_introspection_c.dir/rosidl_typesupport_introspection_c/robot_interfaces/msg/detail/duty_cycle__type_support.c.o[0m
[12.362s] [ 61%] [32mBuilding C object CMakeFiles/robot_interfaces__rosidl_typesupport_introspection_c.dir/rosidl_typesupport_introspection_c/robot_interfaces/msg/detail/tick_count__type_support.c.o[0m
[12.468s] [ 64%] [32m[1mLinking C shared library librobot_interfaces__rosidl_typesupport_introspection_c.so[0m
[12.566s] [ 64%] Built target robot_interfaces__rosidl_typesupport_introspection_c
[12.659s] [ 64%] Built target robot_interfaces__rosidl_typesupport_fastrtps_cpp
[12.688s] [ 66%] [34m[1mGenerating C type support for eProsima Fast-RTPS[0m
[13.634s] [35m[1mScanning dependencies of target robot_interfaces__rosidl_typesupport_fastrtps_c[0m
[13.683s] [ 69%] [32mBuilding CXX object CMakeFiles/robot_interfaces__rosidl_typesupport_fastrtps_c.dir/rosidl_typesupport_fastrtps_c/robot_interfaces/msg/detail/tick_count__type_support_c.cpp.o[0m
[13.696s] [ 71%] [32mBuilding CXX object CMakeFiles/robot_interfaces__rosidl_typesupport_fastrtps_c.dir/rosidl_typesupport_fastrtps_c/robot_interfaces/msg/detail/duty_cycle__type_support_c.cpp.o[0m
[14.899s] [ 74%] [32m[1mLinking CXX shared library librobot_interfaces__rosidl_typesupport_fastrtps_c.so[0m
[15.184s] [ 74%] Built target robot_interfaces__rosidl_typesupport_fastrtps_c
[15.214s] [35m[1mScanning dependencies of target robot_interfaces[0m
[15.243s] [ 74%] Built target robot_interfaces
[15.274s] [35m[1mScanning dependencies of target robot_interfaces__py[0m
[15.304s] [ 76%] [34m[1mGenerating Python code for ROS interfaces[0m
[17.415s] [ 76%] Built target robot_interfaces__py
[17.444s] [35m[1mScanning dependencies of target robot_interfaces__python[0m
[17.560s] [ 79%] [32mBuilding C object CMakeFiles/robot_interfaces__python.dir/rosidl_generator_py/robot_interfaces/msg/_tick_count_s.c.o[0m
[17.575s] [ 82%] [32mBuilding C object CMakeFiles/robot_interfaces__python.dir/rosidl_generator_py/robot_interfaces/msg/_duty_cycle_s.c.o[0m
[17.912s] [ 84%] [32m[1mLinking C shared library rosidl_generator_py/robot_interfaces/librobot_interfaces__python.so[0m
[18.036s] [ 84%] Built target robot_interfaces__python
[18.066s] [35m[1mScanning dependencies of target robot_interfaces__rosidl_typesupport_c__pyext[0m
[18.066s] [35m[1mScanning dependencies of target robot_interfaces__rosidl_typesupport_fastrtps_c__pyext[0m
[18.066s] [35m[1mScanning dependencies of target robot_interfaces__rosidl_typesupport_introspection_c__pyext[0m
[18.144s] [ 87%] [32mBuilding C object CMakeFiles/robot_interfaces__rosidl_typesupport_fastrtps_c__pyext.dir/rosidl_generator_py/robot_interfaces/_robot_interfaces_s.ep.rosidl_typesupport_fastrtps_c.c.o[0m
[18.153s] [ 89%] [32mBuilding C object CMakeFiles/robot_interfaces__rosidl_typesupport_c__pyext.dir/rosidl_generator_py/robot_interfaces/_robot_interfaces_s.ep.rosidl_typesupport_c.c.o[0m
[18.164s] [ 92%] [32mBuilding C object CMakeFiles/robot_interfaces__rosidl_typesupport_introspection_c__pyext.dir/rosidl_generator_py/robot_interfaces/_robot_interfaces_s.ep.rosidl_typesupport_introspection_c.c.o[0m
[18.447s] [ 94%] [32m[1mLinking CXX shared library rosidl_generator_py/robot_interfaces/robot_interfaces_s__rosidl_typesupport_fastrtps_c.cpython-38-aarch64-linux-gnu.so[0m
[18.469s] [100%] [32m[1mLinking C shared library rosidl_generator_py/robot_interfaces/robot_interfaces_s__rosidl_typesupport_introspection_c.cpython-38-aarch64-linux-gnu.so[0m
[18.469s] [100%] [32m[1mLinking C shared library rosidl_generator_py/robot_interfaces/robot_interfaces_s__rosidl_typesupport_c.cpython-38-aarch64-linux-gnu.so[0m
[18.606s] [100%] Built target robot_interfaces__rosidl_typesupport_introspection_c__pyext
[18.613s] [100%] Built target robot_interfaces__rosidl_typesupport_c__pyext
[18.675s] [100%] Built target robot_interfaces__rosidl_typesupport_fastrtps_c__pyext
[18.709s] Invoked command in '/home/jetson/beta_ws/build/robot_interfaces' returned '0': CMAKE_PREFIX_PATH=/opt/ros/foxy /usr/bin/cmake --build /home/jetson/beta_ws/build/robot_interfaces -- -j4 -l4
[18.950s] Invoking command in '/home/jetson/beta_ws/build/robot_interfaces': CMAKE_PREFIX_PATH=/opt/ros/foxy /usr/bin/cmake --install /home/jetson/beta_ws/build/robot_interfaces
[18.976s] -- Install configuration: ""
[18.977s] -- Installing: /home/jetson/beta_ws/install/robot_interfaces/share/ament_index/resource_index/rosidl_interfaces/robot_interfaces
[18.978s] -- Installing: /home/jetson/beta_ws/install/robot_interfaces/include/robot_interfaces
[18.978s] -- Installing: /home/jetson/beta_ws/install/robot_interfaces/include/robot_interfaces/msg
[18.979s] -- Installing: /home/jetson/beta_ws/install/robot_interfaces/include/robot_interfaces/msg/duty_cycle.h
[18.982s] -- Installing: /home/jetson/beta_ws/install/robot_interfaces/include/robot_interfaces/msg/tick_count.h
[18.983s] -- Installing: /home/jetson/beta_ws/install/robot_interfaces/include/robot_interfaces/msg/detail
[18.983s] -- Installing: /home/jetson/beta_ws/install/robot_interfaces/include/robot_interfaces/msg/detail/tick_count__functions.h
[18.983s] -- Installing: /home/jetson/beta_ws/install/robot_interfaces/include/robot_interfaces/msg/detail/duty_cycle__functions.h
[18.984s] -- Installing: /home/jetson/beta_ws/install/robot_interfaces/include/robot_interfaces/msg/detail/duty_cycle__type_support.h
[18.984s] -- Installing: /home/jetson/beta_ws/install/robot_interfaces/include/robot_interfaces/msg/detail/tick_count__struct.h
[18.985s] -- Installing: /home/jetson/beta_ws/install/robot_interfaces/include/robot_interfaces/msg/detail/duty_cycle__functions.c
[18.985s] -- Installing: /home/jetson/beta_ws/install/robot_interfaces/include/robot_interfaces/msg/detail/tick_count__type_support.h
[18.986s] -- Installing: /home/jetson/beta_ws/install/robot_interfaces/include/robot_interfaces/msg/detail/duty_cycle__struct.h
[18.986s] -- Installing: /home/jetson/beta_ws/install/robot_interfaces/include/robot_interfaces/msg/detail/tick_count__functions.c
[18.987s] -- Installing: /home/jetson/beta_ws/install/robot_interfaces/include/robot_interfaces/msg/rosidl_generator_c__visibility_control.h
[18.987s] -- Installing: /home/jetson/beta_ws/install/robot_interfaces/share/robot_interfaces/environment/library_path.sh
[18.987s] -- Installing: /home/jetson/beta_ws/install/robot_interfaces/share/robot_interfaces/environment/library_path.dsv
[18.988s] -- Installing: /home/jetson/beta_ws/install/robot_interfaces/lib/librobot_interfaces__rosidl_generator_c.so
[18.988s] -- Set runtime path of "/home/jetson/beta_ws/install/robot_interfaces/lib/librobot_interfaces__rosidl_generator_c.so" to ""
[18.988s] -- Up-to-date: /home/jetson/beta_ws/install/robot_interfaces/include/robot_interfaces
[18.989s] -- Up-to-date: /home/jetson/beta_ws/install/robot_interfaces/include/robot_interfaces/msg
[18.989s] -- Installing: /home/jetson/beta_ws/install/robot_interfaces/include/robot_interfaces/msg/rosidl_typesupport_fastrtps_c__visibility_control.h
[18.990s] -- Up-to-date: /home/jetson/beta_ws/install/robot_interfaces/include/robot_interfaces/msg/detail
[18.990s] -- Installing: /home/jetson/beta_ws/install/robot_interfaces/include/robot_interfaces/msg/detail/duty_cycle__rosidl_typesupport_fastrtps_c.h
[18.991s] -- Installing: /home/jetson/beta_ws/install/robot_interfaces/include/robot_interfaces/msg/detail/tick_count__rosidl_typesupport_fastrtps_c.h
[18.991s] -- Installing: /home/jetson/beta_ws/install/robot_interfaces/lib/librobot_interfaces__rosidl_typesupport_fastrtps_c.so
[18.991s] -- Set runtime path of "/home/jetson/beta_ws/install/robot_interfaces/lib/librobot_interfaces__rosidl_typesupport_fastrtps_c.so" to ""
[18.992s] -- Up-to-date: /home/jetson/beta_ws/install/robot_interfaces/include/robot_interfaces
[18.992s] -- Up-to-date: /home/jetson/beta_ws/install/robot_interfaces/include/robot_interfaces/msg
[18.992s] -- Installing: /home/jetson/beta_ws/install/robot_interfaces/include/robot_interfaces/msg/rosidl_typesupport_fastrtps_cpp__visibility_control.h
[18.993s] -- Up-to-date: /home/jetson/beta_ws/install/robot_interfaces/include/robot_interfaces/msg/detail
[18.993s] -- Installing: /home/jetson/beta_ws/install/robot_interfaces/include/robot_interfaces/msg/detail/tick_count__rosidl_typesupport_fastrtps_cpp.hpp
[18.993s] -- Installing: /home/jetson/beta_ws/install/robot_interfaces/include/robot_interfaces/msg/detail/duty_cycle__rosidl_typesupport_fastrtps_cpp.hpp
[18.994s] -- Installing: /home/jetson/beta_ws/install/robot_interfaces/include/robot_interfaces/msg/detail/dds_fastrtps
[18.994s] -- Installing: /home/jetson/beta_ws/install/robot_interfaces/lib/librobot_interfaces__rosidl_typesupport_fastrtps_cpp.so
[18.994s] -- Set runtime path of "/home/jetson/beta_ws/install/robot_interfaces/lib/librobot_interfaces__rosidl_typesupport_fastrtps_cpp.so" to ""
[18.995s] -- Up-to-date: /home/jetson/beta_ws/install/robot_interfaces/include/robot_interfaces
[18.995s] -- Up-to-date: /home/jetson/beta_ws/install/robot_interfaces/include/robot_interfaces/msg
[18.995s] -- Up-to-date: /home/jetson/beta_ws/install/robot_interfaces/include/robot_interfaces/msg/detail
[18.995s] -- Installing: /home/jetson/beta_ws/install/robot_interfaces/include/robot_interfaces/msg/detail/tick_count__type_support.c
[18.996s] -- Installing: /home/jetson/beta_ws/install/robot_interfaces/include/robot_interfaces/msg/detail/duty_cycle__rosidl_typesupport_introspection_c.h
[18.996s] -- Installing: /home/jetson/beta_ws/install/robot_interfaces/include/robot_interfaces/msg/detail/duty_cycle__type_support.c
[18.996s] -- Installing: /home/jetson/beta_ws/install/robot_interfaces/include/robot_interfaces/msg/detail/tick_count__rosidl_typesupport_introspection_c.h
[18.997s] -- Installing: /home/jetson/beta_ws/install/robot_interfaces/include/robot_interfaces/msg/rosidl_typesupport_introspection_c__visibility_control.h
[18.997s] -- Installing: /home/jetson/beta_ws/install/robot_interfaces/lib/librobot_interfaces__rosidl_typesupport_introspection_c.so
[18.997s] -- Set runtime path of "/home/jetson/beta_ws/install/robot_interfaces/lib/librobot_interfaces__rosidl_typesupport_introspection_c.so" to ""
[18.998s] -- Installing: /home/jetson/beta_ws/install/robot_interfaces/lib/librobot_interfaces__rosidl_typesupport_c.so
[18.998s] -- Set runtime path of "/home/jetson/beta_ws/install/robot_interfaces/lib/librobot_interfaces__rosidl_typesupport_c.so" to ""
[18.998s] -- Up-to-date: /home/jetson/beta_ws/install/robot_interfaces/include/robot_interfaces
[18.998s] -- Up-to-date: /home/jetson/beta_ws/install/robot_interfaces/include/robot_interfaces/msg
[18.999s] -- Installing: /home/jetson/beta_ws/install/robot_interfaces/include/robot_interfaces/msg/tick_count.hpp
[18.999s] -- Installing: /home/jetson/beta_ws/install/robot_interfaces/include/robot_interfaces/msg/rosidl_generator_cpp__visibility_control.hpp
[18.999s] -- Installing: /home/jetson/beta_ws/install/robot_interfaces/include/robot_interfaces/msg/duty_cycle.hpp
[19.000s] -- Up-to-date: /home/jetson/beta_ws/install/robot_interfaces/include/robot_interfaces/msg/detail
[19.000s] -- Installing: /home/jetson/beta_ws/install/robot_interfaces/include/robot_interfaces/msg/detail/tick_count__traits.hpp
[19.000s] -- Installing: /home/jetson/beta_ws/install/robot_interfaces/include/robot_interfaces/msg/detail/duty_cycle__struct.hpp
[19.001s] -- Installing: /home/jetson/beta_ws/install/robot_interfaces/include/robot_interfaces/msg/detail/duty_cycle__traits.hpp
[19.001s] -- Installing: /home/jetson/beta_ws/install/robot_interfaces/include/robot_interfaces/msg/detail/tick_count__builder.hpp
[19.001s] -- Installing: /home/jetson/beta_ws/install/robot_interfaces/include/robot_interfaces/msg/detail/duty_cycle__type_support.hpp
[19.001s] -- Installing: /home/jetson/beta_ws/install/robot_interfaces/include/robot_interfaces/msg/detail/tick_count__struct.hpp
[19.002s] -- Installing: /home/jetson/beta_ws/install/robot_interfaces/include/robot_interfaces/msg/detail/tick_count__type_support.hpp
[19.002s] -- Installing: /home/jetson/beta_ws/install/robot_interfaces/include/robot_interfaces/msg/detail/duty_cycle__builder.hpp
[19.002s] -- Up-to-date: /home/jetson/beta_ws/install/robot_interfaces/include/robot_interfaces
[19.003s] -- Up-to-date: /home/jetson/beta_ws/install/robot_interfaces/include/robot_interfaces/msg
[19.003s] -- Up-to-date: /home/jetson/beta_ws/install/robot_interfaces/include/robot_interfaces/msg/detail
[19.003s] -- Installing: /home/jetson/beta_ws/install/robot_interfaces/include/robot_interfaces/msg/detail/tick_count__type_support.cpp
[19.004s] -- Installing: /home/jetson/beta_ws/install/robot_interfaces/include/robot_interfaces/msg/detail/tick_count__rosidl_typesupport_introspection_cpp.hpp
[19.004s] -- Installing: /home/jetson/beta_ws/install/robot_interfaces/include/robot_interfaces/msg/detail/duty_cycle__rosidl_typesupport_introspection_cpp.hpp
[19.004s] -- Installing: /home/jetson/beta_ws/install/robot_interfaces/include/robot_interfaces/msg/detail/duty_cycle__type_support.cpp
[19.004s] -- Installing: /home/jetson/beta_ws/install/robot_interfaces/lib/librobot_interfaces__rosidl_typesupport_introspection_cpp.so
[19.005s] -- Set runtime path of "/home/jetson/beta_ws/install/robot_interfaces/lib/librobot_interfaces__rosidl_typesupport_introspection_cpp.so" to ""
[19.006s] -- Installing: /home/jetson/beta_ws/install/robot_interfaces/lib/librobot_interfaces__rosidl_typesupport_cpp.so
[19.007s] -- Set runtime path of "/home/jetson/beta_ws/install/robot_interfaces/lib/librobot_interfaces__rosidl_typesupport_cpp.so" to ""
[19.007s] -- Installing: /home/jetson/beta_ws/install/robot_interfaces/share/robot_interfaces/environment/pythonpath.sh
[19.007s] -- Installing: /home/jetson/beta_ws/install/robot_interfaces/share/robot_interfaces/environment/pythonpath.dsv
[19.008s] -- Installing: /home/jetson/beta_ws/install/robot_interfaces/lib/python3.8/site-packages/robot_interfaces/__init__.py
[19.105s] Compiling '/home/jetson/beta_ws/install/robot_interfaces/lib/python3.8/site-packages/robot_interfaces/__init__.py'...
[19.124s] -- Installing: /home/jetson/beta_ws/install/robot_interfaces/lib/python3.8/site-packages/robot_interfaces/msg
[19.125s] -- Installing: /home/jetson/beta_ws/install/robot_interfaces/lib/python3.8/site-packages/robot_interfaces/msg/__init__.py
[19.125s] -- Installing: /home/jetson/beta_ws/install/robot_interfaces/lib/python3.8/site-packages/robot_interfaces/msg/_duty_cycle.py
[19.126s] -- Installing: /home/jetson/beta_ws/install/robot_interfaces/lib/python3.8/site-packages/robot_interfaces/msg/_tick_count.py
[19.126s] -- Installing: /home/jetson/beta_ws/install/robot_interfaces/lib/python3.8/site-packages/robot_interfaces/msg/_duty_cycle_s.c
[19.127s] -- Installing: /home/jetson/beta_ws/install/robot_interfaces/lib/python3.8/site-packages/robot_interfaces/msg/_tick_count_s.c
[19.127s] -- Installing: /home/jetson/beta_ws/install/robot_interfaces/lib/python3.8/site-packages/robot_interfaces/robot_interfaces_s__rosidl_typesupport_fastrtps_c.cpython-38-aarch64-linux-gnu.so
[19.128s] -- Set runtime path of "/home/jetson/beta_ws/install/robot_interfaces/lib/python3.8/site-packages/robot_interfaces/robot_interfaces_s__rosidl_typesupport_fastrtps_c.cpython-38-aarch64-linux-gnu.so" to ""
[19.129s] -- Installing: /home/jetson/beta_ws/install/robot_interfaces/lib/python3.8/site-packages/robot_interfaces/robot_interfaces_s__rosidl_typesupport_introspection_c.cpython-38-aarch64-linux-gnu.so
[19.131s] -- Set runtime path of "/home/jetson/beta_ws/install/robot_interfaces/lib/python3.8/site-packages/robot_interfaces/robot_interfaces_s__rosidl_typesupport_introspection_c.cpython-38-aarch64-linux-gnu.so" to ""
[19.131s] -- Installing: /home/jetson/beta_ws/install/robot_interfaces/lib/python3.8/site-packages/robot_interfaces/robot_interfaces_s__rosidl_typesupport_c.cpython-38-aarch64-linux-gnu.so
[19.133s] -- Set runtime path of "/home/jetson/beta_ws/install/robot_interfaces/lib/python3.8/site-packages/robot_interfaces/robot_interfaces_s__rosidl_typesupport_c.cpython-38-aarch64-linux-gnu.so" to ""
[19.133s] -- Installing: /home/jetson/beta_ws/install/robot_interfaces/lib/librobot_interfaces__python.so
[19.134s] -- Set runtime path of "/home/jetson/beta_ws/install/robot_interfaces/lib/librobot_interfaces__python.so" to ""
[19.134s] -- Installing: /home/jetson/beta_ws/install/robot_interfaces/share/robot_interfaces/msg/DutyCycle.idl
[19.134s] -- Installing: /home/jetson/beta_ws/install/robot_interfaces/share/robot_interfaces/msg/TickCount.idl
[19.135s] -- Installing: /home/jetson/beta_ws/install/robot_interfaces/share/robot_interfaces/msg/DutyCycle.msg
[19.135s] -- Installing: /home/jetson/beta_ws/install/robot_interfaces/share/robot_interfaces/msg/TickCount.msg
[19.136s] -- Installing: /home/jetson/beta_ws/install/robot_interfaces/share/ament_index/resource_index/package_run_dependencies/robot_interfaces
[19.136s] -- Installing: /home/jetson/beta_ws/install/robot_interfaces/share/ament_index/resource_index/parent_prefix_path/robot_interfaces
[19.137s] -- Installing: /home/jetson/beta_ws/install/robot_interfaces/share/robot_interfaces/environment/ament_prefix_path.sh
[19.137s] -- Installing: /home/jetson/beta_ws/install/robot_interfaces/share/robot_interfaces/environment/ament_prefix_path.dsv
[19.138s] -- Installing: /home/jetson/beta_ws/install/robot_interfaces/share/robot_interfaces/environment/path.sh
[19.138s] -- Installing: /home/jetson/beta_ws/install/robot_interfaces/share/robot_interfaces/environment/path.dsv
[19.139s] -- Installing: /home/jetson/beta_ws/install/robot_interfaces/share/robot_interfaces/local_setup.bash
[19.139s] -- Installing: /home/jetson/beta_ws/install/robot_interfaces/share/robot_interfaces/local_setup.sh
[19.140s] -- Installing: /home/jetson/beta_ws/install/robot_interfaces/share/robot_interfaces/local_setup.zsh
[19.140s] -- Installing: /home/jetson/beta_ws/install/robot_interfaces/share/robot_interfaces/local_setup.dsv
[19.141s] -- Installing: /home/jetson/beta_ws/install/robot_interfaces/share/robot_interfaces/package.dsv
[19.141s] -- Installing: /home/jetson/beta_ws/install/robot_interfaces/share/ament_index/resource_index/packages/robot_interfaces
[19.142s] -- Installing: /home/jetson/beta_ws/install/robot_interfaces/share/robot_interfaces/cmake/robot_interfaces__rosidl_generator_cExport.cmake
[19.142s] -- Installing: /home/jetson/beta_ws/install/robot_interfaces/share/robot_interfaces/cmake/robot_interfaces__rosidl_generator_cExport-noconfig.cmake
[19.143s] -- Installing: /home/jetson/beta_ws/install/robot_interfaces/share/robot_interfaces/cmake/robot_interfaces__rosidl_typesupport_introspection_cExport.cmake
[19.143s] -- Installing: /home/jetson/beta_ws/install/robot_interfaces/share/robot_interfaces/cmake/robot_interfaces__rosidl_typesupport_introspection_cExport-noconfig.cmake
[19.144s] -- Installing: /home/jetson/beta_ws/install/robot_interfaces/share/robot_interfaces/cmake/robot_interfaces__rosidl_typesupport_cExport.cmake
[19.144s] -- Installing: /home/jetson/beta_ws/install/robot_interfaces/share/robot_interfaces/cmake/robot_interfaces__rosidl_typesupport_cExport-noconfig.cmake
[19.145s] -- Installing: /home/jetson/beta_ws/install/robot_interfaces/share/robot_interfaces/cmake/robot_interfaces__rosidl_generator_cppExport.cmake
[19.146s] -- Installing: /home/jetson/beta_ws/install/robot_interfaces/share/robot_interfaces/cmake/robot_interfaces__rosidl_typesupport_introspection_cppExport.cmake
[19.146s] -- Installing: /home/jetson/beta_ws/install/robot_interfaces/share/robot_interfaces/cmake/robot_interfaces__rosidl_typesupport_introspection_cppExport-noconfig.cmake
[19.147s] -- Installing: /home/jetson/beta_ws/install/robot_interfaces/share/robot_interfaces/cmake/robot_interfaces__rosidl_typesupport_cppExport.cmake
[19.147s] -- Installing: /home/jetson/beta_ws/install/robot_interfaces/share/robot_interfaces/cmake/robot_interfaces__rosidl_typesupport_cppExport-noconfig.cmake
[19.148s] -- Installing: /home/jetson/beta_ws/install/robot_interfaces/share/robot_interfaces/cmake/rosidl_cmake-extras.cmake
[19.148s] -- Installing: /home/jetson/beta_ws/install/robot_interfaces/share/robot_interfaces/cmake/ament_cmake_export_dependencies-extras.cmake
[19.149s] -- Installing: /home/jetson/beta_ws/install/robot_interfaces/share/robot_interfaces/cmake/ament_cmake_export_libraries-extras.cmake
[19.149s] -- Installing: /home/jetson/beta_ws/install/robot_interfaces/share/robot_interfaces/cmake/ament_cmake_export_targets-extras.cmake
[19.150s] -- Installing: /home/jetson/beta_ws/install/robot_interfaces/share/robot_interfaces/cmake/ament_cmake_export_include_directories-extras.cmake
[19.150s] -- Installing: /home/jetson/beta_ws/install/robot_interfaces/share/robot_interfaces/cmake/rosidl_cmake_export_typesupport_libraries-extras.cmake
[19.150s] -- Installing: /home/jetson/beta_ws/install/robot_interfaces/share/robot_interfaces/cmake/rosidl_cmake_export_typesupport_targets-extras.cmake
[19.151s] -- Installing: /home/jetson/beta_ws/install/robot_interfaces/share/robot_interfaces/cmake/robot_interfacesConfig.cmake
[19.151s] -- Installing: /home/jetson/beta_ws/install/robot_interfaces/share/robot_interfaces/cmake/robot_interfacesConfig-version.cmake
[19.152s] -- Installing: /home/jetson/beta_ws/install/robot_interfaces/share/robot_interfaces/package.xml
[19.167s] Invoked command in '/home/jetson/beta_ws/build/robot_interfaces' returned '0': CMAKE_PREFIX_PATH=/opt/ros/foxy /usr/bin/cmake --install /home/jetson/beta_ws/build/robot_interfaces
