[7.815s] Invoking command in '/home/jetson/ros2_ws/build/robot_description': PYTHONPATH=/home/jetson/ros2_ws/build/robot_description/prefix_override:/home/jetson/ros2_ws/install/robot_description/lib/python3.8/site-packages:${PYTHONPATH} /usr/bin/python3 setup.py develop --uninstall --editable --build-directory /home/jetson/ros2_ws/build/robot_description/build
[10.617s] running develop
[12.281s] Invoked command in '/home/jetson/ros2_ws/build/robot_description' returned '0': PYTHONPATH=/home/jetson/ros2_ws/build/robot_description/prefix_override:/home/jetson/ros2_ws/install/robot_description/lib/python3.8/site-packages:${PYTHONPATH} /usr/bin/python3 setup.py develop --uninstall --editable --build-directory /home/jetson/ros2_ws/build/robot_description/build
[12.283s] Invoking command in '/home/jetson/ros2_ws/src/robot_description': PYTHONPATH=/home/jetson/ros2_ws/build/robot_description/prefix_override:/home/jetson/ros2_ws/install/robot_description/lib/python3.8/site-packages:${PYTHONPATH} /usr/bin/python3 setup.py egg_info --egg-base ../../build/robot_description build --build-base /home/jetson/ros2_ws/build/robot_description/build install --record /home/jetson/ros2_ws/build/robot_description/install.log --single-version-externally-managed
[14.561s] running egg_info
[14.566s] writing ../../build/robot_description/robot_description.egg-info/PKG-INFO
[14.568s] writing dependency_links to ../../build/robot_description/robot_description.egg-info/dependency_links.txt
[14.571s] writing entry points to ../../build/robot_description/robot_description.egg-info/entry_points.txt
[14.571s] writing requirements to ../../build/robot_description/robot_description.egg-info/requires.txt
[14.572s] writing top-level names to ../../build/robot_description/robot_description.egg-info/top_level.txt
[14.883s] reading manifest file '../../build/robot_description/robot_description.egg-info/SOURCES.txt'
[14.892s] writing manifest file '../../build/robot_description/robot_description.egg-info/SOURCES.txt'
[14.893s] running build
[14.893s] running build_py
[14.894s] running install
[14.900s] running install_lib
[14.921s] running install_data
[14.945s] running install_egg_info
[14.946s] removing '/home/jetson/ros2_ws/install/robot_description/lib/python3.8/site-packages/robot_description-0.0.0-py3.8.egg-info' (and everything under it)
[14.946s] Copying ../../build/robot_description/robot_description.egg-info to /home/jetson/ros2_ws/install/robot_description/lib/python3.8/site-packages/robot_description-0.0.0-py3.8.egg-info
[14.958s] running install_scripts
[15.056s] writing list of installed files to '/home/jetson/ros2_ws/build/robot_description/install.log'
[15.172s] Invoked command in '/home/jetson/ros2_ws/src/robot_description' returned '0': PYTHONPATH=/home/jetson/ros2_ws/build/robot_description/prefix_override:/home/jetson/ros2_ws/install/robot_description/lib/python3.8/site-packages:${PYTHONPATH} /usr/bin/python3 setup.py egg_info --egg-base ../../build/robot_description build --build-base /home/jetson/ros2_ws/build/robot_description/build install --record /home/jetson/ros2_ws/build/robot_description/install.log --single-version-externally-managed
