[7.125s] Invoking command in '/home/scott/alpha_ws/src/robot_bringup': PYTHONPATH=/home/scott/alpha_ws/build/robot_bringup/prefix_override:/home/scott/alpha_ws/install/robot_bringup/lib/python3.10/site-packages:${PYTHONPATH} /usr/bin/python3 setup.py egg_info --egg-base ../../build/robot_bringup build --build-base /home/scott/alpha_ws/build/robot_bringup/build install --record /home/scott/alpha_ws/build/robot_bringup/install.log --single-version-externally-managed
[8.482s] running egg_info
[8.485s] writing ../../build/robot_bringup/robot_bringup.egg-info/PKG-INFO
[8.486s] writing dependency_links to ../../build/robot_bringup/robot_bringup.egg-info/dependency_links.txt
[8.487s] writing entry points to ../../build/robot_bringup/robot_bringup.egg-info/entry_points.txt
[8.488s] writing requirements to ../../build/robot_bringup/robot_bringup.egg-info/requires.txt
[8.489s] writing top-level names to ../../build/robot_bringup/robot_bringup.egg-info/top_level.txt
[8.498s] reading manifest file '../../build/robot_bringup/robot_bringup.egg-info/SOURCES.txt'
[8.500s] adding license file 'LICENSE'
[8.503s] writing manifest file '../../build/robot_bringup/robot_bringup.egg-info/SOURCES.txt'
[8.504s] running build
[8.505s] running build_py
[8.506s] running install
[8.507s] running install_lib
[8.513s] running install_data
[8.516s] copying config/ekf_params.yaml -> /home/scott/alpha_ws/install/robot_bringup/share/robot_bringup/config
[8.517s] running install_egg_info
[8.525s] removing '/home/scott/alpha_ws/install/robot_bringup/lib/python3.10/site-packages/robot_bringup-0.0.0-py3.10.egg-info' (and everything under it)
[8.527s] Copying ../../build/robot_bringup/robot_bringup.egg-info to /home/scott/alpha_ws/install/robot_bringup/lib/python3.10/site-packages/robot_bringup-0.0.0-py3.10.egg-info
[8.534s] running install_scripts
[8.620s] writing list of installed files to '/home/scott/alpha_ws/build/robot_bringup/install.log'
[8.753s] Invoked command in '/home/scott/alpha_ws/src/robot_bringup' returned '0': PYTHONPATH=/home/scott/alpha_ws/build/robot_bringup/prefix_override:/home/scott/alpha_ws/install/robot_bringup/lib/python3.10/site-packages:${PYTHONPATH} /usr/bin/python3 setup.py egg_info --egg-base ../../build/robot_bringup build --build-base /home/scott/alpha_ws/build/robot_bringup/build install --record /home/scott/alpha_ws/build/robot_bringup/install.log --single-version-externally-managed
