[11.266s] DEBUG:colcon:Command line arguments: ['/usr/bin/colcon', 'build', '--packages-select', 'robot_bringup']
[11.268s] DEBUG:colcon:Parsed command line arguments: Namespace(log_base=None, log_level=None, verb_name='build', build_base='build', install_base='install', merge_install=False, symlink_install=False, test_result_base=None, continue_on_error=False, executor='parallel', parallel_workers=4, event_handlers=None, ignore_user_meta=False, metas=['./colcon.meta'], base_paths=['.'], packages_ignore=None, packages_ignore_regex=None, paths=None, packages_up_to=None, packages_up_to_regex=None, packages_above=None, packages_above_and_dependencies=None, packages_above_depth=None, packages_select_by_dep=None, packages_skip_by_dep=None, packages_skip_up_to=None, packages_select_build_failed=False, packages_skip_build_finished=False, packages_select_test_failures=False, packages_skip_test_passed=False, packages_select=['robot_bringup'], packages_skip=None, packages_select_regex=None, packages_skip_regex=None, packages_start=None, packages_end=None, allow_overriding=[], cmake_args=None, cmake_target=None, cmake_target_skip_unavailable=False, cmake_clean_cache=False, cmake_clean_first=False, cmake_force_configure=False, ament_cmake_args=None, catkin_cmake_args=None, catkin_skip_building_tests=False, verb_parser=<colcon_defaults.argument_parser.defaults.DefaultArgumentsDecorator object at 0xffff8b89afe0>, verb_extension=<colcon_core.verb.build.BuildVerb object at 0xffff8bb30580>, main=<bound method BuildVerb.main of <colcon_core.verb.build.BuildVerb object at 0xffff8bb30580>>)
[11.882s] Level 1:colcon.colcon_core.package_discovery:discover_packages(colcon_meta) check parameters
[11.885s] Level 1:colcon.colcon_core.package_discovery:discover_packages(recursive) check parameters
[11.887s] Level 1:colcon.colcon_core.package_discovery:discover_packages(ignore) check parameters
[11.888s] Level 1:colcon.colcon_core.package_discovery:discover_packages(path) check parameters
[11.889s] Level 1:colcon.colcon_core.package_discovery:discover_packages(colcon_meta) discover
[11.891s] Level 1:colcon.colcon_core.package_discovery:discover_packages(recursive) discover
[11.892s] INFO:colcon.colcon_core.package_discovery:Crawling recursively for packages in '/home/scott/alpha_ws'
[11.895s] Level 1:colcon.colcon_core.package_identification:_identify(.) by extensions ['ignore', 'ignore_ament_install']
[11.897s] Level 1:colcon.colcon_core.package_identification:_identify(.) by extension 'ignore'
[11.899s] Level 1:colcon.colcon_core.package_identification:_identify(.) by extension 'ignore_ament_install'
[11.901s] Level 1:colcon.colcon_core.package_identification:_identify(.) by extensions ['colcon_pkg']
[11.902s] Level 1:colcon.colcon_core.package_identification:_identify(.) by extension 'colcon_pkg'
[11.903s] Level 1:colcon.colcon_core.package_identification:_identify(.) by extensions ['colcon_meta']
[11.904s] Level 1:colcon.colcon_core.package_identification:_identify(.) by extension 'colcon_meta'
[11.906s] Level 1:colcon.colcon_core.package_identification:_identify(.) by extensions ['ros']
[11.907s] Level 1:colcon.colcon_core.package_identification:_identify(.) by extension 'ros'
[12.042s] Level 1:colcon.colcon_core.package_identification:_identify(.) by extensions ['cmake', 'python']
[12.043s] Level 1:colcon.colcon_core.package_identification:_identify(.) by extension 'cmake'
[12.043s] Level 1:colcon.colcon_core.package_identification:_identify(.) by extension 'python'
[12.044s] Level 1:colcon.colcon_core.package_identification:_identify(.) by extensions ['python_setup_py']
[12.044s] Level 1:colcon.colcon_core.package_identification:_identify(.) by extension 'python_setup_py'
[12.045s] Level 1:colcon.colcon_core.package_identification:_identify(build) by extensions ['ignore', 'ignore_ament_install']
[12.046s] Level 1:colcon.colcon_core.package_identification:_identify(build) by extension 'ignore'
[12.046s] Level 1:colcon.colcon_core.package_identification:_identify(build) ignored
[12.048s] Level 1:colcon.colcon_core.package_identification:_identify(install) by extensions ['ignore', 'ignore_ament_install']
[12.049s] Level 1:colcon.colcon_core.package_identification:_identify(install) by extension 'ignore'
[12.049s] Level 1:colcon.colcon_core.package_identification:_identify(install) ignored
[12.056s] Level 1:colcon.colcon_core.package_identification:_identify(log) by extensions ['ignore', 'ignore_ament_install']
[12.056s] Level 1:colcon.colcon_core.package_identification:_identify(log) by extension 'ignore'
[12.057s] Level 1:colcon.colcon_core.package_identification:_identify(log) ignored
[12.058s] Level 1:colcon.colcon_core.package_identification:_identify(src) by extensions ['ignore', 'ignore_ament_install']
[12.059s] Level 1:colcon.colcon_core.package_identification:_identify(src) by extension 'ignore'
[12.059s] Level 1:colcon.colcon_core.package_identification:_identify(src) by extension 'ignore_ament_install'
[12.060s] Level 1:colcon.colcon_core.package_identification:_identify(src) by extensions ['colcon_pkg']
[12.061s] Level 1:colcon.colcon_core.package_identification:_identify(src) by extension 'colcon_pkg'
[12.061s] Level 1:colcon.colcon_core.package_identification:_identify(src) by extensions ['colcon_meta']
[12.062s] Level 1:colcon.colcon_core.package_identification:_identify(src) by extension 'colcon_meta'
[12.062s] Level 1:colcon.colcon_core.package_identification:_identify(src) by extensions ['ros']
[12.063s] Level 1:colcon.colcon_core.package_identification:_identify(src) by extension 'ros'
[12.063s] Level 1:colcon.colcon_core.package_identification:_identify(src) by extensions ['cmake', 'python']
[12.064s] Level 1:colcon.colcon_core.package_identification:_identify(src) by extension 'cmake'
[12.064s] Level 1:colcon.colcon_core.package_identification:_identify(src) by extension 'python'
[12.065s] Level 1:colcon.colcon_core.package_identification:_identify(src) by extensions ['python_setup_py']
[12.066s] Level 1:colcon.colcon_core.package_identification:_identify(src) by extension 'python_setup_py'
[12.067s] Level 1:colcon.colcon_core.package_identification:_identify(src/robot) by extensions ['ignore', 'ignore_ament_install']
[12.068s] Level 1:colcon.colcon_core.package_identification:_identify(src/robot) by extension 'ignore'
[12.068s] Level 1:colcon.colcon_core.package_identification:_identify(src/robot) by extension 'ignore_ament_install'
[12.069s] Level 1:colcon.colcon_core.package_identification:_identify(src/robot) by extensions ['colcon_pkg']
[12.069s] Level 1:colcon.colcon_core.package_identification:_identify(src/robot) by extension 'colcon_pkg'
[12.069s] Level 1:colcon.colcon_core.package_identification:_identify(src/robot) by extensions ['colcon_meta']
[12.070s] Level 1:colcon.colcon_core.package_identification:_identify(src/robot) by extension 'colcon_meta'
[12.070s] Level 1:colcon.colcon_core.package_identification:_identify(src/robot) by extensions ['ros']
[12.071s] Level 1:colcon.colcon_core.package_identification:_identify(src/robot) by extension 'ros'
[12.089s] DEBUG:colcon.colcon_core.package_identification:Package 'src/robot' with type 'ros.ament_python' and name 'robot'
[12.090s] Level 1:colcon.colcon_core.package_identification:_identify(src/robot_bringup) by extensions ['ignore', 'ignore_ament_install']
[12.091s] Level 1:colcon.colcon_core.package_identification:_identify(src/robot_bringup) by extension 'ignore'
[12.092s] Level 1:colcon.colcon_core.package_identification:_identify(src/robot_bringup) by extension 'ignore_ament_install'
[12.093s] Level 1:colcon.colcon_core.package_identification:_identify(src/robot_bringup) by extensions ['colcon_pkg']
[12.093s] Level 1:colcon.colcon_core.package_identification:_identify(src/robot_bringup) by extension 'colcon_pkg'
[12.094s] Level 1:colcon.colcon_core.package_identification:_identify(src/robot_bringup) by extensions ['colcon_meta']
[12.094s] Level 1:colcon.colcon_core.package_identification:_identify(src/robot_bringup) by extension 'colcon_meta'
[12.095s] Level 1:colcon.colcon_core.package_identification:_identify(src/robot_bringup) by extensions ['ros']
[12.095s] Level 1:colcon.colcon_core.package_identification:_identify(src/robot_bringup) by extension 'ros'
[12.100s] DEBUG:colcon.colcon_core.package_identification:Package 'src/robot_bringup' with type 'ros.ament_python' and name 'robot_bringup'
[12.101s] Level 1:colcon.colcon_core.package_identification:_identify(src/robot_description) by extensions ['ignore', 'ignore_ament_install']
[12.102s] Level 1:colcon.colcon_core.package_identification:_identify(src/robot_description) by extension 'ignore'
[12.102s] Level 1:colcon.colcon_core.package_identification:_identify(src/robot_description) by extension 'ignore_ament_install'
[12.103s] Level 1:colcon.colcon_core.package_identification:_identify(src/robot_description) by extensions ['colcon_pkg']
[12.103s] Level 1:colcon.colcon_core.package_identification:_identify(src/robot_description) by extension 'colcon_pkg'
[12.103s] Level 1:colcon.colcon_core.package_identification:_identify(src/robot_description) by extensions ['colcon_meta']
[12.104s] Level 1:colcon.colcon_core.package_identification:_identify(src/robot_description) by extension 'colcon_meta'
[12.104s] Level 1:colcon.colcon_core.package_identification:_identify(src/robot_description) by extensions ['ros']
[12.104s] Level 1:colcon.colcon_core.package_identification:_identify(src/robot_description) by extension 'ros'
[12.108s] DEBUG:colcon.colcon_core.package_identification:Package 'src/robot_description' with type 'ros.ament_python' and name 'robot_description'
[12.109s] Level 1:colcon.colcon_core.package_identification:_identify(src/robot_interfaces) by extensions ['ignore', 'ignore_ament_install']
[12.110s] Level 1:colcon.colcon_core.package_identification:_identify(src/robot_interfaces) by extension 'ignore'
[12.110s] Level 1:colcon.colcon_core.package_identification:_identify(src/robot_interfaces) by extension 'ignore_ament_install'
[12.111s] Level 1:colcon.colcon_core.package_identification:_identify(src/robot_interfaces) by extensions ['colcon_pkg']
[12.111s] Level 1:colcon.colcon_core.package_identification:_identify(src/robot_interfaces) by extension 'colcon_pkg'
[12.112s] Level 1:colcon.colcon_core.package_identification:_identify(src/robot_interfaces) by extensions ['colcon_meta']
[12.112s] Level 1:colcon.colcon_core.package_identification:_identify(src/robot_interfaces) by extension 'colcon_meta'
[12.113s] Level 1:colcon.colcon_core.package_identification:_identify(src/robot_interfaces) by extensions ['ros']
[12.113s] Level 1:colcon.colcon_core.package_identification:_identify(src/robot_interfaces) by extension 'ros'
[12.118s] DEBUG:colcon.colcon_core.package_identification:Package 'src/robot_interfaces' with type 'ros.ament_cmake' and name 'robot_interfaces'
[12.119s] Level 1:colcon.colcon_core.package_identification:_identify(src/rplidar_ros) by extensions ['ignore', 'ignore_ament_install']
[12.119s] Level 1:colcon.colcon_core.package_identification:_identify(src/rplidar_ros) by extension 'ignore'
[12.120s] Level 1:colcon.colcon_core.package_identification:_identify(src/rplidar_ros) by extension 'ignore_ament_install'
[12.120s] Level 1:colcon.colcon_core.package_identification:_identify(src/rplidar_ros) by extensions ['colcon_pkg']
[12.121s] Level 1:colcon.colcon_core.package_identification:_identify(src/rplidar_ros) by extension 'colcon_pkg'
[12.121s] Level 1:colcon.colcon_core.package_identification:_identify(src/rplidar_ros) by extensions ['colcon_meta']
[12.121s] Level 1:colcon.colcon_core.package_identification:_identify(src/rplidar_ros) by extension 'colcon_meta'
[12.121s] Level 1:colcon.colcon_core.package_identification:_identify(src/rplidar_ros) by extensions ['ros']
[12.122s] Level 1:colcon.colcon_core.package_identification:_identify(src/rplidar_ros) by extension 'ros'
[12.125s] DEBUG:colcon.colcon_core.package_identification:Package 'src/rplidar_ros' with type 'ros.ament_cmake' and name 'rplidar_ros'
[12.126s] Level 1:colcon.colcon_core.package_discovery:discover_packages(recursive) using defaults
[12.126s] Level 1:colcon.colcon_core.package_discovery:discover_packages(ignore) discover
[12.126s] Level 1:colcon.colcon_core.package_discovery:discover_packages(ignore) using defaults
[12.127s] Level 1:colcon.colcon_core.package_discovery:discover_packages(path) discover
[12.127s] Level 1:colcon.colcon_core.package_discovery:discover_packages(path) using defaults
[12.813s] INFO:colcon.colcon_core.package_selection:Skipping not selected package 'robot' in 'src/robot'
[12.815s] INFO:colcon.colcon_core.package_selection:Skipping not selected package 'robot_description' in 'src/robot_description'
[12.816s] INFO:colcon.colcon_core.package_selection:Skipping not selected package 'robot_interfaces' in 'src/robot_interfaces'
[12.817s] INFO:colcon.colcon_core.package_selection:Skipping not selected package 'rplidar_ros' in 'src/rplidar_ros'
[13.162s] Level 1:colcon.colcon_core.package_discovery:discover_packages(prefix_path) check parameters
[13.163s] Level 1:colcon.colcon_core.package_discovery:discover_packages(prefix_path) discover
[13.425s] DEBUG:colcon.colcon_installed_package_information.package_discovery:Found 5 installed packages in /home/scott/alpha_ws/install
[13.591s] DEBUG:colcon.colcon_installed_package_information.package_discovery:Found 319 installed packages in /opt/ros/humble
[13.602s] Level 1:colcon.colcon_core.package_discovery:discover_packages(prefix_path) using defaults
[14.551s] Level 5:colcon.colcon_core.verb:set package 'robot_bringup' build argument 'cmake_args' from command line to 'None'
[14.551s] Level 5:colcon.colcon_core.verb:set package 'robot_bringup' build argument 'cmake_target' from command line to 'None'
[14.551s] Level 5:colcon.colcon_core.verb:set package 'robot_bringup' build argument 'cmake_target_skip_unavailable' from command line to 'False'
[14.552s] Level 5:colcon.colcon_core.verb:set package 'robot_bringup' build argument 'cmake_clean_cache' from command line to 'False'
[14.552s] Level 5:colcon.colcon_core.verb:set package 'robot_bringup' build argument 'cmake_clean_first' from command line to 'False'
[14.552s] Level 5:colcon.colcon_core.verb:set package 'robot_bringup' build argument 'cmake_force_configure' from command line to 'False'
[14.552s] Level 5:colcon.colcon_core.verb:set package 'robot_bringup' build argument 'ament_cmake_args' from command line to 'None'
[14.552s] Level 5:colcon.colcon_core.verb:set package 'robot_bringup' build argument 'catkin_cmake_args' from command line to 'None'
[14.553s] Level 5:colcon.colcon_core.verb:set package 'robot_bringup' build argument 'catkin_skip_building_tests' from command line to 'False'
[14.553s] DEBUG:colcon.colcon_core.verb:Building package 'robot_bringup' with the following arguments: {'ament_cmake_args': None, 'build_base': '/home/scott/alpha_ws/build/robot_bringup', 'catkin_cmake_args': None, 'catkin_skip_building_tests': False, 'cmake_args': None, 'cmake_clean_cache': False, 'cmake_clean_first': False, 'cmake_force_configure': False, 'cmake_target': None, 'cmake_target_skip_unavailable': False, 'install_base': '/home/scott/alpha_ws/install/robot_bringup', 'merge_install': False, 'path': '/home/scott/alpha_ws/src/robot_bringup', 'symlink_install': False, 'test_result_base': None}
[14.713s] INFO:colcon.colcon_core.executor:Executing jobs using 'parallel' executor
[14.872s] DEBUG:colcon.colcon_parallel_executor.executor.parallel:run_until_complete
[14.874s] INFO:colcon.colcon_ros.task.ament_python.build:Building ROS package in '/home/scott/alpha_ws/src/robot_bringup' with build type 'ament_python'
[14.876s] Level 1:colcon.colcon_core.shell:create_environment_hook('robot_bringup', 'ament_prefix_path')
[15.076s] INFO:colcon.colcon_core.plugin_system:Skipping extension 'colcon_core.shell.bat': Not used on non-Windows systems
[15.078s] INFO:colcon.colcon_core.shell:Creating environment hook '/home/scott/alpha_ws/install/robot_bringup/share/robot_bringup/hook/ament_prefix_path.ps1'
[15.086s] INFO:colcon.colcon_core.shell:Creating environment descriptor '/home/scott/alpha_ws/install/robot_bringup/share/robot_bringup/hook/ament_prefix_path.dsv'
[15.090s] INFO:colcon.colcon_core.shell:Creating environment hook '/home/scott/alpha_ws/install/robot_bringup/share/robot_bringup/hook/ament_prefix_path.sh'
[15.259s] INFO:colcon.colcon_core.shell:Skip shell extension 'powershell' for command environment: Not usable outside of PowerShell
[15.259s] DEBUG:colcon.colcon_core.shell:Skip shell extension 'dsv' for command environment
[18.384s] INFO:colcon.colcon_core.task.python.build:Building Python package in '/home/scott/alpha_ws/src/robot_bringup'
[18.582s] INFO:colcon.colcon_core.shell:Skip shell extension 'powershell' for command environment: Not usable outside of PowerShell
[18.582s] DEBUG:colcon.colcon_core.shell:Skip shell extension 'dsv' for command environment
[22.605s] DEBUG:colcon.colcon_core.event_handler.log_command:Invoking command in '/home/scott/alpha_ws/src/robot_bringup': PYTHONPATH=/home/scott/alpha_ws/build/robot_bringup/prefix_override:/home/scott/alpha_ws/install/robot_bringup/lib/python3.10/site-packages:${PYTHONPATH} /usr/bin/python3 setup.py egg_info --egg-base ../../build/robot_bringup build --build-base /home/scott/alpha_ws/build/robot_bringup/build install --record /home/scott/alpha_ws/build/robot_bringup/install.log --single-version-externally-managed
[25.346s] DEBUG:colcon.colcon_core.event_handler.log_command:Invoked command in '/home/scott/alpha_ws/src/robot_bringup' returned '0': PYTHONPATH=/home/scott/alpha_ws/build/robot_bringup/prefix_override:/home/scott/alpha_ws/install/robot_bringup/lib/python3.10/site-packages:${PYTHONPATH} /usr/bin/python3 setup.py egg_info --egg-base ../../build/robot_bringup build --build-base /home/scott/alpha_ws/build/robot_bringup/build install --record /home/scott/alpha_ws/build/robot_bringup/install.log --single-version-externally-managed
[25.541s] Level 1:colcon.colcon_core.environment:checking '/home/scott/alpha_ws/install/robot_bringup' for CMake module files
[25.545s] Level 1:colcon.colcon_core.environment:checking '/home/scott/alpha_ws/install/robot_bringup' for CMake config files
[25.553s] Level 1:colcon.colcon_core.environment:checking '/home/scott/alpha_ws/install/robot_bringup/lib'
[25.555s] Level 1:colcon.colcon_core.environment:checking '/home/scott/alpha_ws/install/robot_bringup/bin'
[25.556s] Level 1:colcon.colcon_core.environment:checking '/home/scott/alpha_ws/install/robot_bringup/lib/pkgconfig/robot_bringup.pc'
[25.558s] Level 1:colcon.colcon_core.environment:checking '/home/scott/alpha_ws/install/robot_bringup/lib/python3.10/site-packages'
[25.560s] Level 1:colcon.colcon_core.shell:create_environment_hook('robot_bringup', 'pythonpath')
[25.726s] INFO:colcon.colcon_core.shell:Creating environment hook '/home/scott/alpha_ws/install/robot_bringup/share/robot_bringup/hook/pythonpath.ps1'
[25.731s] INFO:colcon.colcon_core.shell:Creating environment descriptor '/home/scott/alpha_ws/install/robot_bringup/share/robot_bringup/hook/pythonpath.dsv'
[25.735s] INFO:colcon.colcon_core.shell:Creating environment hook '/home/scott/alpha_ws/install/robot_bringup/share/robot_bringup/hook/pythonpath.sh'
[25.741s] Level 1:colcon.colcon_core.environment:checking '/home/scott/alpha_ws/install/robot_bringup/bin'
[25.743s] Level 1:colcon.colcon_core.environment:create_environment_scripts_only(robot_bringup)
[25.921s] INFO:colcon.colcon_core.shell:Creating package script '/home/scott/alpha_ws/install/robot_bringup/share/robot_bringup/package.ps1'
[25.929s] INFO:colcon.colcon_core.shell:Creating package descriptor '/home/scott/alpha_ws/install/robot_bringup/share/robot_bringup/package.dsv'
[25.934s] INFO:colcon.colcon_core.shell:Creating package script '/home/scott/alpha_ws/install/robot_bringup/share/robot_bringup/package.sh'
[25.940s] INFO:colcon.colcon_core.shell:Creating package script '/home/scott/alpha_ws/install/robot_bringup/share/robot_bringup/package.bash'
[25.949s] INFO:colcon.colcon_core.shell:Creating package script '/home/scott/alpha_ws/install/robot_bringup/share/robot_bringup/package.zsh'
[25.956s] Level 1:colcon.colcon_core.environment:create_file_with_runtime_dependencies(/home/scott/alpha_ws/install/robot_bringup/share/colcon-core/packages/robot_bringup)
[25.959s] DEBUG:colcon.colcon_parallel_executor.executor.parallel:closing loop
[25.961s] DEBUG:colcon.colcon_parallel_executor.executor.parallel:loop closed
[25.962s] DEBUG:colcon.colcon_parallel_executor.executor.parallel:run_until_complete finished with '0'
[25.964s] DEBUG:colcon.colcon_core.event_reactor:joining thread
[26.323s] INFO:colcon.colcon_core.plugin_system:Skipping extension 'colcon_notification.desktop_notification.terminal_notifier': Not used on non-Darwin systems
[26.324s] INFO:colcon.colcon_core.plugin_system:Skipping extension 'colcon_notification.desktop_notification.win32': Not used on non-Windows systems
[26.325s] INFO:colcon.colcon_notification.desktop_notification:Sending desktop notification using 'notify2'
[26.332s] DEBUG:colcon.colcon_notification.desktop_notification.notify2:Failed to initialize notify2: org.freedesktop.DBus.Error.ServiceUnknown: The name org.freedesktop.Notifications was not provided by any .service files
[26.332s] DEBUG:colcon.colcon_core.event_reactor:joined thread
[26.456s] INFO:colcon.colcon_core.shell:Creating prefix script '/home/scott/alpha_ws/install/local_setup.ps1'
[26.463s] INFO:colcon.colcon_core.shell:Creating prefix util module '/home/scott/alpha_ws/install/_local_setup_util_ps1.py'
[26.471s] INFO:colcon.colcon_core.shell:Creating prefix chain script '/home/scott/alpha_ws/install/setup.ps1'
[26.593s] INFO:colcon.colcon_core.shell:Creating prefix script '/home/scott/alpha_ws/install/local_setup.sh'
[26.598s] INFO:colcon.colcon_core.shell:Creating prefix util module '/home/scott/alpha_ws/install/_local_setup_util_sh.py'
[26.602s] INFO:colcon.colcon_core.shell:Creating prefix chain script '/home/scott/alpha_ws/install/setup.sh'
[26.755s] INFO:colcon.colcon_core.shell:Creating prefix script '/home/scott/alpha_ws/install/local_setup.bash'
[26.761s] INFO:colcon.colcon_core.shell:Creating prefix chain script '/home/scott/alpha_ws/install/setup.bash'
[26.920s] INFO:colcon.colcon_core.shell:Creating prefix script '/home/scott/alpha_ws/install/local_setup.zsh'
[26.924s] INFO:colcon.colcon_core.shell:Creating prefix chain script '/home/scott/alpha_ws/install/setup.zsh'
