[4.644s] Invoking command in '/home/scott/alpha_ws/src/robot_bringup': PYTHONPATH=/home/scott/alpha_ws/build/robot_bringup/prefix_override:/home/scott/alpha_ws/install/robot_bringup/lib/python3.10/site-packages:${PYTHONPATH} /usr/bin/python3 setup.py egg_info --egg-base ../../build/robot_bringup build --build-base /home/scott/alpha_ws/build/robot_bringup/build install --record /home/scott/alpha_ws/build/robot_bringup/install.log --single-version-externally-managed
[6.219s] running egg_info
[6.222s] writing ../../build/robot_bringup/robot_bringup.egg-info/PKG-INFO
[6.224s] writing dependency_links to ../../build/robot_bringup/robot_bringup.egg-info/dependency_links.txt
[6.226s] writing entry points to ../../build/robot_bringup/robot_bringup.egg-info/entry_points.txt
[6.227s] writing requirements to ../../build/robot_bringup/robot_bringup.egg-info/requires.txt
[6.228s] writing top-level names to ../../build/robot_bringup/robot_bringup.egg-info/top_level.txt
[6.239s] reading manifest file '../../build/robot_bringup/robot_bringup.egg-info/SOURCES.txt'
[6.242s] adding license file 'LICENSE'
[6.246s] writing manifest file '../../build/robot_bringup/robot_bringup.egg-info/SOURCES.txt'
[6.249s] running build
[6.249s] running build_py
[6.253s] running install
[6.254s] running install_lib
[6.257s] running install_data
[6.261s] copying launch/localization_launch.py -> /home/scott/alpha_ws/install/robot_bringup/share/robot_bringup/launch
[6.266s] copying config/mapper_params_localization.yaml -> /home/scott/alpha_ws/install/robot_bringup/share/robot_bringup/config
[6.269s] copying config/nav2_params.yaml -> /home/scott/alpha_ws/install/robot_bringup/share/robot_bringup/config
[6.270s] running install_egg_info
[6.276s] removing '/home/scott/alpha_ws/install/robot_bringup/lib/python3.10/site-packages/robot_bringup-0.0.0-py3.10.egg-info' (and everything under it)
[6.283s] Copying ../../build/robot_bringup/robot_bringup.egg-info to /home/scott/alpha_ws/install/robot_bringup/lib/python3.10/site-packages/robot_bringup-0.0.0-py3.10.egg-info
[6.288s] running install_scripts
[6.391s] writing list of installed files to '/home/scott/alpha_ws/build/robot_bringup/install.log'
[6.536s] Invoked command in '/home/scott/alpha_ws/src/robot_bringup' returned '0': PYTHONPATH=/home/scott/alpha_ws/build/robot_bringup/prefix_override:/home/scott/alpha_ws/install/robot_bringup/lib/python3.10/site-packages:${PYTHONPATH} /usr/bin/python3 setup.py egg_info --egg-base ../../build/robot_bringup build --build-base /home/scott/alpha_ws/build/robot_bringup/build install --record /home/scott/alpha_ws/build/robot_bringup/install.log --single-version-externally-managed
