[2.472s] Invoking command in '/home/jetson/ros2_ws/build/robot_interfaces': CMAKE_PREFIX_PATH=${CMAKE_PREFIX_PATH}:/home/jetson/ros2_ws/install/robot_description:/home/jetson/ros2_ws/install/robot_bringup:/home/jetson/ros2_ws/install/robot:/opt/ros/foxy /usr/bin/cmake --build /home/jetson/ros2_ws/build/robot_interfaces -- -j4 -l4
[2.893s] [  2%] Built target robot_interfaces__cpp
[2.931s] [ 12%] Built target robot_interfaces__rosidl_generator_c
[3.148s] [ 23%] Built target robot_interfaces__rosidl_typesupport_introspection_cpp
[3.204s] [ 34%] Built target robot_interfaces__rosidl_typesupport_c
[3.219s] [ 44%] Built target robot_interfaces__rosidl_typesupport_fastrtps_cpp
[3.221s] [ 55%] Built target robot_interfaces__rosidl_typesupport_cpp
[3.332s] [ 65%] Built target robot_interfaces__rosidl_typesupport_introspection_c
[3.379s] [ 76%] Built target robot_interfaces__rosidl_typesupport_fastrtps_c
[3.456s] [ 76%] Built target robot_interfaces
[3.533s] [ 78%] Built target robot_interfaces__py
[3.645s] [ 87%] Built target robot_interfaces__python
[3.777s] [ 91%] Built target robot_interfaces__rosidl_typesupport_fastrtps_c__pyext
[3.808s] [ 95%] Built target robot_interfaces__rosidl_typesupport_introspection_c__pyext
[3.827s] [100%] Built target robot_interfaces__rosidl_typesupport_c__pyext
[3.866s] Invoked command in '/home/jetson/ros2_ws/build/robot_interfaces' returned '0': CMAKE_PREFIX_PATH=${CMAKE_PREFIX_PATH}:/home/jetson/ros2_ws/install/robot_description:/home/jetson/ros2_ws/install/robot_bringup:/home/jetson/ros2_ws/install/robot:/opt/ros/foxy /usr/bin/cmake --build /home/jetson/ros2_ws/build/robot_interfaces -- -j4 -l4
[4.160s] Invoking command in '/home/jetson/ros2_ws/build/robot_interfaces': CMAKE_PREFIX_PATH=${CMAKE_PREFIX_PATH}:/home/jetson/ros2_ws/install/robot_description:/home/jetson/ros2_ws/install/robot_bringup:/home/jetson/ros2_ws/install/robot:/opt/ros/foxy /usr/bin/cmake --install /home/jetson/ros2_ws/build/robot_interfaces
[4.192s] -- Install configuration: ""
[4.197s] -- Execute custom install script
[4.200s] -- Up-to-date symlink: /home/jetson/ros2_ws/install/robot_interfaces/share/ament_index/resource_index/rosidl_interfaces/robot_interfaces
[4.207s] -- Up-to-date symlink: /home/jetson/ros2_ws/install/robot_interfaces/include/robot_interfaces/msg/detail/duty_cycle__functions.h
[4.208s] -- Up-to-date symlink: /home/jetson/ros2_ws/install/robot_interfaces/include/robot_interfaces/msg/detail/duty_cycle__struct.h
[4.210s] -- Up-to-date symlink: /home/jetson/ros2_ws/install/robot_interfaces/include/robot_interfaces/msg/detail/duty_cycle__type_support.h
[4.212s] -- Up-to-date symlink: /home/jetson/ros2_ws/install/robot_interfaces/include/robot_interfaces/msg/detail/tick_count__functions.h
[4.213s] -- Up-to-date symlink: /home/jetson/ros2_ws/install/robot_interfaces/include/robot_interfaces/msg/detail/tick_count__struct.h
[4.215s] -- Up-to-date symlink: /home/jetson/ros2_ws/install/robot_interfaces/include/robot_interfaces/msg/detail/tick_count__type_support.h
[4.216s] -- Up-to-date symlink: /home/jetson/ros2_ws/install/robot_interfaces/include/robot_interfaces/msg/detail/wheel_rpm__functions.h
[4.217s] -- Up-to-date symlink: /home/jetson/ros2_ws/install/robot_interfaces/include/robot_interfaces/msg/detail/wheel_rpm__struct.h
[4.219s] -- Up-to-date symlink: /home/jetson/ros2_ws/install/robot_interfaces/include/robot_interfaces/msg/detail/wheel_rpm__type_support.h
[4.220s] -- Up-to-date symlink: /home/jetson/ros2_ws/install/robot_interfaces/include/robot_interfaces/msg/detail/wheel_velocity__functions.h
[4.221s] -- Up-to-date symlink: /home/jetson/ros2_ws/install/robot_interfaces/include/robot_interfaces/msg/detail/wheel_velocity__struct.h
[4.229s] -- Up-to-date symlink: /home/jetson/ros2_ws/install/robot_interfaces/include/robot_interfaces/msg/detail/wheel_velocity__type_support.h
[4.231s] -- Up-to-date symlink: /home/jetson/ros2_ws/install/robot_interfaces/include/robot_interfaces/msg/duty_cycle.h
[4.233s] -- Up-to-date symlink: /home/jetson/ros2_ws/install/robot_interfaces/include/robot_interfaces/msg/rosidl_generator_c__visibility_control.h
[4.234s] -- Up-to-date symlink: /home/jetson/ros2_ws/install/robot_interfaces/include/robot_interfaces/msg/tick_count.h
[4.236s] -- Up-to-date symlink: /home/jetson/ros2_ws/install/robot_interfaces/include/robot_interfaces/msg/wheel_rpm.h
[4.237s] -- Up-to-date symlink: /home/jetson/ros2_ws/install/robot_interfaces/include/robot_interfaces/msg/wheel_velocity.h
[4.239s] -- Up-to-date symlink: /home/jetson/ros2_ws/install/robot_interfaces/share/robot_interfaces/environment/library_path.sh
[4.239s] -- Up-to-date symlink: /home/jetson/ros2_ws/install/robot_interfaces/share/robot_interfaces/environment/library_path.dsv
[4.243s] -- Up-to-date symlink: /home/jetson/ros2_ws/install/robot_interfaces/include/robot_interfaces/msg/detail/duty_cycle__rosidl_typesupport_fastrtps_c.h
[4.244s] -- Up-to-date symlink: /home/jetson/ros2_ws/install/robot_interfaces/include/robot_interfaces/msg/detail/tick_count__rosidl_typesupport_fastrtps_c.h
[4.246s] -- Up-to-date symlink: /home/jetson/ros2_ws/install/robot_interfaces/include/robot_interfaces/msg/detail/wheel_rpm__rosidl_typesupport_fastrtps_c.h
[4.247s] -- Up-to-date symlink: /home/jetson/ros2_ws/install/robot_interfaces/include/robot_interfaces/msg/detail/wheel_velocity__rosidl_typesupport_fastrtps_c.h
[4.248s] -- Up-to-date symlink: /home/jetson/ros2_ws/install/robot_interfaces/include/robot_interfaces/msg/rosidl_typesupport_fastrtps_c__visibility_control.h
[4.251s] -- Up-to-date symlink: /home/jetson/ros2_ws/install/robot_interfaces/lib/librobot_interfaces__rosidl_typesupport_fastrtps_c.so
[4.254s] -- Up-to-date symlink: /home/jetson/ros2_ws/install/robot_interfaces/include/robot_interfaces/msg/detail/duty_cycle__rosidl_typesupport_fastrtps_cpp.hpp
[4.257s] -- Up-to-date symlink: /home/jetson/ros2_ws/install/robot_interfaces/include/robot_interfaces/msg/detail/tick_count__rosidl_typesupport_fastrtps_cpp.hpp
[4.259s] -- Up-to-date symlink: /home/jetson/ros2_ws/install/robot_interfaces/include/robot_interfaces/msg/detail/wheel_rpm__rosidl_typesupport_fastrtps_cpp.hpp
[4.260s] -- Up-to-date symlink: /home/jetson/ros2_ws/install/robot_interfaces/include/robot_interfaces/msg/detail/wheel_velocity__rosidl_typesupport_fastrtps_cpp.hpp
[4.261s] -- Up-to-date symlink: /home/jetson/ros2_ws/install/robot_interfaces/include/robot_interfaces/msg/rosidl_typesupport_fastrtps_cpp__visibility_control.h
[4.264s] -- Up-to-date symlink: /home/jetson/ros2_ws/install/robot_interfaces/lib/librobot_interfaces__rosidl_typesupport_fastrtps_cpp.so
[4.267s] -- Up-to-date symlink: /home/jetson/ros2_ws/install/robot_interfaces/include/robot_interfaces/msg/detail/duty_cycle__rosidl_typesupport_introspection_c.h
[4.268s] -- Up-to-date symlink: /home/jetson/ros2_ws/install/robot_interfaces/include/robot_interfaces/msg/detail/tick_count__rosidl_typesupport_introspection_c.h
[4.270s] -- Up-to-date symlink: /home/jetson/ros2_ws/install/robot_interfaces/include/robot_interfaces/msg/detail/wheel_rpm__rosidl_typesupport_introspection_c.h
[4.272s] -- Up-to-date symlink: /home/jetson/ros2_ws/install/robot_interfaces/include/robot_interfaces/msg/detail/wheel_velocity__rosidl_typesupport_introspection_c.h
[4.274s] -- Up-to-date symlink: /home/jetson/ros2_ws/install/robot_interfaces/include/robot_interfaces/msg/rosidl_typesupport_introspection_c__visibility_control.h
[4.277s] -- Up-to-date symlink: /home/jetson/ros2_ws/install/robot_interfaces/include/robot_interfaces/msg/detail/duty_cycle__builder.hpp
[4.278s] -- Up-to-date symlink: /home/jetson/ros2_ws/install/robot_interfaces/include/robot_interfaces/msg/detail/duty_cycle__struct.hpp
[4.280s] -- Up-to-date symlink: /home/jetson/ros2_ws/install/robot_interfaces/include/robot_interfaces/msg/detail/duty_cycle__traits.hpp
[4.291s] -- Up-to-date symlink: /home/jetson/ros2_ws/install/robot_interfaces/include/robot_interfaces/msg/detail/duty_cycle__type_support.hpp
[4.291s] -- Up-to-date symlink: /home/jetson/ros2_ws/install/robot_interfaces/include/robot_interfaces/msg/detail/tick_count__builder.hpp
[4.291s] -- Up-to-date symlink: /home/jetson/ros2_ws/install/robot_interfaces/include/robot_interfaces/msg/detail/tick_count__struct.hpp
[4.292s] -- Up-to-date symlink: /home/jetson/ros2_ws/install/robot_interfaces/include/robot_interfaces/msg/detail/tick_count__traits.hpp
[4.292s] -- Up-to-date symlink: /home/jetson/ros2_ws/install/robot_interfaces/include/robot_interfaces/msg/detail/tick_count__type_support.hpp
[4.292s] -- Up-to-date symlink: /home/jetson/ros2_ws/install/robot_interfaces/include/robot_interfaces/msg/detail/wheel_rpm__builder.hpp
[4.293s] -- Up-to-date symlink: /home/jetson/ros2_ws/install/robot_interfaces/include/robot_interfaces/msg/detail/wheel_rpm__struct.hpp
[4.293s] -- Up-to-date symlink: /home/jetson/ros2_ws/install/robot_interfaces/include/robot_interfaces/msg/detail/wheel_rpm__traits.hpp
[4.293s] -- Up-to-date symlink: /home/jetson/ros2_ws/install/robot_interfaces/include/robot_interfaces/msg/detail/wheel_rpm__type_support.hpp
[4.294s] -- Up-to-date symlink: /home/jetson/ros2_ws/install/robot_interfaces/include/robot_interfaces/msg/detail/wheel_velocity__builder.hpp
[4.295s] -- Up-to-date symlink: /home/jetson/ros2_ws/install/robot_interfaces/include/robot_interfaces/msg/detail/wheel_velocity__struct.hpp
[4.296s] -- Up-to-date symlink: /home/jetson/ros2_ws/install/robot_interfaces/include/robot_interfaces/msg/detail/wheel_velocity__traits.hpp
[4.298s] -- Up-to-date symlink: /home/jetson/ros2_ws/install/robot_interfaces/include/robot_interfaces/msg/detail/wheel_velocity__type_support.hpp
[4.299s] -- Up-to-date symlink: /home/jetson/ros2_ws/install/robot_interfaces/include/robot_interfaces/msg/duty_cycle.hpp
[4.301s] -- Up-to-date symlink: /home/jetson/ros2_ws/install/robot_interfaces/include/robot_interfaces/msg/rosidl_generator_cpp__visibility_control.hpp
[4.303s] -- Up-to-date symlink: /home/jetson/ros2_ws/install/robot_interfaces/include/robot_interfaces/msg/tick_count.hpp
[4.305s] -- Up-to-date symlink: /home/jetson/ros2_ws/install/robot_interfaces/include/robot_interfaces/msg/wheel_rpm.hpp
[4.306s] -- Up-to-date symlink: /home/jetson/ros2_ws/install/robot_interfaces/include/robot_interfaces/msg/wheel_velocity.hpp
[4.309s] -- Up-to-date symlink: /home/jetson/ros2_ws/install/robot_interfaces/include/robot_interfaces/msg/detail/duty_cycle__rosidl_typesupport_introspection_cpp.hpp
[4.310s] -- Up-to-date symlink: /home/jetson/ros2_ws/install/robot_interfaces/include/robot_interfaces/msg/detail/tick_count__rosidl_typesupport_introspection_cpp.hpp
[4.316s] -- Up-to-date symlink: /home/jetson/ros2_ws/install/robot_interfaces/include/robot_interfaces/msg/detail/wheel_rpm__rosidl_typesupport_introspection_cpp.hpp
[4.317s] -- Up-to-date symlink: /home/jetson/ros2_ws/install/robot_interfaces/include/robot_interfaces/msg/detail/wheel_velocity__rosidl_typesupport_introspection_cpp.hpp
[4.320s] -- Up-to-date symlink: /home/jetson/ros2_ws/install/robot_interfaces/share/robot_interfaces/environment/pythonpath.sh
[4.322s] -- Up-to-date symlink: /home/jetson/ros2_ws/install/robot_interfaces/share/robot_interfaces/environment/pythonpath.dsv
[4.324s] -- Up-to-date symlink: /home/jetson/ros2_ws/install/robot_interfaces/lib/python3.8/site-packages/robot_interfaces/__init__.py
[4.329s] -- Up-to-date symlink: /home/jetson/ros2_ws/install/robot_interfaces/lib/python3.8/site-packages/robot_interfaces/msg/__init__.py
[4.330s] -- Up-to-date symlink: /home/jetson/ros2_ws/install/robot_interfaces/lib/python3.8/site-packages/robot_interfaces/msg/_duty_cycle.py
[4.333s] -- Up-to-date symlink: /home/jetson/ros2_ws/install/robot_interfaces/lib/python3.8/site-packages/robot_interfaces/msg/_tick_count.py
[4.335s] -- Up-to-date symlink: /home/jetson/ros2_ws/install/robot_interfaces/lib/python3.8/site-packages/robot_interfaces/msg/_wheel_rpm.py
[4.337s] -- Up-to-date symlink: /home/jetson/ros2_ws/install/robot_interfaces/lib/python3.8/site-packages/robot_interfaces/msg/_wheel_velocity.py
[4.340s] -- Up-to-date symlink: /home/jetson/ros2_ws/install/robot_interfaces/lib/python3.8/site-packages/robot_interfaces/robot_interfaces_s__rosidl_typesupport_fastrtps_c.cpython-38-aarch64-linux-gnu.so
[4.344s] -- Up-to-date symlink: /home/jetson/ros2_ws/install/robot_interfaces/lib/python3.8/site-packages/robot_interfaces/robot_interfaces_s__rosidl_typesupport_introspection_c.cpython-38-aarch64-linux-gnu.so
[4.347s] -- Up-to-date symlink: /home/jetson/ros2_ws/install/robot_interfaces/lib/python3.8/site-packages/robot_interfaces/robot_interfaces_s__rosidl_typesupport_c.cpython-38-aarch64-linux-gnu.so
[4.351s] -- Up-to-date symlink: /home/jetson/ros2_ws/install/robot_interfaces/lib/librobot_interfaces__python.so
[4.354s] -- Up-to-date symlink: /home/jetson/ros2_ws/install/robot_interfaces/share/robot_interfaces/msg/TickCount.idl
[4.362s] -- Up-to-date symlink: /home/jetson/ros2_ws/install/robot_interfaces/share/robot_interfaces/msg/WheelRPM.idl
[4.363s] -- Up-to-date symlink: /home/jetson/ros2_ws/install/robot_interfaces/share/robot_interfaces/msg/DutyCycle.idl
[4.364s] -- Up-to-date symlink: /home/jetson/ros2_ws/install/robot_interfaces/share/robot_interfaces/msg/TickCount.msg
[4.364s] -- Up-to-date symlink: /home/jetson/ros2_ws/install/robot_interfaces/share/robot_interfaces/msg/WheelRPM.msg
[4.365s] -- Up-to-date symlink: /home/jetson/ros2_ws/install/robot_interfaces/share/robot_interfaces/msg/DutyCycle.msg
[4.367s] -- Up-to-date symlink: /home/jetson/ros2_ws/install/robot_interfaces/share/ament_index/resource_index/package_run_dependencies/robot_interfaces
[4.372s] -- Up-to-date symlink: /home/jetson/ros2_ws/install/robot_interfaces/share/ament_index/resource_index/parent_prefix_path/robot_interfaces
[4.375s] -- Up-to-date symlink: /home/jetson/ros2_ws/install/robot_interfaces/share/robot_interfaces/environment/ament_prefix_path.sh
[4.378s] -- Up-to-date symlink: /home/jetson/ros2_ws/install/robot_interfaces/share/robot_interfaces/environment/ament_prefix_path.dsv
[4.381s] -- Up-to-date symlink: /home/jetson/ros2_ws/install/robot_interfaces/share/robot_interfaces/environment/path.sh
[4.383s] -- Up-to-date symlink: /home/jetson/ros2_ws/install/robot_interfaces/share/robot_interfaces/environment/path.dsv
[4.386s] -- Up-to-date symlink: /home/jetson/ros2_ws/install/robot_interfaces/share/robot_interfaces/local_setup.bash
[4.389s] -- Up-to-date symlink: /home/jetson/ros2_ws/install/robot_interfaces/share/robot_interfaces/local_setup.sh
[4.392s] -- Up-to-date symlink: /home/jetson/ros2_ws/install/robot_interfaces/share/robot_interfaces/local_setup.zsh
[4.395s] -- Up-to-date symlink: /home/jetson/ros2_ws/install/robot_interfaces/share/robot_interfaces/local_setup.dsv
[4.397s] -- Symlinking: /home/jetson/ros2_ws/install/robot_interfaces/share/robot_interfaces/package.dsv
[4.433s] -- Up-to-date symlink: /home/jetson/ros2_ws/install/robot_interfaces/share/ament_index/resource_index/packages/robot_interfaces
[4.436s] -- Up-to-date symlink: /home/jetson/ros2_ws/install/robot_interfaces/share/robot_interfaces/cmake/rosidl_cmake-extras.cmake
[4.439s] -- Up-to-date symlink: /home/jetson/ros2_ws/install/robot_interfaces/share/robot_interfaces/cmake/ament_cmake_export_dependencies-extras.cmake
[4.442s] -- Up-to-date symlink: /home/jetson/ros2_ws/install/robot_interfaces/share/robot_interfaces/cmake/ament_cmake_export_libraries-extras.cmake
[4.445s] -- Up-to-date symlink: /home/jetson/ros2_ws/install/robot_interfaces/share/robot_interfaces/cmake/ament_cmake_export_targets-extras.cmake
[4.448s] -- Up-to-date symlink: /home/jetson/ros2_ws/install/robot_interfaces/share/robot_interfaces/cmake/ament_cmake_export_include_directories-extras.cmake
[4.451s] -- Up-to-date symlink: /home/jetson/ros2_ws/install/robot_interfaces/share/robot_interfaces/cmake/rosidl_cmake_export_typesupport_libraries-extras.cmake
[4.453s] -- Up-to-date symlink: /home/jetson/ros2_ws/install/robot_interfaces/share/robot_interfaces/cmake/rosidl_cmake_export_typesupport_targets-extras.cmake
[4.457s] -- Up-to-date symlink: /home/jetson/ros2_ws/install/robot_interfaces/share/robot_interfaces/cmake/robot_interfacesConfig.cmake
[4.459s] -- Up-to-date symlink: /home/jetson/ros2_ws/install/robot_interfaces/share/robot_interfaces/cmake/robot_interfacesConfig-version.cmake
[4.461s] -- Up-to-date symlink: /home/jetson/ros2_ws/install/robot_interfaces/share/robot_interfaces/package.xml
[4.464s] -- Up-to-date: /home/jetson/ros2_ws/install/robot_interfaces/lib/librobot_interfaces__rosidl_generator_c.so
[4.468s] -- Up-to-date: /home/jetson/ros2_ws/install/robot_interfaces/lib/librobot_interfaces__rosidl_typesupport_introspection_c.so
[4.471s] -- Up-to-date: /home/jetson/ros2_ws/install/robot_interfaces/lib/librobot_interfaces__rosidl_typesupport_c.so
[4.474s] -- Up-to-date: /home/jetson/ros2_ws/install/robot_interfaces/lib/librobot_interfaces__rosidl_typesupport_introspection_cpp.so
[4.487s] -- Up-to-date: /home/jetson/ros2_ws/install/robot_interfaces/lib/librobot_interfaces__rosidl_typesupport_cpp.so
[4.627s] -- Up-to-date: /home/jetson/ros2_ws/install/robot_interfaces/share/robot_interfaces/cmake/robot_interfaces__rosidl_generator_cExport.cmake
[4.628s] -- Up-to-date: /home/jetson/ros2_ws/install/robot_interfaces/share/robot_interfaces/cmake/robot_interfaces__rosidl_generator_cExport-noconfig.cmake
[4.632s] -- Up-to-date: /home/jetson/ros2_ws/install/robot_interfaces/share/robot_interfaces/cmake/robot_interfaces__rosidl_typesupport_introspection_cExport.cmake
[4.633s] -- Up-to-date: /home/jetson/ros2_ws/install/robot_interfaces/share/robot_interfaces/cmake/robot_interfaces__rosidl_typesupport_introspection_cExport-noconfig.cmake
[4.636s] -- Up-to-date: /home/jetson/ros2_ws/install/robot_interfaces/share/robot_interfaces/cmake/robot_interfaces__rosidl_typesupport_cExport.cmake
[4.637s] -- Up-to-date: /home/jetson/ros2_ws/install/robot_interfaces/share/robot_interfaces/cmake/robot_interfaces__rosidl_typesupport_cExport-noconfig.cmake
[4.640s] -- Up-to-date: /home/jetson/ros2_ws/install/robot_interfaces/share/robot_interfaces/cmake/robot_interfaces__rosidl_generator_cppExport.cmake
[4.643s] -- Up-to-date: /home/jetson/ros2_ws/install/robot_interfaces/share/robot_interfaces/cmake/robot_interfaces__rosidl_typesupport_introspection_cppExport.cmake
[4.644s] -- Up-to-date: /home/jetson/ros2_ws/install/robot_interfaces/share/robot_interfaces/cmake/robot_interfaces__rosidl_typesupport_introspection_cppExport-noconfig.cmake
[4.647s] -- Up-to-date: /home/jetson/ros2_ws/install/robot_interfaces/share/robot_interfaces/cmake/robot_interfaces__rosidl_typesupport_cppExport.cmake
[4.648s] -- Up-to-date: /home/jetson/ros2_ws/install/robot_interfaces/share/robot_interfaces/cmake/robot_interfaces__rosidl_typesupport_cppExport-noconfig.cmake
[4.659s] Invoked command in '/home/jetson/ros2_ws/build/robot_interfaces' returned '0': CMAKE_PREFIX_PATH=${CMAKE_PREFIX_PATH}:/home/jetson/ros2_ws/install/robot_description:/home/jetson/ros2_ws/install/robot_bringup:/home/jetson/ros2_ws/install/robot:/opt/ros/foxy /usr/bin/cmake --install /home/jetson/ros2_ws/build/robot_interfaces
