[5.193s] Invoking command in '/home/jetson/ros2_ws/src/robot': PYTHONPATH=/home/jetson/ros2_ws/build/robot/prefix_override:/home/jetson/ros2_ws/install/robot/lib/python3.8/site-packages:${PYTHONPATH} /usr/bin/python3 setup.py egg_info --egg-base ../../build/robot build --build-base /home/jetson/ros2_ws/build/robot/build install --record /home/jetson/ros2_ws/build/robot/install.log --install-scripts $base/lib/robot --single-version-externally-managed
[6.404s] running egg_info
[6.406s] writing ../../build/robot/robot.egg-info/PKG-INFO
[6.409s] writing dependency_links to ../../build/robot/robot.egg-info/dependency_links.txt
[6.410s] writing entry points to ../../build/robot/robot.egg-info/entry_points.txt
[6.411s] writing requirements to ../../build/robot/robot.egg-info/requires.txt
[6.412s] writing top-level names to ../../build/robot/robot.egg-info/top_level.txt
[6.617s] reading manifest file '../../build/robot/robot.egg-info/SOURCES.txt'
[6.617s] writing manifest file '../../build/robot/robot.egg-info/SOURCES.txt'
[6.618s] running build
[6.618s] running build_py
[6.627s] running install
[6.628s] running install_lib
[6.637s] running install_data
[6.638s] running install_egg_info
[6.644s] removing '/home/jetson/ros2_ws/install/robot/lib/python3.8/site-packages/robot-0.0.0-py3.8.egg-info' (and everything under it)
[6.645s] Copying ../../build/robot/robot.egg-info to /home/jetson/ros2_ws/install/robot/lib/python3.8/site-packages/robot-0.0.0-py3.8.egg-info
[6.657s] running install_scripts
[6.744s] Installing encoder_publisher script to /home/jetson/ros2_ws/install/robot/lib/robot
[6.744s] Installing encoder_publisher_left script to /home/jetson/ros2_ws/install/robot/lib/robot
[6.745s] Installing encoder_publisher_right script to /home/jetson/ros2_ws/install/robot/lib/robot
[6.745s] Installing imu_controller script to /home/jetson/ros2_ws/install/robot/lib/robot
[6.756s] Installing motor_controller script to /home/jetson/ros2_ws/install/robot/lib/robot
[6.757s] Installing motor_driver script to /home/jetson/ros2_ws/install/robot/lib/robot
[6.758s] Installing odom_publisher script to /home/jetson/ros2_ws/install/robot/lib/robot
[6.758s] Installing pid_controller script to /home/jetson/ros2_ws/install/robot/lib/robot
[6.759s] Installing velocity_publisher script to /home/jetson/ros2_ws/install/robot/lib/robot
[6.760s] writing list of installed files to '/home/jetson/ros2_ws/build/robot/install.log'
[6.866s] Invoked command in '/home/jetson/ros2_ws/src/robot' returned '0': PYTHONPATH=/home/jetson/ros2_ws/build/robot/prefix_override:/home/jetson/ros2_ws/install/robot/lib/python3.8/site-packages:${PYTHONPATH} /usr/bin/python3 setup.py egg_info --egg-base ../../build/robot build --build-base /home/jetson/ros2_ws/build/robot/build install --record /home/jetson/ros2_ws/build/robot/install.log --install-scripts $base/lib/robot --single-version-externally-managed
