[3.984s] Invoking command in '/home/scott/alpha_ws/src/robot': PYTHONPATH=/home/scott/alpha_ws/build/robot/prefix_override:/home/scott/alpha_ws/install/robot/lib/python3.10/site-packages:${PYTHONPATH} /usr/bin/python3 setup.py egg_info --egg-base ../../build/robot build --build-base /home/scott/alpha_ws/build/robot/build install --record /home/scott/alpha_ws/build/robot/install.log --single-version-externally-managed
[5.345s] running egg_info
[5.347s] writing ../../build/robot/robot.egg-info/PKG-INFO
[5.349s] writing dependency_links to ../../build/robot/robot.egg-info/dependency_links.txt
[5.351s] writing entry points to ../../build/robot/robot.egg-info/entry_points.txt
[5.352s] writing requirements to ../../build/robot/robot.egg-info/requires.txt
[5.353s] writing top-level names to ../../build/robot/robot.egg-info/top_level.txt
[5.362s] reading manifest file '../../build/robot/robot.egg-info/SOURCES.txt'
[5.364s] adding license file 'LICENSE'
[5.368s] writing manifest file '../../build/robot/robot.egg-info/SOURCES.txt'
[5.369s] running build
[5.369s] running build_py
[5.371s] copying robot/pid_controller_right.py -> /home/scott/alpha_ws/build/robot/build/lib/robot
[5.374s] copying robot/pid_controller_left.py -> /home/scott/alpha_ws/build/robot/build/lib/robot
[5.376s] running install
[5.378s] running install_lib
[5.382s] copying /home/scott/alpha_ws/build/robot/build/lib/robot/pid_controller_right.py -> /home/scott/alpha_ws/install/robot/lib/python3.10/site-packages/robot
[5.385s] copying /home/scott/alpha_ws/build/robot/build/lib/robot/pid_controller_left.py -> /home/scott/alpha_ws/install/robot/lib/python3.10/site-packages/robot
[5.390s] byte-compiling /home/scott/alpha_ws/install/robot/lib/python3.10/site-packages/robot/pid_controller_right.py to pid_controller_right.cpython-310.pyc
[5.395s] byte-compiling /home/scott/alpha_ws/install/robot/lib/python3.10/site-packages/robot/pid_controller_left.py to pid_controller_left.cpython-310.pyc
[5.398s] running install_data
[5.401s] running install_egg_info
[5.408s] removing '/home/scott/alpha_ws/install/robot/lib/python3.10/site-packages/robot-0.0.0-py3.10.egg-info' (and everything under it)
[5.410s] Copying ../../build/robot/robot.egg-info to /home/scott/alpha_ws/install/robot/lib/python3.10/site-packages/robot-0.0.0-py3.10.egg-info
[5.417s] running install_scripts
[5.503s] Installing encoder_publisher script to /home/scott/alpha_ws/install/robot/lib/robot
[5.504s] Installing encoder_publisher_left script to /home/scott/alpha_ws/install/robot/lib/robot
[5.505s] Installing encoder_publisher_right script to /home/scott/alpha_ws/install/robot/lib/robot
[5.506s] Installing imu_publisher script to /home/scott/alpha_ws/install/robot/lib/robot
[5.507s] Installing motor_controller script to /home/scott/alpha_ws/install/robot/lib/robot
[5.508s] Installing motor_driver script to /home/scott/alpha_ws/install/robot/lib/robot
[5.509s] Installing odom_publisher script to /home/scott/alpha_ws/install/robot/lib/robot
[5.510s] Installing pid_controller_left script to /home/scott/alpha_ws/install/robot/lib/robot
[5.511s] Installing pid_controller_right script to /home/scott/alpha_ws/install/robot/lib/robot
[5.512s] Installing rpm_publisher_left script to /home/scott/alpha_ws/install/robot/lib/robot
[5.513s] Installing rpm_publisher_right script to /home/scott/alpha_ws/install/robot/lib/robot
[5.516s] writing list of installed files to '/home/scott/alpha_ws/build/robot/install.log'
[5.649s] Invoked command in '/home/scott/alpha_ws/src/robot' returned '0': PYTHONPATH=/home/scott/alpha_ws/build/robot/prefix_override:/home/scott/alpha_ws/install/robot/lib/python3.10/site-packages:${PYTHONPATH} /usr/bin/python3 setup.py egg_info --egg-base ../../build/robot build --build-base /home/scott/alpha_ws/build/robot/build install --record /home/scott/alpha_ws/build/robot/install.log --single-version-externally-managed
