[2.186s] Invoking command in '/home/jetson/ros2_ws/src/robot': PYTHONPATH=/home/jetson/ros2_ws/build/robot/prefix_override:/home/jetson/ros2_ws/install/robot/lib/python3.8/site-packages:${PYTHONPATH} /usr/bin/python3 setup.py egg_info --egg-base ../../build/robot build --build-base /home/jetson/ros2_ws/build/robot/build install --record /home/jetson/ros2_ws/build/robot/install.log --install-scripts $base/lib/robot --single-version-externally-managed
[2.925s] running egg_info
[2.928s] writing ../../build/robot/robot.egg-info/PKG-INFO
[2.928s] writing dependency_links to ../../build/robot/robot.egg-info/dependency_links.txt
[2.929s] writing entry points to ../../build/robot/robot.egg-info/entry_points.txt
[2.930s] writing requirements to ../../build/robot/robot.egg-info/requires.txt
[2.930s] writing top-level names to ../../build/robot/robot.egg-info/top_level.txt
[3.053s] reading manifest file '../../build/robot/robot.egg-info/SOURCES.txt'
[3.056s] writing manifest file '../../build/robot/robot.egg-info/SOURCES.txt'
[3.057s] running build
[3.057s] running build_py
[3.057s] copying robot/motor_controller.py -> /home/jetson/ros2_ws/build/robot/build/lib/robot
[3.060s] running install
[3.062s] running install_lib
[3.066s] copying /home/jetson/ros2_ws/build/robot/build/lib/robot/motor_controller.py -> /home/jetson/ros2_ws/install/robot/lib/python3.8/site-packages/robot
[3.068s] byte-compiling /home/jetson/ros2_ws/install/robot/lib/python3.8/site-packages/robot/motor_controller.py to motor_controller.cpython-38.pyc
[3.074s] running install_data
[3.076s] running install_egg_info
[3.081s] removing '/home/jetson/ros2_ws/install/robot/lib/python3.8/site-packages/robot-0.0.0-py3.8.egg-info' (and everything under it)
[3.082s] Copying ../../build/robot/robot.egg-info to /home/jetson/ros2_ws/install/robot/lib/python3.8/site-packages/robot-0.0.0-py3.8.egg-info
[3.084s] running install_scripts
[3.138s] Installing encoder_publisher script to /home/jetson/ros2_ws/install/robot/lib/robot
[3.138s] Installing encoder_publisher_left script to /home/jetson/ros2_ws/install/robot/lib/robot
[3.139s] Installing encoder_publisher_right script to /home/jetson/ros2_ws/install/robot/lib/robot
[3.139s] Installing imu_controller script to /home/jetson/ros2_ws/install/robot/lib/robot
[3.140s] Installing motor_controller script to /home/jetson/ros2_ws/install/robot/lib/robot
[3.140s] Installing motor_driver script to /home/jetson/ros2_ws/install/robot/lib/robot
[3.140s] Installing odom_publisher script to /home/jetson/ros2_ws/install/robot/lib/robot
[3.141s] Installing pid_controller script to /home/jetson/ros2_ws/install/robot/lib/robot
[3.141s] Installing velocity_publisher script to /home/jetson/ros2_ws/install/robot/lib/robot
[3.141s] writing list of installed files to '/home/jetson/ros2_ws/build/robot/install.log'
[3.231s] Invoked command in '/home/jetson/ros2_ws/src/robot' returned '0': PYTHONPATH=/home/jetson/ros2_ws/build/robot/prefix_override:/home/jetson/ros2_ws/install/robot/lib/python3.8/site-packages:${PYTHONPATH} /usr/bin/python3 setup.py egg_info --egg-base ../../build/robot build --build-base /home/jetson/ros2_ws/build/robot/build install --record /home/jetson/ros2_ws/build/robot/install.log --install-scripts $base/lib/robot --single-version-externally-managed
