[3.823s] Invoking command in '/home/scott/alpha_ws/src/robot': PYTHONPATH=/home/scott/alpha_ws/build/robot/prefix_override:/home/scott/alpha_ws/install/robot/lib/python3.10/site-packages:${PYTHONPATH} /usr/bin/python3 setup.py egg_info --egg-base ../../build/robot build --build-base /home/scott/alpha_ws/build/robot/build install --record /home/scott/alpha_ws/build/robot/install.log --single-version-externally-managed
[5.107s] running egg_info
[5.110s] writing ../../build/robot/robot.egg-info/PKG-INFO
[5.111s] writing dependency_links to ../../build/robot/robot.egg-info/dependency_links.txt
[5.112s] writing entry points to ../../build/robot/robot.egg-info/entry_points.txt
[5.113s] writing requirements to ../../build/robot/robot.egg-info/requires.txt
[5.114s] writing top-level names to ../../build/robot/robot.egg-info/top_level.txt
[5.124s] reading manifest file '../../build/robot/robot.egg-info/SOURCES.txt'
[5.126s] adding license file 'LICENSE'
[5.129s] writing manifest file '../../build/robot/robot.egg-info/SOURCES.txt'
[5.130s] running build
[5.130s] running build_py
[5.131s] copying robot/pid_controller_right.py -> /home/scott/alpha_ws/build/robot/build/lib/robot
[5.134s] running install
[5.135s] running install_lib
[5.139s] copying /home/scott/alpha_ws/build/robot/build/lib/robot/pid_controller_right.py -> /home/scott/alpha_ws/install/robot/lib/python3.10/site-packages/robot
[5.143s] byte-compiling /home/scott/alpha_ws/install/robot/lib/python3.10/site-packages/robot/pid_controller_right.py to pid_controller_right.cpython-310.pyc
[5.147s] running install_data
[5.150s] running install_egg_info
[5.157s] removing '/home/scott/alpha_ws/install/robot/lib/python3.10/site-packages/robot-0.0.0-py3.10.egg-info' (and everything under it)
[5.159s] Copying ../../build/robot/robot.egg-info to /home/scott/alpha_ws/install/robot/lib/python3.10/site-packages/robot-0.0.0-py3.10.egg-info
[5.165s] running install_scripts
[5.252s] Installing encoder_publisher_right script to /home/scott/alpha_ws/install/robot/lib/robot
[5.253s] Installing motor_controller script to /home/scott/alpha_ws/install/robot/lib/robot
[5.254s] Installing motor_driver script to /home/scott/alpha_ws/install/robot/lib/robot
[5.255s] Installing pid_controller_right script to /home/scott/alpha_ws/install/robot/lib/robot
[5.256s] Installing rpm_publisher_right script to /home/scott/alpha_ws/install/robot/lib/robot
[5.258s] writing list of installed files to '/home/scott/alpha_ws/build/robot/install.log'
[5.390s] Invoked command in '/home/scott/alpha_ws/src/robot' returned '0': PYTHONPATH=/home/scott/alpha_ws/build/robot/prefix_override:/home/scott/alpha_ws/install/robot/lib/python3.10/site-packages:${PYTHONPATH} /usr/bin/python3 setup.py egg_info --egg-base ../../build/robot build --build-base /home/scott/alpha_ws/build/robot/build install --record /home/scott/alpha_ws/build/robot/install.log --single-version-externally-managed
