[4.870s] Invoking command in '/home/scott/alpha_ws/src/robot': PYTHONPATH=/home/scott/alpha_ws/build/robot/prefix_override:/home/scott/alpha_ws/install/robot/lib/python3.10/site-packages:${PYTHONPATH} /usr/bin/python3 setup.py egg_info --egg-base ../../build/robot build --build-base /home/scott/alpha_ws/build/robot/build install --record /home/scott/alpha_ws/build/robot/install.log --single-version-externally-managed
[6.397s] running egg_info
[6.399s] writing ../../build/robot/robot.egg-info/PKG-INFO
[6.402s] writing dependency_links to ../../build/robot/robot.egg-info/dependency_links.txt
[6.403s] writing entry points to ../../build/robot/robot.egg-info/entry_points.txt
[6.404s] writing requirements to ../../build/robot/robot.egg-info/requires.txt
[6.405s] writing top-level names to ../../build/robot/robot.egg-info/top_level.txt
[6.416s] reading manifest file '../../build/robot/robot.egg-info/SOURCES.txt'
[6.419s] adding license file 'LICENSE'
[6.422s] writing manifest file '../../build/robot/robot.egg-info/SOURCES.txt'
[6.423s] running build
[6.423s] running build_py
[6.430s] running install
[6.435s] running install_lib
[6.449s] running install_data
[6.455s] running install_egg_info
[6.464s] removing '/home/scott/alpha_ws/install/robot/lib/python3.10/site-packages/robot-0.0.0-py3.10.egg-info' (and everything under it)
[6.466s] Copying ../../build/robot/robot.egg-info to /home/scott/alpha_ws/install/robot/lib/python3.10/site-packages/robot-0.0.0-py3.10.egg-info
[6.474s] running install_scripts
[6.575s] Installing encoder_publisher_right script to /home/scott/alpha_ws/install/robot/lib/robot
[6.576s] Installing motor_controller script to /home/scott/alpha_ws/install/robot/lib/robot
[6.578s] Installing motor_driver script to /home/scott/alpha_ws/install/robot/lib/robot
[6.579s] Installing pid_controller_right script to /home/scott/alpha_ws/install/robot/lib/robot
[6.581s] Installing rpm_publisher_right script to /home/scott/alpha_ws/install/robot/lib/robot
[6.585s] writing list of installed files to '/home/scott/alpha_ws/build/robot/install.log'
[7.023s] Invoked command in '/home/scott/alpha_ws/src/robot' returned '0': PYTHONPATH=/home/scott/alpha_ws/build/robot/prefix_override:/home/scott/alpha_ws/install/robot/lib/python3.10/site-packages:${PYTHONPATH} /usr/bin/python3 setup.py egg_info --egg-base ../../build/robot build --build-base /home/scott/alpha_ws/build/robot/build install --record /home/scott/alpha_ws/build/robot/install.log --single-version-externally-managed
