[4.021s] Invoking command in '/home/scott/alpha_ws/src/robot': PYTHONPATH=/home/scott/alpha_ws/build/robot/prefix_override:/home/scott/alpha_ws/install/robot/lib/python3.10/site-packages:${PYTHONPATH} /usr/bin/python3 setup.py egg_info --egg-base ../../build/robot build --build-base /home/scott/alpha_ws/build/robot/build install --record /home/scott/alpha_ws/build/robot/install.log --single-version-externally-managed
[5.379s] running egg_info
[5.381s] writing ../../build/robot/robot.egg-info/PKG-INFO
[5.383s] writing dependency_links to ../../build/robot/robot.egg-info/dependency_links.txt
[5.385s] writing entry points to ../../build/robot/robot.egg-info/entry_points.txt
[5.386s] writing requirements to ../../build/robot/robot.egg-info/requires.txt
[5.387s] writing top-level names to ../../build/robot/robot.egg-info/top_level.txt
[5.396s] reading manifest file '../../build/robot/robot.egg-info/SOURCES.txt'
[5.398s] adding license file 'LICENSE'
[5.401s] writing manifest file '../../build/robot/robot.egg-info/SOURCES.txt'
[5.402s] running build
[5.402s] running build_py
[5.404s] copying robot/pid_controller_right.py -> /home/scott/alpha_ws/build/robot/build/lib/robot
[5.407s] copying robot/pid_controller_left.py -> /home/scott/alpha_ws/build/robot/build/lib/robot
[5.410s] running install
[5.411s] running install_lib
[5.416s] copying /home/scott/alpha_ws/build/robot/build/lib/robot/pid_controller_right.py -> /home/scott/alpha_ws/install/robot/lib/python3.10/site-packages/robot
[5.419s] copying /home/scott/alpha_ws/build/robot/build/lib/robot/pid_controller_left.py -> /home/scott/alpha_ws/install/robot/lib/python3.10/site-packages/robot
[5.423s] byte-compiling /home/scott/alpha_ws/install/robot/lib/python3.10/site-packages/robot/pid_controller_right.py to pid_controller_right.cpython-310.pyc
[5.428s] byte-compiling /home/scott/alpha_ws/install/robot/lib/python3.10/site-packages/robot/pid_controller_left.py to pid_controller_left.cpython-310.pyc
[5.431s] running install_data
[5.434s] running install_egg_info
[5.441s] removing '/home/scott/alpha_ws/install/robot/lib/python3.10/site-packages/robot-0.0.0-py3.10.egg-info' (and everything under it)
[5.443s] Copying ../../build/robot/robot.egg-info to /home/scott/alpha_ws/install/robot/lib/python3.10/site-packages/robot-0.0.0-py3.10.egg-info
[5.450s] running install_scripts
[5.537s] Installing encoder_publisher script to /home/scott/alpha_ws/install/robot/lib/robot
[5.538s] Installing encoder_publisher_left script to /home/scott/alpha_ws/install/robot/lib/robot
[5.539s] Installing encoder_publisher_right script to /home/scott/alpha_ws/install/robot/lib/robot
[5.540s] Installing imu_publisher script to /home/scott/alpha_ws/install/robot/lib/robot
[5.541s] Installing motor_controller script to /home/scott/alpha_ws/install/robot/lib/robot
[5.542s] Installing motor_driver script to /home/scott/alpha_ws/install/robot/lib/robot
[5.543s] Installing odom_publisher script to /home/scott/alpha_ws/install/robot/lib/robot
[5.544s] Installing pid_controller_left script to /home/scott/alpha_ws/install/robot/lib/robot
[5.546s] Installing pid_controller_right script to /home/scott/alpha_ws/install/robot/lib/robot
[5.546s] Installing rpm_publisher_left script to /home/scott/alpha_ws/install/robot/lib/robot
[5.547s] Installing rpm_publisher_right script to /home/scott/alpha_ws/install/robot/lib/robot
[5.550s] writing list of installed files to '/home/scott/alpha_ws/build/robot/install.log'
[5.682s] Invoked command in '/home/scott/alpha_ws/src/robot' returned '0': PYTHONPATH=/home/scott/alpha_ws/build/robot/prefix_override:/home/scott/alpha_ws/install/robot/lib/python3.10/site-packages:${PYTHONPATH} /usr/bin/python3 setup.py egg_info --egg-base ../../build/robot build --build-base /home/scott/alpha_ws/build/robot/build install --record /home/scott/alpha_ws/build/robot/install.log --single-version-externally-managed
