[4.168s] Invoking command in '/home/scott/alpha_ws/src/robot': PYTHONPATH=/home/scott/alpha_ws/build/robot/prefix_override:/home/scott/alpha_ws/install/robot/lib/python3.10/site-packages:${PYTHONPATH} /usr/bin/python3 setup.py egg_info --egg-base ../../build/robot build --build-base /home/scott/alpha_ws/build/robot/build install --record /home/scott/alpha_ws/build/robot/install.log --single-version-externally-managed
[5.567s] running egg_info
[5.569s] writing ../../build/robot/robot.egg-info/PKG-INFO
[5.571s] writing dependency_links to ../../build/robot/robot.egg-info/dependency_links.txt
[5.572s] writing entry points to ../../build/robot/robot.egg-info/entry_points.txt
[5.573s] writing requirements to ../../build/robot/robot.egg-info/requires.txt
[5.573s] writing top-level names to ../../build/robot/robot.egg-info/top_level.txt
[5.584s] reading manifest file '../../build/robot/robot.egg-info/SOURCES.txt'
[5.586s] adding license file 'LICENSE'
[5.589s] writing manifest file '../../build/robot/robot.egg-info/SOURCES.txt'
[5.591s] running build
[5.592s] running build_py
[5.592s] copying robot/encoder_publisher_right.py -> /home/scott/alpha_ws/build/robot/build/lib/robot
[5.595s] running install
[5.596s] running install_lib
[5.602s] copying /home/scott/alpha_ws/build/robot/build/lib/robot/encoder_publisher_right.py -> /home/scott/alpha_ws/install/robot/lib/python3.10/site-packages/robot
[5.606s] byte-compiling /home/scott/alpha_ws/install/robot/lib/python3.10/site-packages/robot/encoder_publisher_right.py to encoder_publisher_right.cpython-310.pyc
[5.609s] running install_data
[5.612s] running install_egg_info
[5.619s] removing '/home/scott/alpha_ws/install/robot/lib/python3.10/site-packages/robot-0.0.0-py3.10.egg-info' (and everything under it)
[5.624s] Copying ../../build/robot/robot.egg-info to /home/scott/alpha_ws/install/robot/lib/python3.10/site-packages/robot-0.0.0-py3.10.egg-info
[5.628s] running install_scripts
[5.719s] Installing encoder_publisher_right script to /home/scott/alpha_ws/install/robot/lib/robot
[5.720s] Installing motor_controller script to /home/scott/alpha_ws/install/robot/lib/robot
[5.721s] Installing motor_driver script to /home/scott/alpha_ws/install/robot/lib/robot
[5.723s] Installing pid_controller_right script to /home/scott/alpha_ws/install/robot/lib/robot
[5.724s] Installing rpm_publisher_right script to /home/scott/alpha_ws/install/robot/lib/robot
[5.726s] writing list of installed files to '/home/scott/alpha_ws/build/robot/install.log'
[5.874s] Invoked command in '/home/scott/alpha_ws/src/robot' returned '0': PYTHONPATH=/home/scott/alpha_ws/build/robot/prefix_override:/home/scott/alpha_ws/install/robot/lib/python3.10/site-packages:${PYTHONPATH} /usr/bin/python3 setup.py egg_info --egg-base ../../build/robot build --build-base /home/scott/alpha_ws/build/robot/build install --record /home/scott/alpha_ws/build/robot/install.log --single-version-externally-managed
