[4.303s] Invoking command in '/home/scott/alpha_ws/src/robot': PYTHONPATH=/home/scott/alpha_ws/build/robot/prefix_override:/home/scott/alpha_ws/install/robot/lib/python3.10/site-packages:${PYTHONPATH} /usr/bin/python3 setup.py egg_info --egg-base ../../build/robot build --build-base /home/scott/alpha_ws/build/robot/build install --record /home/scott/alpha_ws/build/robot/install.log --single-version-externally-managed
[5.732s] running egg_info
[5.735s] writing ../../build/robot/robot.egg-info/PKG-INFO
[5.736s] writing dependency_links to ../../build/robot/robot.egg-info/dependency_links.txt
[5.738s] writing entry points to ../../build/robot/robot.egg-info/entry_points.txt
[5.738s] writing requirements to ../../build/robot/robot.egg-info/requires.txt
[5.740s] writing top-level names to ../../build/robot/robot.egg-info/top_level.txt
[5.751s] reading manifest file '../../build/robot/robot.egg-info/SOURCES.txt'
[5.752s] adding license file 'LICENSE'
[5.756s] writing manifest file '../../build/robot/robot.egg-info/SOURCES.txt'
[5.757s] running build
[5.757s] running build_py
[5.760s] running install
[5.761s] running install_lib
[5.769s] running install_data
[5.772s] running install_egg_info
[5.781s] removing '/home/scott/alpha_ws/install/robot/lib/python3.10/site-packages/robot-0.0.0-py3.10.egg-info' (and everything under it)
[5.784s] Copying ../../build/robot/robot.egg-info to /home/scott/alpha_ws/install/robot/lib/python3.10/site-packages/robot-0.0.0-py3.10.egg-info
[5.790s] running install_scripts
[5.882s] Installing encoder_publisher_right script to /home/scott/alpha_ws/install/robot/lib/robot
[5.884s] Installing motor_controller script to /home/scott/alpha_ws/install/robot/lib/robot
[5.885s] Installing motor_driver script to /home/scott/alpha_ws/install/robot/lib/robot
[5.886s] Installing pid_controller_right script to /home/scott/alpha_ws/install/robot/lib/robot
[5.887s] Installing rpm_publisher_right script to /home/scott/alpha_ws/install/robot/lib/robot
[5.889s] writing list of installed files to '/home/scott/alpha_ws/build/robot/install.log'
[6.038s] Invoked command in '/home/scott/alpha_ws/src/robot' returned '0': PYTHONPATH=/home/scott/alpha_ws/build/robot/prefix_override:/home/scott/alpha_ws/install/robot/lib/python3.10/site-packages:${PYTHONPATH} /usr/bin/python3 setup.py egg_info --egg-base ../../build/robot build --build-base /home/scott/alpha_ws/build/robot/build install --record /home/scott/alpha_ws/build/robot/install.log --single-version-externally-managed
