[2.556s] Invoking command in '/home/jetson/beta_ws/src/robot': PYTHONPATH=/home/jetson/beta_ws/build/robot/prefix_override:/home/jetson/beta_ws/install/robot/lib/python3.8/site-packages:${PYTHONPATH} /usr/bin/python3 setup.py egg_info --egg-base ../../build/robot build --build-base /home/jetson/beta_ws/build/robot/build install --record /home/jetson/beta_ws/build/robot/install.log --install-scripts $base/lib/robot --single-version-externally-managed
[3.302s] running egg_info
[3.304s] writing ../../build/robot/robot.egg-info/PKG-INFO
[3.306s] writing dependency_links to ../../build/robot/robot.egg-info/dependency_links.txt
[3.306s] writing entry points to ../../build/robot/robot.egg-info/entry_points.txt
[3.307s] writing requirements to ../../build/robot/robot.egg-info/requires.txt
[3.307s] writing top-level names to ../../build/robot/robot.egg-info/top_level.txt
[3.432s] reading manifest file '../../build/robot/robot.egg-info/SOURCES.txt'
[3.435s] writing manifest file '../../build/robot/robot.egg-info/SOURCES.txt'
[3.436s] running build
[3.437s] running build_py
[3.437s] copying robot/motor_controller.py -> /home/jetson/beta_ws/build/robot/build/lib/robot
[3.437s] running install
[3.439s] running install_lib
[3.443s] copying /home/jetson/beta_ws/build/robot/build/lib/robot/motor_controller.py -> /home/jetson/beta_ws/install/robot/lib/python3.8/site-packages/robot
[3.446s] byte-compiling /home/jetson/beta_ws/install/robot/lib/python3.8/site-packages/robot/motor_controller.py to motor_controller.cpython-38.pyc
[3.451s] running install_data
[3.453s] running install_egg_info
[3.458s] removing '/home/jetson/beta_ws/install/robot/lib/python3.8/site-packages/robot-0.0.0-py3.8.egg-info' (and everything under it)
[3.459s] Copying ../../build/robot/robot.egg-info to /home/jetson/beta_ws/install/robot/lib/python3.8/site-packages/robot-0.0.0-py3.8.egg-info
[3.462s] running install_scripts
[3.517s] Installing motor_controller script to /home/jetson/beta_ws/install/robot/lib/robot
[3.518s] Installing motor_driver script to /home/jetson/beta_ws/install/robot/lib/robot
[3.519s] writing list of installed files to '/home/jetson/beta_ws/build/robot/install.log'
[3.623s] Invoked command in '/home/jetson/beta_ws/src/robot' returned '0': PYTHONPATH=/home/jetson/beta_ws/build/robot/prefix_override:/home/jetson/beta_ws/install/robot/lib/python3.8/site-packages:${PYTHONPATH} /usr/bin/python3 setup.py egg_info --egg-base ../../build/robot build --build-base /home/jetson/beta_ws/build/robot/build install --record /home/jetson/beta_ws/build/robot/install.log --install-scripts $base/lib/robot --single-version-externally-managed
