[4.563s] Invoking command in '/home/jetson/ros2_ws/build/robot_bringup': PYTHONPATH=/home/jetson/ros2_ws/build/robot_bringup/prefix_override:/home/jetson/ros2_ws/install/robot_bringup/lib/python3.8/site-packages:${PYTHONPATH} /usr/bin/python3 setup.py develop --uninstall --editable --build-directory /home/jetson/ros2_ws/build/robot_bringup/build
[5.550s] running develop
[6.286s] Invoked command in '/home/jetson/ros2_ws/build/robot_bringup' returned '0': PYTHONPATH=/home/jetson/ros2_ws/build/robot_bringup/prefix_override:/home/jetson/ros2_ws/install/robot_bringup/lib/python3.8/site-packages:${PYTHONPATH} /usr/bin/python3 setup.py develop --uninstall --editable --build-directory /home/jetson/ros2_ws/build/robot_bringup/build
[6.289s] Invoking command in '/home/jetson/ros2_ws/src/robot_bringup': PYTHONPATH=/home/jetson/ros2_ws/build/robot_bringup/prefix_override:/home/jetson/ros2_ws/install/robot_bringup/lib/python3.8/site-packages:${PYTHONPATH} /usr/bin/python3 setup.py egg_info --egg-base ../../build/robot_bringup build --build-base /home/jetson/ros2_ws/build/robot_bringup/build install --record /home/jetson/ros2_ws/build/robot_bringup/install.log --single-version-externally-managed
[7.154s] running egg_info
[7.157s] writing ../../build/robot_bringup/robot_bringup.egg-info/PKG-INFO
[7.159s] writing dependency_links to ../../build/robot_bringup/robot_bringup.egg-info/dependency_links.txt
[7.161s] writing entry points to ../../build/robot_bringup/robot_bringup.egg-info/entry_points.txt
[7.162s] writing requirements to ../../build/robot_bringup/robot_bringup.egg-info/requires.txt
[7.162s] writing top-level names to ../../build/robot_bringup/robot_bringup.egg-info/top_level.txt
[7.316s] reading manifest file '../../build/robot_bringup/robot_bringup.egg-info/SOURCES.txt'
[7.322s] writing manifest file '../../build/robot_bringup/robot_bringup.egg-info/SOURCES.txt'
[7.322s] running build
[7.323s] running build_py
[7.323s] running install
[7.327s] running install_lib
[7.330s] running install_data
[7.336s] copying config/ekf_params.yaml -> /home/jetson/ros2_ws/install/robot_bringup/share/robot_bringup/config
[7.337s] running install_egg_info
[7.340s] removing '/home/jetson/ros2_ws/install/robot_bringup/lib/python3.8/site-packages/robot_bringup-0.0.0-py3.8.egg-info' (and everything under it)
[7.341s] Copying ../../build/robot_bringup/robot_bringup.egg-info to /home/jetson/ros2_ws/install/robot_bringup/lib/python3.8/site-packages/robot_bringup-0.0.0-py3.8.egg-info
[7.344s] running install_scripts
[7.406s] writing list of installed files to '/home/jetson/ros2_ws/build/robot_bringup/install.log'
[7.519s] Invoked command in '/home/jetson/ros2_ws/src/robot_bringup' returned '0': PYTHONPATH=/home/jetson/ros2_ws/build/robot_bringup/prefix_override:/home/jetson/ros2_ws/install/robot_bringup/lib/python3.8/site-packages:${PYTHONPATH} /usr/bin/python3 setup.py egg_info --egg-base ../../build/robot_bringup build --build-base /home/jetson/ros2_ws/build/robot_bringup/build install --record /home/jetson/ros2_ws/build/robot_bringup/install.log --single-version-externally-managed
