[4.018s] Invoking command in '/home/scott/alpha_ws/src/robot': PYTHONPATH=/home/scott/alpha_ws/build/robot/prefix_override:/home/scott/alpha_ws/install/robot/lib/python3.10/site-packages:${PYTHONPATH} /usr/bin/python3 setup.py egg_info --egg-base ../../build/robot build --build-base /home/scott/alpha_ws/build/robot/build install --record /home/scott/alpha_ws/build/robot/install.log --single-version-externally-managed
[5.372s] running egg_info
[5.375s] writing ../../build/robot/robot.egg-info/PKG-INFO
[5.376s] writing dependency_links to ../../build/robot/robot.egg-info/dependency_links.txt
[5.378s] writing entry points to ../../build/robot/robot.egg-info/entry_points.txt
[5.379s] writing requirements to ../../build/robot/robot.egg-info/requires.txt
[5.380s] writing top-level names to ../../build/robot/robot.egg-info/top_level.txt
[5.390s] reading manifest file '../../build/robot/robot.egg-info/SOURCES.txt'
[5.391s] adding license file 'LICENSE'
[5.395s] writing manifest file '../../build/robot/robot.egg-info/SOURCES.txt'
[5.396s] running build
[5.397s] running build_py
[5.398s] copying robot/pid_controller_right.py -> /home/scott/alpha_ws/build/robot/build/lib/robot
[5.401s] copying robot/pid_controller_left.py -> /home/scott/alpha_ws/build/robot/build/lib/robot
[5.403s] running install
[5.405s] running install_lib
[5.409s] copying /home/scott/alpha_ws/build/robot/build/lib/robot/pid_controller_right.py -> /home/scott/alpha_ws/install/robot/lib/python3.10/site-packages/robot
[5.412s] copying /home/scott/alpha_ws/build/robot/build/lib/robot/pid_controller_left.py -> /home/scott/alpha_ws/install/robot/lib/python3.10/site-packages/robot
[5.416s] byte-compiling /home/scott/alpha_ws/install/robot/lib/python3.10/site-packages/robot/pid_controller_right.py to pid_controller_right.cpython-310.pyc
[5.421s] byte-compiling /home/scott/alpha_ws/install/robot/lib/python3.10/site-packages/robot/pid_controller_left.py to pid_controller_left.cpython-310.pyc
[5.425s] running install_data
[5.427s] running install_egg_info
[5.435s] removing '/home/scott/alpha_ws/install/robot/lib/python3.10/site-packages/robot-0.0.0-py3.10.egg-info' (and everything under it)
[5.437s] Copying ../../build/robot/robot.egg-info to /home/scott/alpha_ws/install/robot/lib/python3.10/site-packages/robot-0.0.0-py3.10.egg-info
[5.444s] running install_scripts
[5.530s] Installing encoder_publisher script to /home/scott/alpha_ws/install/robot/lib/robot
[5.531s] Installing encoder_publisher_left script to /home/scott/alpha_ws/install/robot/lib/robot
[5.532s] Installing encoder_publisher_right script to /home/scott/alpha_ws/install/robot/lib/robot
[5.533s] Installing imu_publisher script to /home/scott/alpha_ws/install/robot/lib/robot
[5.534s] Installing motor_controller script to /home/scott/alpha_ws/install/robot/lib/robot
[5.535s] Installing motor_driver script to /home/scott/alpha_ws/install/robot/lib/robot
[5.536s] Installing odom_publisher script to /home/scott/alpha_ws/install/robot/lib/robot
[5.537s] Installing pid_controller_left script to /home/scott/alpha_ws/install/robot/lib/robot
[5.538s] Installing pid_controller_right script to /home/scott/alpha_ws/install/robot/lib/robot
[5.539s] Installing rpm_publisher_left script to /home/scott/alpha_ws/install/robot/lib/robot
[5.540s] Installing rpm_publisher_right script to /home/scott/alpha_ws/install/robot/lib/robot
[5.543s] writing list of installed files to '/home/scott/alpha_ws/build/robot/install.log'
[5.675s] Invoked command in '/home/scott/alpha_ws/src/robot' returned '0': PYTHONPATH=/home/scott/alpha_ws/build/robot/prefix_override:/home/scott/alpha_ws/install/robot/lib/python3.10/site-packages:${PYTHONPATH} /usr/bin/python3 setup.py egg_info --egg-base ../../build/robot build --build-base /home/scott/alpha_ws/build/robot/build install --record /home/scott/alpha_ws/build/robot/install.log --single-version-externally-managed
