[1.102s] DEBUG:colcon:Command line arguments: ['/usr/bin/colcon', 'build']
[1.102s] DEBUG:colcon:Parsed command line arguments: Namespace(allow_overriding=[], ament_cmake_args=None, base_paths=['.'], build_base='build', catkin_cmake_args=None, catkin_skip_building_tests=False, cmake_args=None, cmake_clean_cache=False, cmake_clean_first=False, cmake_force_configure=False, cmake_target=None, cmake_target_skip_unavailable=False, continue_on_error=False, event_handlers=None, executor='parallel', ignore_user_meta=False, install_base='install', log_base=None, log_level=None, main=<bound method BuildVerb.main of <colcon_core.verb.build.BuildVerb object at 0x7fad5a85b0>>, merge_install=False, metas=['./colcon.meta'], packages_above=None, packages_above_and_dependencies=None, packages_above_depth=None, packages_end=None, packages_ignore=None, packages_ignore_regex=None, packages_select=None, packages_select_build_failed=False, packages_select_by_dep=None, packages_select_regex=None, packages_select_test_failures=False, packages_skip=None, packages_skip_build_finished=False, packages_skip_by_dep=None, packages_skip_regex=None, packages_skip_test_passed=False, packages_skip_up_to=None, packages_start=None, packages_up_to=None, packages_up_to_regex=None, parallel_workers=4, paths=None, symlink_install=False, test_result_base=None, verb_extension=<colcon_core.verb.build.BuildVerb object at 0x7fad5a85b0>, verb_name='build', verb_parser=<colcon_defaults.argument_parser.defaults.DefaultArgumentsDecorator object at 0x7fad5a8af0>)
[1.200s] Level 1:colcon.colcon_core.package_discovery:discover_packages(colcon_meta) check parameters
[1.200s] Level 1:colcon.colcon_core.package_discovery:discover_packages(recursive) check parameters
[1.200s] Level 1:colcon.colcon_core.package_discovery:discover_packages(ignore) check parameters
[1.200s] Level 1:colcon.colcon_core.package_discovery:discover_packages(path) check parameters
[1.200s] Level 1:colcon.colcon_core.package_discovery:discover_packages(colcon_meta) discover
[1.201s] Level 1:colcon.colcon_core.package_discovery:discover_packages(recursive) discover
[1.201s] INFO:colcon.colcon_core.package_discovery:Crawling recursively for packages in '/home/jetson/beta_ws'
[1.201s] Level 1:colcon.colcon_core.package_identification:_identify(.) by extensions ['ignore', 'ignore_ament_install']
[1.201s] Level 1:colcon.colcon_core.package_identification:_identify(.) by extension 'ignore'
[1.202s] Level 1:colcon.colcon_core.package_identification:_identify(.) by extension 'ignore_ament_install'
[1.202s] Level 1:colcon.colcon_core.package_identification:_identify(.) by extensions ['colcon_pkg']
[1.202s] Level 1:colcon.colcon_core.package_identification:_identify(.) by extension 'colcon_pkg'
[1.202s] Level 1:colcon.colcon_core.package_identification:_identify(.) by extensions ['colcon_meta']
[1.202s] Level 1:colcon.colcon_core.package_identification:_identify(.) by extension 'colcon_meta'
[1.202s] Level 1:colcon.colcon_core.package_identification:_identify(.) by extensions ['ros']
[1.202s] Level 1:colcon.colcon_core.package_identification:_identify(.) by extension 'ros'
[1.276s] Level 1:colcon.colcon_core.package_identification:_identify(.) by extensions ['cmake', 'python']
[1.276s] Level 1:colcon.colcon_core.package_identification:_identify(.) by extension 'cmake'
[1.277s] Level 1:colcon.colcon_core.package_identification:_identify(.) by extension 'python'
[1.277s] Level 1:colcon.colcon_core.package_identification:_identify(.) by extensions ['python_setup_py']
[1.277s] Level 1:colcon.colcon_core.package_identification:_identify(.) by extension 'python_setup_py'
[1.277s] Level 1:colcon.colcon_core.package_identification:_identify(build) by extensions ['ignore', 'ignore_ament_install']
[1.278s] Level 1:colcon.colcon_core.package_identification:_identify(build) by extension 'ignore'
[1.278s] Level 1:colcon.colcon_core.package_identification:_identify(build) ignored
[1.279s] Level 1:colcon.colcon_core.package_identification:_identify(install) by extensions ['ignore', 'ignore_ament_install']
[1.279s] Level 1:colcon.colcon_core.package_identification:_identify(install) by extension 'ignore'
[1.279s] Level 1:colcon.colcon_core.package_identification:_identify(install) ignored
[1.280s] Level 1:colcon.colcon_core.package_identification:_identify(log) by extensions ['ignore', 'ignore_ament_install']
[1.280s] Level 1:colcon.colcon_core.package_identification:_identify(log) by extension 'ignore'
[1.280s] Level 1:colcon.colcon_core.package_identification:_identify(log) ignored
[1.280s] Level 1:colcon.colcon_core.package_identification:_identify(src) by extensions ['ignore', 'ignore_ament_install']
[1.280s] Level 1:colcon.colcon_core.package_identification:_identify(src) by extension 'ignore'
[1.281s] Level 1:colcon.colcon_core.package_identification:_identify(src) by extension 'ignore_ament_install'
[1.281s] Level 1:colcon.colcon_core.package_identification:_identify(src) by extensions ['colcon_pkg']
[1.281s] Level 1:colcon.colcon_core.package_identification:_identify(src) by extension 'colcon_pkg'
[1.281s] Level 1:colcon.colcon_core.package_identification:_identify(src) by extensions ['colcon_meta']
[1.281s] Level 1:colcon.colcon_core.package_identification:_identify(src) by extension 'colcon_meta'
[1.281s] Level 1:colcon.colcon_core.package_identification:_identify(src) by extensions ['ros']
[1.281s] Level 1:colcon.colcon_core.package_identification:_identify(src) by extension 'ros'
[1.282s] Level 1:colcon.colcon_core.package_identification:_identify(src) by extensions ['cmake', 'python']
[1.282s] Level 1:colcon.colcon_core.package_identification:_identify(src) by extension 'cmake'
[1.282s] Level 1:colcon.colcon_core.package_identification:_identify(src) by extension 'python'
[1.282s] Level 1:colcon.colcon_core.package_identification:_identify(src) by extensions ['python_setup_py']
[1.282s] Level 1:colcon.colcon_core.package_identification:_identify(src) by extension 'python_setup_py'
[1.283s] Level 1:colcon.colcon_core.package_identification:_identify(src/robot) by extensions ['ignore', 'ignore_ament_install']
[1.283s] Level 1:colcon.colcon_core.package_identification:_identify(src/robot) by extension 'ignore'
[1.283s] Level 1:colcon.colcon_core.package_identification:_identify(src/robot) by extension 'ignore_ament_install'
[1.283s] Level 1:colcon.colcon_core.package_identification:_identify(src/robot) by extensions ['colcon_pkg']
[1.283s] Level 1:colcon.colcon_core.package_identification:_identify(src/robot) by extension 'colcon_pkg'
[1.283s] Level 1:colcon.colcon_core.package_identification:_identify(src/robot) by extensions ['colcon_meta']
[1.284s] Level 1:colcon.colcon_core.package_identification:_identify(src/robot) by extension 'colcon_meta'
[1.284s] Level 1:colcon.colcon_core.package_identification:_identify(src/robot) by extensions ['ros']
[1.284s] Level 1:colcon.colcon_core.package_identification:_identify(src/robot) by extension 'ros'
[1.292s] DEBUG:colcon.colcon_core.package_identification:Package 'src/robot' with type 'ros.ament_python' and name 'robot'
[1.292s] Level 1:colcon.colcon_core.package_identification:_identify(src/robot_interfaces) by extensions ['ignore', 'ignore_ament_install']
[1.293s] Level 1:colcon.colcon_core.package_identification:_identify(src/robot_interfaces) by extension 'ignore'
[1.293s] Level 1:colcon.colcon_core.package_identification:_identify(src/robot_interfaces) by extension 'ignore_ament_install'
[1.293s] Level 1:colcon.colcon_core.package_identification:_identify(src/robot_interfaces) by extensions ['colcon_pkg']
[1.293s] Level 1:colcon.colcon_core.package_identification:_identify(src/robot_interfaces) by extension 'colcon_pkg'
[1.293s] Level 1:colcon.colcon_core.package_identification:_identify(src/robot_interfaces) by extensions ['colcon_meta']
[1.293s] Level 1:colcon.colcon_core.package_identification:_identify(src/robot_interfaces) by extension 'colcon_meta'
[1.294s] Level 1:colcon.colcon_core.package_identification:_identify(src/robot_interfaces) by extensions ['ros']
[1.294s] Level 1:colcon.colcon_core.package_identification:_identify(src/robot_interfaces) by extension 'ros'
[1.295s] DEBUG:colcon.colcon_core.package_identification:Package 'src/robot_interfaces' with type 'ros.ament_cmake' and name 'robot_interfaces'
[1.296s] Level 1:colcon.colcon_core.package_discovery:discover_packages(recursive) using defaults
[1.296s] Level 1:colcon.colcon_core.package_discovery:discover_packages(ignore) discover
[1.296s] Level 1:colcon.colcon_core.package_discovery:discover_packages(ignore) using defaults
[1.296s] Level 1:colcon.colcon_core.package_discovery:discover_packages(path) discover
[1.296s] Level 1:colcon.colcon_core.package_discovery:discover_packages(path) using defaults
[1.366s] Level 1:colcon.colcon_core.package_discovery:discover_packages(prefix_path) check parameters
[1.366s] Level 1:colcon.colcon_core.package_discovery:discover_packages(prefix_path) discover
[1.376s] DEBUG:colcon.colcon_installed_package_information.package_discovery:Found 3 installed packages in /home/jetson/beta_ws/install
[1.385s] DEBUG:colcon.colcon_installed_package_information.package_discovery:Found 335 installed packages in /opt/ros/foxy
[1.394s] Level 1:colcon.colcon_core.package_discovery:discover_packages(prefix_path) using defaults
[1.668s] Level 5:colcon.colcon_core.verb:set package 'robot' build argument 'cmake_args' from command line to 'None'
[1.668s] Level 5:colcon.colcon_core.verb:set package 'robot' build argument 'cmake_target' from command line to 'None'
[1.669s] Level 5:colcon.colcon_core.verb:set package 'robot' build argument 'cmake_target_skip_unavailable' from command line to 'False'
[1.669s] Level 5:colcon.colcon_core.verb:set package 'robot' build argument 'cmake_clean_cache' from command line to 'False'
[1.669s] Level 5:colcon.colcon_core.verb:set package 'robot' build argument 'cmake_clean_first' from command line to 'False'
[1.669s] Level 5:colcon.colcon_core.verb:set package 'robot' build argument 'cmake_force_configure' from command line to 'False'
[1.669s] Level 5:colcon.colcon_core.verb:set package 'robot' build argument 'ament_cmake_args' from command line to 'None'
[1.669s] Level 5:colcon.colcon_core.verb:set package 'robot' build argument 'catkin_cmake_args' from command line to 'None'
[1.669s] Level 5:colcon.colcon_core.verb:set package 'robot' build argument 'catkin_skip_building_tests' from command line to 'False'
[1.669s] DEBUG:colcon.colcon_core.verb:Building package 'robot' with the following arguments: {'ament_cmake_args': None, 'build_base': '/home/jetson/beta_ws/build/robot', 'catkin_cmake_args': None, 'catkin_skip_building_tests': False, 'cmake_args': None, 'cmake_clean_cache': False, 'cmake_clean_first': False, 'cmake_force_configure': False, 'cmake_target': None, 'cmake_target_skip_unavailable': False, 'install_base': '/home/jetson/beta_ws/install/robot', 'merge_install': False, 'path': '/home/jetson/beta_ws/src/robot', 'symlink_install': False, 'test_result_base': None}
[1.673s] Level 5:colcon.colcon_core.verb:set package 'robot_interfaces' build argument 'cmake_args' from command line to 'None'
[1.674s] Level 5:colcon.colcon_core.verb:set package 'robot_interfaces' build argument 'cmake_target' from command line to 'None'
[1.674s] Level 5:colcon.colcon_core.verb:set package 'robot_interfaces' build argument 'cmake_target_skip_unavailable' from command line to 'False'
[1.674s] Level 5:colcon.colcon_core.verb:set package 'robot_interfaces' build argument 'cmake_clean_cache' from command line to 'False'
[1.674s] Level 5:colcon.colcon_core.verb:set package 'robot_interfaces' build argument 'cmake_clean_first' from command line to 'False'
[1.674s] Level 5:colcon.colcon_core.verb:set package 'robot_interfaces' build argument 'cmake_force_configure' from command line to 'False'
[1.674s] Level 5:colcon.colcon_core.verb:set package 'robot_interfaces' build argument 'ament_cmake_args' from command line to 'None'
[1.674s] Level 5:colcon.colcon_core.verb:set package 'robot_interfaces' build argument 'catkin_cmake_args' from command line to 'None'
[1.674s] Level 5:colcon.colcon_core.verb:set package 'robot_interfaces' build argument 'catkin_skip_building_tests' from command line to 'False'
[1.674s] DEBUG:colcon.colcon_core.verb:Building package 'robot_interfaces' with the following arguments: {'ament_cmake_args': None, 'build_base': '/home/jetson/beta_ws/build/robot_interfaces', 'catkin_cmake_args': None, 'catkin_skip_building_tests': False, 'cmake_args': None, 'cmake_clean_cache': False, 'cmake_clean_first': False, 'cmake_force_configure': False, 'cmake_target': None, 'cmake_target_skip_unavailable': False, 'install_base': '/home/jetson/beta_ws/install/robot_interfaces', 'merge_install': False, 'path': '/home/jetson/beta_ws/src/robot_interfaces', 'symlink_install': False, 'test_result_base': None}
[1.677s] INFO:colcon.colcon_core.executor:Executing jobs using 'parallel' executor
[1.690s] DEBUG:colcon.colcon_parallel_executor.executor.parallel:run_until_complete
[1.691s] INFO:colcon.colcon_ros.task.ament_python.build:Building ROS package in '/home/jetson/beta_ws/src/robot' with build type 'ament_python'
[1.692s] Level 1:colcon.colcon_core.shell:create_environment_hook('robot', 'ament_prefix_path')
[1.713s] INFO:colcon.colcon_core.plugin_system:Skipping extension 'colcon_core.shell.bat': Not used on non-Windows systems
[1.714s] INFO:colcon.colcon_core.shell:Creating environment hook '/home/jetson/beta_ws/install/robot/share/robot/hook/ament_prefix_path.ps1'
[1.716s] INFO:colcon.colcon_core.shell:Creating environment descriptor '/home/jetson/beta_ws/install/robot/share/robot/hook/ament_prefix_path.dsv'
[1.718s] INFO:colcon.colcon_core.shell:Creating environment hook '/home/jetson/beta_ws/install/robot/share/robot/hook/ament_prefix_path.sh'
[1.726s] INFO:colcon.colcon_core.shell:Skip shell extension 'powershell' for command environment: Not usable outside of PowerShell
[1.726s] DEBUG:colcon.colcon_core.shell:Skip shell extension 'dsv' for command environment
[1.750s] INFO:colcon.colcon_ros.task.ament_cmake.build:Building ROS package in '/home/jetson/beta_ws/src/robot_interfaces' with build type 'ament_cmake'
[1.751s] INFO:colcon.colcon_cmake.task.cmake.build:Building CMake package in '/home/jetson/beta_ws/src/robot_interfaces'
[1.758s] INFO:colcon.colcon_core.shell:Skip shell extension 'powershell' for command environment: Not usable outside of PowerShell
[1.758s] DEBUG:colcon.colcon_core.shell:Skip shell extension 'dsv' for command environment
[2.598s] INFO:colcon.colcon_core.task.python.build:Building Python package in '/home/jetson/beta_ws/src/robot'
[2.605s] INFO:colcon.colcon_core.shell:Skip shell extension 'powershell' for command environment: Not usable outside of PowerShell
[2.605s] DEBUG:colcon.colcon_core.shell:Skip shell extension 'dsv' for command environment
[2.641s] DEBUG:colcon.colcon_core.event_handler.log_command:Invoking command in '/home/jetson/beta_ws/build/robot_interfaces': CMAKE_PREFIX_PATH=${CMAKE_PREFIX_PATH}:/home/jetson/beta_ws/install/robot:/home/jetson/beta_ws/install/beta:/opt/ros/foxy /usr/bin/cmake --build /home/jetson/beta_ws/build/robot_interfaces -- -j4 -l4
[3.380s] DEBUG:colcon.colcon_core.event_handler.log_command:Invoked command in '/home/jetson/beta_ws/build/robot_interfaces' returned '0': CMAKE_PREFIX_PATH=${CMAKE_PREFIX_PATH}:/home/jetson/beta_ws/install/robot:/home/jetson/beta_ws/install/beta:/opt/ros/foxy /usr/bin/cmake --build /home/jetson/beta_ws/build/robot_interfaces -- -j4 -l4
[3.612s] DEBUG:colcon.colcon_core.event_handler.log_command:Invoking command in '/home/jetson/beta_ws/build/robot_interfaces': CMAKE_PREFIX_PATH=${CMAKE_PREFIX_PATH}:/home/jetson/beta_ws/install/robot:/home/jetson/beta_ws/install/beta:/opt/ros/foxy /usr/bin/cmake --install /home/jetson/beta_ws/build/robot_interfaces
[3.807s] Level 1:colcon.colcon_core.environment:create_environment_scripts_only(robot_interfaces)
[3.809s] DEBUG:colcon.colcon_core.event_handler.log_command:Invoked command in '/home/jetson/beta_ws/build/robot_interfaces' returned '0': CMAKE_PREFIX_PATH=${CMAKE_PREFIX_PATH}:/home/jetson/beta_ws/install/robot:/home/jetson/beta_ws/install/beta:/opt/ros/foxy /usr/bin/cmake --install /home/jetson/beta_ws/build/robot_interfaces
[3.827s] Level 1:colcon.colcon_core.environment:checking '/home/jetson/beta_ws/install/robot_interfaces' for CMake module files
[3.834s] Level 1:colcon.colcon_core.environment:checking '/home/jetson/beta_ws/install/robot_interfaces' for CMake config files
[3.837s] Level 1:colcon.colcon_core.shell:create_environment_hook('robot_interfaces', 'cmake_prefix_path')
[3.843s] INFO:colcon.colcon_core.shell:Creating environment hook '/home/jetson/beta_ws/install/robot_interfaces/share/robot_interfaces/hook/cmake_prefix_path.ps1'
[3.845s] INFO:colcon.colcon_core.shell:Creating environment descriptor '/home/jetson/beta_ws/install/robot_interfaces/share/robot_interfaces/hook/cmake_prefix_path.dsv'
[3.846s] INFO:colcon.colcon_core.shell:Creating environment hook '/home/jetson/beta_ws/install/robot_interfaces/share/robot_interfaces/hook/cmake_prefix_path.sh'
[3.849s] Level 1:colcon.colcon_core.environment:checking '/home/jetson/beta_ws/install/robot_interfaces/lib'
[3.850s] Level 1:colcon.colcon_core.shell:create_environment_hook('robot_interfaces', 'ld_library_path_lib')
[3.856s] INFO:colcon.colcon_core.shell:Creating environment hook '/home/jetson/beta_ws/install/robot_interfaces/share/robot_interfaces/hook/ld_library_path_lib.ps1'
[3.857s] INFO:colcon.colcon_core.shell:Creating environment descriptor '/home/jetson/beta_ws/install/robot_interfaces/share/robot_interfaces/hook/ld_library_path_lib.dsv'
[3.859s] INFO:colcon.colcon_core.shell:Creating environment hook '/home/jetson/beta_ws/install/robot_interfaces/share/robot_interfaces/hook/ld_library_path_lib.sh'
[3.860s] Level 1:colcon.colcon_core.environment:checking '/home/jetson/beta_ws/install/robot_interfaces/bin'
[3.861s] Level 1:colcon.colcon_core.environment:checking '/home/jetson/beta_ws/install/robot_interfaces/lib/pkgconfig/robot_interfaces.pc'
[3.861s] Level 1:colcon.colcon_core.environment:checking '/home/jetson/beta_ws/install/robot_interfaces/lib/python3.8/site-packages'
[3.862s] Level 1:colcon.colcon_core.shell:create_environment_hook('robot_interfaces', 'pythonpath')
[3.867s] INFO:colcon.colcon_core.shell:Creating environment hook '/home/jetson/beta_ws/install/robot_interfaces/share/robot_interfaces/hook/pythonpath.ps1'
[3.869s] INFO:colcon.colcon_core.shell:Creating environment descriptor '/home/jetson/beta_ws/install/robot_interfaces/share/robot_interfaces/hook/pythonpath.dsv'
[3.870s] INFO:colcon.colcon_core.shell:Creating environment hook '/home/jetson/beta_ws/install/robot_interfaces/share/robot_interfaces/hook/pythonpath.sh'
[3.873s] Level 1:colcon.colcon_core.environment:checking '/home/jetson/beta_ws/install/robot_interfaces/bin'
[3.879s] INFO:colcon.colcon_core.shell:Creating package script '/home/jetson/beta_ws/install/robot_interfaces/share/robot_interfaces/package.ps1'
[3.882s] INFO:colcon.colcon_core.shell:Creating package descriptor '/home/jetson/beta_ws/install/robot_interfaces/share/robot_interfaces/package.dsv'
[3.885s] INFO:colcon.colcon_core.shell:Creating package script '/home/jetson/beta_ws/install/robot_interfaces/share/robot_interfaces/package.sh'
[3.888s] INFO:colcon.colcon_core.shell:Creating package script '/home/jetson/beta_ws/install/robot_interfaces/share/robot_interfaces/package.bash'
[3.892s] INFO:colcon.colcon_core.shell:Creating package script '/home/jetson/beta_ws/install/robot_interfaces/share/robot_interfaces/package.zsh'
[3.894s] Level 1:colcon.colcon_core.environment:create_file_with_runtime_dependencies(/home/jetson/beta_ws/install/robot_interfaces/share/colcon-core/packages/robot_interfaces)
[4.098s] Level 1:colcon.colcon_core.environment:create_environment_scripts_only(robot_interfaces)
[4.108s] Level 1:colcon.colcon_core.environment:checking '/home/jetson/beta_ws/install/robot_interfaces' for CMake module files
[4.112s] Level 1:colcon.colcon_core.environment:checking '/home/jetson/beta_ws/install/robot_interfaces' for CMake config files
[4.115s] Level 1:colcon.colcon_core.shell:create_environment_hook('robot_interfaces', 'cmake_prefix_path')
[4.122s] INFO:colcon.colcon_core.shell:Creating environment hook '/home/jetson/beta_ws/install/robot_interfaces/share/robot_interfaces/hook/cmake_prefix_path.ps1'
[4.123s] INFO:colcon.colcon_core.shell:Creating environment descriptor '/home/jetson/beta_ws/install/robot_interfaces/share/robot_interfaces/hook/cmake_prefix_path.dsv'
[4.125s] INFO:colcon.colcon_core.shell:Creating environment hook '/home/jetson/beta_ws/install/robot_interfaces/share/robot_interfaces/hook/cmake_prefix_path.sh'
[4.127s] Level 1:colcon.colcon_core.environment:checking '/home/jetson/beta_ws/install/robot_interfaces/lib'
[4.127s] Level 1:colcon.colcon_core.shell:create_environment_hook('robot_interfaces', 'ld_library_path_lib')
[4.135s] INFO:colcon.colcon_core.shell:Creating environment hook '/home/jetson/beta_ws/install/robot_interfaces/share/robot_interfaces/hook/ld_library_path_lib.ps1'
[4.136s] INFO:colcon.colcon_core.shell:Creating environment descriptor '/home/jetson/beta_ws/install/robot_interfaces/share/robot_interfaces/hook/ld_library_path_lib.dsv'
[4.138s] INFO:colcon.colcon_core.shell:Creating environment hook '/home/jetson/beta_ws/install/robot_interfaces/share/robot_interfaces/hook/ld_library_path_lib.sh'
[4.140s] Level 1:colcon.colcon_core.environment:checking '/home/jetson/beta_ws/install/robot_interfaces/bin'
[4.140s] Level 1:colcon.colcon_core.environment:checking '/home/jetson/beta_ws/install/robot_interfaces/lib/pkgconfig/robot_interfaces.pc'
[4.141s] Level 1:colcon.colcon_core.environment:checking '/home/jetson/beta_ws/install/robot_interfaces/lib/python3.8/site-packages'
[4.141s] Level 1:colcon.colcon_core.shell:create_environment_hook('robot_interfaces', 'pythonpath')
[4.149s] INFO:colcon.colcon_core.shell:Creating environment hook '/home/jetson/beta_ws/install/robot_interfaces/share/robot_interfaces/hook/pythonpath.ps1'
[4.150s] INFO:colcon.colcon_core.shell:Creating environment descriptor '/home/jetson/beta_ws/install/robot_interfaces/share/robot_interfaces/hook/pythonpath.dsv'
[4.152s] INFO:colcon.colcon_core.shell:Creating environment hook '/home/jetson/beta_ws/install/robot_interfaces/share/robot_interfaces/hook/pythonpath.sh'
[4.154s] Level 1:colcon.colcon_core.environment:checking '/home/jetson/beta_ws/install/robot_interfaces/bin'
[4.162s] INFO:colcon.colcon_core.shell:Creating package script '/home/jetson/beta_ws/install/robot_interfaces/share/robot_interfaces/package.ps1'
[4.164s] INFO:colcon.colcon_core.shell:Creating package descriptor '/home/jetson/beta_ws/install/robot_interfaces/share/robot_interfaces/package.dsv'
[4.167s] INFO:colcon.colcon_core.shell:Creating package script '/home/jetson/beta_ws/install/robot_interfaces/share/robot_interfaces/package.sh'
[4.169s] INFO:colcon.colcon_core.shell:Creating package script '/home/jetson/beta_ws/install/robot_interfaces/share/robot_interfaces/package.bash'
[4.171s] INFO:colcon.colcon_core.shell:Creating package script '/home/jetson/beta_ws/install/robot_interfaces/share/robot_interfaces/package.zsh'
[4.173s] Level 1:colcon.colcon_core.environment:create_file_with_runtime_dependencies(/home/jetson/beta_ws/install/robot_interfaces/share/colcon-core/packages/robot_interfaces)
[4.245s] DEBUG:colcon.colcon_core.event_handler.log_command:Invoking command in '/home/jetson/beta_ws/src/robot': PYTHONPATH=/home/jetson/beta_ws/build/robot/prefix_override:/home/jetson/beta_ws/install/robot/lib/python3.8/site-packages:${PYTHONPATH} /usr/bin/python3 setup.py egg_info --egg-base ../../build/robot build --build-base /home/jetson/beta_ws/build/robot/build install --record /home/jetson/beta_ws/build/robot/install.log --install-scripts $base/lib/robot --single-version-externally-managed
[5.317s] DEBUG:colcon.colcon_core.event_handler.log_command:Invoked command in '/home/jetson/beta_ws/src/robot' returned '0': PYTHONPATH=/home/jetson/beta_ws/build/robot/prefix_override:/home/jetson/beta_ws/install/robot/lib/python3.8/site-packages:${PYTHONPATH} /usr/bin/python3 setup.py egg_info --egg-base ../../build/robot build --build-base /home/jetson/beta_ws/build/robot/build install --record /home/jetson/beta_ws/build/robot/install.log --install-scripts $base/lib/robot --single-version-externally-managed
[5.321s] Level 1:colcon.colcon_core.environment:checking '/home/jetson/beta_ws/install/robot' for CMake module files
[5.323s] Level 1:colcon.colcon_core.environment:checking '/home/jetson/beta_ws/install/robot' for CMake config files
[5.325s] Level 1:colcon.colcon_core.environment:checking '/home/jetson/beta_ws/install/robot/lib'
[5.326s] Level 1:colcon.colcon_core.environment:checking '/home/jetson/beta_ws/install/robot/bin'
[5.326s] Level 1:colcon.colcon_core.environment:checking '/home/jetson/beta_ws/install/robot/lib/pkgconfig/robot.pc'
[5.327s] Level 1:colcon.colcon_core.environment:checking '/home/jetson/beta_ws/install/robot/lib/python3.8/site-packages'
[5.327s] Level 1:colcon.colcon_core.shell:create_environment_hook('robot', 'pythonpath')
[5.332s] INFO:colcon.colcon_core.shell:Creating environment hook '/home/jetson/beta_ws/install/robot/share/robot/hook/pythonpath.ps1'
[5.334s] INFO:colcon.colcon_core.shell:Creating environment descriptor '/home/jetson/beta_ws/install/robot/share/robot/hook/pythonpath.dsv'
[5.335s] INFO:colcon.colcon_core.shell:Creating environment hook '/home/jetson/beta_ws/install/robot/share/robot/hook/pythonpath.sh'
[5.336s] Level 1:colcon.colcon_core.environment:checking '/home/jetson/beta_ws/install/robot/bin'
[5.337s] Level 1:colcon.colcon_core.environment:create_environment_scripts_only(robot)
[5.342s] INFO:colcon.colcon_core.shell:Creating package script '/home/jetson/beta_ws/install/robot/share/robot/package.ps1'
[5.344s] INFO:colcon.colcon_core.shell:Creating package descriptor '/home/jetson/beta_ws/install/robot/share/robot/package.dsv'
[5.345s] INFO:colcon.colcon_core.shell:Creating package script '/home/jetson/beta_ws/install/robot/share/robot/package.sh'
[5.346s] INFO:colcon.colcon_core.shell:Creating package script '/home/jetson/beta_ws/install/robot/share/robot/package.bash'
[5.347s] INFO:colcon.colcon_core.shell:Creating package script '/home/jetson/beta_ws/install/robot/share/robot/package.zsh'
[5.348s] Level 1:colcon.colcon_core.environment:create_file_with_runtime_dependencies(/home/jetson/beta_ws/install/robot/share/colcon-core/packages/robot)
[5.350s] DEBUG:colcon.colcon_parallel_executor.executor.parallel:closing loop
[5.350s] DEBUG:colcon.colcon_parallel_executor.executor.parallel:loop closed
[5.351s] DEBUG:colcon.colcon_parallel_executor.executor.parallel:run_until_complete finished with '0'
[5.351s] DEBUG:colcon.colcon_core.event_reactor:joining thread
[5.374s] INFO:colcon.colcon_core.plugin_system:Skipping extension 'colcon_notification.desktop_notification.terminal_notifier': Not used on non-Darwin systems
[5.374s] INFO:colcon.colcon_core.plugin_system:Skipping extension 'colcon_notification.desktop_notification.win32': Not used on non-Windows systems
[5.375s] INFO:colcon.colcon_notification.desktop_notification:Sending desktop notification using 'notify2'
[5.437s] DEBUG:colcon.colcon_core.event_reactor:joined thread
[5.444s] INFO:colcon.colcon_core.shell:Creating prefix script '/home/jetson/beta_ws/install/local_setup.ps1'
[5.447s] INFO:colcon.colcon_core.shell:Creating prefix util module '/home/jetson/beta_ws/install/_local_setup_util_ps1.py'
[5.452s] INFO:colcon.colcon_core.shell:Creating prefix chain script '/home/jetson/beta_ws/install/setup.ps1'
[5.457s] INFO:colcon.colcon_core.shell:Creating prefix script '/home/jetson/beta_ws/install/local_setup.sh'
[5.459s] INFO:colcon.colcon_core.shell:Creating prefix util module '/home/jetson/beta_ws/install/_local_setup_util_sh.py'
[5.461s] INFO:colcon.colcon_core.shell:Creating prefix chain script '/home/jetson/beta_ws/install/setup.sh'
[5.467s] INFO:colcon.colcon_core.shell:Creating prefix script '/home/jetson/beta_ws/install/local_setup.bash'
[5.469s] INFO:colcon.colcon_core.shell:Creating prefix chain script '/home/jetson/beta_ws/install/setup.bash'
[5.474s] INFO:colcon.colcon_core.shell:Creating prefix script '/home/jetson/beta_ws/install/local_setup.zsh'
[5.476s] INFO:colcon.colcon_core.shell:Creating prefix chain script '/home/jetson/beta_ws/install/setup.zsh'
