[5.192s] Invoking command in '/home/scott/alpha_ws/src/robot_bringup': PYTHONPATH=/home/scott/alpha_ws/build/robot_bringup/prefix_override:/home/scott/alpha_ws/install/robot_bringup/lib/python3.10/site-packages:${PYTHONPATH} /usr/bin/python3 setup.py egg_info --egg-base ../../build/robot_bringup build --build-base /home/scott/alpha_ws/build/robot_bringup/build install --record /home/scott/alpha_ws/build/robot_bringup/install.log --single-version-externally-managed
[7.005s] running egg_info
[7.006s] writing ../../build/robot_bringup/robot_bringup.egg-info/PKG-INFO
[7.008s] writing dependency_links to ../../build/robot_bringup/robot_bringup.egg-info/dependency_links.txt
[7.009s] writing entry points to ../../build/robot_bringup/robot_bringup.egg-info/entry_points.txt
[7.011s] writing requirements to ../../build/robot_bringup/robot_bringup.egg-info/requires.txt
[7.017s] writing top-level names to ../../build/robot_bringup/robot_bringup.egg-info/top_level.txt
[7.023s] reading manifest file '../../build/robot_bringup/robot_bringup.egg-info/SOURCES.txt'
[7.027s] adding license file 'LICENSE'
[7.032s] writing manifest file '../../build/robot_bringup/robot_bringup.egg-info/SOURCES.txt'
[7.033s] running build
[7.034s] running build_py
[7.035s] running install
[7.039s] running install_lib
[7.047s] running install_data
[7.053s] copying config/xbox_config.yaml -> /home/scott/alpha_ws/install/robot_bringup/share/robot_bringup/config
[7.054s] running install_egg_info
[7.066s] removing '/home/scott/alpha_ws/install/robot_bringup/lib/python3.10/site-packages/robot_bringup-0.0.0-py3.10.egg-info' (and everything under it)
[7.069s] Copying ../../build/robot_bringup/robot_bringup.egg-info to /home/scott/alpha_ws/install/robot_bringup/lib/python3.10/site-packages/robot_bringup-0.0.0-py3.10.egg-info
[7.081s] running install_scripts
[7.189s] writing list of installed files to '/home/scott/alpha_ws/build/robot_bringup/install.log'
[7.354s] Invoked command in '/home/scott/alpha_ws/src/robot_bringup' returned '0': PYTHONPATH=/home/scott/alpha_ws/build/robot_bringup/prefix_override:/home/scott/alpha_ws/install/robot_bringup/lib/python3.10/site-packages:${PYTHONPATH} /usr/bin/python3 setup.py egg_info --egg-base ../../build/robot_bringup build --build-base /home/scott/alpha_ws/build/robot_bringup/build install --record /home/scott/alpha_ws/build/robot_bringup/install.log --single-version-externally-managed
