running develop
running egg_info
writing robot.egg-info/PKG-INFO
writing dependency_links to robot.egg-info/dependency_links.txt
writing entry points to robot.egg-info/entry_points.txt
writing requirements to robot.egg-info/requires.txt
writing top-level names to robot.egg-info/top_level.txt
reading manifest file 'robot.egg-info/SOURCES.txt'
writing manifest file 'robot.egg-info/SOURCES.txt'
running build_ext
Creating /home/jetson/ros2_ws/install/robot/lib/python3.8/site-packages/robot.egg-link (link to .)
Installing encoder_publisher script to /home/jetson/ros2_ws/install/robot/lib/robot
Installing encoder_publisher_left script to /home/jetson/ros2_ws/install/robot/lib/robot
Installing encoder_publisher_right script to /home/jetson/ros2_ws/install/robot/lib/robot
Installing imu_controller script to /home/jetson/ros2_ws/install/robot/lib/robot
Installing motor_controller script to /home/jetson/ros2_ws/install/robot/lib/robot
Installing motor_driver script to /home/jetson/ros2_ws/install/robot/lib/robot
Installing odom_publisher script to /home/jetson/ros2_ws/install/robot/lib/robot
Installing pid_controller script to /home/jetson/ros2_ws/install/robot/lib/robot
Installing rpm_publisher script to /home/jetson/ros2_ws/install/robot/lib/robot

Installed /home/jetson/ros2_ws/build/robot
running install_data
