[5.618s] DEBUG:colcon:Command line arguments: ['/usr/bin/colcon', 'build', '--packages-select', 'robot']
[5.618s] DEBUG:colcon:Parsed command line arguments: Namespace(log_base=None, log_level=None, verb_name='build', build_base='build', install_base='install', merge_install=False, symlink_install=False, test_result_base=None, continue_on_error=False, executor='parallel', parallel_workers=4, event_handlers=None, ignore_user_meta=False, metas=['./colcon.meta'], base_paths=['.'], packages_ignore=None, packages_ignore_regex=None, paths=None, packages_up_to=None, packages_up_to_regex=None, packages_above=None, packages_above_and_dependencies=None, packages_above_depth=None, packages_select_by_dep=None, packages_skip_by_dep=None, packages_skip_up_to=None, packages_select_build_failed=False, packages_skip_build_finished=False, packages_select_test_failures=False, packages_skip_test_passed=False, packages_select=['robot'], packages_skip=None, packages_select_regex=None, packages_skip_regex=None, packages_start=None, packages_end=None, allow_overriding=[], cmake_args=None, cmake_target=None, cmake_target_skip_unavailable=False, cmake_clean_cache=False, cmake_clean_first=False, cmake_force_configure=False, ament_cmake_args=None, catkin_cmake_args=None, catkin_skip_building_tests=False, verb_parser=<colcon_defaults.argument_parser.defaults.DefaultArgumentsDecorator object at 0xffffbaae6050>, verb_extension=<colcon_core.verb.build.BuildVerb object at 0xffffbad9b0d0>, main=<bound method BuildVerb.main of <colcon_core.verb.build.BuildVerb object at 0xffffbad9b0d0>>)
[5.875s] Level 1:colcon.colcon_core.package_discovery:discover_packages(colcon_meta) check parameters
[5.876s] Level 1:colcon.colcon_core.package_discovery:discover_packages(recursive) check parameters
[5.876s] Level 1:colcon.colcon_core.package_discovery:discover_packages(ignore) check parameters
[5.876s] Level 1:colcon.colcon_core.package_discovery:discover_packages(path) check parameters
[5.876s] Level 1:colcon.colcon_core.package_discovery:discover_packages(colcon_meta) discover
[5.876s] Level 1:colcon.colcon_core.package_discovery:discover_packages(recursive) discover
[5.877s] INFO:colcon.colcon_core.package_discovery:Crawling recursively for packages in '/home/scott/alpha_ws'
[5.877s] Level 1:colcon.colcon_core.package_identification:_identify(.) by extensions ['ignore', 'ignore_ament_install']
[5.878s] Level 1:colcon.colcon_core.package_identification:_identify(.) by extension 'ignore'
[5.878s] Level 1:colcon.colcon_core.package_identification:_identify(.) by extension 'ignore_ament_install'
[5.878s] Level 1:colcon.colcon_core.package_identification:_identify(.) by extensions ['colcon_pkg']
[5.878s] Level 1:colcon.colcon_core.package_identification:_identify(.) by extension 'colcon_pkg'
[5.879s] Level 1:colcon.colcon_core.package_identification:_identify(.) by extensions ['colcon_meta']
[5.879s] Level 1:colcon.colcon_core.package_identification:_identify(.) by extension 'colcon_meta'
[5.879s] Level 1:colcon.colcon_core.package_identification:_identify(.) by extensions ['ros']
[5.879s] Level 1:colcon.colcon_core.package_identification:_identify(.) by extension 'ros'
[5.951s] Level 1:colcon.colcon_core.package_identification:_identify(.) by extensions ['cmake', 'python']
[5.952s] Level 1:colcon.colcon_core.package_identification:_identify(.) by extension 'cmake'
[5.952s] Level 1:colcon.colcon_core.package_identification:_identify(.) by extension 'python'
[5.952s] Level 1:colcon.colcon_core.package_identification:_identify(.) by extensions ['python_setup_py']
[5.952s] Level 1:colcon.colcon_core.package_identification:_identify(.) by extension 'python_setup_py'
[5.953s] Level 1:colcon.colcon_core.package_identification:_identify(build) by extensions ['ignore', 'ignore_ament_install']
[5.954s] Level 1:colcon.colcon_core.package_identification:_identify(build) by extension 'ignore'
[5.954s] Level 1:colcon.colcon_core.package_identification:_identify(build) ignored
[5.955s] Level 1:colcon.colcon_core.package_identification:_identify(install) by extensions ['ignore', 'ignore_ament_install']
[5.955s] Level 1:colcon.colcon_core.package_identification:_identify(install) by extension 'ignore'
[5.955s] Level 1:colcon.colcon_core.package_identification:_identify(install) ignored
[5.958s] Level 1:colcon.colcon_core.package_identification:_identify(log) by extensions ['ignore', 'ignore_ament_install']
[5.958s] Level 1:colcon.colcon_core.package_identification:_identify(log) by extension 'ignore'
[5.959s] Level 1:colcon.colcon_core.package_identification:_identify(log) ignored
[5.959s] Level 1:colcon.colcon_core.package_identification:_identify(src) by extensions ['ignore', 'ignore_ament_install']
[5.959s] Level 1:colcon.colcon_core.package_identification:_identify(src) by extension 'ignore'
[5.960s] Level 1:colcon.colcon_core.package_identification:_identify(src) by extension 'ignore_ament_install'
[5.960s] Level 1:colcon.colcon_core.package_identification:_identify(src) by extensions ['colcon_pkg']
[5.960s] Level 1:colcon.colcon_core.package_identification:_identify(src) by extension 'colcon_pkg'
[5.960s] Level 1:colcon.colcon_core.package_identification:_identify(src) by extensions ['colcon_meta']
[5.961s] Level 1:colcon.colcon_core.package_identification:_identify(src) by extension 'colcon_meta'
[5.961s] Level 1:colcon.colcon_core.package_identification:_identify(src) by extensions ['ros']
[5.961s] Level 1:colcon.colcon_core.package_identification:_identify(src) by extension 'ros'
[5.961s] Level 1:colcon.colcon_core.package_identification:_identify(src) by extensions ['cmake', 'python']
[5.962s] Level 1:colcon.colcon_core.package_identification:_identify(src) by extension 'cmake'
[5.962s] Level 1:colcon.colcon_core.package_identification:_identify(src) by extension 'python'
[5.962s] Level 1:colcon.colcon_core.package_identification:_identify(src) by extensions ['python_setup_py']
[5.962s] Level 1:colcon.colcon_core.package_identification:_identify(src) by extension 'python_setup_py'
[5.963s] Level 1:colcon.colcon_core.package_identification:_identify(src/robot) by extensions ['ignore', 'ignore_ament_install']
[5.963s] Level 1:colcon.colcon_core.package_identification:_identify(src/robot) by extension 'ignore'
[5.963s] Level 1:colcon.colcon_core.package_identification:_identify(src/robot) by extension 'ignore_ament_install'
[5.964s] Level 1:colcon.colcon_core.package_identification:_identify(src/robot) by extensions ['colcon_pkg']
[5.964s] Level 1:colcon.colcon_core.package_identification:_identify(src/robot) by extension 'colcon_pkg'
[5.964s] Level 1:colcon.colcon_core.package_identification:_identify(src/robot) by extensions ['colcon_meta']
[5.964s] Level 1:colcon.colcon_core.package_identification:_identify(src/robot) by extension 'colcon_meta'
[5.965s] Level 1:colcon.colcon_core.package_identification:_identify(src/robot) by extensions ['ros']
[5.965s] Level 1:colcon.colcon_core.package_identification:_identify(src/robot) by extension 'ros'
[5.976s] DEBUG:colcon.colcon_core.package_identification:Package 'src/robot' with type 'ros.ament_python' and name 'robot'
[5.977s] Level 1:colcon.colcon_core.package_identification:_identify(src/robot_bringup) by extensions ['ignore', 'ignore_ament_install']
[5.978s] Level 1:colcon.colcon_core.package_identification:_identify(src/robot_bringup) by extension 'ignore'
[5.978s] Level 1:colcon.colcon_core.package_identification:_identify(src/robot_bringup) by extension 'ignore_ament_install'
[5.978s] Level 1:colcon.colcon_core.package_identification:_identify(src/robot_bringup) by extensions ['colcon_pkg']
[5.979s] Level 1:colcon.colcon_core.package_identification:_identify(src/robot_bringup) by extension 'colcon_pkg'
[5.979s] Level 1:colcon.colcon_core.package_identification:_identify(src/robot_bringup) by extensions ['colcon_meta']
[5.979s] Level 1:colcon.colcon_core.package_identification:_identify(src/robot_bringup) by extension 'colcon_meta'
[5.979s] Level 1:colcon.colcon_core.package_identification:_identify(src/robot_bringup) by extensions ['ros']
[5.979s] Level 1:colcon.colcon_core.package_identification:_identify(src/robot_bringup) by extension 'ros'
[5.983s] DEBUG:colcon.colcon_core.package_identification:Package 'src/robot_bringup' with type 'ros.ament_python' and name 'robot_bringup'
[5.983s] Level 1:colcon.colcon_core.package_identification:_identify(src/robot_description) by extensions ['ignore', 'ignore_ament_install']
[5.984s] Level 1:colcon.colcon_core.package_identification:_identify(src/robot_description) by extension 'ignore'
[5.984s] Level 1:colcon.colcon_core.package_identification:_identify(src/robot_description) by extension 'ignore_ament_install'
[5.985s] Level 1:colcon.colcon_core.package_identification:_identify(src/robot_description) by extensions ['colcon_pkg']
[5.985s] Level 1:colcon.colcon_core.package_identification:_identify(src/robot_description) by extension 'colcon_pkg'
[5.985s] Level 1:colcon.colcon_core.package_identification:_identify(src/robot_description) by extensions ['colcon_meta']
[5.985s] Level 1:colcon.colcon_core.package_identification:_identify(src/robot_description) by extension 'colcon_meta'
[5.986s] Level 1:colcon.colcon_core.package_identification:_identify(src/robot_description) by extensions ['ros']
[5.986s] Level 1:colcon.colcon_core.package_identification:_identify(src/robot_description) by extension 'ros'
[5.989s] DEBUG:colcon.colcon_core.package_identification:Package 'src/robot_description' with type 'ros.ament_python' and name 'robot_description'
[5.990s] Level 1:colcon.colcon_core.package_identification:_identify(src/robot_interfaces) by extensions ['ignore', 'ignore_ament_install']
[5.990s] Level 1:colcon.colcon_core.package_identification:_identify(src/robot_interfaces) by extension 'ignore'
[5.990s] Level 1:colcon.colcon_core.package_identification:_identify(src/robot_interfaces) by extension 'ignore_ament_install'
[5.991s] Level 1:colcon.colcon_core.package_identification:_identify(src/robot_interfaces) by extensions ['colcon_pkg']
[5.991s] Level 1:colcon.colcon_core.package_identification:_identify(src/robot_interfaces) by extension 'colcon_pkg'
[5.991s] Level 1:colcon.colcon_core.package_identification:_identify(src/robot_interfaces) by extensions ['colcon_meta']
[5.991s] Level 1:colcon.colcon_core.package_identification:_identify(src/robot_interfaces) by extension 'colcon_meta'
[5.992s] Level 1:colcon.colcon_core.package_identification:_identify(src/robot_interfaces) by extensions ['ros']
[5.992s] Level 1:colcon.colcon_core.package_identification:_identify(src/robot_interfaces) by extension 'ros'
[5.995s] DEBUG:colcon.colcon_core.package_identification:Package 'src/robot_interfaces' with type 'ros.ament_cmake' and name 'robot_interfaces'
[5.996s] Level 1:colcon.colcon_core.package_identification:_identify(src/rplidar_ros) by extensions ['ignore', 'ignore_ament_install']
[5.996s] Level 1:colcon.colcon_core.package_identification:_identify(src/rplidar_ros) by extension 'ignore'
[5.997s] Level 1:colcon.colcon_core.package_identification:_identify(src/rplidar_ros) by extension 'ignore_ament_install'
[5.997s] Level 1:colcon.colcon_core.package_identification:_identify(src/rplidar_ros) by extensions ['colcon_pkg']
[5.997s] Level 1:colcon.colcon_core.package_identification:_identify(src/rplidar_ros) by extension 'colcon_pkg'
[5.998s] Level 1:colcon.colcon_core.package_identification:_identify(src/rplidar_ros) by extensions ['colcon_meta']
[5.998s] Level 1:colcon.colcon_core.package_identification:_identify(src/rplidar_ros) by extension 'colcon_meta'
[5.998s] Level 1:colcon.colcon_core.package_identification:_identify(src/rplidar_ros) by extensions ['ros']
[5.998s] Level 1:colcon.colcon_core.package_identification:_identify(src/rplidar_ros) by extension 'ros'
[6.002s] DEBUG:colcon.colcon_core.package_identification:Package 'src/rplidar_ros' with type 'ros.ament_cmake' and name 'rplidar_ros'
[6.002s] Level 1:colcon.colcon_core.package_discovery:discover_packages(recursive) using defaults
[6.002s] Level 1:colcon.colcon_core.package_discovery:discover_packages(ignore) discover
[6.003s] Level 1:colcon.colcon_core.package_discovery:discover_packages(ignore) using defaults
[6.003s] Level 1:colcon.colcon_core.package_discovery:discover_packages(path) discover
[6.003s] Level 1:colcon.colcon_core.package_discovery:discover_packages(path) using defaults
[6.369s] INFO:colcon.colcon_core.package_selection:Skipping not selected package 'robot_bringup' in 'src/robot_bringup'
[6.369s] INFO:colcon.colcon_core.package_selection:Skipping not selected package 'robot_description' in 'src/robot_description'
[6.369s] INFO:colcon.colcon_core.package_selection:Skipping not selected package 'robot_interfaces' in 'src/robot_interfaces'
[6.370s] INFO:colcon.colcon_core.package_selection:Skipping not selected package 'rplidar_ros' in 'src/rplidar_ros'
[6.523s] Level 1:colcon.colcon_core.package_discovery:discover_packages(prefix_path) check parameters
[6.524s] Level 1:colcon.colcon_core.package_discovery:discover_packages(prefix_path) discover
[6.696s] DEBUG:colcon.colcon_installed_package_information.package_discovery:Found 5 installed packages in /home/scott/alpha_ws/install
[6.783s] DEBUG:colcon.colcon_installed_package_information.package_discovery:Found 284 installed packages in /opt/ros/humble
[6.792s] Level 1:colcon.colcon_core.package_discovery:discover_packages(prefix_path) using defaults
[7.278s] Level 5:colcon.colcon_core.verb:set package 'robot' build argument 'cmake_args' from command line to 'None'
[7.278s] Level 5:colcon.colcon_core.verb:set package 'robot' build argument 'cmake_target' from command line to 'None'
[7.278s] Level 5:colcon.colcon_core.verb:set package 'robot' build argument 'cmake_target_skip_unavailable' from command line to 'False'
[7.278s] Level 5:colcon.colcon_core.verb:set package 'robot' build argument 'cmake_clean_cache' from command line to 'False'
[7.279s] Level 5:colcon.colcon_core.verb:set package 'robot' build argument 'cmake_clean_first' from command line to 'False'
[7.279s] Level 5:colcon.colcon_core.verb:set package 'robot' build argument 'cmake_force_configure' from command line to 'False'
[7.279s] Level 5:colcon.colcon_core.verb:set package 'robot' build argument 'ament_cmake_args' from command line to 'None'
[7.279s] Level 5:colcon.colcon_core.verb:set package 'robot' build argument 'catkin_cmake_args' from command line to 'None'
[7.279s] Level 5:colcon.colcon_core.verb:set package 'robot' build argument 'catkin_skip_building_tests' from command line to 'False'
[7.279s] DEBUG:colcon.colcon_core.verb:Building package 'robot' with the following arguments: {'ament_cmake_args': None, 'build_base': '/home/scott/alpha_ws/build/robot', 'catkin_cmake_args': None, 'catkin_skip_building_tests': False, 'cmake_args': None, 'cmake_clean_cache': False, 'cmake_clean_first': False, 'cmake_force_configure': False, 'cmake_target': None, 'cmake_target_skip_unavailable': False, 'install_base': '/home/scott/alpha_ws/install/robot', 'merge_install': False, 'path': '/home/scott/alpha_ws/src/robot', 'symlink_install': False, 'test_result_base': None}
[7.355s] INFO:colcon.colcon_core.executor:Executing jobs using 'parallel' executor
[7.433s] DEBUG:colcon.colcon_parallel_executor.executor.parallel:run_until_complete
[7.434s] INFO:colcon.colcon_ros.task.ament_python.build:Building ROS package in '/home/scott/alpha_ws/src/robot' with build type 'ament_python'
[7.435s] Level 1:colcon.colcon_core.shell:create_environment_hook('robot', 'ament_prefix_path')
[7.527s] INFO:colcon.colcon_core.plugin_system:Skipping extension 'colcon_core.shell.bat': Not used on non-Windows systems
[7.529s] INFO:colcon.colcon_core.shell:Creating environment hook '/home/scott/alpha_ws/install/robot/share/robot/hook/ament_prefix_path.ps1'
[7.532s] INFO:colcon.colcon_core.shell:Creating environment descriptor '/home/scott/alpha_ws/install/robot/share/robot/hook/ament_prefix_path.dsv'
[7.535s] INFO:colcon.colcon_core.shell:Creating environment hook '/home/scott/alpha_ws/install/robot/share/robot/hook/ament_prefix_path.sh'
[7.617s] INFO:colcon.colcon_core.shell:Skip shell extension 'powershell' for command environment: Not usable outside of PowerShell
[7.618s] DEBUG:colcon.colcon_core.shell:Skip shell extension 'dsv' for command environment
[9.321s] INFO:colcon.colcon_core.task.python.build:Building Python package in '/home/scott/alpha_ws/src/robot'
[9.402s] INFO:colcon.colcon_core.shell:Skip shell extension 'powershell' for command environment: Not usable outside of PowerShell
[9.403s] DEBUG:colcon.colcon_core.shell:Skip shell extension 'dsv' for command environment
[11.511s] DEBUG:colcon.colcon_core.event_handler.log_command:Invoking command in '/home/scott/alpha_ws/src/robot': PYTHONPATH=/home/scott/alpha_ws/build/robot/prefix_override:/home/scott/alpha_ws/install/robot/lib/python3.10/site-packages:${PYTHONPATH} /usr/bin/python3 setup.py egg_info --egg-base ../../build/robot build --build-base /home/scott/alpha_ws/build/robot/build install --record /home/scott/alpha_ws/build/robot/install.log --single-version-externally-managed
[13.160s] DEBUG:colcon.colcon_core.event_handler.log_command:Invoked command in '/home/scott/alpha_ws/src/robot' returned '0': PYTHONPATH=/home/scott/alpha_ws/build/robot/prefix_override:/home/scott/alpha_ws/install/robot/lib/python3.10/site-packages:${PYTHONPATH} /usr/bin/python3 setup.py egg_info --egg-base ../../build/robot build --build-base /home/scott/alpha_ws/build/robot/build install --record /home/scott/alpha_ws/build/robot/install.log --single-version-externally-managed
[13.249s] Level 1:colcon.colcon_core.environment:checking '/home/scott/alpha_ws/install/robot' for CMake module files
[13.252s] Level 1:colcon.colcon_core.environment:checking '/home/scott/alpha_ws/install/robot' for CMake config files
[13.257s] Level 1:colcon.colcon_core.environment:checking '/home/scott/alpha_ws/install/robot/lib'
[13.258s] Level 1:colcon.colcon_core.environment:checking '/home/scott/alpha_ws/install/robot/bin'
[13.258s] Level 1:colcon.colcon_core.environment:checking '/home/scott/alpha_ws/install/robot/lib/pkgconfig/robot.pc'
[13.259s] Level 1:colcon.colcon_core.environment:checking '/home/scott/alpha_ws/install/robot/lib/python3.10/site-packages'
[13.260s] Level 1:colcon.colcon_core.shell:create_environment_hook('robot', 'pythonpath')
[13.338s] INFO:colcon.colcon_core.shell:Creating environment hook '/home/scott/alpha_ws/install/robot/share/robot/hook/pythonpath.ps1'
[13.341s] INFO:colcon.colcon_core.shell:Creating environment descriptor '/home/scott/alpha_ws/install/robot/share/robot/hook/pythonpath.dsv'
[13.343s] INFO:colcon.colcon_core.shell:Creating environment hook '/home/scott/alpha_ws/install/robot/share/robot/hook/pythonpath.sh'
[13.346s] Level 1:colcon.colcon_core.environment:checking '/home/scott/alpha_ws/install/robot/bin'
[13.346s] Level 1:colcon.colcon_core.environment:create_environment_scripts_only(robot)
[13.425s] INFO:colcon.colcon_core.shell:Creating package script '/home/scott/alpha_ws/install/robot/share/robot/package.ps1'
[13.429s] INFO:colcon.colcon_core.shell:Creating package descriptor '/home/scott/alpha_ws/install/robot/share/robot/package.dsv'
[13.432s] INFO:colcon.colcon_core.shell:Creating package script '/home/scott/alpha_ws/install/robot/share/robot/package.sh'
[13.436s] INFO:colcon.colcon_core.shell:Creating package script '/home/scott/alpha_ws/install/robot/share/robot/package.bash'
[13.439s] INFO:colcon.colcon_core.shell:Creating package script '/home/scott/alpha_ws/install/robot/share/robot/package.zsh'
[13.443s] Level 1:colcon.colcon_core.environment:create_file_with_runtime_dependencies(/home/scott/alpha_ws/install/robot/share/colcon-core/packages/robot)
[13.445s] DEBUG:colcon.colcon_parallel_executor.executor.parallel:closing loop
[13.446s] DEBUG:colcon.colcon_parallel_executor.executor.parallel:loop closed
[13.447s] DEBUG:colcon.colcon_parallel_executor.executor.parallel:run_until_complete finished with '0'
[13.447s] DEBUG:colcon.colcon_core.event_reactor:joining thread
[13.550s] INFO:colcon.colcon_core.plugin_system:Skipping extension 'colcon_notification.desktop_notification.terminal_notifier': Not used on non-Darwin systems
[13.551s] INFO:colcon.colcon_core.plugin_system:Skipping extension 'colcon_notification.desktop_notification.win32': Not used on non-Windows systems
[13.551s] INFO:colcon.colcon_notification.desktop_notification:Sending desktop notification using 'notify2'
[13.557s] DEBUG:colcon.colcon_notification.desktop_notification.notify2:Failed to initialize notify2: org.freedesktop.DBus.Error.ServiceUnknown: The name org.freedesktop.Notifications was not provided by any .service files
[13.557s] DEBUG:colcon.colcon_core.event_reactor:joined thread
[13.678s] INFO:colcon.colcon_core.shell:Creating prefix script '/home/scott/alpha_ws/install/local_setup.ps1'
[13.682s] INFO:colcon.colcon_core.shell:Creating prefix util module '/home/scott/alpha_ws/install/_local_setup_util_ps1.py'
[13.689s] INFO:colcon.colcon_core.shell:Creating prefix chain script '/home/scott/alpha_ws/install/setup.ps1'
[13.771s] INFO:colcon.colcon_core.shell:Creating prefix script '/home/scott/alpha_ws/install/local_setup.sh'
[13.774s] INFO:colcon.colcon_core.shell:Creating prefix util module '/home/scott/alpha_ws/install/_local_setup_util_sh.py'
[13.777s] INFO:colcon.colcon_core.shell:Creating prefix chain script '/home/scott/alpha_ws/install/setup.sh'
[13.859s] INFO:colcon.colcon_core.shell:Creating prefix script '/home/scott/alpha_ws/install/local_setup.bash'
[13.862s] INFO:colcon.colcon_core.shell:Creating prefix chain script '/home/scott/alpha_ws/install/setup.bash'
[13.943s] INFO:colcon.colcon_core.shell:Creating prefix script '/home/scott/alpha_ws/install/local_setup.zsh'
[13.946s] INFO:colcon.colcon_core.shell:Creating prefix chain script '/home/scott/alpha_ws/install/setup.zsh'
