[4.290s] Invoking command in '/home/jetson/ros2_ws/src/robot': PYTHONPATH=/home/jetson/ros2_ws/build/robot/prefix_override:/home/jetson/ros2_ws/install/robot/lib/python3.8/site-packages:${PYTHONPATH} /usr/bin/python3 setup.py egg_info --egg-base ../../build/robot build --build-base /home/jetson/ros2_ws/build/robot/build install --record /home/jetson/ros2_ws/build/robot/install.log --install-scripts $base/lib/robot --single-version-externally-managed
[5.211s] running egg_info
[5.214s] writing ../../build/robot/robot.egg-info/PKG-INFO
[5.215s] writing dependency_links to ../../build/robot/robot.egg-info/dependency_links.txt
[5.216s] writing entry points to ../../build/robot/robot.egg-info/entry_points.txt
[5.216s] writing requirements to ../../build/robot/robot.egg-info/requires.txt
[5.217s] writing top-level names to ../../build/robot/robot.egg-info/top_level.txt
[5.357s] reading manifest file '../../build/robot/robot.egg-info/SOURCES.txt'
[5.360s] writing manifest file '../../build/robot/robot.egg-info/SOURCES.txt'
[5.360s] running build
[5.361s] running build_py
[5.365s] copying robot/odom_publisher.py -> /home/jetson/ros2_ws/build/robot/build/lib/robot
[5.365s] running install
[5.367s] running install_lib
[5.372s] copying /home/jetson/ros2_ws/build/robot/build/lib/robot/odom_publisher.py -> /home/jetson/ros2_ws/install/robot/lib/python3.8/site-packages/robot
[5.375s] byte-compiling /home/jetson/ros2_ws/install/robot/lib/python3.8/site-packages/robot/odom_publisher.py to odom_publisher.cpython-38.pyc
[5.382s] running install_data
[5.384s] running install_egg_info
[5.390s] removing '/home/jetson/ros2_ws/install/robot/lib/python3.8/site-packages/robot-0.0.0-py3.8.egg-info' (and everything under it)
[5.391s] Copying ../../build/robot/robot.egg-info to /home/jetson/ros2_ws/install/robot/lib/python3.8/site-packages/robot-0.0.0-py3.8.egg-info
[5.394s] running install_scripts
[5.460s] Installing encoder_publisher script to /home/jetson/ros2_ws/install/robot/lib/robot
[5.462s] Installing encoder_publisher_left script to /home/jetson/ros2_ws/install/robot/lib/robot
[5.463s] Installing encoder_publisher_right script to /home/jetson/ros2_ws/install/robot/lib/robot
[5.464s] Installing imu_controller script to /home/jetson/ros2_ws/install/robot/lib/robot
[5.464s] Installing motor_controller script to /home/jetson/ros2_ws/install/robot/lib/robot
[5.465s] Installing motor_driver script to /home/jetson/ros2_ws/install/robot/lib/robot
[5.466s] Installing odom_publisher script to /home/jetson/ros2_ws/install/robot/lib/robot
[5.466s] Installing pid_controller script to /home/jetson/ros2_ws/install/robot/lib/robot
[5.467s] Installing velocity_publisher script to /home/jetson/ros2_ws/install/robot/lib/robot
[5.468s] writing list of installed files to '/home/jetson/ros2_ws/build/robot/install.log'
[5.577s] Invoked command in '/home/jetson/ros2_ws/src/robot' returned '0': PYTHONPATH=/home/jetson/ros2_ws/build/robot/prefix_override:/home/jetson/ros2_ws/install/robot/lib/python3.8/site-packages:${PYTHONPATH} /usr/bin/python3 setup.py egg_info --egg-base ../../build/robot build --build-base /home/jetson/ros2_ws/build/robot/build install --record /home/jetson/ros2_ws/build/robot/install.log --install-scripts $base/lib/robot --single-version-externally-managed
