[6.128s] DEBUG:colcon:Command line arguments: ['/usr/bin/colcon', 'build']
[6.129s] DEBUG:colcon:Parsed command line arguments: Namespace(log_base=None, log_level=None, verb_name='build', build_base='build', install_base='install', merge_install=False, symlink_install=False, test_result_base=None, continue_on_error=False, executor='parallel', parallel_workers=4, event_handlers=None, ignore_user_meta=False, metas=['./colcon.meta'], base_paths=['.'], packages_ignore=None, packages_ignore_regex=None, paths=None, packages_up_to=None, packages_up_to_regex=None, packages_above=None, packages_above_and_dependencies=None, packages_above_depth=None, packages_select_by_dep=None, packages_skip_by_dep=None, packages_skip_up_to=None, packages_select_build_failed=False, packages_skip_build_finished=False, packages_select_test_failures=False, packages_skip_test_passed=False, packages_select=None, packages_skip=None, packages_select_regex=None, packages_skip_regex=None, packages_start=None, packages_end=None, allow_overriding=[], cmake_args=None, cmake_target=None, cmake_target_skip_unavailable=False, cmake_clean_cache=False, cmake_clean_first=False, cmake_force_configure=False, ament_cmake_args=None, catkin_cmake_args=None, catkin_skip_building_tests=False, verb_parser=<colcon_defaults.argument_parser.defaults.DefaultArgumentsDecorator object at 0xffff9e79ba90>, verb_extension=<colcon_core.verb.build.BuildVerb object at 0xffff9ea2cbb0>, main=<bound method BuildVerb.main of <colcon_core.verb.build.BuildVerb object at 0xffff9ea2cbb0>>)
[6.469s] Level 1:colcon.colcon_core.package_discovery:discover_packages(colcon_meta) check parameters
[6.469s] Level 1:colcon.colcon_core.package_discovery:discover_packages(recursive) check parameters
[6.470s] Level 1:colcon.colcon_core.package_discovery:discover_packages(ignore) check parameters
[6.470s] Level 1:colcon.colcon_core.package_discovery:discover_packages(path) check parameters
[6.470s] Level 1:colcon.colcon_core.package_discovery:discover_packages(colcon_meta) discover
[6.470s] Level 1:colcon.colcon_core.package_discovery:discover_packages(recursive) discover
[6.470s] INFO:colcon.colcon_core.package_discovery:Crawling recursively for packages in '/home/scott/alpha_ws'
[6.471s] Level 1:colcon.colcon_core.package_identification:_identify(.) by extensions ['ignore', 'ignore_ament_install']
[6.471s] Level 1:colcon.colcon_core.package_identification:_identify(.) by extension 'ignore'
[6.471s] Level 1:colcon.colcon_core.package_identification:_identify(.) by extension 'ignore_ament_install'
[6.472s] Level 1:colcon.colcon_core.package_identification:_identify(.) by extensions ['colcon_pkg']
[6.472s] Level 1:colcon.colcon_core.package_identification:_identify(.) by extension 'colcon_pkg'
[6.472s] Level 1:colcon.colcon_core.package_identification:_identify(.) by extensions ['colcon_meta']
[6.472s] Level 1:colcon.colcon_core.package_identification:_identify(.) by extension 'colcon_meta'
[6.472s] Level 1:colcon.colcon_core.package_identification:_identify(.) by extensions ['ros']
[6.473s] Level 1:colcon.colcon_core.package_identification:_identify(.) by extension 'ros'
[6.543s] Level 1:colcon.colcon_core.package_identification:_identify(.) by extensions ['cmake', 'python']
[6.543s] Level 1:colcon.colcon_core.package_identification:_identify(.) by extension 'cmake'
[6.543s] Level 1:colcon.colcon_core.package_identification:_identify(.) by extension 'python'
[6.543s] Level 1:colcon.colcon_core.package_identification:_identify(.) by extensions ['python_setup_py']
[6.544s] Level 1:colcon.colcon_core.package_identification:_identify(.) by extension 'python_setup_py'
[6.544s] Level 1:colcon.colcon_core.package_identification:_identify(build) by extensions ['ignore', 'ignore_ament_install']
[6.545s] Level 1:colcon.colcon_core.package_identification:_identify(build) by extension 'ignore'
[6.545s] Level 1:colcon.colcon_core.package_identification:_identify(build) ignored
[6.546s] Level 1:colcon.colcon_core.package_identification:_identify(install) by extensions ['ignore', 'ignore_ament_install']
[6.546s] Level 1:colcon.colcon_core.package_identification:_identify(install) by extension 'ignore'
[6.546s] Level 1:colcon.colcon_core.package_identification:_identify(install) ignored
[6.547s] Level 1:colcon.colcon_core.package_identification:_identify(log) by extensions ['ignore', 'ignore_ament_install']
[6.547s] Level 1:colcon.colcon_core.package_identification:_identify(log) by extension 'ignore'
[6.548s] Level 1:colcon.colcon_core.package_identification:_identify(log) ignored
[6.549s] Level 1:colcon.colcon_core.package_identification:_identify(src) by extensions ['ignore', 'ignore_ament_install']
[6.549s] Level 1:colcon.colcon_core.package_identification:_identify(src) by extension 'ignore'
[6.550s] Level 1:colcon.colcon_core.package_identification:_identify(src) by extension 'ignore_ament_install'
[6.550s] Level 1:colcon.colcon_core.package_identification:_identify(src) by extensions ['colcon_pkg']
[6.550s] Level 1:colcon.colcon_core.package_identification:_identify(src) by extension 'colcon_pkg'
[6.550s] Level 1:colcon.colcon_core.package_identification:_identify(src) by extensions ['colcon_meta']
[6.550s] Level 1:colcon.colcon_core.package_identification:_identify(src) by extension 'colcon_meta'
[6.551s] Level 1:colcon.colcon_core.package_identification:_identify(src) by extensions ['ros']
[6.551s] Level 1:colcon.colcon_core.package_identification:_identify(src) by extension 'ros'
[6.551s] Level 1:colcon.colcon_core.package_identification:_identify(src) by extensions ['cmake', 'python']
[6.551s] Level 1:colcon.colcon_core.package_identification:_identify(src) by extension 'cmake'
[6.552s] Level 1:colcon.colcon_core.package_identification:_identify(src) by extension 'python'
[6.552s] Level 1:colcon.colcon_core.package_identification:_identify(src) by extensions ['python_setup_py']
[6.552s] Level 1:colcon.colcon_core.package_identification:_identify(src) by extension 'python_setup_py'
[6.553s] Level 1:colcon.colcon_core.package_identification:_identify(src/robot) by extensions ['ignore', 'ignore_ament_install']
[6.554s] Level 1:colcon.colcon_core.package_identification:_identify(src/robot) by extension 'ignore'
[6.554s] Level 1:colcon.colcon_core.package_identification:_identify(src/robot) by extension 'ignore_ament_install'
[6.554s] Level 1:colcon.colcon_core.package_identification:_identify(src/robot) by extensions ['colcon_pkg']
[6.554s] Level 1:colcon.colcon_core.package_identification:_identify(src/robot) by extension 'colcon_pkg'
[6.555s] Level 1:colcon.colcon_core.package_identification:_identify(src/robot) by extensions ['colcon_meta']
[6.555s] Level 1:colcon.colcon_core.package_identification:_identify(src/robot) by extension 'colcon_meta'
[6.555s] Level 1:colcon.colcon_core.package_identification:_identify(src/robot) by extensions ['ros']
[6.555s] Level 1:colcon.colcon_core.package_identification:_identify(src/robot) by extension 'ros'
[6.577s] DEBUG:colcon.colcon_core.package_identification:Package 'src/robot' with type 'ros.ament_python' and name 'robot'
[6.579s] Level 1:colcon.colcon_core.package_identification:_identify(src/robot_interfaces) by extensions ['ignore', 'ignore_ament_install']
[6.579s] Level 1:colcon.colcon_core.package_identification:_identify(src/robot_interfaces) by extension 'ignore'
[6.580s] Level 1:colcon.colcon_core.package_identification:_identify(src/robot_interfaces) by extension 'ignore_ament_install'
[6.580s] Level 1:colcon.colcon_core.package_identification:_identify(src/robot_interfaces) by extensions ['colcon_pkg']
[6.580s] Level 1:colcon.colcon_core.package_identification:_identify(src/robot_interfaces) by extension 'colcon_pkg'
[6.581s] Level 1:colcon.colcon_core.package_identification:_identify(src/robot_interfaces) by extensions ['colcon_meta']
[6.581s] Level 1:colcon.colcon_core.package_identification:_identify(src/robot_interfaces) by extension 'colcon_meta'
[6.581s] Level 1:colcon.colcon_core.package_identification:_identify(src/robot_interfaces) by extensions ['ros']
[6.581s] Level 1:colcon.colcon_core.package_identification:_identify(src/robot_interfaces) by extension 'ros'
[6.585s] DEBUG:colcon.colcon_core.package_identification:Package 'src/robot_interfaces' with type 'ros.ament_cmake' and name 'robot_interfaces'
[6.585s] Level 1:colcon.colcon_core.package_discovery:discover_packages(recursive) using defaults
[6.586s] Level 1:colcon.colcon_core.package_discovery:discover_packages(ignore) discover
[6.586s] Level 1:colcon.colcon_core.package_discovery:discover_packages(ignore) using defaults
[6.586s] Level 1:colcon.colcon_core.package_discovery:discover_packages(path) discover
[6.586s] Level 1:colcon.colcon_core.package_discovery:discover_packages(path) using defaults
[7.090s] Level 1:colcon.colcon_core.package_discovery:discover_packages(prefix_path) check parameters
[7.090s] Level 1:colcon.colcon_core.package_discovery:discover_packages(prefix_path) discover
[7.241s] DEBUG:colcon.colcon_installed_package_information.package_discovery:Found 2 installed packages in /home/scott/alpha_ws/install
[7.319s] DEBUG:colcon.colcon_installed_package_information.package_discovery:Found 271 installed packages in /opt/ros/humble
[7.326s] Level 1:colcon.colcon_core.package_discovery:discover_packages(prefix_path) using defaults
[7.812s] Level 5:colcon.colcon_core.verb:set package 'robot' build argument 'cmake_args' from command line to 'None'
[7.812s] Level 5:colcon.colcon_core.verb:set package 'robot' build argument 'cmake_target' from command line to 'None'
[7.812s] Level 5:colcon.colcon_core.verb:set package 'robot' build argument 'cmake_target_skip_unavailable' from command line to 'False'
[7.812s] Level 5:colcon.colcon_core.verb:set package 'robot' build argument 'cmake_clean_cache' from command line to 'False'
[7.813s] Level 5:colcon.colcon_core.verb:set package 'robot' build argument 'cmake_clean_first' from command line to 'False'
[7.813s] Level 5:colcon.colcon_core.verb:set package 'robot' build argument 'cmake_force_configure' from command line to 'False'
[7.813s] Level 5:colcon.colcon_core.verb:set package 'robot' build argument 'ament_cmake_args' from command line to 'None'
[7.813s] Level 5:colcon.colcon_core.verb:set package 'robot' build argument 'catkin_cmake_args' from command line to 'None'
[7.813s] Level 5:colcon.colcon_core.verb:set package 'robot' build argument 'catkin_skip_building_tests' from command line to 'False'
[7.813s] DEBUG:colcon.colcon_core.verb:Building package 'robot' with the following arguments: {'ament_cmake_args': None, 'build_base': '/home/scott/alpha_ws/build/robot', 'catkin_cmake_args': None, 'catkin_skip_building_tests': False, 'cmake_args': None, 'cmake_clean_cache': False, 'cmake_clean_first': False, 'cmake_force_configure': False, 'cmake_target': None, 'cmake_target_skip_unavailable': False, 'install_base': '/home/scott/alpha_ws/install/robot', 'merge_install': False, 'path': '/home/scott/alpha_ws/src/robot', 'symlink_install': False, 'test_result_base': None}
[7.882s] Level 5:colcon.colcon_core.verb:set package 'robot_interfaces' build argument 'cmake_args' from command line to 'None'
[7.882s] Level 5:colcon.colcon_core.verb:set package 'robot_interfaces' build argument 'cmake_target' from command line to 'None'
[7.882s] Level 5:colcon.colcon_core.verb:set package 'robot_interfaces' build argument 'cmake_target_skip_unavailable' from command line to 'False'
[7.882s] Level 5:colcon.colcon_core.verb:set package 'robot_interfaces' build argument 'cmake_clean_cache' from command line to 'False'
[7.883s] Level 5:colcon.colcon_core.verb:set package 'robot_interfaces' build argument 'cmake_clean_first' from command line to 'False'
[7.883s] Level 5:colcon.colcon_core.verb:set package 'robot_interfaces' build argument 'cmake_force_configure' from command line to 'False'
[7.883s] Level 5:colcon.colcon_core.verb:set package 'robot_interfaces' build argument 'ament_cmake_args' from command line to 'None'
[7.883s] Level 5:colcon.colcon_core.verb:set package 'robot_interfaces' build argument 'catkin_cmake_args' from command line to 'None'
[7.883s] Level 5:colcon.colcon_core.verb:set package 'robot_interfaces' build argument 'catkin_skip_building_tests' from command line to 'False'
[7.883s] DEBUG:colcon.colcon_core.verb:Building package 'robot_interfaces' with the following arguments: {'ament_cmake_args': None, 'build_base': '/home/scott/alpha_ws/build/robot_interfaces', 'catkin_cmake_args': None, 'catkin_skip_building_tests': False, 'cmake_args': None, 'cmake_clean_cache': False, 'cmake_clean_first': False, 'cmake_force_configure': False, 'cmake_target': None, 'cmake_target_skip_unavailable': False, 'install_base': '/home/scott/alpha_ws/install/robot_interfaces', 'merge_install': False, 'path': '/home/scott/alpha_ws/src/robot_interfaces', 'symlink_install': False, 'test_result_base': None}
[7.951s] INFO:colcon.colcon_core.executor:Executing jobs using 'parallel' executor
[8.022s] DEBUG:colcon.colcon_parallel_executor.executor.parallel:run_until_complete
[8.023s] INFO:colcon.colcon_ros.task.ament_python.build:Building ROS package in '/home/scott/alpha_ws/src/robot' with build type 'ament_python'
[8.024s] Level 1:colcon.colcon_core.shell:create_environment_hook('robot', 'ament_prefix_path')
[8.116s] INFO:colcon.colcon_core.plugin_system:Skipping extension 'colcon_core.shell.bat': Not used on non-Windows systems
[8.117s] INFO:colcon.colcon_core.shell:Creating environment hook '/home/scott/alpha_ws/install/robot/share/robot/hook/ament_prefix_path.ps1'
[8.123s] INFO:colcon.colcon_core.shell:Creating environment descriptor '/home/scott/alpha_ws/install/robot/share/robot/hook/ament_prefix_path.dsv'
[8.126s] INFO:colcon.colcon_core.shell:Creating environment hook '/home/scott/alpha_ws/install/robot/share/robot/hook/ament_prefix_path.sh'
[8.200s] INFO:colcon.colcon_core.shell:Skip shell extension 'powershell' for command environment: Not usable outside of PowerShell
[8.201s] DEBUG:colcon.colcon_core.shell:Skip shell extension 'dsv' for command environment
[8.433s] INFO:colcon.colcon_ros.task.ament_cmake.build:Building ROS package in '/home/scott/alpha_ws/src/robot_interfaces' with build type 'ament_cmake'
[8.434s] INFO:colcon.colcon_cmake.task.cmake.build:Building CMake package in '/home/scott/alpha_ws/src/robot_interfaces'
[8.508s] INFO:colcon.colcon_core.shell:Skip shell extension 'powershell' for command environment: Not usable outside of PowerShell
[8.508s] DEBUG:colcon.colcon_core.shell:Skip shell extension 'dsv' for command environment
[10.110s] INFO:colcon.colcon_core.task.python.build:Building Python package in '/home/scott/alpha_ws/src/robot'
[10.183s] INFO:colcon.colcon_core.shell:Skip shell extension 'powershell' for command environment: Not usable outside of PowerShell
[10.184s] DEBUG:colcon.colcon_core.shell:Skip shell extension 'dsv' for command environment
[10.427s] DEBUG:colcon.colcon_core.event_handler.log_command:Invoking command in '/home/scott/alpha_ws/build/robot_interfaces': CMAKE_PREFIX_PATH=${CMAKE_PREFIX_PATH}:/home/scott/alpha_ws/install/robot:/opt/ros/humble /usr/bin/cmake --build /home/scott/alpha_ws/build/robot_interfaces -- -j4 -l4
[12.895s] DEBUG:colcon.colcon_core.event_handler.log_command:Invoking command in '/home/scott/alpha_ws/src/robot': PYTHONPATH=/home/scott/alpha_ws/build/robot/prefix_override:/home/scott/alpha_ws/install/robot/lib/python3.10/site-packages:${PYTHONPATH} /usr/bin/python3 setup.py egg_info --egg-base ../../build/robot build --build-base /home/scott/alpha_ws/build/robot/build install --record /home/scott/alpha_ws/build/robot/install.log --single-version-externally-managed
[13.457s] DEBUG:colcon.colcon_core.event_handler.log_command:Invoked command in '/home/scott/alpha_ws/build/robot_interfaces' returned '0': CMAKE_PREFIX_PATH=${CMAKE_PREFIX_PATH}:/home/scott/alpha_ws/install/robot:/opt/ros/humble /usr/bin/cmake --build /home/scott/alpha_ws/build/robot_interfaces -- -j4 -l4
[14.109s] DEBUG:colcon.colcon_core.event_handler.log_command:Invoking command in '/home/scott/alpha_ws/build/robot_interfaces': CMAKE_PREFIX_PATH=${CMAKE_PREFIX_PATH}:/home/scott/alpha_ws/install/robot:/opt/ros/humble /usr/bin/cmake --install /home/scott/alpha_ws/build/robot_interfaces
[14.566s] Level 1:colcon.colcon_core.environment:create_environment_scripts_only(robot_interfaces)
[14.568s] DEBUG:colcon.colcon_core.event_handler.log_command:Invoked command in '/home/scott/alpha_ws/build/robot_interfaces' returned '0': CMAKE_PREFIX_PATH=${CMAKE_PREFIX_PATH}:/home/scott/alpha_ws/install/robot:/opt/ros/humble /usr/bin/cmake --install /home/scott/alpha_ws/build/robot_interfaces
[14.775s] Level 1:colcon.colcon_core.environment:checking '/home/scott/alpha_ws/install/robot_interfaces' for CMake module files
[14.782s] Level 1:colcon.colcon_core.environment:checking '/home/scott/alpha_ws/install/robot_interfaces' for CMake config files
[14.788s] Level 1:colcon.colcon_core.shell:create_environment_hook('robot_interfaces', 'cmake_prefix_path')
[14.858s] INFO:colcon.colcon_core.shell:Creating environment hook '/home/scott/alpha_ws/install/robot_interfaces/share/robot_interfaces/hook/cmake_prefix_path.ps1'
[14.860s] INFO:colcon.colcon_core.shell:Creating environment descriptor '/home/scott/alpha_ws/install/robot_interfaces/share/robot_interfaces/hook/cmake_prefix_path.dsv'
[14.862s] INFO:colcon.colcon_core.shell:Creating environment hook '/home/scott/alpha_ws/install/robot_interfaces/share/robot_interfaces/hook/cmake_prefix_path.sh'
[14.866s] Level 1:colcon.colcon_core.environment:checking '/home/scott/alpha_ws/install/robot_interfaces/lib'
[14.867s] Level 1:colcon.colcon_core.shell:create_environment_hook('robot_interfaces', 'ld_library_path_lib')
[14.936s] INFO:colcon.colcon_core.shell:Creating environment hook '/home/scott/alpha_ws/install/robot_interfaces/share/robot_interfaces/hook/ld_library_path_lib.ps1'
[14.938s] INFO:colcon.colcon_core.shell:Creating environment descriptor '/home/scott/alpha_ws/install/robot_interfaces/share/robot_interfaces/hook/ld_library_path_lib.dsv'
[14.940s] INFO:colcon.colcon_core.shell:Creating environment hook '/home/scott/alpha_ws/install/robot_interfaces/share/robot_interfaces/hook/ld_library_path_lib.sh'
[14.942s] Level 1:colcon.colcon_core.environment:checking '/home/scott/alpha_ws/install/robot_interfaces/bin'
[14.943s] Level 1:colcon.colcon_core.environment:checking '/home/scott/alpha_ws/install/robot_interfaces/lib/pkgconfig/robot_interfaces.pc'
[14.944s] Level 1:colcon.colcon_core.environment:checking '/home/scott/alpha_ws/install/robot_interfaces/lib/python3.10/site-packages'
[14.945s] Level 1:colcon.colcon_core.environment:checking '/home/scott/alpha_ws/install/robot_interfaces/bin'
[15.015s] INFO:colcon.colcon_core.shell:Creating package script '/home/scott/alpha_ws/install/robot_interfaces/share/robot_interfaces/package.ps1'
[15.020s] INFO:colcon.colcon_core.shell:Creating package descriptor '/home/scott/alpha_ws/install/robot_interfaces/share/robot_interfaces/package.dsv'
[15.023s] INFO:colcon.colcon_core.shell:Creating package script '/home/scott/alpha_ws/install/robot_interfaces/share/robot_interfaces/package.sh'
[15.028s] INFO:colcon.colcon_core.shell:Creating package script '/home/scott/alpha_ws/install/robot_interfaces/share/robot_interfaces/package.bash'
[15.033s] INFO:colcon.colcon_core.shell:Creating package script '/home/scott/alpha_ws/install/robot_interfaces/share/robot_interfaces/package.zsh'
[15.038s] Level 1:colcon.colcon_core.environment:create_file_with_runtime_dependencies(/home/scott/alpha_ws/install/robot_interfaces/share/colcon-core/packages/robot_interfaces)
[15.048s] DEBUG:colcon.colcon_core.event_handler.log_command:Invoked command in '/home/scott/alpha_ws/src/robot' returned '0': PYTHONPATH=/home/scott/alpha_ws/build/robot/prefix_override:/home/scott/alpha_ws/install/robot/lib/python3.10/site-packages:${PYTHONPATH} /usr/bin/python3 setup.py egg_info --egg-base ../../build/robot build --build-base /home/scott/alpha_ws/build/robot/build install --record /home/scott/alpha_ws/build/robot/install.log --single-version-externally-managed
[15.136s] Level 1:colcon.colcon_core.environment:checking '/home/scott/alpha_ws/install/robot' for CMake module files
[15.139s] Level 1:colcon.colcon_core.environment:checking '/home/scott/alpha_ws/install/robot' for CMake config files
[15.143s] Level 1:colcon.colcon_core.environment:checking '/home/scott/alpha_ws/install/robot/lib'
[15.144s] Level 1:colcon.colcon_core.environment:checking '/home/scott/alpha_ws/install/robot/bin'
[15.144s] Level 1:colcon.colcon_core.environment:checking '/home/scott/alpha_ws/install/robot/lib/pkgconfig/robot.pc'
[15.146s] Level 1:colcon.colcon_core.environment:checking '/home/scott/alpha_ws/install/robot/lib/python3.10/site-packages'
[15.146s] Level 1:colcon.colcon_core.shell:create_environment_hook('robot', 'pythonpath')
[15.228s] INFO:colcon.colcon_core.shell:Creating environment hook '/home/scott/alpha_ws/install/robot/share/robot/hook/pythonpath.ps1'
[15.230s] INFO:colcon.colcon_core.shell:Creating environment descriptor '/home/scott/alpha_ws/install/robot/share/robot/hook/pythonpath.dsv'
[15.232s] INFO:colcon.colcon_core.shell:Creating environment hook '/home/scott/alpha_ws/install/robot/share/robot/hook/pythonpath.sh'
[15.235s] Level 1:colcon.colcon_core.environment:checking '/home/scott/alpha_ws/install/robot/bin'
[15.236s] Level 1:colcon.colcon_core.environment:create_environment_scripts_only(robot)
[15.319s] INFO:colcon.colcon_core.shell:Creating package script '/home/scott/alpha_ws/install/robot/share/robot/package.ps1'
[15.322s] INFO:colcon.colcon_core.shell:Creating package descriptor '/home/scott/alpha_ws/install/robot/share/robot/package.dsv'
[15.324s] INFO:colcon.colcon_core.shell:Creating package script '/home/scott/alpha_ws/install/robot/share/robot/package.sh'
[15.327s] INFO:colcon.colcon_core.shell:Creating package script '/home/scott/alpha_ws/install/robot/share/robot/package.bash'
[15.329s] INFO:colcon.colcon_core.shell:Creating package script '/home/scott/alpha_ws/install/robot/share/robot/package.zsh'
[15.331s] Level 1:colcon.colcon_core.environment:create_file_with_runtime_dependencies(/home/scott/alpha_ws/install/robot/share/colcon-core/packages/robot)
[15.745s] Level 1:colcon.colcon_core.environment:create_environment_scripts_only(robot_interfaces)
[15.816s] Level 1:colcon.colcon_core.environment:checking '/home/scott/alpha_ws/install/robot_interfaces' for CMake module files
[15.821s] Level 1:colcon.colcon_core.environment:checking '/home/scott/alpha_ws/install/robot_interfaces' for CMake config files
[15.826s] Level 1:colcon.colcon_core.shell:create_environment_hook('robot_interfaces', 'cmake_prefix_path')
[15.896s] INFO:colcon.colcon_core.shell:Creating environment hook '/home/scott/alpha_ws/install/robot_interfaces/share/robot_interfaces/hook/cmake_prefix_path.ps1'
[15.898s] INFO:colcon.colcon_core.shell:Creating environment descriptor '/home/scott/alpha_ws/install/robot_interfaces/share/robot_interfaces/hook/cmake_prefix_path.dsv'
[15.900s] INFO:colcon.colcon_core.shell:Creating environment hook '/home/scott/alpha_ws/install/robot_interfaces/share/robot_interfaces/hook/cmake_prefix_path.sh'
[15.903s] Level 1:colcon.colcon_core.environment:checking '/home/scott/alpha_ws/install/robot_interfaces/lib'
[15.903s] Level 1:colcon.colcon_core.shell:create_environment_hook('robot_interfaces', 'ld_library_path_lib')
[15.975s] INFO:colcon.colcon_core.shell:Creating environment hook '/home/scott/alpha_ws/install/robot_interfaces/share/robot_interfaces/hook/ld_library_path_lib.ps1'
[15.977s] INFO:colcon.colcon_core.shell:Creating environment descriptor '/home/scott/alpha_ws/install/robot_interfaces/share/robot_interfaces/hook/ld_library_path_lib.dsv'
[15.979s] INFO:colcon.colcon_core.shell:Creating environment hook '/home/scott/alpha_ws/install/robot_interfaces/share/robot_interfaces/hook/ld_library_path_lib.sh'
[15.981s] Level 1:colcon.colcon_core.environment:checking '/home/scott/alpha_ws/install/robot_interfaces/bin'
[15.982s] Level 1:colcon.colcon_core.environment:checking '/home/scott/alpha_ws/install/robot_interfaces/lib/pkgconfig/robot_interfaces.pc'
[15.983s] Level 1:colcon.colcon_core.environment:checking '/home/scott/alpha_ws/install/robot_interfaces/lib/python3.10/site-packages'
[15.984s] Level 1:colcon.colcon_core.environment:checking '/home/scott/alpha_ws/install/robot_interfaces/bin'
[16.054s] INFO:colcon.colcon_core.shell:Creating package script '/home/scott/alpha_ws/install/robot_interfaces/share/robot_interfaces/package.ps1'
[16.057s] INFO:colcon.colcon_core.shell:Creating package descriptor '/home/scott/alpha_ws/install/robot_interfaces/share/robot_interfaces/package.dsv'
[16.060s] INFO:colcon.colcon_core.shell:Creating package script '/home/scott/alpha_ws/install/robot_interfaces/share/robot_interfaces/package.sh'
[16.063s] INFO:colcon.colcon_core.shell:Creating package script '/home/scott/alpha_ws/install/robot_interfaces/share/robot_interfaces/package.bash'
[16.065s] INFO:colcon.colcon_core.shell:Creating package script '/home/scott/alpha_ws/install/robot_interfaces/share/robot_interfaces/package.zsh'
[16.067s] Level 1:colcon.colcon_core.environment:create_file_with_runtime_dependencies(/home/scott/alpha_ws/install/robot_interfaces/share/colcon-core/packages/robot_interfaces)
[16.068s] DEBUG:colcon.colcon_parallel_executor.executor.parallel:closing loop
[16.069s] DEBUG:colcon.colcon_parallel_executor.executor.parallel:loop closed
[16.070s] DEBUG:colcon.colcon_parallel_executor.executor.parallel:run_until_complete finished with '0'
[16.071s] DEBUG:colcon.colcon_core.event_reactor:joining thread
[16.201s] INFO:colcon.colcon_core.plugin_system:Skipping extension 'colcon_notification.desktop_notification.terminal_notifier': Not used on non-Darwin systems
[16.201s] INFO:colcon.colcon_core.plugin_system:Skipping extension 'colcon_notification.desktop_notification.win32': Not used on non-Windows systems
[16.201s] INFO:colcon.colcon_notification.desktop_notification:Sending desktop notification using 'notify2'
[16.489s] DEBUG:colcon.colcon_core.event_reactor:joined thread
[16.630s] INFO:colcon.colcon_core.shell:Creating prefix script '/home/scott/alpha_ws/install/local_setup.ps1'
[16.637s] INFO:colcon.colcon_core.shell:Creating prefix util module '/home/scott/alpha_ws/install/_local_setup_util_ps1.py'
[16.646s] INFO:colcon.colcon_core.shell:Creating prefix chain script '/home/scott/alpha_ws/install/setup.ps1'
[16.754s] INFO:colcon.colcon_core.shell:Creating prefix script '/home/scott/alpha_ws/install/local_setup.sh'
[16.758s] INFO:colcon.colcon_core.shell:Creating prefix util module '/home/scott/alpha_ws/install/_local_setup_util_sh.py'
[16.761s] INFO:colcon.colcon_core.shell:Creating prefix chain script '/home/scott/alpha_ws/install/setup.sh'
[16.838s] INFO:colcon.colcon_core.shell:Creating prefix script '/home/scott/alpha_ws/install/local_setup.bash'
[16.841s] INFO:colcon.colcon_core.shell:Creating prefix chain script '/home/scott/alpha_ws/install/setup.bash'
[16.915s] INFO:colcon.colcon_core.shell:Creating prefix script '/home/scott/alpha_ws/install/local_setup.zsh'
[16.918s] INFO:colcon.colcon_core.shell:Creating prefix chain script '/home/scott/alpha_ws/install/setup.zsh'
