[4.217s] Invoking command in '/home/scott/alpha_ws/src/robot': PYTHONPATH=/home/scott/alpha_ws/build/robot/prefix_override:/home/scott/alpha_ws/install/robot/lib/python3.10/site-packages:${PYTHONPATH} /usr/bin/python3 setup.py egg_info --egg-base ../../build/robot build --build-base /home/scott/alpha_ws/build/robot/build install --record /home/scott/alpha_ws/build/robot/install.log --single-version-externally-managed
[5.566s] running egg_info
[5.569s] writing ../../build/robot/robot.egg-info/PKG-INFO
[5.571s] writing dependency_links to ../../build/robot/robot.egg-info/dependency_links.txt
[5.573s] writing entry points to ../../build/robot/robot.egg-info/entry_points.txt
[5.574s] writing requirements to ../../build/robot/robot.egg-info/requires.txt
[5.575s] writing top-level names to ../../build/robot/robot.egg-info/top_level.txt
[5.585s] reading manifest file '../../build/robot/robot.egg-info/SOURCES.txt'
[5.588s] adding license file 'LICENSE'
[5.591s] writing manifest file '../../build/robot/robot.egg-info/SOURCES.txt'
[5.592s] running build
[5.592s] running build_py
[5.593s] copying robot/rpm_publisher_right.py -> /home/scott/alpha_ws/build/robot/build/lib/robot
[5.595s] copying robot/rpm_publisher_left.py -> /home/scott/alpha_ws/build/robot/build/lib/robot
[5.596s] copying robot/pid_controller_right.py -> /home/scott/alpha_ws/build/robot/build/lib/robot
[5.598s] copying robot/pid_controller_left copy.py -> /home/scott/alpha_ws/build/robot/build/lib/robot
[5.600s] copying robot/pid_controller_left.py -> /home/scott/alpha_ws/build/robot/build/lib/robot
[5.601s] copying robot/pid_controller_right copy.py -> /home/scott/alpha_ws/build/robot/build/lib/robot
[5.603s] running install
[5.604s] running install_lib
[5.608s] copying /home/scott/alpha_ws/build/robot/build/lib/robot/rpm_publisher_right.py -> /home/scott/alpha_ws/install/robot/lib/python3.10/site-packages/robot
[5.609s] copying /home/scott/alpha_ws/build/robot/build/lib/robot/rpm_publisher_left.py -> /home/scott/alpha_ws/install/robot/lib/python3.10/site-packages/robot
[5.610s] copying /home/scott/alpha_ws/build/robot/build/lib/robot/pid_controller_right.py -> /home/scott/alpha_ws/install/robot/lib/python3.10/site-packages/robot
[5.612s] copying /home/scott/alpha_ws/build/robot/build/lib/robot/pid_controller_left copy.py -> /home/scott/alpha_ws/install/robot/lib/python3.10/site-packages/robot
[5.614s] copying /home/scott/alpha_ws/build/robot/build/lib/robot/pid_controller_left.py -> /home/scott/alpha_ws/install/robot/lib/python3.10/site-packages/robot
[5.615s] copying /home/scott/alpha_ws/build/robot/build/lib/robot/pid_controller_right copy.py -> /home/scott/alpha_ws/install/robot/lib/python3.10/site-packages/robot
[5.618s] byte-compiling /home/scott/alpha_ws/install/robot/lib/python3.10/site-packages/robot/rpm_publisher_right.py to rpm_publisher_right.cpython-310.pyc
[5.622s] byte-compiling /home/scott/alpha_ws/install/robot/lib/python3.10/site-packages/robot/rpm_publisher_left.py to rpm_publisher_left.cpython-310.pyc
[5.625s] byte-compiling /home/scott/alpha_ws/install/robot/lib/python3.10/site-packages/robot/pid_controller_right.py to pid_controller_right.cpython-310.pyc
[5.626s]   File "/home/scott/alpha_ws/install/robot/lib/python3.10/site-packages/robot/pid_controller_right.py", line 1
[5.626s]     rightimport rclpy
[5.627s]                 ^^^^^
[5.627s] SyntaxError: invalid syntax
[5.627s] 
[5.628s] byte-compiling /home/scott/alpha_ws/install/robot/lib/python3.10/site-packages/robot/pid_controller_left copy.py to pid_controller_left copy.cpython-310.pyc
[5.630s] byte-compiling /home/scott/alpha_ws/install/robot/lib/python3.10/site-packages/robot/pid_controller_left.py to pid_controller_left.cpython-310.pyc
[5.631s]   File "/home/scott/alpha_ws/install/robot/lib/python3.10/site-packages/robot/pid_controller_left.py", line 17
[5.632s]     UNCOMMENT IF USING PID
[5.632s]               ^^
[5.633s] SyntaxError: invalid syntax
[5.633s] 
[5.634s] byte-compiling /home/scott/alpha_ws/install/robot/lib/python3.10/site-packages/robot/pid_controller_right copy.py to pid_controller_right copy.cpython-310.pyc
[5.635s] running install_data
[5.637s] running install_egg_info
[5.645s] removing '/home/scott/alpha_ws/install/robot/lib/python3.10/site-packages/robot-0.0.0-py3.10.egg-info' (and everything under it)
[5.647s] Copying ../../build/robot/robot.egg-info to /home/scott/alpha_ws/install/robot/lib/python3.10/site-packages/robot-0.0.0-py3.10.egg-info
[5.654s] running install_scripts
[5.741s] Installing encoder_publisher script to /home/scott/alpha_ws/install/robot/lib/robot
[5.742s] Installing encoder_publisher_left script to /home/scott/alpha_ws/install/robot/lib/robot
[5.743s] Installing encoder_publisher_right script to /home/scott/alpha_ws/install/robot/lib/robot
[5.745s] Installing imu_publisher script to /home/scott/alpha_ws/install/robot/lib/robot
[5.745s] Installing motor_controller script to /home/scott/alpha_ws/install/robot/lib/robot
[5.746s] Installing motor_driver script to /home/scott/alpha_ws/install/robot/lib/robot
[5.747s] Installing odom_publisher script to /home/scott/alpha_ws/install/robot/lib/robot
[5.748s] Installing pid_controller_left script to /home/scott/alpha_ws/install/robot/lib/robot
[5.749s] Installing pid_controller_right script to /home/scott/alpha_ws/install/robot/lib/robot
[5.750s] Installing rpm_publisher_left script to /home/scott/alpha_ws/install/robot/lib/robot
[5.751s] Installing rpm_publisher_right script to /home/scott/alpha_ws/install/robot/lib/robot
[5.754s] writing list of installed files to '/home/scott/alpha_ws/build/robot/install.log'
[5.887s] Invoked command in '/home/scott/alpha_ws/src/robot' returned '0': PYTHONPATH=/home/scott/alpha_ws/build/robot/prefix_override:/home/scott/alpha_ws/install/robot/lib/python3.10/site-packages:${PYTHONPATH} /usr/bin/python3 setup.py egg_info --egg-base ../../build/robot build --build-base /home/scott/alpha_ws/build/robot/build install --record /home/scott/alpha_ws/build/robot/install.log --single-version-externally-managed
