[2.553s] Invoking command in '/home/jetson/beta_ws/src/robot': PYTHONPATH=/home/jetson/beta_ws/build/robot/prefix_override:/home/jetson/beta_ws/install/robot/lib/python3.8/site-packages:${PYTHONPATH} /usr/bin/python3 setup.py egg_info --egg-base ../../build/robot build --build-base /home/jetson/beta_ws/build/robot/build install --record /home/jetson/beta_ws/build/robot/install.log --install-scripts $base/lib/robot --single-version-externally-managed
[3.309s] running egg_info
[3.311s] writing ../../build/robot/robot.egg-info/PKG-INFO
[3.313s] writing dependency_links to ../../build/robot/robot.egg-info/dependency_links.txt
[3.314s] writing entry points to ../../build/robot/robot.egg-info/entry_points.txt
[3.314s] writing requirements to ../../build/robot/robot.egg-info/requires.txt
[3.314s] writing top-level names to ../../build/robot/robot.egg-info/top_level.txt
[3.440s] reading manifest file '../../build/robot/robot.egg-info/SOURCES.txt'
[3.443s] writing manifest file '../../build/robot/robot.egg-info/SOURCES.txt'
[3.444s] running build
[3.445s] running build_py
[3.445s] copying robot/motor_driver.py -> /home/jetson/beta_ws/build/robot/build/lib/robot
[3.446s] running install
[3.449s] running install_lib
[3.452s] copying /home/jetson/beta_ws/build/robot/build/lib/robot/motor_driver.py -> /home/jetson/beta_ws/install/robot/lib/python3.8/site-packages/robot
[3.455s] byte-compiling /home/jetson/beta_ws/install/robot/lib/python3.8/site-packages/robot/motor_driver.py to motor_driver.cpython-38.pyc
[3.459s] running install_data
[3.461s] running install_egg_info
[3.466s] removing '/home/jetson/beta_ws/install/robot/lib/python3.8/site-packages/robot-0.0.0-py3.8.egg-info' (and everything under it)
[3.467s] Copying ../../build/robot/robot.egg-info to /home/jetson/beta_ws/install/robot/lib/python3.8/site-packages/robot-0.0.0-py3.8.egg-info
[3.470s] running install_scripts
[3.525s] Installing motor_controller script to /home/jetson/beta_ws/install/robot/lib/robot
[3.526s] Installing motor_driver script to /home/jetson/beta_ws/install/robot/lib/robot
[3.527s] writing list of installed files to '/home/jetson/beta_ws/build/robot/install.log'
[3.625s] Invoked command in '/home/jetson/beta_ws/src/robot' returned '0': PYTHONPATH=/home/jetson/beta_ws/build/robot/prefix_override:/home/jetson/beta_ws/install/robot/lib/python3.8/site-packages:${PYTHONPATH} /usr/bin/python3 setup.py egg_info --egg-base ../../build/robot build --build-base /home/jetson/beta_ws/build/robot/build install --record /home/jetson/beta_ws/build/robot/install.log --install-scripts $base/lib/robot --single-version-externally-managed
