[3.919s] Invoking command in '/home/scott/alpha_ws/src/robot': PYTHONPATH=/home/scott/alpha_ws/build/robot/prefix_override:/home/scott/alpha_ws/install/robot/lib/python3.10/site-packages:${PYTHONPATH} /usr/bin/python3 setup.py egg_info --egg-base ../../build/robot build --build-base /home/scott/alpha_ws/build/robot/build install --record /home/scott/alpha_ws/build/robot/install.log --single-version-externally-managed
[5.260s] running egg_info
[5.263s] writing ../../build/robot/robot.egg-info/PKG-INFO
[5.264s] writing dependency_links to ../../build/robot/robot.egg-info/dependency_links.txt
[5.266s] writing entry points to ../../build/robot/robot.egg-info/entry_points.txt
[5.267s] writing requirements to ../../build/robot/robot.egg-info/requires.txt
[5.268s] writing top-level names to ../../build/robot/robot.egg-info/top_level.txt
[5.278s] reading manifest file '../../build/robot/robot.egg-info/SOURCES.txt'
[5.279s] adding license file 'LICENSE'
[5.282s] writing manifest file '../../build/robot/robot.egg-info/SOURCES.txt'
[5.283s] running build
[5.283s] running build_py
[5.285s] copying robot/pid_controller_right.py -> /home/scott/alpha_ws/build/robot/build/lib/robot
[5.287s] running install
[5.289s] running install_lib
[5.293s] copying /home/scott/alpha_ws/build/robot/build/lib/robot/pid_controller_right.py -> /home/scott/alpha_ws/install/robot/lib/python3.10/site-packages/robot
[5.297s] byte-compiling /home/scott/alpha_ws/install/robot/lib/python3.10/site-packages/robot/pid_controller_right.py to pid_controller_right.cpython-310.pyc
[5.301s] running install_data
[5.305s] running install_egg_info
[5.313s] removing '/home/scott/alpha_ws/install/robot/lib/python3.10/site-packages/robot-0.0.0-py3.10.egg-info' (and everything under it)
[5.315s] Copying ../../build/robot/robot.egg-info to /home/scott/alpha_ws/install/robot/lib/python3.10/site-packages/robot-0.0.0-py3.10.egg-info
[5.321s] running install_scripts
[5.409s] Installing encoder_publisher_right script to /home/scott/alpha_ws/install/robot/lib/robot
[5.410s] Installing motor_controller script to /home/scott/alpha_ws/install/robot/lib/robot
[5.411s] Installing motor_driver script to /home/scott/alpha_ws/install/robot/lib/robot
[5.412s] Installing pid_controller_right script to /home/scott/alpha_ws/install/robot/lib/robot
[5.413s] Installing rpm_publisher_right script to /home/scott/alpha_ws/install/robot/lib/robot
[5.416s] writing list of installed files to '/home/scott/alpha_ws/build/robot/install.log'
[5.552s] Invoked command in '/home/scott/alpha_ws/src/robot' returned '0': PYTHONPATH=/home/scott/alpha_ws/build/robot/prefix_override:/home/scott/alpha_ws/install/robot/lib/python3.10/site-packages:${PYTHONPATH} /usr/bin/python3 setup.py egg_info --egg-base ../../build/robot build --build-base /home/scott/alpha_ws/build/robot/build install --record /home/scott/alpha_ws/build/robot/install.log --single-version-externally-managed
