[2.586s] Invoking command in '/home/jetson/v2_ros2_ws/build/robot_interfaces': CMAKE_PREFIX_PATH=${CMAKE_PREFIX_PATH}:/home/jetson/alpha_ws/install/robot_description:/home/jetson/alpha_ws/install/robot_bringup:/home/jetson/alpha_ws/install/robot:/opt/ros/foxy /usr/bin/cmake --build /home/jetson/v2_ros2_ws/build/robot_interfaces -- -j4 -l4
[2.673s] CMake Error: The current CMakeCache.txt directory /home/jetson/v2_ros2_ws/build/robot_interfaces/CMakeCache.txt is different than the directory /home/jetson/ros2_ws/build/robot_interfaces where CMakeCache.txt was created. This may result in binaries being created in the wrong place. If you are not sure, reedit the CMakeCache.txt
[2.828s] -- Found ament_cmake: 0.9.12 (/opt/ros/foxy/share/ament_cmake/cmake)
[2.939s] -- Found PythonInterp: /usr/bin/python3 (found suitable version "3.8.10", minimum required is "3") 
[2.940s] -- Using PYTHON_EXECUTABLE: /usr/bin/python3
[3.864s] -- Found rosidl_default_generators: 1.0.1 (/opt/ros/foxy/share/rosidl_default_generators/cmake)
[3.892s] -- Using all available rosidl_typesupport_c: rosidl_typesupport_fastrtps_c;rosidl_typesupport_introspection_c
[3.914s] -- Found rosidl_adapter: 1.3.1 (/opt/ros/foxy/share/rosidl_adapter/cmake)
[4.629s] -- Using all available rosidl_typesupport_cpp: rosidl_typesupport_fastrtps_cpp;rosidl_typesupport_introspection_cpp
[4.842s] -- Found PythonInterp: /usr/bin/python3 (found version "3.8.10") 
[5.372s] -- Found ament_cmake_ros: 0.9.2 (/opt/ros/foxy/share/ament_cmake_ros/cmake)
[5.796s] -- Using all available rosidl_typesupport_c: rosidl_typesupport_fastrtps_c;rosidl_typesupport_introspection_c
[5.836s] -- Using all available rosidl_typesupport_cpp: rosidl_typesupport_fastrtps_cpp;rosidl_typesupport_introspection_cpp
[5.925s] -- Found PythonInterp: /usr/bin/python3 (found suitable version "3.8.10", minimum required is "3.5") 
[5.928s] -- Found python_cmake_module: 0.8.1 (/opt/ros/foxy/share/python_cmake_module/cmake)
[6.016s] -- Using PYTHON_EXECUTABLE: /usr/bin/python3
[6.017s] -- Using PYTHON_INCLUDE_DIRS: /usr/include/python3.8
[6.017s] -- Using PYTHON_LIBRARIES: /usr/lib/aarch64-linux-gnu/libpython3.8.so
[6.079s] -- Found ament_lint_auto: 0.9.8 (/opt/ros/foxy/share/ament_lint_auto/cmake)
[6.172s] -- Added test 'copyright' to check source files copyright and LICENSE
[6.188s] -- Added test 'lint_cmake' to check CMake code style
[6.195s] -- Added test 'xmllint' to check XML markup files
[6.223s] -- Configuring done
[6.444s] -- Generating done
[6.454s] -- Build files have been written to: /home/jetson/ros2_ws/build/robot_interfaces
[6.590s] [  1%] Built target robot_interfaces__cpp
[6.598s] [ 10%] Built target robot_interfaces__rosidl_generator_c
[6.688s] [ 29%] Built target robot_interfaces__rosidl_typesupport_c
[6.688s] [ 29%] Built target robot_interfaces__rosidl_typesupport_cpp
[6.695s] [ 38%] Built target robot_interfaces__rosidl_typesupport_introspection_cpp
[6.719s] [ 47%] Built target robot_interfaces__rosidl_typesupport_fastrtps_cpp
[6.774s] [ 56%] Built target robot_interfaces__rosidl_typesupport_introspection_c
[6.821s] [ 65%] Built target robot_interfaces__rosidl_typesupport_fastrtps_c
[6.860s] make[2]: *** No rule to make target '/home/jetson/ros2_ws/src/robot_interfaces/msg/WheelRPM.msg', needed by 'CMakeFiles/robot_interfaces'.  Stop.
[6.860s] make[1]: *** [CMakeFiles/Makefile2:359: CMakeFiles/robot_interfaces.dir/all] Error 2
[6.861s] make: *** [Makefile:141: all] Error 2
