[5.450s] Invoking command in '/home/scott/alpha_ws/src/robot': PYTHONPATH=/home/scott/alpha_ws/build/robot/prefix_override:/home/scott/alpha_ws/install/robot/lib/python3.10/site-packages:${PYTHONPATH} /usr/bin/python3 setup.py egg_info --egg-base ../../build/robot build --build-base /home/scott/alpha_ws/build/robot/build install --record /home/scott/alpha_ws/build/robot/install.log --single-version-externally-managed
[7.113s] running egg_info
[7.116s] writing ../../build/robot/robot.egg-info/PKG-INFO
[7.118s] writing dependency_links to ../../build/robot/robot.egg-info/dependency_links.txt
[7.119s] writing entry points to ../../build/robot/robot.egg-info/entry_points.txt
[7.120s] writing requirements to ../../build/robot/robot.egg-info/requires.txt
[7.124s] writing top-level names to ../../build/robot/robot.egg-info/top_level.txt
[7.133s] reading manifest file '../../build/robot/robot.egg-info/SOURCES.txt'
[7.138s] adding license file 'LICENSE'
[7.140s] writing manifest file '../../build/robot/robot.egg-info/SOURCES.txt'
[7.141s] running build
[7.141s] running build_py
[7.148s] copying robot/encoder_publisher_right.py -> /home/scott/alpha_ws/build/robot/build/lib/robot
[7.150s] running install
[7.158s] running install_lib
[7.162s] copying /home/scott/alpha_ws/build/robot/build/lib/robot/encoder_publisher_right.py -> /home/scott/alpha_ws/install/robot/lib/python3.10/site-packages/robot
[7.163s] byte-compiling /home/scott/alpha_ws/install/robot/lib/python3.10/site-packages/robot/encoder_publisher_right.py to encoder_publisher_right.cpython-310.pyc
[7.163s] running install_data
[7.172s] running install_egg_info
[7.177s] removing '/home/scott/alpha_ws/install/robot/lib/python3.10/site-packages/robot-0.0.0-py3.10.egg-info' (and everything under it)
[7.178s] Copying ../../build/robot/robot.egg-info to /home/scott/alpha_ws/install/robot/lib/python3.10/site-packages/robot-0.0.0-py3.10.egg-info
[7.187s] running install_scripts
[7.286s] Installing encoder_publisher_right script to /home/scott/alpha_ws/install/robot/lib/robot
[7.287s] Installing motor_controller script to /home/scott/alpha_ws/install/robot/lib/robot
[7.288s] Installing motor_driver script to /home/scott/alpha_ws/install/robot/lib/robot
[7.289s] Installing pid_controller_right script to /home/scott/alpha_ws/install/robot/lib/robot
[7.292s] Installing rpm_publisher_right script to /home/scott/alpha_ws/install/robot/lib/robot
[7.293s] writing list of installed files to '/home/scott/alpha_ws/build/robot/install.log'
[7.459s] Invoked command in '/home/scott/alpha_ws/src/robot' returned '0': PYTHONPATH=/home/scott/alpha_ws/build/robot/prefix_override:/home/scott/alpha_ws/install/robot/lib/python3.10/site-packages:${PYTHONPATH} /usr/bin/python3 setup.py egg_info --egg-base ../../build/robot build --build-base /home/scott/alpha_ws/build/robot/build install --record /home/scott/alpha_ws/build/robot/install.log --single-version-externally-managed
