[5.278s] DEBUG:colcon:Command line arguments: ['/usr/bin/colcon', 'build', '--packages-select', 'robot_bringup']
[5.278s] DEBUG:colcon:Parsed command line arguments: Namespace(log_base=None, log_level=None, verb_name='build', build_base='build', install_base='install', merge_install=False, symlink_install=False, test_result_base=None, continue_on_error=False, executor='parallel', parallel_workers=4, event_handlers=None, ignore_user_meta=False, metas=['./colcon.meta'], base_paths=['.'], packages_ignore=None, packages_ignore_regex=None, paths=None, packages_up_to=None, packages_up_to_regex=None, packages_above=None, packages_above_and_dependencies=None, packages_above_depth=None, packages_select_by_dep=None, packages_skip_by_dep=None, packages_skip_up_to=None, packages_select_build_failed=False, packages_skip_build_finished=False, packages_select_test_failures=False, packages_skip_test_passed=False, packages_select=['robot_bringup'], packages_skip=None, packages_select_regex=None, packages_skip_regex=None, packages_start=None, packages_end=None, allow_overriding=[], cmake_args=None, cmake_target=None, cmake_target_skip_unavailable=False, cmake_clean_cache=False, cmake_clean_first=False, cmake_force_configure=False, ament_cmake_args=None, catkin_cmake_args=None, catkin_skip_building_tests=False, verb_parser=<colcon_defaults.argument_parser.defaults.DefaultArgumentsDecorator object at 0xffff98f770a0>, verb_extension=<colcon_core.verb.build.BuildVerb object at 0xffff99210580>, main=<bound method BuildVerb.main of <colcon_core.verb.build.BuildVerb object at 0xffff99210580>>)
[5.515s] Level 1:colcon.colcon_core.package_discovery:discover_packages(colcon_meta) check parameters
[5.515s] Level 1:colcon.colcon_core.package_discovery:discover_packages(recursive) check parameters
[5.516s] Level 1:colcon.colcon_core.package_discovery:discover_packages(ignore) check parameters
[5.516s] Level 1:colcon.colcon_core.package_discovery:discover_packages(path) check parameters
[5.516s] Level 1:colcon.colcon_core.package_discovery:discover_packages(colcon_meta) discover
[5.516s] Level 1:colcon.colcon_core.package_discovery:discover_packages(recursive) discover
[5.516s] INFO:colcon.colcon_core.package_discovery:Crawling recursively for packages in '/home/scott/alpha_ws'
[5.517s] Level 1:colcon.colcon_core.package_identification:_identify(.) by extensions ['ignore', 'ignore_ament_install']
[5.517s] Level 1:colcon.colcon_core.package_identification:_identify(.) by extension 'ignore'
[5.518s] Level 1:colcon.colcon_core.package_identification:_identify(.) by extension 'ignore_ament_install'
[5.518s] Level 1:colcon.colcon_core.package_identification:_identify(.) by extensions ['colcon_pkg']
[5.518s] Level 1:colcon.colcon_core.package_identification:_identify(.) by extension 'colcon_pkg'
[5.519s] Level 1:colcon.colcon_core.package_identification:_identify(.) by extensions ['colcon_meta']
[5.519s] Level 1:colcon.colcon_core.package_identification:_identify(.) by extension 'colcon_meta'
[5.519s] Level 1:colcon.colcon_core.package_identification:_identify(.) by extensions ['ros']
[5.519s] Level 1:colcon.colcon_core.package_identification:_identify(.) by extension 'ros'
[5.572s] Level 1:colcon.colcon_core.package_identification:_identify(.) by extensions ['cmake', 'python']
[5.572s] Level 1:colcon.colcon_core.package_identification:_identify(.) by extension 'cmake'
[5.572s] Level 1:colcon.colcon_core.package_identification:_identify(.) by extension 'python'
[5.573s] Level 1:colcon.colcon_core.package_identification:_identify(.) by extensions ['python_setup_py']
[5.573s] Level 1:colcon.colcon_core.package_identification:_identify(.) by extension 'python_setup_py'
[5.574s] Level 1:colcon.colcon_core.package_identification:_identify(build) by extensions ['ignore', 'ignore_ament_install']
[5.574s] Level 1:colcon.colcon_core.package_identification:_identify(build) by extension 'ignore'
[5.574s] Level 1:colcon.colcon_core.package_identification:_identify(build) ignored
[5.575s] Level 1:colcon.colcon_core.package_identification:_identify(install) by extensions ['ignore', 'ignore_ament_install']
[5.576s] Level 1:colcon.colcon_core.package_identification:_identify(install) by extension 'ignore'
[5.576s] Level 1:colcon.colcon_core.package_identification:_identify(install) ignored
[5.581s] Level 1:colcon.colcon_core.package_identification:_identify(log) by extensions ['ignore', 'ignore_ament_install']
[5.581s] Level 1:colcon.colcon_core.package_identification:_identify(log) by extension 'ignore'
[5.582s] Level 1:colcon.colcon_core.package_identification:_identify(log) ignored
[5.582s] Level 1:colcon.colcon_core.package_identification:_identify(src) by extensions ['ignore', 'ignore_ament_install']
[5.583s] Level 1:colcon.colcon_core.package_identification:_identify(src) by extension 'ignore'
[5.583s] Level 1:colcon.colcon_core.package_identification:_identify(src) by extension 'ignore_ament_install'
[5.584s] Level 1:colcon.colcon_core.package_identification:_identify(src) by extensions ['colcon_pkg']
[5.584s] Level 1:colcon.colcon_core.package_identification:_identify(src) by extension 'colcon_pkg'
[5.584s] Level 1:colcon.colcon_core.package_identification:_identify(src) by extensions ['colcon_meta']
[5.584s] Level 1:colcon.colcon_core.package_identification:_identify(src) by extension 'colcon_meta'
[5.584s] Level 1:colcon.colcon_core.package_identification:_identify(src) by extensions ['ros']
[5.585s] Level 1:colcon.colcon_core.package_identification:_identify(src) by extension 'ros'
[5.585s] Level 1:colcon.colcon_core.package_identification:_identify(src) by extensions ['cmake', 'python']
[5.585s] Level 1:colcon.colcon_core.package_identification:_identify(src) by extension 'cmake'
[5.585s] Level 1:colcon.colcon_core.package_identification:_identify(src) by extension 'python'
[5.586s] Level 1:colcon.colcon_core.package_identification:_identify(src) by extensions ['python_setup_py']
[5.586s] Level 1:colcon.colcon_core.package_identification:_identify(src) by extension 'python_setup_py'
[5.586s] Level 1:colcon.colcon_core.package_identification:_identify(src/robot) by extensions ['ignore', 'ignore_ament_install']
[5.587s] Level 1:colcon.colcon_core.package_identification:_identify(src/robot) by extension 'ignore'
[5.587s] Level 1:colcon.colcon_core.package_identification:_identify(src/robot) by extension 'ignore_ament_install'
[5.588s] Level 1:colcon.colcon_core.package_identification:_identify(src/robot) by extensions ['colcon_pkg']
[5.588s] Level 1:colcon.colcon_core.package_identification:_identify(src/robot) by extension 'colcon_pkg'
[5.588s] Level 1:colcon.colcon_core.package_identification:_identify(src/robot) by extensions ['colcon_meta']
[5.588s] Level 1:colcon.colcon_core.package_identification:_identify(src/robot) by extension 'colcon_meta'
[5.588s] Level 1:colcon.colcon_core.package_identification:_identify(src/robot) by extensions ['ros']
[5.589s] Level 1:colcon.colcon_core.package_identification:_identify(src/robot) by extension 'ros'
[5.598s] DEBUG:colcon.colcon_core.package_identification:Package 'src/robot' with type 'ros.ament_python' and name 'robot'
[5.599s] Level 1:colcon.colcon_core.package_identification:_identify(src/robot_bringup) by extensions ['ignore', 'ignore_ament_install']
[5.600s] Level 1:colcon.colcon_core.package_identification:_identify(src/robot_bringup) by extension 'ignore'
[5.600s] Level 1:colcon.colcon_core.package_identification:_identify(src/robot_bringup) by extension 'ignore_ament_install'
[5.600s] Level 1:colcon.colcon_core.package_identification:_identify(src/robot_bringup) by extensions ['colcon_pkg']
[5.600s] Level 1:colcon.colcon_core.package_identification:_identify(src/robot_bringup) by extension 'colcon_pkg'
[5.601s] Level 1:colcon.colcon_core.package_identification:_identify(src/robot_bringup) by extensions ['colcon_meta']
[5.601s] Level 1:colcon.colcon_core.package_identification:_identify(src/robot_bringup) by extension 'colcon_meta'
[5.601s] Level 1:colcon.colcon_core.package_identification:_identify(src/robot_bringup) by extensions ['ros']
[5.601s] Level 1:colcon.colcon_core.package_identification:_identify(src/robot_bringup) by extension 'ros'
[5.604s] DEBUG:colcon.colcon_core.package_identification:Package 'src/robot_bringup' with type 'ros.ament_python' and name 'robot_bringup'
[5.605s] Level 1:colcon.colcon_core.package_identification:_identify(src/robot_description) by extensions ['ignore', 'ignore_ament_install']
[5.605s] Level 1:colcon.colcon_core.package_identification:_identify(src/robot_description) by extension 'ignore'
[5.605s] Level 1:colcon.colcon_core.package_identification:_identify(src/robot_description) by extension 'ignore_ament_install'
[5.606s] Level 1:colcon.colcon_core.package_identification:_identify(src/robot_description) by extensions ['colcon_pkg']
[5.606s] Level 1:colcon.colcon_core.package_identification:_identify(src/robot_description) by extension 'colcon_pkg'
[5.606s] Level 1:colcon.colcon_core.package_identification:_identify(src/robot_description) by extensions ['colcon_meta']
[5.606s] Level 1:colcon.colcon_core.package_identification:_identify(src/robot_description) by extension 'colcon_meta'
[5.607s] Level 1:colcon.colcon_core.package_identification:_identify(src/robot_description) by extensions ['ros']
[5.607s] Level 1:colcon.colcon_core.package_identification:_identify(src/robot_description) by extension 'ros'
[5.609s] DEBUG:colcon.colcon_core.package_identification:Package 'src/robot_description' with type 'ros.ament_python' and name 'robot_description'
[5.610s] Level 1:colcon.colcon_core.package_identification:_identify(src/robot_interfaces) by extensions ['ignore', 'ignore_ament_install']
[5.610s] Level 1:colcon.colcon_core.package_identification:_identify(src/robot_interfaces) by extension 'ignore'
[5.611s] Level 1:colcon.colcon_core.package_identification:_identify(src/robot_interfaces) by extension 'ignore_ament_install'
[5.611s] Level 1:colcon.colcon_core.package_identification:_identify(src/robot_interfaces) by extensions ['colcon_pkg']
[5.611s] Level 1:colcon.colcon_core.package_identification:_identify(src/robot_interfaces) by extension 'colcon_pkg'
[5.612s] Level 1:colcon.colcon_core.package_identification:_identify(src/robot_interfaces) by extensions ['colcon_meta']
[5.612s] Level 1:colcon.colcon_core.package_identification:_identify(src/robot_interfaces) by extension 'colcon_meta'
[5.612s] Level 1:colcon.colcon_core.package_identification:_identify(src/robot_interfaces) by extensions ['ros']
[5.612s] Level 1:colcon.colcon_core.package_identification:_identify(src/robot_interfaces) by extension 'ros'
[5.614s] DEBUG:colcon.colcon_core.package_identification:Package 'src/robot_interfaces' with type 'ros.ament_cmake' and name 'robot_interfaces'
[5.615s] Level 1:colcon.colcon_core.package_identification:_identify(src/rplidar_ros) by extensions ['ignore', 'ignore_ament_install']
[5.616s] Level 1:colcon.colcon_core.package_identification:_identify(src/rplidar_ros) by extension 'ignore'
[5.616s] Level 1:colcon.colcon_core.package_identification:_identify(src/rplidar_ros) by extension 'ignore_ament_install'
[5.617s] Level 1:colcon.colcon_core.package_identification:_identify(src/rplidar_ros) by extensions ['colcon_pkg']
[5.617s] Level 1:colcon.colcon_core.package_identification:_identify(src/rplidar_ros) by extension 'colcon_pkg'
[5.617s] Level 1:colcon.colcon_core.package_identification:_identify(src/rplidar_ros) by extensions ['colcon_meta']
[5.617s] Level 1:colcon.colcon_core.package_identification:_identify(src/rplidar_ros) by extension 'colcon_meta'
[5.617s] Level 1:colcon.colcon_core.package_identification:_identify(src/rplidar_ros) by extensions ['ros']
[5.618s] Level 1:colcon.colcon_core.package_identification:_identify(src/rplidar_ros) by extension 'ros'
[5.620s] DEBUG:colcon.colcon_core.package_identification:Package 'src/rplidar_ros' with type 'ros.ament_cmake' and name 'rplidar_ros'
[5.621s] Level 1:colcon.colcon_core.package_discovery:discover_packages(recursive) using defaults
[5.621s] Level 1:colcon.colcon_core.package_discovery:discover_packages(ignore) discover
[5.621s] Level 1:colcon.colcon_core.package_discovery:discover_packages(ignore) using defaults
[5.621s] Level 1:colcon.colcon_core.package_discovery:discover_packages(path) discover
[5.621s] Level 1:colcon.colcon_core.package_discovery:discover_packages(path) using defaults
[5.942s] INFO:colcon.colcon_core.package_selection:Skipping not selected package 'robot' in 'src/robot'
[5.942s] INFO:colcon.colcon_core.package_selection:Skipping not selected package 'robot_description' in 'src/robot_description'
[5.942s] INFO:colcon.colcon_core.package_selection:Skipping not selected package 'robot_interfaces' in 'src/robot_interfaces'
[5.942s] INFO:colcon.colcon_core.package_selection:Skipping not selected package 'rplidar_ros' in 'src/rplidar_ros'
[6.094s] Level 1:colcon.colcon_core.package_discovery:discover_packages(prefix_path) check parameters
[6.094s] Level 1:colcon.colcon_core.package_discovery:discover_packages(prefix_path) discover
[6.259s] DEBUG:colcon.colcon_installed_package_information.package_discovery:Found 5 installed packages in /home/scott/alpha_ws/install
[6.346s] DEBUG:colcon.colcon_installed_package_information.package_discovery:Found 320 installed packages in /opt/ros/humble
[6.355s] Level 1:colcon.colcon_core.package_discovery:discover_packages(prefix_path) using defaults
[6.860s] Level 5:colcon.colcon_core.verb:set package 'robot_bringup' build argument 'cmake_args' from command line to 'None'
[6.860s] Level 5:colcon.colcon_core.verb:set package 'robot_bringup' build argument 'cmake_target' from command line to 'None'
[6.860s] Level 5:colcon.colcon_core.verb:set package 'robot_bringup' build argument 'cmake_target_skip_unavailable' from command line to 'False'
[6.861s] Level 5:colcon.colcon_core.verb:set package 'robot_bringup' build argument 'cmake_clean_cache' from command line to 'False'
[6.861s] Level 5:colcon.colcon_core.verb:set package 'robot_bringup' build argument 'cmake_clean_first' from command line to 'False'
[6.861s] Level 5:colcon.colcon_core.verb:set package 'robot_bringup' build argument 'cmake_force_configure' from command line to 'False'
[6.861s] Level 5:colcon.colcon_core.verb:set package 'robot_bringup' build argument 'ament_cmake_args' from command line to 'None'
[6.861s] Level 5:colcon.colcon_core.verb:set package 'robot_bringup' build argument 'catkin_cmake_args' from command line to 'None'
[6.861s] Level 5:colcon.colcon_core.verb:set package 'robot_bringup' build argument 'catkin_skip_building_tests' from command line to 'False'
[6.861s] DEBUG:colcon.colcon_core.verb:Building package 'robot_bringup' with the following arguments: {'ament_cmake_args': None, 'build_base': '/home/scott/alpha_ws/build/robot_bringup', 'catkin_cmake_args': None, 'catkin_skip_building_tests': False, 'cmake_args': None, 'cmake_clean_cache': False, 'cmake_clean_first': False, 'cmake_force_configure': False, 'cmake_target': None, 'cmake_target_skip_unavailable': False, 'install_base': '/home/scott/alpha_ws/install/robot_bringup', 'merge_install': False, 'path': '/home/scott/alpha_ws/src/robot_bringup', 'symlink_install': False, 'test_result_base': None}
[6.936s] INFO:colcon.colcon_core.executor:Executing jobs using 'parallel' executor
[7.015s] DEBUG:colcon.colcon_parallel_executor.executor.parallel:run_until_complete
[7.016s] INFO:colcon.colcon_ros.task.ament_python.build:Building ROS package in '/home/scott/alpha_ws/src/robot_bringup' with build type 'ament_python'
[7.017s] Level 1:colcon.colcon_core.shell:create_environment_hook('robot_bringup', 'ament_prefix_path')
[7.104s] INFO:colcon.colcon_core.plugin_system:Skipping extension 'colcon_core.shell.bat': Not used on non-Windows systems
[7.105s] INFO:colcon.colcon_core.shell:Creating environment hook '/home/scott/alpha_ws/install/robot_bringup/share/robot_bringup/hook/ament_prefix_path.ps1'
[7.108s] INFO:colcon.colcon_core.shell:Creating environment descriptor '/home/scott/alpha_ws/install/robot_bringup/share/robot_bringup/hook/ament_prefix_path.dsv'
[7.111s] INFO:colcon.colcon_core.shell:Creating environment hook '/home/scott/alpha_ws/install/robot_bringup/share/robot_bringup/hook/ament_prefix_path.sh'
[7.192s] INFO:colcon.colcon_core.shell:Skip shell extension 'powershell' for command environment: Not usable outside of PowerShell
[7.192s] DEBUG:colcon.colcon_core.shell:Skip shell extension 'dsv' for command environment
[8.923s] INFO:colcon.colcon_core.task.python.build:Building Python package in '/home/scott/alpha_ws/src/robot_bringup'
[9.007s] INFO:colcon.colcon_core.shell:Skip shell extension 'powershell' for command environment: Not usable outside of PowerShell
[9.007s] DEBUG:colcon.colcon_core.shell:Skip shell extension 'dsv' for command environment
[11.085s] DEBUG:colcon.colcon_core.event_handler.log_command:Invoking command in '/home/scott/alpha_ws/src/robot_bringup': PYTHONPATH=/home/scott/alpha_ws/build/robot_bringup/prefix_override:/home/scott/alpha_ws/install/robot_bringup/lib/python3.10/site-packages:${PYTHONPATH} /usr/bin/python3 setup.py egg_info --egg-base ../../build/robot_bringup build --build-base /home/scott/alpha_ws/build/robot_bringup/build install --record /home/scott/alpha_ws/build/robot_bringup/install.log --single-version-externally-managed
[12.720s] DEBUG:colcon.colcon_core.event_handler.log_command:Invoked command in '/home/scott/alpha_ws/src/robot_bringup' returned '0': PYTHONPATH=/home/scott/alpha_ws/build/robot_bringup/prefix_override:/home/scott/alpha_ws/install/robot_bringup/lib/python3.10/site-packages:${PYTHONPATH} /usr/bin/python3 setup.py egg_info --egg-base ../../build/robot_bringup build --build-base /home/scott/alpha_ws/build/robot_bringup/build install --record /home/scott/alpha_ws/build/robot_bringup/install.log --single-version-externally-managed
[12.810s] Level 1:colcon.colcon_core.environment:checking '/home/scott/alpha_ws/install/robot_bringup' for CMake module files
[12.813s] Level 1:colcon.colcon_core.environment:checking '/home/scott/alpha_ws/install/robot_bringup' for CMake config files
[12.818s] Level 1:colcon.colcon_core.environment:checking '/home/scott/alpha_ws/install/robot_bringup/lib'
[12.819s] Level 1:colcon.colcon_core.environment:checking '/home/scott/alpha_ws/install/robot_bringup/bin'
[12.819s] Level 1:colcon.colcon_core.environment:checking '/home/scott/alpha_ws/install/robot_bringup/lib/pkgconfig/robot_bringup.pc'
[12.820s] Level 1:colcon.colcon_core.environment:checking '/home/scott/alpha_ws/install/robot_bringup/lib/python3.10/site-packages'
[12.821s] Level 1:colcon.colcon_core.shell:create_environment_hook('robot_bringup', 'pythonpath')
[12.897s] INFO:colcon.colcon_core.shell:Creating environment hook '/home/scott/alpha_ws/install/robot_bringup/share/robot_bringup/hook/pythonpath.ps1'
[12.900s] INFO:colcon.colcon_core.shell:Creating environment descriptor '/home/scott/alpha_ws/install/robot_bringup/share/robot_bringup/hook/pythonpath.dsv'
[12.902s] INFO:colcon.colcon_core.shell:Creating environment hook '/home/scott/alpha_ws/install/robot_bringup/share/robot_bringup/hook/pythonpath.sh'
[12.905s] Level 1:colcon.colcon_core.environment:checking '/home/scott/alpha_ws/install/robot_bringup/bin'
[12.905s] Level 1:colcon.colcon_core.environment:create_environment_scripts_only(robot_bringup)
[12.982s] INFO:colcon.colcon_core.shell:Creating package script '/home/scott/alpha_ws/install/robot_bringup/share/robot_bringup/package.ps1'
[12.986s] INFO:colcon.colcon_core.shell:Creating package descriptor '/home/scott/alpha_ws/install/robot_bringup/share/robot_bringup/package.dsv'
[12.989s] INFO:colcon.colcon_core.shell:Creating package script '/home/scott/alpha_ws/install/robot_bringup/share/robot_bringup/package.sh'
[12.993s] INFO:colcon.colcon_core.shell:Creating package script '/home/scott/alpha_ws/install/robot_bringup/share/robot_bringup/package.bash'
[12.997s] INFO:colcon.colcon_core.shell:Creating package script '/home/scott/alpha_ws/install/robot_bringup/share/robot_bringup/package.zsh'
[13.001s] Level 1:colcon.colcon_core.environment:create_file_with_runtime_dependencies(/home/scott/alpha_ws/install/robot_bringup/share/colcon-core/packages/robot_bringup)
[13.002s] DEBUG:colcon.colcon_parallel_executor.executor.parallel:closing loop
[13.003s] DEBUG:colcon.colcon_parallel_executor.executor.parallel:loop closed
[13.004s] DEBUG:colcon.colcon_parallel_executor.executor.parallel:run_until_complete finished with '0'
[13.004s] DEBUG:colcon.colcon_core.event_reactor:joining thread
[13.145s] INFO:colcon.colcon_core.plugin_system:Skipping extension 'colcon_notification.desktop_notification.terminal_notifier': Not used on non-Darwin systems
[13.146s] INFO:colcon.colcon_core.plugin_system:Skipping extension 'colcon_notification.desktop_notification.win32': Not used on non-Windows systems
[13.146s] INFO:colcon.colcon_notification.desktop_notification:Sending desktop notification using 'notify2'
[13.152s] DEBUG:colcon.colcon_notification.desktop_notification.notify2:Failed to initialize notify2: org.freedesktop.DBus.Error.ServiceUnknown: The name org.freedesktop.Notifications was not provided by any .service files
[13.152s] DEBUG:colcon.colcon_core.event_reactor:joined thread
[13.232s] INFO:colcon.colcon_core.shell:Creating prefix script '/home/scott/alpha_ws/install/local_setup.ps1'
[13.236s] INFO:colcon.colcon_core.shell:Creating prefix util module '/home/scott/alpha_ws/install/_local_setup_util_ps1.py'
[13.242s] INFO:colcon.colcon_core.shell:Creating prefix chain script '/home/scott/alpha_ws/install/setup.ps1'
[13.325s] INFO:colcon.colcon_core.shell:Creating prefix script '/home/scott/alpha_ws/install/local_setup.sh'
[13.328s] INFO:colcon.colcon_core.shell:Creating prefix util module '/home/scott/alpha_ws/install/_local_setup_util_sh.py'
[13.330s] INFO:colcon.colcon_core.shell:Creating prefix chain script '/home/scott/alpha_ws/install/setup.sh'
[13.413s] INFO:colcon.colcon_core.shell:Creating prefix script '/home/scott/alpha_ws/install/local_setup.bash'
[13.416s] INFO:colcon.colcon_core.shell:Creating prefix chain script '/home/scott/alpha_ws/install/setup.bash'
[13.498s] INFO:colcon.colcon_core.shell:Creating prefix script '/home/scott/alpha_ws/install/local_setup.zsh'
[13.501s] INFO:colcon.colcon_core.shell:Creating prefix chain script '/home/scott/alpha_ws/install/setup.zsh'
