[4.454s] Invoking command in '/home/scott/alpha_ws/src/robot': PYTHONPATH=/home/scott/alpha_ws/build/robot/prefix_override:/home/scott/alpha_ws/install/robot/lib/python3.10/site-packages:${PYTHONPATH} /usr/bin/python3 setup.py egg_info --egg-base ../../build/robot build --build-base /home/scott/alpha_ws/build/robot/build install --record /home/scott/alpha_ws/build/robot/install.log --single-version-externally-managed
[5.884s] running egg_info
[5.886s] writing ../../build/robot/robot.egg-info/PKG-INFO
[5.888s] writing dependency_links to ../../build/robot/robot.egg-info/dependency_links.txt
[5.890s] writing entry points to ../../build/robot/robot.egg-info/entry_points.txt
[5.891s] writing requirements to ../../build/robot/robot.egg-info/requires.txt
[5.894s] writing top-level names to ../../build/robot/robot.egg-info/top_level.txt
[5.902s] reading manifest file '../../build/robot/robot.egg-info/SOURCES.txt'
[5.904s] adding license file 'LICENSE'
[5.907s] writing manifest file '../../build/robot/robot.egg-info/SOURCES.txt'
[5.909s] running build
[5.909s] running build_py
[5.910s] copying robot/rpm_publisher_right.py -> /home/scott/alpha_ws/build/robot/build/lib/robot
[5.913s] running install
[5.914s] running install_lib
[5.918s] copying /home/scott/alpha_ws/build/robot/build/lib/robot/rpm_publisher_right.py -> /home/scott/alpha_ws/install/robot/lib/python3.10/site-packages/robot
[5.922s] byte-compiling /home/scott/alpha_ws/install/robot/lib/python3.10/site-packages/robot/rpm_publisher_right.py to rpm_publisher_right.cpython-310.pyc
[5.926s] running install_data
[5.929s] running install_egg_info
[5.938s] removing '/home/scott/alpha_ws/install/robot/lib/python3.10/site-packages/robot-0.0.0-py3.10.egg-info' (and everything under it)
[5.939s] Copying ../../build/robot/robot.egg-info to /home/scott/alpha_ws/install/robot/lib/python3.10/site-packages/robot-0.0.0-py3.10.egg-info
[5.950s] running install_scripts
[6.039s] Installing encoder_publisher_right script to /home/scott/alpha_ws/install/robot/lib/robot
[6.040s] Installing motor_controller script to /home/scott/alpha_ws/install/robot/lib/robot
[6.046s] Installing motor_driver script to /home/scott/alpha_ws/install/robot/lib/robot
[6.046s] Installing pid_controller_right script to /home/scott/alpha_ws/install/robot/lib/robot
[6.047s] Installing rpm_publisher_right script to /home/scott/alpha_ws/install/robot/lib/robot
[6.049s] writing list of installed files to '/home/scott/alpha_ws/build/robot/install.log'
[6.200s] Invoked command in '/home/scott/alpha_ws/src/robot' returned '0': PYTHONPATH=/home/scott/alpha_ws/build/robot/prefix_override:/home/scott/alpha_ws/install/robot/lib/python3.10/site-packages:${PYTHONPATH} /usr/bin/python3 setup.py egg_info --egg-base ../../build/robot build --build-base /home/scott/alpha_ws/build/robot/build install --record /home/scott/alpha_ws/build/robot/install.log --single-version-externally-managed
