[4.301s] Invoking command in '/home/scott/alpha_ws/src/robot': PYTHONPATH=/home/scott/alpha_ws/build/robot/prefix_override:/home/scott/alpha_ws/install/robot/lib/python3.10/site-packages:${PYTHONPATH} /usr/bin/python3 setup.py egg_info --egg-base ../../build/robot build --build-base /home/scott/alpha_ws/build/robot/build install --record /home/scott/alpha_ws/build/robot/install.log --single-version-externally-managed
[5.728s] running egg_info
[5.730s] writing ../../build/robot/robot.egg-info/PKG-INFO
[5.731s] writing dependency_links to ../../build/robot/robot.egg-info/dependency_links.txt
[5.734s] writing entry points to ../../build/robot/robot.egg-info/entry_points.txt
[5.736s] writing requirements to ../../build/robot/robot.egg-info/requires.txt
[5.736s] writing top-level names to ../../build/robot/robot.egg-info/top_level.txt
[5.745s] reading manifest file '../../build/robot/robot.egg-info/SOURCES.txt'
[5.747s] adding license file 'LICENSE'
[5.750s] writing manifest file '../../build/robot/robot.egg-info/SOURCES.txt'
[5.750s] running build
[5.751s] running build_py
[5.753s] copying robot/encoder_publisher_right.py -> /home/scott/alpha_ws/build/robot/build/lib/robot
[5.755s] running install
[5.757s] running install_lib
[5.762s] copying /home/scott/alpha_ws/build/robot/build/lib/robot/encoder_publisher_right.py -> /home/scott/alpha_ws/install/robot/lib/python3.10/site-packages/robot
[5.766s] byte-compiling /home/scott/alpha_ws/install/robot/lib/python3.10/site-packages/robot/encoder_publisher_right.py to encoder_publisher_right.cpython-310.pyc
[5.769s] running install_data
[5.772s] running install_egg_info
[5.780s] removing '/home/scott/alpha_ws/install/robot/lib/python3.10/site-packages/robot-0.0.0-py3.10.egg-info' (and everything under it)
[5.782s] Copying ../../build/robot/robot.egg-info to /home/scott/alpha_ws/install/robot/lib/python3.10/site-packages/robot-0.0.0-py3.10.egg-info
[5.790s] running install_scripts
[5.882s] Installing encoder_publisher_right script to /home/scott/alpha_ws/install/robot/lib/robot
[5.883s] Installing motor_controller script to /home/scott/alpha_ws/install/robot/lib/robot
[5.884s] Installing motor_driver script to /home/scott/alpha_ws/install/robot/lib/robot
[5.886s] Installing pid_controller_right script to /home/scott/alpha_ws/install/robot/lib/robot
[5.887s] Installing rpm_publisher_right script to /home/scott/alpha_ws/install/robot/lib/robot
[5.889s] writing list of installed files to '/home/scott/alpha_ws/build/robot/install.log'
[6.038s] Invoked command in '/home/scott/alpha_ws/src/robot' returned '0': PYTHONPATH=/home/scott/alpha_ws/build/robot/prefix_override:/home/scott/alpha_ws/install/robot/lib/python3.10/site-packages:${PYTHONPATH} /usr/bin/python3 setup.py egg_info --egg-base ../../build/robot build --build-base /home/scott/alpha_ws/build/robot/build install --record /home/scott/alpha_ws/build/robot/install.log --single-version-externally-managed
