[4.367s] Invoking command in '/home/scott/alpha_ws/src/robot': PYTHONPATH=/home/scott/alpha_ws/build/robot/prefix_override:/home/scott/alpha_ws/install/robot/lib/python3.10/site-packages:${PYTHONPATH} /usr/bin/python3 setup.py egg_info --egg-base ../../build/robot build --build-base /home/scott/alpha_ws/build/robot/build install --record /home/scott/alpha_ws/build/robot/install.log --single-version-externally-managed
[5.813s] running egg_info
[5.815s] writing ../../build/robot/robot.egg-info/PKG-INFO
[5.817s] writing dependency_links to ../../build/robot/robot.egg-info/dependency_links.txt
[5.820s] writing entry points to ../../build/robot/robot.egg-info/entry_points.txt
[5.820s] writing requirements to ../../build/robot/robot.egg-info/requires.txt
[5.821s] writing top-level names to ../../build/robot/robot.egg-info/top_level.txt
[5.829s] reading manifest file '../../build/robot/robot.egg-info/SOURCES.txt'
[5.831s] adding license file 'LICENSE'
[5.834s] writing manifest file '../../build/robot/robot.egg-info/SOURCES.txt'
[5.836s] running build
[5.836s] running build_py
[5.837s] copying robot/pid_controller_right.py -> /home/scott/alpha_ws/build/robot/build/lib/robot
[5.841s] running install
[5.841s] running install_lib
[5.845s] copying /home/scott/alpha_ws/build/robot/build/lib/robot/pid_controller_right.py -> /home/scott/alpha_ws/install/robot/lib/python3.10/site-packages/robot
[5.849s] byte-compiling /home/scott/alpha_ws/install/robot/lib/python3.10/site-packages/robot/pid_controller_right.py to pid_controller_right.cpython-310.pyc
[5.855s] running install_data
[5.857s] running install_egg_info
[5.865s] removing '/home/scott/alpha_ws/install/robot/lib/python3.10/site-packages/robot-0.0.0-py3.10.egg-info' (and everything under it)
[5.870s] Copying ../../build/robot/robot.egg-info to /home/scott/alpha_ws/install/robot/lib/python3.10/site-packages/robot-0.0.0-py3.10.egg-info
[5.876s] running install_scripts
[5.970s] Installing encoder_publisher_right script to /home/scott/alpha_ws/install/robot/lib/robot
[5.972s] Installing motor_controller script to /home/scott/alpha_ws/install/robot/lib/robot
[5.973s] Installing motor_driver script to /home/scott/alpha_ws/install/robot/lib/robot
[5.974s] Installing pid_controller_right script to /home/scott/alpha_ws/install/robot/lib/robot
[5.975s] Installing rpm_publisher_right script to /home/scott/alpha_ws/install/robot/lib/robot
[5.977s] writing list of installed files to '/home/scott/alpha_ws/build/robot/install.log'
[6.125s] Invoked command in '/home/scott/alpha_ws/src/robot' returned '0': PYTHONPATH=/home/scott/alpha_ws/build/robot/prefix_override:/home/scott/alpha_ws/install/robot/lib/python3.10/site-packages:${PYTHONPATH} /usr/bin/python3 setup.py egg_info --egg-base ../../build/robot build --build-base /home/scott/alpha_ws/build/robot/build install --record /home/scott/alpha_ws/build/robot/install.log --single-version-externally-managed
