[5.931s] Invoking command in '/home/jetson/ros2_ws/src/robot': PYTHONPATH=/home/jetson/ros2_ws/build/robot/prefix_override:/home/jetson/ros2_ws/install/robot/lib/python3.8/site-packages:${PYTHONPATH} /usr/bin/python3 setup.py egg_info --egg-base ../../build/robot build --build-base /home/jetson/ros2_ws/build/robot/build install --record /home/jetson/ros2_ws/build/robot/install.log --install-scripts $base/lib/robot --single-version-externally-managed
[7.280s] running egg_info
[7.283s] writing ../../build/robot/robot.egg-info/PKG-INFO
[7.285s] writing dependency_links to ../../build/robot/robot.egg-info/dependency_links.txt
[7.287s] writing entry points to ../../build/robot/robot.egg-info/entry_points.txt
[7.288s] writing requirements to ../../build/robot/robot.egg-info/requires.txt
[7.290s] writing top-level names to ../../build/robot/robot.egg-info/top_level.txt
[7.494s] reading manifest file '../../build/robot/robot.egg-info/SOURCES.txt'
[7.505s] writing manifest file '../../build/robot/robot.egg-info/SOURCES.txt'
[7.505s] running build
[7.506s] running build_py
[7.512s] running install
[7.518s] running install_lib
[7.526s] running install_data
[7.530s] running install_egg_info
[7.539s] removing '/home/jetson/ros2_ws/install/robot/lib/python3.8/site-packages/robot-0.0.0-py3.8.egg-info' (and everything under it)
[7.542s] Copying ../../build/robot/robot.egg-info to /home/jetson/ros2_ws/install/robot/lib/python3.8/site-packages/robot-0.0.0-py3.8.egg-info
[7.547s] running install_scripts
[7.632s] Installing encoder_publisher script to /home/jetson/ros2_ws/install/robot/lib/robot
[7.633s] Installing encoder_publisher_left script to /home/jetson/ros2_ws/install/robot/lib/robot
[7.635s] Installing encoder_publisher_right script to /home/jetson/ros2_ws/install/robot/lib/robot
[7.637s] Installing imu_controller script to /home/jetson/ros2_ws/install/robot/lib/robot
[7.638s] Installing motor_controller script to /home/jetson/ros2_ws/install/robot/lib/robot
[7.639s] Installing motor_driver script to /home/jetson/ros2_ws/install/robot/lib/robot
[7.641s] Installing odom_publisher script to /home/jetson/ros2_ws/install/robot/lib/robot
[7.643s] Installing pid_controller script to /home/jetson/ros2_ws/install/robot/lib/robot
[7.644s] Installing velocity_publisher script to /home/jetson/ros2_ws/install/robot/lib/robot
[7.647s] writing list of installed files to '/home/jetson/ros2_ws/build/robot/install.log'
[7.819s] Invoked command in '/home/jetson/ros2_ws/src/robot' returned '0': PYTHONPATH=/home/jetson/ros2_ws/build/robot/prefix_override:/home/jetson/ros2_ws/install/robot/lib/python3.8/site-packages:${PYTHONPATH} /usr/bin/python3 setup.py egg_info --egg-base ../../build/robot build --build-base /home/jetson/ros2_ws/build/robot/build install --record /home/jetson/ros2_ws/build/robot/install.log --install-scripts $base/lib/robot --single-version-externally-managed
