[3.977s] Invoking command in '/home/jetson/ros2_ws/build/robot_bringup': PYTHONPATH=/home/jetson/ros2_ws/build/robot_bringup/prefix_override:/home/jetson/ros2_ws/install/robot_bringup/lib/python3.8/site-packages:${PYTHONPATH} /usr/bin/python3 setup.py develop --uninstall --editable --build-directory /home/jetson/ros2_ws/build/robot_bringup/build
[4.915s] running develop
[5.523s] Removing /home/jetson/ros2_ws/install/robot_bringup/lib/python3.8/site-packages/robot-bringup.egg-link (link to .)
[5.638s] Invoked command in '/home/jetson/ros2_ws/build/robot_bringup' returned '0': PYTHONPATH=/home/jetson/ros2_ws/build/robot_bringup/prefix_override:/home/jetson/ros2_ws/install/robot_bringup/lib/python3.8/site-packages:${PYTHONPATH} /usr/bin/python3 setup.py develop --uninstall --editable --build-directory /home/jetson/ros2_ws/build/robot_bringup/build
[5.642s] Invoking command in '/home/jetson/ros2_ws/src/robot_bringup': PYTHONPATH=/home/jetson/ros2_ws/build/robot_bringup/prefix_override:/home/jetson/ros2_ws/install/robot_bringup/lib/python3.8/site-packages:${PYTHONPATH} /usr/bin/python3 setup.py egg_info --egg-base ../../build/robot_bringup build --build-base /home/jetson/ros2_ws/build/robot_bringup/build install --record /home/jetson/ros2_ws/build/robot_bringup/install.log --single-version-externally-managed
[6.586s] running egg_info
[6.589s] writing ../../build/robot_bringup/robot_bringup.egg-info/PKG-INFO
[6.590s] writing dependency_links to ../../build/robot_bringup/robot_bringup.egg-info/dependency_links.txt
[6.590s] writing entry points to ../../build/robot_bringup/robot_bringup.egg-info/entry_points.txt
[6.591s] writing requirements to ../../build/robot_bringup/robot_bringup.egg-info/requires.txt
[6.591s] writing top-level names to ../../build/robot_bringup/robot_bringup.egg-info/top_level.txt
[6.741s] reading manifest file '../../build/robot_bringup/robot_bringup.egg-info/SOURCES.txt'
[6.744s] writing manifest file '../../build/robot_bringup/robot_bringup.egg-info/SOURCES.txt'
[6.745s] running build
[6.745s] running build_py
[6.746s] copying robot_bringup/__init__.py -> /home/jetson/ros2_ws/build/robot_bringup/build/lib/robot_bringup
[6.747s] running install
[6.750s] running install_lib
[6.754s] creating /home/jetson/ros2_ws/install/robot_bringup/lib/python3.8/site-packages/robot_bringup
[6.755s] copying /home/jetson/ros2_ws/build/robot_bringup/build/lib/robot_bringup/__init__.py -> /home/jetson/ros2_ws/install/robot_bringup/lib/python3.8/site-packages/robot_bringup
[6.756s] byte-compiling /home/jetson/ros2_ws/install/robot_bringup/lib/python3.8/site-packages/robot_bringup/__init__.py to __init__.cpython-38.pyc
[6.767s] running install_data
[6.768s] copying config/imu_filter_madgwick_params.yaml -> /home/jetson/ros2_ws/install/robot_bringup/share/robot_bringup/config
[6.770s] copying config/mapper_params_online_sync.yaml -> /home/jetson/ros2_ws/install/robot_bringup/share/robot_bringup/config
[6.772s] copying config/xbox_config.yaml -> /home/jetson/ros2_ws/install/robot_bringup/share/robot_bringup/config
[6.772s] copying config/ekf_params.yaml -> /home/jetson/ros2_ws/install/robot_bringup/share/robot_bringup/config
[6.773s] running install_egg_info
[6.774s] Copying ../../build/robot_bringup/robot_bringup.egg-info to /home/jetson/ros2_ws/install/robot_bringup/lib/python3.8/site-packages/robot_bringup-0.0.0-py3.8.egg-info
[6.776s] running install_scripts
[6.843s] writing list of installed files to '/home/jetson/ros2_ws/build/robot_bringup/install.log'
[6.984s] Invoked command in '/home/jetson/ros2_ws/src/robot_bringup' returned '0': PYTHONPATH=/home/jetson/ros2_ws/build/robot_bringup/prefix_override:/home/jetson/ros2_ws/install/robot_bringup/lib/python3.8/site-packages:${PYTHONPATH} /usr/bin/python3 setup.py egg_info --egg-base ../../build/robot_bringup build --build-base /home/jetson/ros2_ws/build/robot_bringup/build install --record /home/jetson/ros2_ws/build/robot_bringup/install.log --single-version-externally-managed
