[2.334s] Invoking command in '/home/jetson/ros2_ws/build/robot_interfaces': CMAKE_PREFIX_PATH=/opt/ros/foxy /usr/bin/cmake --build /home/jetson/ros2_ws/build/robot_interfaces -- -j4 -l4
[2.535s] [  2%] Built target robot_interfaces__cpp
[2.621s] [ 12%] Built target robot_interfaces__rosidl_generator_c
[2.760s] [ 23%] Built target robot_interfaces__rosidl_typesupport_introspection_cpp
[2.775s] [ 34%] Built target robot_interfaces__rosidl_typesupport_fastrtps_cpp
[2.797s] [ 44%] Built target robot_interfaces__rosidl_typesupport_cpp
[2.834s] [ 55%] Built target robot_interfaces__rosidl_typesupport_c
[2.948s] [ 65%] Built target robot_interfaces__rosidl_typesupport_introspection_c
[2.973s] [ 76%] Built target robot_interfaces__rosidl_typesupport_fastrtps_c
[3.032s] [ 76%] Built target robot_interfaces
[3.094s] [ 78%] Built target robot_interfaces__py
[3.190s] [ 87%] Built target robot_interfaces__python
[3.410s] [ 91%] Built target robot_interfaces__rosidl_typesupport_fastrtps_c__pyext
[3.437s] [ 95%] Built target robot_interfaces__rosidl_typesupport_c__pyext
[3.440s] [100%] Built target robot_interfaces__rosidl_typesupport_introspection_c__pyext
[3.482s] Invoked command in '/home/jetson/ros2_ws/build/robot_interfaces' returned '0': CMAKE_PREFIX_PATH=/opt/ros/foxy /usr/bin/cmake --build /home/jetson/ros2_ws/build/robot_interfaces -- -j4 -l4
[3.793s] Invoking command in '/home/jetson/ros2_ws/build/robot_interfaces': CMAKE_PREFIX_PATH=/opt/ros/foxy /usr/bin/cmake --install /home/jetson/ros2_ws/build/robot_interfaces
[3.828s] -- Install configuration: ""
[3.830s] -- Execute custom install script
[3.833s] -- Up-to-date symlink: /home/jetson/ros2_ws/install/robot_interfaces/share/ament_index/resource_index/rosidl_interfaces/robot_interfaces
[3.837s] -- Up-to-date symlink: /home/jetson/ros2_ws/install/robot_interfaces/include/robot_interfaces/msg/detail/duty_cycle__functions.h
[3.839s] -- Up-to-date symlink: /home/jetson/ros2_ws/install/robot_interfaces/include/robot_interfaces/msg/detail/duty_cycle__struct.h
[3.841s] -- Up-to-date symlink: /home/jetson/ros2_ws/install/robot_interfaces/include/robot_interfaces/msg/detail/duty_cycle__type_support.h
[3.842s] -- Up-to-date symlink: /home/jetson/ros2_ws/install/robot_interfaces/include/robot_interfaces/msg/detail/tick_count__functions.h
[3.844s] -- Up-to-date symlink: /home/jetson/ros2_ws/install/robot_interfaces/include/robot_interfaces/msg/detail/tick_count__struct.h
[3.846s] -- Up-to-date symlink: /home/jetson/ros2_ws/install/robot_interfaces/include/robot_interfaces/msg/detail/tick_count__type_support.h
[3.848s] -- Up-to-date symlink: /home/jetson/ros2_ws/install/robot_interfaces/include/robot_interfaces/msg/detail/wheel_rpm__functions.h
[3.850s] -- Up-to-date symlink: /home/jetson/ros2_ws/install/robot_interfaces/include/robot_interfaces/msg/detail/wheel_rpm__struct.h
[3.852s] -- Up-to-date symlink: /home/jetson/ros2_ws/install/robot_interfaces/include/robot_interfaces/msg/detail/wheel_rpm__type_support.h
[3.854s] -- Up-to-date symlink: /home/jetson/ros2_ws/install/robot_interfaces/include/robot_interfaces/msg/detail/wheel_velocity__functions.h
[3.856s] -- Up-to-date symlink: /home/jetson/ros2_ws/install/robot_interfaces/include/robot_interfaces/msg/detail/wheel_velocity__struct.h
[3.858s] -- Up-to-date symlink: /home/jetson/ros2_ws/install/robot_interfaces/include/robot_interfaces/msg/detail/wheel_velocity__type_support.h
[3.859s] -- Up-to-date symlink: /home/jetson/ros2_ws/install/robot_interfaces/include/robot_interfaces/msg/duty_cycle.h
[3.861s] -- Up-to-date symlink: /home/jetson/ros2_ws/install/robot_interfaces/include/robot_interfaces/msg/rosidl_generator_c__visibility_control.h
[3.863s] -- Up-to-date symlink: /home/jetson/ros2_ws/install/robot_interfaces/include/robot_interfaces/msg/tick_count.h
[3.865s] -- Up-to-date symlink: /home/jetson/ros2_ws/install/robot_interfaces/include/robot_interfaces/msg/wheel_rpm.h
[3.867s] -- Up-to-date symlink: /home/jetson/ros2_ws/install/robot_interfaces/include/robot_interfaces/msg/wheel_velocity.h
[3.869s] -- Up-to-date symlink: /home/jetson/ros2_ws/install/robot_interfaces/share/robot_interfaces/environment/library_path.sh
[3.871s] -- Up-to-date symlink: /home/jetson/ros2_ws/install/robot_interfaces/share/robot_interfaces/environment/library_path.dsv
[3.875s] -- Up-to-date symlink: /home/jetson/ros2_ws/install/robot_interfaces/include/robot_interfaces/msg/detail/duty_cycle__rosidl_typesupport_fastrtps_c.h
[3.877s] -- Up-to-date symlink: /home/jetson/ros2_ws/install/robot_interfaces/include/robot_interfaces/msg/detail/tick_count__rosidl_typesupport_fastrtps_c.h
[3.879s] -- Up-to-date symlink: /home/jetson/ros2_ws/install/robot_interfaces/include/robot_interfaces/msg/detail/wheel_rpm__rosidl_typesupport_fastrtps_c.h
[3.881s] -- Up-to-date symlink: /home/jetson/ros2_ws/install/robot_interfaces/include/robot_interfaces/msg/detail/wheel_velocity__rosidl_typesupport_fastrtps_c.h
[3.883s] -- Up-to-date symlink: /home/jetson/ros2_ws/install/robot_interfaces/include/robot_interfaces/msg/rosidl_typesupport_fastrtps_c__visibility_control.h
[3.886s] -- Up-to-date symlink: /home/jetson/ros2_ws/install/robot_interfaces/lib/librobot_interfaces__rosidl_typesupport_fastrtps_c.so
[3.890s] -- Up-to-date symlink: /home/jetson/ros2_ws/install/robot_interfaces/include/robot_interfaces/msg/detail/duty_cycle__rosidl_typesupport_fastrtps_cpp.hpp
[3.892s] -- Up-to-date symlink: /home/jetson/ros2_ws/install/robot_interfaces/include/robot_interfaces/msg/detail/tick_count__rosidl_typesupport_fastrtps_cpp.hpp
[3.894s] -- Up-to-date symlink: /home/jetson/ros2_ws/install/robot_interfaces/include/robot_interfaces/msg/detail/wheel_rpm__rosidl_typesupport_fastrtps_cpp.hpp
[3.895s] -- Up-to-date symlink: /home/jetson/ros2_ws/install/robot_interfaces/include/robot_interfaces/msg/detail/wheel_velocity__rosidl_typesupport_fastrtps_cpp.hpp
[3.897s] -- Up-to-date symlink: /home/jetson/ros2_ws/install/robot_interfaces/include/robot_interfaces/msg/rosidl_typesupport_fastrtps_cpp__visibility_control.h
[3.900s] -- Up-to-date symlink: /home/jetson/ros2_ws/install/robot_interfaces/lib/librobot_interfaces__rosidl_typesupport_fastrtps_cpp.so
[3.903s] -- Up-to-date symlink: /home/jetson/ros2_ws/install/robot_interfaces/include/robot_interfaces/msg/detail/duty_cycle__rosidl_typesupport_introspection_c.h
[3.906s] -- Up-to-date symlink: /home/jetson/ros2_ws/install/robot_interfaces/include/robot_interfaces/msg/detail/tick_count__rosidl_typesupport_introspection_c.h
[3.909s] -- Up-to-date symlink: /home/jetson/ros2_ws/install/robot_interfaces/include/robot_interfaces/msg/detail/wheel_rpm__rosidl_typesupport_introspection_c.h
[3.911s] -- Up-to-date symlink: /home/jetson/ros2_ws/install/robot_interfaces/include/robot_interfaces/msg/detail/wheel_velocity__rosidl_typesupport_introspection_c.h
[3.913s] -- Up-to-date symlink: /home/jetson/ros2_ws/install/robot_interfaces/include/robot_interfaces/msg/rosidl_typesupport_introspection_c__visibility_control.h
[3.917s] -- Up-to-date symlink: /home/jetson/ros2_ws/install/robot_interfaces/include/robot_interfaces/msg/detail/duty_cycle__builder.hpp
[3.918s] -- Up-to-date symlink: /home/jetson/ros2_ws/install/robot_interfaces/include/robot_interfaces/msg/detail/duty_cycle__struct.hpp
[3.920s] -- Up-to-date symlink: /home/jetson/ros2_ws/install/robot_interfaces/include/robot_interfaces/msg/detail/duty_cycle__traits.hpp
[3.922s] -- Up-to-date symlink: /home/jetson/ros2_ws/install/robot_interfaces/include/robot_interfaces/msg/detail/duty_cycle__type_support.hpp
[3.924s] -- Up-to-date symlink: /home/jetson/ros2_ws/install/robot_interfaces/include/robot_interfaces/msg/detail/tick_count__builder.hpp
[3.926s] -- Up-to-date symlink: /home/jetson/ros2_ws/install/robot_interfaces/include/robot_interfaces/msg/detail/tick_count__struct.hpp
[3.928s] -- Up-to-date symlink: /home/jetson/ros2_ws/install/robot_interfaces/include/robot_interfaces/msg/detail/tick_count__traits.hpp
[3.930s] -- Up-to-date symlink: /home/jetson/ros2_ws/install/robot_interfaces/include/robot_interfaces/msg/detail/tick_count__type_support.hpp
[3.932s] -- Up-to-date symlink: /home/jetson/ros2_ws/install/robot_interfaces/include/robot_interfaces/msg/detail/wheel_rpm__builder.hpp
[3.934s] -- Up-to-date symlink: /home/jetson/ros2_ws/install/robot_interfaces/include/robot_interfaces/msg/detail/wheel_rpm__struct.hpp
[3.936s] -- Up-to-date symlink: /home/jetson/ros2_ws/install/robot_interfaces/include/robot_interfaces/msg/detail/wheel_rpm__traits.hpp
[3.938s] -- Up-to-date symlink: /home/jetson/ros2_ws/install/robot_interfaces/include/robot_interfaces/msg/detail/wheel_rpm__type_support.hpp
[3.940s] -- Up-to-date symlink: /home/jetson/ros2_ws/install/robot_interfaces/include/robot_interfaces/msg/detail/wheel_velocity__builder.hpp
[3.942s] -- Up-to-date symlink: /home/jetson/ros2_ws/install/robot_interfaces/include/robot_interfaces/msg/detail/wheel_velocity__struct.hpp
[3.943s] -- Up-to-date symlink: /home/jetson/ros2_ws/install/robot_interfaces/include/robot_interfaces/msg/detail/wheel_velocity__traits.hpp
[3.945s] -- Up-to-date symlink: /home/jetson/ros2_ws/install/robot_interfaces/include/robot_interfaces/msg/detail/wheel_velocity__type_support.hpp
[3.947s] -- Up-to-date symlink: /home/jetson/ros2_ws/install/robot_interfaces/include/robot_interfaces/msg/duty_cycle.hpp
[3.949s] -- Up-to-date symlink: /home/jetson/ros2_ws/install/robot_interfaces/include/robot_interfaces/msg/rosidl_generator_cpp__visibility_control.hpp
[3.951s] -- Up-to-date symlink: /home/jetson/ros2_ws/install/robot_interfaces/include/robot_interfaces/msg/tick_count.hpp
[3.953s] -- Up-to-date symlink: /home/jetson/ros2_ws/install/robot_interfaces/include/robot_interfaces/msg/wheel_rpm.hpp
[3.955s] -- Up-to-date symlink: /home/jetson/ros2_ws/install/robot_interfaces/include/robot_interfaces/msg/wheel_velocity.hpp
[3.959s] -- Up-to-date symlink: /home/jetson/ros2_ws/install/robot_interfaces/include/robot_interfaces/msg/detail/duty_cycle__rosidl_typesupport_introspection_cpp.hpp
[3.961s] -- Up-to-date symlink: /home/jetson/ros2_ws/install/robot_interfaces/include/robot_interfaces/msg/detail/tick_count__rosidl_typesupport_introspection_cpp.hpp
[3.963s] -- Up-to-date symlink: /home/jetson/ros2_ws/install/robot_interfaces/include/robot_interfaces/msg/detail/wheel_rpm__rosidl_typesupport_introspection_cpp.hpp
[3.965s] -- Up-to-date symlink: /home/jetson/ros2_ws/install/robot_interfaces/include/robot_interfaces/msg/detail/wheel_velocity__rosidl_typesupport_introspection_cpp.hpp
[3.967s] -- Up-to-date symlink: /home/jetson/ros2_ws/install/robot_interfaces/share/robot_interfaces/environment/pythonpath.sh
[3.970s] -- Up-to-date symlink: /home/jetson/ros2_ws/install/robot_interfaces/share/robot_interfaces/environment/pythonpath.dsv
[3.983s] -- Up-to-date symlink: /home/jetson/ros2_ws/install/robot_interfaces/lib/python3.8/site-packages/robot_interfaces/__init__.py
[3.984s] -- Up-to-date symlink: /home/jetson/ros2_ws/install/robot_interfaces/lib/python3.8/site-packages/robot_interfaces/msg/__init__.py
[3.984s] -- Up-to-date symlink: /home/jetson/ros2_ws/install/robot_interfaces/lib/python3.8/site-packages/robot_interfaces/msg/_duty_cycle.py
[3.985s] -- Up-to-date symlink: /home/jetson/ros2_ws/install/robot_interfaces/lib/python3.8/site-packages/robot_interfaces/msg/_tick_count.py
[3.986s] -- Up-to-date symlink: /home/jetson/ros2_ws/install/robot_interfaces/lib/python3.8/site-packages/robot_interfaces/msg/_wheel_rpm.py
[3.986s] -- Up-to-date symlink: /home/jetson/ros2_ws/install/robot_interfaces/lib/python3.8/site-packages/robot_interfaces/msg/_wheel_velocity.py
[3.987s] -- Up-to-date symlink: /home/jetson/ros2_ws/install/robot_interfaces/lib/python3.8/site-packages/robot_interfaces/robot_interfaces_s__rosidl_typesupport_fastrtps_c.cpython-38-aarch64-linux-gnu.so
[3.987s] -- Up-to-date symlink: /home/jetson/ros2_ws/install/robot_interfaces/lib/python3.8/site-packages/robot_interfaces/robot_interfaces_s__rosidl_typesupport_introspection_c.cpython-38-aarch64-linux-gnu.so
[3.988s] -- Up-to-date symlink: /home/jetson/ros2_ws/install/robot_interfaces/lib/python3.8/site-packages/robot_interfaces/robot_interfaces_s__rosidl_typesupport_c.cpython-38-aarch64-linux-gnu.so
[3.989s] -- Up-to-date symlink: /home/jetson/ros2_ws/install/robot_interfaces/lib/librobot_interfaces__python.so
[3.990s] -- Up-to-date symlink: /home/jetson/ros2_ws/install/robot_interfaces/share/robot_interfaces/msg/TickCount.idl
[3.990s] -- Up-to-date symlink: /home/jetson/ros2_ws/install/robot_interfaces/share/robot_interfaces/msg/WheelRPM.idl
[3.991s] -- Up-to-date symlink: /home/jetson/ros2_ws/install/robot_interfaces/share/robot_interfaces/msg/DutyCycle.idl
[3.991s] -- Up-to-date symlink: /home/jetson/ros2_ws/install/robot_interfaces/share/robot_interfaces/msg/TickCount.msg
[3.992s] -- Up-to-date symlink: /home/jetson/ros2_ws/install/robot_interfaces/share/robot_interfaces/msg/WheelRPM.msg
[3.992s] -- Up-to-date symlink: /home/jetson/ros2_ws/install/robot_interfaces/share/robot_interfaces/msg/DutyCycle.msg
[3.995s] -- Up-to-date symlink: /home/jetson/ros2_ws/install/robot_interfaces/share/ament_index/resource_index/package_run_dependencies/robot_interfaces
[3.996s] -- Up-to-date symlink: /home/jetson/ros2_ws/install/robot_interfaces/share/ament_index/resource_index/parent_prefix_path/robot_interfaces
[3.996s] -- Up-to-date symlink: /home/jetson/ros2_ws/install/robot_interfaces/share/robot_interfaces/environment/ament_prefix_path.sh
[3.999s] -- Up-to-date symlink: /home/jetson/ros2_ws/install/robot_interfaces/share/robot_interfaces/environment/ament_prefix_path.dsv
[4.005s] -- Up-to-date symlink: /home/jetson/ros2_ws/install/robot_interfaces/share/robot_interfaces/environment/path.sh
[4.007s] -- Up-to-date symlink: /home/jetson/ros2_ws/install/robot_interfaces/share/robot_interfaces/environment/path.dsv
[4.012s] -- Up-to-date symlink: /home/jetson/ros2_ws/install/robot_interfaces/share/robot_interfaces/local_setup.bash
[4.013s] -- Up-to-date symlink: /home/jetson/ros2_ws/install/robot_interfaces/share/robot_interfaces/local_setup.sh
[4.013s] -- Up-to-date symlink: /home/jetson/ros2_ws/install/robot_interfaces/share/robot_interfaces/local_setup.zsh
[4.013s] -- Up-to-date symlink: /home/jetson/ros2_ws/install/robot_interfaces/share/robot_interfaces/local_setup.dsv
[4.014s] -- Symlinking: /home/jetson/ros2_ws/install/robot_interfaces/share/robot_interfaces/package.dsv
[4.041s] -- Up-to-date symlink: /home/jetson/ros2_ws/install/robot_interfaces/share/ament_index/resource_index/packages/robot_interfaces
[4.041s] -- Up-to-date symlink: /home/jetson/ros2_ws/install/robot_interfaces/share/robot_interfaces/cmake/rosidl_cmake-extras.cmake
[4.042s] -- Up-to-date symlink: /home/jetson/ros2_ws/install/robot_interfaces/share/robot_interfaces/cmake/ament_cmake_export_dependencies-extras.cmake
[4.042s] -- Up-to-date symlink: /home/jetson/ros2_ws/install/robot_interfaces/share/robot_interfaces/cmake/ament_cmake_export_libraries-extras.cmake
[4.043s] -- Up-to-date symlink: /home/jetson/ros2_ws/install/robot_interfaces/share/robot_interfaces/cmake/ament_cmake_export_targets-extras.cmake
[4.043s] -- Up-to-date symlink: /home/jetson/ros2_ws/install/robot_interfaces/share/robot_interfaces/cmake/ament_cmake_export_include_directories-extras.cmake
[4.044s] -- Up-to-date symlink: /home/jetson/ros2_ws/install/robot_interfaces/share/robot_interfaces/cmake/rosidl_cmake_export_typesupport_libraries-extras.cmake
[4.045s] -- Up-to-date symlink: /home/jetson/ros2_ws/install/robot_interfaces/share/robot_interfaces/cmake/rosidl_cmake_export_typesupport_targets-extras.cmake
[4.046s] -- Up-to-date symlink: /home/jetson/ros2_ws/install/robot_interfaces/share/robot_interfaces/cmake/robot_interfacesConfig.cmake
[4.046s] -- Up-to-date symlink: /home/jetson/ros2_ws/install/robot_interfaces/share/robot_interfaces/cmake/robot_interfacesConfig-version.cmake
[4.046s] -- Up-to-date symlink: /home/jetson/ros2_ws/install/robot_interfaces/share/robot_interfaces/package.xml
[4.047s] -- Up-to-date: /home/jetson/ros2_ws/install/robot_interfaces/lib/librobot_interfaces__rosidl_generator_c.so
[4.051s] -- Up-to-date: /home/jetson/ros2_ws/install/robot_interfaces/lib/librobot_interfaces__rosidl_typesupport_introspection_c.so
[4.051s] -- Up-to-date: /home/jetson/ros2_ws/install/robot_interfaces/lib/librobot_interfaces__rosidl_typesupport_c.so
[4.052s] -- Up-to-date: /home/jetson/ros2_ws/install/robot_interfaces/lib/librobot_interfaces__rosidl_typesupport_introspection_cpp.so
[4.054s] -- Up-to-date: /home/jetson/ros2_ws/install/robot_interfaces/lib/librobot_interfaces__rosidl_typesupport_cpp.so
[4.182s] -- Up-to-date: /home/jetson/ros2_ws/install/robot_interfaces/share/robot_interfaces/cmake/robot_interfaces__rosidl_generator_cExport.cmake
[4.183s] -- Up-to-date: /home/jetson/ros2_ws/install/robot_interfaces/share/robot_interfaces/cmake/robot_interfaces__rosidl_generator_cExport-noconfig.cmake
[4.184s] -- Up-to-date: /home/jetson/ros2_ws/install/robot_interfaces/share/robot_interfaces/cmake/robot_interfaces__rosidl_typesupport_introspection_cExport.cmake
[4.185s] -- Up-to-date: /home/jetson/ros2_ws/install/robot_interfaces/share/robot_interfaces/cmake/robot_interfaces__rosidl_typesupport_introspection_cExport-noconfig.cmake
[4.185s] -- Up-to-date: /home/jetson/ros2_ws/install/robot_interfaces/share/robot_interfaces/cmake/robot_interfaces__rosidl_typesupport_cExport.cmake
[4.186s] -- Up-to-date: /home/jetson/ros2_ws/install/robot_interfaces/share/robot_interfaces/cmake/robot_interfaces__rosidl_typesupport_cExport-noconfig.cmake
[4.187s] -- Up-to-date: /home/jetson/ros2_ws/install/robot_interfaces/share/robot_interfaces/cmake/robot_interfaces__rosidl_generator_cppExport.cmake
[4.188s] -- Up-to-date: /home/jetson/ros2_ws/install/robot_interfaces/share/robot_interfaces/cmake/robot_interfaces__rosidl_typesupport_introspection_cppExport.cmake
[4.188s] -- Up-to-date: /home/jetson/ros2_ws/install/robot_interfaces/share/robot_interfaces/cmake/robot_interfaces__rosidl_typesupport_introspection_cppExport-noconfig.cmake
[4.190s] -- Up-to-date: /home/jetson/ros2_ws/install/robot_interfaces/share/robot_interfaces/cmake/robot_interfaces__rosidl_typesupport_cppExport.cmake
[4.191s] -- Up-to-date: /home/jetson/ros2_ws/install/robot_interfaces/share/robot_interfaces/cmake/robot_interfaces__rosidl_typesupport_cppExport-noconfig.cmake
[4.210s] Invoked command in '/home/jetson/ros2_ws/build/robot_interfaces' returned '0': CMAKE_PREFIX_PATH=/opt/ros/foxy /usr/bin/cmake --install /home/jetson/ros2_ws/build/robot_interfaces
