[4.185s] Invoking command in '/home/scott/alpha_ws/src/robot_bringup': PYTHONPATH=/home/scott/alpha_ws/build/robot_bringup/prefix_override:/home/scott/alpha_ws/install/robot_bringup/lib/python3.10/site-packages:${PYTHONPATH} /usr/bin/python3 setup.py egg_info --egg-base ../../build/robot_bringup build --build-base /home/scott/alpha_ws/build/robot_bringup/build install --record /home/scott/alpha_ws/build/robot_bringup/install.log --single-version-externally-managed
[5.540s] running egg_info
[5.542s] writing ../../build/robot_bringup/robot_bringup.egg-info/PKG-INFO
[5.543s] writing dependency_links to ../../build/robot_bringup/robot_bringup.egg-info/dependency_links.txt
[5.545s] writing entry points to ../../build/robot_bringup/robot_bringup.egg-info/entry_points.txt
[5.547s] writing requirements to ../../build/robot_bringup/robot_bringup.egg-info/requires.txt
[5.547s] writing top-level names to ../../build/robot_bringup/robot_bringup.egg-info/top_level.txt
[5.557s] reading manifest file '../../build/robot_bringup/robot_bringup.egg-info/SOURCES.txt'
[5.559s] adding license file 'LICENSE'
[5.563s] writing manifest file '../../build/robot_bringup/robot_bringup.egg-info/SOURCES.txt'
[5.564s] running build
[5.565s] running build_py
[5.566s] running install
[5.567s] running install_lib
[5.573s] running install_data
[5.576s] copying launch/alpha.launch.py -> /home/scott/alpha_ws/install/robot_bringup/share/robot_bringup/launch
[5.578s] copying launch/mapping.launch.py -> /home/scott/alpha_ws/install/robot_bringup/share/robot_bringup/launch
[5.579s] copying launch/localization_launch.py -> /home/scott/alpha_ws/install/robot_bringup/share/robot_bringup/launch
[5.580s] copying launch/online_async_launch.py -> /home/scott/alpha_ws/install/robot_bringup/share/robot_bringup/launch
[5.582s] copying config/nav2_params.yaml -> /home/scott/alpha_ws/install/robot_bringup/share/robot_bringup/config
[5.584s] running install_egg_info
[5.592s] removing '/home/scott/alpha_ws/install/robot_bringup/lib/python3.10/site-packages/robot_bringup-0.0.0-py3.10.egg-info' (and everything under it)
[5.594s] Copying ../../build/robot_bringup/robot_bringup.egg-info to /home/scott/alpha_ws/install/robot_bringup/lib/python3.10/site-packages/robot_bringup-0.0.0-py3.10.egg-info
[5.602s] running install_scripts
[5.689s] writing list of installed files to '/home/scott/alpha_ws/build/robot_bringup/install.log'
[5.819s] Invoked command in '/home/scott/alpha_ws/src/robot_bringup' returned '0': PYTHONPATH=/home/scott/alpha_ws/build/robot_bringup/prefix_override:/home/scott/alpha_ws/install/robot_bringup/lib/python3.10/site-packages:${PYTHONPATH} /usr/bin/python3 setup.py egg_info --egg-base ../../build/robot_bringup build --build-base /home/scott/alpha_ws/build/robot_bringup/build install --record /home/scott/alpha_ws/build/robot_bringup/install.log --single-version-externally-managed
