[4.044s] Invoking command in '/home/scott/alpha_ws/src/robot': PYTHONPATH=/home/scott/alpha_ws/build/robot/prefix_override:/home/scott/alpha_ws/install/robot/lib/python3.10/site-packages:${PYTHONPATH} /usr/bin/python3 setup.py egg_info --egg-base ../../build/robot build --build-base /home/scott/alpha_ws/build/robot/build install --record /home/scott/alpha_ws/build/robot/install.log --single-version-externally-managed
[5.403s] running egg_info
[5.405s] writing ../../build/robot/robot.egg-info/PKG-INFO
[5.407s] writing dependency_links to ../../build/robot/robot.egg-info/dependency_links.txt
[5.409s] writing entry points to ../../build/robot/robot.egg-info/entry_points.txt
[5.410s] writing requirements to ../../build/robot/robot.egg-info/requires.txt
[5.410s] writing top-level names to ../../build/robot/robot.egg-info/top_level.txt
[5.420s] reading manifest file '../../build/robot/robot.egg-info/SOURCES.txt'
[5.422s] adding license file 'LICENSE'
[5.425s] writing manifest file '../../build/robot/robot.egg-info/SOURCES.txt'
[5.426s] running build
[5.426s] running build_py
[5.428s] copying robot/pid_controller_right.py -> /home/scott/alpha_ws/build/robot/build/lib/robot
[5.431s] copying robot/pid_controller_left.py -> /home/scott/alpha_ws/build/robot/build/lib/robot
[5.434s] running install
[5.435s] running install_lib
[5.440s] copying /home/scott/alpha_ws/build/robot/build/lib/robot/pid_controller_right.py -> /home/scott/alpha_ws/install/robot/lib/python3.10/site-packages/robot
[5.443s] copying /home/scott/alpha_ws/build/robot/build/lib/robot/pid_controller_left.py -> /home/scott/alpha_ws/install/robot/lib/python3.10/site-packages/robot
[5.447s] byte-compiling /home/scott/alpha_ws/install/robot/lib/python3.10/site-packages/robot/pid_controller_right.py to pid_controller_right.cpython-310.pyc
[5.452s] byte-compiling /home/scott/alpha_ws/install/robot/lib/python3.10/site-packages/robot/pid_controller_left.py to pid_controller_left.cpython-310.pyc
[5.455s] running install_data
[5.458s] running install_egg_info
[5.466s] removing '/home/scott/alpha_ws/install/robot/lib/python3.10/site-packages/robot-0.0.0-py3.10.egg-info' (and everything under it)
[5.468s] Copying ../../build/robot/robot.egg-info to /home/scott/alpha_ws/install/robot/lib/python3.10/site-packages/robot-0.0.0-py3.10.egg-info
[5.475s] running install_scripts
[5.562s] Installing encoder_publisher script to /home/scott/alpha_ws/install/robot/lib/robot
[5.563s] Installing encoder_publisher_left script to /home/scott/alpha_ws/install/robot/lib/robot
[5.564s] Installing encoder_publisher_right script to /home/scott/alpha_ws/install/robot/lib/robot
[5.565s] Installing imu_publisher script to /home/scott/alpha_ws/install/robot/lib/robot
[5.566s] Installing motor_controller script to /home/scott/alpha_ws/install/robot/lib/robot
[5.567s] Installing motor_driver script to /home/scott/alpha_ws/install/robot/lib/robot
[5.568s] Installing odom_publisher script to /home/scott/alpha_ws/install/robot/lib/robot
[5.569s] Installing pid_controller_left script to /home/scott/alpha_ws/install/robot/lib/robot
[5.570s] Installing pid_controller_right script to /home/scott/alpha_ws/install/robot/lib/robot
[5.570s] Installing rpm_publisher_left script to /home/scott/alpha_ws/install/robot/lib/robot
[5.571s] Installing rpm_publisher_right script to /home/scott/alpha_ws/install/robot/lib/robot
[5.574s] writing list of installed files to '/home/scott/alpha_ws/build/robot/install.log'
[5.712s] Invoked command in '/home/scott/alpha_ws/src/robot' returned '0': PYTHONPATH=/home/scott/alpha_ws/build/robot/prefix_override:/home/scott/alpha_ws/install/robot/lib/python3.10/site-packages:${PYTHONPATH} /usr/bin/python3 setup.py egg_info --egg-base ../../build/robot build --build-base /home/scott/alpha_ws/build/robot/build install --record /home/scott/alpha_ws/build/robot/install.log --single-version-externally-managed
