[11.704s] DEBUG:colcon:Command line arguments: ['/usr/bin/colcon', 'build', '--packages-select', 'robot']
[11.705s] DEBUG:colcon:Parsed command line arguments: Namespace(log_base=None, log_level=None, verb_name='build', build_base='build', install_base='install', merge_install=False, symlink_install=False, test_result_base=None, continue_on_error=False, executor='parallel', parallel_workers=4, event_handlers=None, ignore_user_meta=False, metas=['./colcon.meta'], base_paths=['.'], packages_ignore=None, packages_ignore_regex=None, paths=None, packages_up_to=None, packages_up_to_regex=None, packages_above=None, packages_above_and_dependencies=None, packages_above_depth=None, packages_select_by_dep=None, packages_skip_by_dep=None, packages_skip_up_to=None, packages_select_build_failed=False, packages_skip_build_finished=False, packages_select_test_failures=False, packages_skip_test_passed=False, packages_select=['robot'], packages_skip=None, packages_select_regex=None, packages_skip_regex=None, packages_start=None, packages_end=None, allow_overriding=[], cmake_args=None, cmake_target=None, cmake_target_skip_unavailable=False, cmake_clean_cache=False, cmake_clean_first=False, cmake_force_configure=False, ament_cmake_args=None, catkin_cmake_args=None, catkin_skip_building_tests=False, verb_parser=<colcon_defaults.argument_parser.defaults.DefaultArgumentsDecorator object at 0xffffa0d3b070>, verb_extension=<colcon_core.verb.build.BuildVerb object at 0xffffa0fd2830>, main=<bound method BuildVerb.main of <colcon_core.verb.build.BuildVerb object at 0xffffa0fd2830>>)
[12.239s] Level 1:colcon.colcon_core.package_discovery:discover_packages(colcon_meta) check parameters
[12.240s] Level 1:colcon.colcon_core.package_discovery:discover_packages(recursive) check parameters
[12.241s] Level 1:colcon.colcon_core.package_discovery:discover_packages(ignore) check parameters
[12.241s] Level 1:colcon.colcon_core.package_discovery:discover_packages(path) check parameters
[12.241s] Level 1:colcon.colcon_core.package_discovery:discover_packages(colcon_meta) discover
[12.241s] Level 1:colcon.colcon_core.package_discovery:discover_packages(recursive) discover
[12.242s] INFO:colcon.colcon_core.package_discovery:Crawling recursively for packages in '/home/scott/alpha_ws'
[12.242s] Level 1:colcon.colcon_core.package_identification:_identify(.) by extensions ['ignore', 'ignore_ament_install']
[12.243s] Level 1:colcon.colcon_core.package_identification:_identify(.) by extension 'ignore'
[12.243s] Level 1:colcon.colcon_core.package_identification:_identify(.) by extension 'ignore_ament_install'
[12.244s] Level 1:colcon.colcon_core.package_identification:_identify(.) by extensions ['colcon_pkg']
[12.244s] Level 1:colcon.colcon_core.package_identification:_identify(.) by extension 'colcon_pkg'
[12.244s] Level 1:colcon.colcon_core.package_identification:_identify(.) by extensions ['colcon_meta']
[12.244s] Level 1:colcon.colcon_core.package_identification:_identify(.) by extension 'colcon_meta'
[12.244s] Level 1:colcon.colcon_core.package_identification:_identify(.) by extensions ['ros']
[12.245s] Level 1:colcon.colcon_core.package_identification:_identify(.) by extension 'ros'
[12.345s] Level 1:colcon.colcon_core.package_identification:_identify(.) by extensions ['cmake', 'python']
[12.345s] Level 1:colcon.colcon_core.package_identification:_identify(.) by extension 'cmake'
[12.346s] Level 1:colcon.colcon_core.package_identification:_identify(.) by extension 'python'
[12.348s] Level 1:colcon.colcon_core.package_identification:_identify(.) by extensions ['python_setup_py']
[12.348s] Level 1:colcon.colcon_core.package_identification:_identify(.) by extension 'python_setup_py'
[12.350s] Level 1:colcon.colcon_core.package_identification:_identify(build) by extensions ['ignore', 'ignore_ament_install']
[12.350s] Level 1:colcon.colcon_core.package_identification:_identify(build) by extension 'ignore'
[12.351s] Level 1:colcon.colcon_core.package_identification:_identify(build) ignored
[12.352s] Level 1:colcon.colcon_core.package_identification:_identify(install) by extensions ['ignore', 'ignore_ament_install']
[12.353s] Level 1:colcon.colcon_core.package_identification:_identify(install) by extension 'ignore'
[12.354s] Level 1:colcon.colcon_core.package_identification:_identify(install) ignored
[12.360s] Level 1:colcon.colcon_core.package_identification:_identify(log) by extensions ['ignore', 'ignore_ament_install']
[12.361s] Level 1:colcon.colcon_core.package_identification:_identify(log) by extension 'ignore'
[12.362s] Level 1:colcon.colcon_core.package_identification:_identify(log) ignored
[12.363s] Level 1:colcon.colcon_core.package_identification:_identify(src) by extensions ['ignore', 'ignore_ament_install']
[12.365s] Level 1:colcon.colcon_core.package_identification:_identify(src) by extension 'ignore'
[12.366s] Level 1:colcon.colcon_core.package_identification:_identify(src) by extension 'ignore_ament_install'
[12.367s] Level 1:colcon.colcon_core.package_identification:_identify(src) by extensions ['colcon_pkg']
[12.368s] Level 1:colcon.colcon_core.package_identification:_identify(src) by extension 'colcon_pkg'
[12.369s] Level 1:colcon.colcon_core.package_identification:_identify(src) by extensions ['colcon_meta']
[12.370s] Level 1:colcon.colcon_core.package_identification:_identify(src) by extension 'colcon_meta'
[12.371s] Level 1:colcon.colcon_core.package_identification:_identify(src) by extensions ['ros']
[12.372s] Level 1:colcon.colcon_core.package_identification:_identify(src) by extension 'ros'
[12.374s] Level 1:colcon.colcon_core.package_identification:_identify(src) by extensions ['cmake', 'python']
[12.375s] Level 1:colcon.colcon_core.package_identification:_identify(src) by extension 'cmake'
[12.376s] Level 1:colcon.colcon_core.package_identification:_identify(src) by extension 'python'
[12.377s] Level 1:colcon.colcon_core.package_identification:_identify(src) by extensions ['python_setup_py']
[12.378s] Level 1:colcon.colcon_core.package_identification:_identify(src) by extension 'python_setup_py'
[12.380s] Level 1:colcon.colcon_core.package_identification:_identify(src/robot) by extensions ['ignore', 'ignore_ament_install']
[12.381s] Level 1:colcon.colcon_core.package_identification:_identify(src/robot) by extension 'ignore'
[12.382s] Level 1:colcon.colcon_core.package_identification:_identify(src/robot) by extension 'ignore_ament_install'
[12.383s] Level 1:colcon.colcon_core.package_identification:_identify(src/robot) by extensions ['colcon_pkg']
[12.386s] Level 1:colcon.colcon_core.package_identification:_identify(src/robot) by extension 'colcon_pkg'
[12.388s] Level 1:colcon.colcon_core.package_identification:_identify(src/robot) by extensions ['colcon_meta']
[12.389s] Level 1:colcon.colcon_core.package_identification:_identify(src/robot) by extension 'colcon_meta'
[12.390s] Level 1:colcon.colcon_core.package_identification:_identify(src/robot) by extensions ['ros']
[12.391s] Level 1:colcon.colcon_core.package_identification:_identify(src/robot) by extension 'ros'
[12.418s] DEBUG:colcon.colcon_core.package_identification:Package 'src/robot' with type 'ros.ament_python' and name 'robot'
[12.421s] Level 1:colcon.colcon_core.package_identification:_identify(src/robot_bringup) by extensions ['ignore', 'ignore_ament_install']
[12.421s] Level 1:colcon.colcon_core.package_identification:_identify(src/robot_bringup) by extension 'ignore'
[12.422s] Level 1:colcon.colcon_core.package_identification:_identify(src/robot_bringup) by extension 'ignore_ament_install'
[12.423s] Level 1:colcon.colcon_core.package_identification:_identify(src/robot_bringup) by extensions ['colcon_pkg']
[12.424s] Level 1:colcon.colcon_core.package_identification:_identify(src/robot_bringup) by extension 'colcon_pkg'
[12.424s] Level 1:colcon.colcon_core.package_identification:_identify(src/robot_bringup) by extensions ['colcon_meta']
[12.425s] Level 1:colcon.colcon_core.package_identification:_identify(src/robot_bringup) by extension 'colcon_meta'
[12.428s] Level 1:colcon.colcon_core.package_identification:_identify(src/robot_bringup) by extensions ['ros']
[12.429s] Level 1:colcon.colcon_core.package_identification:_identify(src/robot_bringup) by extension 'ros'
[12.434s] DEBUG:colcon.colcon_core.package_identification:Package 'src/robot_bringup' with type 'ros.ament_python' and name 'robot_bringup'
[12.436s] Level 1:colcon.colcon_core.package_identification:_identify(src/robot_description) by extensions ['ignore', 'ignore_ament_install']
[12.438s] Level 1:colcon.colcon_core.package_identification:_identify(src/robot_description) by extension 'ignore'
[12.439s] Level 1:colcon.colcon_core.package_identification:_identify(src/robot_description) by extension 'ignore_ament_install'
[12.440s] Level 1:colcon.colcon_core.package_identification:_identify(src/robot_description) by extensions ['colcon_pkg']
[12.441s] Level 1:colcon.colcon_core.package_identification:_identify(src/robot_description) by extension 'colcon_pkg'
[12.441s] Level 1:colcon.colcon_core.package_identification:_identify(src/robot_description) by extensions ['colcon_meta']
[12.442s] Level 1:colcon.colcon_core.package_identification:_identify(src/robot_description) by extension 'colcon_meta'
[12.442s] Level 1:colcon.colcon_core.package_identification:_identify(src/robot_description) by extensions ['ros']
[12.443s] Level 1:colcon.colcon_core.package_identification:_identify(src/robot_description) by extension 'ros'
[12.448s] DEBUG:colcon.colcon_core.package_identification:Package 'src/robot_description' with type 'ros.ament_python' and name 'robot_description'
[12.452s] Level 1:colcon.colcon_core.package_identification:_identify(src/robot_interfaces) by extensions ['ignore', 'ignore_ament_install']
[12.452s] Level 1:colcon.colcon_core.package_identification:_identify(src/robot_interfaces) by extension 'ignore'
[12.453s] Level 1:colcon.colcon_core.package_identification:_identify(src/robot_interfaces) by extension 'ignore_ament_install'
[12.454s] Level 1:colcon.colcon_core.package_identification:_identify(src/robot_interfaces) by extensions ['colcon_pkg']
[12.454s] Level 1:colcon.colcon_core.package_identification:_identify(src/robot_interfaces) by extension 'colcon_pkg'
[12.455s] Level 1:colcon.colcon_core.package_identification:_identify(src/robot_interfaces) by extensions ['colcon_meta']
[12.458s] Level 1:colcon.colcon_core.package_identification:_identify(src/robot_interfaces) by extension 'colcon_meta'
[12.459s] Level 1:colcon.colcon_core.package_identification:_identify(src/robot_interfaces) by extensions ['ros']
[12.460s] Level 1:colcon.colcon_core.package_identification:_identify(src/robot_interfaces) by extension 'ros'
[12.465s] DEBUG:colcon.colcon_core.package_identification:Package 'src/robot_interfaces' with type 'ros.ament_cmake' and name 'robot_interfaces'
[12.468s] Level 1:colcon.colcon_core.package_identification:_identify(src/rplidar_ros) by extensions ['ignore', 'ignore_ament_install']
[12.469s] Level 1:colcon.colcon_core.package_identification:_identify(src/rplidar_ros) by extension 'ignore'
[12.469s] Level 1:colcon.colcon_core.package_identification:_identify(src/rplidar_ros) by extension 'ignore_ament_install'
[12.470s] Level 1:colcon.colcon_core.package_identification:_identify(src/rplidar_ros) by extensions ['colcon_pkg']
[12.471s] Level 1:colcon.colcon_core.package_identification:_identify(src/rplidar_ros) by extension 'colcon_pkg'
[12.471s] Level 1:colcon.colcon_core.package_identification:_identify(src/rplidar_ros) by extensions ['colcon_meta']
[12.472s] Level 1:colcon.colcon_core.package_identification:_identify(src/rplidar_ros) by extension 'colcon_meta'
[12.472s] Level 1:colcon.colcon_core.package_identification:_identify(src/rplidar_ros) by extensions ['ros']
[12.472s] Level 1:colcon.colcon_core.package_identification:_identify(src/rplidar_ros) by extension 'ros'
[12.478s] DEBUG:colcon.colcon_core.package_identification:Package 'src/rplidar_ros' with type 'ros.ament_cmake' and name 'rplidar_ros'
[12.479s] Level 1:colcon.colcon_core.package_discovery:discover_packages(recursive) using defaults
[12.480s] Level 1:colcon.colcon_core.package_discovery:discover_packages(ignore) discover
[12.481s] Level 1:colcon.colcon_core.package_discovery:discover_packages(ignore) using defaults
[12.482s] Level 1:colcon.colcon_core.package_discovery:discover_packages(path) discover
[12.483s] Level 1:colcon.colcon_core.package_discovery:discover_packages(path) using defaults
[13.249s] INFO:colcon.colcon_core.package_selection:Skipping not selected package 'robot_bringup' in 'src/robot_bringup'
[13.250s] INFO:colcon.colcon_core.package_selection:Skipping not selected package 'robot_description' in 'src/robot_description'
[13.251s] INFO:colcon.colcon_core.package_selection:Skipping not selected package 'robot_interfaces' in 'src/robot_interfaces'
[13.251s] INFO:colcon.colcon_core.package_selection:Skipping not selected package 'rplidar_ros' in 'src/rplidar_ros'
[13.554s] Level 1:colcon.colcon_core.package_discovery:discover_packages(prefix_path) check parameters
[13.555s] Level 1:colcon.colcon_core.package_discovery:discover_packages(prefix_path) discover
[13.941s] DEBUG:colcon.colcon_installed_package_information.package_discovery:Found 5 installed packages in /home/scott/alpha_ws/install
[14.070s] DEBUG:colcon.colcon_installed_package_information.package_discovery:Found 320 installed packages in /opt/ros/humble
[14.079s] Level 1:colcon.colcon_core.package_discovery:discover_packages(prefix_path) using defaults
[15.341s] Level 5:colcon.colcon_core.verb:set package 'robot' build argument 'cmake_args' from command line to 'None'
[15.342s] Level 5:colcon.colcon_core.verb:set package 'robot' build argument 'cmake_target' from command line to 'None'
[15.342s] Level 5:colcon.colcon_core.verb:set package 'robot' build argument 'cmake_target_skip_unavailable' from command line to 'False'
[15.342s] Level 5:colcon.colcon_core.verb:set package 'robot' build argument 'cmake_clean_cache' from command line to 'False'
[15.343s] Level 5:colcon.colcon_core.verb:set package 'robot' build argument 'cmake_clean_first' from command line to 'False'
[15.343s] Level 5:colcon.colcon_core.verb:set package 'robot' build argument 'cmake_force_configure' from command line to 'False'
[15.343s] Level 5:colcon.colcon_core.verb:set package 'robot' build argument 'ament_cmake_args' from command line to 'None'
[15.343s] Level 5:colcon.colcon_core.verb:set package 'robot' build argument 'catkin_cmake_args' from command line to 'None'
[15.344s] Level 5:colcon.colcon_core.verb:set package 'robot' build argument 'catkin_skip_building_tests' from command line to 'False'
[15.344s] DEBUG:colcon.colcon_core.verb:Building package 'robot' with the following arguments: {'ament_cmake_args': None, 'build_base': '/home/scott/alpha_ws/build/robot', 'catkin_cmake_args': None, 'catkin_skip_building_tests': False, 'cmake_args': None, 'cmake_clean_cache': False, 'cmake_clean_first': False, 'cmake_force_configure': False, 'cmake_target': None, 'cmake_target_skip_unavailable': False, 'install_base': '/home/scott/alpha_ws/install/robot', 'merge_install': False, 'path': '/home/scott/alpha_ws/src/robot', 'symlink_install': False, 'test_result_base': None}
[15.498s] INFO:colcon.colcon_core.executor:Executing jobs using 'parallel' executor
[15.648s] DEBUG:colcon.colcon_parallel_executor.executor.parallel:run_until_complete
[15.650s] INFO:colcon.colcon_ros.task.ament_python.build:Building ROS package in '/home/scott/alpha_ws/src/robot' with build type 'ament_python'
[15.650s] Level 1:colcon.colcon_core.shell:create_environment_hook('robot', 'ament_prefix_path')
[15.871s] INFO:colcon.colcon_core.plugin_system:Skipping extension 'colcon_core.shell.bat': Not used on non-Windows systems
[15.873s] INFO:colcon.colcon_core.shell:Creating environment hook '/home/scott/alpha_ws/install/robot/share/robot/hook/ament_prefix_path.ps1'
[15.889s] INFO:colcon.colcon_core.shell:Creating environment descriptor '/home/scott/alpha_ws/install/robot/share/robot/hook/ament_prefix_path.dsv'
[15.895s] INFO:colcon.colcon_core.shell:Creating environment hook '/home/scott/alpha_ws/install/robot/share/robot/hook/ament_prefix_path.sh'
[16.099s] INFO:colcon.colcon_core.shell:Skip shell extension 'powershell' for command environment: Not usable outside of PowerShell
[16.100s] DEBUG:colcon.colcon_core.shell:Skip shell extension 'dsv' for command environment
[19.005s] INFO:colcon.colcon_core.task.python.build:Building Python package in '/home/scott/alpha_ws/src/robot'
[19.199s] INFO:colcon.colcon_core.shell:Skip shell extension 'powershell' for command environment: Not usable outside of PowerShell
[19.199s] DEBUG:colcon.colcon_core.shell:Skip shell extension 'dsv' for command environment
[23.026s] DEBUG:colcon.colcon_core.event_handler.log_command:Invoking command in '/home/scott/alpha_ws/src/robot': PYTHONPATH=/home/scott/alpha_ws/build/robot/prefix_override:/home/scott/alpha_ws/install/robot/lib/python3.10/site-packages:${PYTHONPATH} /usr/bin/python3 setup.py egg_info --egg-base ../../build/robot build --build-base /home/scott/alpha_ws/build/robot/build install --record /home/scott/alpha_ws/build/robot/install.log --single-version-externally-managed
[25.942s] DEBUG:colcon.colcon_core.event_handler.log_command:Invoked command in '/home/scott/alpha_ws/src/robot' returned '0': PYTHONPATH=/home/scott/alpha_ws/build/robot/prefix_override:/home/scott/alpha_ws/install/robot/lib/python3.10/site-packages:${PYTHONPATH} /usr/bin/python3 setup.py egg_info --egg-base ../../build/robot build --build-base /home/scott/alpha_ws/build/robot/build install --record /home/scott/alpha_ws/build/robot/install.log --single-version-externally-managed
[26.108s] Level 1:colcon.colcon_core.environment:checking '/home/scott/alpha_ws/install/robot' for CMake module files
[26.114s] Level 1:colcon.colcon_core.environment:checking '/home/scott/alpha_ws/install/robot' for CMake config files
[26.122s] Level 1:colcon.colcon_core.environment:checking '/home/scott/alpha_ws/install/robot/lib'
[26.123s] Level 1:colcon.colcon_core.environment:checking '/home/scott/alpha_ws/install/robot/bin'
[26.124s] Level 1:colcon.colcon_core.environment:checking '/home/scott/alpha_ws/install/robot/lib/pkgconfig/robot.pc'
[26.126s] Level 1:colcon.colcon_core.environment:checking '/home/scott/alpha_ws/install/robot/lib/python3.10/site-packages'
[26.127s] Level 1:colcon.colcon_core.shell:create_environment_hook('robot', 'pythonpath')
[26.299s] INFO:colcon.colcon_core.shell:Creating environment hook '/home/scott/alpha_ws/install/robot/share/robot/hook/pythonpath.ps1'
[26.305s] INFO:colcon.colcon_core.shell:Creating environment descriptor '/home/scott/alpha_ws/install/robot/share/robot/hook/pythonpath.dsv'
[26.312s] INFO:colcon.colcon_core.shell:Creating environment hook '/home/scott/alpha_ws/install/robot/share/robot/hook/pythonpath.sh'
[26.316s] Level 1:colcon.colcon_core.environment:checking '/home/scott/alpha_ws/install/robot/bin'
[26.317s] Level 1:colcon.colcon_core.environment:create_environment_scripts_only(robot)
[26.495s] INFO:colcon.colcon_core.shell:Creating package script '/home/scott/alpha_ws/install/robot/share/robot/package.ps1'
[26.503s] INFO:colcon.colcon_core.shell:Creating package descriptor '/home/scott/alpha_ws/install/robot/share/robot/package.dsv'
[26.509s] INFO:colcon.colcon_core.shell:Creating package script '/home/scott/alpha_ws/install/robot/share/robot/package.sh'
[26.515s] INFO:colcon.colcon_core.shell:Creating package script '/home/scott/alpha_ws/install/robot/share/robot/package.bash'
[26.527s] INFO:colcon.colcon_core.shell:Creating package script '/home/scott/alpha_ws/install/robot/share/robot/package.zsh'
[26.534s] Level 1:colcon.colcon_core.environment:create_file_with_runtime_dependencies(/home/scott/alpha_ws/install/robot/share/colcon-core/packages/robot)
[26.541s] DEBUG:colcon.colcon_parallel_executor.executor.parallel:closing loop
[26.543s] DEBUG:colcon.colcon_parallel_executor.executor.parallel:loop closed
[26.543s] DEBUG:colcon.colcon_parallel_executor.executor.parallel:run_until_complete finished with '0'
[26.544s] DEBUG:colcon.colcon_core.event_reactor:joining thread
[26.939s] INFO:colcon.colcon_core.plugin_system:Skipping extension 'colcon_notification.desktop_notification.terminal_notifier': Not used on non-Darwin systems
[26.940s] INFO:colcon.colcon_core.plugin_system:Skipping extension 'colcon_notification.desktop_notification.win32': Not used on non-Windows systems
[26.941s] INFO:colcon.colcon_notification.desktop_notification:Sending desktop notification using 'notify2'
[26.948s] DEBUG:colcon.colcon_notification.desktop_notification.notify2:Failed to initialize notify2: org.freedesktop.DBus.Error.ServiceUnknown: The name org.freedesktop.Notifications was not provided by any .service files
[26.949s] DEBUG:colcon.colcon_core.event_reactor:joined thread
[27.085s] INFO:colcon.colcon_core.shell:Creating prefix script '/home/scott/alpha_ws/install/local_setup.ps1'
[27.093s] INFO:colcon.colcon_core.shell:Creating prefix util module '/home/scott/alpha_ws/install/_local_setup_util_ps1.py'
[27.103s] INFO:colcon.colcon_core.shell:Creating prefix chain script '/home/scott/alpha_ws/install/setup.ps1'
[27.269s] INFO:colcon.colcon_core.shell:Creating prefix script '/home/scott/alpha_ws/install/local_setup.sh'
[27.274s] INFO:colcon.colcon_core.shell:Creating prefix util module '/home/scott/alpha_ws/install/_local_setup_util_sh.py'
[27.279s] INFO:colcon.colcon_core.shell:Creating prefix chain script '/home/scott/alpha_ws/install/setup.sh'
[27.456s] INFO:colcon.colcon_core.shell:Creating prefix script '/home/scott/alpha_ws/install/local_setup.bash'
[27.465s] INFO:colcon.colcon_core.shell:Creating prefix chain script '/home/scott/alpha_ws/install/setup.bash'
[27.656s] INFO:colcon.colcon_core.shell:Creating prefix script '/home/scott/alpha_ws/install/local_setup.zsh'
[27.662s] INFO:colcon.colcon_core.shell:Creating prefix chain script '/home/scott/alpha_ws/install/setup.zsh'
