[1.999s] Invoking command in '/home/scott/alpha_ws/build/robot_interfaces': CMAKE_PREFIX_PATH=${CMAKE_PREFIX_PATH}:/home/scott/alpha_ws/install/robot:/opt/ros/humble /usr/bin/cmake --build /home/scott/alpha_ws/build/robot_interfaces -- -j4 -l4
[2.101s] -- Found ament_cmake: 1.3.6 (/opt/ros/humble/share/ament_cmake/cmake)
[2.942s] -- Found rosidl_default_generators: 1.2.0 (/opt/ros/humble/share/rosidl_default_generators/cmake)
[2.980s] -- Using all available rosidl_typesupport_c: rosidl_typesupport_fastrtps_c;rosidl_typesupport_introspection_c
[3.068s] -- Found rosidl_adapter: 3.1.5 (/opt/ros/humble/share/rosidl_adapter/cmake)
[3.566s] -- Using all available rosidl_typesupport_cpp: rosidl_typesupport_fastrtps_cpp;rosidl_typesupport_introspection_cpp
[5.332s] -- Found ament_cmake_ros: 0.10.0 (/opt/ros/humble/share/ament_cmake_ros/cmake)
[6.464s] -- Using all available rosidl_typesupport_c: rosidl_typesupport_fastrtps_c;rosidl_typesupport_introspection_c
[7.690s] -- Using all available rosidl_typesupport_cpp: rosidl_typesupport_fastrtps_cpp;rosidl_typesupport_introspection_cpp
[7.813s] -- Found PythonInterp: /usr/bin/python3 (found suitable version "3.10.12", minimum required is "3.6") 
[7.837s] -- Found python_cmake_module: 0.10.0 (/opt/ros/humble/share/python_cmake_module/cmake)
[7.980s] -- Found PythonLibs: /usr/lib/aarch64-linux-gnu/libpython3.10.so (found suitable version "3.10.12", minimum required is "3.5") 
[7.982s] -- Using PYTHON_EXECUTABLE: /usr/bin/python3
[7.982s] -- Using PYTHON_INCLUDE_DIRS: /usr/include/python3.10
[7.983s] -- Using PYTHON_LIBRARIES: /usr/lib/aarch64-linux-gnu/libpython3.10.so
[8.094s] -- Found PythonExtra: .so  
[8.271s] -- Found ament_lint_auto: 0.12.9 (/opt/ros/humble/share/ament_lint_auto/cmake)
[8.343s] -- Added test 'lint_cmake' to check CMake code style
[8.351s] -- Added test 'xmllint' to check XML markup files
[8.367s] -- Configuring done
[8.580s] -- Generating done
[8.599s] -- Build files have been written to: /home/scott/alpha_ws/build/robot_interfaces
[8.709s] [  2%] [34m[1mGenerating C code for ROS interfaces[0m
[8.758s] [  4%] [34m[1mGenerating C++ code for ROS interfaces[0m
[8.807s] [  4%] Built target ament_cmake_python_copy_robot_interfaces
[10.568s] running egg_info
[10.574s] creating robot_interfaces.egg-info
[10.576s] writing robot_interfaces.egg-info/PKG-INFO
[10.577s] writing dependency_links to robot_interfaces.egg-info/dependency_links.txt
[10.578s] writing top-level names to robot_interfaces.egg-info/top_level.txt
[10.579s] writing manifest file 'robot_interfaces.egg-info/SOURCES.txt'
[10.593s] reading manifest file 'robot_interfaces.egg-info/SOURCES.txt'
[10.598s] writing manifest file 'robot_interfaces.egg-info/SOURCES.txt'
[10.779s] [  4%] Built target ament_cmake_python_build_robot_interfaces_egg
[10.945s] [  4%] Built target robot_interfaces__cpp
[10.997s] [  6%] [32mBuilding C object CMakeFiles/robot_interfaces__rosidl_generator_c.dir/rosidl_generator_c/robot_interfaces/msg/detail/tick_count__functions.c.o[0m
[11.001s] [  8%] [34m[1mGenerating C++ type support dispatch for ROS interfaces[0m
[11.009s] [ 10%] [34m[1mGenerating C++ type support for eProsima Fast-RTPS[0m
[11.027s] [ 12%] [34m[1mGenerating C++ introspection for ROS interfaces[0m
[11.496s] [ 14%] [32mBuilding C object CMakeFiles/robot_interfaces__rosidl_generator_c.dir/rosidl_generator_c/robot_interfaces/msg/detail/wheel_rpm__functions.c.o[0m
[11.814s] [ 17%] [32mBuilding C object CMakeFiles/robot_interfaces__rosidl_generator_c.dir/rosidl_generator_c/robot_interfaces/msg/detail/duty_cycle__functions.c.o[0m
[12.129s] [ 19%] [32m[1mLinking C shared library librobot_interfaces__rosidl_generator_c.so[0m
[12.407s] [ 19%] Built target robot_interfaces__rosidl_generator_c
[12.485s] [ 21%] [34m[1mGenerating C type support for eProsima Fast-RTPS[0m
[12.701s] [ 23%] [32mBuilding CXX object CMakeFiles/robot_interfaces__rosidl_typesupport_cpp.dir/rosidl_typesupport_cpp/robot_interfaces/msg/tick_count__type_support.cpp.o[0m
[13.055s] [ 25%] [32mBuilding CXX object CMakeFiles/robot_interfaces__rosidl_typesupport_introspection_cpp.dir/rosidl_typesupport_introspection_cpp/robot_interfaces/msg/detail/tick_count__type_support.cpp.o[0m
[13.196s] [ 27%] [32mBuilding CXX object CMakeFiles/robot_interfaces__rosidl_typesupport_fastrtps_cpp.dir/rosidl_typesupport_fastrtps_cpp/robot_interfaces/msg/detail/dds_fastrtps/tick_count__type_support.cpp.o[0m
[14.778s] [ 29%] [32mBuilding CXX object CMakeFiles/robot_interfaces__rosidl_typesupport_fastrtps_c.dir/rosidl_typesupport_fastrtps_c/robot_interfaces/msg/detail/tick_count__type_support_c.cpp.o[0m
[14.935s] [ 31%] [32mBuilding CXX object CMakeFiles/robot_interfaces__rosidl_typesupport_cpp.dir/rosidl_typesupport_cpp/robot_interfaces/msg/wheel_rpm__type_support.cpp.o[0m
[15.749s] [ 34%] [32mBuilding CXX object CMakeFiles/robot_interfaces__rosidl_typesupport_introspection_cpp.dir/rosidl_typesupport_introspection_cpp/robot_interfaces/msg/detail/wheel_rpm__type_support.cpp.o[0m
[16.214s] [ 36%] [32mBuilding CXX object CMakeFiles/robot_interfaces__rosidl_typesupport_fastrtps_cpp.dir/rosidl_typesupport_fastrtps_cpp/robot_interfaces/msg/detail/dds_fastrtps/wheel_rpm__type_support.cpp.o[0m
[16.749s] [ 38%] [32mBuilding CXX object CMakeFiles/robot_interfaces__rosidl_typesupport_cpp.dir/rosidl_typesupport_cpp/robot_interfaces/msg/duty_cycle__type_support.cpp.o[0m
[17.099s] [ 40%] [32mBuilding CXX object CMakeFiles/robot_interfaces__rosidl_typesupport_fastrtps_c.dir/rosidl_typesupport_fastrtps_c/robot_interfaces/msg/detail/wheel_rpm__type_support_c.cpp.o[0m
[18.383s] [ 42%] [32mBuilding CXX object CMakeFiles/robot_interfaces__rosidl_typesupport_introspection_cpp.dir/rosidl_typesupport_introspection_cpp/robot_interfaces/msg/detail/duty_cycle__type_support.cpp.o[0m
[18.657s] [ 44%] [32m[1mLinking CXX shared library librobot_interfaces__rosidl_typesupport_cpp.so[0m
[18.930s] [ 44%] Built target robot_interfaces__rosidl_typesupport_cpp
[19.006s] [ 46%] [34m[1mGenerating C introspection for ROS interfaces[0m
[19.097s] [ 48%] [32mBuilding CXX object CMakeFiles/robot_interfaces__rosidl_typesupport_fastrtps_cpp.dir/rosidl_typesupport_fastrtps_cpp/robot_interfaces/msg/detail/dds_fastrtps/duty_cycle__type_support.cpp.o[0m
[19.489s] [ 51%] [32mBuilding CXX object CMakeFiles/robot_interfaces__rosidl_typesupport_fastrtps_c.dir/rosidl_typesupport_fastrtps_c/robot_interfaces/msg/detail/duty_cycle__type_support_c.cpp.o[0m
[21.194s] [ 53%] [32mBuilding C object CMakeFiles/robot_interfaces__rosidl_typesupport_introspection_c.dir/rosidl_typesupport_introspection_c/robot_interfaces/msg/detail/tick_count__type_support.c.o[0m
[21.203s] [ 55%] [32m[1mLinking CXX shared library librobot_interfaces__rosidl_typesupport_introspection_cpp.so[0m
[21.462s] [ 57%] [32mBuilding C object CMakeFiles/robot_interfaces__rosidl_typesupport_introspection_c.dir/rosidl_typesupport_introspection_c/robot_interfaces/msg/detail/wheel_rpm__type_support.c.o[0m
[21.499s] [ 57%] Built target robot_interfaces__rosidl_typesupport_introspection_cpp
[21.559s] [ 59%] [34m[1mGenerating C type support dispatch for ROS interfaces[0m
[21.733s] [ 61%] [32mBuilding C object CMakeFiles/robot_interfaces__rosidl_typesupport_introspection_c.dir/rosidl_typesupport_introspection_c/robot_interfaces/msg/detail/duty_cycle__type_support.c.o[0m
[21.881s] [ 63%] [32m[1mLinking CXX shared library librobot_interfaces__rosidl_typesupport_fastrtps_c.so[0m
[21.981s] [ 65%] [32m[1mLinking CXX shared library librobot_interfaces__rosidl_typesupport_fastrtps_cpp.so[0m
[21.990s] [ 68%] [32m[1mLinking C shared library librobot_interfaces__rosidl_typesupport_introspection_c.so[0m
[22.224s] [ 68%] Built target robot_interfaces__rosidl_typesupport_introspection_c
[22.412s] [ 68%] Built target robot_interfaces__rosidl_typesupport_fastrtps_c
[22.432s] [ 68%] Built target robot_interfaces__rosidl_typesupport_fastrtps_cpp
[23.085s] [ 72%] [32mBuilding CXX object CMakeFiles/robot_interfaces__rosidl_typesupport_c.dir/rosidl_typesupport_c/robot_interfaces/msg/wheel_rpm__type_support.cpp.o[0m
[23.092s] [ 72%] [32mBuilding CXX object CMakeFiles/robot_interfaces__rosidl_typesupport_c.dir/rosidl_typesupport_c/robot_interfaces/msg/tick_count__type_support.cpp.o[0m
[23.097s] [ 74%] [32mBuilding CXX object CMakeFiles/robot_interfaces__rosidl_typesupport_c.dir/rosidl_typesupport_c/robot_interfaces/msg/duty_cycle__type_support.cpp.o[0m
[23.264s] [ 76%] [32m[1mLinking CXX shared library librobot_interfaces__rosidl_typesupport_c.so[0m
[23.443s] [ 76%] Built target robot_interfaces__rosidl_typesupport_c
[23.533s] [ 76%] Built target robot_interfaces
[23.627s] [ 78%] [34m[1mGenerating Python code for ROS interfaces[0m
[25.771s] [ 78%] Built target robot_interfaces__py
[25.878s] [ 82%] [32mBuilding C object CMakeFiles/robot_interfaces__rosidl_generator_py.dir/rosidl_generator_py/robot_interfaces/msg/_wheel_rpm_s.c.o[0m
[25.885s] [ 82%] [32mBuilding C object CMakeFiles/robot_interfaces__rosidl_generator_py.dir/rosidl_generator_py/robot_interfaces/msg/_tick_count_s.c.o[0m
[25.892s] [ 85%] [32mBuilding C object CMakeFiles/robot_interfaces__rosidl_generator_py.dir/rosidl_generator_py/robot_interfaces/msg/_duty_cycle_s.c.o[0m
[26.587s] [ 87%] [32m[1mLinking C shared library rosidl_generator_py/robot_interfaces/librobot_interfaces__rosidl_generator_py.so[0m
[26.794s] [ 87%] Built target robot_interfaces__rosidl_generator_py
[26.900s] [ 89%] [32mBuilding C object CMakeFiles/robot_interfaces__rosidl_typesupport_fastrtps_c__pyext.dir/rosidl_generator_py/robot_interfaces/_robot_interfaces_s.ep.rosidl_typesupport_fastrtps_c.c.o[0m
[26.903s] [ 93%] [32mBuilding C object CMakeFiles/robot_interfaces__rosidl_typesupport_c__pyext.dir/rosidl_generator_py/robot_interfaces/_robot_interfaces_s.ep.rosidl_typesupport_c.c.o[0m
[26.906s] [ 93%] [32mBuilding C object CMakeFiles/robot_interfaces__rosidl_typesupport_introspection_c__pyext.dir/rosidl_generator_py/robot_interfaces/_robot_interfaces_s.ep.rosidl_typesupport_introspection_c.c.o[0m
[27.461s] [ 95%] [32m[1mLinking C shared library rosidl_generator_py/robot_interfaces/robot_interfaces_s__rosidl_typesupport_c.cpython-310-aarch64-linux-gnu.so[0m
[27.486s] [ 97%] [32m[1mLinking C shared library rosidl_generator_py/robot_interfaces/robot_interfaces_s__rosidl_typesupport_introspection_c.cpython-310-aarch64-linux-gnu.so[0m
[27.534s] [100%] [32m[1mLinking C shared library rosidl_generator_py/robot_interfaces/robot_interfaces_s__rosidl_typesupport_fastrtps_c.cpython-310-aarch64-linux-gnu.so[0m
[27.659s] [100%] Built target robot_interfaces__rosidl_typesupport_c__pyext
[27.681s] [100%] Built target robot_interfaces__rosidl_typesupport_introspection_c__pyext
[27.738s] [100%] Built target robot_interfaces__rosidl_typesupport_fastrtps_c__pyext
[27.789s] Invoked command in '/home/scott/alpha_ws/build/robot_interfaces' returned '0': CMAKE_PREFIX_PATH=${CMAKE_PREFIX_PATH}:/home/scott/alpha_ws/install/robot:/opt/ros/humble /usr/bin/cmake --build /home/scott/alpha_ws/build/robot_interfaces -- -j4 -l4
[28.397s] Invoking command in '/home/scott/alpha_ws/build/robot_interfaces': CMAKE_PREFIX_PATH=${CMAKE_PREFIX_PATH}:/home/scott/alpha_ws/install/robot:/opt/ros/humble /usr/bin/cmake --install /home/scott/alpha_ws/build/robot_interfaces
[28.429s] -- Install configuration: ""
[28.430s] -- Installing: /home/scott/alpha_ws/install/robot_interfaces/share/ament_index/resource_index/rosidl_interfaces/robot_interfaces
[28.432s] -- Installing: /home/scott/alpha_ws/install/robot_interfaces/include/robot_interfaces/robot_interfaces
[28.432s] -- Installing: /home/scott/alpha_ws/install/robot_interfaces/include/robot_interfaces/robot_interfaces/msg
[28.436s] -- Installing: /home/scott/alpha_ws/install/robot_interfaces/include/robot_interfaces/robot_interfaces/msg/tick_count.h
[28.436s] -- Installing: /home/scott/alpha_ws/install/robot_interfaces/include/robot_interfaces/robot_interfaces/msg/duty_cycle.h
[28.437s] -- Installing: /home/scott/alpha_ws/install/robot_interfaces/include/robot_interfaces/robot_interfaces/msg/detail
[28.437s] -- Installing: /home/scott/alpha_ws/install/robot_interfaces/include/robot_interfaces/robot_interfaces/msg/detail/duty_cycle__functions.c
[28.440s] -- Installing: /home/scott/alpha_ws/install/robot_interfaces/include/robot_interfaces/robot_interfaces/msg/detail/wheel_rpm__type_support.h
[28.441s] -- Installing: /home/scott/alpha_ws/install/robot_interfaces/include/robot_interfaces/robot_interfaces/msg/detail/tick_count__functions.c
[28.441s] -- Installing: /home/scott/alpha_ws/install/robot_interfaces/include/robot_interfaces/robot_interfaces/msg/detail/wheel_rpm__struct.h
[28.446s] -- Installing: /home/scott/alpha_ws/install/robot_interfaces/include/robot_interfaces/robot_interfaces/msg/detail/tick_count__functions.h
[28.446s] -- Installing: /home/scott/alpha_ws/install/robot_interfaces/include/robot_interfaces/robot_interfaces/msg/detail/duty_cycle__type_support.h
[28.447s] -- Installing: /home/scott/alpha_ws/install/robot_interfaces/include/robot_interfaces/robot_interfaces/msg/detail/wheel_rpm__functions.h
[28.447s] -- Installing: /home/scott/alpha_ws/install/robot_interfaces/include/robot_interfaces/robot_interfaces/msg/detail/duty_cycle__functions.h
[28.448s] -- Installing: /home/scott/alpha_ws/install/robot_interfaces/include/robot_interfaces/robot_interfaces/msg/detail/tick_count__struct.h
[28.449s] -- Installing: /home/scott/alpha_ws/install/robot_interfaces/include/robot_interfaces/robot_interfaces/msg/detail/wheel_rpm__functions.c
[28.449s] -- Installing: /home/scott/alpha_ws/install/robot_interfaces/include/robot_interfaces/robot_interfaces/msg/detail/duty_cycle__struct.h
[28.450s] -- Installing: /home/scott/alpha_ws/install/robot_interfaces/include/robot_interfaces/robot_interfaces/msg/detail/tick_count__type_support.h
[28.451s] -- Installing: /home/scott/alpha_ws/install/robot_interfaces/include/robot_interfaces/robot_interfaces/msg/rosidl_generator_c__visibility_control.h
[28.453s] -- Installing: /home/scott/alpha_ws/install/robot_interfaces/include/robot_interfaces/robot_interfaces/msg/wheel_rpm.h
[28.454s] -- Installing: /home/scott/alpha_ws/install/robot_interfaces/share/robot_interfaces/environment/library_path.sh
[28.457s] -- Installing: /home/scott/alpha_ws/install/robot_interfaces/share/robot_interfaces/environment/library_path.dsv
[28.459s] -- Installing: /home/scott/alpha_ws/install/robot_interfaces/lib/librobot_interfaces__rosidl_generator_c.so
[28.463s] -- Set runtime path of "/home/scott/alpha_ws/install/robot_interfaces/lib/librobot_interfaces__rosidl_generator_c.so" to ""
[28.463s] -- Up-to-date: /home/scott/alpha_ws/install/robot_interfaces/include/robot_interfaces/robot_interfaces
[28.464s] -- Up-to-date: /home/scott/alpha_ws/install/robot_interfaces/include/robot_interfaces/robot_interfaces/msg
[28.465s] -- Up-to-date: /home/scott/alpha_ws/install/robot_interfaces/include/robot_interfaces/robot_interfaces/msg/detail
[28.465s] -- Installing: /home/scott/alpha_ws/install/robot_interfaces/include/robot_interfaces/robot_interfaces/msg/detail/tick_count__rosidl_typesupport_fastrtps_c.h
[28.466s] -- Installing: /home/scott/alpha_ws/install/robot_interfaces/include/robot_interfaces/robot_interfaces/msg/detail/duty_cycle__rosidl_typesupport_fastrtps_c.h
[28.467s] -- Installing: /home/scott/alpha_ws/install/robot_interfaces/include/robot_interfaces/robot_interfaces/msg/detail/wheel_rpm__rosidl_typesupport_fastrtps_c.h
[28.469s] -- Installing: /home/scott/alpha_ws/install/robot_interfaces/include/robot_interfaces/robot_interfaces/msg/rosidl_typesupport_fastrtps_c__visibility_control.h
[28.470s] -- Installing: /home/scott/alpha_ws/install/robot_interfaces/lib/librobot_interfaces__rosidl_typesupport_fastrtps_c.so
[28.474s] -- Set runtime path of "/home/scott/alpha_ws/install/robot_interfaces/lib/librobot_interfaces__rosidl_typesupport_fastrtps_c.so" to ""
[28.474s] -- Up-to-date: /home/scott/alpha_ws/install/robot_interfaces/include/robot_interfaces/robot_interfaces
[28.476s] -- Up-to-date: /home/scott/alpha_ws/install/robot_interfaces/include/robot_interfaces/robot_interfaces/msg
[28.477s] -- Installing: /home/scott/alpha_ws/install/robot_interfaces/include/robot_interfaces/robot_interfaces/msg/rosidl_typesupport_introspection_c__visibility_control.h
[28.478s] -- Up-to-date: /home/scott/alpha_ws/install/robot_interfaces/include/robot_interfaces/robot_interfaces/msg/detail
[28.478s] -- Installing: /home/scott/alpha_ws/install/robot_interfaces/include/robot_interfaces/robot_interfaces/msg/detail/wheel_rpm__type_support.c
[28.479s] -- Installing: /home/scott/alpha_ws/install/robot_interfaces/include/robot_interfaces/robot_interfaces/msg/detail/tick_count__rosidl_typesupport_introspection_c.h
[28.488s] -- Installing: /home/scott/alpha_ws/install/robot_interfaces/include/robot_interfaces/robot_interfaces/msg/detail/duty_cycle__rosidl_typesupport_introspection_c.h
[28.489s] -- Installing: /home/scott/alpha_ws/install/robot_interfaces/include/robot_interfaces/robot_interfaces/msg/detail/duty_cycle__type_support.c
[28.490s] -- Installing: /home/scott/alpha_ws/install/robot_interfaces/include/robot_interfaces/robot_interfaces/msg/detail/tick_count__type_support.c
[28.490s] -- Installing: /home/scott/alpha_ws/install/robot_interfaces/include/robot_interfaces/robot_interfaces/msg/detail/wheel_rpm__rosidl_typesupport_introspection_c.h
[28.491s] -- Installing: /home/scott/alpha_ws/install/robot_interfaces/lib/librobot_interfaces__rosidl_typesupport_introspection_c.so
[28.491s] -- Set runtime path of "/home/scott/alpha_ws/install/robot_interfaces/lib/librobot_interfaces__rosidl_typesupport_introspection_c.so" to ""
[28.491s] -- Installing: /home/scott/alpha_ws/install/robot_interfaces/lib/librobot_interfaces__rosidl_typesupport_c.so
[28.497s] -- Set runtime path of "/home/scott/alpha_ws/install/robot_interfaces/lib/librobot_interfaces__rosidl_typesupport_c.so" to ""
[28.498s] -- Up-to-date: /home/scott/alpha_ws/install/robot_interfaces/include/robot_interfaces/robot_interfaces
[28.498s] -- Up-to-date: /home/scott/alpha_ws/install/robot_interfaces/include/robot_interfaces/robot_interfaces/msg
[28.499s] -- Installing: /home/scott/alpha_ws/install/robot_interfaces/include/robot_interfaces/robot_interfaces/msg/duty_cycle.hpp
[28.503s] -- Installing: /home/scott/alpha_ws/install/robot_interfaces/include/robot_interfaces/robot_interfaces/msg/wheel_rpm.hpp
[28.504s] -- Installing: /home/scott/alpha_ws/install/robot_interfaces/include/robot_interfaces/robot_interfaces/msg/tick_count.hpp
[28.504s] -- Up-to-date: /home/scott/alpha_ws/install/robot_interfaces/include/robot_interfaces/robot_interfaces/msg/detail
[28.508s] -- Installing: /home/scott/alpha_ws/install/robot_interfaces/include/robot_interfaces/robot_interfaces/msg/detail/wheel_rpm__traits.hpp
[28.509s] -- Installing: /home/scott/alpha_ws/install/robot_interfaces/include/robot_interfaces/robot_interfaces/msg/detail/duty_cycle__struct.hpp
[28.509s] -- Installing: /home/scott/alpha_ws/install/robot_interfaces/include/robot_interfaces/robot_interfaces/msg/detail/tick_count__builder.hpp
[28.512s] -- Installing: /home/scott/alpha_ws/install/robot_interfaces/include/robot_interfaces/robot_interfaces/msg/detail/wheel_rpm__struct.hpp
[28.512s] -- Installing: /home/scott/alpha_ws/install/robot_interfaces/include/robot_interfaces/robot_interfaces/msg/detail/duty_cycle__traits.hpp
[28.513s] -- Installing: /home/scott/alpha_ws/install/robot_interfaces/include/robot_interfaces/robot_interfaces/msg/detail/duty_cycle__builder.hpp
[28.513s] -- Installing: /home/scott/alpha_ws/install/robot_interfaces/include/robot_interfaces/robot_interfaces/msg/detail/tick_count__struct.hpp
[28.516s] -- Installing: /home/scott/alpha_ws/install/robot_interfaces/include/robot_interfaces/robot_interfaces/msg/detail/wheel_rpm__builder.hpp
[28.516s] -- Installing: /home/scott/alpha_ws/install/robot_interfaces/include/robot_interfaces/robot_interfaces/msg/detail/tick_count__traits.hpp
[28.517s] -- Up-to-date: /home/scott/alpha_ws/install/robot_interfaces/include/robot_interfaces/robot_interfaces
[28.517s] -- Up-to-date: /home/scott/alpha_ws/install/robot_interfaces/include/robot_interfaces/robot_interfaces/msg
[28.518s] -- Up-to-date: /home/scott/alpha_ws/install/robot_interfaces/include/robot_interfaces/robot_interfaces/msg/detail
[28.518s] -- Installing: /home/scott/alpha_ws/install/robot_interfaces/include/robot_interfaces/robot_interfaces/msg/detail/wheel_rpm__rosidl_typesupport_fastrtps_cpp.hpp
[28.525s] -- Installing: /home/scott/alpha_ws/install/robot_interfaces/include/robot_interfaces/robot_interfaces/msg/detail/dds_fastrtps
[28.525s] -- Installing: /home/scott/alpha_ws/install/robot_interfaces/include/robot_interfaces/robot_interfaces/msg/detail/duty_cycle__rosidl_typesupport_fastrtps_cpp.hpp
[28.526s] -- Installing: /home/scott/alpha_ws/install/robot_interfaces/include/robot_interfaces/robot_interfaces/msg/detail/tick_count__rosidl_typesupport_fastrtps_cpp.hpp
[28.526s] -- Installing: /home/scott/alpha_ws/install/robot_interfaces/include/robot_interfaces/robot_interfaces/msg/rosidl_typesupport_fastrtps_cpp__visibility_control.h
[28.526s] -- Installing: /home/scott/alpha_ws/install/robot_interfaces/lib/librobot_interfaces__rosidl_typesupport_fastrtps_cpp.so
[28.530s] -- Set runtime path of "/home/scott/alpha_ws/install/robot_interfaces/lib/librobot_interfaces__rosidl_typesupport_fastrtps_cpp.so" to ""
[28.530s] -- Up-to-date: /home/scott/alpha_ws/install/robot_interfaces/include/robot_interfaces/robot_interfaces
[28.531s] -- Up-to-date: /home/scott/alpha_ws/install/robot_interfaces/include/robot_interfaces/robot_interfaces/msg
[28.535s] -- Up-to-date: /home/scott/alpha_ws/install/robot_interfaces/include/robot_interfaces/robot_interfaces/msg/detail
[28.536s] -- Installing: /home/scott/alpha_ws/install/robot_interfaces/include/robot_interfaces/robot_interfaces/msg/detail/wheel_rpm__rosidl_typesupport_introspection_cpp.hpp
[28.537s] -- Installing: /home/scott/alpha_ws/install/robot_interfaces/include/robot_interfaces/robot_interfaces/msg/detail/duty_cycle__rosidl_typesupport_introspection_cpp.hpp
[28.537s] -- Installing: /home/scott/alpha_ws/install/robot_interfaces/include/robot_interfaces/robot_interfaces/msg/detail/tick_count__type_support.cpp
[28.537s] -- Installing: /home/scott/alpha_ws/install/robot_interfaces/include/robot_interfaces/robot_interfaces/msg/detail/wheel_rpm__type_support.cpp
[28.538s] -- Installing: /home/scott/alpha_ws/install/robot_interfaces/include/robot_interfaces/robot_interfaces/msg/detail/tick_count__rosidl_typesupport_introspection_cpp.hpp
[28.538s] -- Installing: /home/scott/alpha_ws/install/robot_interfaces/include/robot_interfaces/robot_interfaces/msg/detail/duty_cycle__type_support.cpp
[28.539s] -- Installing: /home/scott/alpha_ws/install/robot_interfaces/lib/librobot_interfaces__rosidl_typesupport_introspection_cpp.so
[28.539s] -- Set runtime path of "/home/scott/alpha_ws/install/robot_interfaces/lib/librobot_interfaces__rosidl_typesupport_introspection_cpp.so" to ""
[28.545s] -- Installing: /home/scott/alpha_ws/install/robot_interfaces/lib/librobot_interfaces__rosidl_typesupport_cpp.so
[28.545s] -- Set runtime path of "/home/scott/alpha_ws/install/robot_interfaces/lib/librobot_interfaces__rosidl_typesupport_cpp.so" to ""
[28.546s] -- Installing: /home/scott/alpha_ws/install/robot_interfaces/share/robot_interfaces/environment/pythonpath.sh
[28.546s] -- Installing: /home/scott/alpha_ws/install/robot_interfaces/share/robot_interfaces/environment/pythonpath.dsv
[28.553s] -- Installing: /home/scott/alpha_ws/install/robot_interfaces/local/lib/python3.10/dist-packages/robot_interfaces-0.0.0-py3.10.egg-info
[28.553s] -- Installing: /home/scott/alpha_ws/install/robot_interfaces/local/lib/python3.10/dist-packages/robot_interfaces-0.0.0-py3.10.egg-info/dependency_links.txt
[28.554s] -- Installing: /home/scott/alpha_ws/install/robot_interfaces/local/lib/python3.10/dist-packages/robot_interfaces-0.0.0-py3.10.egg-info/SOURCES.txt
[28.556s] -- Installing: /home/scott/alpha_ws/install/robot_interfaces/local/lib/python3.10/dist-packages/robot_interfaces-0.0.0-py3.10.egg-info/top_level.txt
[28.557s] -- Installing: /home/scott/alpha_ws/install/robot_interfaces/local/lib/python3.10/dist-packages/robot_interfaces-0.0.0-py3.10.egg-info/PKG-INFO
[28.557s] -- Installing: /home/scott/alpha_ws/install/robot_interfaces/local/lib/python3.10/dist-packages/robot_interfaces
[28.560s] -- Installing: /home/scott/alpha_ws/install/robot_interfaces/local/lib/python3.10/dist-packages/robot_interfaces/_robot_interfaces_s.ep.rosidl_typesupport_c.c
[28.561s] -- Installing: /home/scott/alpha_ws/install/robot_interfaces/local/lib/python3.10/dist-packages/robot_interfaces/msg
[28.561s] -- Installing: /home/scott/alpha_ws/install/robot_interfaces/local/lib/python3.10/dist-packages/robot_interfaces/msg/_duty_cycle.py
[28.564s] -- Installing: /home/scott/alpha_ws/install/robot_interfaces/local/lib/python3.10/dist-packages/robot_interfaces/msg/_tick_count.py
[28.565s] -- Installing: /home/scott/alpha_ws/install/robot_interfaces/local/lib/python3.10/dist-packages/robot_interfaces/msg/_tick_count_s.c
[28.565s] -- Installing: /home/scott/alpha_ws/install/robot_interfaces/local/lib/python3.10/dist-packages/robot_interfaces/msg/_wheel_rpm.py
[28.566s] -- Installing: /home/scott/alpha_ws/install/robot_interfaces/local/lib/python3.10/dist-packages/robot_interfaces/msg/__init__.py
[28.566s] -- Installing: /home/scott/alpha_ws/install/robot_interfaces/local/lib/python3.10/dist-packages/robot_interfaces/msg/_wheel_rpm_s.c
[28.568s] -- Installing: /home/scott/alpha_ws/install/robot_interfaces/local/lib/python3.10/dist-packages/robot_interfaces/msg/_duty_cycle_s.c
[28.569s] -- Installing: /home/scott/alpha_ws/install/robot_interfaces/local/lib/python3.10/dist-packages/robot_interfaces/robot_interfaces_s__rosidl_typesupport_c.cpython-310-aarch64-linux-gnu.so
[28.569s] -- Installing: /home/scott/alpha_ws/install/robot_interfaces/local/lib/python3.10/dist-packages/robot_interfaces/__init__.py
[28.570s] -- Installing: /home/scott/alpha_ws/install/robot_interfaces/local/lib/python3.10/dist-packages/robot_interfaces/_robot_interfaces_s.ep.rosidl_typesupport_introspection_c.c
[28.573s] -- Installing: /home/scott/alpha_ws/install/robot_interfaces/local/lib/python3.10/dist-packages/robot_interfaces/_robot_interfaces_s.ep.rosidl_typesupport_fastrtps_c.c
[28.573s] -- Installing: /home/scott/alpha_ws/install/robot_interfaces/local/lib/python3.10/dist-packages/robot_interfaces/robot_interfaces_s__rosidl_typesupport_fastrtps_c.cpython-310-aarch64-linux-gnu.so
[28.574s] -- Installing: /home/scott/alpha_ws/install/robot_interfaces/local/lib/python3.10/dist-packages/robot_interfaces/librobot_interfaces__rosidl_generator_py.so
[28.574s] -- Installing: /home/scott/alpha_ws/install/robot_interfaces/local/lib/python3.10/dist-packages/robot_interfaces/robot_interfaces_s__rosidl_typesupport_introspection_c.cpython-310-aarch64-linux-gnu.so
[28.759s] Listing '/home/scott/alpha_ws/install/robot_interfaces/local/lib/python3.10/dist-packages/robot_interfaces'...
[28.761s] Compiling '/home/scott/alpha_ws/install/robot_interfaces/local/lib/python3.10/dist-packages/robot_interfaces/__init__.py'...
[28.763s] Listing '/home/scott/alpha_ws/install/robot_interfaces/local/lib/python3.10/dist-packages/robot_interfaces/msg'...
[28.765s] Compiling '/home/scott/alpha_ws/install/robot_interfaces/local/lib/python3.10/dist-packages/robot_interfaces/msg/__init__.py'...
[28.766s] Compiling '/home/scott/alpha_ws/install/robot_interfaces/local/lib/python3.10/dist-packages/robot_interfaces/msg/_duty_cycle.py'...
[28.768s] Compiling '/home/scott/alpha_ws/install/robot_interfaces/local/lib/python3.10/dist-packages/robot_interfaces/msg/_tick_count.py'...
[28.769s] Compiling '/home/scott/alpha_ws/install/robot_interfaces/local/lib/python3.10/dist-packages/robot_interfaces/msg/_wheel_rpm.py'...
[28.788s] -- Installing: /home/scott/alpha_ws/install/robot_interfaces/local/lib/python3.10/dist-packages/robot_interfaces/robot_interfaces_s__rosidl_typesupport_fastrtps_c.cpython-310-aarch64-linux-gnu.so
[28.791s] -- Set runtime path of "/home/scott/alpha_ws/install/robot_interfaces/local/lib/python3.10/dist-packages/robot_interfaces/robot_interfaces_s__rosidl_typesupport_fastrtps_c.cpython-310-aarch64-linux-gnu.so" to ""
[28.793s] -- Installing: /home/scott/alpha_ws/install/robot_interfaces/local/lib/python3.10/dist-packages/robot_interfaces/robot_interfaces_s__rosidl_typesupport_introspection_c.cpython-310-aarch64-linux-gnu.so
[28.797s] -- Set runtime path of "/home/scott/alpha_ws/install/robot_interfaces/local/lib/python3.10/dist-packages/robot_interfaces/robot_interfaces_s__rosidl_typesupport_introspection_c.cpython-310-aarch64-linux-gnu.so" to ""
[28.799s] -- Installing: /home/scott/alpha_ws/install/robot_interfaces/local/lib/python3.10/dist-packages/robot_interfaces/robot_interfaces_s__rosidl_typesupport_c.cpython-310-aarch64-linux-gnu.so
[28.806s] -- Set runtime path of "/home/scott/alpha_ws/install/robot_interfaces/local/lib/python3.10/dist-packages/robot_interfaces/robot_interfaces_s__rosidl_typesupport_c.cpython-310-aarch64-linux-gnu.so" to ""
[28.806s] -- Installing: /home/scott/alpha_ws/install/robot_interfaces/lib/librobot_interfaces__rosidl_generator_py.so
[28.807s] -- Set runtime path of "/home/scott/alpha_ws/install/robot_interfaces/lib/librobot_interfaces__rosidl_generator_py.so" to ""
[28.808s] -- Installing: /home/scott/alpha_ws/install/robot_interfaces/share/robot_interfaces/msg/TickCount.idl
[28.810s] -- Installing: /home/scott/alpha_ws/install/robot_interfaces/share/robot_interfaces/msg/WheelRPM.idl
[28.811s] -- Installing: /home/scott/alpha_ws/install/robot_interfaces/share/robot_interfaces/msg/DutyCycle.idl
[28.813s] -- Installing: /home/scott/alpha_ws/install/robot_interfaces/share/robot_interfaces/msg/TickCount.msg
[28.814s] -- Installing: /home/scott/alpha_ws/install/robot_interfaces/share/robot_interfaces/msg/WheelRPM.msg
[28.816s] -- Installing: /home/scott/alpha_ws/install/robot_interfaces/share/robot_interfaces/msg/DutyCycle.msg
[28.818s] -- Installing: /home/scott/alpha_ws/install/robot_interfaces/share/ament_index/resource_index/package_run_dependencies/robot_interfaces
[28.820s] -- Installing: /home/scott/alpha_ws/install/robot_interfaces/share/ament_index/resource_index/parent_prefix_path/robot_interfaces
[28.822s] -- Up-to-date: /home/scott/alpha_ws/install/robot_interfaces/share/robot_interfaces/environment/ament_prefix_path.sh
[28.822s] -- Installing: /home/scott/alpha_ws/install/robot_interfaces/share/robot_interfaces/environment/ament_prefix_path.dsv
[28.824s] -- Up-to-date: /home/scott/alpha_ws/install/robot_interfaces/share/robot_interfaces/environment/path.sh
[28.825s] -- Installing: /home/scott/alpha_ws/install/robot_interfaces/share/robot_interfaces/environment/path.dsv
[28.827s] -- Up-to-date: /home/scott/alpha_ws/install/robot_interfaces/share/robot_interfaces/local_setup.bash
[28.827s] -- Installing: /home/scott/alpha_ws/install/robot_interfaces/share/robot_interfaces/local_setup.sh
[28.829s] -- Up-to-date: /home/scott/alpha_ws/install/robot_interfaces/share/robot_interfaces/local_setup.zsh
[28.830s] -- Installing: /home/scott/alpha_ws/install/robot_interfaces/share/robot_interfaces/local_setup.dsv
[28.832s] -- Installing: /home/scott/alpha_ws/install/robot_interfaces/share/robot_interfaces/package.dsv
[28.835s] -- Up-to-date: /home/scott/alpha_ws/install/robot_interfaces/share/ament_index/resource_index/packages/robot_interfaces
[28.835s] -- Installing: /home/scott/alpha_ws/install/robot_interfaces/share/robot_interfaces/cmake/export_robot_interfaces__rosidl_generator_cExport.cmake
[28.837s] -- Installing: /home/scott/alpha_ws/install/robot_interfaces/share/robot_interfaces/cmake/export_robot_interfaces__rosidl_generator_cExport-noconfig.cmake
[28.839s] -- Installing: /home/scott/alpha_ws/install/robot_interfaces/share/robot_interfaces/cmake/export_robot_interfaces__rosidl_typesupport_fastrtps_cExport.cmake
[28.841s] -- Installing: /home/scott/alpha_ws/install/robot_interfaces/share/robot_interfaces/cmake/export_robot_interfaces__rosidl_typesupport_fastrtps_cExport-noconfig.cmake
[28.843s] -- Installing: /home/scott/alpha_ws/install/robot_interfaces/share/robot_interfaces/cmake/robot_interfaces__rosidl_typesupport_introspection_cExport.cmake
[28.845s] -- Installing: /home/scott/alpha_ws/install/robot_interfaces/share/robot_interfaces/cmake/robot_interfaces__rosidl_typesupport_introspection_cExport-noconfig.cmake
[28.847s] -- Installing: /home/scott/alpha_ws/install/robot_interfaces/share/robot_interfaces/cmake/robot_interfaces__rosidl_typesupport_cExport.cmake
[28.849s] -- Installing: /home/scott/alpha_ws/install/robot_interfaces/share/robot_interfaces/cmake/robot_interfaces__rosidl_typesupport_cExport-noconfig.cmake
[28.852s] -- Installing: /home/scott/alpha_ws/install/robot_interfaces/share/robot_interfaces/cmake/export_robot_interfaces__rosidl_generator_cppExport.cmake
[28.854s] -- Installing: /home/scott/alpha_ws/install/robot_interfaces/share/robot_interfaces/cmake/export_robot_interfaces__rosidl_typesupport_fastrtps_cppExport.cmake
[28.855s] -- Installing: /home/scott/alpha_ws/install/robot_interfaces/share/robot_interfaces/cmake/export_robot_interfaces__rosidl_typesupport_fastrtps_cppExport-noconfig.cmake
[28.858s] -- Installing: /home/scott/alpha_ws/install/robot_interfaces/share/robot_interfaces/cmake/robot_interfaces__rosidl_typesupport_introspection_cppExport.cmake
[28.860s] -- Installing: /home/scott/alpha_ws/install/robot_interfaces/share/robot_interfaces/cmake/robot_interfaces__rosidl_typesupport_introspection_cppExport-noconfig.cmake
[28.862s] -- Installing: /home/scott/alpha_ws/install/robot_interfaces/share/robot_interfaces/cmake/robot_interfaces__rosidl_typesupport_cppExport.cmake
[28.864s] -- Installing: /home/scott/alpha_ws/install/robot_interfaces/share/robot_interfaces/cmake/robot_interfaces__rosidl_typesupport_cppExport-noconfig.cmake
[28.866s] -- Installing: /home/scott/alpha_ws/install/robot_interfaces/share/robot_interfaces/cmake/export_robot_interfaces__rosidl_generator_pyExport.cmake
[28.868s] -- Installing: /home/scott/alpha_ws/install/robot_interfaces/share/robot_interfaces/cmake/export_robot_interfaces__rosidl_generator_pyExport-noconfig.cmake
[28.869s] -- Installing: /home/scott/alpha_ws/install/robot_interfaces/share/robot_interfaces/cmake/rosidl_cmake-extras.cmake
[28.871s] -- Installing: /home/scott/alpha_ws/install/robot_interfaces/share/robot_interfaces/cmake/ament_cmake_export_include_directories-extras.cmake
[28.872s] -- Installing: /home/scott/alpha_ws/install/robot_interfaces/share/robot_interfaces/cmake/ament_cmake_export_libraries-extras.cmake
[28.874s] -- Installing: /home/scott/alpha_ws/install/robot_interfaces/share/robot_interfaces/cmake/ament_cmake_export_targets-extras.cmake
[28.875s] -- Installing: /home/scott/alpha_ws/install/robot_interfaces/share/robot_interfaces/cmake/rosidl_cmake_export_typesupport_targets-extras.cmake
[28.877s] -- Installing: /home/scott/alpha_ws/install/robot_interfaces/share/robot_interfaces/cmake/ament_cmake_export_dependencies-extras.cmake
[28.879s] -- Installing: /home/scott/alpha_ws/install/robot_interfaces/share/robot_interfaces/cmake/rosidl_cmake_export_typesupport_libraries-extras.cmake
[28.880s] -- Installing: /home/scott/alpha_ws/install/robot_interfaces/share/robot_interfaces/cmake/robot_interfacesConfig.cmake
[28.882s] -- Up-to-date: /home/scott/alpha_ws/install/robot_interfaces/share/robot_interfaces/cmake/robot_interfacesConfig-version.cmake
[28.882s] -- Installing: /home/scott/alpha_ws/install/robot_interfaces/share/robot_interfaces/package.xml
[28.891s] Invoked command in '/home/scott/alpha_ws/build/robot_interfaces' returned '0': CMAKE_PREFIX_PATH=${CMAKE_PREFIX_PATH}:/home/scott/alpha_ws/install/robot:/opt/ros/humble /usr/bin/cmake --install /home/scott/alpha_ws/build/robot_interfaces
