[2.274s] Invoking command in '/home/jetson/beta_ws/src/robot_bringup': PYTHONPATH=/home/jetson/beta_ws/build/robot_bringup/prefix_override:/home/jetson/beta_ws/install/robot_bringup/lib/python3.8/site-packages:${PYTHONPATH} /usr/bin/python3 setup.py egg_info --egg-base ../../build/robot_bringup build --build-base /home/jetson/beta_ws/build/robot_bringup/build install --record /home/jetson/beta_ws/build/robot_bringup/install.log --install-scripts $base/lib/robot_bringup --single-version-externally-managed
[3.036s] running egg_info
[3.039s] writing ../../build/robot_bringup/robot_bringup.egg-info/PKG-INFO
[3.040s] writing dependency_links to ../../build/robot_bringup/robot_bringup.egg-info/dependency_links.txt
[3.040s] writing entry points to ../../build/robot_bringup/robot_bringup.egg-info/entry_points.txt
[3.041s] writing requirements to ../../build/robot_bringup/robot_bringup.egg-info/requires.txt
[3.041s] writing top-level names to ../../build/robot_bringup/robot_bringup.egg-info/top_level.txt
[3.170s] reading manifest file '../../build/robot_bringup/robot_bringup.egg-info/SOURCES.txt'
[3.173s] writing manifest file '../../build/robot_bringup/robot_bringup.egg-info/SOURCES.txt'
[3.174s] running build
[3.174s] running build_py
[3.174s] running install
[3.177s] running install_lib
[3.181s] running install_data
[3.183s] copying launch/d435i_stereo_localization.launch.py -> /home/jetson/beta_ws/install/robot_bringup/share/robot_bringup/launch
[3.184s] running install_egg_info
[3.189s] removing '/home/jetson/beta_ws/install/robot_bringup/lib/python3.8/site-packages/robot_bringup-0.0.0-py3.8.egg-info' (and everything under it)
[3.190s] Copying ../../build/robot_bringup/robot_bringup.egg-info to /home/jetson/beta_ws/install/robot_bringup/lib/python3.8/site-packages/robot_bringup-0.0.0-py3.8.egg-info
[3.193s] running install_scripts
[3.248s] writing list of installed files to '/home/jetson/beta_ws/build/robot_bringup/install.log'
[3.337s] Invoked command in '/home/jetson/beta_ws/src/robot_bringup' returned '0': PYTHONPATH=/home/jetson/beta_ws/build/robot_bringup/prefix_override:/home/jetson/beta_ws/install/robot_bringup/lib/python3.8/site-packages:${PYTHONPATH} /usr/bin/python3 setup.py egg_info --egg-base ../../build/robot_bringup build --build-base /home/jetson/beta_ws/build/robot_bringup/build install --record /home/jetson/beta_ws/build/robot_bringup/install.log --install-scripts $base/lib/robot_bringup --single-version-externally-managed
