[0.111s] Invoking command in '/home/jetson/ros2_ws/build/rplidar_ros': CMAKE_PREFIX_PATH=/opt/ros/foxy /usr/bin/cmake --build /home/jetson/ros2_ws/build/rplidar_ros -- -j4 -l4
[0.866s] [ 46%] Built target rplidar_composition
[0.867s] [ 53%] Built target rplidar_client
[0.890s] [100%] Built target rplidar_node
[0.967s] Invoked command in '/home/jetson/ros2_ws/build/rplidar_ros' returned '0': CMAKE_PREFIX_PATH=/opt/ros/foxy /usr/bin/cmake --build /home/jetson/ros2_ws/build/rplidar_ros -- -j4 -l4
[1.285s] Invoking command in '/home/jetson/ros2_ws/build/rplidar_ros': CMAKE_PREFIX_PATH=/opt/ros/foxy /usr/bin/cmake --install /home/jetson/ros2_ws/build/rplidar_ros
[1.374s] -- Install configuration: ""
[1.377s] -- Execute custom install script
[1.391s] -- Up-to-date symlink: /home/jetson/ros2_ws/install/rplidar_ros/share/rplidar_ros/launch/rplidar_a1_launch.py
[1.401s] -- Up-to-date symlink: /home/jetson/ros2_ws/install/rplidar_ros/share/rplidar_ros/launch/rplidar_a2m12_launch.py
[1.404s] -- Up-to-date symlink: /home/jetson/ros2_ws/install/rplidar_ros/share/rplidar_ros/launch/rplidar_a2m7_launch.py
[1.415s] -- Up-to-date symlink: /home/jetson/ros2_ws/install/rplidar_ros/share/rplidar_ros/launch/rplidar_a2m8_launch.py
[1.423s] -- Up-to-date symlink: /home/jetson/ros2_ws/install/rplidar_ros/share/rplidar_ros/launch/rplidar_a3_launch.py
[1.426s] -- Up-to-date symlink: /home/jetson/ros2_ws/install/rplidar_ros/share/rplidar_ros/launch/rplidar_s1_launch.py
[1.426s] -- Up-to-date symlink: /home/jetson/ros2_ws/install/rplidar_ros/share/rplidar_ros/launch/rplidar_s1_tcp_launch.py
[1.427s] -- Up-to-date symlink: /home/jetson/ros2_ws/install/rplidar_ros/share/rplidar_ros/launch/rplidar_s2_launch.py
[1.429s] -- Up-to-date symlink: /home/jetson/ros2_ws/install/rplidar_ros/share/rplidar_ros/launch/rplidar_s2e_launch.py
[1.429s] -- Up-to-date symlink: /home/jetson/ros2_ws/install/rplidar_ros/share/rplidar_ros/launch/rplidar_s3_launch.py
[1.437s] -- Up-to-date symlink: /home/jetson/ros2_ws/install/rplidar_ros/share/rplidar_ros/launch/rplidar_t1_launch.py
[1.437s] -- Up-to-date symlink: /home/jetson/ros2_ws/install/rplidar_ros/share/rplidar_ros/launch/view_rplidar_a1_launch.py
[1.438s] -- Up-to-date symlink: /home/jetson/ros2_ws/install/rplidar_ros/share/rplidar_ros/launch/view_rplidar_a2m12_launch.py
[1.440s] -- Up-to-date symlink: /home/jetson/ros2_ws/install/rplidar_ros/share/rplidar_ros/launch/view_rplidar_a2m7_launch.py
[1.441s] -- Up-to-date symlink: /home/jetson/ros2_ws/install/rplidar_ros/share/rplidar_ros/launch/view_rplidar_a2m8_launch.py
[1.441s] -- Up-to-date symlink: /home/jetson/ros2_ws/install/rplidar_ros/share/rplidar_ros/launch/view_rplidar_a3_launch.py
[1.441s] -- Up-to-date symlink: /home/jetson/ros2_ws/install/rplidar_ros/share/rplidar_ros/launch/view_rplidar_s1_launch.py
[1.442s] -- Up-to-date symlink: /home/jetson/ros2_ws/install/rplidar_ros/share/rplidar_ros/launch/view_rplidar_s1_tcp_launch.py
[1.442s] -- Up-to-date symlink: /home/jetson/ros2_ws/install/rplidar_ros/share/rplidar_ros/launch/view_rplidar_s2_launch.py
[1.452s] -- Up-to-date symlink: /home/jetson/ros2_ws/install/rplidar_ros/share/rplidar_ros/launch/view_rplidar_s2e_launch.py
[1.453s] -- Up-to-date symlink: /home/jetson/ros2_ws/install/rplidar_ros/share/rplidar_ros/launch/view_rplidar_s3_launch.py
[1.454s] -- Up-to-date symlink: /home/jetson/ros2_ws/install/rplidar_ros/share/rplidar_ros/launch/view_rplidar_t1_launch.py
[1.454s] -- Up-to-date symlink: /home/jetson/ros2_ws/install/rplidar_ros/share/rplidar_ros/rviz/rplidar_ros.rviz
[1.455s] -- Up-to-date symlink: /home/jetson/ros2_ws/install/rplidar_ros/lib/rplidar_ros/rplidar_node
[1.455s] -- Up-to-date symlink: /home/jetson/ros2_ws/install/rplidar_ros/lib/rplidar_ros/rplidar_composition
[1.457s] -- Up-to-date symlink: /home/jetson/ros2_ws/install/rplidar_ros/lib/rplidar_ros/rplidar_client
[1.458s] -- Up-to-date symlink: /home/jetson/ros2_ws/install/rplidar_ros/share/ament_index/resource_index/package_run_dependencies/rplidar_ros
[1.462s] -- Up-to-date symlink: /home/jetson/ros2_ws/install/rplidar_ros/share/ament_index/resource_index/parent_prefix_path/rplidar_ros
[1.463s] -- Up-to-date symlink: /home/jetson/ros2_ws/install/rplidar_ros/share/rplidar_ros/environment/ament_prefix_path.sh
[1.463s] -- Up-to-date symlink: /home/jetson/ros2_ws/install/rplidar_ros/share/rplidar_ros/environment/ament_prefix_path.dsv
[1.464s] -- Up-to-date symlink: /home/jetson/ros2_ws/install/rplidar_ros/share/rplidar_ros/environment/path.sh
[1.464s] -- Up-to-date symlink: /home/jetson/ros2_ws/install/rplidar_ros/share/rplidar_ros/environment/path.dsv
[1.465s] -- Up-to-date symlink: /home/jetson/ros2_ws/install/rplidar_ros/share/rplidar_ros/local_setup.bash
[1.468s] -- Up-to-date symlink: /home/jetson/ros2_ws/install/rplidar_ros/share/rplidar_ros/local_setup.sh
[1.472s] -- Up-to-date symlink: /home/jetson/ros2_ws/install/rplidar_ros/share/rplidar_ros/local_setup.zsh
[1.473s] -- Up-to-date symlink: /home/jetson/ros2_ws/install/rplidar_ros/share/rplidar_ros/local_setup.dsv
[1.473s] -- Symlinking: /home/jetson/ros2_ws/install/rplidar_ros/share/rplidar_ros/package.dsv
[1.514s] -- Up-to-date symlink: /home/jetson/ros2_ws/install/rplidar_ros/share/ament_index/resource_index/packages/rplidar_ros
[1.515s] -- Up-to-date symlink: /home/jetson/ros2_ws/install/rplidar_ros/share/rplidar_ros/cmake/ament_cmake_export_dependencies-extras.cmake
[1.524s] -- Up-to-date symlink: /home/jetson/ros2_ws/install/rplidar_ros/share/rplidar_ros/cmake/ament_cmake_export_include_directories-extras.cmake
[1.527s] -- Up-to-date symlink: /home/jetson/ros2_ws/install/rplidar_ros/share/rplidar_ros/cmake/rplidar_rosConfig.cmake
[1.531s] -- Up-to-date symlink: /home/jetson/ros2_ws/install/rplidar_ros/share/rplidar_ros/cmake/rplidar_rosConfig-version.cmake
[1.532s] -- Up-to-date symlink: /home/jetson/ros2_ws/install/rplidar_ros/share/rplidar_ros/package.xml
[1.547s] Invoked command in '/home/jetson/ros2_ws/build/rplidar_ros' returned '0': CMAKE_PREFIX_PATH=/opt/ros/foxy /usr/bin/cmake --install /home/jetson/ros2_ws/build/rplidar_ros
