[4.937s] DEBUG:colcon:Command line arguments: ['/usr/bin/colcon', 'build']
[4.937s] DEBUG:colcon:Parsed command line arguments: Namespace(log_base=None, log_level=None, verb_name='build', build_base='build', install_base='install', merge_install=False, symlink_install=False, test_result_base=None, continue_on_error=False, executor='parallel', parallel_workers=4, event_handlers=None, ignore_user_meta=False, metas=['./colcon.meta'], base_paths=['.'], packages_ignore=None, packages_ignore_regex=None, paths=None, packages_up_to=None, packages_up_to_regex=None, packages_above=None, packages_above_and_dependencies=None, packages_above_depth=None, packages_select_by_dep=None, packages_skip_by_dep=None, packages_skip_up_to=None, packages_select_build_failed=False, packages_skip_build_finished=False, packages_select_test_failures=False, packages_skip_test_passed=False, packages_select=None, packages_skip=None, packages_select_regex=None, packages_skip_regex=None, packages_start=None, packages_end=None, allow_overriding=[], cmake_args=None, cmake_target=None, cmake_target_skip_unavailable=False, cmake_clean_cache=False, cmake_clean_first=False, cmake_force_configure=False, ament_cmake_args=None, catkin_cmake_args=None, catkin_skip_building_tests=False, verb_parser=<colcon_defaults.argument_parser.defaults.DefaultArgumentsDecorator object at 0xffff9ab4ac50>, verb_extension=<colcon_core.verb.build.BuildVerb object at 0xffff9add82e0>, main=<bound method BuildVerb.main of <colcon_core.verb.build.BuildVerb object at 0xffff9add82e0>>)
[5.163s] Level 1:colcon.colcon_core.package_discovery:discover_packages(colcon_meta) check parameters
[5.164s] Level 1:colcon.colcon_core.package_discovery:discover_packages(recursive) check parameters
[5.164s] Level 1:colcon.colcon_core.package_discovery:discover_packages(ignore) check parameters
[5.164s] Level 1:colcon.colcon_core.package_discovery:discover_packages(path) check parameters
[5.164s] Level 1:colcon.colcon_core.package_discovery:discover_packages(colcon_meta) discover
[5.164s] Level 1:colcon.colcon_core.package_discovery:discover_packages(recursive) discover
[5.165s] INFO:colcon.colcon_core.package_discovery:Crawling recursively for packages in '/home/scott/alpha_ws'
[5.165s] Level 1:colcon.colcon_core.package_identification:_identify(.) by extensions ['ignore', 'ignore_ament_install']
[5.166s] Level 1:colcon.colcon_core.package_identification:_identify(.) by extension 'ignore'
[5.166s] Level 1:colcon.colcon_core.package_identification:_identify(.) by extension 'ignore_ament_install'
[5.166s] Level 1:colcon.colcon_core.package_identification:_identify(.) by extensions ['colcon_pkg']
[5.166s] Level 1:colcon.colcon_core.package_identification:_identify(.) by extension 'colcon_pkg'
[5.167s] Level 1:colcon.colcon_core.package_identification:_identify(.) by extensions ['colcon_meta']
[5.167s] Level 1:colcon.colcon_core.package_identification:_identify(.) by extension 'colcon_meta'
[5.167s] Level 1:colcon.colcon_core.package_identification:_identify(.) by extensions ['ros']
[5.167s] Level 1:colcon.colcon_core.package_identification:_identify(.) by extension 'ros'
[5.217s] Level 1:colcon.colcon_core.package_identification:_identify(.) by extensions ['cmake', 'python']
[5.217s] Level 1:colcon.colcon_core.package_identification:_identify(.) by extension 'cmake'
[5.217s] Level 1:colcon.colcon_core.package_identification:_identify(.) by extension 'python'
[5.218s] Level 1:colcon.colcon_core.package_identification:_identify(.) by extensions ['python_setup_py']
[5.218s] Level 1:colcon.colcon_core.package_identification:_identify(.) by extension 'python_setup_py'
[5.219s] Level 1:colcon.colcon_core.package_identification:_identify(build) by extensions ['ignore', 'ignore_ament_install']
[5.219s] Level 1:colcon.colcon_core.package_identification:_identify(build) by extension 'ignore'
[5.219s] Level 1:colcon.colcon_core.package_identification:_identify(build) ignored
[5.220s] Level 1:colcon.colcon_core.package_identification:_identify(install) by extensions ['ignore', 'ignore_ament_install']
[5.220s] Level 1:colcon.colcon_core.package_identification:_identify(install) by extension 'ignore'
[5.221s] Level 1:colcon.colcon_core.package_identification:_identify(install) ignored
[5.221s] Level 1:colcon.colcon_core.package_identification:_identify(log) by extensions ['ignore', 'ignore_ament_install']
[5.222s] Level 1:colcon.colcon_core.package_identification:_identify(log) by extension 'ignore'
[5.222s] Level 1:colcon.colcon_core.package_identification:_identify(log) ignored
[5.223s] Level 1:colcon.colcon_core.package_identification:_identify(src) by extensions ['ignore', 'ignore_ament_install']
[5.223s] Level 1:colcon.colcon_core.package_identification:_identify(src) by extension 'ignore'
[5.223s] Level 1:colcon.colcon_core.package_identification:_identify(src) by extension 'ignore_ament_install'
[5.224s] Level 1:colcon.colcon_core.package_identification:_identify(src) by extensions ['colcon_pkg']
[5.224s] Level 1:colcon.colcon_core.package_identification:_identify(src) by extension 'colcon_pkg'
[5.225s] Level 1:colcon.colcon_core.package_identification:_identify(src) by extensions ['colcon_meta']
[5.225s] Level 1:colcon.colcon_core.package_identification:_identify(src) by extension 'colcon_meta'
[5.225s] Level 1:colcon.colcon_core.package_identification:_identify(src) by extensions ['ros']
[5.225s] Level 1:colcon.colcon_core.package_identification:_identify(src) by extension 'ros'
[5.226s] Level 1:colcon.colcon_core.package_identification:_identify(src) by extensions ['cmake', 'python']
[5.226s] Level 1:colcon.colcon_core.package_identification:_identify(src) by extension 'cmake'
[5.226s] Level 1:colcon.colcon_core.package_identification:_identify(src) by extension 'python'
[5.227s] Level 1:colcon.colcon_core.package_identification:_identify(src) by extensions ['python_setup_py']
[5.227s] Level 1:colcon.colcon_core.package_identification:_identify(src) by extension 'python_setup_py'
[5.227s] Level 1:colcon.colcon_core.package_identification:_identify(src/robot) by extensions ['ignore', 'ignore_ament_install']
[5.228s] Level 1:colcon.colcon_core.package_identification:_identify(src/robot) by extension 'ignore'
[5.228s] Level 1:colcon.colcon_core.package_identification:_identify(src/robot) by extension 'ignore_ament_install'
[5.228s] Level 1:colcon.colcon_core.package_identification:_identify(src/robot) by extensions ['colcon_pkg']
[5.228s] Level 1:colcon.colcon_core.package_identification:_identify(src/robot) by extension 'colcon_pkg'
[5.229s] Level 1:colcon.colcon_core.package_identification:_identify(src/robot) by extensions ['colcon_meta']
[5.229s] Level 1:colcon.colcon_core.package_identification:_identify(src/robot) by extension 'colcon_meta'
[5.229s] Level 1:colcon.colcon_core.package_identification:_identify(src/robot) by extensions ['ros']
[5.229s] Level 1:colcon.colcon_core.package_identification:_identify(src/robot) by extension 'ros'
[5.239s] DEBUG:colcon.colcon_core.package_identification:Package 'src/robot' with type 'ros.ament_python' and name 'robot'
[5.240s] Level 1:colcon.colcon_core.package_identification:_identify(src/robot_interfaces) by extensions ['ignore', 'ignore_ament_install']
[5.240s] Level 1:colcon.colcon_core.package_identification:_identify(src/robot_interfaces) by extension 'ignore'
[5.241s] Level 1:colcon.colcon_core.package_identification:_identify(src/robot_interfaces) by extension 'ignore_ament_install'
[5.241s] Level 1:colcon.colcon_core.package_identification:_identify(src/robot_interfaces) by extensions ['colcon_pkg']
[5.241s] Level 1:colcon.colcon_core.package_identification:_identify(src/robot_interfaces) by extension 'colcon_pkg'
[5.241s] Level 1:colcon.colcon_core.package_identification:_identify(src/robot_interfaces) by extensions ['colcon_meta']
[5.241s] Level 1:colcon.colcon_core.package_identification:_identify(src/robot_interfaces) by extension 'colcon_meta'
[5.242s] Level 1:colcon.colcon_core.package_identification:_identify(src/robot_interfaces) by extensions ['ros']
[5.242s] Level 1:colcon.colcon_core.package_identification:_identify(src/robot_interfaces) by extension 'ros'
[5.244s] DEBUG:colcon.colcon_core.package_identification:Package 'src/robot_interfaces' with type 'ros.ament_cmake' and name 'robot_interfaces'
[5.244s] Level 1:colcon.colcon_core.package_discovery:discover_packages(recursive) using defaults
[5.245s] Level 1:colcon.colcon_core.package_discovery:discover_packages(ignore) discover
[5.245s] Level 1:colcon.colcon_core.package_discovery:discover_packages(ignore) using defaults
[5.245s] Level 1:colcon.colcon_core.package_discovery:discover_packages(path) discover
[5.245s] Level 1:colcon.colcon_core.package_discovery:discover_packages(path) using defaults
[5.683s] Level 1:colcon.colcon_core.package_discovery:discover_packages(prefix_path) check parameters
[5.683s] Level 1:colcon.colcon_core.package_discovery:discover_packages(prefix_path) discover
[5.830s] DEBUG:colcon.colcon_installed_package_information.package_discovery:Found 2 installed packages in /home/scott/alpha_ws/install
[5.908s] DEBUG:colcon.colcon_installed_package_information.package_discovery:Found 271 installed packages in /opt/ros/humble
[5.915s] Level 1:colcon.colcon_core.package_discovery:discover_packages(prefix_path) using defaults
[6.373s] Level 5:colcon.colcon_core.verb:set package 'robot' build argument 'cmake_args' from command line to 'None'
[6.373s] Level 5:colcon.colcon_core.verb:set package 'robot' build argument 'cmake_target' from command line to 'None'
[6.373s] Level 5:colcon.colcon_core.verb:set package 'robot' build argument 'cmake_target_skip_unavailable' from command line to 'False'
[6.373s] Level 5:colcon.colcon_core.verb:set package 'robot' build argument 'cmake_clean_cache' from command line to 'False'
[6.373s] Level 5:colcon.colcon_core.verb:set package 'robot' build argument 'cmake_clean_first' from command line to 'False'
[6.373s] Level 5:colcon.colcon_core.verb:set package 'robot' build argument 'cmake_force_configure' from command line to 'False'
[6.374s] Level 5:colcon.colcon_core.verb:set package 'robot' build argument 'ament_cmake_args' from command line to 'None'
[6.374s] Level 5:colcon.colcon_core.verb:set package 'robot' build argument 'catkin_cmake_args' from command line to 'None'
[6.374s] Level 5:colcon.colcon_core.verb:set package 'robot' build argument 'catkin_skip_building_tests' from command line to 'False'
[6.374s] DEBUG:colcon.colcon_core.verb:Building package 'robot' with the following arguments: {'ament_cmake_args': None, 'build_base': '/home/scott/alpha_ws/build/robot', 'catkin_cmake_args': None, 'catkin_skip_building_tests': False, 'cmake_args': None, 'cmake_clean_cache': False, 'cmake_clean_first': False, 'cmake_force_configure': False, 'cmake_target': None, 'cmake_target_skip_unavailable': False, 'install_base': '/home/scott/alpha_ws/install/robot', 'merge_install': False, 'path': '/home/scott/alpha_ws/src/robot', 'symlink_install': False, 'test_result_base': None}
[6.444s] Level 5:colcon.colcon_core.verb:set package 'robot_interfaces' build argument 'cmake_args' from command line to 'None'
[6.444s] Level 5:colcon.colcon_core.verb:set package 'robot_interfaces' build argument 'cmake_target' from command line to 'None'
[6.445s] Level 5:colcon.colcon_core.verb:set package 'robot_interfaces' build argument 'cmake_target_skip_unavailable' from command line to 'False'
[6.445s] Level 5:colcon.colcon_core.verb:set package 'robot_interfaces' build argument 'cmake_clean_cache' from command line to 'False'
[6.445s] Level 5:colcon.colcon_core.verb:set package 'robot_interfaces' build argument 'cmake_clean_first' from command line to 'False'
[6.445s] Level 5:colcon.colcon_core.verb:set package 'robot_interfaces' build argument 'cmake_force_configure' from command line to 'False'
[6.445s] Level 5:colcon.colcon_core.verb:set package 'robot_interfaces' build argument 'ament_cmake_args' from command line to 'None'
[6.445s] Level 5:colcon.colcon_core.verb:set package 'robot_interfaces' build argument 'catkin_cmake_args' from command line to 'None'
[6.445s] Level 5:colcon.colcon_core.verb:set package 'robot_interfaces' build argument 'catkin_skip_building_tests' from command line to 'False'
[6.446s] DEBUG:colcon.colcon_core.verb:Building package 'robot_interfaces' with the following arguments: {'ament_cmake_args': None, 'build_base': '/home/scott/alpha_ws/build/robot_interfaces', 'catkin_cmake_args': None, 'catkin_skip_building_tests': False, 'cmake_args': None, 'cmake_clean_cache': False, 'cmake_clean_first': False, 'cmake_force_configure': False, 'cmake_target': None, 'cmake_target_skip_unavailable': False, 'install_base': '/home/scott/alpha_ws/install/robot_interfaces', 'merge_install': False, 'path': '/home/scott/alpha_ws/src/robot_interfaces', 'symlink_install': False, 'test_result_base': None}
[6.515s] INFO:colcon.colcon_core.executor:Executing jobs using 'parallel' executor
[6.589s] DEBUG:colcon.colcon_parallel_executor.executor.parallel:run_until_complete
[6.590s] INFO:colcon.colcon_ros.task.ament_python.build:Building ROS package in '/home/scott/alpha_ws/src/robot' with build type 'ament_python'
[6.591s] Level 1:colcon.colcon_core.shell:create_environment_hook('robot', 'ament_prefix_path')
[6.671s] INFO:colcon.colcon_core.plugin_system:Skipping extension 'colcon_core.shell.bat': Not used on non-Windows systems
[6.672s] INFO:colcon.colcon_core.shell:Creating environment hook '/home/scott/alpha_ws/install/robot/share/robot/hook/ament_prefix_path.ps1'
[6.675s] INFO:colcon.colcon_core.shell:Creating environment descriptor '/home/scott/alpha_ws/install/robot/share/robot/hook/ament_prefix_path.dsv'
[6.677s] INFO:colcon.colcon_core.shell:Creating environment hook '/home/scott/alpha_ws/install/robot/share/robot/hook/ament_prefix_path.sh'
[6.753s] INFO:colcon.colcon_core.shell:Skip shell extension 'powershell' for command environment: Not usable outside of PowerShell
[6.754s] DEBUG:colcon.colcon_core.shell:Skip shell extension 'dsv' for command environment
[6.990s] INFO:colcon.colcon_ros.task.ament_cmake.build:Building ROS package in '/home/scott/alpha_ws/src/robot_interfaces' with build type 'ament_cmake'
[6.991s] INFO:colcon.colcon_cmake.task.cmake.build:Building CMake package in '/home/scott/alpha_ws/src/robot_interfaces'
[7.067s] INFO:colcon.colcon_core.shell:Skip shell extension 'powershell' for command environment: Not usable outside of PowerShell
[7.067s] DEBUG:colcon.colcon_core.shell:Skip shell extension 'dsv' for command environment
[8.656s] INFO:colcon.colcon_core.task.python.build:Building Python package in '/home/scott/alpha_ws/src/robot'
[8.734s] INFO:colcon.colcon_core.shell:Skip shell extension 'powershell' for command environment: Not usable outside of PowerShell
[8.734s] DEBUG:colcon.colcon_core.shell:Skip shell extension 'dsv' for command environment
[8.998s] DEBUG:colcon.colcon_core.event_handler.log_command:Invoking command in '/home/scott/alpha_ws/build/robot_interfaces': CMAKE_PREFIX_PATH=${CMAKE_PREFIX_PATH}:/home/scott/alpha_ws/install/robot:/opt/ros/humble /usr/bin/cmake --build /home/scott/alpha_ws/build/robot_interfaces -- -j4 -l4
[11.435s] DEBUG:colcon.colcon_core.event_handler.log_command:Invoking command in '/home/scott/alpha_ws/src/robot': PYTHONPATH=/home/scott/alpha_ws/build/robot/prefix_override:/home/scott/alpha_ws/install/robot/lib/python3.10/site-packages:${PYTHONPATH} /usr/bin/python3 setup.py egg_info --egg-base ../../build/robot build --build-base /home/scott/alpha_ws/build/robot/build install --record /home/scott/alpha_ws/build/robot/install.log --single-version-externally-managed
[11.828s] DEBUG:colcon.colcon_core.event_handler.log_command:Invoked command in '/home/scott/alpha_ws/build/robot_interfaces' returned '0': CMAKE_PREFIX_PATH=${CMAKE_PREFIX_PATH}:/home/scott/alpha_ws/install/robot:/opt/ros/humble /usr/bin/cmake --build /home/scott/alpha_ws/build/robot_interfaces -- -j4 -l4
[12.468s] DEBUG:colcon.colcon_core.event_handler.log_command:Invoking command in '/home/scott/alpha_ws/build/robot_interfaces': CMAKE_PREFIX_PATH=${CMAKE_PREFIX_PATH}:/home/scott/alpha_ws/install/robot:/opt/ros/humble /usr/bin/cmake --install /home/scott/alpha_ws/build/robot_interfaces
[12.890s] Level 1:colcon.colcon_core.environment:create_environment_scripts_only(robot_interfaces)
[12.892s] DEBUG:colcon.colcon_core.event_handler.log_command:Invoked command in '/home/scott/alpha_ws/build/robot_interfaces' returned '0': CMAKE_PREFIX_PATH=${CMAKE_PREFIX_PATH}:/home/scott/alpha_ws/install/robot:/opt/ros/humble /usr/bin/cmake --install /home/scott/alpha_ws/build/robot_interfaces
[13.000s] Level 1:colcon.colcon_core.environment:checking '/home/scott/alpha_ws/install/robot_interfaces' for CMake module files
[13.010s] Level 1:colcon.colcon_core.environment:checking '/home/scott/alpha_ws/install/robot_interfaces' for CMake config files
[13.020s] Level 1:colcon.colcon_core.shell:create_environment_hook('robot_interfaces', 'cmake_prefix_path')
[13.126s] INFO:colcon.colcon_core.shell:Creating environment hook '/home/scott/alpha_ws/install/robot_interfaces/share/robot_interfaces/hook/cmake_prefix_path.ps1'
[13.128s] INFO:colcon.colcon_core.shell:Creating environment descriptor '/home/scott/alpha_ws/install/robot_interfaces/share/robot_interfaces/hook/cmake_prefix_path.dsv'
[13.130s] INFO:colcon.colcon_core.shell:Creating environment hook '/home/scott/alpha_ws/install/robot_interfaces/share/robot_interfaces/hook/cmake_prefix_path.sh'
[13.135s] Level 1:colcon.colcon_core.environment:checking '/home/scott/alpha_ws/install/robot_interfaces/lib'
[13.137s] Level 1:colcon.colcon_core.shell:create_environment_hook('robot_interfaces', 'ld_library_path_lib')
[13.306s] INFO:colcon.colcon_core.shell:Creating environment hook '/home/scott/alpha_ws/install/robot_interfaces/share/robot_interfaces/hook/ld_library_path_lib.ps1'
[13.308s] INFO:colcon.colcon_core.shell:Creating environment descriptor '/home/scott/alpha_ws/install/robot_interfaces/share/robot_interfaces/hook/ld_library_path_lib.dsv'
[13.310s] INFO:colcon.colcon_core.shell:Creating environment hook '/home/scott/alpha_ws/install/robot_interfaces/share/robot_interfaces/hook/ld_library_path_lib.sh'
[13.312s] Level 1:colcon.colcon_core.environment:checking '/home/scott/alpha_ws/install/robot_interfaces/bin'
[13.313s] Level 1:colcon.colcon_core.environment:checking '/home/scott/alpha_ws/install/robot_interfaces/lib/pkgconfig/robot_interfaces.pc'
[13.314s] Level 1:colcon.colcon_core.environment:checking '/home/scott/alpha_ws/install/robot_interfaces/lib/python3.10/site-packages'
[13.315s] Level 1:colcon.colcon_core.environment:checking '/home/scott/alpha_ws/install/robot_interfaces/bin'
[13.390s] INFO:colcon.colcon_core.shell:Creating package script '/home/scott/alpha_ws/install/robot_interfaces/share/robot_interfaces/package.ps1'
[13.394s] INFO:colcon.colcon_core.shell:Creating package descriptor '/home/scott/alpha_ws/install/robot_interfaces/share/robot_interfaces/package.dsv'
[13.397s] INFO:colcon.colcon_core.shell:Creating package script '/home/scott/alpha_ws/install/robot_interfaces/share/robot_interfaces/package.sh'
[13.402s] INFO:colcon.colcon_core.shell:Creating package script '/home/scott/alpha_ws/install/robot_interfaces/share/robot_interfaces/package.bash'
[13.406s] INFO:colcon.colcon_core.shell:Creating package script '/home/scott/alpha_ws/install/robot_interfaces/share/robot_interfaces/package.zsh'
[13.409s] Level 1:colcon.colcon_core.environment:create_file_with_runtime_dependencies(/home/scott/alpha_ws/install/robot_interfaces/share/colcon-core/packages/robot_interfaces)
[13.420s] DEBUG:colcon.colcon_core.event_handler.log_command:Invoked command in '/home/scott/alpha_ws/src/robot' returned '0': PYTHONPATH=/home/scott/alpha_ws/build/robot/prefix_override:/home/scott/alpha_ws/install/robot/lib/python3.10/site-packages:${PYTHONPATH} /usr/bin/python3 setup.py egg_info --egg-base ../../build/robot build --build-base /home/scott/alpha_ws/build/robot/build install --record /home/scott/alpha_ws/build/robot/install.log --single-version-externally-managed
[13.508s] Level 1:colcon.colcon_core.environment:checking '/home/scott/alpha_ws/install/robot' for CMake module files
[13.511s] Level 1:colcon.colcon_core.environment:checking '/home/scott/alpha_ws/install/robot' for CMake config files
[13.516s] Level 1:colcon.colcon_core.environment:checking '/home/scott/alpha_ws/install/robot/lib'
[13.516s] Level 1:colcon.colcon_core.environment:checking '/home/scott/alpha_ws/install/robot/bin'
[13.517s] Level 1:colcon.colcon_core.environment:checking '/home/scott/alpha_ws/install/robot/lib/pkgconfig/robot.pc'
[13.518s] Level 1:colcon.colcon_core.environment:checking '/home/scott/alpha_ws/install/robot/lib/python3.10/site-packages'
[13.518s] Level 1:colcon.colcon_core.shell:create_environment_hook('robot', 'pythonpath')
[13.602s] INFO:colcon.colcon_core.shell:Creating environment hook '/home/scott/alpha_ws/install/robot/share/robot/hook/pythonpath.ps1'
[13.605s] INFO:colcon.colcon_core.shell:Creating environment descriptor '/home/scott/alpha_ws/install/robot/share/robot/hook/pythonpath.dsv'
[13.607s] INFO:colcon.colcon_core.shell:Creating environment hook '/home/scott/alpha_ws/install/robot/share/robot/hook/pythonpath.sh'
[13.610s] Level 1:colcon.colcon_core.environment:checking '/home/scott/alpha_ws/install/robot/bin'
[13.611s] Level 1:colcon.colcon_core.environment:create_environment_scripts_only(robot)
[13.734s] INFO:colcon.colcon_core.shell:Creating package script '/home/scott/alpha_ws/install/robot/share/robot/package.ps1'
[13.737s] INFO:colcon.colcon_core.shell:Creating package descriptor '/home/scott/alpha_ws/install/robot/share/robot/package.dsv'
[13.740s] INFO:colcon.colcon_core.shell:Creating package script '/home/scott/alpha_ws/install/robot/share/robot/package.sh'
[13.743s] INFO:colcon.colcon_core.shell:Creating package script '/home/scott/alpha_ws/install/robot/share/robot/package.bash'
[13.745s] INFO:colcon.colcon_core.shell:Creating package script '/home/scott/alpha_ws/install/robot/share/robot/package.zsh'
[13.747s] Level 1:colcon.colcon_core.environment:create_file_with_runtime_dependencies(/home/scott/alpha_ws/install/robot/share/colcon-core/packages/robot)
[14.081s] Level 1:colcon.colcon_core.environment:create_environment_scripts_only(robot_interfaces)
[14.155s] Level 1:colcon.colcon_core.environment:checking '/home/scott/alpha_ws/install/robot_interfaces' for CMake module files
[14.160s] Level 1:colcon.colcon_core.environment:checking '/home/scott/alpha_ws/install/robot_interfaces' for CMake config files
[14.165s] Level 1:colcon.colcon_core.shell:create_environment_hook('robot_interfaces', 'cmake_prefix_path')
[14.238s] INFO:colcon.colcon_core.shell:Creating environment hook '/home/scott/alpha_ws/install/robot_interfaces/share/robot_interfaces/hook/cmake_prefix_path.ps1'
[14.241s] INFO:colcon.colcon_core.shell:Creating environment descriptor '/home/scott/alpha_ws/install/robot_interfaces/share/robot_interfaces/hook/cmake_prefix_path.dsv'
[14.243s] INFO:colcon.colcon_core.shell:Creating environment hook '/home/scott/alpha_ws/install/robot_interfaces/share/robot_interfaces/hook/cmake_prefix_path.sh'
[14.246s] Level 1:colcon.colcon_core.environment:checking '/home/scott/alpha_ws/install/robot_interfaces/lib'
[14.246s] Level 1:colcon.colcon_core.shell:create_environment_hook('robot_interfaces', 'ld_library_path_lib')
[14.317s] INFO:colcon.colcon_core.shell:Creating environment hook '/home/scott/alpha_ws/install/robot_interfaces/share/robot_interfaces/hook/ld_library_path_lib.ps1'
[14.320s] INFO:colcon.colcon_core.shell:Creating environment descriptor '/home/scott/alpha_ws/install/robot_interfaces/share/robot_interfaces/hook/ld_library_path_lib.dsv'
[14.322s] INFO:colcon.colcon_core.shell:Creating environment hook '/home/scott/alpha_ws/install/robot_interfaces/share/robot_interfaces/hook/ld_library_path_lib.sh'
[14.324s] Level 1:colcon.colcon_core.environment:checking '/home/scott/alpha_ws/install/robot_interfaces/bin'
[14.324s] Level 1:colcon.colcon_core.environment:checking '/home/scott/alpha_ws/install/robot_interfaces/lib/pkgconfig/robot_interfaces.pc'
[14.325s] Level 1:colcon.colcon_core.environment:checking '/home/scott/alpha_ws/install/robot_interfaces/lib/python3.10/site-packages'
[14.326s] Level 1:colcon.colcon_core.environment:checking '/home/scott/alpha_ws/install/robot_interfaces/bin'
[14.398s] INFO:colcon.colcon_core.shell:Creating package script '/home/scott/alpha_ws/install/robot_interfaces/share/robot_interfaces/package.ps1'
[14.402s] INFO:colcon.colcon_core.shell:Creating package descriptor '/home/scott/alpha_ws/install/robot_interfaces/share/robot_interfaces/package.dsv'
[14.405s] INFO:colcon.colcon_core.shell:Creating package script '/home/scott/alpha_ws/install/robot_interfaces/share/robot_interfaces/package.sh'
[14.408s] INFO:colcon.colcon_core.shell:Creating package script '/home/scott/alpha_ws/install/robot_interfaces/share/robot_interfaces/package.bash'
[14.410s] INFO:colcon.colcon_core.shell:Creating package script '/home/scott/alpha_ws/install/robot_interfaces/share/robot_interfaces/package.zsh'
[14.412s] Level 1:colcon.colcon_core.environment:create_file_with_runtime_dependencies(/home/scott/alpha_ws/install/robot_interfaces/share/colcon-core/packages/robot_interfaces)
[14.414s] DEBUG:colcon.colcon_parallel_executor.executor.parallel:closing loop
[14.415s] DEBUG:colcon.colcon_parallel_executor.executor.parallel:loop closed
[14.417s] DEBUG:colcon.colcon_parallel_executor.executor.parallel:run_until_complete finished with '0'
[14.417s] DEBUG:colcon.colcon_core.event_reactor:joining thread
[14.513s] INFO:colcon.colcon_core.plugin_system:Skipping extension 'colcon_notification.desktop_notification.terminal_notifier': Not used on non-Darwin systems
[14.514s] INFO:colcon.colcon_core.plugin_system:Skipping extension 'colcon_notification.desktop_notification.win32': Not used on non-Windows systems
[14.514s] INFO:colcon.colcon_notification.desktop_notification:Sending desktop notification using 'notify2'
[14.571s] DEBUG:colcon.colcon_core.event_reactor:joined thread
[14.649s] INFO:colcon.colcon_core.shell:Creating prefix script '/home/scott/alpha_ws/install/local_setup.ps1'
[14.653s] INFO:colcon.colcon_core.shell:Creating prefix util module '/home/scott/alpha_ws/install/_local_setup_util_ps1.py'
[14.659s] INFO:colcon.colcon_core.shell:Creating prefix chain script '/home/scott/alpha_ws/install/setup.ps1'
[14.739s] INFO:colcon.colcon_core.shell:Creating prefix script '/home/scott/alpha_ws/install/local_setup.sh'
[14.743s] INFO:colcon.colcon_core.shell:Creating prefix util module '/home/scott/alpha_ws/install/_local_setup_util_sh.py'
[14.745s] INFO:colcon.colcon_core.shell:Creating prefix chain script '/home/scott/alpha_ws/install/setup.sh'
[14.822s] INFO:colcon.colcon_core.shell:Creating prefix script '/home/scott/alpha_ws/install/local_setup.bash'
[14.825s] INFO:colcon.colcon_core.shell:Creating prefix chain script '/home/scott/alpha_ws/install/setup.bash'
[14.901s] INFO:colcon.colcon_core.shell:Creating prefix script '/home/scott/alpha_ws/install/local_setup.zsh'
[14.904s] INFO:colcon.colcon_core.shell:Creating prefix chain script '/home/scott/alpha_ws/install/setup.zsh'
