[4.294s] Invoking command in '/home/scott/alpha_ws/src/robot': PYTHONPATH=/home/scott/alpha_ws/build/robot/prefix_override:/home/scott/alpha_ws/install/robot/lib/python3.10/site-packages:${PYTHONPATH} /usr/bin/python3 setup.py egg_info --egg-base ../../build/robot build --build-base /home/scott/alpha_ws/build/robot/build install --record /home/scott/alpha_ws/build/robot/install.log --single-version-externally-managed
[5.742s] running egg_info
[5.744s] writing ../../build/robot/robot.egg-info/PKG-INFO
[5.747s] writing dependency_links to ../../build/robot/robot.egg-info/dependency_links.txt
[5.749s] writing entry points to ../../build/robot/robot.egg-info/entry_points.txt
[5.750s] writing requirements to ../../build/robot/robot.egg-info/requires.txt
[5.752s] writing top-level names to ../../build/robot/robot.egg-info/top_level.txt
[5.760s] reading manifest file '../../build/robot/robot.egg-info/SOURCES.txt'
[5.762s] adding license file 'LICENSE'
[5.764s] writing manifest file '../../build/robot/robot.egg-info/SOURCES.txt'
[5.766s] running build
[5.766s] running build_py
[5.769s] copying robot/motor_driver.py -> /home/scott/alpha_ws/build/robot/build/lib/robot
[5.772s] running install
[5.773s] running install_lib
[5.776s] copying /home/scott/alpha_ws/build/robot/build/lib/robot/motor_driver.py -> /home/scott/alpha_ws/install/robot/lib/python3.10/site-packages/robot
[5.781s] byte-compiling /home/scott/alpha_ws/install/robot/lib/python3.10/site-packages/robot/motor_driver.py to motor_driver.cpython-310.pyc
[5.784s] running install_data
[5.787s] running install_egg_info
[5.795s] removing '/home/scott/alpha_ws/install/robot/lib/python3.10/site-packages/robot-0.0.0-py3.10.egg-info' (and everything under it)
[5.799s] Copying ../../build/robot/robot.egg-info to /home/scott/alpha_ws/install/robot/lib/python3.10/site-packages/robot-0.0.0-py3.10.egg-info
[5.805s] running install_scripts
[5.898s] Installing encoder_publisher_right script to /home/scott/alpha_ws/install/robot/lib/robot
[5.899s] Installing motor_controller script to /home/scott/alpha_ws/install/robot/lib/robot
[5.900s] Installing motor_driver script to /home/scott/alpha_ws/install/robot/lib/robot
[5.901s] Installing pid_controller_right script to /home/scott/alpha_ws/install/robot/lib/robot
[5.902s] Installing rpm_publisher_right script to /home/scott/alpha_ws/install/robot/lib/robot
[5.904s] writing list of installed files to '/home/scott/alpha_ws/build/robot/install.log'
[6.061s] Invoked command in '/home/scott/alpha_ws/src/robot' returned '0': PYTHONPATH=/home/scott/alpha_ws/build/robot/prefix_override:/home/scott/alpha_ws/install/robot/lib/python3.10/site-packages:${PYTHONPATH} /usr/bin/python3 setup.py egg_info --egg-base ../../build/robot build --build-base /home/scott/alpha_ws/build/robot/build install --record /home/scott/alpha_ws/build/robot/install.log --single-version-externally-managed
