[2.863s] Invoking command in '/home/jetson/ros2_ws/src/robot_bringup': PYTHONPATH=/home/jetson/ros2_ws/build/robot_bringup/prefix_override:/home/jetson/ros2_ws/install/robot_bringup/lib/python3.8/site-packages:${PYTHONPATH} /usr/bin/python3 setup.py egg_info --egg-base ../../build/robot_bringup build --build-base /home/jetson/ros2_ws/build/robot_bringup/build install --record /home/jetson/ros2_ws/build/robot_bringup/install.log --install-scripts $base/lib/robot_bringup --single-version-externally-managed
[3.782s] running egg_info
[3.786s] writing ../../build/robot_bringup/robot_bringup.egg-info/PKG-INFO
[3.787s] writing dependency_links to ../../build/robot_bringup/robot_bringup.egg-info/dependency_links.txt
[3.788s] writing entry points to ../../build/robot_bringup/robot_bringup.egg-info/entry_points.txt
[3.788s] writing requirements to ../../build/robot_bringup/robot_bringup.egg-info/requires.txt
[3.789s] writing top-level names to ../../build/robot_bringup/robot_bringup.egg-info/top_level.txt
[3.936s] reading manifest file '../../build/robot_bringup/robot_bringup.egg-info/SOURCES.txt'
[3.949s] writing manifest file '../../build/robot_bringup/robot_bringup.egg-info/SOURCES.txt'
[3.949s] running build
[3.950s] running build_py
[3.950s] running install
[3.953s] running install_lib
[3.958s] running install_data
[3.962s] copying launch/robot.launch.py -> /home/jetson/ros2_ws/install/robot_bringup/share/robot_bringup/launch
[3.962s] running install_egg_info
[3.968s] removing '/home/jetson/ros2_ws/install/robot_bringup/lib/python3.8/site-packages/robot_bringup-0.0.0-py3.8.egg-info' (and everything under it)
[3.969s] Copying ../../build/robot_bringup/robot_bringup.egg-info to /home/jetson/ros2_ws/install/robot_bringup/lib/python3.8/site-packages/robot_bringup-0.0.0-py3.8.egg-info
[3.974s] running install_scripts
[4.038s] writing list of installed files to '/home/jetson/ros2_ws/build/robot_bringup/install.log'
[4.147s] Invoked command in '/home/jetson/ros2_ws/src/robot_bringup' returned '0': PYTHONPATH=/home/jetson/ros2_ws/build/robot_bringup/prefix_override:/home/jetson/ros2_ws/install/robot_bringup/lib/python3.8/site-packages:${PYTHONPATH} /usr/bin/python3 setup.py egg_info --egg-base ../../build/robot_bringup build --build-base /home/jetson/ros2_ws/build/robot_bringup/build install --record /home/jetson/ros2_ws/build/robot_bringup/install.log --install-scripts $base/lib/robot_bringup --single-version-externally-managed
