[4.244s] Invoking command in '/home/jetson/ros2_ws/src/robot_description': PYTHONPATH=/home/jetson/ros2_ws/build/robot_description/prefix_override:/home/jetson/ros2_ws/install/robot_description/lib/python3.8/site-packages:${PYTHONPATH} /usr/bin/python3 setup.py egg_info --egg-base ../../build/robot_description build --build-base /home/jetson/ros2_ws/build/robot_description/build install --record /home/jetson/ros2_ws/build/robot_description/install.log --install-scripts $base/lib/robot_description --single-version-externally-managed
[5.211s] running egg_info
[5.216s] writing ../../build/robot_description/robot_description.egg-info/PKG-INFO
[5.218s] writing dependency_links to ../../build/robot_description/robot_description.egg-info/dependency_links.txt
[5.220s] writing entry points to ../../build/robot_description/robot_description.egg-info/entry_points.txt
[5.222s] writing requirements to ../../build/robot_description/robot_description.egg-info/requires.txt
[5.224s] writing top-level names to ../../build/robot_description/robot_description.egg-info/top_level.txt
[5.377s] reading manifest file '../../build/robot_description/robot_description.egg-info/SOURCES.txt'
[5.381s] writing manifest file '../../build/robot_description/robot_description.egg-info/SOURCES.txt'
[5.381s] running build
[5.382s] running build_py
[5.383s] running install
[5.388s] running install_lib
[5.394s] running install_data
[5.397s] running install_egg_info
[5.404s] removing '/home/jetson/ros2_ws/install/robot_description/lib/python3.8/site-packages/robot_description-0.0.0-py3.8.egg-info' (and everything under it)
[5.406s] Copying ../../build/robot_description/robot_description.egg-info to /home/jetson/ros2_ws/install/robot_description/lib/python3.8/site-packages/robot_description-0.0.0-py3.8.egg-info
[5.410s] running install_scripts
[5.491s] writing list of installed files to '/home/jetson/ros2_ws/build/robot_description/install.log'
[5.642s] Invoked command in '/home/jetson/ros2_ws/src/robot_description' returned '0': PYTHONPATH=/home/jetson/ros2_ws/build/robot_description/prefix_override:/home/jetson/ros2_ws/install/robot_description/lib/python3.8/site-packages:${PYTHONPATH} /usr/bin/python3 setup.py egg_info --egg-base ../../build/robot_description build --build-base /home/jetson/ros2_ws/build/robot_description/build install --record /home/jetson/ros2_ws/build/robot_description/install.log --install-scripts $base/lib/robot_description --single-version-externally-managed
