[7.007s] DEBUG:colcon:Command line arguments: ['/usr/bin/colcon', 'build', '--packages-select', 'robot']
[7.008s] DEBUG:colcon:Parsed command line arguments: Namespace(log_base=None, log_level=None, verb_name='build', build_base='build', install_base='install', merge_install=False, symlink_install=False, test_result_base=None, continue_on_error=False, executor='parallel', parallel_workers=4, event_handlers=None, ignore_user_meta=False, metas=['./colcon.meta'], base_paths=['.'], packages_ignore=None, packages_ignore_regex=None, paths=None, packages_up_to=None, packages_up_to_regex=None, packages_above=None, packages_above_and_dependencies=None, packages_above_depth=None, packages_select_by_dep=None, packages_skip_by_dep=None, packages_skip_up_to=None, packages_select_build_failed=False, packages_skip_build_finished=False, packages_select_test_failures=False, packages_skip_test_passed=False, packages_select=['robot'], packages_skip=None, packages_select_regex=None, packages_skip_regex=None, packages_start=None, packages_end=None, allow_overriding=[], cmake_args=None, cmake_target=None, cmake_target_skip_unavailable=False, cmake_clean_cache=False, cmake_clean_first=False, cmake_force_configure=False, ament_cmake_args=None, catkin_cmake_args=None, catkin_skip_building_tests=False, verb_parser=<colcon_defaults.argument_parser.defaults.DefaultArgumentsDecorator object at 0xffff7fbcbbb0>, verb_extension=<colcon_core.verb.build.BuildVerb object at 0xffff7fe5afb0>, main=<bound method BuildVerb.main of <colcon_core.verb.build.BuildVerb object at 0xffff7fe5afb0>>)
[7.323s] Level 1:colcon.colcon_core.package_discovery:discover_packages(colcon_meta) check parameters
[7.324s] Level 1:colcon.colcon_core.package_discovery:discover_packages(recursive) check parameters
[7.325s] Level 1:colcon.colcon_core.package_discovery:discover_packages(ignore) check parameters
[7.326s] Level 1:colcon.colcon_core.package_discovery:discover_packages(path) check parameters
[7.326s] Level 1:colcon.colcon_core.package_discovery:discover_packages(colcon_meta) discover
[7.327s] Level 1:colcon.colcon_core.package_discovery:discover_packages(recursive) discover
[7.328s] INFO:colcon.colcon_core.package_discovery:Crawling recursively for packages in '/home/scott/alpha_ws'
[7.330s] Level 1:colcon.colcon_core.package_identification:_identify(.) by extensions ['ignore', 'ignore_ament_install']
[7.331s] Level 1:colcon.colcon_core.package_identification:_identify(.) by extension 'ignore'
[7.332s] Level 1:colcon.colcon_core.package_identification:_identify(.) by extension 'ignore_ament_install'
[7.333s] Level 1:colcon.colcon_core.package_identification:_identify(.) by extensions ['colcon_pkg']
[7.334s] Level 1:colcon.colcon_core.package_identification:_identify(.) by extension 'colcon_pkg'
[7.335s] Level 1:colcon.colcon_core.package_identification:_identify(.) by extensions ['colcon_meta']
[7.336s] Level 1:colcon.colcon_core.package_identification:_identify(.) by extension 'colcon_meta'
[7.337s] Level 1:colcon.colcon_core.package_identification:_identify(.) by extensions ['ros']
[7.338s] Level 1:colcon.colcon_core.package_identification:_identify(.) by extension 'ros'
[7.413s] Level 1:colcon.colcon_core.package_identification:_identify(.) by extensions ['cmake', 'python']
[7.414s] Level 1:colcon.colcon_core.package_identification:_identify(.) by extension 'cmake'
[7.415s] Level 1:colcon.colcon_core.package_identification:_identify(.) by extension 'python'
[7.417s] Level 1:colcon.colcon_core.package_identification:_identify(.) by extensions ['python_setup_py']
[7.417s] Level 1:colcon.colcon_core.package_identification:_identify(.) by extension 'python_setup_py'
[7.419s] Level 1:colcon.colcon_core.package_identification:_identify(build) by extensions ['ignore', 'ignore_ament_install']
[7.420s] Level 1:colcon.colcon_core.package_identification:_identify(build) by extension 'ignore'
[7.421s] Level 1:colcon.colcon_core.package_identification:_identify(build) ignored
[7.423s] Level 1:colcon.colcon_core.package_identification:_identify(install) by extensions ['ignore', 'ignore_ament_install']
[7.424s] Level 1:colcon.colcon_core.package_identification:_identify(install) by extension 'ignore'
[7.425s] Level 1:colcon.colcon_core.package_identification:_identify(install) ignored
[7.428s] Level 1:colcon.colcon_core.package_identification:_identify(log) by extensions ['ignore', 'ignore_ament_install']
[7.430s] Level 1:colcon.colcon_core.package_identification:_identify(log) by extension 'ignore'
[7.431s] Level 1:colcon.colcon_core.package_identification:_identify(log) ignored
[7.433s] Level 1:colcon.colcon_core.package_identification:_identify(src) by extensions ['ignore', 'ignore_ament_install']
[7.434s] Level 1:colcon.colcon_core.package_identification:_identify(src) by extension 'ignore'
[7.435s] Level 1:colcon.colcon_core.package_identification:_identify(src) by extension 'ignore_ament_install'
[7.436s] Level 1:colcon.colcon_core.package_identification:_identify(src) by extensions ['colcon_pkg']
[7.437s] Level 1:colcon.colcon_core.package_identification:_identify(src) by extension 'colcon_pkg'
[7.438s] Level 1:colcon.colcon_core.package_identification:_identify(src) by extensions ['colcon_meta']
[7.439s] Level 1:colcon.colcon_core.package_identification:_identify(src) by extension 'colcon_meta'
[7.439s] Level 1:colcon.colcon_core.package_identification:_identify(src) by extensions ['ros']
[7.440s] Level 1:colcon.colcon_core.package_identification:_identify(src) by extension 'ros'
[7.440s] Level 1:colcon.colcon_core.package_identification:_identify(src) by extensions ['cmake', 'python']
[7.440s] Level 1:colcon.colcon_core.package_identification:_identify(src) by extension 'cmake'
[7.441s] Level 1:colcon.colcon_core.package_identification:_identify(src) by extension 'python'
[7.441s] Level 1:colcon.colcon_core.package_identification:_identify(src) by extensions ['python_setup_py']
[7.441s] Level 1:colcon.colcon_core.package_identification:_identify(src) by extension 'python_setup_py'
[7.442s] Level 1:colcon.colcon_core.package_identification:_identify(src/robot) by extensions ['ignore', 'ignore_ament_install']
[7.443s] Level 1:colcon.colcon_core.package_identification:_identify(src/robot) by extension 'ignore'
[7.443s] Level 1:colcon.colcon_core.package_identification:_identify(src/robot) by extension 'ignore_ament_install'
[7.444s] Level 1:colcon.colcon_core.package_identification:_identify(src/robot) by extensions ['colcon_pkg']
[7.444s] Level 1:colcon.colcon_core.package_identification:_identify(src/robot) by extension 'colcon_pkg'
[7.444s] Level 1:colcon.colcon_core.package_identification:_identify(src/robot) by extensions ['colcon_meta']
[7.445s] Level 1:colcon.colcon_core.package_identification:_identify(src/robot) by extension 'colcon_meta'
[7.446s] Level 1:colcon.colcon_core.package_identification:_identify(src/robot) by extensions ['ros']
[7.446s] Level 1:colcon.colcon_core.package_identification:_identify(src/robot) by extension 'ros'
[7.463s] DEBUG:colcon.colcon_core.package_identification:Package 'src/robot' with type 'ros.ament_python' and name 'robot'
[7.465s] Level 1:colcon.colcon_core.package_identification:_identify(src/robot_interfaces) by extensions ['ignore', 'ignore_ament_install']
[7.467s] Level 1:colcon.colcon_core.package_identification:_identify(src/robot_interfaces) by extension 'ignore'
[7.468s] Level 1:colcon.colcon_core.package_identification:_identify(src/robot_interfaces) by extension 'ignore_ament_install'
[7.469s] Level 1:colcon.colcon_core.package_identification:_identify(src/robot_interfaces) by extensions ['colcon_pkg']
[7.469s] Level 1:colcon.colcon_core.package_identification:_identify(src/robot_interfaces) by extension 'colcon_pkg'
[7.469s] Level 1:colcon.colcon_core.package_identification:_identify(src/robot_interfaces) by extensions ['colcon_meta']
[7.470s] Level 1:colcon.colcon_core.package_identification:_identify(src/robot_interfaces) by extension 'colcon_meta'
[7.470s] Level 1:colcon.colcon_core.package_identification:_identify(src/robot_interfaces) by extensions ['ros']
[7.470s] Level 1:colcon.colcon_core.package_identification:_identify(src/robot_interfaces) by extension 'ros'
[7.473s] DEBUG:colcon.colcon_core.package_identification:Package 'src/robot_interfaces' with type 'ros.ament_cmake' and name 'robot_interfaces'
[7.473s] Level 1:colcon.colcon_core.package_discovery:discover_packages(recursive) using defaults
[7.474s] Level 1:colcon.colcon_core.package_discovery:discover_packages(ignore) discover
[7.474s] Level 1:colcon.colcon_core.package_discovery:discover_packages(ignore) using defaults
[7.474s] Level 1:colcon.colcon_core.package_discovery:discover_packages(path) discover
[7.475s] Level 1:colcon.colcon_core.package_discovery:discover_packages(path) using defaults
[7.936s] INFO:colcon.colcon_core.package_selection:Skipping not selected package 'robot_interfaces' in 'src/robot_interfaces'
[8.115s] Level 1:colcon.colcon_core.package_discovery:discover_packages(prefix_path) check parameters
[8.115s] Level 1:colcon.colcon_core.package_discovery:discover_packages(prefix_path) discover
[8.337s] DEBUG:colcon.colcon_installed_package_information.package_discovery:Found 2 installed packages in /home/scott/alpha_ws/install
[8.457s] DEBUG:colcon.colcon_installed_package_information.package_discovery:Found 271 installed packages in /opt/ros/humble
[8.465s] Level 1:colcon.colcon_core.package_discovery:discover_packages(prefix_path) using defaults
[9.088s] Level 5:colcon.colcon_core.verb:set package 'robot' build argument 'cmake_args' from command line to 'None'
[9.088s] Level 5:colcon.colcon_core.verb:set package 'robot' build argument 'cmake_target' from command line to 'None'
[9.088s] Level 5:colcon.colcon_core.verb:set package 'robot' build argument 'cmake_target_skip_unavailable' from command line to 'False'
[9.088s] Level 5:colcon.colcon_core.verb:set package 'robot' build argument 'cmake_clean_cache' from command line to 'False'
[9.089s] Level 5:colcon.colcon_core.verb:set package 'robot' build argument 'cmake_clean_first' from command line to 'False'
[9.089s] Level 5:colcon.colcon_core.verb:set package 'robot' build argument 'cmake_force_configure' from command line to 'False'
[9.089s] Level 5:colcon.colcon_core.verb:set package 'robot' build argument 'ament_cmake_args' from command line to 'None'
[9.089s] Level 5:colcon.colcon_core.verb:set package 'robot' build argument 'catkin_cmake_args' from command line to 'None'
[9.089s] Level 5:colcon.colcon_core.verb:set package 'robot' build argument 'catkin_skip_building_tests' from command line to 'False'
[9.089s] DEBUG:colcon.colcon_core.verb:Building package 'robot' with the following arguments: {'ament_cmake_args': None, 'build_base': '/home/scott/alpha_ws/build/robot', 'catkin_cmake_args': None, 'catkin_skip_building_tests': False, 'cmake_args': None, 'cmake_clean_cache': False, 'cmake_clean_first': False, 'cmake_force_configure': False, 'cmake_target': None, 'cmake_target_skip_unavailable': False, 'install_base': '/home/scott/alpha_ws/install/robot', 'merge_install': False, 'path': '/home/scott/alpha_ws/src/robot', 'symlink_install': False, 'test_result_base': None}
[9.168s] INFO:colcon.colcon_core.executor:Executing jobs using 'parallel' executor
[9.249s] DEBUG:colcon.colcon_parallel_executor.executor.parallel:run_until_complete
[9.250s] INFO:colcon.colcon_ros.task.ament_python.build:Building ROS package in '/home/scott/alpha_ws/src/robot' with build type 'ament_python'
[9.251s] Level 1:colcon.colcon_core.shell:create_environment_hook('robot', 'ament_prefix_path')
[9.381s] INFO:colcon.colcon_core.plugin_system:Skipping extension 'colcon_core.shell.bat': Not used on non-Windows systems
[9.382s] INFO:colcon.colcon_core.shell:Creating environment hook '/home/scott/alpha_ws/install/robot/share/robot/hook/ament_prefix_path.ps1'
[9.387s] INFO:colcon.colcon_core.shell:Creating environment descriptor '/home/scott/alpha_ws/install/robot/share/robot/hook/ament_prefix_path.dsv'
[9.390s] INFO:colcon.colcon_core.shell:Creating environment hook '/home/scott/alpha_ws/install/robot/share/robot/hook/ament_prefix_path.sh'
[9.506s] INFO:colcon.colcon_core.shell:Skip shell extension 'powershell' for command environment: Not usable outside of PowerShell
[9.507s] DEBUG:colcon.colcon_core.shell:Skip shell extension 'dsv' for command environment
[11.658s] INFO:colcon.colcon_core.task.python.build:Building Python package in '/home/scott/alpha_ws/src/robot'
[11.763s] INFO:colcon.colcon_core.shell:Skip shell extension 'powershell' for command environment: Not usable outside of PowerShell
[11.764s] DEBUG:colcon.colcon_core.shell:Skip shell extension 'dsv' for command environment
[14.410s] DEBUG:colcon.colcon_core.event_handler.log_command:Invoking command in '/home/scott/alpha_ws/src/robot': PYTHONPATH=/home/scott/alpha_ws/build/robot/prefix_override:/home/scott/alpha_ws/install/robot/lib/python3.10/site-packages:${PYTHONPATH} /usr/bin/python3 setup.py egg_info --egg-base ../../build/robot build --build-base /home/scott/alpha_ws/build/robot/build install --record /home/scott/alpha_ws/build/robot/install.log --single-version-externally-managed
[16.577s] DEBUG:colcon.colcon_core.event_handler.log_command:Invoked command in '/home/scott/alpha_ws/src/robot' returned '0': PYTHONPATH=/home/scott/alpha_ws/build/robot/prefix_override:/home/scott/alpha_ws/install/robot/lib/python3.10/site-packages:${PYTHONPATH} /usr/bin/python3 setup.py egg_info --egg-base ../../build/robot build --build-base /home/scott/alpha_ws/build/robot/build install --record /home/scott/alpha_ws/build/robot/install.log --single-version-externally-managed
[16.694s] Level 1:colcon.colcon_core.environment:checking '/home/scott/alpha_ws/install/robot' for CMake module files
[16.697s] Level 1:colcon.colcon_core.environment:checking '/home/scott/alpha_ws/install/robot' for CMake config files
[16.702s] Level 1:colcon.colcon_core.environment:checking '/home/scott/alpha_ws/install/robot/lib'
[16.703s] Level 1:colcon.colcon_core.environment:checking '/home/scott/alpha_ws/install/robot/bin'
[16.704s] Level 1:colcon.colcon_core.environment:checking '/home/scott/alpha_ws/install/robot/lib/pkgconfig/robot.pc'
[16.705s] Level 1:colcon.colcon_core.environment:checking '/home/scott/alpha_ws/install/robot/lib/python3.10/site-packages'
[16.706s] Level 1:colcon.colcon_core.shell:create_environment_hook('robot', 'pythonpath')
[16.809s] INFO:colcon.colcon_core.shell:Creating environment hook '/home/scott/alpha_ws/install/robot/share/robot/hook/pythonpath.ps1'
[16.812s] INFO:colcon.colcon_core.shell:Creating environment descriptor '/home/scott/alpha_ws/install/robot/share/robot/hook/pythonpath.dsv'
[16.813s] INFO:colcon.colcon_core.shell:Creating environment hook '/home/scott/alpha_ws/install/robot/share/robot/hook/pythonpath.sh'
[16.818s] Level 1:colcon.colcon_core.environment:checking '/home/scott/alpha_ws/install/robot/bin'
[16.819s] Level 1:colcon.colcon_core.environment:create_environment_scripts_only(robot)
[16.981s] INFO:colcon.colcon_core.shell:Creating package script '/home/scott/alpha_ws/install/robot/share/robot/package.ps1'
[16.986s] INFO:colcon.colcon_core.shell:Creating package descriptor '/home/scott/alpha_ws/install/robot/share/robot/package.dsv'
[16.989s] INFO:colcon.colcon_core.shell:Creating package script '/home/scott/alpha_ws/install/robot/share/robot/package.sh'
[16.993s] INFO:colcon.colcon_core.shell:Creating package script '/home/scott/alpha_ws/install/robot/share/robot/package.bash'
[16.997s] INFO:colcon.colcon_core.shell:Creating package script '/home/scott/alpha_ws/install/robot/share/robot/package.zsh'
[17.001s] Level 1:colcon.colcon_core.environment:create_file_with_runtime_dependencies(/home/scott/alpha_ws/install/robot/share/colcon-core/packages/robot)
[17.003s] DEBUG:colcon.colcon_parallel_executor.executor.parallel:closing loop
[17.006s] DEBUG:colcon.colcon_parallel_executor.executor.parallel:loop closed
[17.006s] DEBUG:colcon.colcon_parallel_executor.executor.parallel:run_until_complete finished with '0'
[17.007s] DEBUG:colcon.colcon_core.event_reactor:joining thread
[17.132s] INFO:colcon.colcon_core.plugin_system:Skipping extension 'colcon_notification.desktop_notification.terminal_notifier': Not used on non-Darwin systems
[17.133s] INFO:colcon.colcon_core.plugin_system:Skipping extension 'colcon_notification.desktop_notification.win32': Not used on non-Windows systems
[17.133s] INFO:colcon.colcon_notification.desktop_notification:Sending desktop notification using 'notify2'
[17.142s] DEBUG:colcon.colcon_notification.desktop_notification.notify2:Failed to initialize notify2: org.freedesktop.DBus.Error.ServiceUnknown: The name org.freedesktop.Notifications was not provided by any .service files
[17.143s] DEBUG:colcon.colcon_core.event_reactor:joined thread
[17.254s] INFO:colcon.colcon_core.shell:Creating prefix script '/home/scott/alpha_ws/install/local_setup.ps1'
[17.259s] INFO:colcon.colcon_core.shell:Creating prefix util module '/home/scott/alpha_ws/install/_local_setup_util_ps1.py'
[17.266s] INFO:colcon.colcon_core.shell:Creating prefix chain script '/home/scott/alpha_ws/install/setup.ps1'
[17.378s] INFO:colcon.colcon_core.shell:Creating prefix script '/home/scott/alpha_ws/install/local_setup.sh'
[17.381s] INFO:colcon.colcon_core.shell:Creating prefix util module '/home/scott/alpha_ws/install/_local_setup_util_sh.py'
[17.385s] INFO:colcon.colcon_core.shell:Creating prefix chain script '/home/scott/alpha_ws/install/setup.sh'
[17.503s] INFO:colcon.colcon_core.shell:Creating prefix script '/home/scott/alpha_ws/install/local_setup.bash'
[17.507s] INFO:colcon.colcon_core.shell:Creating prefix chain script '/home/scott/alpha_ws/install/setup.bash'
[17.622s] INFO:colcon.colcon_core.shell:Creating prefix script '/home/scott/alpha_ws/install/local_setup.zsh'
[17.625s] INFO:colcon.colcon_core.shell:Creating prefix chain script '/home/scott/alpha_ws/install/setup.zsh'
