[2.328s] Invoking command in '/home/jetson/ros2_ws/src/robot': PYTHONPATH=/home/jetson/ros2_ws/build/robot/prefix_override:/home/jetson/ros2_ws/install/robot/lib/python3.8/site-packages:${PYTHONPATH} /usr/bin/python3 setup.py egg_info --egg-base ../../build/robot build --build-base /home/jetson/ros2_ws/build/robot/build install --record /home/jetson/ros2_ws/build/robot/install.log --install-scripts $base/lib/robot --single-version-externally-managed
[3.113s] running egg_info
[3.115s] writing ../../build/robot/robot.egg-info/PKG-INFO
[3.118s] writing dependency_links to ../../build/robot/robot.egg-info/dependency_links.txt
[3.119s] writing entry points to ../../build/robot/robot.egg-info/entry_points.txt
[3.119s] writing requirements to ../../build/robot/robot.egg-info/requires.txt
[3.119s] writing top-level names to ../../build/robot/robot.egg-info/top_level.txt
[3.250s] reading manifest file '../../build/robot/robot.egg-info/SOURCES.txt'
[3.253s] writing manifest file '../../build/robot/robot.egg-info/SOURCES.txt'
[3.253s] running build
[3.254s] running build_py
[3.255s] copying robot/pid_controller.py -> /home/jetson/ros2_ws/build/robot/build/lib/robot
[3.256s] running install
[3.259s] running install_lib
[3.263s] copying /home/jetson/ros2_ws/build/robot/build/lib/robot/pid_controller.py -> /home/jetson/ros2_ws/install/robot/lib/python3.8/site-packages/robot
[3.266s] byte-compiling /home/jetson/ros2_ws/install/robot/lib/python3.8/site-packages/robot/pid_controller.py to pid_controller.cpython-38.pyc
[3.271s] running install_data
[3.273s] running install_egg_info
[3.278s] removing '/home/jetson/ros2_ws/install/robot/lib/python3.8/site-packages/robot-0.0.0-py3.8.egg-info' (and everything under it)
[3.279s] Copying ../../build/robot/robot.egg-info to /home/jetson/ros2_ws/install/robot/lib/python3.8/site-packages/robot-0.0.0-py3.8.egg-info
[3.282s] running install_scripts
[3.340s] Installing encoder_publisher script to /home/jetson/ros2_ws/install/robot/lib/robot
[3.340s] Installing encoder_publisher_left script to /home/jetson/ros2_ws/install/robot/lib/robot
[3.341s] Installing encoder_publisher_right script to /home/jetson/ros2_ws/install/robot/lib/robot
[3.341s] Installing imu_controller script to /home/jetson/ros2_ws/install/robot/lib/robot
[3.341s] Installing motor_controller script to /home/jetson/ros2_ws/install/robot/lib/robot
[3.342s] Installing motor_driver script to /home/jetson/ros2_ws/install/robot/lib/robot
[3.342s] Installing odom_publisher script to /home/jetson/ros2_ws/install/robot/lib/robot
[3.342s] Installing pid_controller script to /home/jetson/ros2_ws/install/robot/lib/robot
[3.343s] Installing velocity_publisher script to /home/jetson/ros2_ws/install/robot/lib/robot
[3.343s] writing list of installed files to '/home/jetson/ros2_ws/build/robot/install.log'
[3.436s] Invoked command in '/home/jetson/ros2_ws/src/robot' returned '0': PYTHONPATH=/home/jetson/ros2_ws/build/robot/prefix_override:/home/jetson/ros2_ws/install/robot/lib/python3.8/site-packages:${PYTHONPATH} /usr/bin/python3 setup.py egg_info --egg-base ../../build/robot build --build-base /home/jetson/ros2_ws/build/robot/build install --record /home/jetson/ros2_ws/build/robot/install.log --install-scripts $base/lib/robot --single-version-externally-managed
