[5.269s] DEBUG:colcon:Command line arguments: ['/usr/bin/colcon', 'build', '--packages-select', 'robot_bringup']
[5.270s] DEBUG:colcon:Parsed command line arguments: Namespace(log_base=None, log_level=None, verb_name='build', build_base='build', install_base='install', merge_install=False, symlink_install=False, test_result_base=None, continue_on_error=False, executor='parallel', parallel_workers=4, event_handlers=None, ignore_user_meta=False, metas=['./colcon.meta'], base_paths=['.'], packages_ignore=None, packages_ignore_regex=None, paths=None, packages_up_to=None, packages_up_to_regex=None, packages_above=None, packages_above_and_dependencies=None, packages_above_depth=None, packages_select_by_dep=None, packages_skip_by_dep=None, packages_skip_up_to=None, packages_select_build_failed=False, packages_skip_build_finished=False, packages_select_test_failures=False, packages_skip_test_passed=False, packages_select=['robot_bringup'], packages_skip=None, packages_select_regex=None, packages_skip_regex=None, packages_start=None, packages_end=None, allow_overriding=[], cmake_args=None, cmake_target=None, cmake_target_skip_unavailable=False, cmake_clean_cache=False, cmake_clean_first=False, cmake_force_configure=False, ament_cmake_args=None, catkin_cmake_args=None, catkin_skip_building_tests=False, verb_parser=<colcon_defaults.argument_parser.defaults.DefaultArgumentsDecorator object at 0xffff89306fb0>, verb_extension=<colcon_core.verb.build.BuildVerb object at 0xffff895a2830>, main=<bound method BuildVerb.main of <colcon_core.verb.build.BuildVerb object at 0xffff895a2830>>)
[5.503s] Level 1:colcon.colcon_core.package_discovery:discover_packages(colcon_meta) check parameters
[5.503s] Level 1:colcon.colcon_core.package_discovery:discover_packages(recursive) check parameters
[5.504s] Level 1:colcon.colcon_core.package_discovery:discover_packages(ignore) check parameters
[5.504s] Level 1:colcon.colcon_core.package_discovery:discover_packages(path) check parameters
[5.504s] Level 1:colcon.colcon_core.package_discovery:discover_packages(colcon_meta) discover
[5.504s] Level 1:colcon.colcon_core.package_discovery:discover_packages(recursive) discover
[5.504s] INFO:colcon.colcon_core.package_discovery:Crawling recursively for packages in '/home/scott/alpha_ws'
[5.505s] Level 1:colcon.colcon_core.package_identification:_identify(.) by extensions ['ignore', 'ignore_ament_install']
[5.505s] Level 1:colcon.colcon_core.package_identification:_identify(.) by extension 'ignore'
[5.506s] Level 1:colcon.colcon_core.package_identification:_identify(.) by extension 'ignore_ament_install'
[5.506s] Level 1:colcon.colcon_core.package_identification:_identify(.) by extensions ['colcon_pkg']
[5.506s] Level 1:colcon.colcon_core.package_identification:_identify(.) by extension 'colcon_pkg'
[5.506s] Level 1:colcon.colcon_core.package_identification:_identify(.) by extensions ['colcon_meta']
[5.506s] Level 1:colcon.colcon_core.package_identification:_identify(.) by extension 'colcon_meta'
[5.507s] Level 1:colcon.colcon_core.package_identification:_identify(.) by extensions ['ros']
[5.507s] Level 1:colcon.colcon_core.package_identification:_identify(.) by extension 'ros'
[5.560s] Level 1:colcon.colcon_core.package_identification:_identify(.) by extensions ['cmake', 'python']
[5.560s] Level 1:colcon.colcon_core.package_identification:_identify(.) by extension 'cmake'
[5.561s] Level 1:colcon.colcon_core.package_identification:_identify(.) by extension 'python'
[5.561s] Level 1:colcon.colcon_core.package_identification:_identify(.) by extensions ['python_setup_py']
[5.561s] Level 1:colcon.colcon_core.package_identification:_identify(.) by extension 'python_setup_py'
[5.562s] Level 1:colcon.colcon_core.package_identification:_identify(build) by extensions ['ignore', 'ignore_ament_install']
[5.562s] Level 1:colcon.colcon_core.package_identification:_identify(build) by extension 'ignore'
[5.563s] Level 1:colcon.colcon_core.package_identification:_identify(build) ignored
[5.563s] Level 1:colcon.colcon_core.package_identification:_identify(install) by extensions ['ignore', 'ignore_ament_install']
[5.564s] Level 1:colcon.colcon_core.package_identification:_identify(install) by extension 'ignore'
[5.564s] Level 1:colcon.colcon_core.package_identification:_identify(install) ignored
[5.568s] Level 1:colcon.colcon_core.package_identification:_identify(log) by extensions ['ignore', 'ignore_ament_install']
[5.568s] Level 1:colcon.colcon_core.package_identification:_identify(log) by extension 'ignore'
[5.569s] Level 1:colcon.colcon_core.package_identification:_identify(log) ignored
[5.569s] Level 1:colcon.colcon_core.package_identification:_identify(src) by extensions ['ignore', 'ignore_ament_install']
[5.570s] Level 1:colcon.colcon_core.package_identification:_identify(src) by extension 'ignore'
[5.570s] Level 1:colcon.colcon_core.package_identification:_identify(src) by extension 'ignore_ament_install'
[5.570s] Level 1:colcon.colcon_core.package_identification:_identify(src) by extensions ['colcon_pkg']
[5.570s] Level 1:colcon.colcon_core.package_identification:_identify(src) by extension 'colcon_pkg'
[5.570s] Level 1:colcon.colcon_core.package_identification:_identify(src) by extensions ['colcon_meta']
[5.571s] Level 1:colcon.colcon_core.package_identification:_identify(src) by extension 'colcon_meta'
[5.571s] Level 1:colcon.colcon_core.package_identification:_identify(src) by extensions ['ros']
[5.571s] Level 1:colcon.colcon_core.package_identification:_identify(src) by extension 'ros'
[5.571s] Level 1:colcon.colcon_core.package_identification:_identify(src) by extensions ['cmake', 'python']
[5.571s] Level 1:colcon.colcon_core.package_identification:_identify(src) by extension 'cmake'
[5.572s] Level 1:colcon.colcon_core.package_identification:_identify(src) by extension 'python'
[5.572s] Level 1:colcon.colcon_core.package_identification:_identify(src) by extensions ['python_setup_py']
[5.572s] Level 1:colcon.colcon_core.package_identification:_identify(src) by extension 'python_setup_py'
[5.573s] Level 1:colcon.colcon_core.package_identification:_identify(src/robot) by extensions ['ignore', 'ignore_ament_install']
[5.573s] Level 1:colcon.colcon_core.package_identification:_identify(src/robot) by extension 'ignore'
[5.573s] Level 1:colcon.colcon_core.package_identification:_identify(src/robot) by extension 'ignore_ament_install'
[5.574s] Level 1:colcon.colcon_core.package_identification:_identify(src/robot) by extensions ['colcon_pkg']
[5.574s] Level 1:colcon.colcon_core.package_identification:_identify(src/robot) by extension 'colcon_pkg'
[5.574s] Level 1:colcon.colcon_core.package_identification:_identify(src/robot) by extensions ['colcon_meta']
[5.574s] Level 1:colcon.colcon_core.package_identification:_identify(src/robot) by extension 'colcon_meta'
[5.574s] Level 1:colcon.colcon_core.package_identification:_identify(src/robot) by extensions ['ros']
[5.575s] Level 1:colcon.colcon_core.package_identification:_identify(src/robot) by extension 'ros'
[5.584s] DEBUG:colcon.colcon_core.package_identification:Package 'src/robot' with type 'ros.ament_python' and name 'robot'
[5.585s] Level 1:colcon.colcon_core.package_identification:_identify(src/robot_bringup) by extensions ['ignore', 'ignore_ament_install']
[5.586s] Level 1:colcon.colcon_core.package_identification:_identify(src/robot_bringup) by extension 'ignore'
[5.586s] Level 1:colcon.colcon_core.package_identification:_identify(src/robot_bringup) by extension 'ignore_ament_install'
[5.586s] Level 1:colcon.colcon_core.package_identification:_identify(src/robot_bringup) by extensions ['colcon_pkg']
[5.586s] Level 1:colcon.colcon_core.package_identification:_identify(src/robot_bringup) by extension 'colcon_pkg'
[5.587s] Level 1:colcon.colcon_core.package_identification:_identify(src/robot_bringup) by extensions ['colcon_meta']
[5.587s] Level 1:colcon.colcon_core.package_identification:_identify(src/robot_bringup) by extension 'colcon_meta'
[5.587s] Level 1:colcon.colcon_core.package_identification:_identify(src/robot_bringup) by extensions ['ros']
[5.587s] Level 1:colcon.colcon_core.package_identification:_identify(src/robot_bringup) by extension 'ros'
[5.589s] DEBUG:colcon.colcon_core.package_identification:Package 'src/robot_bringup' with type 'ros.ament_python' and name 'robot_bringup'
[5.590s] Level 1:colcon.colcon_core.package_identification:_identify(src/robot_description) by extensions ['ignore', 'ignore_ament_install']
[5.590s] Level 1:colcon.colcon_core.package_identification:_identify(src/robot_description) by extension 'ignore'
[5.591s] Level 1:colcon.colcon_core.package_identification:_identify(src/robot_description) by extension 'ignore_ament_install'
[5.591s] Level 1:colcon.colcon_core.package_identification:_identify(src/robot_description) by extensions ['colcon_pkg']
[5.591s] Level 1:colcon.colcon_core.package_identification:_identify(src/robot_description) by extension 'colcon_pkg'
[5.591s] Level 1:colcon.colcon_core.package_identification:_identify(src/robot_description) by extensions ['colcon_meta']
[5.592s] Level 1:colcon.colcon_core.package_identification:_identify(src/robot_description) by extension 'colcon_meta'
[5.592s] Level 1:colcon.colcon_core.package_identification:_identify(src/robot_description) by extensions ['ros']
[5.592s] Level 1:colcon.colcon_core.package_identification:_identify(src/robot_description) by extension 'ros'
[5.594s] DEBUG:colcon.colcon_core.package_identification:Package 'src/robot_description' with type 'ros.ament_python' and name 'robot_description'
[5.595s] Level 1:colcon.colcon_core.package_identification:_identify(src/robot_interfaces) by extensions ['ignore', 'ignore_ament_install']
[5.595s] Level 1:colcon.colcon_core.package_identification:_identify(src/robot_interfaces) by extension 'ignore'
[5.596s] Level 1:colcon.colcon_core.package_identification:_identify(src/robot_interfaces) by extension 'ignore_ament_install'
[5.596s] Level 1:colcon.colcon_core.package_identification:_identify(src/robot_interfaces) by extensions ['colcon_pkg']
[5.596s] Level 1:colcon.colcon_core.package_identification:_identify(src/robot_interfaces) by extension 'colcon_pkg'
[5.596s] Level 1:colcon.colcon_core.package_identification:_identify(src/robot_interfaces) by extensions ['colcon_meta']
[5.597s] Level 1:colcon.colcon_core.package_identification:_identify(src/robot_interfaces) by extension 'colcon_meta'
[5.597s] Level 1:colcon.colcon_core.package_identification:_identify(src/robot_interfaces) by extensions ['ros']
[5.597s] Level 1:colcon.colcon_core.package_identification:_identify(src/robot_interfaces) by extension 'ros'
[5.599s] DEBUG:colcon.colcon_core.package_identification:Package 'src/robot_interfaces' with type 'ros.ament_cmake' and name 'robot_interfaces'
[5.600s] Level 1:colcon.colcon_core.package_identification:_identify(src/rplidar_ros) by extensions ['ignore', 'ignore_ament_install']
[5.600s] Level 1:colcon.colcon_core.package_identification:_identify(src/rplidar_ros) by extension 'ignore'
[5.601s] Level 1:colcon.colcon_core.package_identification:_identify(src/rplidar_ros) by extension 'ignore_ament_install'
[5.601s] Level 1:colcon.colcon_core.package_identification:_identify(src/rplidar_ros) by extensions ['colcon_pkg']
[5.601s] Level 1:colcon.colcon_core.package_identification:_identify(src/rplidar_ros) by extension 'colcon_pkg'
[5.601s] Level 1:colcon.colcon_core.package_identification:_identify(src/rplidar_ros) by extensions ['colcon_meta']
[5.602s] Level 1:colcon.colcon_core.package_identification:_identify(src/rplidar_ros) by extension 'colcon_meta'
[5.602s] Level 1:colcon.colcon_core.package_identification:_identify(src/rplidar_ros) by extensions ['ros']
[5.602s] Level 1:colcon.colcon_core.package_identification:_identify(src/rplidar_ros) by extension 'ros'
[5.604s] DEBUG:colcon.colcon_core.package_identification:Package 'src/rplidar_ros' with type 'ros.ament_cmake' and name 'rplidar_ros'
[5.605s] Level 1:colcon.colcon_core.package_discovery:discover_packages(recursive) using defaults
[5.605s] Level 1:colcon.colcon_core.package_discovery:discover_packages(ignore) discover
[5.605s] Level 1:colcon.colcon_core.package_discovery:discover_packages(ignore) using defaults
[5.605s] Level 1:colcon.colcon_core.package_discovery:discover_packages(path) discover
[5.606s] Level 1:colcon.colcon_core.package_discovery:discover_packages(path) using defaults
[5.921s] INFO:colcon.colcon_core.package_selection:Skipping not selected package 'robot' in 'src/robot'
[5.921s] INFO:colcon.colcon_core.package_selection:Skipping not selected package 'robot_description' in 'src/robot_description'
[5.921s] INFO:colcon.colcon_core.package_selection:Skipping not selected package 'robot_interfaces' in 'src/robot_interfaces'
[5.921s] INFO:colcon.colcon_core.package_selection:Skipping not selected package 'rplidar_ros' in 'src/rplidar_ros'
[6.071s] Level 1:colcon.colcon_core.package_discovery:discover_packages(prefix_path) check parameters
[6.071s] Level 1:colcon.colcon_core.package_discovery:discover_packages(prefix_path) discover
[6.240s] DEBUG:colcon.colcon_installed_package_information.package_discovery:Found 5 installed packages in /home/scott/alpha_ws/install
[6.326s] DEBUG:colcon.colcon_installed_package_information.package_discovery:Found 320 installed packages in /opt/ros/humble
[6.335s] Level 1:colcon.colcon_core.package_discovery:discover_packages(prefix_path) using defaults
[6.834s] Level 5:colcon.colcon_core.verb:set package 'robot_bringup' build argument 'cmake_args' from command line to 'None'
[6.834s] Level 5:colcon.colcon_core.verb:set package 'robot_bringup' build argument 'cmake_target' from command line to 'None'
[6.834s] Level 5:colcon.colcon_core.verb:set package 'robot_bringup' build argument 'cmake_target_skip_unavailable' from command line to 'False'
[6.834s] Level 5:colcon.colcon_core.verb:set package 'robot_bringup' build argument 'cmake_clean_cache' from command line to 'False'
[6.834s] Level 5:colcon.colcon_core.verb:set package 'robot_bringup' build argument 'cmake_clean_first' from command line to 'False'
[6.834s] Level 5:colcon.colcon_core.verb:set package 'robot_bringup' build argument 'cmake_force_configure' from command line to 'False'
[6.835s] Level 5:colcon.colcon_core.verb:set package 'robot_bringup' build argument 'ament_cmake_args' from command line to 'None'
[6.835s] Level 5:colcon.colcon_core.verb:set package 'robot_bringup' build argument 'catkin_cmake_args' from command line to 'None'
[6.835s] Level 5:colcon.colcon_core.verb:set package 'robot_bringup' build argument 'catkin_skip_building_tests' from command line to 'False'
[6.835s] DEBUG:colcon.colcon_core.verb:Building package 'robot_bringup' with the following arguments: {'ament_cmake_args': None, 'build_base': '/home/scott/alpha_ws/build/robot_bringup', 'catkin_cmake_args': None, 'catkin_skip_building_tests': False, 'cmake_args': None, 'cmake_clean_cache': False, 'cmake_clean_first': False, 'cmake_force_configure': False, 'cmake_target': None, 'cmake_target_skip_unavailable': False, 'install_base': '/home/scott/alpha_ws/install/robot_bringup', 'merge_install': False, 'path': '/home/scott/alpha_ws/src/robot_bringup', 'symlink_install': False, 'test_result_base': None}
[6.909s] INFO:colcon.colcon_core.executor:Executing jobs using 'parallel' executor
[6.988s] DEBUG:colcon.colcon_parallel_executor.executor.parallel:run_until_complete
[6.989s] INFO:colcon.colcon_ros.task.ament_python.build:Building ROS package in '/home/scott/alpha_ws/src/robot_bringup' with build type 'ament_python'
[6.989s] Level 1:colcon.colcon_core.shell:create_environment_hook('robot_bringup', 'ament_prefix_path')
[7.074s] INFO:colcon.colcon_core.plugin_system:Skipping extension 'colcon_core.shell.bat': Not used on non-Windows systems
[7.075s] INFO:colcon.colcon_core.shell:Creating environment hook '/home/scott/alpha_ws/install/robot_bringup/share/robot_bringup/hook/ament_prefix_path.ps1'
[7.078s] INFO:colcon.colcon_core.shell:Creating environment descriptor '/home/scott/alpha_ws/install/robot_bringup/share/robot_bringup/hook/ament_prefix_path.dsv'
[7.081s] INFO:colcon.colcon_core.shell:Creating environment hook '/home/scott/alpha_ws/install/robot_bringup/share/robot_bringup/hook/ament_prefix_path.sh'
[7.168s] INFO:colcon.colcon_core.shell:Skip shell extension 'powershell' for command environment: Not usable outside of PowerShell
[7.168s] DEBUG:colcon.colcon_core.shell:Skip shell extension 'dsv' for command environment
[8.874s] INFO:colcon.colcon_core.task.python.build:Building Python package in '/home/scott/alpha_ws/src/robot_bringup'
[8.957s] INFO:colcon.colcon_core.shell:Skip shell extension 'powershell' for command environment: Not usable outside of PowerShell
[8.957s] DEBUG:colcon.colcon_core.shell:Skip shell extension 'dsv' for command environment
[10.983s] DEBUG:colcon.colcon_core.event_handler.log_command:Invoking command in '/home/scott/alpha_ws/src/robot_bringup': PYTHONPATH=/home/scott/alpha_ws/build/robot_bringup/prefix_override:/home/scott/alpha_ws/install/robot_bringup/lib/python3.10/site-packages:${PYTHONPATH} /usr/bin/python3 setup.py egg_info --egg-base ../../build/robot_bringup build --build-base /home/scott/alpha_ws/build/robot_bringup/build install --record /home/scott/alpha_ws/build/robot_bringup/install.log --single-version-externally-managed
[12.606s] DEBUG:colcon.colcon_core.event_handler.log_command:Invoked command in '/home/scott/alpha_ws/src/robot_bringup' returned '0': PYTHONPATH=/home/scott/alpha_ws/build/robot_bringup/prefix_override:/home/scott/alpha_ws/install/robot_bringup/lib/python3.10/site-packages:${PYTHONPATH} /usr/bin/python3 setup.py egg_info --egg-base ../../build/robot_bringup build --build-base /home/scott/alpha_ws/build/robot_bringup/build install --record /home/scott/alpha_ws/build/robot_bringup/install.log --single-version-externally-managed
[12.696s] Level 1:colcon.colcon_core.environment:checking '/home/scott/alpha_ws/install/robot_bringup' for CMake module files
[12.698s] Level 1:colcon.colcon_core.environment:checking '/home/scott/alpha_ws/install/robot_bringup' for CMake config files
[12.703s] Level 1:colcon.colcon_core.environment:checking '/home/scott/alpha_ws/install/robot_bringup/lib'
[12.704s] Level 1:colcon.colcon_core.environment:checking '/home/scott/alpha_ws/install/robot_bringup/bin'
[12.704s] Level 1:colcon.colcon_core.environment:checking '/home/scott/alpha_ws/install/robot_bringup/lib/pkgconfig/robot_bringup.pc'
[12.705s] Level 1:colcon.colcon_core.environment:checking '/home/scott/alpha_ws/install/robot_bringup/lib/python3.10/site-packages'
[12.705s] Level 1:colcon.colcon_core.shell:create_environment_hook('robot_bringup', 'pythonpath')
[12.783s] INFO:colcon.colcon_core.shell:Creating environment hook '/home/scott/alpha_ws/install/robot_bringup/share/robot_bringup/hook/pythonpath.ps1'
[12.785s] INFO:colcon.colcon_core.shell:Creating environment descriptor '/home/scott/alpha_ws/install/robot_bringup/share/robot_bringup/hook/pythonpath.dsv'
[12.787s] INFO:colcon.colcon_core.shell:Creating environment hook '/home/scott/alpha_ws/install/robot_bringup/share/robot_bringup/hook/pythonpath.sh'
[12.791s] Level 1:colcon.colcon_core.environment:checking '/home/scott/alpha_ws/install/robot_bringup/bin'
[12.791s] Level 1:colcon.colcon_core.environment:create_environment_scripts_only(robot_bringup)
[12.868s] INFO:colcon.colcon_core.shell:Creating package script '/home/scott/alpha_ws/install/robot_bringup/share/robot_bringup/package.ps1'
[12.872s] INFO:colcon.colcon_core.shell:Creating package descriptor '/home/scott/alpha_ws/install/robot_bringup/share/robot_bringup/package.dsv'
[12.875s] INFO:colcon.colcon_core.shell:Creating package script '/home/scott/alpha_ws/install/robot_bringup/share/robot_bringup/package.sh'
[12.880s] INFO:colcon.colcon_core.shell:Creating package script '/home/scott/alpha_ws/install/robot_bringup/share/robot_bringup/package.bash'
[12.883s] INFO:colcon.colcon_core.shell:Creating package script '/home/scott/alpha_ws/install/robot_bringup/share/robot_bringup/package.zsh'
[12.887s] Level 1:colcon.colcon_core.environment:create_file_with_runtime_dependencies(/home/scott/alpha_ws/install/robot_bringup/share/colcon-core/packages/robot_bringup)
[12.888s] DEBUG:colcon.colcon_parallel_executor.executor.parallel:closing loop
[12.890s] DEBUG:colcon.colcon_parallel_executor.executor.parallel:loop closed
[12.890s] DEBUG:colcon.colcon_parallel_executor.executor.parallel:run_until_complete finished with '0'
[12.891s] DEBUG:colcon.colcon_core.event_reactor:joining thread
[13.030s] INFO:colcon.colcon_core.plugin_system:Skipping extension 'colcon_notification.desktop_notification.terminal_notifier': Not used on non-Darwin systems
[13.031s] INFO:colcon.colcon_core.plugin_system:Skipping extension 'colcon_notification.desktop_notification.win32': Not used on non-Windows systems
[13.031s] INFO:colcon.colcon_notification.desktop_notification:Sending desktop notification using 'notify2'
[13.037s] DEBUG:colcon.colcon_notification.desktop_notification.notify2:Failed to initialize notify2: org.freedesktop.DBus.Error.ServiceUnknown: The name org.freedesktop.Notifications was not provided by any .service files
[13.038s] DEBUG:colcon.colcon_core.event_reactor:joined thread
[13.116s] INFO:colcon.colcon_core.shell:Creating prefix script '/home/scott/alpha_ws/install/local_setup.ps1'
[13.120s] INFO:colcon.colcon_core.shell:Creating prefix util module '/home/scott/alpha_ws/install/_local_setup_util_ps1.py'
[13.127s] INFO:colcon.colcon_core.shell:Creating prefix chain script '/home/scott/alpha_ws/install/setup.ps1'
[13.211s] INFO:colcon.colcon_core.shell:Creating prefix script '/home/scott/alpha_ws/install/local_setup.sh'
[13.214s] INFO:colcon.colcon_core.shell:Creating prefix util module '/home/scott/alpha_ws/install/_local_setup_util_sh.py'
[13.217s] INFO:colcon.colcon_core.shell:Creating prefix chain script '/home/scott/alpha_ws/install/setup.sh'
[13.299s] INFO:colcon.colcon_core.shell:Creating prefix script '/home/scott/alpha_ws/install/local_setup.bash'
[13.302s] INFO:colcon.colcon_core.shell:Creating prefix chain script '/home/scott/alpha_ws/install/setup.bash'
[13.384s] INFO:colcon.colcon_core.shell:Creating prefix script '/home/scott/alpha_ws/install/local_setup.zsh'
[13.386s] INFO:colcon.colcon_core.shell:Creating prefix chain script '/home/scott/alpha_ws/install/setup.zsh'
