[3.292s] Invoking command in '/home/jetson/beta_ws/src/robot_bringup': PYTHONPATH=/home/jetson/beta_ws/build/robot_bringup/prefix_override:/home/jetson/beta_ws/install/robot_bringup/lib/python3.8/site-packages:${PYTHONPATH} /usr/bin/python3 setup.py egg_info --egg-base ../../build/robot_bringup build --build-base /home/jetson/beta_ws/build/robot_bringup/build install --record /home/jetson/beta_ws/build/robot_bringup/install.log --install-scripts $base/lib/robot_bringup --single-version-externally-managed
[4.501s] running egg_info
[4.504s] writing ../../build/robot_bringup/robot_bringup.egg-info/PKG-INFO
[4.507s] writing dependency_links to ../../build/robot_bringup/robot_bringup.egg-info/dependency_links.txt
[4.508s] writing entry points to ../../build/robot_bringup/robot_bringup.egg-info/entry_points.txt
[4.508s] writing requirements to ../../build/robot_bringup/robot_bringup.egg-info/requires.txt
[4.509s] writing top-level names to ../../build/robot_bringup/robot_bringup.egg-info/top_level.txt
[4.663s] reading manifest file '../../build/robot_bringup/robot_bringup.egg-info/SOURCES.txt'
[4.666s] writing manifest file '../../build/robot_bringup/robot_bringup.egg-info/SOURCES.txt'
[4.668s] running build
[4.668s] running build_py
[4.671s] running install
[4.675s] running install_lib
[4.680s] running install_data
[4.682s] copying config/nav2_params.yaml -> /home/jetson/beta_ws/install/robot_bringup/share/robot_bringup/config
[4.684s] running install_egg_info
[4.689s] removing '/home/jetson/beta_ws/install/robot_bringup/lib/python3.8/site-packages/robot_bringup-0.0.0-py3.8.egg-info' (and everything under it)
[4.691s] Copying ../../build/robot_bringup/robot_bringup.egg-info to /home/jetson/beta_ws/install/robot_bringup/lib/python3.8/site-packages/robot_bringup-0.0.0-py3.8.egg-info
[4.693s] running install_scripts
[4.764s] writing list of installed files to '/home/jetson/beta_ws/build/robot_bringup/install.log'
[4.873s] Invoked command in '/home/jetson/beta_ws/src/robot_bringup' returned '0': PYTHONPATH=/home/jetson/beta_ws/build/robot_bringup/prefix_override:/home/jetson/beta_ws/install/robot_bringup/lib/python3.8/site-packages:${PYTHONPATH} /usr/bin/python3 setup.py egg_info --egg-base ../../build/robot_bringup build --build-base /home/jetson/beta_ws/build/robot_bringup/build install --record /home/jetson/beta_ws/build/robot_bringup/install.log --install-scripts $base/lib/robot_bringup --single-version-externally-managed
