[5.639s] Invoking command in '/home/scott/alpha_ws/src/robot_bringup': PYTHONPATH=/home/scott/alpha_ws/build/robot_bringup/prefix_override:/home/scott/alpha_ws/install/robot_bringup/lib/python3.10/site-packages:${PYTHONPATH} /usr/bin/python3 setup.py egg_info --egg-base ../../build/robot_bringup build --build-base /home/scott/alpha_ws/build/robot_bringup/build install --record /home/scott/alpha_ws/build/robot_bringup/install.log --single-version-externally-managed
[7.480s] running egg_info
[7.483s] writing ../../build/robot_bringup/robot_bringup.egg-info/PKG-INFO
[7.486s] writing dependency_links to ../../build/robot_bringup/robot_bringup.egg-info/dependency_links.txt
[7.487s] writing entry points to ../../build/robot_bringup/robot_bringup.egg-info/entry_points.txt
[7.488s] writing requirements to ../../build/robot_bringup/robot_bringup.egg-info/requires.txt
[7.489s] writing top-level names to ../../build/robot_bringup/robot_bringup.egg-info/top_level.txt
[7.500s] reading manifest file '../../build/robot_bringup/robot_bringup.egg-info/SOURCES.txt'
[7.502s] adding license file 'LICENSE'
[7.506s] writing manifest file '../../build/robot_bringup/robot_bringup.egg-info/SOURCES.txt'
[7.515s] running build
[7.516s] running build_py
[7.519s] running install
[7.522s] running install_lib
[7.523s] running install_data
[7.527s] copying config/xbox_config.yaml -> /home/scott/alpha_ws/install/robot_bringup/share/robot_bringup/config
[7.533s] running install_egg_info
[7.541s] removing '/home/scott/alpha_ws/install/robot_bringup/lib/python3.10/site-packages/robot_bringup-0.0.0-py3.10.egg-info' (and everything under it)
[7.542s] Copying ../../build/robot_bringup/robot_bringup.egg-info to /home/scott/alpha_ws/install/robot_bringup/lib/python3.10/site-packages/robot_bringup-0.0.0-py3.10.egg-info
[7.552s] running install_scripts
[7.662s] writing list of installed files to '/home/scott/alpha_ws/build/robot_bringup/install.log'
[7.860s] Invoked command in '/home/scott/alpha_ws/src/robot_bringup' returned '0': PYTHONPATH=/home/scott/alpha_ws/build/robot_bringup/prefix_override:/home/scott/alpha_ws/install/robot_bringup/lib/python3.10/site-packages:${PYTHONPATH} /usr/bin/python3 setup.py egg_info --egg-base ../../build/robot_bringup build --build-base /home/scott/alpha_ws/build/robot_bringup/build install --record /home/scott/alpha_ws/build/robot_bringup/install.log --single-version-externally-managed
