[5.790s] Invoking command in '/home/jetson/ros2_ws/src/robot_description': PYTHONPATH=/home/jetson/ros2_ws/build/robot_description/prefix_override:/home/jetson/ros2_ws/install/robot_description/lib/python3.8/site-packages:${PYTHONPATH} /usr/bin/python3 setup.py egg_info --egg-base ../../build/robot_description build --build-base /home/jetson/ros2_ws/build/robot_description/build install --record /home/jetson/ros2_ws/build/robot_description/install.log --install-scripts $base/lib/robot_description --single-version-externally-managed
[7.096s] running egg_info
[7.099s] writing ../../build/robot_description/robot_description.egg-info/PKG-INFO
[7.102s] writing dependency_links to ../../build/robot_description/robot_description.egg-info/dependency_links.txt
[7.104s] writing entry points to ../../build/robot_description/robot_description.egg-info/entry_points.txt
[7.107s] writing requirements to ../../build/robot_description/robot_description.egg-info/requires.txt
[7.107s] writing top-level names to ../../build/robot_description/robot_description.egg-info/top_level.txt
[7.307s] reading manifest file '../../build/robot_description/robot_description.egg-info/SOURCES.txt'
[7.311s] writing manifest file '../../build/robot_description/robot_description.egg-info/SOURCES.txt'
[7.313s] running build
[7.314s] running build_py
[7.319s] running install
[7.324s] running install_lib
[7.333s] running install_data
[7.339s] running install_egg_info
[7.349s] removing '/home/jetson/ros2_ws/install/robot_description/lib/python3.8/site-packages/robot_description-0.0.0-py3.8.egg-info' (and everything under it)
[7.353s] Copying ../../build/robot_description/robot_description.egg-info to /home/jetson/ros2_ws/install/robot_description/lib/python3.8/site-packages/robot_description-0.0.0-py3.8.egg-info
[7.360s] running install_scripts
[7.506s] writing list of installed files to '/home/jetson/ros2_ws/build/robot_description/install.log'
[7.811s] Invoked command in '/home/jetson/ros2_ws/src/robot_description' returned '0': PYTHONPATH=/home/jetson/ros2_ws/build/robot_description/prefix_override:/home/jetson/ros2_ws/install/robot_description/lib/python3.8/site-packages:${PYTHONPATH} /usr/bin/python3 setup.py egg_info --egg-base ../../build/robot_description build --build-base /home/jetson/ros2_ws/build/robot_description/build install --record /home/jetson/ros2_ws/build/robot_description/install.log --install-scripts $base/lib/robot_description --single-version-externally-managed
