[3.782s] Invoking command in '/home/scott/alpha_ws/src/robot': PYTHONPATH=/home/scott/alpha_ws/build/robot/prefix_override:/home/scott/alpha_ws/install/robot/lib/python3.10/site-packages:${PYTHONPATH} /usr/bin/python3 setup.py egg_info --egg-base ../../build/robot build --build-base /home/scott/alpha_ws/build/robot/build install --record /home/scott/alpha_ws/build/robot/install.log --single-version-externally-managed
[5.050s] running egg_info
[5.052s] writing ../../build/robot/robot.egg-info/PKG-INFO
[5.053s] writing dependency_links to ../../build/robot/robot.egg-info/dependency_links.txt
[5.057s] writing entry points to ../../build/robot/robot.egg-info/entry_points.txt
[5.058s] writing requirements to ../../build/robot/robot.egg-info/requires.txt
[5.061s] writing top-level names to ../../build/robot/robot.egg-info/top_level.txt
[5.066s] reading manifest file '../../build/robot/robot.egg-info/SOURCES.txt'
[5.068s] adding license file 'LICENSE'
[5.071s] writing manifest file '../../build/robot/robot.egg-info/SOURCES.txt'
[5.072s] running build
[5.072s] running build_py
[5.074s] copying robot/motor_driver.py -> /home/scott/alpha_ws/build/robot/build/lib/robot
[5.077s] running install
[5.078s] running install_lib
[5.082s] copying /home/scott/alpha_ws/build/robot/build/lib/robot/motor_driver.py -> /home/scott/alpha_ws/install/robot/lib/python3.10/site-packages/robot
[5.086s] byte-compiling /home/scott/alpha_ws/install/robot/lib/python3.10/site-packages/robot/motor_driver.py to motor_driver.cpython-310.pyc
[5.090s] running install_data
[5.093s] running install_egg_info
[5.100s] removing '/home/scott/alpha_ws/install/robot/lib/python3.10/site-packages/robot-0.0.0-py3.10.egg-info' (and everything under it)
[5.102s] Copying ../../build/robot/robot.egg-info to /home/scott/alpha_ws/install/robot/lib/python3.10/site-packages/robot-0.0.0-py3.10.egg-info
[5.108s] running install_scripts
[5.193s] Installing encoder_publisher_right script to /home/scott/alpha_ws/install/robot/lib/robot
[5.194s] Installing motor_controller script to /home/scott/alpha_ws/install/robot/lib/robot
[5.195s] Installing motor_driver script to /home/scott/alpha_ws/install/robot/lib/robot
[5.196s] Installing pid_controller_right script to /home/scott/alpha_ws/install/robot/lib/robot
[5.197s] Installing rpm_publisher_right script to /home/scott/alpha_ws/install/robot/lib/robot
[5.199s] writing list of installed files to '/home/scott/alpha_ws/build/robot/install.log'
[5.330s] Invoked command in '/home/scott/alpha_ws/src/robot' returned '0': PYTHONPATH=/home/scott/alpha_ws/build/robot/prefix_override:/home/scott/alpha_ws/install/robot/lib/python3.10/site-packages:${PYTHONPATH} /usr/bin/python3 setup.py egg_info --egg-base ../../build/robot build --build-base /home/scott/alpha_ws/build/robot/build install --record /home/scott/alpha_ws/build/robot/install.log --single-version-externally-managed
