[5.851s] Invoking command in '/home/jetson/ros2_ws/src/robot_description': PYTHONPATH=/home/jetson/ros2_ws/build/robot_description/prefix_override:/home/jetson/ros2_ws/install/robot_description/lib/python3.8/site-packages:${PYTHONPATH} /usr/bin/python3 setup.py egg_info --egg-base ../../build/robot_description build --build-base /home/jetson/ros2_ws/build/robot_description/build install --record /home/jetson/ros2_ws/build/robot_description/install.log --install-scripts $base/lib/robot_description --single-version-externally-managed
[7.191s] running egg_info
[7.195s] writing ../../build/robot_description/robot_description.egg-info/PKG-INFO
[7.198s] writing dependency_links to ../../build/robot_description/robot_description.egg-info/dependency_links.txt
[7.199s] writing entry points to ../../build/robot_description/robot_description.egg-info/entry_points.txt
[7.200s] writing requirements to ../../build/robot_description/robot_description.egg-info/requires.txt
[7.200s] writing top-level names to ../../build/robot_description/robot_description.egg-info/top_level.txt
[7.356s] reading manifest file '../../build/robot_description/robot_description.egg-info/SOURCES.txt'
[7.362s] writing manifest file '../../build/robot_description/robot_description.egg-info/SOURCES.txt'
[7.364s] running build
[7.365s] running build_py
[7.367s] running install
[7.370s] running install_lib
[7.377s] running install_data
[7.381s] copying launch/display.launch.py -> /home/jetson/ros2_ws/install/robot_description/share/robot_description/launch
[7.381s] running install_egg_info
[7.387s] removing '/home/jetson/ros2_ws/install/robot_description/lib/python3.8/site-packages/robot_description-0.0.0-py3.8.egg-info' (and everything under it)
[7.388s] Copying ../../build/robot_description/robot_description.egg-info to /home/jetson/ros2_ws/install/robot_description/lib/python3.8/site-packages/robot_description-0.0.0-py3.8.egg-info
[7.393s] running install_scripts
[7.476s] writing list of installed files to '/home/jetson/ros2_ws/build/robot_description/install.log'
[7.621s] Invoked command in '/home/jetson/ros2_ws/src/robot_description' returned '0': PYTHONPATH=/home/jetson/ros2_ws/build/robot_description/prefix_override:/home/jetson/ros2_ws/install/robot_description/lib/python3.8/site-packages:${PYTHONPATH} /usr/bin/python3 setup.py egg_info --egg-base ../../build/robot_description build --build-base /home/jetson/ros2_ws/build/robot_description/build install --record /home/jetson/ros2_ws/build/robot_description/install.log --install-scripts $base/lib/robot_description --single-version-externally-managed
